[2024-07-25T00:12:48.745+0000] {taskinstance.py:1083} INFO - Dependencies all met for <TaskInstance: exemplo_run_dag_operator_2.tsk1 manual__2024-07-25T00:12:47.704474+00:00 [queued]>
[2024-07-25T00:12:48.752+0000] {taskinstance.py:1083} INFO - Dependencies all met for <TaskInstance: exemplo_run_dag_operator_2.tsk1 manual__2024-07-25T00:12:47.704474+00:00 [queued]>
[2024-07-25T00:12:48.753+0000] {taskinstance.py:1279} INFO - 
--------------------------------------------------------------------------------
[2024-07-25T00:12:48.753+0000] {taskinstance.py:1280} INFO - Starting attempt 1 of 1
[2024-07-25T00:12:48.753+0000] {taskinstance.py:1281} INFO - 
--------------------------------------------------------------------------------
[2024-07-25T00:12:48.761+0000] {taskinstance.py:1300} INFO - Executing <Task(BashOperator): tsk1> on 2024-07-25 00:12:47.704474+00:00
[2024-07-25T00:12:48.763+0000] {standard_task_runner.py:55} INFO - Started process 27453 to run task
[2024-07-25T00:12:48.766+0000] {standard_task_runner.py:82} INFO - Running: ['***', 'tasks', 'run', 'exemplo_run_dag_operator_2', 'tsk1', 'manual__2024-07-25T00:12:47.704474+00:00', '--job-id', '1336', '--raw', '--subdir', 'DAGS_FOLDER/exemplo_run_dag_operator_2.py', '--cfg-path', '/tmp/tmphuj4olxc']
[2024-07-25T00:12:48.766+0000] {standard_task_runner.py:83} INFO - Job 1336: Subtask tsk1
[2024-07-25T00:12:48.801+0000] {task_command.py:388} INFO - Running <TaskInstance: exemplo_run_dag_operator_2.tsk1 manual__2024-07-25T00:12:47.704474+00:00 [running]> on host 448a9c84d52e
[2024-07-25T00:12:48.836+0000] {taskinstance.py:1509} INFO - Exporting the following env vars:
AIRFLOW_CTX_DAG_OWNER=***
AIRFLOW_CTX_DAG_ID=exemplo_run_dag_operator_2
AIRFLOW_CTX_TASK_ID=tsk1
AIRFLOW_CTX_EXECUTION_DATE=2024-07-25T00:12:47.704474+00:00
AIRFLOW_CTX_TRY_NUMBER=1
AIRFLOW_CTX_DAG_RUN_ID=manual__2024-07-25T00:12:47.704474+00:00
[2024-07-25T00:12:48.836+0000] {subprocess.py:63} INFO - Tmp dir root location: 
 /tmp
[2024-07-25T00:12:48.837+0000] {subprocess.py:75} INFO - Running command: ['/bin/bash', '-c', 'sleep 5']
[2024-07-25T00:12:48.843+0000] {subprocess.py:86} INFO - Output:
[2024-07-25T00:12:53.849+0000] {subprocess.py:97} INFO - Command exited with return code 0
[2024-07-25T00:12:53.869+0000] {taskinstance.py:1323} INFO - Marking task as SUCCESS. dag_id=exemplo_run_dag_operator_2, task_id=tsk1, execution_date=20240725T001247, start_date=20240725T001248, end_date=20240725T001253
[2024-07-25T00:12:53.897+0000] {local_task_job.py:208} INFO - Task exited with return code 0
[2024-07-25T00:12:53.910+0000] {taskinstance.py:2578} INFO - 1 downstream tasks scheduled from follow-on schedule check
