[2024-07-26T10:00:05.145+0000] {taskinstance.py:1083} INFO - Dependencies all met for <TaskInstance: exemplo_email_operator.4-Bash scheduled__2024-07-26T09:00:00+00:00 [queued]>
[2024-07-26T10:00:05.151+0000] {taskinstance.py:1083} INFO - Dependencies all met for <TaskInstance: exemplo_email_operator.4-Bash scheduled__2024-07-26T09:00:00+00:00 [queued]>
[2024-07-26T10:00:05.151+0000] {taskinstance.py:1279} INFO - 
--------------------------------------------------------------------------------
[2024-07-26T10:00:05.151+0000] {taskinstance.py:1280} INFO - Starting attempt 1 of 2
[2024-07-26T10:00:05.151+0000] {taskinstance.py:1281} INFO - 
--------------------------------------------------------------------------------
[2024-07-26T10:00:05.158+0000] {taskinstance.py:1300} INFO - Executing <Task(BashOperator): 4-Bash> on 2024-07-26 09:00:00+00:00
[2024-07-26T10:00:05.161+0000] {standard_task_runner.py:55} INFO - Started process 10620 to run task
[2024-07-26T10:00:05.163+0000] {standard_task_runner.py:82} INFO - Running: ['***', 'tasks', 'run', 'exemplo_email_operator', '4-Bash', 'scheduled__2024-07-26T09:00:00+00:00', '--job-id', '1578', '--raw', '--subdir', 'DAGS_FOLDER/exemplo_email_operator.py', '--cfg-path', '/tmp/tmp784xg91x']
[2024-07-26T10:00:05.164+0000] {standard_task_runner.py:83} INFO - Job 1578: Subtask 4-Bash
[2024-07-26T10:00:05.202+0000] {task_command.py:388} INFO - Running <TaskInstance: exemplo_email_operator.4-Bash scheduled__2024-07-26T09:00:00+00:00 [running]> on host 029011c5aea1
[2024-07-26T10:00:05.242+0000] {taskinstance.py:1509} INFO - Exporting the following env vars:
AIRFLOW_CTX_DAG_EMAIL=caue.ausec@gmail.com
AIRFLOW_CTX_DAG_OWNER=***
AIRFLOW_CTX_DAG_ID=exemplo_email_operator
AIRFLOW_CTX_TASK_ID=4-Bash
AIRFLOW_CTX_EXECUTION_DATE=2024-07-26T09:00:00+00:00
AIRFLOW_CTX_TRY_NUMBER=1
AIRFLOW_CTX_DAG_RUN_ID=scheduled__2024-07-26T09:00:00+00:00
[2024-07-26T10:00:05.243+0000] {subprocess.py:63} INFO - Tmp dir root location: 
 /tmp
[2024-07-26T10:00:05.244+0000] {subprocess.py:75} INFO - Running command: ['/bin/bash', '-c', 'exit 1']
[2024-07-26T10:00:05.250+0000] {subprocess.py:86} INFO - Output:
[2024-07-26T10:00:05.251+0000] {subprocess.py:97} INFO - Command exited with return code 1
[2024-07-26T10:00:05.258+0000] {taskinstance.py:1768} ERROR - Task failed with exception
Traceback (most recent call last):
  File "/home/airflow/.local/lib/python3.7/site-packages/airflow/operators/bash.py", line 197, in execute
    f"Bash command failed. The command returned a non-zero exit code {result.exit_code}."
airflow.exceptions.AirflowException: Bash command failed. The command returned a non-zero exit code 1.
[2024-07-26T10:00:05.261+0000] {taskinstance.py:1323} INFO - Marking task as UP_FOR_RETRY. dag_id=exemplo_email_operator, task_id=4-Bash, execution_date=20240726T090000, start_date=20240726T100005, end_date=20240726T100005
[2024-07-26T10:00:05.267+0000] {standard_task_runner.py:105} ERROR - Failed to execute job 1578 for task 4-Bash (Bash command failed. The command returned a non-zero exit code 1.; 10620)
[2024-07-26T10:00:05.306+0000] {local_task_job.py:208} INFO - Task exited with return code 1
[2024-07-26T10:00:05.321+0000] {taskinstance.py:2578} INFO - 0 downstream tasks scheduled from follow-on schedule check
