[2024-07-23T00:41:35.341+0000] {taskinstance.py:1083} INFO - Dependencies all met for <TaskInstance: downstream_dag.tsk1 manual__2024-07-23T00:41:34.274907+00:00 [queued]>
[2024-07-23T00:41:35.347+0000] {taskinstance.py:1083} INFO - Dependencies all met for <TaskInstance: downstream_dag.tsk1 manual__2024-07-23T00:41:34.274907+00:00 [queued]>
[2024-07-23T00:41:35.347+0000] {taskinstance.py:1279} INFO - 
--------------------------------------------------------------------------------
[2024-07-23T00:41:35.347+0000] {taskinstance.py:1280} INFO - Starting attempt 1 of 1
[2024-07-23T00:41:35.357+0000] {taskinstance.py:1281} INFO - 
--------------------------------------------------------------------------------
[2024-07-23T00:41:35.423+0000] {taskinstance.py:1300} INFO - Executing <Task(BashOperator): tsk1> on 2024-07-23 00:41:34.274907+00:00
[2024-07-23T00:41:35.426+0000] {standard_task_runner.py:55} INFO - Started process 2566 to run task
[2024-07-23T00:41:35.430+0000] {standard_task_runner.py:82} INFO - Running: ['***', 'tasks', 'run', 'downstream_dag', 'tsk1', 'manual__2024-07-23T00:41:34.274907+00:00', '--job-id', '1289', '--raw', '--subdir', 'DAGS_FOLDER/downstream_dag.py', '--cfg-path', '/tmp/tmp4z2a7wxs']
[2024-07-23T00:41:35.431+0000] {standard_task_runner.py:83} INFO - Job 1289: Subtask tsk1
[2024-07-23T00:41:35.464+0000] {task_command.py:388} INFO - Running <TaskInstance: downstream_dag.tsk1 manual__2024-07-23T00:41:34.274907+00:00 [running]> on host 448a9c84d52e
[2024-07-23T00:41:35.500+0000] {taskinstance.py:1509} INFO - Exporting the following env vars:
AIRFLOW_CTX_DAG_OWNER=***
AIRFLOW_CTX_DAG_ID=downstream_dag
AIRFLOW_CTX_TASK_ID=tsk1
AIRFLOW_CTX_EXECUTION_DATE=2024-07-23T00:41:34.274907+00:00
AIRFLOW_CTX_TRY_NUMBER=1
AIRFLOW_CTX_DAG_RUN_ID=manual__2024-07-23T00:41:34.274907+00:00
[2024-07-23T00:41:35.501+0000] {subprocess.py:63} INFO - Tmp dir root location: 
 /tmp
[2024-07-23T00:41:35.502+0000] {subprocess.py:75} INFO - Running command: ['/bin/bash', '-c', 'sleep 5']
[2024-07-23T00:41:35.506+0000] {subprocess.py:86} INFO - Output:
[2024-07-23T00:41:40.512+0000] {subprocess.py:97} INFO - Command exited with return code 0
[2024-07-23T00:41:40.537+0000] {taskinstance.py:1323} INFO - Marking task as SUCCESS. dag_id=downstream_dag, task_id=tsk1, execution_date=20240723T004134, start_date=20240723T004135, end_date=20240723T004140
[2024-07-23T00:41:40.547+0000] {local_task_job.py:208} INFO - Task exited with return code 0
[2024-07-23T00:41:40.562+0000] {taskinstance.py:2578} INFO - 2 downstream tasks scheduled from follow-on schedule check
