[2024-07-25T02:16:10.825+0000] {taskinstance.py:1083} INFO - Dependencies all met for <TaskInstance: exemplo_dag_complexa.tsk5 manual__2024-07-25T02:15:53.036872+00:00 [queued]>
[2024-07-25T02:16:10.849+0000] {taskinstance.py:1083} INFO - Dependencies all met for <TaskInstance: exemplo_dag_complexa.tsk5 manual__2024-07-25T02:15:53.036872+00:00 [queued]>
[2024-07-25T02:16:10.852+0000] {taskinstance.py:1279} INFO - 
--------------------------------------------------------------------------------
[2024-07-25T02:16:10.879+0000] {taskinstance.py:1280} INFO - Starting attempt 1 of 1
[2024-07-25T02:16:10.885+0000] {taskinstance.py:1281} INFO - 
--------------------------------------------------------------------------------
[2024-07-25T02:16:10.923+0000] {taskinstance.py:1300} INFO - Executing <Task(BashOperator): tsk5> on 2024-07-25 02:15:53.036872+00:00
[2024-07-25T02:16:10.939+0000] {standard_task_runner.py:82} INFO - Running: ['***', 'tasks', 'run', 'exemplo_dag_complexa', 'tsk5', 'manual__2024-07-25T02:15:53.036872+00:00', '--job-id', '1367', '--raw', '--subdir', 'DAGS_FOLDER/exemplo_dag_complexa.py', '--cfg-path', '/tmp/tmp4p_6aeqo']
[2024-07-25T02:16:10.945+0000] {standard_task_runner.py:83} INFO - Job 1367: Subtask tsk5
[2024-07-25T02:16:10.929+0000] {standard_task_runner.py:55} INFO - Started process 31113 to run task
[2024-07-25T02:16:11.166+0000] {task_command.py:388} INFO - Running <TaskInstance: exemplo_dag_complexa.tsk5 manual__2024-07-25T02:15:53.036872+00:00 [running]> on host 448a9c84d52e
[2024-07-25T02:16:11.312+0000] {taskinstance.py:1509} INFO - Exporting the following env vars:
AIRFLOW_CTX_DAG_OWNER=***
AIRFLOW_CTX_DAG_ID=exemplo_dag_complexa
AIRFLOW_CTX_TASK_ID=tsk5
AIRFLOW_CTX_EXECUTION_DATE=2024-07-25T02:15:53.036872+00:00
AIRFLOW_CTX_TRY_NUMBER=1
AIRFLOW_CTX_DAG_RUN_ID=manual__2024-07-25T02:15:53.036872+00:00
[2024-07-25T02:16:11.320+0000] {subprocess.py:63} INFO - Tmp dir root location: 
 /tmp
[2024-07-25T02:16:11.327+0000] {subprocess.py:75} INFO - Running command: ['/bin/bash', '-c', 'sleep 5']
[2024-07-25T02:16:11.349+0000] {subprocess.py:86} INFO - Output:
[2024-07-25T02:16:16.355+0000] {subprocess.py:97} INFO - Command exited with return code 0
[2024-07-25T02:16:16.405+0000] {taskinstance.py:1323} INFO - Marking task as SUCCESS. dag_id=exemplo_dag_complexa, task_id=tsk5, execution_date=20240725T021553, start_date=20240725T021610, end_date=20240725T021616
[2024-07-25T02:16:16.456+0000] {local_task_job.py:208} INFO - Task exited with return code 0
[2024-07-25T02:16:16.514+0000] {taskinstance.py:2578} INFO - 1 downstream tasks scheduled from follow-on schedule check
