[2024-07-25T02:16:04.185+0000] {taskinstance.py:1083} INFO - Dependencies all met for <TaskInstance: exemplo_bitwise_e_setstream.tsk4 manual__2024-07-25T02:15:49.971518+00:00 [queued]>
[2024-07-25T02:16:04.201+0000] {taskinstance.py:1083} INFO - Dependencies all met for <TaskInstance: exemplo_bitwise_e_setstream.tsk4 manual__2024-07-25T02:15:49.971518+00:00 [queued]>
[2024-07-25T02:16:04.209+0000] {taskinstance.py:1279} INFO - 
--------------------------------------------------------------------------------
[2024-07-25T02:16:04.213+0000] {taskinstance.py:1280} INFO - Starting attempt 1 of 1
[2024-07-25T02:16:04.219+0000] {taskinstance.py:1281} INFO - 
--------------------------------------------------------------------------------
[2024-07-25T02:16:04.288+0000] {taskinstance.py:1300} INFO - Executing <Task(BashOperator): tsk4> on 2024-07-25 02:15:49.971518+00:00
[2024-07-25T02:16:04.294+0000] {standard_task_runner.py:55} INFO - Started process 31092 to run task
[2024-07-25T02:16:04.298+0000] {standard_task_runner.py:82} INFO - Running: ['***', 'tasks', 'run', 'exemplo_bitwise_e_setstream', 'tsk4', 'manual__2024-07-25T02:15:49.971518+00:00', '--job-id', '1360', '--raw', '--subdir', 'DAGS_FOLDER/exemplo_bitwise_e_setstream.py', '--cfg-path', '/tmp/tmp5ipcq3a3']
[2024-07-25T02:16:04.299+0000] {standard_task_runner.py:83} INFO - Job 1360: Subtask tsk4
[2024-07-25T02:16:04.464+0000] {task_command.py:388} INFO - Running <TaskInstance: exemplo_bitwise_e_setstream.tsk4 manual__2024-07-25T02:15:49.971518+00:00 [running]> on host 448a9c84d52e
[2024-07-25T02:16:04.594+0000] {taskinstance.py:1509} INFO - Exporting the following env vars:
AIRFLOW_CTX_DAG_OWNER=***
AIRFLOW_CTX_DAG_ID=exemplo_bitwise_e_setstream
AIRFLOW_CTX_TASK_ID=tsk4
AIRFLOW_CTX_EXECUTION_DATE=2024-07-25T02:15:49.971518+00:00
AIRFLOW_CTX_TRY_NUMBER=1
AIRFLOW_CTX_DAG_RUN_ID=manual__2024-07-25T02:15:49.971518+00:00
[2024-07-25T02:16:04.598+0000] {subprocess.py:63} INFO - Tmp dir root location: 
 /tmp
[2024-07-25T02:16:04.599+0000] {subprocess.py:75} INFO - Running command: ['/bin/bash', '-c', 'sleep 5']
[2024-07-25T02:16:04.625+0000] {subprocess.py:86} INFO - Output:
[2024-07-25T02:16:09.703+0000] {subprocess.py:97} INFO - Command exited with return code 0
[2024-07-25T02:16:10.108+0000] {taskinstance.py:1323} INFO - Marking task as SUCCESS. dag_id=exemplo_bitwise_e_setstream, task_id=tsk4, execution_date=20240725T021549, start_date=20240725T021604, end_date=20240725T021610
[2024-07-25T02:16:10.447+0000] {local_task_job.py:208} INFO - Task exited with return code 0
[2024-07-25T02:16:10.526+0000] {taskinstance.py:2578} INFO - 0 downstream tasks scheduled from follow-on schedule check
