[2024-07-23T00:41:41.214+0000] {taskinstance.py:1083} INFO - Dependencies all met for <TaskInstance: downstream_dag.tsk3 manual__2024-07-23T00:41:34.274907+00:00 [queued]>
[2024-07-23T00:41:41.222+0000] {taskinstance.py:1083} INFO - Dependencies all met for <TaskInstance: downstream_dag.tsk3 manual__2024-07-23T00:41:34.274907+00:00 [queued]>
[2024-07-23T00:41:41.222+0000] {taskinstance.py:1279} INFO - 
--------------------------------------------------------------------------------
[2024-07-23T00:41:41.222+0000] {taskinstance.py:1280} INFO - Starting attempt 1 of 1
[2024-07-23T00:41:41.223+0000] {taskinstance.py:1281} INFO - 
--------------------------------------------------------------------------------
[2024-07-23T00:41:41.230+0000] {taskinstance.py:1300} INFO - Executing <Task(BashOperator): tsk3> on 2024-07-23 00:41:34.274907+00:00
[2024-07-23T00:41:41.232+0000] {standard_task_runner.py:55} INFO - Started process 2571 to run task
[2024-07-23T00:41:41.234+0000] {standard_task_runner.py:82} INFO - Running: ['***', 'tasks', 'run', 'downstream_dag', 'tsk3', 'manual__2024-07-23T00:41:34.274907+00:00', '--job-id', '1291', '--raw', '--subdir', 'DAGS_FOLDER/downstream_dag.py', '--cfg-path', '/tmp/tmpxkq4q13x']
[2024-07-23T00:41:41.234+0000] {standard_task_runner.py:83} INFO - Job 1291: Subtask tsk3
[2024-07-23T00:41:41.265+0000] {task_command.py:388} INFO - Running <TaskInstance: downstream_dag.tsk3 manual__2024-07-23T00:41:34.274907+00:00 [running]> on host 448a9c84d52e
[2024-07-23T00:41:41.302+0000] {taskinstance.py:1509} INFO - Exporting the following env vars:
AIRFLOW_CTX_DAG_OWNER=***
AIRFLOW_CTX_DAG_ID=downstream_dag
AIRFLOW_CTX_TASK_ID=tsk3
AIRFLOW_CTX_EXECUTION_DATE=2024-07-23T00:41:34.274907+00:00
AIRFLOW_CTX_TRY_NUMBER=1
AIRFLOW_CTX_DAG_RUN_ID=manual__2024-07-23T00:41:34.274907+00:00
[2024-07-23T00:41:41.302+0000] {subprocess.py:63} INFO - Tmp dir root location: 
 /tmp
[2024-07-23T00:41:41.303+0000] {subprocess.py:75} INFO - Running command: ['/bin/bash', '-c', 'sleep 5']
[2024-07-23T00:41:41.307+0000] {subprocess.py:86} INFO - Output:
[2024-07-23T00:41:46.311+0000] {subprocess.py:97} INFO - Command exited with return code 0
[2024-07-23T00:41:46.327+0000] {taskinstance.py:1323} INFO - Marking task as SUCCESS. dag_id=downstream_dag, task_id=tsk3, execution_date=20240723T004134, start_date=20240723T004141, end_date=20240723T004146
[2024-07-23T00:41:46.337+0000] {local_task_job.py:208} INFO - Task exited with return code 0
[2024-07-23T00:41:46.351+0000] {taskinstance.py:2578} INFO - 1 downstream tasks scheduled from follow-on schedule check
