[2024-07-22T02:32:00.829+0000] {taskinstance.py:1083} INFO - Dependencies all met for <TaskInstance: example_short_circuit_decorator.short_circuit scheduled__2024-07-21T02:31:44.126779+00:00 [queued]>
[2024-07-22T02:32:00.856+0000] {taskinstance.py:1083} INFO - Dependencies all met for <TaskInstance: example_short_circuit_decorator.short_circuit scheduled__2024-07-21T02:31:44.126779+00:00 [queued]>
[2024-07-22T02:32:00.884+0000] {taskinstance.py:1279} INFO - 
--------------------------------------------------------------------------------
[2024-07-22T02:32:00.908+0000] {taskinstance.py:1280} INFO - Starting attempt 1 of 1
[2024-07-22T02:32:00.914+0000] {taskinstance.py:1281} INFO - 
--------------------------------------------------------------------------------
[2024-07-22T02:32:01.697+0000] {taskinstance.py:1300} INFO - Executing <Task(_ShortCircuitDecoratedOperator): short_circuit> on 2024-07-21 02:31:44.126779+00:00
[2024-07-22T02:32:01.724+0000] {standard_task_runner.py:55} INFO - Started process 1170 to run task
[2024-07-22T02:32:01.730+0000] {standard_task_runner.py:82} INFO - Running: ['***', 'tasks', 'run', 'example_short_circuit_decorator', 'short_circuit', 'scheduled__2024-07-21T02:31:44.126779+00:00', '--job-id', '318', '--raw', '--subdir', '/home/***/.local/lib/python3.7/site-packages/***/example_dags/example_short_circuit_decorator.py', '--cfg-path', '/tmp/tmppwv281ln']
[2024-07-22T02:32:01.735+0000] {standard_task_runner.py:83} INFO - Job 318: Subtask short_circuit
[2024-07-22T02:32:01.930+0000] {task_command.py:388} INFO - Running <TaskInstance: example_short_circuit_decorator.short_circuit scheduled__2024-07-21T02:31:44.126779+00:00 [running]> on host 06eaaebc2caa
[2024-07-22T02:32:02.239+0000] {taskinstance.py:1509} INFO - Exporting the following env vars:
AIRFLOW_CTX_DAG_OWNER=***
AIRFLOW_CTX_DAG_ID=example_short_circuit_decorator
AIRFLOW_CTX_TASK_ID=short_circuit
AIRFLOW_CTX_EXECUTION_DATE=2024-07-21T02:31:44.126779+00:00
AIRFLOW_CTX_TRY_NUMBER=1
AIRFLOW_CTX_DAG_RUN_ID=scheduled__2024-07-21T02:31:44.126779+00:00
[2024-07-22T02:32:02.242+0000] {python.py:177} INFO - Done. Returned value was: False
[2024-07-22T02:32:02.261+0000] {python.py:248} INFO - Condition result is False
[2024-07-22T02:32:02.264+0000] {python.py:265} INFO - Skipping downstream tasks while respecting trigger rules...
[2024-07-22T02:32:02.459+0000] {python.py:270} INFO - Done.
[2024-07-22T02:32:02.511+0000] {taskinstance.py:1323} INFO - Marking task as SUCCESS. dag_id=example_short_circuit_decorator, task_id=short_circuit, execution_date=20240721T023144, start_date=20240722T023200, end_date=20240722T023202
[2024-07-22T02:32:02.597+0000] {local_task_job.py:208} INFO - Task exited with return code 0
[2024-07-22T02:32:02.680+0000] {taskinstance.py:2578} INFO - 0 downstream tasks scheduled from follow-on schedule check
