[2024-07-27T02:48:21.557+0000] {taskinstance.py:1083} INFO - Dependencies all met for <TaskInstance: exemplo_pools.tsk5 manual__2024-07-27T02:48:20.758627+00:00 [queued]>
[2024-07-27T02:48:21.564+0000] {taskinstance.py:1083} INFO - Dependencies all met for <TaskInstance: exemplo_pools.tsk5 manual__2024-07-27T02:48:20.758627+00:00 [queued]>
[2024-07-27T02:48:21.564+0000] {taskinstance.py:1279} INFO - 
--------------------------------------------------------------------------------
[2024-07-27T02:48:21.565+0000] {taskinstance.py:1280} INFO - Starting attempt 1 of 1
[2024-07-27T02:48:21.565+0000] {taskinstance.py:1281} INFO - 
--------------------------------------------------------------------------------
[2024-07-27T02:48:21.573+0000] {taskinstance.py:1300} INFO - Executing <Task(BashOperator): tsk5> on 2024-07-27 02:48:20.758627+00:00
[2024-07-27T02:48:21.576+0000] {standard_task_runner.py:55} INFO - Started process 78292 to run task
[2024-07-27T02:48:21.579+0000] {standard_task_runner.py:82} INFO - Running: ['***', 'tasks', 'run', 'exemplo_pools', 'tsk5', 'manual__2024-07-27T02:48:20.758627+00:00', '--job-id', '1741', '--raw', '--subdir', 'DAGS_FOLDER/exemplo_pools.py', '--cfg-path', '/tmp/tmpi2j4a3bw']
[2024-07-27T02:48:21.579+0000] {standard_task_runner.py:83} INFO - Job 1741: Subtask tsk5
[2024-07-27T02:48:21.640+0000] {task_command.py:388} INFO - Running <TaskInstance: exemplo_pools.tsk5 manual__2024-07-27T02:48:20.758627+00:00 [running]> on host 029011c5aea1
[2024-07-27T02:48:21.738+0000] {taskinstance.py:1509} INFO - Exporting the following env vars:
AIRFLOW_CTX_DAG_OWNER=***
AIRFLOW_CTX_DAG_ID=exemplo_pools
AIRFLOW_CTX_TASK_ID=tsk5
AIRFLOW_CTX_EXECUTION_DATE=2024-07-27T02:48:20.758627+00:00
AIRFLOW_CTX_TRY_NUMBER=1
AIRFLOW_CTX_DAG_RUN_ID=manual__2024-07-27T02:48:20.758627+00:00
[2024-07-27T02:48:21.740+0000] {subprocess.py:63} INFO - Tmp dir root location: 
 /tmp
[2024-07-27T02:48:21.741+0000] {subprocess.py:75} INFO - Running command: ['/bin/bash', '-c', 'sleep 5']
[2024-07-27T02:48:21.751+0000] {subprocess.py:86} INFO - Output:
[2024-07-27T02:48:26.758+0000] {subprocess.py:97} INFO - Command exited with return code 0
[2024-07-27T02:48:26.789+0000] {taskinstance.py:1323} INFO - Marking task as SUCCESS. dag_id=exemplo_pools, task_id=tsk5, execution_date=20240727T024820, start_date=20240727T024821, end_date=20240727T024826
[2024-07-27T02:48:26.839+0000] {local_task_job.py:208} INFO - Task exited with return code 0
[2024-07-27T02:48:26.852+0000] {taskinstance.py:2578} INFO - 0 downstream tasks scheduled from follow-on schedule check
