[2024-07-22T02:34:14.253+0000] {taskinstance.py:1083} INFO - Dependencies all met for <TaskInstance: tutorial_taskflow_api_virtualenv.load manual__2024-07-22T02:34:03.612348+00:00 [queued]>
[2024-07-22T02:34:14.345+0000] {taskinstance.py:1083} INFO - Dependencies all met for <TaskInstance: tutorial_taskflow_api_virtualenv.load manual__2024-07-22T02:34:03.612348+00:00 [queued]>
[2024-07-22T02:34:14.357+0000] {taskinstance.py:1279} INFO - 
--------------------------------------------------------------------------------
[2024-07-22T02:34:14.360+0000] {taskinstance.py:1280} INFO - Starting attempt 1 of 1
[2024-07-22T02:34:14.365+0000] {taskinstance.py:1281} INFO - 
--------------------------------------------------------------------------------
[2024-07-22T02:34:14.449+0000] {taskinstance.py:1300} INFO - Executing <Task(_PythonDecoratedOperator): load> on 2024-07-22 02:34:03.612348+00:00
[2024-07-22T02:34:14.483+0000] {standard_task_runner.py:55} INFO - Started process 2371 to run task
[2024-07-22T02:34:14.508+0000] {standard_task_runner.py:82} INFO - Running: ['***', 'tasks', 'run', 'tutorial_taskflow_api_virtualenv', 'load', 'manual__2024-07-22T02:34:03.612348+00:00', '--job-id', '816', '--raw', '--subdir', '/home/***/.local/lib/python3.7/site-packages/***/example_dags/tutorial_taskflow_api_virtualenv.py', '--cfg-path', '/tmp/tmpu3rppovw']
[2024-07-22T02:34:14.523+0000] {standard_task_runner.py:83} INFO - Job 816: Subtask load
[2024-07-22T02:34:14.740+0000] {task_command.py:388} INFO - Running <TaskInstance: tutorial_taskflow_api_virtualenv.load manual__2024-07-22T02:34:03.612348+00:00 [running]> on host 06eaaebc2caa
[2024-07-22T02:34:14.880+0000] {taskinstance.py:1509} INFO - Exporting the following env vars:
AIRFLOW_CTX_DAG_OWNER=***
AIRFLOW_CTX_DAG_ID=tutorial_taskflow_api_virtualenv
AIRFLOW_CTX_TASK_ID=load
AIRFLOW_CTX_EXECUTION_DATE=2024-07-22T02:34:03.612348+00:00
AIRFLOW_CTX_TRY_NUMBER=1
AIRFLOW_CTX_DAG_RUN_ID=manual__2024-07-22T02:34:03.612348+00:00
[2024-07-22T02:34:14.885+0000] {logging_mixin.py:137} INFO - Total order value is: 1236.70
[2024-07-22T02:34:14.899+0000] {python.py:177} INFO - Done. Returned value was: None
[2024-07-22T02:34:14.962+0000] {taskinstance.py:1323} INFO - Marking task as SUCCESS. dag_id=tutorial_taskflow_api_virtualenv, task_id=load, execution_date=20240722T023403, start_date=20240722T023414, end_date=20240722T023414
[2024-07-22T02:34:15.076+0000] {local_task_job.py:208} INFO - Task exited with return code 0
[2024-07-22T02:34:15.114+0000] {taskinstance.py:2578} INFO - 0 downstream tasks scheduled from follow-on schedule check
