[2024-07-22T02:32:09.416+0000] {taskinstance.py:1083} INFO - Dependencies all met for <TaskInstance: example_xcom.pull_value_from_bash_push scheduled__2021-01-01T00:00:00+00:00 [queued]>
[2024-07-22T02:32:09.439+0000] {taskinstance.py:1083} INFO - Dependencies all met for <TaskInstance: example_xcom.pull_value_from_bash_push scheduled__2021-01-01T00:00:00+00:00 [queued]>
[2024-07-22T02:32:09.444+0000] {taskinstance.py:1279} INFO - 
--------------------------------------------------------------------------------
[2024-07-22T02:32:09.450+0000] {taskinstance.py:1280} INFO - Starting attempt 1 of 1
[2024-07-22T02:32:09.462+0000] {taskinstance.py:1281} INFO - 
--------------------------------------------------------------------------------
[2024-07-22T02:32:09.492+0000] {taskinstance.py:1300} INFO - Executing <Task(_PythonDecoratedOperator): pull_value_from_bash_push> on 2021-01-01 00:00:00+00:00
[2024-07-22T02:32:09.510+0000] {standard_task_runner.py:55} INFO - Started process 1266 to run task
[2024-07-22T02:32:09.513+0000] {standard_task_runner.py:82} INFO - Running: ['***', 'tasks', 'run', 'example_xcom', 'pull_value_from_bash_push', 'scheduled__2021-01-01T00:00:00+00:00', '--job-id', '356', '--raw', '--subdir', '/home/***/.local/lib/python3.7/site-packages/***/example_dags/example_xcom.py', '--cfg-path', '/tmp/tmpd_33x_mu']
[2024-07-22T02:32:09.524+0000] {standard_task_runner.py:83} INFO - Job 356: Subtask pull_value_from_bash_push
[2024-07-22T02:32:09.609+0000] {task_command.py:388} INFO - Running <TaskInstance: example_xcom.pull_value_from_bash_push scheduled__2021-01-01T00:00:00+00:00 [running]> on host 06eaaebc2caa
[2024-07-22T02:32:09.822+0000] {taskinstance.py:1509} INFO - Exporting the following env vars:
AIRFLOW_CTX_DAG_OWNER=***
AIRFLOW_CTX_DAG_ID=example_xcom
AIRFLOW_CTX_TASK_ID=pull_value_from_bash_push
AIRFLOW_CTX_EXECUTION_DATE=2021-01-01T00:00:00+00:00
AIRFLOW_CTX_TRY_NUMBER=1
AIRFLOW_CTX_DAG_RUN_ID=scheduled__2021-01-01T00:00:00+00:00
[2024-07-22T02:32:09.896+0000] {logging_mixin.py:137} INFO - The xcom value pushed by task push via return value is value_by_return
[2024-07-22T02:32:09.903+0000] {logging_mixin.py:137} INFO - The xcom value pushed by task push manually is manually_pushed_value
[2024-07-22T02:32:09.903+0000] {python.py:177} INFO - Done. Returned value was: None
[2024-07-22T02:32:09.927+0000] {taskinstance.py:1323} INFO - Marking task as SUCCESS. dag_id=example_xcom, task_id=pull_value_from_bash_push, execution_date=20210101T000000, start_date=20240722T023209, end_date=20240722T023209
[2024-07-22T02:32:10.014+0000] {local_task_job.py:208} INFO - Task exited with return code 0
[2024-07-22T02:32:10.596+0000] {taskinstance.py:2578} INFO - 0 downstream tasks scheduled from follow-on schedule check
