[2024-07-25T12:01:53.937+0000] {taskinstance.py:1083} INFO - Dependencies all met for <TaskInstance: exemplo_defaultargs.tsk3 scheduled__2024-07-25T11:00:00+00:00 [queued]>
[2024-07-25T12:01:53.957+0000] {taskinstance.py:1083} INFO - Dependencies all met for <TaskInstance: exemplo_defaultargs.tsk3 scheduled__2024-07-25T11:00:00+00:00 [queued]>
[2024-07-25T12:01:53.962+0000] {taskinstance.py:1279} INFO - 
--------------------------------------------------------------------------------
[2024-07-25T12:01:53.966+0000] {taskinstance.py:1280} INFO - Starting attempt 1 of 2
[2024-07-25T12:01:53.969+0000] {taskinstance.py:1281} INFO - 
--------------------------------------------------------------------------------
[2024-07-25T12:01:53.989+0000] {taskinstance.py:1300} INFO - Executing <Task(BashOperator): tsk3> on 2024-07-25 11:00:00+00:00
[2024-07-25T12:01:54.002+0000] {standard_task_runner.py:55} INFO - Started process 44421 to run task
[2024-07-25T12:01:54.015+0000] {standard_task_runner.py:82} INFO - Running: ['***', 'tasks', 'run', 'exemplo_defaultargs', 'tsk3', 'scheduled__2024-07-25T11:00:00+00:00', '--job-id', '1418', '--raw', '--subdir', 'DAGS_FOLDER/exemplo_defaultargs.py', '--cfg-path', '/tmp/tmpq2e6pbf0']
[2024-07-25T12:01:54.016+0000] {standard_task_runner.py:83} INFO - Job 1418: Subtask tsk3
[2024-07-25T12:01:54.113+0000] {task_command.py:388} INFO - Running <TaskInstance: exemplo_defaultargs.tsk3 scheduled__2024-07-25T11:00:00+00:00 [running]> on host 448a9c84d52e
[2024-07-25T12:01:54.233+0000] {taskinstance.py:1509} INFO - Exporting the following env vars:
AIRFLOW_CTX_DAG_EMAIL=test@test.com
AIRFLOW_CTX_DAG_OWNER=***
AIRFLOW_CTX_DAG_ID=exemplo_defaultargs
AIRFLOW_CTX_TASK_ID=tsk3
AIRFLOW_CTX_EXECUTION_DATE=2024-07-25T11:00:00+00:00
AIRFLOW_CTX_TRY_NUMBER=1
AIRFLOW_CTX_DAG_RUN_ID=scheduled__2024-07-25T11:00:00+00:00
[2024-07-25T12:01:54.235+0000] {subprocess.py:63} INFO - Tmp dir root location: 
 /tmp
[2024-07-25T12:01:54.237+0000] {subprocess.py:75} INFO - Running command: ['/bin/bash', '-c', 'sleep 5']
[2024-07-25T12:01:54.264+0000] {subprocess.py:86} INFO - Output:
[2024-07-25T12:01:59.272+0000] {subprocess.py:97} INFO - Command exited with return code 0
[2024-07-25T12:01:59.301+0000] {taskinstance.py:1323} INFO - Marking task as SUCCESS. dag_id=exemplo_defaultargs, task_id=tsk3, execution_date=20240725T110000, start_date=20240725T120153, end_date=20240725T120159
[2024-07-25T12:01:59.324+0000] {local_task_job.py:208} INFO - Task exited with return code 0
[2024-07-25T12:01:59.347+0000] {taskinstance.py:2578} INFO - 0 downstream tasks scheduled from follow-on schedule check
