[2024-07-26T03:00:01.431+0000] {taskinstance.py:1083} INFO - Dependencies all met for <TaskInstance: exemplo_defaultargs.tsk1 scheduled__2024-07-26T02:00:00+00:00 [queued]>
[2024-07-26T03:00:01.438+0000] {taskinstance.py:1083} INFO - Dependencies all met for <TaskInstance: exemplo_defaultargs.tsk1 scheduled__2024-07-26T02:00:00+00:00 [queued]>
[2024-07-26T03:00:01.439+0000] {taskinstance.py:1279} INFO - 
--------------------------------------------------------------------------------
[2024-07-26T03:00:01.439+0000] {taskinstance.py:1280} INFO - Starting attempt 1 of 4
[2024-07-26T03:00:01.440+0000] {taskinstance.py:1281} INFO - 
--------------------------------------------------------------------------------
[2024-07-26T03:00:01.448+0000] {taskinstance.py:1300} INFO - Executing <Task(BashOperator): tsk1> on 2024-07-26 02:00:00+00:00
[2024-07-26T03:00:01.451+0000] {standard_task_runner.py:55} INFO - Started process 1242 to run task
[2024-07-26T03:00:01.454+0000] {standard_task_runner.py:82} INFO - Running: ['***', 'tasks', 'run', 'exemplo_defaultargs', 'tsk1', 'scheduled__2024-07-26T02:00:00+00:00', '--job-id', '1498', '--raw', '--subdir', 'DAGS_FOLDER/exemplo_defaultargs.py', '--cfg-path', '/tmp/tmpgb8322zg']
[2024-07-26T03:00:01.454+0000] {standard_task_runner.py:83} INFO - Job 1498: Subtask tsk1
[2024-07-26T03:00:01.500+0000] {task_command.py:388} INFO - Running <TaskInstance: exemplo_defaultargs.tsk1 scheduled__2024-07-26T02:00:00+00:00 [running]> on host 029011c5aea1
[2024-07-26T03:00:01.544+0000] {taskinstance.py:1509} INFO - Exporting the following env vars:
AIRFLOW_CTX_DAG_EMAIL=test@test.com
AIRFLOW_CTX_DAG_OWNER=***
AIRFLOW_CTX_DAG_ID=exemplo_defaultargs
AIRFLOW_CTX_TASK_ID=tsk1
AIRFLOW_CTX_EXECUTION_DATE=2024-07-26T02:00:00+00:00
AIRFLOW_CTX_TRY_NUMBER=1
AIRFLOW_CTX_DAG_RUN_ID=scheduled__2024-07-26T02:00:00+00:00
[2024-07-26T03:00:01.545+0000] {subprocess.py:63} INFO - Tmp dir root location: 
 /tmp
[2024-07-26T03:00:01.546+0000] {subprocess.py:75} INFO - Running command: ['/bin/bash', '-c', 'sleep 5']
[2024-07-26T03:00:01.553+0000] {subprocess.py:86} INFO - Output:
[2024-07-26T03:00:06.557+0000] {subprocess.py:97} INFO - Command exited with return code 0
[2024-07-26T03:00:06.575+0000] {taskinstance.py:1323} INFO - Marking task as SUCCESS. dag_id=exemplo_defaultargs, task_id=tsk1, execution_date=20240726T020000, start_date=20240726T030001, end_date=20240726T030006
[2024-07-26T03:00:06.614+0000] {local_task_job.py:208} INFO - Task exited with return code 0
[2024-07-26T03:00:06.631+0000] {taskinstance.py:2578} INFO - 1 downstream tasks scheduled from follow-on schedule check
