[2024-07-25T02:16:04.165+0000] {taskinstance.py:1083} INFO - Dependencies all met for <TaskInstance: exemplo_setstream.tsk1 manual__2024-07-25T02:16:02.788281+00:00 [queued]>
[2024-07-25T02:16:04.199+0000] {taskinstance.py:1083} INFO - Dependencies all met for <TaskInstance: exemplo_setstream.tsk1 manual__2024-07-25T02:16:02.788281+00:00 [queued]>
[2024-07-25T02:16:04.208+0000] {taskinstance.py:1279} INFO - 
--------------------------------------------------------------------------------
[2024-07-25T02:16:04.213+0000] {taskinstance.py:1280} INFO - Starting attempt 1 of 1
[2024-07-25T02:16:04.219+0000] {taskinstance.py:1281} INFO - 
--------------------------------------------------------------------------------
[2024-07-25T02:16:04.289+0000] {taskinstance.py:1300} INFO - Executing <Task(BashOperator): tsk1> on 2024-07-25 02:16:02.788281+00:00
[2024-07-25T02:16:04.298+0000] {standard_task_runner.py:55} INFO - Started process 31093 to run task
[2024-07-25T02:16:04.300+0000] {standard_task_runner.py:82} INFO - Running: ['***', 'tasks', 'run', 'exemplo_setstream', 'tsk1', 'manual__2024-07-25T02:16:02.788281+00:00', '--job-id', '1359', '--raw', '--subdir', 'DAGS_FOLDER/exemplo_setstream.py', '--cfg-path', '/tmp/tmp8y6b9o47']
[2024-07-25T02:16:04.301+0000] {standard_task_runner.py:83} INFO - Job 1359: Subtask tsk1
[2024-07-25T02:16:04.460+0000] {task_command.py:388} INFO - Running <TaskInstance: exemplo_setstream.tsk1 manual__2024-07-25T02:16:02.788281+00:00 [running]> on host 448a9c84d52e
[2024-07-25T02:16:04.598+0000] {taskinstance.py:1509} INFO - Exporting the following env vars:
AIRFLOW_CTX_DAG_OWNER=***
AIRFLOW_CTX_DAG_ID=exemplo_setstream
AIRFLOW_CTX_TASK_ID=tsk1
AIRFLOW_CTX_EXECUTION_DATE=2024-07-25T02:16:02.788281+00:00
AIRFLOW_CTX_TRY_NUMBER=1
AIRFLOW_CTX_DAG_RUN_ID=manual__2024-07-25T02:16:02.788281+00:00
[2024-07-25T02:16:04.600+0000] {subprocess.py:63} INFO - Tmp dir root location: 
 /tmp
[2024-07-25T02:16:04.601+0000] {subprocess.py:75} INFO - Running command: ['/bin/bash', '-c', 'sleep 5']
[2024-07-25T02:16:04.625+0000] {subprocess.py:86} INFO - Output:
[2024-07-25T02:16:09.673+0000] {subprocess.py:97} INFO - Command exited with return code 0
[2024-07-25T02:16:10.072+0000] {taskinstance.py:1323} INFO - Marking task as SUCCESS. dag_id=exemplo_setstream, task_id=tsk1, execution_date=20240725T021602, start_date=20240725T021604, end_date=20240725T021610
[2024-07-25T02:16:10.441+0000] {local_task_job.py:208} INFO - Task exited with return code 0
[2024-07-25T02:16:10.568+0000] {taskinstance.py:2578} INFO - 1 downstream tasks scheduled from follow-on schedule check
