[2024-07-27T00:00:02.496+0000] {taskinstance.py:1083} INFO - Dependencies all met for <TaskInstance: exemplo_email_operator.2-Bash scheduled__2024-07-26T23:00:00+00:00 [queued]>
[2024-07-27T00:00:02.507+0000] {taskinstance.py:1083} INFO - Dependencies all met for <TaskInstance: exemplo_email_operator.2-Bash scheduled__2024-07-26T23:00:00+00:00 [queued]>
[2024-07-27T00:00:02.507+0000] {taskinstance.py:1279} INFO - 
--------------------------------------------------------------------------------
[2024-07-27T00:00:02.509+0000] {taskinstance.py:1280} INFO - Starting attempt 1 of 2
[2024-07-27T00:00:02.509+0000] {taskinstance.py:1281} INFO - 
--------------------------------------------------------------------------------
[2024-07-27T00:00:02.526+0000] {taskinstance.py:1300} INFO - Executing <Task(BashOperator): 2-Bash> on 2024-07-26 23:00:00+00:00
[2024-07-27T00:00:02.534+0000] {standard_task_runner.py:55} INFO - Started process 66318 to run task
[2024-07-27T00:00:02.542+0000] {standard_task_runner.py:82} INFO - Running: ['***', 'tasks', 'run', 'exemplo_email_operator', '2-Bash', 'scheduled__2024-07-26T23:00:00+00:00', '--job-id', '1706', '--raw', '--subdir', 'DAGS_FOLDER/exemplo_email_operator.py', '--cfg-path', '/tmp/tmplo6h6dxt']
[2024-07-27T00:00:02.544+0000] {standard_task_runner.py:83} INFO - Job 1706: Subtask 2-Bash
[2024-07-27T00:00:02.599+0000] {task_command.py:388} INFO - Running <TaskInstance: exemplo_email_operator.2-Bash scheduled__2024-07-26T23:00:00+00:00 [running]> on host 029011c5aea1
[2024-07-27T00:00:02.698+0000] {taskinstance.py:1509} INFO - Exporting the following env vars:
AIRFLOW_CTX_DAG_EMAIL=caue.ausec@gmail.com
AIRFLOW_CTX_DAG_OWNER=***
AIRFLOW_CTX_DAG_ID=exemplo_email_operator
AIRFLOW_CTX_TASK_ID=2-Bash
AIRFLOW_CTX_EXECUTION_DATE=2024-07-26T23:00:00+00:00
AIRFLOW_CTX_TRY_NUMBER=1
AIRFLOW_CTX_DAG_RUN_ID=scheduled__2024-07-26T23:00:00+00:00
[2024-07-27T00:00:02.702+0000] {subprocess.py:63} INFO - Tmp dir root location: 
 /tmp
[2024-07-27T00:00:02.703+0000] {subprocess.py:75} INFO - Running command: ['/bin/bash', '-c', 'sleep 1']
[2024-07-27T00:00:02.722+0000] {subprocess.py:86} INFO - Output:
[2024-07-27T00:00:03.738+0000] {subprocess.py:97} INFO - Command exited with return code 0
[2024-07-27T00:00:03.768+0000] {taskinstance.py:1323} INFO - Marking task as SUCCESS. dag_id=exemplo_email_operator, task_id=2-Bash, execution_date=20240726T230000, start_date=20240727T000002, end_date=20240727T000003
[2024-07-27T00:00:03.788+0000] {local_task_job.py:208} INFO - Task exited with return code 0
[2024-07-27T00:00:03.830+0000] {taskinstance.py:2578} INFO - 1 downstream tasks scheduled from follow-on schedule check
