[2024-07-22T02:29:48.324+0000] {taskinstance.py:1083} INFO - Dependencies all met for <TaskInstance: example_bash_operator.runme_2 scheduled__2024-07-21T00:00:00+00:00 [queued]>
[2024-07-22T02:29:48.330+0000] {taskinstance.py:1083} INFO - Dependencies all met for <TaskInstance: example_bash_operator.runme_2 scheduled__2024-07-21T00:00:00+00:00 [queued]>
[2024-07-22T02:29:48.331+0000] {taskinstance.py:1279} INFO - 
--------------------------------------------------------------------------------
[2024-07-22T02:29:48.334+0000] {taskinstance.py:1280} INFO - Starting attempt 1 of 1
[2024-07-22T02:29:48.335+0000] {taskinstance.py:1281} INFO - 
--------------------------------------------------------------------------------
[2024-07-22T02:29:48.345+0000] {taskinstance.py:1300} INFO - Executing <Task(BashOperator): runme_2> on 2024-07-21 00:00:00+00:00
[2024-07-22T02:29:48.348+0000] {standard_task_runner.py:55} INFO - Started process 353 to run task
[2024-07-22T02:29:48.352+0000] {standard_task_runner.py:82} INFO - Running: ['***', 'tasks', 'run', 'example_bash_operator', 'runme_2', 'scheduled__2024-07-21T00:00:00+00:00', '--job-id', '7', '--raw', '--subdir', '/home/***/.local/lib/python3.7/site-packages/***/example_dags/example_bash_operator.py', '--cfg-path', '/tmp/tmp1i5zm1_v']
[2024-07-22T02:29:48.353+0000] {standard_task_runner.py:83} INFO - Job 7: Subtask runme_2
[2024-07-22T02:29:48.428+0000] {task_command.py:388} INFO - Running <TaskInstance: example_bash_operator.runme_2 scheduled__2024-07-21T00:00:00+00:00 [running]> on host 06eaaebc2caa
[2024-07-22T02:29:48.489+0000] {taskinstance.py:1509} INFO - Exporting the following env vars:
AIRFLOW_CTX_DAG_OWNER=***
AIRFLOW_CTX_DAG_ID=example_bash_operator
AIRFLOW_CTX_TASK_ID=runme_2
AIRFLOW_CTX_EXECUTION_DATE=2024-07-21T00:00:00+00:00
AIRFLOW_CTX_TRY_NUMBER=1
AIRFLOW_CTX_DAG_RUN_ID=scheduled__2024-07-21T00:00:00+00:00
[2024-07-22T02:29:48.491+0000] {subprocess.py:63} INFO - Tmp dir root location: 
 /tmp
[2024-07-22T02:29:48.491+0000] {subprocess.py:75} INFO - Running command: ['/bin/bash', '-c', 'echo "example_bash_operator__runme_2__20240721" && sleep 1']
[2024-07-22T02:29:48.499+0000] {subprocess.py:86} INFO - Output:
[2024-07-22T02:29:48.500+0000] {subprocess.py:93} INFO - example_bash_operator__runme_2__20240721
[2024-07-22T02:29:49.501+0000] {subprocess.py:97} INFO - Command exited with return code 0
[2024-07-22T02:29:49.523+0000] {taskinstance.py:1323} INFO - Marking task as SUCCESS. dag_id=example_bash_operator, task_id=runme_2, execution_date=20240721T000000, start_date=20240722T022948, end_date=20240722T022949
[2024-07-22T02:29:49.575+0000] {local_task_job.py:208} INFO - Task exited with return code 0
[2024-07-22T02:29:49.594+0000] {taskinstance.py:2578} INFO - 0 downstream tasks scheduled from follow-on schedule check
