[2024-07-22T02:31:13.558+0000] {taskinstance.py:1083} INFO - Dependencies all met for <TaskInstance: example_complex.create_entry_group_result manual__2024-07-22T02:31:06.388108+00:00 [queued]>
[2024-07-22T02:31:13.603+0000] {taskinstance.py:1083} INFO - Dependencies all met for <TaskInstance: example_complex.create_entry_group_result manual__2024-07-22T02:31:06.388108+00:00 [queued]>
[2024-07-22T02:31:13.608+0000] {taskinstance.py:1279} INFO - 
--------------------------------------------------------------------------------
[2024-07-22T02:31:13.614+0000] {taskinstance.py:1280} INFO - Starting attempt 1 of 1
[2024-07-22T02:31:13.620+0000] {taskinstance.py:1281} INFO - 
--------------------------------------------------------------------------------
[2024-07-22T02:31:13.666+0000] {taskinstance.py:1300} INFO - Executing <Task(BashOperator): create_entry_group_result> on 2024-07-22 02:31:06.388108+00:00
[2024-07-22T02:31:13.675+0000] {standard_task_runner.py:55} INFO - Started process 729 to run task
[2024-07-22T02:31:13.681+0000] {standard_task_runner.py:82} INFO - Running: ['***', 'tasks', 'run', 'example_complex', 'create_entry_group_result', 'manual__2024-07-22T02:31:06.388108+00:00', '--job-id', '128', '--raw', '--subdir', '/home/***/.local/lib/python3.7/site-packages/***/example_dags/example_complex.py', '--cfg-path', '/tmp/tmp4fizhqx1']
[2024-07-22T02:31:13.689+0000] {standard_task_runner.py:83} INFO - Job 128: Subtask create_entry_group_result
[2024-07-22T02:31:13.940+0000] {task_command.py:388} INFO - Running <TaskInstance: example_complex.create_entry_group_result manual__2024-07-22T02:31:06.388108+00:00 [running]> on host 06eaaebc2caa
[2024-07-22T02:31:14.111+0000] {taskinstance.py:1509} INFO - Exporting the following env vars:
AIRFLOW_CTX_DAG_OWNER=***
AIRFLOW_CTX_DAG_ID=example_complex
AIRFLOW_CTX_TASK_ID=create_entry_group_result
AIRFLOW_CTX_EXECUTION_DATE=2024-07-22T02:31:06.388108+00:00
AIRFLOW_CTX_TRY_NUMBER=1
AIRFLOW_CTX_DAG_RUN_ID=manual__2024-07-22T02:31:06.388108+00:00
[2024-07-22T02:31:14.117+0000] {subprocess.py:63} INFO - Tmp dir root location: 
 /tmp
[2024-07-22T02:31:14.125+0000] {subprocess.py:75} INFO - Running command: ['/bin/bash', '-c', 'echo create_entry_group_result']
[2024-07-22T02:31:14.165+0000] {subprocess.py:86} INFO - Output:
[2024-07-22T02:31:14.186+0000] {subprocess.py:93} INFO - create_entry_group_result
[2024-07-22T02:31:14.190+0000] {subprocess.py:97} INFO - Command exited with return code 0
[2024-07-22T02:31:14.259+0000] {taskinstance.py:1323} INFO - Marking task as SUCCESS. dag_id=example_complex, task_id=create_entry_group_result, execution_date=20240722T023106, start_date=20240722T023113, end_date=20240722T023114
[2024-07-22T02:31:14.368+0000] {local_task_job.py:208} INFO - Task exited with return code 0
[2024-07-22T02:31:14.425+0000] {taskinstance.py:2578} INFO - 0 downstream tasks scheduled from follow-on schedule check
