[2024-07-26T12:10:19.051+0000] {taskinstance.py:1083} INFO - Dependencies all met for <TaskInstance: exemplo_defaultargs.tsk1 scheduled__2024-07-26T11:00:00+00:00 [queued]>
[2024-07-26T12:10:19.063+0000] {taskinstance.py:1083} INFO - Dependencies all met for <TaskInstance: exemplo_defaultargs.tsk1 scheduled__2024-07-26T11:00:00+00:00 [queued]>
[2024-07-26T12:10:19.064+0000] {taskinstance.py:1279} INFO - 
--------------------------------------------------------------------------------
[2024-07-26T12:10:19.066+0000] {taskinstance.py:1280} INFO - Starting attempt 1 of 4
[2024-07-26T12:10:19.069+0000] {taskinstance.py:1281} INFO - 
--------------------------------------------------------------------------------
[2024-07-26T12:10:19.082+0000] {taskinstance.py:1300} INFO - Executing <Task(BashOperator): tsk1> on 2024-07-26 11:00:00+00:00
[2024-07-26T12:10:19.087+0000] {standard_task_runner.py:55} INFO - Started process 12742 to run task
[2024-07-26T12:10:19.091+0000] {standard_task_runner.py:82} INFO - Running: ['***', 'tasks', 'run', 'exemplo_defaultargs', 'tsk1', 'scheduled__2024-07-26T11:00:00+00:00', '--job-id', '1594', '--raw', '--subdir', 'DAGS_FOLDER/exemplo_defaultargs.py', '--cfg-path', '/tmp/tmp6gertzrh']
[2024-07-26T12:10:19.095+0000] {standard_task_runner.py:83} INFO - Job 1594: Subtask tsk1
[2024-07-26T12:10:19.239+0000] {task_command.py:388} INFO - Running <TaskInstance: exemplo_defaultargs.tsk1 scheduled__2024-07-26T11:00:00+00:00 [running]> on host 029011c5aea1
[2024-07-26T12:10:19.368+0000] {taskinstance.py:1509} INFO - Exporting the following env vars:
AIRFLOW_CTX_DAG_EMAIL=test@test.com
AIRFLOW_CTX_DAG_OWNER=***
AIRFLOW_CTX_DAG_ID=exemplo_defaultargs
AIRFLOW_CTX_TASK_ID=tsk1
AIRFLOW_CTX_EXECUTION_DATE=2024-07-26T11:00:00+00:00
AIRFLOW_CTX_TRY_NUMBER=1
AIRFLOW_CTX_DAG_RUN_ID=scheduled__2024-07-26T11:00:00+00:00
[2024-07-26T12:10:19.371+0000] {subprocess.py:63} INFO - Tmp dir root location: 
 /tmp
[2024-07-26T12:10:19.375+0000] {subprocess.py:75} INFO - Running command: ['/bin/bash', '-c', 'sleep 5']
[2024-07-26T12:10:19.467+0000] {subprocess.py:86} INFO - Output:
[2024-07-26T12:10:24.488+0000] {subprocess.py:97} INFO - Command exited with return code 0
[2024-07-26T12:10:24.506+0000] {taskinstance.py:1323} INFO - Marking task as SUCCESS. dag_id=exemplo_defaultargs, task_id=tsk1, execution_date=20240726T110000, start_date=20240726T121019, end_date=20240726T121024
[2024-07-26T12:10:24.526+0000] {local_task_job.py:208} INFO - Task exited with return code 0
[2024-07-26T12:10:24.544+0000] {taskinstance.py:2578} INFO - 1 downstream tasks scheduled from follow-on schedule check
