[2024-07-25T02:15:55.659+0000] {taskinstance.py:1083} INFO - Dependencies all met for <TaskInstance: exemplo_dag_group.tsk1 manual__2024-07-25T02:15:54.686135+00:00 [queued]>
[2024-07-25T02:15:55.668+0000] {taskinstance.py:1083} INFO - Dependencies all met for <TaskInstance: exemplo_dag_group.tsk1 manual__2024-07-25T02:15:54.686135+00:00 [queued]>
[2024-07-25T02:15:55.669+0000] {taskinstance.py:1279} INFO - 
--------------------------------------------------------------------------------
[2024-07-25T02:15:55.669+0000] {taskinstance.py:1280} INFO - Starting attempt 1 of 1
[2024-07-25T02:15:55.669+0000] {taskinstance.py:1281} INFO - 
--------------------------------------------------------------------------------
[2024-07-25T02:15:55.680+0000] {taskinstance.py:1300} INFO - Executing <Task(BashOperator): tsk1> on 2024-07-25 02:15:54.686135+00:00
[2024-07-25T02:15:55.689+0000] {standard_task_runner.py:55} INFO - Started process 31035 to run task
[2024-07-25T02:15:55.694+0000] {standard_task_runner.py:82} INFO - Running: ['***', 'tasks', 'run', 'exemplo_dag_group', 'tsk1', 'manual__2024-07-25T02:15:54.686135+00:00', '--job-id', '1345', '--raw', '--subdir', 'DAGS_FOLDER/exemplo_dag_group.py', '--cfg-path', '/tmp/tmpq4x8zxfs']
[2024-07-25T02:15:55.695+0000] {standard_task_runner.py:83} INFO - Job 1345: Subtask tsk1
[2024-07-25T02:15:55.781+0000] {task_command.py:388} INFO - Running <TaskInstance: exemplo_dag_group.tsk1 manual__2024-07-25T02:15:54.686135+00:00 [running]> on host 448a9c84d52e
[2024-07-25T02:15:55.866+0000] {taskinstance.py:1509} INFO - Exporting the following env vars:
AIRFLOW_CTX_DAG_OWNER=***
AIRFLOW_CTX_DAG_ID=exemplo_dag_group
AIRFLOW_CTX_TASK_ID=tsk1
AIRFLOW_CTX_EXECUTION_DATE=2024-07-25T02:15:54.686135+00:00
AIRFLOW_CTX_TRY_NUMBER=1
AIRFLOW_CTX_DAG_RUN_ID=manual__2024-07-25T02:15:54.686135+00:00
[2024-07-25T02:15:55.867+0000] {subprocess.py:63} INFO - Tmp dir root location: 
 /tmp
[2024-07-25T02:15:55.868+0000] {subprocess.py:75} INFO - Running command: ['/bin/bash', '-c', 'sleep 5']
[2024-07-25T02:15:55.904+0000] {subprocess.py:86} INFO - Output:
[2024-07-25T02:16:00.926+0000] {subprocess.py:97} INFO - Command exited with return code 0
[2024-07-25T02:16:01.037+0000] {taskinstance.py:1323} INFO - Marking task as SUCCESS. dag_id=exemplo_dag_group, task_id=tsk1, execution_date=20240725T021554, start_date=20240725T021555, end_date=20240725T021601
[2024-07-25T02:16:01.159+0000] {local_task_job.py:208} INFO - Task exited with return code 0
[2024-07-25T02:16:01.239+0000] {taskinstance.py:2578} INFO - 1 downstream tasks scheduled from follow-on schedule check
