[2024-07-23T00:41:04.006+0000] {taskinstance.py:1083} INFO - Dependencies all met for <TaskInstance: downstream_dag.tsk4 manual__2024-07-23T00:40:50.865599+00:00 [queued]>
[2024-07-23T00:41:04.011+0000] {taskinstance.py:1083} INFO - Dependencies all met for <TaskInstance: downstream_dag.tsk4 manual__2024-07-23T00:40:50.865599+00:00 [queued]>
[2024-07-23T00:41:04.012+0000] {taskinstance.py:1279} INFO - 
--------------------------------------------------------------------------------
[2024-07-23T00:41:04.012+0000] {taskinstance.py:1280} INFO - Starting attempt 1 of 1
[2024-07-23T00:41:04.012+0000] {taskinstance.py:1281} INFO - 
--------------------------------------------------------------------------------
[2024-07-23T00:41:04.021+0000] {taskinstance.py:1300} INFO - Executing <Task(BashOperator): tsk4> on 2024-07-23 00:40:50.865599+00:00
[2024-07-23T00:41:04.024+0000] {standard_task_runner.py:55} INFO - Started process 2514 to run task
[2024-07-23T00:41:04.026+0000] {standard_task_runner.py:82} INFO - Running: ['***', 'tasks', 'run', 'downstream_dag', 'tsk4', 'manual__2024-07-23T00:40:50.865599+00:00', '--job-id', '1288', '--raw', '--subdir', 'DAGS_FOLDER/downstream_dag.py', '--cfg-path', '/tmp/tmpp2e9w62c']
[2024-07-23T00:41:04.027+0000] {standard_task_runner.py:83} INFO - Job 1288: Subtask tsk4
[2024-07-23T00:41:04.061+0000] {task_command.py:388} INFO - Running <TaskInstance: downstream_dag.tsk4 manual__2024-07-23T00:40:50.865599+00:00 [running]> on host 448a9c84d52e
[2024-07-23T00:41:04.103+0000] {taskinstance.py:1509} INFO - Exporting the following env vars:
AIRFLOW_CTX_DAG_OWNER=***
AIRFLOW_CTX_DAG_ID=downstream_dag
AIRFLOW_CTX_TASK_ID=tsk4
AIRFLOW_CTX_EXECUTION_DATE=2024-07-23T00:40:50.865599+00:00
AIRFLOW_CTX_TRY_NUMBER=1
AIRFLOW_CTX_DAG_RUN_ID=manual__2024-07-23T00:40:50.865599+00:00
[2024-07-23T00:41:04.104+0000] {subprocess.py:63} INFO - Tmp dir root location: 
 /tmp
[2024-07-23T00:41:04.104+0000] {subprocess.py:75} INFO - Running command: ['/bin/bash', '-c', 'sleep 5']
[2024-07-23T00:41:04.109+0000] {subprocess.py:86} INFO - Output:
[2024-07-23T00:41:09.116+0000] {subprocess.py:97} INFO - Command exited with return code 0
[2024-07-23T00:41:09.186+0000] {taskinstance.py:1323} INFO - Marking task as SUCCESS. dag_id=downstream_dag, task_id=tsk4, execution_date=20240723T004050, start_date=20240723T004104, end_date=20240723T004109
[2024-07-23T00:41:09.232+0000] {local_task_job.py:208} INFO - Task exited with return code 0
[2024-07-23T00:41:09.242+0000] {taskinstance.py:2578} INFO - 0 downstream tasks scheduled from follow-on schedule check
