[2024-07-22T02:30:06.214+0000] {taskinstance.py:1083} INFO - Dependencies all met for <TaskInstance: example_branch_datetime_operator_2.datetime_branch scheduled__2024-07-21T00:00:00+00:00 [queued]>
[2024-07-22T02:30:06.220+0000] {taskinstance.py:1083} INFO - Dependencies all met for <TaskInstance: example_branch_datetime_operator_2.datetime_branch scheduled__2024-07-21T00:00:00+00:00 [queued]>
[2024-07-22T02:30:06.222+0000] {taskinstance.py:1279} INFO - 
--------------------------------------------------------------------------------
[2024-07-22T02:30:06.223+0000] {taskinstance.py:1280} INFO - Starting attempt 1 of 1
[2024-07-22T02:30:06.226+0000] {taskinstance.py:1281} INFO - 
--------------------------------------------------------------------------------
[2024-07-22T02:30:06.234+0000] {taskinstance.py:1300} INFO - Executing <Task(BranchDateTimeOperator): datetime_branch> on 2024-07-21 00:00:00+00:00
[2024-07-22T02:30:06.237+0000] {standard_task_runner.py:55} INFO - Started process 403 to run task
[2024-07-22T02:30:06.239+0000] {standard_task_runner.py:82} INFO - Running: ['***', 'tasks', 'run', 'example_branch_datetime_operator_2', 'datetime_branch', 'scheduled__2024-07-21T00:00:00+00:00', '--job-id', '13', '--raw', '--subdir', '/home/***/.local/lib/python3.7/site-packages/***/example_dags/example_branch_datetime_operator.py', '--cfg-path', '/tmp/tmpv9zk7u5k']
[2024-07-22T02:30:06.239+0000] {standard_task_runner.py:83} INFO - Job 13: Subtask datetime_branch
[2024-07-22T02:30:06.276+0000] {task_command.py:388} INFO - Running <TaskInstance: example_branch_datetime_operator_2.datetime_branch scheduled__2024-07-21T00:00:00+00:00 [running]> on host 06eaaebc2caa
[2024-07-22T02:30:06.316+0000] {taskinstance.py:1509} INFO - Exporting the following env vars:
AIRFLOW_CTX_DAG_OWNER=***
AIRFLOW_CTX_DAG_ID=example_branch_datetime_operator_2
AIRFLOW_CTX_TASK_ID=datetime_branch
AIRFLOW_CTX_EXECUTION_DATE=2024-07-21T00:00:00+00:00
AIRFLOW_CTX_TRY_NUMBER=1
AIRFLOW_CTX_DAG_RUN_ID=scheduled__2024-07-21T00:00:00+00:00
[2024-07-22T02:30:06.317+0000] {skipmixin.py:155} INFO - Following branch ['date_outside_range']
[2024-07-22T02:30:06.317+0000] {skipmixin.py:211} INFO - Skipping tasks ['date_in_range']
[2024-07-22T02:30:06.343+0000] {taskinstance.py:1323} INFO - Marking task as SUCCESS. dag_id=example_branch_datetime_operator_2, task_id=datetime_branch, execution_date=20240721T000000, start_date=20240722T023006, end_date=20240722T023006
[2024-07-22T02:30:06.376+0000] {local_task_job.py:208} INFO - Task exited with return code 0
[2024-07-22T02:30:06.395+0000] {taskinstance.py:2578} INFO - 1 downstream tasks scheduled from follow-on schedule check
