[2024-07-22T02:31:59.504+0000] {taskinstance.py:1083} INFO - Dependencies all met for <TaskInstance: example_short_circuit_decorator.condition_is_true scheduled__2024-07-21T02:31:44.126779+00:00 [queued]>
[2024-07-22T02:31:59.545+0000] {taskinstance.py:1083} INFO - Dependencies all met for <TaskInstance: example_short_circuit_decorator.condition_is_true scheduled__2024-07-21T02:31:44.126779+00:00 [queued]>
[2024-07-22T02:31:59.550+0000] {taskinstance.py:1279} INFO - 
--------------------------------------------------------------------------------
[2024-07-22T02:31:59.554+0000] {taskinstance.py:1280} INFO - Starting attempt 1 of 1
[2024-07-22T02:31:59.561+0000] {taskinstance.py:1281} INFO - 
--------------------------------------------------------------------------------
[2024-07-22T02:31:59.600+0000] {taskinstance.py:1300} INFO - Executing <Task(_ShortCircuitDecoratedOperator): condition_is_true> on 2024-07-21 02:31:44.126779+00:00
[2024-07-22T02:31:59.647+0000] {standard_task_runner.py:55} INFO - Started process 1155 to run task
[2024-07-22T02:31:59.670+0000] {standard_task_runner.py:82} INFO - Running: ['***', 'tasks', 'run', 'example_short_circuit_decorator', 'condition_is_true', 'scheduled__2024-07-21T02:31:44.126779+00:00', '--job-id', '311', '--raw', '--subdir', '/home/***/.local/lib/python3.7/site-packages/***/example_dags/example_short_circuit_decorator.py', '--cfg-path', '/tmp/tmpsqst6lrr']
[2024-07-22T02:31:59.675+0000] {standard_task_runner.py:83} INFO - Job 311: Subtask condition_is_true
[2024-07-22T02:32:00.393+0000] {task_command.py:388} INFO - Running <TaskInstance: example_short_circuit_decorator.condition_is_true scheduled__2024-07-21T02:31:44.126779+00:00 [running]> on host 06eaaebc2caa
[2024-07-22T02:32:00.527+0000] {taskinstance.py:1509} INFO - Exporting the following env vars:
AIRFLOW_CTX_DAG_OWNER=***
AIRFLOW_CTX_DAG_ID=example_short_circuit_decorator
AIRFLOW_CTX_TASK_ID=condition_is_true
AIRFLOW_CTX_EXECUTION_DATE=2024-07-21T02:31:44.126779+00:00
AIRFLOW_CTX_TRY_NUMBER=1
AIRFLOW_CTX_DAG_RUN_ID=scheduled__2024-07-21T02:31:44.126779+00:00
[2024-07-22T02:32:00.535+0000] {python.py:177} INFO - Done. Returned value was: True
[2024-07-22T02:32:00.542+0000] {python.py:248} INFO - Condition result is True
[2024-07-22T02:32:00.551+0000] {python.py:251} INFO - Proceeding with downstream tasks...
[2024-07-22T02:32:00.609+0000] {taskinstance.py:1323} INFO - Marking task as SUCCESS. dag_id=example_short_circuit_decorator, task_id=condition_is_true, execution_date=20240721T023144, start_date=20240722T023159, end_date=20240722T023200
[2024-07-22T02:32:00.656+0000] {local_task_job.py:208} INFO - Task exited with return code 0
[2024-07-22T02:32:01.596+0000] {taskinstance.py:2578} INFO - 1 downstream tasks scheduled from follow-on schedule check
