[2024-07-22T02:33:01.893+0000] {taskinstance.py:1083} INFO - Dependencies all met for <TaskInstance: example_branch_dop_operator_v3.should_run scheduled__2024-07-22T02:32:00+00:00 [queued]>
[2024-07-22T02:33:01.927+0000] {taskinstance.py:1083} INFO - Dependencies all met for <TaskInstance: example_branch_dop_operator_v3.should_run scheduled__2024-07-22T02:32:00+00:00 [queued]>
[2024-07-22T02:33:01.928+0000] {taskinstance.py:1279} INFO - 
--------------------------------------------------------------------------------
[2024-07-22T02:33:01.929+0000] {taskinstance.py:1280} INFO - Starting attempt 1 of 1
[2024-07-22T02:33:01.930+0000] {taskinstance.py:1281} INFO - 
--------------------------------------------------------------------------------
[2024-07-22T02:33:01.974+0000] {taskinstance.py:1300} INFO - Executing <Task(_BranchPythonDecoratedOperator): should_run> on 2024-07-22 02:32:00+00:00
[2024-07-22T02:33:01.997+0000] {standard_task_runner.py:82} INFO - Running: ['***', 'tasks', 'run', 'example_branch_dop_operator_v3', 'should_run', 'scheduled__2024-07-22T02:32:00+00:00', '--job-id', '563', '--raw', '--subdir', '/home/***/.local/lib/python3.7/site-packages/***/example_dags/example_branch_python_dop_operator_3.py', '--cfg-path', '/tmp/tmpsr0u5z9h']
[2024-07-22T02:33:02.001+0000] {standard_task_runner.py:55} INFO - Started process 1742 to run task
[2024-07-22T02:33:02.002+0000] {standard_task_runner.py:83} INFO - Job 563: Subtask should_run
[2024-07-22T02:33:02.124+0000] {task_command.py:388} INFO - Running <TaskInstance: example_branch_dop_operator_v3.should_run scheduled__2024-07-22T02:32:00+00:00 [running]> on host 06eaaebc2caa
[2024-07-22T02:33:02.268+0000] {taskinstance.py:1509} INFO - Exporting the following env vars:
AIRFLOW_CTX_DAG_OWNER=***
AIRFLOW_CTX_DAG_ID=example_branch_dop_operator_v3
AIRFLOW_CTX_TASK_ID=should_run
AIRFLOW_CTX_EXECUTION_DATE=2024-07-22T02:32:00+00:00
AIRFLOW_CTX_TRY_NUMBER=1
AIRFLOW_CTX_DAG_RUN_ID=scheduled__2024-07-22T02:32:00+00:00
[2024-07-22T02:33:02.272+0000] {warnings.py:110} WARNING - /home/***/.local/lib/python3.7/site-packages/***/utils/context.py:313: AirflowContextDeprecationWarning: Accessing 'execution_date' from the template is deprecated and will be removed in a future version. Please use 'data_interval_start' or 'logical_date' instead.
  warnings.warn(_create_deprecation_warning(k, replacements))

[2024-07-22T02:33:02.273+0000] {logging_mixin.py:137} INFO - ------------- exec dttm = 2024-07-22T02:32:00+00:00 and minute = 32
[2024-07-22T02:33:02.273+0000] {python.py:177} INFO - Done. Returned value was: empty_task_1
[2024-07-22T02:33:02.274+0000] {python.py:211} INFO - Branch callable return empty_task_1
[2024-07-22T02:33:02.275+0000] {skipmixin.py:155} INFO - Following branch empty_task_1
[2024-07-22T02:33:02.276+0000] {skipmixin.py:211} INFO - Skipping tasks ['empty_task_2']
[2024-07-22T02:33:02.348+0000] {taskinstance.py:1323} INFO - Marking task as SUCCESS. dag_id=example_branch_dop_operator_v3, task_id=should_run, execution_date=20240722T023200, start_date=20240722T023301, end_date=20240722T023302
[2024-07-22T02:33:02.367+0000] {local_task_job.py:208} INFO - Task exited with return code 0
[2024-07-22T02:33:02.404+0000] {taskinstance.py:2578} INFO - 1 downstream tasks scheduled from follow-on schedule check
