[2024-07-26T02:38:46.118+0000] {taskinstance.py:1083} INFO - Dependencies all met for <TaskInstance: exemplo_email_operator.2-Bash manual__2024-07-26T02:38:45.080008+00:00 [queued]>
[2024-07-26T02:38:46.126+0000] {taskinstance.py:1083} INFO - Dependencies all met for <TaskInstance: exemplo_email_operator.2-Bash manual__2024-07-26T02:38:45.080008+00:00 [queued]>
[2024-07-26T02:38:46.127+0000] {taskinstance.py:1279} INFO - 
--------------------------------------------------------------------------------
[2024-07-26T02:38:46.127+0000] {taskinstance.py:1280} INFO - Starting attempt 1 of 2
[2024-07-26T02:38:46.127+0000] {taskinstance.py:1281} INFO - 
--------------------------------------------------------------------------------
[2024-07-26T02:38:46.152+0000] {taskinstance.py:1300} INFO - Executing <Task(BashOperator): 2-Bash> on 2024-07-26 02:38:45.080008+00:00
[2024-07-26T02:38:46.156+0000] {standard_task_runner.py:55} INFO - Started process 1925 to run task
[2024-07-26T02:38:46.159+0000] {standard_task_runner.py:82} INFO - Running: ['***', 'tasks', 'run', 'exemplo_email_operator', '2-Bash', 'manual__2024-07-26T02:38:45.080008+00:00', '--job-id', '1475', '--raw', '--subdir', 'DAGS_FOLDER/exemplo_email_operator.py', '--cfg-path', '/tmp/tmpiu_mo4mq']
[2024-07-26T02:38:46.159+0000] {standard_task_runner.py:83} INFO - Job 1475: Subtask 2-Bash
[2024-07-26T02:38:46.228+0000] {task_command.py:388} INFO - Running <TaskInstance: exemplo_email_operator.2-Bash manual__2024-07-26T02:38:45.080008+00:00 [running]> on host 4e9420b3fb00
[2024-07-26T02:38:46.271+0000] {taskinstance.py:1509} INFO - Exporting the following env vars:
AIRFLOW_CTX_DAG_EMAIL=caue.ausec@gmail.com
AIRFLOW_CTX_DAG_OWNER=***
AIRFLOW_CTX_DAG_ID=exemplo_email_operator
AIRFLOW_CTX_TASK_ID=2-Bash
AIRFLOW_CTX_EXECUTION_DATE=2024-07-26T02:38:45.080008+00:00
AIRFLOW_CTX_TRY_NUMBER=1
AIRFLOW_CTX_DAG_RUN_ID=manual__2024-07-26T02:38:45.080008+00:00
[2024-07-26T02:38:46.272+0000] {subprocess.py:63} INFO - Tmp dir root location: 
 /tmp
[2024-07-26T02:38:46.272+0000] {subprocess.py:75} INFO - Running command: ['/bin/bash', '-c', 'sleep 1']
[2024-07-26T02:38:46.278+0000] {subprocess.py:86} INFO - Output:
[2024-07-26T02:38:47.281+0000] {subprocess.py:97} INFO - Command exited with return code 0
[2024-07-26T02:38:47.309+0000] {taskinstance.py:1323} INFO - Marking task as SUCCESS. dag_id=exemplo_email_operator, task_id=2-Bash, execution_date=20240726T023845, start_date=20240726T023846, end_date=20240726T023847
[2024-07-26T02:38:47.339+0000] {local_task_job.py:208} INFO - Task exited with return code 0
[2024-07-26T02:38:47.367+0000] {taskinstance.py:2578} INFO - 1 downstream tasks scheduled from follow-on schedule check
