[2024-07-28T02:33:09.802+0000] {taskinstance.py:1083} INFO - Dependencies all met for <TaskInstance: exemplo_defaultargs.tsk1 scheduled__2024-07-28T01:00:00+00:00 [queued]>
[2024-07-28T02:33:09.816+0000] {taskinstance.py:1083} INFO - Dependencies all met for <TaskInstance: exemplo_defaultargs.tsk1 scheduled__2024-07-28T01:00:00+00:00 [queued]>
[2024-07-28T02:33:09.820+0000] {taskinstance.py:1279} INFO - 
--------------------------------------------------------------------------------
[2024-07-28T02:33:09.823+0000] {taskinstance.py:1280} INFO - Starting attempt 1 of 4
[2024-07-28T02:33:09.823+0000] {taskinstance.py:1281} INFO - 
--------------------------------------------------------------------------------
[2024-07-28T02:33:09.835+0000] {taskinstance.py:1300} INFO - Executing <Task(BashOperator): tsk1> on 2024-07-28 01:00:00+00:00
[2024-07-28T02:33:09.846+0000] {standard_task_runner.py:55} INFO - Started process 73 to run task
[2024-07-28T02:33:09.854+0000] {standard_task_runner.py:82} INFO - Running: ['***', 'tasks', 'run', 'exemplo_defaultargs', 'tsk1', 'scheduled__2024-07-28T01:00:00+00:00', '--job-id', '1857', '--raw', '--subdir', 'DAGS_FOLDER/exemplo_defaultargs.py', '--cfg-path', '/tmp/tmpv7kt7fcy']
[2024-07-28T02:33:09.856+0000] {standard_task_runner.py:83} INFO - Job 1857: Subtask tsk1
[2024-07-28T02:33:09.959+0000] {task_command.py:388} INFO - Running <TaskInstance: exemplo_defaultargs.tsk1 scheduled__2024-07-28T01:00:00+00:00 [running]> on host ec0bbc56d6ed
[2024-07-28T02:33:10.051+0000] {taskinstance.py:1509} INFO - Exporting the following env vars:
AIRFLOW_CTX_DAG_EMAIL=test@test.com
AIRFLOW_CTX_DAG_OWNER=***
AIRFLOW_CTX_DAG_ID=exemplo_defaultargs
AIRFLOW_CTX_TASK_ID=tsk1
AIRFLOW_CTX_EXECUTION_DATE=2024-07-28T01:00:00+00:00
AIRFLOW_CTX_TRY_NUMBER=1
AIRFLOW_CTX_DAG_RUN_ID=scheduled__2024-07-28T01:00:00+00:00
[2024-07-28T02:33:10.054+0000] {subprocess.py:63} INFO - Tmp dir root location: 
 /tmp
[2024-07-28T02:33:10.054+0000] {subprocess.py:75} INFO - Running command: ['/bin/bash', '-c', 'sleep 5']
[2024-07-28T02:33:10.062+0000] {subprocess.py:86} INFO - Output:
[2024-07-28T02:33:15.066+0000] {subprocess.py:97} INFO - Command exited with return code 0
[2024-07-28T02:33:15.094+0000] {taskinstance.py:1323} INFO - Marking task as SUCCESS. dag_id=exemplo_defaultargs, task_id=tsk1, execution_date=20240728T010000, start_date=20240728T023309, end_date=20240728T023315
[2024-07-28T02:33:15.136+0000] {local_task_job.py:208} INFO - Task exited with return code 0
[2024-07-28T02:33:15.169+0000] {taskinstance.py:2578} INFO - 1 downstream tasks scheduled from follow-on schedule check
