[2024-07-27T02:48:33.549+0000] {taskinstance.py:1083} INFO - Dependencies all met for <TaskInstance: exemplo_pools.tsk4 manual__2024-07-27T02:48:20.758627+00:00 [queued]>
[2024-07-27T02:48:33.554+0000] {taskinstance.py:1083} INFO - Dependencies all met for <TaskInstance: exemplo_pools.tsk4 manual__2024-07-27T02:48:20.758627+00:00 [queued]>
[2024-07-27T02:48:33.554+0000] {taskinstance.py:1279} INFO - 
--------------------------------------------------------------------------------
[2024-07-27T02:48:33.554+0000] {taskinstance.py:1280} INFO - Starting attempt 1 of 1
[2024-07-27T02:48:33.554+0000] {taskinstance.py:1281} INFO - 
--------------------------------------------------------------------------------
[2024-07-27T02:48:33.561+0000] {taskinstance.py:1300} INFO - Executing <Task(BashOperator): tsk4> on 2024-07-27 02:48:20.758627+00:00
[2024-07-27T02:48:33.564+0000] {standard_task_runner.py:55} INFO - Started process 78313 to run task
[2024-07-27T02:48:33.566+0000] {standard_task_runner.py:82} INFO - Running: ['***', 'tasks', 'run', 'exemplo_pools', 'tsk4', 'manual__2024-07-27T02:48:20.758627+00:00', '--job-id', '1743', '--raw', '--subdir', 'DAGS_FOLDER/exemplo_pools.py', '--cfg-path', '/tmp/tmpp1tsr679']
[2024-07-27T02:48:33.566+0000] {standard_task_runner.py:83} INFO - Job 1743: Subtask tsk4
[2024-07-27T02:48:33.601+0000] {task_command.py:388} INFO - Running <TaskInstance: exemplo_pools.tsk4 manual__2024-07-27T02:48:20.758627+00:00 [running]> on host 029011c5aea1
[2024-07-27T02:48:33.638+0000] {taskinstance.py:1509} INFO - Exporting the following env vars:
AIRFLOW_CTX_DAG_OWNER=***
AIRFLOW_CTX_DAG_ID=exemplo_pools
AIRFLOW_CTX_TASK_ID=tsk4
AIRFLOW_CTX_EXECUTION_DATE=2024-07-27T02:48:20.758627+00:00
AIRFLOW_CTX_TRY_NUMBER=1
AIRFLOW_CTX_DAG_RUN_ID=manual__2024-07-27T02:48:20.758627+00:00
[2024-07-27T02:48:33.639+0000] {subprocess.py:63} INFO - Tmp dir root location: 
 /tmp
[2024-07-27T02:48:33.639+0000] {subprocess.py:75} INFO - Running command: ['/bin/bash', '-c', 'sleep 5']
[2024-07-27T02:48:33.647+0000] {subprocess.py:86} INFO - Output:
[2024-07-27T02:48:38.652+0000] {subprocess.py:97} INFO - Command exited with return code 0
[2024-07-27T02:48:38.677+0000] {taskinstance.py:1323} INFO - Marking task as SUCCESS. dag_id=exemplo_pools, task_id=tsk4, execution_date=20240727T024820, start_date=20240727T024833, end_date=20240727T024838
[2024-07-27T02:48:38.691+0000] {local_task_job.py:208} INFO - Task exited with return code 0
[2024-07-27T02:48:38.704+0000] {taskinstance.py:2578} INFO - 0 downstream tasks scheduled from follow-on schedule check
