[2024-07-26T07:14:55.309+0000] {taskinstance.py:1083} INFO - Dependencies all met for <TaskInstance: exemplo_email_operator.2-Bash scheduled__2024-07-26T06:00:00+00:00 [queued]>
[2024-07-26T07:14:55.320+0000] {taskinstance.py:1083} INFO - Dependencies all met for <TaskInstance: exemplo_email_operator.2-Bash scheduled__2024-07-26T06:00:00+00:00 [queued]>
[2024-07-26T07:14:55.321+0000] {taskinstance.py:1279} INFO - 
--------------------------------------------------------------------------------
[2024-07-26T07:14:55.322+0000] {taskinstance.py:1280} INFO - Starting attempt 1 of 2
[2024-07-26T07:14:55.322+0000] {taskinstance.py:1281} INFO - 
--------------------------------------------------------------------------------
[2024-07-26T07:14:55.333+0000] {taskinstance.py:1300} INFO - Executing <Task(BashOperator): 2-Bash> on 2024-07-26 06:00:00+00:00
[2024-07-26T07:14:55.336+0000] {standard_task_runner.py:55} INFO - Started process 6638 to run task
[2024-07-26T07:14:55.339+0000] {standard_task_runner.py:82} INFO - Running: ['***', 'tasks', 'run', 'exemplo_email_operator', '2-Bash', 'scheduled__2024-07-26T06:00:00+00:00', '--job-id', '1549', '--raw', '--subdir', 'DAGS_FOLDER/exemplo_email_operator.py', '--cfg-path', '/tmp/tmpj6eelcv7']
[2024-07-26T07:14:55.339+0000] {standard_task_runner.py:83} INFO - Job 1549: Subtask 2-Bash
[2024-07-26T07:14:55.379+0000] {task_command.py:388} INFO - Running <TaskInstance: exemplo_email_operator.2-Bash scheduled__2024-07-26T06:00:00+00:00 [running]> on host 029011c5aea1
[2024-07-26T07:14:55.430+0000] {taskinstance.py:1509} INFO - Exporting the following env vars:
AIRFLOW_CTX_DAG_EMAIL=caue.ausec@gmail.com
AIRFLOW_CTX_DAG_OWNER=***
AIRFLOW_CTX_DAG_ID=exemplo_email_operator
AIRFLOW_CTX_TASK_ID=2-Bash
AIRFLOW_CTX_EXECUTION_DATE=2024-07-26T06:00:00+00:00
AIRFLOW_CTX_TRY_NUMBER=1
AIRFLOW_CTX_DAG_RUN_ID=scheduled__2024-07-26T06:00:00+00:00
[2024-07-26T07:14:55.431+0000] {subprocess.py:63} INFO - Tmp dir root location: 
 /tmp
[2024-07-26T07:14:55.432+0000] {subprocess.py:75} INFO - Running command: ['/bin/bash', '-c', 'sleep 1']
[2024-07-26T07:14:55.442+0000] {subprocess.py:86} INFO - Output:
[2024-07-26T07:14:56.444+0000] {subprocess.py:97} INFO - Command exited with return code 0
[2024-07-26T07:14:56.477+0000] {taskinstance.py:1323} INFO - Marking task as SUCCESS. dag_id=exemplo_email_operator, task_id=2-Bash, execution_date=20240726T060000, start_date=20240726T071455, end_date=20240726T071456
[2024-07-26T07:14:56.505+0000] {local_task_job.py:208} INFO - Task exited with return code 0
[2024-07-26T07:14:56.540+0000] {taskinstance.py:2578} INFO - 0 downstream tasks scheduled from follow-on schedule check
