[2024-07-26T18:00:03.578+0000] {taskinstance.py:1083} INFO - Dependencies all met for <TaskInstance: exemplo_email_operator.3-Bash scheduled__2024-07-26T17:00:00+00:00 [queued]>
[2024-07-26T18:00:03.584+0000] {taskinstance.py:1083} INFO - Dependencies all met for <TaskInstance: exemplo_email_operator.3-Bash scheduled__2024-07-26T17:00:00+00:00 [queued]>
[2024-07-26T18:00:03.584+0000] {taskinstance.py:1279} INFO - 
--------------------------------------------------------------------------------
[2024-07-26T18:00:03.584+0000] {taskinstance.py:1280} INFO - Starting attempt 1 of 2
[2024-07-26T18:00:03.585+0000] {taskinstance.py:1281} INFO - 
--------------------------------------------------------------------------------
[2024-07-26T18:00:03.592+0000] {taskinstance.py:1300} INFO - Executing <Task(BashOperator): 3-Bash> on 2024-07-26 17:00:00+00:00
[2024-07-26T18:00:03.595+0000] {standard_task_runner.py:55} INFO - Started process 38011 to run task
[2024-07-26T18:00:03.597+0000] {standard_task_runner.py:82} INFO - Running: ['***', 'tasks', 'run', 'exemplo_email_operator', '3-Bash', 'scheduled__2024-07-26T17:00:00+00:00', '--job-id', '1651', '--raw', '--subdir', 'DAGS_FOLDER/exemplo_email_operator.py', '--cfg-path', '/tmp/tmpmmmi6u67']
[2024-07-26T18:00:03.598+0000] {standard_task_runner.py:83} INFO - Job 1651: Subtask 3-Bash
[2024-07-26T18:00:03.636+0000] {task_command.py:388} INFO - Running <TaskInstance: exemplo_email_operator.3-Bash scheduled__2024-07-26T17:00:00+00:00 [running]> on host 029011c5aea1
[2024-07-26T18:00:03.677+0000] {taskinstance.py:1509} INFO - Exporting the following env vars:
AIRFLOW_CTX_DAG_EMAIL=caue.ausec@gmail.com
AIRFLOW_CTX_DAG_OWNER=***
AIRFLOW_CTX_DAG_ID=exemplo_email_operator
AIRFLOW_CTX_TASK_ID=3-Bash
AIRFLOW_CTX_EXECUTION_DATE=2024-07-26T17:00:00+00:00
AIRFLOW_CTX_TRY_NUMBER=1
AIRFLOW_CTX_DAG_RUN_ID=scheduled__2024-07-26T17:00:00+00:00
[2024-07-26T18:00:03.678+0000] {subprocess.py:63} INFO - Tmp dir root location: 
 /tmp
[2024-07-26T18:00:03.679+0000] {subprocess.py:75} INFO - Running command: ['/bin/bash', '-c', 'sleep 1']
[2024-07-26T18:00:03.690+0000] {subprocess.py:86} INFO - Output:
[2024-07-26T18:00:04.693+0000] {subprocess.py:97} INFO - Command exited with return code 0
[2024-07-26T18:00:04.718+0000] {taskinstance.py:1323} INFO - Marking task as SUCCESS. dag_id=exemplo_email_operator, task_id=3-Bash, execution_date=20240726T170000, start_date=20240726T180003, end_date=20240726T180004
[2024-07-26T18:00:04.752+0000] {local_task_job.py:208} INFO - Task exited with return code 0
[2024-07-26T18:00:04.774+0000] {taskinstance.py:2578} INFO - 1 downstream tasks scheduled from follow-on schedule check
