[2024-07-25T00:12:04.055+0000] {taskinstance.py:1083} INFO - Dependencies all met for <TaskInstance: exemplo_run_dag_operator_1.tsk1 manual__2024-07-25T00:12:02.347339+00:00 [queued]>
[2024-07-25T00:12:04.060+0000] {taskinstance.py:1083} INFO - Dependencies all met for <TaskInstance: exemplo_run_dag_operator_1.tsk1 manual__2024-07-25T00:12:02.347339+00:00 [queued]>
[2024-07-25T00:12:04.060+0000] {taskinstance.py:1279} INFO - 
--------------------------------------------------------------------------------
[2024-07-25T00:12:04.060+0000] {taskinstance.py:1280} INFO - Starting attempt 1 of 1
[2024-07-25T00:12:04.060+0000] {taskinstance.py:1281} INFO - 
--------------------------------------------------------------------------------
[2024-07-25T00:12:04.066+0000] {taskinstance.py:1300} INFO - Executing <Task(BashOperator): tsk1> on 2024-07-25 00:12:02.347339+00:00
[2024-07-25T00:12:04.069+0000] {standard_task_runner.py:55} INFO - Started process 27373 to run task
[2024-07-25T00:12:04.071+0000] {standard_task_runner.py:82} INFO - Running: ['***', 'tasks', 'run', 'exemplo_run_dag_operator_1', 'tsk1', 'manual__2024-07-25T00:12:02.347339+00:00', '--job-id', '1330', '--raw', '--subdir', 'DAGS_FOLDER/exemplo_run_dag_operator_1.py', '--cfg-path', '/tmp/tmpiz7iymh8']
[2024-07-25T00:12:04.071+0000] {standard_task_runner.py:83} INFO - Job 1330: Subtask tsk1
[2024-07-25T00:12:04.102+0000] {task_command.py:388} INFO - Running <TaskInstance: exemplo_run_dag_operator_1.tsk1 manual__2024-07-25T00:12:02.347339+00:00 [running]> on host 448a9c84d52e
[2024-07-25T00:12:04.137+0000] {taskinstance.py:1509} INFO - Exporting the following env vars:
AIRFLOW_CTX_DAG_OWNER=***
AIRFLOW_CTX_DAG_ID=exemplo_run_dag_operator_1
AIRFLOW_CTX_TASK_ID=tsk1
AIRFLOW_CTX_EXECUTION_DATE=2024-07-25T00:12:02.347339+00:00
AIRFLOW_CTX_TRY_NUMBER=1
AIRFLOW_CTX_DAG_RUN_ID=manual__2024-07-25T00:12:02.347339+00:00
[2024-07-25T00:12:04.137+0000] {subprocess.py:63} INFO - Tmp dir root location: 
 /tmp
[2024-07-25T00:12:04.138+0000] {subprocess.py:75} INFO - Running command: ['/bin/bash', '-c', 'sleep 5']
[2024-07-25T00:12:04.144+0000] {subprocess.py:86} INFO - Output:
[2024-07-25T00:12:09.147+0000] {subprocess.py:97} INFO - Command exited with return code 0
[2024-07-25T00:12:09.205+0000] {taskinstance.py:1323} INFO - Marking task as SUCCESS. dag_id=exemplo_run_dag_operator_1, task_id=tsk1, execution_date=20240725T001202, start_date=20240725T001204, end_date=20240725T001209
[2024-07-25T00:12:09.227+0000] {local_task_job.py:208} INFO - Task exited with return code 0
[2024-07-25T00:12:09.253+0000] {taskinstance.py:2578} INFO - 1 downstream tasks scheduled from follow-on schedule check
