[2024-07-26T05:11:06.874+0000] {taskinstance.py:1083} INFO - Dependencies all met for <TaskInstance: exemplo_email_operator.5-Email scheduled__2024-07-26T04:00:00+00:00 [queued]>
[2024-07-26T05:11:06.880+0000] {taskinstance.py:1083} INFO - Dependencies all met for <TaskInstance: exemplo_email_operator.5-Email scheduled__2024-07-26T04:00:00+00:00 [queued]>
[2024-07-26T05:11:06.880+0000] {taskinstance.py:1279} INFO - 
--------------------------------------------------------------------------------
[2024-07-26T05:11:06.880+0000] {taskinstance.py:1280} INFO - Starting attempt 1 of 2
[2024-07-26T05:11:06.880+0000] {taskinstance.py:1281} INFO - 
--------------------------------------------------------------------------------
[2024-07-26T05:11:06.887+0000] {taskinstance.py:1300} INFO - Executing <Task(EmailOperator): 5-Email> on 2024-07-26 04:00:00+00:00
[2024-07-26T05:11:06.889+0000] {standard_task_runner.py:55} INFO - Started process 5945 to run task
[2024-07-26T05:11:06.891+0000] {standard_task_runner.py:82} INFO - Running: ['***', 'tasks', 'run', 'exemplo_email_operator', '5-Email', 'scheduled__2024-07-26T04:00:00+00:00', '--job-id', '1536', '--raw', '--subdir', 'DAGS_FOLDER/exemplo_email_operator.py', '--cfg-path', '/tmp/tmpg3osz1qt']
[2024-07-26T05:11:06.892+0000] {standard_task_runner.py:83} INFO - Job 1536: Subtask 5-Email
[2024-07-26T05:11:06.924+0000] {task_command.py:388} INFO - Running <TaskInstance: exemplo_email_operator.5-Email scheduled__2024-07-26T04:00:00+00:00 [running]> on host 029011c5aea1
[2024-07-26T05:11:06.962+0000] {taskinstance.py:1509} INFO - Exporting the following env vars:
AIRFLOW_CTX_DAG_EMAIL=caue.ausec@gmail.com
AIRFLOW_CTX_DAG_OWNER=***
AIRFLOW_CTX_DAG_ID=exemplo_email_operator
AIRFLOW_CTX_TASK_ID=5-Email
AIRFLOW_CTX_EXECUTION_DATE=2024-07-26T04:00:00+00:00
AIRFLOW_CTX_TRY_NUMBER=1
AIRFLOW_CTX_DAG_RUN_ID=scheduled__2024-07-26T04:00:00+00:00
[2024-07-26T05:11:06.968+0000] {warnings.py:110} WARNING - /home/***/.local/lib/python3.7/site-packages/***/utils/email.py:152: RemovedInAirflow3Warning: Fetching SMTP credentials from configuration variables will be deprecated in a future release. Please set credentials using a connection instead.
  send_mime_email(e_from=mail_from, e_to=recipients, mime_msg=msg, conn_id=conn_id, dryrun=dryrun)

[2024-07-26T05:11:06.968+0000] {email.py:268} INFO - Email alerting: attempt 1
[2024-07-26T05:11:08.924+0000] {email.py:280} INFO - Sent an alert email to ['caue.ausec@gmail.com']
[2024-07-26T05:27:04.579+0000] {taskinstance.py:1768} ERROR - Task failed with exception
Traceback (most recent call last):
  File "/home/airflow/.local/lib/python3.7/site-packages/airflow/operators/email.py", line 87, in execute
    custom_headers=self.custom_headers,
  File "/home/airflow/.local/lib/python3.7/site-packages/airflow/utils/email.py", line 91, in send_email
    **kwargs,
  File "/home/airflow/.local/lib/python3.7/site-packages/airflow/utils/email.py", line 152, in send_email_smtp
    send_mime_email(e_from=mail_from, e_to=recipients, mime_msg=msg, conn_id=conn_id, dryrun=dryrun)
  File "/home/airflow/.local/lib/python3.7/site-packages/airflow/utils/email.py", line 281, in send_mime_email
    smtp_conn.sendmail(e_from, e_to, mime_msg.as_string())
  File "/usr/local/lib/python3.7/smtplib.py", line 887, in sendmail
    (code, resp) = self.data(msg)
  File "/usr/local/lib/python3.7/smtplib.py", line 574, in data
    (code, msg) = self.getreply()
  File "/usr/local/lib/python3.7/smtplib.py", line 399, in getreply
    raise SMTPServerDisconnected("Connection unexpectedly closed")
smtplib.SMTPServerDisconnected: Connection unexpectedly closed
[2024-07-26T05:27:04.609+0000] {taskinstance.py:1323} INFO - Marking task as UP_FOR_RETRY. dag_id=exemplo_email_operator, task_id=5-Email, execution_date=20240726T040000, start_date=20240726T051106, end_date=20240726T052704
[2024-07-26T05:27:04.633+0000] {standard_task_runner.py:105} ERROR - Failed to execute job 1536 for task 5-Email (Connection unexpectedly closed; 5945)
[2024-07-26T05:27:04.662+0000] {local_task_job.py:208} INFO - Task exited with return code 1
[2024-07-26T05:27:04.679+0000] {taskinstance.py:2578} INFO - 0 downstream tasks scheduled from follow-on schedule check
