[2024-07-25T00:12:41.752+0000] {taskinstance.py:1083} INFO - Dependencies all met for <TaskInstance: exemplo_run_dag_operator_1.tsk1 manual__2024-07-25T00:12:41.043401+00:00 [queued]>
[2024-07-25T00:12:41.758+0000] {taskinstance.py:1083} INFO - Dependencies all met for <TaskInstance: exemplo_run_dag_operator_1.tsk1 manual__2024-07-25T00:12:41.043401+00:00 [queued]>
[2024-07-25T00:12:41.758+0000] {taskinstance.py:1279} INFO - 
--------------------------------------------------------------------------------
[2024-07-25T00:12:41.759+0000] {taskinstance.py:1280} INFO - Starting attempt 1 of 1
[2024-07-25T00:12:41.759+0000] {taskinstance.py:1281} INFO - 
--------------------------------------------------------------------------------
[2024-07-25T00:12:41.769+0000] {taskinstance.py:1300} INFO - Executing <Task(BashOperator): tsk1> on 2024-07-25 00:12:41.043401+00:00
[2024-07-25T00:12:41.771+0000] {standard_task_runner.py:55} INFO - Started process 27432 to run task
[2024-07-25T00:12:41.774+0000] {standard_task_runner.py:82} INFO - Running: ['***', 'tasks', 'run', 'exemplo_run_dag_operator_1', 'tsk1', 'manual__2024-07-25T00:12:41.043401+00:00', '--job-id', '1334', '--raw', '--subdir', 'DAGS_FOLDER/exemplo_run_dag_operator_1.py', '--cfg-path', '/tmp/tmpulamqk41']
[2024-07-25T00:12:41.774+0000] {standard_task_runner.py:83} INFO - Job 1334: Subtask tsk1
[2024-07-25T00:12:41.839+0000] {task_command.py:388} INFO - Running <TaskInstance: exemplo_run_dag_operator_1.tsk1 manual__2024-07-25T00:12:41.043401+00:00 [running]> on host 448a9c84d52e
[2024-07-25T00:12:41.900+0000] {taskinstance.py:1509} INFO - Exporting the following env vars:
AIRFLOW_CTX_DAG_OWNER=***
AIRFLOW_CTX_DAG_ID=exemplo_run_dag_operator_1
AIRFLOW_CTX_TASK_ID=tsk1
AIRFLOW_CTX_EXECUTION_DATE=2024-07-25T00:12:41.043401+00:00
AIRFLOW_CTX_TRY_NUMBER=1
AIRFLOW_CTX_DAG_RUN_ID=manual__2024-07-25T00:12:41.043401+00:00
[2024-07-25T00:12:41.902+0000] {subprocess.py:63} INFO - Tmp dir root location: 
 /tmp
[2024-07-25T00:12:41.902+0000] {subprocess.py:75} INFO - Running command: ['/bin/bash', '-c', 'sleep 5']
[2024-07-25T00:12:41.910+0000] {subprocess.py:86} INFO - Output:
[2024-07-25T00:12:46.919+0000] {subprocess.py:97} INFO - Command exited with return code 0
[2024-07-25T00:12:46.947+0000] {taskinstance.py:1323} INFO - Marking task as SUCCESS. dag_id=exemplo_run_dag_operator_1, task_id=tsk1, execution_date=20240725T001241, start_date=20240725T001241, end_date=20240725T001246
[2024-07-25T00:12:46.974+0000] {local_task_job.py:208} INFO - Task exited with return code 0
[2024-07-25T00:12:46.989+0000] {taskinstance.py:2578} INFO - 1 downstream tasks scheduled from follow-on schedule check
