[2024-07-27T13:08:27.134+0000] {taskinstance.py:1083} INFO - Dependencies all met for <TaskInstance: exemplo_defaultargs.tsk3 scheduled__2024-07-27T12:00:00+00:00 [queued]>
[2024-07-27T13:08:27.140+0000] {taskinstance.py:1083} INFO - Dependencies all met for <TaskInstance: exemplo_defaultargs.tsk3 scheduled__2024-07-27T12:00:00+00:00 [queued]>
[2024-07-27T13:08:27.140+0000] {taskinstance.py:1279} INFO - 
--------------------------------------------------------------------------------
[2024-07-27T13:08:27.140+0000] {taskinstance.py:1280} INFO - Starting attempt 1 of 2
[2024-07-27T13:08:27.141+0000] {taskinstance.py:1281} INFO - 
--------------------------------------------------------------------------------
[2024-07-27T13:08:27.148+0000] {taskinstance.py:1300} INFO - Executing <Task(BashOperator): tsk3> on 2024-07-27 12:00:00+00:00
[2024-07-27T13:08:27.151+0000] {standard_task_runner.py:55} INFO - Started process 10847 to run task
[2024-07-27T13:08:27.153+0000] {standard_task_runner.py:82} INFO - Running: ['***', 'tasks', 'run', 'exemplo_defaultargs', 'tsk3', 'scheduled__2024-07-27T12:00:00+00:00', '--job-id', '1817', '--raw', '--subdir', 'DAGS_FOLDER/exemplo_defaultargs.py', '--cfg-path', '/tmp/tmpjpgjq6mr']
[2024-07-27T13:08:27.153+0000] {standard_task_runner.py:83} INFO - Job 1817: Subtask tsk3
[2024-07-27T13:08:27.187+0000] {task_command.py:388} INFO - Running <TaskInstance: exemplo_defaultargs.tsk3 scheduled__2024-07-27T12:00:00+00:00 [running]> on host ec0bbc56d6ed
[2024-07-27T13:08:27.225+0000] {taskinstance.py:1509} INFO - Exporting the following env vars:
AIRFLOW_CTX_DAG_EMAIL=test@test.com
AIRFLOW_CTX_DAG_OWNER=***
AIRFLOW_CTX_DAG_ID=exemplo_defaultargs
AIRFLOW_CTX_TASK_ID=tsk3
AIRFLOW_CTX_EXECUTION_DATE=2024-07-27T12:00:00+00:00
AIRFLOW_CTX_TRY_NUMBER=1
AIRFLOW_CTX_DAG_RUN_ID=scheduled__2024-07-27T12:00:00+00:00
[2024-07-27T13:08:27.226+0000] {subprocess.py:63} INFO - Tmp dir root location: 
 /tmp
[2024-07-27T13:08:27.226+0000] {subprocess.py:75} INFO - Running command: ['/bin/bash', '-c', 'sleep 5']
[2024-07-27T13:08:27.233+0000] {subprocess.py:86} INFO - Output:
[2024-07-27T13:08:32.237+0000] {subprocess.py:97} INFO - Command exited with return code 0
[2024-07-27T13:08:32.259+0000] {taskinstance.py:1323} INFO - Marking task as SUCCESS. dag_id=exemplo_defaultargs, task_id=tsk3, execution_date=20240727T120000, start_date=20240727T130827, end_date=20240727T130832
[2024-07-27T13:08:32.291+0000] {local_task_job.py:208} INFO - Task exited with return code 0
[2024-07-27T13:08:32.301+0000] {taskinstance.py:2578} INFO - 0 downstream tasks scheduled from follow-on schedule check
