[2024-07-25T02:15:59.359+0000] {taskinstance.py:1083} INFO - Dependencies all met for <TaskInstance: exemplo_paralelismo.tsk1 manual__2024-07-25T02:15:58.562459+00:00 [queued]>
[2024-07-25T02:15:59.368+0000] {taskinstance.py:1083} INFO - Dependencies all met for <TaskInstance: exemplo_paralelismo.tsk1 manual__2024-07-25T02:15:58.562459+00:00 [queued]>
[2024-07-25T02:15:59.368+0000] {taskinstance.py:1279} INFO - 
--------------------------------------------------------------------------------
[2024-07-25T02:15:59.368+0000] {taskinstance.py:1280} INFO - Starting attempt 1 of 1
[2024-07-25T02:15:59.368+0000] {taskinstance.py:1281} INFO - 
--------------------------------------------------------------------------------
[2024-07-25T02:15:59.379+0000] {taskinstance.py:1300} INFO - Executing <Task(BashOperator): tsk1> on 2024-07-25 02:15:58.562459+00:00
[2024-07-25T02:15:59.383+0000] {standard_task_runner.py:55} INFO - Started process 31051 to run task
[2024-07-25T02:15:59.385+0000] {standard_task_runner.py:82} INFO - Running: ['***', 'tasks', 'run', 'exemplo_paralelismo', 'tsk1', 'manual__2024-07-25T02:15:58.562459+00:00', '--job-id', '1351', '--raw', '--subdir', 'DAGS_FOLDER/exemplo_paralelismo.py', '--cfg-path', '/tmp/tmpodcai2s2']
[2024-07-25T02:15:59.386+0000] {standard_task_runner.py:83} INFO - Job 1351: Subtask tsk1
[2024-07-25T02:15:59.435+0000] {task_command.py:388} INFO - Running <TaskInstance: exemplo_paralelismo.tsk1 manual__2024-07-25T02:15:58.562459+00:00 [running]> on host 448a9c84d52e
[2024-07-25T02:15:59.535+0000] {taskinstance.py:1509} INFO - Exporting the following env vars:
AIRFLOW_CTX_DAG_OWNER=***
AIRFLOW_CTX_DAG_ID=exemplo_paralelismo
AIRFLOW_CTX_TASK_ID=tsk1
AIRFLOW_CTX_EXECUTION_DATE=2024-07-25T02:15:58.562459+00:00
AIRFLOW_CTX_TRY_NUMBER=1
AIRFLOW_CTX_DAG_RUN_ID=manual__2024-07-25T02:15:58.562459+00:00
[2024-07-25T02:15:59.539+0000] {subprocess.py:63} INFO - Tmp dir root location: 
 /tmp
[2024-07-25T02:15:59.540+0000] {subprocess.py:75} INFO - Running command: ['/bin/bash', '-c', 'sleep 5']
[2024-07-25T02:15:59.555+0000] {subprocess.py:86} INFO - Output:
[2024-07-25T02:16:04.563+0000] {subprocess.py:97} INFO - Command exited with return code 0
[2024-07-25T02:16:04.637+0000] {taskinstance.py:1323} INFO - Marking task as SUCCESS. dag_id=exemplo_paralelismo, task_id=tsk1, execution_date=20240725T021558, start_date=20240725T021559, end_date=20240725T021604
[2024-07-25T02:16:04.704+0000] {local_task_job.py:208} INFO - Task exited with return code 0
[2024-07-25T02:16:04.767+0000] {taskinstance.py:2578} INFO - 2 downstream tasks scheduled from follow-on schedule check
