[2024-07-25T02:15:51.129+0000] {taskinstance.py:1083} INFO - Dependencies all met for <TaskInstance: exemplo_bitwise_e_setstream.tsk1 manual__2024-07-25T02:15:49.971518+00:00 [queued]>
[2024-07-25T02:15:51.137+0000] {taskinstance.py:1083} INFO - Dependencies all met for <TaskInstance: exemplo_bitwise_e_setstream.tsk1 manual__2024-07-25T02:15:49.971518+00:00 [queued]>
[2024-07-25T02:15:51.137+0000] {taskinstance.py:1279} INFO - 
--------------------------------------------------------------------------------
[2024-07-25T02:15:51.137+0000] {taskinstance.py:1280} INFO - Starting attempt 1 of 1
[2024-07-25T02:15:51.138+0000] {taskinstance.py:1281} INFO - 
--------------------------------------------------------------------------------
[2024-07-25T02:15:51.148+0000] {taskinstance.py:1300} INFO - Executing <Task(BashOperator): tsk1> on 2024-07-25 02:15:49.971518+00:00
[2024-07-25T02:15:51.151+0000] {standard_task_runner.py:55} INFO - Started process 31017 to run task
[2024-07-25T02:15:51.154+0000] {standard_task_runner.py:82} INFO - Running: ['***', 'tasks', 'run', 'exemplo_bitwise_e_setstream', 'tsk1', 'manual__2024-07-25T02:15:49.971518+00:00', '--job-id', '1342', '--raw', '--subdir', 'DAGS_FOLDER/exemplo_bitwise_e_setstream.py', '--cfg-path', '/tmp/tmp_5hyk1e2']
[2024-07-25T02:15:51.155+0000] {standard_task_runner.py:83} INFO - Job 1342: Subtask tsk1
[2024-07-25T02:15:51.239+0000] {task_command.py:388} INFO - Running <TaskInstance: exemplo_bitwise_e_setstream.tsk1 manual__2024-07-25T02:15:49.971518+00:00 [running]> on host 448a9c84d52e
[2024-07-25T02:15:51.354+0000] {taskinstance.py:1509} INFO - Exporting the following env vars:
AIRFLOW_CTX_DAG_OWNER=***
AIRFLOW_CTX_DAG_ID=exemplo_bitwise_e_setstream
AIRFLOW_CTX_TASK_ID=tsk1
AIRFLOW_CTX_EXECUTION_DATE=2024-07-25T02:15:49.971518+00:00
AIRFLOW_CTX_TRY_NUMBER=1
AIRFLOW_CTX_DAG_RUN_ID=manual__2024-07-25T02:15:49.971518+00:00
[2024-07-25T02:15:51.355+0000] {subprocess.py:63} INFO - Tmp dir root location: 
 /tmp
[2024-07-25T02:15:51.356+0000] {subprocess.py:75} INFO - Running command: ['/bin/bash', '-c', 'sleep 5']
[2024-07-25T02:15:51.365+0000] {subprocess.py:86} INFO - Output:
[2024-07-25T02:15:56.374+0000] {subprocess.py:97} INFO - Command exited with return code 0
[2024-07-25T02:15:56.415+0000] {taskinstance.py:1323} INFO - Marking task as SUCCESS. dag_id=exemplo_bitwise_e_setstream, task_id=tsk1, execution_date=20240725T021549, start_date=20240725T021551, end_date=20240725T021556
[2024-07-25T02:15:56.437+0000] {local_task_job.py:208} INFO - Task exited with return code 0
[2024-07-25T02:15:56.472+0000] {taskinstance.py:2578} INFO - 2 downstream tasks scheduled from follow-on schedule check
