[2024-07-26T20:00:01.867+0000] {taskinstance.py:1083} INFO - Dependencies all met for <TaskInstance: exemplo_email_operator.1-Bash scheduled__2024-07-26T19:00:00+00:00 [queued]>
[2024-07-26T20:00:01.882+0000] {taskinstance.py:1083} INFO - Dependencies all met for <TaskInstance: exemplo_email_operator.1-Bash scheduled__2024-07-26T19:00:00+00:00 [queued]>
[2024-07-26T20:00:01.883+0000] {taskinstance.py:1279} INFO - 
--------------------------------------------------------------------------------
[2024-07-26T20:00:01.883+0000] {taskinstance.py:1280} INFO - Starting attempt 1 of 2
[2024-07-26T20:00:01.884+0000] {taskinstance.py:1281} INFO - 
--------------------------------------------------------------------------------
[2024-07-26T20:00:01.896+0000] {taskinstance.py:1300} INFO - Executing <Task(BashOperator): 1-Bash> on 2024-07-26 19:00:00+00:00
[2024-07-26T20:00:01.901+0000] {standard_task_runner.py:55} INFO - Started process 47571 to run task
[2024-07-26T20:00:01.909+0000] {standard_task_runner.py:82} INFO - Running: ['***', 'tasks', 'run', 'exemplo_email_operator', '1-Bash', 'scheduled__2024-07-26T19:00:00+00:00', '--job-id', '1666', '--raw', '--subdir', 'DAGS_FOLDER/exemplo_email_operator.py', '--cfg-path', '/tmp/tmpj99hfda9']
[2024-07-26T20:00:01.915+0000] {standard_task_runner.py:83} INFO - Job 1666: Subtask 1-Bash
[2024-07-26T20:00:02.067+0000] {task_command.py:388} INFO - Running <TaskInstance: exemplo_email_operator.1-Bash scheduled__2024-07-26T19:00:00+00:00 [running]> on host 029011c5aea1
[2024-07-26T20:00:02.205+0000] {taskinstance.py:1509} INFO - Exporting the following env vars:
AIRFLOW_CTX_DAG_EMAIL=caue.ausec@gmail.com
AIRFLOW_CTX_DAG_OWNER=***
AIRFLOW_CTX_DAG_ID=exemplo_email_operator
AIRFLOW_CTX_TASK_ID=1-Bash
AIRFLOW_CTX_EXECUTION_DATE=2024-07-26T19:00:00+00:00
AIRFLOW_CTX_TRY_NUMBER=1
AIRFLOW_CTX_DAG_RUN_ID=scheduled__2024-07-26T19:00:00+00:00
[2024-07-26T20:00:02.212+0000] {subprocess.py:63} INFO - Tmp dir root location: 
 /tmp
[2024-07-26T20:00:02.214+0000] {subprocess.py:75} INFO - Running command: ['/bin/bash', '-c', 'sleep 1']
[2024-07-26T20:00:02.234+0000] {subprocess.py:86} INFO - Output:
[2024-07-26T20:00:03.254+0000] {subprocess.py:97} INFO - Command exited with return code 0
[2024-07-26T20:00:03.390+0000] {taskinstance.py:1323} INFO - Marking task as SUCCESS. dag_id=exemplo_email_operator, task_id=1-Bash, execution_date=20240726T190000, start_date=20240726T200001, end_date=20240726T200003
[2024-07-26T20:00:03.444+0000] {local_task_job.py:208} INFO - Task exited with return code 0
[2024-07-26T20:00:03.510+0000] {taskinstance.py:2578} INFO - 1 downstream tasks scheduled from follow-on schedule check
