[2024-07-23T03:19:15.721+0000] {taskinstance.py:1083} INFO - Dependencies all met for <TaskInstance: exemplo_triggerule_allfailed.tsk3 manual__2024-07-23T03:19:14.281199+00:00 [queued]>
[2024-07-23T03:19:15.727+0000] {taskinstance.py:1083} INFO - Dependencies all met for <TaskInstance: exemplo_triggerule_allfailed.tsk3 manual__2024-07-23T03:19:14.281199+00:00 [queued]>
[2024-07-23T03:19:15.727+0000] {taskinstance.py:1279} INFO - 
--------------------------------------------------------------------------------
[2024-07-23T03:19:15.727+0000] {taskinstance.py:1280} INFO - Starting attempt 1 of 1
[2024-07-23T03:19:15.727+0000] {taskinstance.py:1281} INFO - 
--------------------------------------------------------------------------------
[2024-07-23T03:19:15.736+0000] {taskinstance.py:1300} INFO - Executing <Task(BashOperator): tsk3> on 2024-07-23 03:19:14.281199+00:00
[2024-07-23T03:19:15.739+0000] {standard_task_runner.py:55} INFO - Started process 6458 to run task
[2024-07-23T03:19:15.741+0000] {standard_task_runner.py:82} INFO - Running: ['***', 'tasks', 'run', 'exemplo_triggerule_allfailed', 'tsk3', 'manual__2024-07-23T03:19:14.281199+00:00', '--job-id', '1307', '--raw', '--subdir', 'DAGS_FOLDER/exemplo_triggerule_allfailed.py', '--cfg-path', '/tmp/tmpp_65xmsz']
[2024-07-23T03:19:15.741+0000] {standard_task_runner.py:83} INFO - Job 1307: Subtask tsk3
[2024-07-23T03:19:15.775+0000] {task_command.py:388} INFO - Running <TaskInstance: exemplo_triggerule_allfailed.tsk3 manual__2024-07-23T03:19:14.281199+00:00 [running]> on host 448a9c84d52e
[2024-07-23T03:19:15.813+0000] {taskinstance.py:1509} INFO - Exporting the following env vars:
AIRFLOW_CTX_DAG_OWNER=***
AIRFLOW_CTX_DAG_ID=exemplo_triggerule_allfailed
AIRFLOW_CTX_TASK_ID=tsk3
AIRFLOW_CTX_EXECUTION_DATE=2024-07-23T03:19:14.281199+00:00
AIRFLOW_CTX_TRY_NUMBER=1
AIRFLOW_CTX_DAG_RUN_ID=manual__2024-07-23T03:19:14.281199+00:00
[2024-07-23T03:19:15.813+0000] {subprocess.py:63} INFO - Tmp dir root location: 
 /tmp
[2024-07-23T03:19:15.814+0000] {subprocess.py:75} INFO - Running command: ['/bin/bash', '-c', 'sleep 5']
[2024-07-23T03:19:15.818+0000] {subprocess.py:86} INFO - Output:
[2024-07-23T03:19:20.820+0000] {subprocess.py:97} INFO - Command exited with return code 0
[2024-07-23T03:19:20.836+0000] {taskinstance.py:1323} INFO - Marking task as SUCCESS. dag_id=exemplo_triggerule_allfailed, task_id=tsk3, execution_date=20240723T031914, start_date=20240723T031915, end_date=20240723T031920
[2024-07-23T03:19:20.850+0000] {local_task_job.py:208} INFO - Task exited with return code 0
[2024-07-23T03:19:20.860+0000] {taskinstance.py:2578} INFO - 0 downstream tasks scheduled from follow-on schedule check
