[2024-07-22T02:31:59.575+0000] {taskinstance.py:1083} INFO - Dependencies all met for <TaskInstance: example_short_circuit_decorator.condition_is_false scheduled__2024-07-21T02:31:44.126779+00:00 [queued]>
[2024-07-22T02:31:59.600+0000] {taskinstance.py:1083} INFO - Dependencies all met for <TaskInstance: example_short_circuit_decorator.condition_is_false scheduled__2024-07-21T02:31:44.126779+00:00 [queued]>
[2024-07-22T02:31:59.616+0000] {taskinstance.py:1279} INFO - 
--------------------------------------------------------------------------------
[2024-07-22T02:31:59.620+0000] {taskinstance.py:1280} INFO - Starting attempt 1 of 1
[2024-07-22T02:31:59.622+0000] {taskinstance.py:1281} INFO - 
--------------------------------------------------------------------------------
[2024-07-22T02:31:59.638+0000] {taskinstance.py:1300} INFO - Executing <Task(_ShortCircuitDecoratedOperator): condition_is_false> on 2024-07-21 02:31:44.126779+00:00
[2024-07-22T02:31:59.644+0000] {standard_task_runner.py:55} INFO - Started process 1156 to run task
[2024-07-22T02:31:59.648+0000] {standard_task_runner.py:82} INFO - Running: ['***', 'tasks', 'run', 'example_short_circuit_decorator', 'condition_is_false', 'scheduled__2024-07-21T02:31:44.126779+00:00', '--job-id', '310', '--raw', '--subdir', '/home/***/.local/lib/python3.7/site-packages/***/example_dags/example_short_circuit_decorator.py', '--cfg-path', '/tmp/tmp9e7gzu8b']
[2024-07-22T02:31:59.649+0000] {standard_task_runner.py:83} INFO - Job 310: Subtask condition_is_false
[2024-07-22T02:31:59.851+0000] {task_command.py:388} INFO - Running <TaskInstance: example_short_circuit_decorator.condition_is_false scheduled__2024-07-21T02:31:44.126779+00:00 [running]> on host 06eaaebc2caa
[2024-07-22T02:32:00.362+0000] {taskinstance.py:1509} INFO - Exporting the following env vars:
AIRFLOW_CTX_DAG_OWNER=***
AIRFLOW_CTX_DAG_ID=example_short_circuit_decorator
AIRFLOW_CTX_TASK_ID=condition_is_false
AIRFLOW_CTX_EXECUTION_DATE=2024-07-21T02:31:44.126779+00:00
AIRFLOW_CTX_TRY_NUMBER=1
AIRFLOW_CTX_DAG_RUN_ID=scheduled__2024-07-21T02:31:44.126779+00:00
[2024-07-22T02:32:00.365+0000] {python.py:177} INFO - Done. Returned value was: False
[2024-07-22T02:32:00.379+0000] {python.py:248} INFO - Condition result is False
[2024-07-22T02:32:00.381+0000] {python.py:262} INFO - Skipping all downstream tasks...
[2024-07-22T02:32:00.454+0000] {python.py:270} INFO - Done.
[2024-07-22T02:32:00.489+0000] {taskinstance.py:1323} INFO - Marking task as SUCCESS. dag_id=example_short_circuit_decorator, task_id=condition_is_false, execution_date=20240721T023144, start_date=20240722T023159, end_date=20240722T023200
[2024-07-22T02:32:00.555+0000] {local_task_job.py:208} INFO - Task exited with return code 0
[2024-07-22T02:32:00.659+0000] {taskinstance.py:2578} INFO - 0 downstream tasks scheduled from follow-on schedule check
