[2024-07-27T15:04:23.819+0000] {taskinstance.py:1083} INFO - Dependencies all met for <TaskInstance: exemplo_defaultargs.tsk3 scheduled__2024-07-27T14:00:00+00:00 [queued]>
[2024-07-27T15:04:23.827+0000] {taskinstance.py:1083} INFO - Dependencies all met for <TaskInstance: exemplo_defaultargs.tsk3 scheduled__2024-07-27T14:00:00+00:00 [queued]>
[2024-07-27T15:04:23.831+0000] {taskinstance.py:1279} INFO - 
--------------------------------------------------------------------------------
[2024-07-27T15:04:23.831+0000] {taskinstance.py:1280} INFO - Starting attempt 1 of 2
[2024-07-27T15:04:23.831+0000] {taskinstance.py:1281} INFO - 
--------------------------------------------------------------------------------
[2024-07-27T15:04:23.839+0000] {taskinstance.py:1300} INFO - Executing <Task(BashOperator): tsk3> on 2024-07-27 14:00:00+00:00
[2024-07-27T15:04:23.842+0000] {standard_task_runner.py:55} INFO - Started process 12524 to run task
[2024-07-27T15:04:23.844+0000] {standard_task_runner.py:82} INFO - Running: ['***', 'tasks', 'run', 'exemplo_defaultargs', 'tsk3', 'scheduled__2024-07-27T14:00:00+00:00', '--job-id', '1823', '--raw', '--subdir', 'DAGS_FOLDER/exemplo_defaultargs.py', '--cfg-path', '/tmp/tmpdfcy66uy']
[2024-07-27T15:04:23.845+0000] {standard_task_runner.py:83} INFO - Job 1823: Subtask tsk3
[2024-07-27T15:04:23.894+0000] {task_command.py:388} INFO - Running <TaskInstance: exemplo_defaultargs.tsk3 scheduled__2024-07-27T14:00:00+00:00 [running]> on host ec0bbc56d6ed
[2024-07-27T15:04:23.941+0000] {taskinstance.py:1509} INFO - Exporting the following env vars:
AIRFLOW_CTX_DAG_EMAIL=test@test.com
AIRFLOW_CTX_DAG_OWNER=***
AIRFLOW_CTX_DAG_ID=exemplo_defaultargs
AIRFLOW_CTX_TASK_ID=tsk3
AIRFLOW_CTX_EXECUTION_DATE=2024-07-27T14:00:00+00:00
AIRFLOW_CTX_TRY_NUMBER=1
AIRFLOW_CTX_DAG_RUN_ID=scheduled__2024-07-27T14:00:00+00:00
[2024-07-27T15:04:23.942+0000] {subprocess.py:63} INFO - Tmp dir root location: 
 /tmp
[2024-07-27T15:04:23.943+0000] {subprocess.py:75} INFO - Running command: ['/bin/bash', '-c', 'sleep 5']
[2024-07-27T15:04:23.951+0000] {subprocess.py:86} INFO - Output:
[2024-07-27T15:04:28.956+0000] {subprocess.py:97} INFO - Command exited with return code 0
[2024-07-27T15:04:28.977+0000] {taskinstance.py:1323} INFO - Marking task as SUCCESS. dag_id=exemplo_defaultargs, task_id=tsk3, execution_date=20240727T140000, start_date=20240727T150423, end_date=20240727T150428
[2024-07-27T15:04:29.011+0000] {local_task_job.py:208} INFO - Task exited with return code 0
[2024-07-27T15:04:29.022+0000] {taskinstance.py:2578} INFO - 0 downstream tasks scheduled from follow-on schedule check
