[2024-07-27T03:09:32.681+0000] {taskinstance.py:1083} INFO - Dependencies all met for <TaskInstance: exemplo_branch.branch manual__2024-07-27T03:09:30.893792+00:00 [queued]>
[2024-07-27T03:09:32.687+0000] {taskinstance.py:1083} INFO - Dependencies all met for <TaskInstance: exemplo_branch.branch manual__2024-07-27T03:09:30.893792+00:00 [queued]>
[2024-07-27T03:09:32.687+0000] {taskinstance.py:1279} INFO - 
--------------------------------------------------------------------------------
[2024-07-27T03:09:32.687+0000] {taskinstance.py:1280} INFO - Starting attempt 1 of 1
[2024-07-27T03:09:32.687+0000] {taskinstance.py:1281} INFO - 
--------------------------------------------------------------------------------
[2024-07-27T03:09:32.694+0000] {taskinstance.py:1300} INFO - Executing <Task(BranchPythonOperator): branch> on 2024-07-27 03:09:30.893792+00:00
[2024-07-27T03:09:32.696+0000] {standard_task_runner.py:55} INFO - Started process 80115 to run task
[2024-07-27T03:09:32.698+0000] {standard_task_runner.py:82} INFO - Running: ['***', 'tasks', 'run', 'exemplo_branch', 'branch', 'manual__2024-07-27T03:09:30.893792+00:00', '--job-id', '1760', '--raw', '--subdir', 'DAGS_FOLDER/__pycache__/exemplo_branch.py', '--cfg-path', '/tmp/tmpy6d_ijir']
[2024-07-27T03:09:32.699+0000] {standard_task_runner.py:83} INFO - Job 1760: Subtask branch
[2024-07-27T03:09:32.743+0000] {task_command.py:388} INFO - Running <TaskInstance: exemplo_branch.branch manual__2024-07-27T03:09:30.893792+00:00 [running]> on host 029011c5aea1
[2024-07-27T03:09:32.783+0000] {taskinstance.py:1509} INFO - Exporting the following env vars:
AIRFLOW_CTX_DAG_OWNER=***
AIRFLOW_CTX_DAG_ID=exemplo_branch
AIRFLOW_CTX_TASK_ID=branch
AIRFLOW_CTX_EXECUTION_DATE=2024-07-27T03:09:30.893792+00:00
AIRFLOW_CTX_TRY_NUMBER=1
AIRFLOW_CTX_DAG_RUN_ID=manual__2024-07-27T03:09:30.893792+00:00
[2024-07-27T03:09:32.793+0000] {python.py:177} INFO - Done. Returned value was: even
[2024-07-27T03:09:32.794+0000] {python.py:211} INFO - Branch callable return even
[2024-07-27T03:09:32.795+0000] {skipmixin.py:155} INFO - Following branch even
[2024-07-27T03:09:32.796+0000] {skipmixin.py:211} INFO - Skipping tasks ['odd']
[2024-07-27T03:09:32.829+0000] {taskinstance.py:1323} INFO - Marking task as SUCCESS. dag_id=exemplo_branch, task_id=branch, execution_date=20240727T030930, start_date=20240727T030932, end_date=20240727T030932
[2024-07-27T03:09:32.881+0000] {local_task_job.py:208} INFO - Task exited with return code 0
[2024-07-27T03:09:32.900+0000] {taskinstance.py:2578} INFO - 1 downstream tasks scheduled from follow-on schedule check
