[2024-07-26T02:37:23.087+0000] {taskinstance.py:1083} INFO - Dependencies all met for <TaskInstance: exemplo_email_operator.3-Bash manual__2024-07-26T02:37:19.788881+00:00 [queued]>
[2024-07-26T02:37:23.095+0000] {taskinstance.py:1083} INFO - Dependencies all met for <TaskInstance: exemplo_email_operator.3-Bash manual__2024-07-26T02:37:19.788881+00:00 [queued]>
[2024-07-26T02:37:23.097+0000] {taskinstance.py:1279} INFO - 
--------------------------------------------------------------------------------
[2024-07-26T02:37:23.098+0000] {taskinstance.py:1280} INFO - Starting attempt 1 of 2
[2024-07-26T02:37:23.098+0000] {taskinstance.py:1281} INFO - 
--------------------------------------------------------------------------------
[2024-07-26T02:37:23.109+0000] {taskinstance.py:1300} INFO - Executing <Task(BashOperator): 3-Bash> on 2024-07-26 02:37:19.788881+00:00
[2024-07-26T02:37:23.112+0000] {standard_task_runner.py:55} INFO - Started process 1790 to run task
[2024-07-26T02:37:23.114+0000] {standard_task_runner.py:82} INFO - Running: ['***', 'tasks', 'run', 'exemplo_email_operator', '3-Bash', 'manual__2024-07-26T02:37:19.788881+00:00', '--job-id', '1468', '--raw', '--subdir', 'DAGS_FOLDER/exemplo_email_operator.py', '--cfg-path', '/tmp/tmp4y6bwvon']
[2024-07-26T02:37:23.115+0000] {standard_task_runner.py:83} INFO - Job 1468: Subtask 3-Bash
[2024-07-26T02:37:23.154+0000] {task_command.py:388} INFO - Running <TaskInstance: exemplo_email_operator.3-Bash manual__2024-07-26T02:37:19.788881+00:00 [running]> on host 4e9420b3fb00
[2024-07-26T02:37:23.192+0000] {taskinstance.py:1509} INFO - Exporting the following env vars:
AIRFLOW_CTX_DAG_EMAIL=caue.ausec@gmail.com
AIRFLOW_CTX_DAG_OWNER=***
AIRFLOW_CTX_DAG_ID=exemplo_email_operator
AIRFLOW_CTX_TASK_ID=3-Bash
AIRFLOW_CTX_EXECUTION_DATE=2024-07-26T02:37:19.788881+00:00
AIRFLOW_CTX_TRY_NUMBER=1
AIRFLOW_CTX_DAG_RUN_ID=manual__2024-07-26T02:37:19.788881+00:00
[2024-07-26T02:37:23.193+0000] {subprocess.py:63} INFO - Tmp dir root location: 
 /tmp
[2024-07-26T02:37:23.193+0000] {subprocess.py:75} INFO - Running command: ['/bin/bash', '-c', 'sleep 1']
[2024-07-26T02:37:23.200+0000] {subprocess.py:86} INFO - Output:
[2024-07-26T02:37:24.203+0000] {subprocess.py:97} INFO - Command exited with return code 0
[2024-07-26T02:37:24.218+0000] {taskinstance.py:1323} INFO - Marking task as SUCCESS. dag_id=exemplo_email_operator, task_id=3-Bash, execution_date=20240726T023719, start_date=20240726T023723, end_date=20240726T023724
[2024-07-26T02:37:24.240+0000] {local_task_job.py:208} INFO - Task exited with return code 0
[2024-07-26T02:37:24.260+0000] {taskinstance.py:2578} INFO - 1 downstream tasks scheduled from follow-on schedule check
