[2024-07-23T00:39:59.770+0000] {taskinstance.py:1083} INFO - Dependencies all met for <TaskInstance: downstream_dag.tsk4 manual__2024-07-23T00:39:48.335092+00:00 [queued]>
[2024-07-23T00:39:59.776+0000] {taskinstance.py:1083} INFO - Dependencies all met for <TaskInstance: downstream_dag.tsk4 manual__2024-07-23T00:39:48.335092+00:00 [queued]>
[2024-07-23T00:39:59.776+0000] {taskinstance.py:1279} INFO - 
--------------------------------------------------------------------------------
[2024-07-23T00:39:59.777+0000] {taskinstance.py:1280} INFO - Starting attempt 1 of 1
[2024-07-23T00:39:59.778+0000] {taskinstance.py:1281} INFO - 
--------------------------------------------------------------------------------
[2024-07-23T00:39:59.787+0000] {taskinstance.py:1300} INFO - Executing <Task(BashOperator): tsk4> on 2024-07-23 00:39:48.335092+00:00
[2024-07-23T00:39:59.789+0000] {standard_task_runner.py:55} INFO - Started process 2403 to run task
[2024-07-23T00:39:59.791+0000] {standard_task_runner.py:82} INFO - Running: ['***', 'tasks', 'run', 'downstream_dag', 'tsk4', 'manual__2024-07-23T00:39:48.335092+00:00', '--job-id', '1283', '--raw', '--subdir', 'DAGS_FOLDER/downstream_dag.py', '--cfg-path', '/tmp/tmp_4ubtagq']
[2024-07-23T00:39:59.792+0000] {standard_task_runner.py:83} INFO - Job 1283: Subtask tsk4
[2024-07-23T00:39:59.821+0000] {task_command.py:388} INFO - Running <TaskInstance: downstream_dag.tsk4 manual__2024-07-23T00:39:48.335092+00:00 [running]> on host 448a9c84d52e
[2024-07-23T00:39:59.856+0000] {taskinstance.py:1509} INFO - Exporting the following env vars:
AIRFLOW_CTX_DAG_OWNER=***
AIRFLOW_CTX_DAG_ID=downstream_dag
AIRFLOW_CTX_TASK_ID=tsk4
AIRFLOW_CTX_EXECUTION_DATE=2024-07-23T00:39:48.335092+00:00
AIRFLOW_CTX_TRY_NUMBER=1
AIRFLOW_CTX_DAG_RUN_ID=manual__2024-07-23T00:39:48.335092+00:00
[2024-07-23T00:39:59.856+0000] {subprocess.py:63} INFO - Tmp dir root location: 
 /tmp
[2024-07-23T00:39:59.857+0000] {subprocess.py:75} INFO - Running command: ['/bin/bash', '-c', 'sleep 5']
[2024-07-23T00:39:59.861+0000] {subprocess.py:86} INFO - Output:
[2024-07-23T00:40:04.865+0000] {subprocess.py:97} INFO - Command exited with return code 0
[2024-07-23T00:40:04.885+0000] {taskinstance.py:1323} INFO - Marking task as SUCCESS. dag_id=downstream_dag, task_id=tsk4, execution_date=20240723T003948, start_date=20240723T003959, end_date=20240723T004004
[2024-07-23T00:40:04.916+0000] {local_task_job.py:208} INFO - Task exited with return code 0
[2024-07-23T00:40:04.932+0000] {taskinstance.py:2578} INFO - 0 downstream tasks scheduled from follow-on schedule check
