[2024-07-27T03:09:57.075+0000] {taskinstance.py:1083} INFO - Dependencies all met for <TaskInstance: exemplo_branch.acquire_random manual__2024-07-27T03:09:56.320218+00:00 [queued]>
[2024-07-27T03:09:57.082+0000] {taskinstance.py:1083} INFO - Dependencies all met for <TaskInstance: exemplo_branch.acquire_random manual__2024-07-27T03:09:56.320218+00:00 [queued]>
[2024-07-27T03:09:57.083+0000] {taskinstance.py:1279} INFO - 
--------------------------------------------------------------------------------
[2024-07-27T03:09:57.083+0000] {taskinstance.py:1280} INFO - Starting attempt 1 of 1
[2024-07-27T03:09:57.083+0000] {taskinstance.py:1281} INFO - 
--------------------------------------------------------------------------------
[2024-07-27T03:09:57.091+0000] {taskinstance.py:1300} INFO - Executing <Task(PythonOperator): acquire_random> on 2024-07-27 03:09:56.320218+00:00
[2024-07-27T03:09:57.095+0000] {standard_task_runner.py:55} INFO - Started process 80159 to run task
[2024-07-27T03:09:57.098+0000] {standard_task_runner.py:82} INFO - Running: ['***', 'tasks', 'run', 'exemplo_branch', 'acquire_random', 'manual__2024-07-27T03:09:56.320218+00:00', '--job-id', '1765', '--raw', '--subdir', 'DAGS_FOLDER/__pycache__/exemplo_branch.py', '--cfg-path', '/tmp/tmpuyov1igr']
[2024-07-27T03:09:57.099+0000] {standard_task_runner.py:83} INFO - Job 1765: Subtask acquire_random
[2024-07-27T03:09:57.152+0000] {task_command.py:388} INFO - Running <TaskInstance: exemplo_branch.acquire_random manual__2024-07-27T03:09:56.320218+00:00 [running]> on host 029011c5aea1
[2024-07-27T03:09:57.198+0000] {taskinstance.py:1509} INFO - Exporting the following env vars:
AIRFLOW_CTX_DAG_OWNER=***
AIRFLOW_CTX_DAG_ID=exemplo_branch
AIRFLOW_CTX_TASK_ID=acquire_random
AIRFLOW_CTX_EXECUTION_DATE=2024-07-27T03:09:56.320218+00:00
AIRFLOW_CTX_TRY_NUMBER=1
AIRFLOW_CTX_DAG_RUN_ID=manual__2024-07-27T03:09:56.320218+00:00
[2024-07-27T03:09:57.199+0000] {python.py:177} INFO - Done. Returned value was: 90
[2024-07-27T03:09:57.212+0000] {taskinstance.py:1323} INFO - Marking task as SUCCESS. dag_id=exemplo_branch, task_id=acquire_random, execution_date=20240727T030956, start_date=20240727T030957, end_date=20240727T030957
[2024-07-27T03:09:57.240+0000] {local_task_job.py:208} INFO - Task exited with return code 0
[2024-07-27T03:09:57.256+0000] {taskinstance.py:2578} INFO - 1 downstream tasks scheduled from follow-on schedule check
