[2024-07-26T18:00:01.361+0000] {taskinstance.py:1083} INFO - Dependencies all met for <TaskInstance: exemplo_email_operator.2-Bash scheduled__2024-07-26T17:00:00+00:00 [queued]>
[2024-07-26T18:00:01.376+0000] {taskinstance.py:1083} INFO - Dependencies all met for <TaskInstance: exemplo_email_operator.2-Bash scheduled__2024-07-26T17:00:00+00:00 [queued]>
[2024-07-26T18:00:01.380+0000] {taskinstance.py:1279} INFO - 
--------------------------------------------------------------------------------
[2024-07-26T18:00:01.380+0000] {taskinstance.py:1280} INFO - Starting attempt 1 of 2
[2024-07-26T18:00:01.382+0000] {taskinstance.py:1281} INFO - 
--------------------------------------------------------------------------------
[2024-07-26T18:00:01.397+0000] {taskinstance.py:1300} INFO - Executing <Task(BashOperator): 2-Bash> on 2024-07-26 17:00:00+00:00
[2024-07-26T18:00:01.401+0000] {standard_task_runner.py:55} INFO - Started process 38005 to run task
[2024-07-26T18:00:01.404+0000] {standard_task_runner.py:82} INFO - Running: ['***', 'tasks', 'run', 'exemplo_email_operator', '2-Bash', 'scheduled__2024-07-26T17:00:00+00:00', '--job-id', '1649', '--raw', '--subdir', 'DAGS_FOLDER/exemplo_email_operator.py', '--cfg-path', '/tmp/tmpyxbvhzle']
[2024-07-26T18:00:01.406+0000] {standard_task_runner.py:83} INFO - Job 1649: Subtask 2-Bash
[2024-07-26T18:00:01.454+0000] {task_command.py:388} INFO - Running <TaskInstance: exemplo_email_operator.2-Bash scheduled__2024-07-26T17:00:00+00:00 [running]> on host 029011c5aea1
[2024-07-26T18:00:01.537+0000] {taskinstance.py:1509} INFO - Exporting the following env vars:
AIRFLOW_CTX_DAG_EMAIL=caue.ausec@gmail.com
AIRFLOW_CTX_DAG_OWNER=***
AIRFLOW_CTX_DAG_ID=exemplo_email_operator
AIRFLOW_CTX_TASK_ID=2-Bash
AIRFLOW_CTX_EXECUTION_DATE=2024-07-26T17:00:00+00:00
AIRFLOW_CTX_TRY_NUMBER=1
AIRFLOW_CTX_DAG_RUN_ID=scheduled__2024-07-26T17:00:00+00:00
[2024-07-26T18:00:01.551+0000] {subprocess.py:63} INFO - Tmp dir root location: 
 /tmp
[2024-07-26T18:00:01.556+0000] {subprocess.py:75} INFO - Running command: ['/bin/bash', '-c', 'sleep 1']
[2024-07-26T18:00:01.582+0000] {subprocess.py:86} INFO - Output:
[2024-07-26T18:00:02.596+0000] {subprocess.py:97} INFO - Command exited with return code 0
[2024-07-26T18:00:02.621+0000] {taskinstance.py:1323} INFO - Marking task as SUCCESS. dag_id=exemplo_email_operator, task_id=2-Bash, execution_date=20240726T170000, start_date=20240726T180001, end_date=20240726T180002
[2024-07-26T18:00:02.666+0000] {local_task_job.py:208} INFO - Task exited with return code 0
[2024-07-26T18:00:02.703+0000] {taskinstance.py:2578} INFO - 0 downstream tasks scheduled from follow-on schedule check
