[2024-07-23T02:59:10.136+0000] {taskinstance.py:1083} INFO - Dependencies all met for <TaskInstance: quarta_dag.tsk1 manual__2024-07-23T02:59:09.465778+00:00 [queued]>
[2024-07-23T02:59:10.144+0000] {taskinstance.py:1083} INFO - Dependencies all met for <TaskInstance: quarta_dag.tsk1 manual__2024-07-23T02:59:09.465778+00:00 [queued]>
[2024-07-23T02:59:10.144+0000] {taskinstance.py:1279} INFO - 
--------------------------------------------------------------------------------
[2024-07-23T02:59:10.145+0000] {taskinstance.py:1280} INFO - Starting attempt 1 of 1
[2024-07-23T02:59:10.146+0000] {taskinstance.py:1281} INFO - 
--------------------------------------------------------------------------------
[2024-07-23T02:59:10.156+0000] {taskinstance.py:1300} INFO - Executing <Task(BashOperator): tsk1> on 2024-07-23 02:59:09.465778+00:00
[2024-07-23T02:59:10.159+0000] {standard_task_runner.py:55} INFO - Started process 4690 to run task
[2024-07-23T02:59:10.161+0000] {standard_task_runner.py:82} INFO - Running: ['***', 'tasks', 'run', 'quarta_dag', 'tsk1', 'manual__2024-07-23T02:59:09.465778+00:00', '--job-id', '1294', '--raw', '--subdir', 'DAGS_FOLDER/quarta_dag.py', '--cfg-path', '/tmp/tmp3fwdsbjy']
[2024-07-23T02:59:10.161+0000] {standard_task_runner.py:83} INFO - Job 1294: Subtask tsk1
[2024-07-23T02:59:10.206+0000] {task_command.py:388} INFO - Running <TaskInstance: quarta_dag.tsk1 manual__2024-07-23T02:59:09.465778+00:00 [running]> on host 448a9c84d52e
[2024-07-23T02:59:10.280+0000] {taskinstance.py:1509} INFO - Exporting the following env vars:
AIRFLOW_CTX_DAG_OWNER=***
AIRFLOW_CTX_DAG_ID=quarta_dag
AIRFLOW_CTX_TASK_ID=tsk1
AIRFLOW_CTX_EXECUTION_DATE=2024-07-23T02:59:09.465778+00:00
AIRFLOW_CTX_TRY_NUMBER=1
AIRFLOW_CTX_DAG_RUN_ID=manual__2024-07-23T02:59:09.465778+00:00
[2024-07-23T02:59:10.282+0000] {subprocess.py:63} INFO - Tmp dir root location: 
 /tmp
[2024-07-23T02:59:10.283+0000] {subprocess.py:75} INFO - Running command: ['/bin/bash', '-c', 'sleep 5']
[2024-07-23T02:59:10.295+0000] {subprocess.py:86} INFO - Output:
[2024-07-23T02:59:15.303+0000] {subprocess.py:97} INFO - Command exited with return code 0
[2024-07-23T02:59:15.326+0000] {taskinstance.py:1323} INFO - Marking task as SUCCESS. dag_id=quarta_dag, task_id=tsk1, execution_date=20240723T025909, start_date=20240723T025910, end_date=20240723T025915
[2024-07-23T02:59:15.365+0000] {local_task_job.py:208} INFO - Task exited with return code 0
[2024-07-23T02:59:15.383+0000] {taskinstance.py:2578} INFO - 1 downstream tasks scheduled from follow-on schedule check
