[2024-07-23T00:40:51.718+0000] {taskinstance.py:1083} INFO - Dependencies all met for <TaskInstance: downstream_dag.tsk1 manual__2024-07-23T00:40:50.865599+00:00 [queued]>
[2024-07-23T00:40:51.724+0000] {taskinstance.py:1083} INFO - Dependencies all met for <TaskInstance: downstream_dag.tsk1 manual__2024-07-23T00:40:50.865599+00:00 [queued]>
[2024-07-23T00:40:51.725+0000] {taskinstance.py:1279} INFO - 
--------------------------------------------------------------------------------
[2024-07-23T00:40:51.725+0000] {taskinstance.py:1280} INFO - Starting attempt 1 of 1
[2024-07-23T00:40:51.725+0000] {taskinstance.py:1281} INFO - 
--------------------------------------------------------------------------------
[2024-07-23T00:40:51.732+0000] {taskinstance.py:1300} INFO - Executing <Task(BashOperator): tsk1> on 2024-07-23 00:40:50.865599+00:00
[2024-07-23T00:40:51.734+0000] {standard_task_runner.py:55} INFO - Started process 2487 to run task
[2024-07-23T00:40:51.738+0000] {standard_task_runner.py:82} INFO - Running: ['***', 'tasks', 'run', 'downstream_dag', 'tsk1', 'manual__2024-07-23T00:40:50.865599+00:00', '--job-id', '1284', '--raw', '--subdir', 'DAGS_FOLDER/downstream_dag.py', '--cfg-path', '/tmp/tmpgxv5b0yq']
[2024-07-23T00:40:51.739+0000] {standard_task_runner.py:83} INFO - Job 1284: Subtask tsk1
[2024-07-23T00:40:51.842+0000] {task_command.py:388} INFO - Running <TaskInstance: downstream_dag.tsk1 manual__2024-07-23T00:40:50.865599+00:00 [running]> on host 448a9c84d52e
[2024-07-23T00:40:51.891+0000] {taskinstance.py:1509} INFO - Exporting the following env vars:
AIRFLOW_CTX_DAG_OWNER=***
AIRFLOW_CTX_DAG_ID=downstream_dag
AIRFLOW_CTX_TASK_ID=tsk1
AIRFLOW_CTX_EXECUTION_DATE=2024-07-23T00:40:50.865599+00:00
AIRFLOW_CTX_TRY_NUMBER=1
AIRFLOW_CTX_DAG_RUN_ID=manual__2024-07-23T00:40:50.865599+00:00
[2024-07-23T00:40:51.892+0000] {subprocess.py:63} INFO - Tmp dir root location: 
 /tmp
[2024-07-23T00:40:51.893+0000] {subprocess.py:75} INFO - Running command: ['/bin/bash', '-c', 'sleep 5']
[2024-07-23T00:40:51.901+0000] {subprocess.py:86} INFO - Output:
[2024-07-23T00:40:56.909+0000] {subprocess.py:97} INFO - Command exited with return code 0
[2024-07-23T00:40:56.939+0000] {taskinstance.py:1323} INFO - Marking task as SUCCESS. dag_id=downstream_dag, task_id=tsk1, execution_date=20240723T004050, start_date=20240723T004051, end_date=20240723T004056
[2024-07-23T00:40:56.978+0000] {local_task_job.py:208} INFO - Task exited with return code 0
[2024-07-23T00:40:56.995+0000] {taskinstance.py:2578} INFO - 2 downstream tasks scheduled from follow-on schedule check
