[2024-07-25T13:00:07.101+0000] {taskinstance.py:1083} INFO - Dependencies all met for <TaskInstance: exemplo_defaultargs.tsk2 scheduled__2024-07-25T12:00:00+00:00 [queued]>
[2024-07-25T13:00:07.124+0000] {taskinstance.py:1083} INFO - Dependencies all met for <TaskInstance: exemplo_defaultargs.tsk2 scheduled__2024-07-25T12:00:00+00:00 [queued]>
[2024-07-25T13:00:07.125+0000] {taskinstance.py:1279} INFO - 
--------------------------------------------------------------------------------
[2024-07-25T13:00:07.125+0000] {taskinstance.py:1280} INFO - Starting attempt 1 of 2
[2024-07-25T13:00:07.126+0000] {taskinstance.py:1281} INFO - 
--------------------------------------------------------------------------------
[2024-07-25T13:00:07.156+0000] {taskinstance.py:1300} INFO - Executing <Task(BashOperator): tsk2> on 2024-07-25 12:00:00+00:00
[2024-07-25T13:00:07.162+0000] {standard_task_runner.py:55} INFO - Started process 46837 to run task
[2024-07-25T13:00:07.166+0000] {standard_task_runner.py:82} INFO - Running: ['***', 'tasks', 'run', 'exemplo_defaultargs', 'tsk2', 'scheduled__2024-07-25T12:00:00+00:00', '--job-id', '1420', '--raw', '--subdir', 'DAGS_FOLDER/exemplo_defaultargs.py', '--cfg-path', '/tmp/tmp6eaqgikg']
[2024-07-25T13:00:07.167+0000] {standard_task_runner.py:83} INFO - Job 1420: Subtask tsk2
[2024-07-25T13:00:07.221+0000] {task_command.py:388} INFO - Running <TaskInstance: exemplo_defaultargs.tsk2 scheduled__2024-07-25T12:00:00+00:00 [running]> on host 448a9c84d52e
[2024-07-25T13:00:07.273+0000] {taskinstance.py:1509} INFO - Exporting the following env vars:
AIRFLOW_CTX_DAG_EMAIL=test@test.com
AIRFLOW_CTX_DAG_OWNER=***
AIRFLOW_CTX_DAG_ID=exemplo_defaultargs
AIRFLOW_CTX_TASK_ID=tsk2
AIRFLOW_CTX_EXECUTION_DATE=2024-07-25T12:00:00+00:00
AIRFLOW_CTX_TRY_NUMBER=1
AIRFLOW_CTX_DAG_RUN_ID=scheduled__2024-07-25T12:00:00+00:00
[2024-07-25T13:00:07.274+0000] {subprocess.py:63} INFO - Tmp dir root location: 
 /tmp
[2024-07-25T13:00:07.275+0000] {subprocess.py:75} INFO - Running command: ['/bin/bash', '-c', 'sleep 5']
[2024-07-25T13:00:07.284+0000] {subprocess.py:86} INFO - Output:
[2024-07-25T13:00:12.343+0000] {subprocess.py:97} INFO - Command exited with return code 0
[2024-07-25T13:00:12.374+0000] {taskinstance.py:1323} INFO - Marking task as SUCCESS. dag_id=exemplo_defaultargs, task_id=tsk2, execution_date=20240725T120000, start_date=20240725T130007, end_date=20240725T130012
[2024-07-25T13:00:12.425+0000] {local_task_job.py:208} INFO - Task exited with return code 0
[2024-07-25T13:00:12.444+0000] {taskinstance.py:2578} INFO - 1 downstream tasks scheduled from follow-on schedule check
