[2024-07-26T03:07:09.857+0000] {taskinstance.py:1083} INFO - Dependencies all met for <TaskInstance: exemplo_dummy_operator.tsk4 manual__2024-07-26T03:07:07.064432+00:00 [queued]>
[2024-07-26T03:07:09.864+0000] {taskinstance.py:1083} INFO - Dependencies all met for <TaskInstance: exemplo_dummy_operator.tsk4 manual__2024-07-26T03:07:07.064432+00:00 [queued]>
[2024-07-26T03:07:09.864+0000] {taskinstance.py:1279} INFO - 
--------------------------------------------------------------------------------
[2024-07-26T03:07:09.865+0000] {taskinstance.py:1280} INFO - Starting attempt 1 of 1
[2024-07-26T03:07:09.865+0000] {taskinstance.py:1281} INFO - 
--------------------------------------------------------------------------------
[2024-07-26T03:07:09.872+0000] {taskinstance.py:1300} INFO - Executing <Task(BashOperator): tsk4> on 2024-07-26 03:07:07.064432+00:00
[2024-07-26T03:07:09.875+0000] {standard_task_runner.py:55} INFO - Started process 1881 to run task
[2024-07-26T03:07:09.877+0000] {standard_task_runner.py:82} INFO - Running: ['***', 'tasks', 'run', 'exemplo_dummy_operator', 'tsk4', 'manual__2024-07-26T03:07:07.064432+00:00', '--job-id', '1511', '--raw', '--subdir', 'DAGS_FOLDER/exemplo_dummy_operator.py', '--cfg-path', '/tmp/tmpif8sfbit']
[2024-07-26T03:07:09.880+0000] {standard_task_runner.py:83} INFO - Job 1511: Subtask tsk4
[2024-07-26T03:07:09.916+0000] {task_command.py:388} INFO - Running <TaskInstance: exemplo_dummy_operator.tsk4 manual__2024-07-26T03:07:07.064432+00:00 [running]> on host 029011c5aea1
[2024-07-26T03:07:09.952+0000] {taskinstance.py:1509} INFO - Exporting the following env vars:
AIRFLOW_CTX_DAG_OWNER=***
AIRFLOW_CTX_DAG_ID=exemplo_dummy_operator
AIRFLOW_CTX_TASK_ID=tsk4
AIRFLOW_CTX_EXECUTION_DATE=2024-07-26T03:07:07.064432+00:00
AIRFLOW_CTX_TRY_NUMBER=1
AIRFLOW_CTX_DAG_RUN_ID=manual__2024-07-26T03:07:07.064432+00:00
[2024-07-26T03:07:09.953+0000] {subprocess.py:63} INFO - Tmp dir root location: 
 /tmp
[2024-07-26T03:07:09.954+0000] {subprocess.py:75} INFO - Running command: ['/bin/bash', '-c', 'sleep 1']
[2024-07-26T03:07:09.962+0000] {subprocess.py:86} INFO - Output:
[2024-07-26T03:07:10.965+0000] {subprocess.py:97} INFO - Command exited with return code 0
[2024-07-26T03:07:10.984+0000] {taskinstance.py:1323} INFO - Marking task as SUCCESS. dag_id=exemplo_dummy_operator, task_id=tsk4, execution_date=20240726T030707, start_date=20240726T030709, end_date=20240726T030710
[2024-07-26T03:07:11.026+0000] {local_task_job.py:208} INFO - Task exited with return code 0
[2024-07-26T03:07:11.042+0000] {taskinstance.py:2578} INFO - 0 downstream tasks scheduled from follow-on schedule check
