[2024-07-22T02:31:13.429+0000] {taskinstance.py:1083} INFO - Dependencies all met for <TaskInstance: example_complex.create_entry_group_result2 manual__2024-07-22T02:31:06.388108+00:00 [queued]>
[2024-07-22T02:31:13.469+0000] {taskinstance.py:1083} INFO - Dependencies all met for <TaskInstance: example_complex.create_entry_group_result2 manual__2024-07-22T02:31:06.388108+00:00 [queued]>
[2024-07-22T02:31:13.485+0000] {taskinstance.py:1279} INFO - 
--------------------------------------------------------------------------------
[2024-07-22T02:31:13.489+0000] {taskinstance.py:1280} INFO - Starting attempt 1 of 1
[2024-07-22T02:31:13.491+0000] {taskinstance.py:1281} INFO - 
--------------------------------------------------------------------------------
[2024-07-22T02:31:13.574+0000] {taskinstance.py:1300} INFO - Executing <Task(BashOperator): create_entry_group_result2> on 2024-07-22 02:31:06.388108+00:00
[2024-07-22T02:31:13.587+0000] {standard_task_runner.py:55} INFO - Started process 725 to run task
[2024-07-22T02:31:13.593+0000] {standard_task_runner.py:82} INFO - Running: ['***', 'tasks', 'run', 'example_complex', 'create_entry_group_result2', 'manual__2024-07-22T02:31:06.388108+00:00', '--job-id', '127', '--raw', '--subdir', '/home/***/.local/lib/python3.7/site-packages/***/example_dags/example_complex.py', '--cfg-path', '/tmp/tmpt4zmbmzk']
[2024-07-22T02:31:13.599+0000] {standard_task_runner.py:83} INFO - Job 127: Subtask create_entry_group_result2
[2024-07-22T02:31:13.962+0000] {task_command.py:388} INFO - Running <TaskInstance: example_complex.create_entry_group_result2 manual__2024-07-22T02:31:06.388108+00:00 [running]> on host 06eaaebc2caa
[2024-07-22T02:31:14.199+0000] {taskinstance.py:1509} INFO - Exporting the following env vars:
AIRFLOW_CTX_DAG_OWNER=***
AIRFLOW_CTX_DAG_ID=example_complex
AIRFLOW_CTX_TASK_ID=create_entry_group_result2
AIRFLOW_CTX_EXECUTION_DATE=2024-07-22T02:31:06.388108+00:00
AIRFLOW_CTX_TRY_NUMBER=1
AIRFLOW_CTX_DAG_RUN_ID=manual__2024-07-22T02:31:06.388108+00:00
[2024-07-22T02:31:14.203+0000] {subprocess.py:63} INFO - Tmp dir root location: 
 /tmp
[2024-07-22T02:31:14.207+0000] {subprocess.py:75} INFO - Running command: ['/bin/bash', '-c', 'echo create_entry_group_result2']
[2024-07-22T02:31:14.241+0000] {subprocess.py:86} INFO - Output:
[2024-07-22T02:31:14.249+0000] {subprocess.py:93} INFO - create_entry_group_result2
[2024-07-22T02:31:14.251+0000] {subprocess.py:97} INFO - Command exited with return code 0
[2024-07-22T02:31:14.311+0000] {taskinstance.py:1323} INFO - Marking task as SUCCESS. dag_id=example_complex, task_id=create_entry_group_result2, execution_date=20240722T023106, start_date=20240722T023113, end_date=20240722T023114
[2024-07-22T02:31:14.414+0000] {local_task_job.py:208} INFO - Task exited with return code 0
[2024-07-22T02:31:14.454+0000] {taskinstance.py:2578} INFO - 0 downstream tasks scheduled from follow-on schedule check
