[2024-07-25T02:15:58.397+0000] {taskinstance.py:1083} INFO - Dependencies all met for <TaskInstance: exemplo_defaultargs.tsk1 manual__2024-07-25T02:15:56.819661+00:00 [queued]>
[2024-07-25T02:15:58.405+0000] {taskinstance.py:1083} INFO - Dependencies all met for <TaskInstance: exemplo_defaultargs.tsk1 manual__2024-07-25T02:15:56.819661+00:00 [queued]>
[2024-07-25T02:15:58.405+0000] {taskinstance.py:1279} INFO - 
--------------------------------------------------------------------------------
[2024-07-25T02:15:58.405+0000] {taskinstance.py:1280} INFO - Starting attempt 1 of 4
[2024-07-25T02:15:58.406+0000] {taskinstance.py:1281} INFO - 
--------------------------------------------------------------------------------
[2024-07-25T02:15:58.414+0000] {taskinstance.py:1300} INFO - Executing <Task(BashOperator): tsk1> on 2024-07-25 02:15:56.819661+00:00
[2024-07-25T02:15:58.417+0000] {standard_task_runner.py:55} INFO - Started process 31048 to run task
[2024-07-25T02:15:58.419+0000] {standard_task_runner.py:82} INFO - Running: ['***', 'tasks', 'run', 'exemplo_defaultargs', 'tsk1', 'manual__2024-07-25T02:15:56.819661+00:00', '--job-id', '1350', '--raw', '--subdir', 'DAGS_FOLDER/exemplo_defaultargs.py', '--cfg-path', '/tmp/tmpw5gsiuyc']
[2024-07-25T02:15:58.419+0000] {standard_task_runner.py:83} INFO - Job 1350: Subtask tsk1
[2024-07-25T02:15:58.470+0000] {task_command.py:388} INFO - Running <TaskInstance: exemplo_defaultargs.tsk1 manual__2024-07-25T02:15:56.819661+00:00 [running]> on host 448a9c84d52e
[2024-07-25T02:15:58.520+0000] {taskinstance.py:1509} INFO - Exporting the following env vars:
AIRFLOW_CTX_DAG_EMAIL=test@test.com
AIRFLOW_CTX_DAG_OWNER=***
AIRFLOW_CTX_DAG_ID=exemplo_defaultargs
AIRFLOW_CTX_TASK_ID=tsk1
AIRFLOW_CTX_EXECUTION_DATE=2024-07-25T02:15:56.819661+00:00
AIRFLOW_CTX_TRY_NUMBER=1
AIRFLOW_CTX_DAG_RUN_ID=manual__2024-07-25T02:15:56.819661+00:00
[2024-07-25T02:15:58.521+0000] {subprocess.py:63} INFO - Tmp dir root location: 
 /tmp
[2024-07-25T02:15:58.522+0000] {subprocess.py:75} INFO - Running command: ['/bin/bash', '-c', 'sleep 5']
[2024-07-25T02:15:58.530+0000] {subprocess.py:86} INFO - Output:
[2024-07-25T02:16:03.544+0000] {subprocess.py:97} INFO - Command exited with return code 0
[2024-07-25T02:16:03.632+0000] {taskinstance.py:1323} INFO - Marking task as SUCCESS. dag_id=exemplo_defaultargs, task_id=tsk1, execution_date=20240725T021556, start_date=20240725T021558, end_date=20240725T021603
[2024-07-25T02:16:03.665+0000] {local_task_job.py:208} INFO - Task exited with return code 0
[2024-07-25T02:16:03.723+0000] {taskinstance.py:2578} INFO - 1 downstream tasks scheduled from follow-on schedule check
