[2024-07-27T19:37:54.280+0000] {taskinstance.py:1083} INFO - Dependencies all met for <TaskInstance: exemplo_dataset_producer.tsk1 manual__2024-07-27T19:37:53.171767+00:00 [queued]>
[2024-07-27T19:37:54.287+0000] {taskinstance.py:1083} INFO - Dependencies all met for <TaskInstance: exemplo_dataset_producer.tsk1 manual__2024-07-27T19:37:53.171767+00:00 [queued]>
[2024-07-27T19:37:54.288+0000] {taskinstance.py:1279} INFO - 
--------------------------------------------------------------------------------
[2024-07-27T19:37:54.288+0000] {taskinstance.py:1280} INFO - Starting attempt 1 of 1
[2024-07-27T19:37:54.288+0000] {taskinstance.py:1281} INFO - 
--------------------------------------------------------------------------------
[2024-07-27T19:37:54.300+0000] {taskinstance.py:1300} INFO - Executing <Task(PythonOperator): tsk1> on 2024-07-27 19:37:53.171767+00:00
[2024-07-27T19:37:54.304+0000] {standard_task_runner.py:55} INFO - Started process 27770 to run task
[2024-07-27T19:37:54.307+0000] {standard_task_runner.py:82} INFO - Running: ['***', 'tasks', 'run', 'exemplo_dataset_producer', 'tsk1', 'manual__2024-07-27T19:37:53.171767+00:00', '--job-id', '1837', '--raw', '--subdir', 'DAGS_FOLDER/exemplo_dataset_producer.py', '--cfg-path', '/tmp/tmpn5j6f717']
[2024-07-27T19:37:54.308+0000] {standard_task_runner.py:83} INFO - Job 1837: Subtask tsk1
[2024-07-27T19:37:54.352+0000] {task_command.py:388} INFO - Running <TaskInstance: exemplo_dataset_producer.tsk1 manual__2024-07-27T19:37:53.171767+00:00 [running]> on host ec0bbc56d6ed
[2024-07-27T19:37:54.393+0000] {taskinstance.py:1509} INFO - Exporting the following env vars:
AIRFLOW_CTX_DAG_OWNER=***
AIRFLOW_CTX_DAG_ID=exemplo_dataset_producer
AIRFLOW_CTX_TASK_ID=tsk1
AIRFLOW_CTX_EXECUTION_DATE=2024-07-27T19:37:53.171767+00:00
AIRFLOW_CTX_TRY_NUMBER=1
AIRFLOW_CTX_DAG_RUN_ID=manual__2024-07-27T19:37:53.171767+00:00
[2024-07-27T19:37:54.413+0000] {python.py:177} INFO - Done. Returned value was: None
[2024-07-27T19:37:54.415+0000] {warnings.py:110} WARNING - /home/***/.local/lib/python3.7/site-packages/***/models/baseoperator.py:1376: RemovedInAirflow3Warning: Passing 'execution_date' to 'TaskInstance.xcom_push()' is deprecated.
  context["ti"].xcom_push(key=key, value=value, execution_date=execution_date)

[2024-07-27T19:37:54.430+0000] {taskinstance.py:1323} INFO - Marking task as SUCCESS. dag_id=exemplo_dataset_producer, task_id=tsk1, execution_date=20240727T193753, start_date=20240727T193754, end_date=20240727T193754
[2024-07-27T19:37:54.512+0000] {local_task_job.py:208} INFO - Task exited with return code 0
[2024-07-27T19:37:54.530+0000] {taskinstance.py:2578} INFO - 0 downstream tasks scheduled from follow-on schedule check
