[2024-07-27T11:10:40.407+0000] {taskinstance.py:1083} INFO - Dependencies all met for <TaskInstance: exemplo_defaultargs.tsk1 scheduled__2024-07-27T10:00:00+00:00 [queued]>
[2024-07-27T11:10:40.437+0000] {taskinstance.py:1083} INFO - Dependencies all met for <TaskInstance: exemplo_defaultargs.tsk1 scheduled__2024-07-27T10:00:00+00:00 [queued]>
[2024-07-27T11:10:40.444+0000] {taskinstance.py:1279} INFO - 
--------------------------------------------------------------------------------
[2024-07-27T11:10:40.445+0000] {taskinstance.py:1280} INFO - Starting attempt 1 of 4
[2024-07-27T11:10:40.445+0000] {taskinstance.py:1281} INFO - 
--------------------------------------------------------------------------------
[2024-07-27T11:10:40.477+0000] {taskinstance.py:1300} INFO - Executing <Task(BashOperator): tsk1> on 2024-07-27 10:00:00+00:00
[2024-07-27T11:10:40.506+0000] {standard_task_runner.py:55} INFO - Started process 9163 to run task
[2024-07-27T11:10:40.515+0000] {standard_task_runner.py:82} INFO - Running: ['***', 'tasks', 'run', 'exemplo_defaultargs', 'tsk1', 'scheduled__2024-07-27T10:00:00+00:00', '--job-id', '1809', '--raw', '--subdir', 'DAGS_FOLDER/exemplo_defaultargs.py', '--cfg-path', '/tmp/tmp41b_l7q0']
[2024-07-27T11:10:40.517+0000] {standard_task_runner.py:83} INFO - Job 1809: Subtask tsk1
[2024-07-27T11:10:40.591+0000] {task_command.py:388} INFO - Running <TaskInstance: exemplo_defaultargs.tsk1 scheduled__2024-07-27T10:00:00+00:00 [running]> on host ec0bbc56d6ed
[2024-07-27T11:10:40.642+0000] {taskinstance.py:1509} INFO - Exporting the following env vars:
AIRFLOW_CTX_DAG_EMAIL=test@test.com
AIRFLOW_CTX_DAG_OWNER=***
AIRFLOW_CTX_DAG_ID=exemplo_defaultargs
AIRFLOW_CTX_TASK_ID=tsk1
AIRFLOW_CTX_EXECUTION_DATE=2024-07-27T10:00:00+00:00
AIRFLOW_CTX_TRY_NUMBER=1
AIRFLOW_CTX_DAG_RUN_ID=scheduled__2024-07-27T10:00:00+00:00
[2024-07-27T11:10:40.646+0000] {subprocess.py:63} INFO - Tmp dir root location: 
 /tmp
[2024-07-27T11:10:40.647+0000] {subprocess.py:75} INFO - Running command: ['/bin/bash', '-c', 'sleep 5']
[2024-07-27T11:10:40.665+0000] {subprocess.py:86} INFO - Output:
[2024-07-27T11:10:45.677+0000] {subprocess.py:97} INFO - Command exited with return code 0
[2024-07-27T11:10:45.721+0000] {taskinstance.py:1323} INFO - Marking task as SUCCESS. dag_id=exemplo_defaultargs, task_id=tsk1, execution_date=20240727T100000, start_date=20240727T111040, end_date=20240727T111045
[2024-07-27T11:10:45.758+0000] {local_task_job.py:208} INFO - Task exited with return code 0
[2024-07-27T11:10:45.774+0000] {taskinstance.py:2578} INFO - 0 downstream tasks scheduled from follow-on schedule check
