[2024-07-26T02:38:46.109+0000] {taskinstance.py:1083} INFO - Dependencies all met for <TaskInstance: exemplo_email_operator.1-Bash manual__2024-07-26T02:38:45.080008+00:00 [queued]>
[2024-07-26T02:38:46.117+0000] {taskinstance.py:1083} INFO - Dependencies all met for <TaskInstance: exemplo_email_operator.1-Bash manual__2024-07-26T02:38:45.080008+00:00 [queued]>
[2024-07-26T02:38:46.117+0000] {taskinstance.py:1279} INFO - 
--------------------------------------------------------------------------------
[2024-07-26T02:38:46.118+0000] {taskinstance.py:1280} INFO - Starting attempt 1 of 2
[2024-07-26T02:38:46.119+0000] {taskinstance.py:1281} INFO - 
--------------------------------------------------------------------------------
[2024-07-26T02:38:46.131+0000] {taskinstance.py:1300} INFO - Executing <Task(BashOperator): 1-Bash> on 2024-07-26 02:38:45.080008+00:00
[2024-07-26T02:38:46.137+0000] {standard_task_runner.py:55} INFO - Started process 1920 to run task
[2024-07-26T02:38:46.140+0000] {standard_task_runner.py:82} INFO - Running: ['***', 'tasks', 'run', 'exemplo_email_operator', '1-Bash', 'manual__2024-07-26T02:38:45.080008+00:00', '--job-id', '1474', '--raw', '--subdir', 'DAGS_FOLDER/exemplo_email_operator.py', '--cfg-path', '/tmp/tmpg31w9r74']
[2024-07-26T02:38:46.146+0000] {standard_task_runner.py:83} INFO - Job 1474: Subtask 1-Bash
[2024-07-26T02:38:46.214+0000] {task_command.py:388} INFO - Running <TaskInstance: exemplo_email_operator.1-Bash manual__2024-07-26T02:38:45.080008+00:00 [running]> on host 4e9420b3fb00
[2024-07-26T02:38:46.265+0000] {taskinstance.py:1509} INFO - Exporting the following env vars:
AIRFLOW_CTX_DAG_EMAIL=caue.ausec@gmail.com
AIRFLOW_CTX_DAG_OWNER=***
AIRFLOW_CTX_DAG_ID=exemplo_email_operator
AIRFLOW_CTX_TASK_ID=1-Bash
AIRFLOW_CTX_EXECUTION_DATE=2024-07-26T02:38:45.080008+00:00
AIRFLOW_CTX_TRY_NUMBER=1
AIRFLOW_CTX_DAG_RUN_ID=manual__2024-07-26T02:38:45.080008+00:00
[2024-07-26T02:38:46.266+0000] {subprocess.py:63} INFO - Tmp dir root location: 
 /tmp
[2024-07-26T02:38:46.267+0000] {subprocess.py:75} INFO - Running command: ['/bin/bash', '-c', 'sleep 1']
[2024-07-26T02:38:46.277+0000] {subprocess.py:86} INFO - Output:
[2024-07-26T02:38:47.280+0000] {subprocess.py:97} INFO - Command exited with return code 0
[2024-07-26T02:38:47.309+0000] {taskinstance.py:1323} INFO - Marking task as SUCCESS. dag_id=exemplo_email_operator, task_id=1-Bash, execution_date=20240726T023845, start_date=20240726T023846, end_date=20240726T023847
[2024-07-26T02:38:47.358+0000] {local_task_job.py:208} INFO - Task exited with return code 0
[2024-07-26T02:38:47.380+0000] {taskinstance.py:2578} INFO - 0 downstream tasks scheduled from follow-on schedule check
