[2024-07-27T19:45:36.668+0000] {taskinstance.py:1083} INFO - Dependencies all met for <TaskInstance: exemplo_branch.branch manual__2024-07-27T19:45:34.502493+00:00 [queued]>
[2024-07-27T19:45:36.674+0000] {taskinstance.py:1083} INFO - Dependencies all met for <TaskInstance: exemplo_branch.branch manual__2024-07-27T19:45:34.502493+00:00 [queued]>
[2024-07-27T19:45:36.675+0000] {taskinstance.py:1279} INFO - 
--------------------------------------------------------------------------------
[2024-07-27T19:45:36.675+0000] {taskinstance.py:1280} INFO - Starting attempt 1 of 1
[2024-07-27T19:45:36.675+0000] {taskinstance.py:1281} INFO - 
--------------------------------------------------------------------------------
[2024-07-27T19:45:36.682+0000] {taskinstance.py:1300} INFO - Executing <Task(BranchPythonOperator): branch> on 2024-07-27 19:45:34.502493+00:00
[2024-07-27T19:45:36.685+0000] {standard_task_runner.py:55} INFO - Started process 28421 to run task
[2024-07-27T19:45:36.687+0000] {standard_task_runner.py:82} INFO - Running: ['***', 'tasks', 'run', 'exemplo_branch', 'branch', 'manual__2024-07-27T19:45:34.502493+00:00', '--job-id', '1842', '--raw', '--subdir', 'DAGS_FOLDER/exemplo_branch.py', '--cfg-path', '/tmp/tmp323ii0gf']
[2024-07-27T19:45:36.688+0000] {standard_task_runner.py:83} INFO - Job 1842: Subtask branch
[2024-07-27T19:45:36.737+0000] {task_command.py:388} INFO - Running <TaskInstance: exemplo_branch.branch manual__2024-07-27T19:45:34.502493+00:00 [running]> on host ec0bbc56d6ed
[2024-07-27T19:45:36.776+0000] {taskinstance.py:1509} INFO - Exporting the following env vars:
AIRFLOW_CTX_DAG_OWNER=***
AIRFLOW_CTX_DAG_ID=exemplo_branch
AIRFLOW_CTX_TASK_ID=branch
AIRFLOW_CTX_EXECUTION_DATE=2024-07-27T19:45:34.502493+00:00
AIRFLOW_CTX_TRY_NUMBER=1
AIRFLOW_CTX_DAG_RUN_ID=manual__2024-07-27T19:45:34.502493+00:00
[2024-07-27T19:45:36.783+0000] {python.py:177} INFO - Done. Returned value was: odd
[2024-07-27T19:45:36.784+0000] {python.py:211} INFO - Branch callable return odd
[2024-07-27T19:45:36.784+0000] {skipmixin.py:155} INFO - Following branch odd
[2024-07-27T19:45:36.784+0000] {skipmixin.py:211} INFO - Skipping tasks ['even']
[2024-07-27T19:45:36.806+0000] {taskinstance.py:1323} INFO - Marking task as SUCCESS. dag_id=exemplo_branch, task_id=branch, execution_date=20240727T194534, start_date=20240727T194536, end_date=20240727T194536
[2024-07-27T19:45:36.828+0000] {local_task_job.py:208} INFO - Task exited with return code 0
[2024-07-27T19:45:36.846+0000] {taskinstance.py:2578} INFO - 1 downstream tasks scheduled from follow-on schedule check
