[2024-07-25T02:16:02.482+0000] {taskinstance.py:1083} INFO - Dependencies all met for <TaskInstance: exemplo_dag_complexa.tsk2 manual__2024-07-25T02:15:53.036872+00:00 [queued]>
[2024-07-25T02:16:02.499+0000] {taskinstance.py:1083} INFO - Dependencies all met for <TaskInstance: exemplo_dag_complexa.tsk2 manual__2024-07-25T02:15:53.036872+00:00 [queued]>
[2024-07-25T02:16:02.505+0000] {taskinstance.py:1279} INFO - 
--------------------------------------------------------------------------------
[2024-07-25T02:16:02.506+0000] {taskinstance.py:1280} INFO - Starting attempt 1 of 1
[2024-07-25T02:16:02.509+0000] {taskinstance.py:1281} INFO - 
--------------------------------------------------------------------------------
[2024-07-25T02:16:02.588+0000] {taskinstance.py:1300} INFO - Executing <Task(BashOperator): tsk2> on 2024-07-25 02:15:53.036872+00:00
[2024-07-25T02:16:02.602+0000] {standard_task_runner.py:55} INFO - Started process 31070 to run task
[2024-07-25T02:16:02.607+0000] {standard_task_runner.py:82} INFO - Running: ['***', 'tasks', 'run', 'exemplo_dag_complexa', 'tsk2', 'manual__2024-07-25T02:15:53.036872+00:00', '--job-id', '1354', '--raw', '--subdir', 'DAGS_FOLDER/exemplo_dag_complexa.py', '--cfg-path', '/tmp/tmp0870ef1s']
[2024-07-25T02:16:02.608+0000] {standard_task_runner.py:83} INFO - Job 1354: Subtask tsk2
[2024-07-25T02:16:02.688+0000] {task_command.py:388} INFO - Running <TaskInstance: exemplo_dag_complexa.tsk2 manual__2024-07-25T02:15:53.036872+00:00 [running]> on host 448a9c84d52e
[2024-07-25T02:16:02.795+0000] {taskinstance.py:1509} INFO - Exporting the following env vars:
AIRFLOW_CTX_DAG_OWNER=***
AIRFLOW_CTX_DAG_ID=exemplo_dag_complexa
AIRFLOW_CTX_TASK_ID=tsk2
AIRFLOW_CTX_EXECUTION_DATE=2024-07-25T02:15:53.036872+00:00
AIRFLOW_CTX_TRY_NUMBER=1
AIRFLOW_CTX_DAG_RUN_ID=manual__2024-07-25T02:15:53.036872+00:00
[2024-07-25T02:16:02.800+0000] {subprocess.py:63} INFO - Tmp dir root location: 
 /tmp
[2024-07-25T02:16:02.809+0000] {subprocess.py:75} INFO - Running command: ['/bin/bash', '-c', 'sleep 5']
[2024-07-25T02:16:02.836+0000] {subprocess.py:86} INFO - Output:
[2024-07-25T02:16:07.880+0000] {subprocess.py:97} INFO - Command exited with return code 0
[2024-07-25T02:16:08.092+0000] {taskinstance.py:1323} INFO - Marking task as SUCCESS. dag_id=exemplo_dag_complexa, task_id=tsk2, execution_date=20240725T021553, start_date=20240725T021602, end_date=20240725T021608
[2024-07-25T02:16:08.194+0000] {local_task_job.py:208} INFO - Task exited with return code 0
[2024-07-25T02:16:08.368+0000] {taskinstance.py:2578} INFO - 0 downstream tasks scheduled from follow-on schedule check
