[2024-07-25T02:16:20.317+0000] {taskinstance.py:1083} INFO - Dependencies all met for <TaskInstance: exemplo_triggerule_allfailed.tsk3 manual__2024-07-25T02:16:16.826014+00:00 [queued]>
[2024-07-25T02:16:20.593+0000] {taskinstance.py:1083} INFO - Dependencies all met for <TaskInstance: exemplo_triggerule_allfailed.tsk3 manual__2024-07-25T02:16:16.826014+00:00 [queued]>
[2024-07-25T02:16:20.612+0000] {taskinstance.py:1279} INFO - 
--------------------------------------------------------------------------------
[2024-07-25T02:16:20.621+0000] {taskinstance.py:1280} INFO - Starting attempt 1 of 1
[2024-07-25T02:16:20.626+0000] {taskinstance.py:1281} INFO - 
--------------------------------------------------------------------------------
[2024-07-25T02:16:20.665+0000] {taskinstance.py:1300} INFO - Executing <Task(BashOperator): tsk3> on 2024-07-25 02:16:16.826014+00:00
[2024-07-25T02:16:20.677+0000] {standard_task_runner.py:55} INFO - Started process 31174 to run task
[2024-07-25T02:16:20.687+0000] {standard_task_runner.py:82} INFO - Running: ['***', 'tasks', 'run', 'exemplo_triggerule_allfailed', 'tsk3', 'manual__2024-07-25T02:16:16.826014+00:00', '--job-id', '1381', '--raw', '--subdir', 'DAGS_FOLDER/exemplo_triggerule_allfailed.py', '--cfg-path', '/tmp/tmpk8fc68yd']
[2024-07-25T02:16:20.690+0000] {standard_task_runner.py:83} INFO - Job 1381: Subtask tsk3
[2024-07-25T02:16:20.912+0000] {task_command.py:388} INFO - Running <TaskInstance: exemplo_triggerule_allfailed.tsk3 manual__2024-07-25T02:16:16.826014+00:00 [running]> on host 448a9c84d52e
[2024-07-25T02:16:21.139+0000] {taskinstance.py:1509} INFO - Exporting the following env vars:
AIRFLOW_CTX_DAG_OWNER=***
AIRFLOW_CTX_DAG_ID=exemplo_triggerule_allfailed
AIRFLOW_CTX_TASK_ID=tsk3
AIRFLOW_CTX_EXECUTION_DATE=2024-07-25T02:16:16.826014+00:00
AIRFLOW_CTX_TRY_NUMBER=1
AIRFLOW_CTX_DAG_RUN_ID=manual__2024-07-25T02:16:16.826014+00:00
[2024-07-25T02:16:21.152+0000] {subprocess.py:63} INFO - Tmp dir root location: 
 /tmp
[2024-07-25T02:16:21.161+0000] {subprocess.py:75} INFO - Running command: ['/bin/bash', '-c', 'sleep 5']
[2024-07-25T02:16:21.201+0000] {subprocess.py:86} INFO - Output:
[2024-07-25T02:16:26.212+0000] {subprocess.py:97} INFO - Command exited with return code 0
[2024-07-25T02:16:26.267+0000] {taskinstance.py:1323} INFO - Marking task as SUCCESS. dag_id=exemplo_triggerule_allfailed, task_id=tsk3, execution_date=20240725T021616, start_date=20240725T021620, end_date=20240725T021626
[2024-07-25T02:16:26.313+0000] {local_task_job.py:208} INFO - Task exited with return code 0
[2024-07-25T02:16:26.331+0000] {taskinstance.py:2578} INFO - 0 downstream tasks scheduled from follow-on schedule check
