[2024-07-27T14:00:01.167+0000] {taskinstance.py:1083} INFO - Dependencies all met for <TaskInstance: exemplo_defaultargs.tsk1 scheduled__2024-07-27T13:00:00+00:00 [queued]>
[2024-07-27T14:00:01.173+0000] {taskinstance.py:1083} INFO - Dependencies all met for <TaskInstance: exemplo_defaultargs.tsk1 scheduled__2024-07-27T13:00:00+00:00 [queued]>
[2024-07-27T14:00:01.173+0000] {taskinstance.py:1279} INFO - 
--------------------------------------------------------------------------------
[2024-07-27T14:00:01.174+0000] {taskinstance.py:1280} INFO - Starting attempt 1 of 4
[2024-07-27T14:00:01.174+0000] {taskinstance.py:1281} INFO - 
--------------------------------------------------------------------------------
[2024-07-27T14:00:01.181+0000] {taskinstance.py:1300} INFO - Executing <Task(BashOperator): tsk1> on 2024-07-27 13:00:00+00:00
[2024-07-27T14:00:01.185+0000] {standard_task_runner.py:55} INFO - Started process 11479 to run task
[2024-07-27T14:00:01.188+0000] {standard_task_runner.py:82} INFO - Running: ['***', 'tasks', 'run', 'exemplo_defaultargs', 'tsk1', 'scheduled__2024-07-27T13:00:00+00:00', '--job-id', '1818', '--raw', '--subdir', 'DAGS_FOLDER/exemplo_defaultargs.py', '--cfg-path', '/tmp/tmppvms98ea']
[2024-07-27T14:00:01.188+0000] {standard_task_runner.py:83} INFO - Job 1818: Subtask tsk1
[2024-07-27T14:00:01.225+0000] {task_command.py:388} INFO - Running <TaskInstance: exemplo_defaultargs.tsk1 scheduled__2024-07-27T13:00:00+00:00 [running]> on host ec0bbc56d6ed
[2024-07-27T14:00:01.265+0000] {taskinstance.py:1509} INFO - Exporting the following env vars:
AIRFLOW_CTX_DAG_EMAIL=test@test.com
AIRFLOW_CTX_DAG_OWNER=***
AIRFLOW_CTX_DAG_ID=exemplo_defaultargs
AIRFLOW_CTX_TASK_ID=tsk1
AIRFLOW_CTX_EXECUTION_DATE=2024-07-27T13:00:00+00:00
AIRFLOW_CTX_TRY_NUMBER=1
AIRFLOW_CTX_DAG_RUN_ID=scheduled__2024-07-27T13:00:00+00:00
[2024-07-27T14:00:01.266+0000] {subprocess.py:63} INFO - Tmp dir root location: 
 /tmp
[2024-07-27T14:00:01.266+0000] {subprocess.py:75} INFO - Running command: ['/bin/bash', '-c', 'sleep 5']
[2024-07-27T14:00:01.274+0000] {subprocess.py:86} INFO - Output:
[2024-07-27T14:00:06.278+0000] {subprocess.py:97} INFO - Command exited with return code 0
[2024-07-27T14:00:06.304+0000] {taskinstance.py:1323} INFO - Marking task as SUCCESS. dag_id=exemplo_defaultargs, task_id=tsk1, execution_date=20240727T130000, start_date=20240727T140001, end_date=20240727T140006
[2024-07-27T14:00:06.345+0000] {local_task_job.py:208} INFO - Task exited with return code 0
[2024-07-27T14:00:06.362+0000] {taskinstance.py:2578} INFO - 1 downstream tasks scheduled from follow-on schedule check
