[2024-07-25T02:15:56.815+0000] {taskinstance.py:1083} INFO - Dependencies all met for <TaskInstance: exemplo_bitwise_e_setstream.tsk3 manual__2024-07-25T02:15:49.971518+00:00 [queued]>
[2024-07-25T02:15:56.825+0000] {taskinstance.py:1083} INFO - Dependencies all met for <TaskInstance: exemplo_bitwise_e_setstream.tsk3 manual__2024-07-25T02:15:49.971518+00:00 [queued]>
[2024-07-25T02:15:56.826+0000] {taskinstance.py:1279} INFO - 
--------------------------------------------------------------------------------
[2024-07-25T02:15:56.826+0000] {taskinstance.py:1280} INFO - Starting attempt 1 of 1
[2024-07-25T02:15:56.827+0000] {taskinstance.py:1281} INFO - 
--------------------------------------------------------------------------------
[2024-07-25T02:15:56.854+0000] {taskinstance.py:1300} INFO - Executing <Task(BashOperator): tsk3> on 2024-07-25 02:15:49.971518+00:00
[2024-07-25T02:15:56.861+0000] {standard_task_runner.py:55} INFO - Started process 31043 to run task
[2024-07-25T02:15:56.865+0000] {standard_task_runner.py:82} INFO - Running: ['***', 'tasks', 'run', 'exemplo_bitwise_e_setstream', 'tsk3', 'manual__2024-07-25T02:15:49.971518+00:00', '--job-id', '1348', '--raw', '--subdir', 'DAGS_FOLDER/exemplo_bitwise_e_setstream.py', '--cfg-path', '/tmp/tmpg60pbonl']
[2024-07-25T02:15:56.867+0000] {standard_task_runner.py:83} INFO - Job 1348: Subtask tsk3
[2024-07-25T02:15:56.928+0000] {task_command.py:388} INFO - Running <TaskInstance: exemplo_bitwise_e_setstream.tsk3 manual__2024-07-25T02:15:49.971518+00:00 [running]> on host 448a9c84d52e
[2024-07-25T02:15:57.000+0000] {taskinstance.py:1509} INFO - Exporting the following env vars:
AIRFLOW_CTX_DAG_OWNER=***
AIRFLOW_CTX_DAG_ID=exemplo_bitwise_e_setstream
AIRFLOW_CTX_TASK_ID=tsk3
AIRFLOW_CTX_EXECUTION_DATE=2024-07-25T02:15:49.971518+00:00
AIRFLOW_CTX_TRY_NUMBER=1
AIRFLOW_CTX_DAG_RUN_ID=manual__2024-07-25T02:15:49.971518+00:00
[2024-07-25T02:15:57.005+0000] {subprocess.py:63} INFO - Tmp dir root location: 
 /tmp
[2024-07-25T02:15:57.006+0000] {subprocess.py:75} INFO - Running command: ['/bin/bash', '-c', 'sleep 5']
[2024-07-25T02:15:57.025+0000] {subprocess.py:86} INFO - Output:
[2024-07-25T02:16:02.050+0000] {subprocess.py:97} INFO - Command exited with return code 0
[2024-07-25T02:16:02.235+0000] {taskinstance.py:1323} INFO - Marking task as SUCCESS. dag_id=exemplo_bitwise_e_setstream, task_id=tsk3, execution_date=20240725T021549, start_date=20240725T021556, end_date=20240725T021602
[2024-07-25T02:16:02.293+0000] {local_task_job.py:208} INFO - Task exited with return code 0
[2024-07-25T02:16:02.440+0000] {taskinstance.py:2578} INFO - 1 downstream tasks scheduled from follow-on schedule check
