[2024-07-25T02:16:02.496+0000] {taskinstance.py:1083} INFO - Dependencies all met for <TaskInstance: exemplo_dag_group.tsk2 manual__2024-07-25T02:15:54.686135+00:00 [queued]>
[2024-07-25T02:16:02.531+0000] {taskinstance.py:1083} INFO - Dependencies all met for <TaskInstance: exemplo_dag_group.tsk2 manual__2024-07-25T02:15:54.686135+00:00 [queued]>
[2024-07-25T02:16:02.532+0000] {taskinstance.py:1279} INFO - 
--------------------------------------------------------------------------------
[2024-07-25T02:16:02.532+0000] {taskinstance.py:1280} INFO - Starting attempt 1 of 1
[2024-07-25T02:16:02.533+0000] {taskinstance.py:1281} INFO - 
--------------------------------------------------------------------------------
[2024-07-25T02:16:02.553+0000] {taskinstance.py:1300} INFO - Executing <Task(BashOperator): tsk2> on 2024-07-25 02:15:54.686135+00:00
[2024-07-25T02:16:02.589+0000] {standard_task_runner.py:55} INFO - Started process 31069 to run task
[2024-07-25T02:16:02.592+0000] {standard_task_runner.py:82} INFO - Running: ['***', 'tasks', 'run', 'exemplo_dag_group', 'tsk2', 'manual__2024-07-25T02:15:54.686135+00:00', '--job-id', '1356', '--raw', '--subdir', 'DAGS_FOLDER/exemplo_dag_group.py', '--cfg-path', '/tmp/tmp8umkjx52']
[2024-07-25T02:16:02.597+0000] {standard_task_runner.py:83} INFO - Job 1356: Subtask tsk2
[2024-07-25T02:16:02.683+0000] {task_command.py:388} INFO - Running <TaskInstance: exemplo_dag_group.tsk2 manual__2024-07-25T02:15:54.686135+00:00 [running]> on host 448a9c84d52e
[2024-07-25T02:16:02.804+0000] {taskinstance.py:1509} INFO - Exporting the following env vars:
AIRFLOW_CTX_DAG_OWNER=***
AIRFLOW_CTX_DAG_ID=exemplo_dag_group
AIRFLOW_CTX_TASK_ID=tsk2
AIRFLOW_CTX_EXECUTION_DATE=2024-07-25T02:15:54.686135+00:00
AIRFLOW_CTX_TRY_NUMBER=1
AIRFLOW_CTX_DAG_RUN_ID=manual__2024-07-25T02:15:54.686135+00:00
[2024-07-25T02:16:02.815+0000] {subprocess.py:63} INFO - Tmp dir root location: 
 /tmp
[2024-07-25T02:16:02.822+0000] {subprocess.py:75} INFO - Running command: ['/bin/bash', '-c', 'sleep 5']
[2024-07-25T02:16:02.844+0000] {subprocess.py:86} INFO - Output:
[2024-07-25T02:16:07.867+0000] {subprocess.py:97} INFO - Command exited with return code 0
[2024-07-25T02:16:08.106+0000] {taskinstance.py:1323} INFO - Marking task as SUCCESS. dag_id=exemplo_dag_group, task_id=tsk2, execution_date=20240725T021554, start_date=20240725T021602, end_date=20240725T021608
[2024-07-25T02:16:08.240+0000] {local_task_job.py:208} INFO - Task exited with return code 0
[2024-07-25T02:16:08.475+0000] {taskinstance.py:2578} INFO - 1 downstream tasks scheduled from follow-on schedule check
