[2024-07-22T02:32:09.374+0000] {taskinstance.py:1083} INFO - Dependencies all met for <TaskInstance: example_xcom.bash_pull scheduled__2021-01-01T00:00:00+00:00 [queued]>
[2024-07-22T02:32:09.417+0000] {taskinstance.py:1083} INFO - Dependencies all met for <TaskInstance: example_xcom.bash_pull scheduled__2021-01-01T00:00:00+00:00 [queued]>
[2024-07-22T02:32:09.419+0000] {taskinstance.py:1279} INFO - 
--------------------------------------------------------------------------------
[2024-07-22T02:32:09.420+0000] {taskinstance.py:1280} INFO - Starting attempt 1 of 1
[2024-07-22T02:32:09.434+0000] {taskinstance.py:1281} INFO - 
--------------------------------------------------------------------------------
[2024-07-22T02:32:09.487+0000] {taskinstance.py:1300} INFO - Executing <Task(BashOperator): bash_pull> on 2021-01-01 00:00:00+00:00
[2024-07-22T02:32:09.503+0000] {standard_task_runner.py:55} INFO - Started process 1265 to run task
[2024-07-22T02:32:09.504+0000] {standard_task_runner.py:82} INFO - Running: ['***', 'tasks', 'run', 'example_xcom', 'bash_pull', 'scheduled__2021-01-01T00:00:00+00:00', '--job-id', '355', '--raw', '--subdir', '/home/***/.local/lib/python3.7/site-packages/***/example_dags/example_xcom.py', '--cfg-path', '/tmp/tmp651ftqo6']
[2024-07-22T02:32:09.519+0000] {standard_task_runner.py:83} INFO - Job 355: Subtask bash_pull
[2024-07-22T02:32:09.664+0000] {task_command.py:388} INFO - Running <TaskInstance: example_xcom.bash_pull scheduled__2021-01-01T00:00:00+00:00 [running]> on host 06eaaebc2caa
[2024-07-22T02:32:10.027+0000] {taskinstance.py:1509} INFO - Exporting the following env vars:
AIRFLOW_CTX_DAG_OWNER=***
AIRFLOW_CTX_DAG_ID=example_xcom
AIRFLOW_CTX_TASK_ID=bash_pull
AIRFLOW_CTX_EXECUTION_DATE=2021-01-01T00:00:00+00:00
AIRFLOW_CTX_TRY_NUMBER=1
AIRFLOW_CTX_DAG_RUN_ID=scheduled__2021-01-01T00:00:00+00:00
[2024-07-22T02:32:10.041+0000] {subprocess.py:63} INFO - Tmp dir root location: 
 /tmp
[2024-07-22T02:32:10.047+0000] {subprocess.py:75} INFO - Running command: ['/bin/bash', '-c', 'echo "bash pull demo" && echo "The xcom pushed manually is manually_pushed_value" && echo "The returned_value xcom is value_by_return" && echo "finished"']
[2024-07-22T02:32:10.082+0000] {subprocess.py:86} INFO - Output:
[2024-07-22T02:32:10.087+0000] {subprocess.py:93} INFO - bash pull demo
[2024-07-22T02:32:10.087+0000] {subprocess.py:93} INFO - The xcom pushed manually is manually_pushed_value
[2024-07-22T02:32:10.087+0000] {subprocess.py:93} INFO - The returned_value xcom is value_by_return
[2024-07-22T02:32:10.088+0000] {subprocess.py:93} INFO - finished
[2024-07-22T02:32:10.088+0000] {subprocess.py:97} INFO - Command exited with return code 0
[2024-07-22T02:32:10.151+0000] {taskinstance.py:1323} INFO - Marking task as SUCCESS. dag_id=example_xcom, task_id=bash_pull, execution_date=20210101T000000, start_date=20240722T023209, end_date=20240722T023210
[2024-07-22T02:32:10.204+0000] {local_task_job.py:208} INFO - Task exited with return code 0
[2024-07-22T02:32:10.623+0000] {taskinstance.py:2578} INFO - 0 downstream tasks scheduled from follow-on schedule check
