[2024-07-22T02:32:07.879+0000] {taskinstance.py:1083} INFO - Dependencies all met for <TaskInstance: example_task_group_decorator.task_group_function__4.task_2 scheduled__2024-07-21T02:31:39.085635+00:00 [queued]>
[2024-07-22T02:32:07.890+0000] {taskinstance.py:1083} INFO - Dependencies all met for <TaskInstance: example_task_group_decorator.task_group_function__4.task_2 scheduled__2024-07-21T02:31:39.085635+00:00 [queued]>
[2024-07-22T02:32:07.893+0000] {taskinstance.py:1279} INFO - 
--------------------------------------------------------------------------------
[2024-07-22T02:32:07.893+0000] {taskinstance.py:1280} INFO - Starting attempt 1 of 1
[2024-07-22T02:32:07.895+0000] {taskinstance.py:1281} INFO - 
--------------------------------------------------------------------------------
[2024-07-22T02:32:07.922+0000] {taskinstance.py:1300} INFO - Executing <Task(_PythonDecoratedOperator): task_group_function__4.task_2> on 2024-07-21 02:31:39.085635+00:00
[2024-07-22T02:32:07.927+0000] {standard_task_runner.py:55} INFO - Started process 1240 to run task
[2024-07-22T02:32:07.932+0000] {standard_task_runner.py:82} INFO - Running: ['***', 'tasks', 'run', 'example_task_group_decorator', 'task_group_function__4.task_2', 'scheduled__2024-07-21T02:31:39.085635+00:00', '--job-id', '347', '--raw', '--subdir', '/home/***/.local/lib/python3.7/site-packages/***/example_dags/example_task_group_decorator.py', '--cfg-path', '/tmp/tmpkkcgjexy']
[2024-07-22T02:32:07.934+0000] {standard_task_runner.py:83} INFO - Job 347: Subtask task_group_function__4.task_2
[2024-07-22T02:32:07.997+0000] {task_command.py:388} INFO - Running <TaskInstance: example_task_group_decorator.task_group_function__4.task_2 scheduled__2024-07-21T02:31:39.085635+00:00 [running]> on host 06eaaebc2caa
[2024-07-22T02:32:08.096+0000] {taskinstance.py:1509} INFO - Exporting the following env vars:
AIRFLOW_CTX_DAG_OWNER=***
AIRFLOW_CTX_DAG_ID=example_task_group_decorator
AIRFLOW_CTX_TASK_ID=task_group_function__4.task_2
AIRFLOW_CTX_EXECUTION_DATE=2024-07-21T02:31:39.085635+00:00
AIRFLOW_CTX_TRY_NUMBER=1
AIRFLOW_CTX_DAG_RUN_ID=scheduled__2024-07-21T02:31:39.085635+00:00
[2024-07-22T02:32:08.098+0000] {python.py:177} INFO - Done. Returned value was: [ Task2 [ Task1 4 ] ]
[2024-07-22T02:32:08.129+0000] {taskinstance.py:1323} INFO - Marking task as SUCCESS. dag_id=example_task_group_decorator, task_id=task_group_function__4.task_2, execution_date=20240721T023139, start_date=20240722T023207, end_date=20240722T023208
[2024-07-22T02:32:08.161+0000] {local_task_job.py:208} INFO - Task exited with return code 0
[2024-07-22T02:32:08.246+0000] {taskinstance.py:2578} INFO - 1 downstream tasks scheduled from follow-on schedule check
