[2024-07-23T00:27:29.844+0000] {taskinstance.py:1083} INFO - Dependencies all met for <TaskInstance: segunda_dag.tsk2 manual__2024-07-23T00:27:23.180452+00:00 [queued]>
[2024-07-23T00:27:29.851+0000] {taskinstance.py:1083} INFO - Dependencies all met for <TaskInstance: segunda_dag.tsk2 manual__2024-07-23T00:27:23.180452+00:00 [queued]>
[2024-07-23T00:27:29.851+0000] {taskinstance.py:1279} INFO - 
--------------------------------------------------------------------------------
[2024-07-23T00:27:29.851+0000] {taskinstance.py:1280} INFO - Starting attempt 1 of 1
[2024-07-23T00:27:29.851+0000] {taskinstance.py:1281} INFO - 
--------------------------------------------------------------------------------
[2024-07-23T00:27:29.859+0000] {taskinstance.py:1300} INFO - Executing <Task(BashOperator): tsk2> on 2024-07-23 00:27:23.180452+00:00
[2024-07-23T00:27:29.862+0000] {standard_task_runner.py:55} INFO - Started process 1312 to run task
[2024-07-23T00:27:29.864+0000] {standard_task_runner.py:82} INFO - Running: ['***', 'tasks', 'run', 'segunda_dag', 'tsk2', 'manual__2024-07-23T00:27:23.180452+00:00', '--job-id', '1275', '--raw', '--subdir', 'DAGS_FOLDER/segunda_dag.py', '--cfg-path', '/tmp/tmp_3cqgl2i']
[2024-07-23T00:27:29.865+0000] {standard_task_runner.py:83} INFO - Job 1275: Subtask tsk2
[2024-07-23T00:27:29.896+0000] {task_command.py:388} INFO - Running <TaskInstance: segunda_dag.tsk2 manual__2024-07-23T00:27:23.180452+00:00 [running]> on host 448a9c84d52e
[2024-07-23T00:27:29.935+0000] {taskinstance.py:1509} INFO - Exporting the following env vars:
AIRFLOW_CTX_DAG_OWNER=***
AIRFLOW_CTX_DAG_ID=segunda_dag
AIRFLOW_CTX_TASK_ID=tsk2
AIRFLOW_CTX_EXECUTION_DATE=2024-07-23T00:27:23.180452+00:00
AIRFLOW_CTX_TRY_NUMBER=1
AIRFLOW_CTX_DAG_RUN_ID=manual__2024-07-23T00:27:23.180452+00:00
[2024-07-23T00:27:29.936+0000] {subprocess.py:63} INFO - Tmp dir root location: 
 /tmp
[2024-07-23T00:27:29.936+0000] {subprocess.py:75} INFO - Running command: ['/bin/bash', '-c', 'sleep 5']
[2024-07-23T00:27:29.941+0000] {subprocess.py:86} INFO - Output:
[2024-07-23T00:27:34.944+0000] {subprocess.py:97} INFO - Command exited with return code 0
[2024-07-23T00:27:34.961+0000] {taskinstance.py:1323} INFO - Marking task as SUCCESS. dag_id=segunda_dag, task_id=tsk2, execution_date=20240723T002723, start_date=20240723T002729, end_date=20240723T002734
[2024-07-23T00:27:34.978+0000] {local_task_job.py:208} INFO - Task exited with return code 0
[2024-07-23T00:27:34.987+0000] {taskinstance.py:2578} INFO - 0 downstream tasks scheduled from follow-on schedule check
