[2024-07-25T07:06:57.736+0000] {taskinstance.py:1083} INFO - Dependencies all met for <TaskInstance: exemplo_defaultargs.tsk3 scheduled__2024-07-25T06:00:00+00:00 [queued]>
[2024-07-25T07:06:57.744+0000] {taskinstance.py:1083} INFO - Dependencies all met for <TaskInstance: exemplo_defaultargs.tsk3 scheduled__2024-07-25T06:00:00+00:00 [queued]>
[2024-07-25T07:06:57.745+0000] {taskinstance.py:1279} INFO - 
--------------------------------------------------------------------------------
[2024-07-25T07:06:57.745+0000] {taskinstance.py:1280} INFO - Starting attempt 1 of 2
[2024-07-25T07:06:57.749+0000] {taskinstance.py:1281} INFO - 
--------------------------------------------------------------------------------
[2024-07-25T07:06:57.771+0000] {taskinstance.py:1300} INFO - Executing <Task(BashOperator): tsk3> on 2024-07-25 06:00:00+00:00
[2024-07-25T07:06:57.775+0000] {standard_task_runner.py:55} INFO - Started process 39798 to run task
[2024-07-25T07:06:57.777+0000] {standard_task_runner.py:82} INFO - Running: ['***', 'tasks', 'run', 'exemplo_defaultargs', 'tsk3', 'scheduled__2024-07-25T06:00:00+00:00', '--job-id', '1403', '--raw', '--subdir', 'DAGS_FOLDER/exemplo_defaultargs.py', '--cfg-path', '/tmp/tmp129xyfhs']
[2024-07-25T07:06:57.778+0000] {standard_task_runner.py:83} INFO - Job 1403: Subtask tsk3
[2024-07-25T07:06:57.823+0000] {task_command.py:388} INFO - Running <TaskInstance: exemplo_defaultargs.tsk3 scheduled__2024-07-25T06:00:00+00:00 [running]> on host 448a9c84d52e
[2024-07-25T07:06:57.864+0000] {taskinstance.py:1509} INFO - Exporting the following env vars:
AIRFLOW_CTX_DAG_EMAIL=test@test.com
AIRFLOW_CTX_DAG_OWNER=***
AIRFLOW_CTX_DAG_ID=exemplo_defaultargs
AIRFLOW_CTX_TASK_ID=tsk3
AIRFLOW_CTX_EXECUTION_DATE=2024-07-25T06:00:00+00:00
AIRFLOW_CTX_TRY_NUMBER=1
AIRFLOW_CTX_DAG_RUN_ID=scheduled__2024-07-25T06:00:00+00:00
[2024-07-25T07:06:57.865+0000] {subprocess.py:63} INFO - Tmp dir root location: 
 /tmp
[2024-07-25T07:06:57.866+0000] {subprocess.py:75} INFO - Running command: ['/bin/bash', '-c', 'sleep 5']
[2024-07-25T07:06:57.874+0000] {subprocess.py:86} INFO - Output:
[2024-07-25T07:07:02.880+0000] {subprocess.py:97} INFO - Command exited with return code 0
[2024-07-25T07:07:02.920+0000] {taskinstance.py:1323} INFO - Marking task as SUCCESS. dag_id=exemplo_defaultargs, task_id=tsk3, execution_date=20240725T060000, start_date=20240725T070657, end_date=20240725T070702
[2024-07-25T07:07:02.947+0000] {local_task_job.py:208} INFO - Task exited with return code 0
[2024-07-25T07:07:02.968+0000] {taskinstance.py:2578} INFO - 0 downstream tasks scheduled from follow-on schedule check
