[2024-07-26T18:00:06.914+0000] {taskinstance.py:1083} INFO - Dependencies all met for <TaskInstance: exemplo_defaultargs.tsk2 scheduled__2024-07-26T17:00:00+00:00 [queued]>
[2024-07-26T18:00:06.920+0000] {taskinstance.py:1083} INFO - Dependencies all met for <TaskInstance: exemplo_defaultargs.tsk2 scheduled__2024-07-26T17:00:00+00:00 [queued]>
[2024-07-26T18:00:06.921+0000] {taskinstance.py:1279} INFO - 
--------------------------------------------------------------------------------
[2024-07-26T18:00:06.921+0000] {taskinstance.py:1280} INFO - Starting attempt 1 of 2
[2024-07-26T18:00:06.921+0000] {taskinstance.py:1281} INFO - 
--------------------------------------------------------------------------------
[2024-07-26T18:00:06.928+0000] {taskinstance.py:1300} INFO - Executing <Task(BashOperator): tsk2> on 2024-07-26 17:00:00+00:00
[2024-07-26T18:00:06.931+0000] {standard_task_runner.py:55} INFO - Started process 38017 to run task
[2024-07-26T18:00:06.933+0000] {standard_task_runner.py:82} INFO - Running: ['***', 'tasks', 'run', 'exemplo_defaultargs', 'tsk2', 'scheduled__2024-07-26T17:00:00+00:00', '--job-id', '1653', '--raw', '--subdir', 'DAGS_FOLDER/exemplo_defaultargs.py', '--cfg-path', '/tmp/tmpq2jx62rb']
[2024-07-26T18:00:06.933+0000] {standard_task_runner.py:83} INFO - Job 1653: Subtask tsk2
[2024-07-26T18:00:06.973+0000] {task_command.py:388} INFO - Running <TaskInstance: exemplo_defaultargs.tsk2 scheduled__2024-07-26T17:00:00+00:00 [running]> on host 029011c5aea1
[2024-07-26T18:00:07.012+0000] {taskinstance.py:1509} INFO - Exporting the following env vars:
AIRFLOW_CTX_DAG_EMAIL=test@test.com
AIRFLOW_CTX_DAG_OWNER=***
AIRFLOW_CTX_DAG_ID=exemplo_defaultargs
AIRFLOW_CTX_TASK_ID=tsk2
AIRFLOW_CTX_EXECUTION_DATE=2024-07-26T17:00:00+00:00
AIRFLOW_CTX_TRY_NUMBER=1
AIRFLOW_CTX_DAG_RUN_ID=scheduled__2024-07-26T17:00:00+00:00
[2024-07-26T18:00:07.013+0000] {subprocess.py:63} INFO - Tmp dir root location: 
 /tmp
[2024-07-26T18:00:07.014+0000] {subprocess.py:75} INFO - Running command: ['/bin/bash', '-c', 'sleep 5']
[2024-07-26T18:00:07.024+0000] {subprocess.py:86} INFO - Output:
[2024-07-26T18:00:12.039+0000] {subprocess.py:97} INFO - Command exited with return code 0
[2024-07-26T18:00:12.075+0000] {taskinstance.py:1323} INFO - Marking task as SUCCESS. dag_id=exemplo_defaultargs, task_id=tsk2, execution_date=20240726T170000, start_date=20240726T180006, end_date=20240726T180012
[2024-07-26T18:00:12.117+0000] {local_task_job.py:208} INFO - Task exited with return code 0
[2024-07-26T18:00:12.137+0000] {taskinstance.py:2578} INFO - 1 downstream tasks scheduled from follow-on schedule check
