[2024-07-26T02:42:14.009+0000] {taskinstance.py:1083} INFO - Dependencies all met for <TaskInstance: exemplo_email_operator.3-Bash manual__2024-07-26T02:42:10.999273+00:00 [queued]>
[2024-07-26T02:42:14.015+0000] {taskinstance.py:1083} INFO - Dependencies all met for <TaskInstance: exemplo_email_operator.3-Bash manual__2024-07-26T02:42:10.999273+00:00 [queued]>
[2024-07-26T02:42:14.015+0000] {taskinstance.py:1279} INFO - 
--------------------------------------------------------------------------------
[2024-07-26T02:42:14.015+0000] {taskinstance.py:1280} INFO - Starting attempt 1 of 2
[2024-07-26T02:42:14.015+0000] {taskinstance.py:1281} INFO - 
--------------------------------------------------------------------------------
[2024-07-26T02:42:14.026+0000] {taskinstance.py:1300} INFO - Executing <Task(BashOperator): 3-Bash> on 2024-07-26 02:42:10.999273+00:00
[2024-07-26T02:42:14.028+0000] {standard_task_runner.py:55} INFO - Started process 93 to run task
[2024-07-26T02:42:14.030+0000] {standard_task_runner.py:82} INFO - Running: ['***', 'tasks', 'run', 'exemplo_email_operator', '3-Bash', 'manual__2024-07-26T02:42:10.999273+00:00', '--job-id', '1485', '--raw', '--subdir', 'DAGS_FOLDER/exemplo_email_operator.py', '--cfg-path', '/tmp/tmpcf8w7krf']
[2024-07-26T02:42:14.031+0000] {standard_task_runner.py:83} INFO - Job 1485: Subtask 3-Bash
[2024-07-26T02:42:14.060+0000] {task_command.py:388} INFO - Running <TaskInstance: exemplo_email_operator.3-Bash manual__2024-07-26T02:42:10.999273+00:00 [running]> on host 4e9420b3fb00
[2024-07-26T02:42:14.096+0000] {taskinstance.py:1509} INFO - Exporting the following env vars:
AIRFLOW_CTX_DAG_EMAIL=caue.ausec@gmail.com
AIRFLOW_CTX_DAG_OWNER=***
AIRFLOW_CTX_DAG_ID=exemplo_email_operator
AIRFLOW_CTX_TASK_ID=3-Bash
AIRFLOW_CTX_EXECUTION_DATE=2024-07-26T02:42:10.999273+00:00
AIRFLOW_CTX_TRY_NUMBER=1
AIRFLOW_CTX_DAG_RUN_ID=manual__2024-07-26T02:42:10.999273+00:00
[2024-07-26T02:42:14.097+0000] {subprocess.py:63} INFO - Tmp dir root location: 
 /tmp
[2024-07-26T02:42:14.097+0000] {subprocess.py:75} INFO - Running command: ['/bin/bash', '-c', 'sleep 1']
[2024-07-26T02:42:14.103+0000] {subprocess.py:86} INFO - Output:
[2024-07-26T02:42:15.107+0000] {subprocess.py:97} INFO - Command exited with return code 0
[2024-07-26T02:42:15.131+0000] {taskinstance.py:1323} INFO - Marking task as SUCCESS. dag_id=exemplo_email_operator, task_id=3-Bash, execution_date=20240726T024210, start_date=20240726T024214, end_date=20240726T024215
[2024-07-26T02:42:15.145+0000] {local_task_job.py:208} INFO - Task exited with return code 0
[2024-07-26T02:42:15.163+0000] {taskinstance.py:2578} INFO - 1 downstream tasks scheduled from follow-on schedule check
