[2024-07-22T02:30:43.930+0000] {taskinstance.py:1083} INFO - Dependencies all met for <TaskInstance: example_branch_python_operator_decorator.branching scheduled__2024-07-21T00:00:00+00:00 [queued]>
[2024-07-22T02:30:43.937+0000] {taskinstance.py:1083} INFO - Dependencies all met for <TaskInstance: example_branch_python_operator_decorator.branching scheduled__2024-07-21T00:00:00+00:00 [queued]>
[2024-07-22T02:30:43.939+0000] {taskinstance.py:1279} INFO - 
--------------------------------------------------------------------------------
[2024-07-22T02:30:43.939+0000] {taskinstance.py:1280} INFO - Starting attempt 1 of 1
[2024-07-22T02:30:43.942+0000] {taskinstance.py:1281} INFO - 
--------------------------------------------------------------------------------
[2024-07-22T02:30:43.962+0000] {taskinstance.py:1300} INFO - Executing <Task(_BranchPythonDecoratedOperator): branching> on 2024-07-21 00:00:00+00:00
[2024-07-22T02:30:43.968+0000] {standard_task_runner.py:55} INFO - Started process 458 to run task
[2024-07-22T02:30:43.972+0000] {standard_task_runner.py:82} INFO - Running: ['***', 'tasks', 'run', 'example_branch_python_operator_decorator', 'branching', 'scheduled__2024-07-21T00:00:00+00:00', '--job-id', '17', '--raw', '--subdir', '/home/***/.local/lib/python3.7/site-packages/***/example_dags/example_branch_operator_decorator.py', '--cfg-path', '/tmp/tmpymwxl2hr']
[2024-07-22T02:30:43.973+0000] {standard_task_runner.py:83} INFO - Job 17: Subtask branching
[2024-07-22T02:30:44.020+0000] {task_command.py:388} INFO - Running <TaskInstance: example_branch_python_operator_decorator.branching scheduled__2024-07-21T00:00:00+00:00 [running]> on host 06eaaebc2caa
[2024-07-22T02:30:44.068+0000] {taskinstance.py:1509} INFO - Exporting the following env vars:
AIRFLOW_CTX_DAG_OWNER=***
AIRFLOW_CTX_DAG_ID=example_branch_python_operator_decorator
AIRFLOW_CTX_TASK_ID=branching
AIRFLOW_CTX_EXECUTION_DATE=2024-07-21T00:00:00+00:00
AIRFLOW_CTX_TRY_NUMBER=1
AIRFLOW_CTX_DAG_RUN_ID=scheduled__2024-07-21T00:00:00+00:00
[2024-07-22T02:30:44.069+0000] {python.py:177} INFO - Done. Returned value was: branch_b
[2024-07-22T02:30:44.069+0000] {python.py:211} INFO - Branch callable return branch_b
[2024-07-22T02:30:44.070+0000] {skipmixin.py:155} INFO - Following branch branch_b
[2024-07-22T02:30:44.070+0000] {skipmixin.py:211} INFO - Skipping tasks ['branch_c', 'branch_a', 'branch_d']
[2024-07-22T02:30:44.109+0000] {taskinstance.py:1323} INFO - Marking task as SUCCESS. dag_id=example_branch_python_operator_decorator, task_id=branching, execution_date=20240721T000000, start_date=20240722T023043, end_date=20240722T023044
[2024-07-22T02:30:44.154+0000] {local_task_job.py:208} INFO - Task exited with return code 0
[2024-07-22T02:30:44.186+0000] {taskinstance.py:2578} INFO - 1 downstream tasks scheduled from follow-on schedule check
