[2024-07-26T22:02:44.744+0000] {taskinstance.py:1083} INFO - Dependencies all met for <TaskInstance: exemplo_email_operator.1-Bash scheduled__2024-07-26T21:00:00+00:00 [queued]>
[2024-07-26T22:02:44.758+0000] {taskinstance.py:1083} INFO - Dependencies all met for <TaskInstance: exemplo_email_operator.1-Bash scheduled__2024-07-26T21:00:00+00:00 [queued]>
[2024-07-26T22:02:44.759+0000] {taskinstance.py:1279} INFO - 
--------------------------------------------------------------------------------
[2024-07-26T22:02:44.760+0000] {taskinstance.py:1280} INFO - Starting attempt 1 of 2
[2024-07-26T22:02:44.762+0000] {taskinstance.py:1281} INFO - 
--------------------------------------------------------------------------------
[2024-07-26T22:02:44.783+0000] {taskinstance.py:1300} INFO - Executing <Task(BashOperator): 1-Bash> on 2024-07-26 21:00:00+00:00
[2024-07-26T22:02:44.790+0000] {standard_task_runner.py:55} INFO - Started process 57078 to run task
[2024-07-26T22:02:44.794+0000] {standard_task_runner.py:82} INFO - Running: ['***', 'tasks', 'run', 'exemplo_email_operator', '1-Bash', 'scheduled__2024-07-26T21:00:00+00:00', '--job-id', '1687', '--raw', '--subdir', 'DAGS_FOLDER/exemplo_email_operator.py', '--cfg-path', '/tmp/tmpqw3_9ypk']
[2024-07-26T22:02:44.796+0000] {standard_task_runner.py:83} INFO - Job 1687: Subtask 1-Bash
[2024-07-26T22:02:44.913+0000] {task_command.py:388} INFO - Running <TaskInstance: exemplo_email_operator.1-Bash scheduled__2024-07-26T21:00:00+00:00 [running]> on host 029011c5aea1
[2024-07-26T22:02:45.048+0000] {taskinstance.py:1509} INFO - Exporting the following env vars:
AIRFLOW_CTX_DAG_EMAIL=caue.ausec@gmail.com
AIRFLOW_CTX_DAG_OWNER=***
AIRFLOW_CTX_DAG_ID=exemplo_email_operator
AIRFLOW_CTX_TASK_ID=1-Bash
AIRFLOW_CTX_EXECUTION_DATE=2024-07-26T21:00:00+00:00
AIRFLOW_CTX_TRY_NUMBER=1
AIRFLOW_CTX_DAG_RUN_ID=scheduled__2024-07-26T21:00:00+00:00
[2024-07-26T22:02:45.051+0000] {subprocess.py:63} INFO - Tmp dir root location: 
 /tmp
[2024-07-26T22:02:45.053+0000] {subprocess.py:75} INFO - Running command: ['/bin/bash', '-c', 'sleep 1']
[2024-07-26T22:02:45.069+0000] {subprocess.py:86} INFO - Output:
[2024-07-26T22:02:46.087+0000] {subprocess.py:97} INFO - Command exited with return code 0
[2024-07-26T22:02:46.375+0000] {taskinstance.py:1323} INFO - Marking task as SUCCESS. dag_id=exemplo_email_operator, task_id=1-Bash, execution_date=20240726T210000, start_date=20240726T220244, end_date=20240726T220246
[2024-07-26T22:02:46.447+0000] {local_task_job.py:208} INFO - Task exited with return code 0
[2024-07-26T22:02:46.683+0000] {taskinstance.py:2578} INFO - 0 downstream tasks scheduled from follow-on schedule check
