[2024-07-23T03:29:21.229+0000] {taskinstance.py:1083} INFO - Dependencies all met for <TaskInstance: exemplo_dag_complexa.tsk2 manual__2024-07-23T03:29:14.144099+00:00 [queued]>
[2024-07-23T03:29:21.243+0000] {taskinstance.py:1083} INFO - Dependencies all met for <TaskInstance: exemplo_dag_complexa.tsk2 manual__2024-07-23T03:29:14.144099+00:00 [queued]>
[2024-07-23T03:29:21.244+0000] {taskinstance.py:1279} INFO - 
--------------------------------------------------------------------------------
[2024-07-23T03:29:21.245+0000] {taskinstance.py:1280} INFO - Starting attempt 1 of 1
[2024-07-23T03:29:21.245+0000] {taskinstance.py:1281} INFO - 
--------------------------------------------------------------------------------
[2024-07-23T03:29:21.256+0000] {taskinstance.py:1300} INFO - Executing <Task(BashOperator): tsk2> on 2024-07-23 03:29:14.144099+00:00
[2024-07-23T03:29:21.263+0000] {standard_task_runner.py:55} INFO - Started process 7347 to run task
[2024-07-23T03:29:21.268+0000] {standard_task_runner.py:82} INFO - Running: ['***', 'tasks', 'run', 'exemplo_dag_complexa', 'tsk2', 'manual__2024-07-23T03:29:14.144099+00:00', '--job-id', '1314', '--raw', '--subdir', 'DAGS_FOLDER/exemplo_dag_complexa.py', '--cfg-path', '/tmp/tmpz8yx6_qy']
[2024-07-23T03:29:21.272+0000] {standard_task_runner.py:83} INFO - Job 1314: Subtask tsk2
[2024-07-23T03:29:21.337+0000] {task_command.py:388} INFO - Running <TaskInstance: exemplo_dag_complexa.tsk2 manual__2024-07-23T03:29:14.144099+00:00 [running]> on host 448a9c84d52e
[2024-07-23T03:29:21.390+0000] {taskinstance.py:1509} INFO - Exporting the following env vars:
AIRFLOW_CTX_DAG_OWNER=***
AIRFLOW_CTX_DAG_ID=exemplo_dag_complexa
AIRFLOW_CTX_TASK_ID=tsk2
AIRFLOW_CTX_EXECUTION_DATE=2024-07-23T03:29:14.144099+00:00
AIRFLOW_CTX_TRY_NUMBER=1
AIRFLOW_CTX_DAG_RUN_ID=manual__2024-07-23T03:29:14.144099+00:00
[2024-07-23T03:29:21.391+0000] {subprocess.py:63} INFO - Tmp dir root location: 
 /tmp
[2024-07-23T03:29:21.391+0000] {subprocess.py:75} INFO - Running command: ['/bin/bash', '-c', 'sleep 5']
[2024-07-23T03:29:21.397+0000] {subprocess.py:86} INFO - Output:
[2024-07-23T03:29:26.399+0000] {subprocess.py:97} INFO - Command exited with return code 0
[2024-07-23T03:29:26.414+0000] {taskinstance.py:1323} INFO - Marking task as SUCCESS. dag_id=exemplo_dag_complexa, task_id=tsk2, execution_date=20240723T032914, start_date=20240723T032921, end_date=20240723T032926
[2024-07-23T03:29:26.435+0000] {local_task_job.py:208} INFO - Task exited with return code 0
[2024-07-23T03:29:26.451+0000] {taskinstance.py:2578} INFO - 1 downstream tasks scheduled from follow-on schedule check
