[2024-07-28T02:33:07.393+0000] {processor.py:153} INFO - Started process (PID=55) to work on /opt/airflow/dags/exemplo_setstream.py
[2024-07-28T02:33:07.394+0000] {processor.py:743} INFO - Processing file /opt/airflow/dags/exemplo_setstream.py for tasks to queue
[2024-07-28T02:33:07.395+0000] {logging_mixin.py:137} INFO - [2024-07-28T02:33:07.395+0000] {dagbag.py:538} INFO - Filling up the DagBag from /opt/airflow/dags/exemplo_setstream.py
[2024-07-28T02:33:07.422+0000] {processor.py:753} INFO - DAG(s) dict_keys(['exemplo_setstream']) retrieved from /opt/airflow/dags/exemplo_setstream.py
[2024-07-28T02:33:07.469+0000] {logging_mixin.py:137} INFO - [2024-07-28T02:33:07.469+0000] {dag.py:2690} INFO - Sync 1 DAGs
[2024-07-28T02:33:07.503+0000] {logging_mixin.py:137} INFO - [2024-07-28T02:33:07.503+0000] {dag.py:3441} INFO - Setting next_dagrun for exemplo_setstream to None, run_after=None
[2024-07-28T02:33:07.546+0000] {processor.py:175} INFO - Processing /opt/airflow/dags/exemplo_setstream.py took 0.156 seconds
[2024-07-28T02:33:13.067+0000] {processor.py:153} INFO - Started process (PID=96) to work on /opt/airflow/dags/exemplo_setstream.py
[2024-07-28T02:33:13.068+0000] {processor.py:743} INFO - Processing file /opt/airflow/dags/exemplo_setstream.py for tasks to queue
[2024-07-28T02:33:13.069+0000] {logging_mixin.py:137} INFO - [2024-07-28T02:33:13.068+0000] {dagbag.py:538} INFO - Filling up the DagBag from /opt/airflow/dags/exemplo_setstream.py
[2024-07-28T02:33:13.078+0000] {processor.py:753} INFO - DAG(s) dict_keys(['exemplo_setstream']) retrieved from /opt/airflow/dags/exemplo_setstream.py
[2024-07-28T02:33:13.091+0000] {logging_mixin.py:137} INFO - [2024-07-28T02:33:13.091+0000] {dag.py:2690} INFO - Sync 1 DAGs
[2024-07-28T02:33:13.116+0000] {logging_mixin.py:137} INFO - [2024-07-28T02:33:13.116+0000] {dag.py:3441} INFO - Setting next_dagrun for exemplo_setstream to None, run_after=None
[2024-07-28T02:33:13.143+0000] {processor.py:175} INFO - Processing /opt/airflow/dags/exemplo_setstream.py took 0.077 seconds
[2024-07-28T02:33:18.343+0000] {processor.py:153} INFO - Started process (PID=126) to work on /opt/airflow/dags/exemplo_setstream.py
[2024-07-28T02:33:18.344+0000] {processor.py:743} INFO - Processing file /opt/airflow/dags/exemplo_setstream.py for tasks to queue
[2024-07-28T02:33:18.344+0000] {logging_mixin.py:137} INFO - [2024-07-28T02:33:18.344+0000] {dagbag.py:538} INFO - Filling up the DagBag from /opt/airflow/dags/exemplo_setstream.py
[2024-07-28T02:33:18.353+0000] {processor.py:753} INFO - DAG(s) dict_keys(['exemplo_setstream']) retrieved from /opt/airflow/dags/exemplo_setstream.py
[2024-07-28T02:33:18.367+0000] {logging_mixin.py:137} INFO - [2024-07-28T02:33:18.367+0000] {dag.py:2690} INFO - Sync 1 DAGs
[2024-07-28T02:33:18.385+0000] {logging_mixin.py:137} INFO - [2024-07-28T02:33:18.385+0000] {dag.py:3441} INFO - Setting next_dagrun for exemplo_setstream to None, run_after=None
[2024-07-28T02:33:18.394+0000] {processor.py:175} INFO - Processing /opt/airflow/dags/exemplo_setstream.py took 0.053 seconds
[2024-07-28T02:33:46.039+0000] {processor.py:153} INFO - Started process (PID=59) to work on /opt/airflow/dags/exemplo_setstream.py
[2024-07-28T02:33:46.040+0000] {processor.py:743} INFO - Processing file /opt/airflow/dags/exemplo_setstream.py for tasks to queue
[2024-07-28T02:33:46.041+0000] {logging_mixin.py:137} INFO - [2024-07-28T02:33:46.040+0000] {dagbag.py:538} INFO - Filling up the DagBag from /opt/airflow/dags/exemplo_setstream.py
[2024-07-28T02:33:46.066+0000] {processor.py:753} INFO - DAG(s) dict_keys(['exemplo_setstream']) retrieved from /opt/airflow/dags/exemplo_setstream.py
[2024-07-28T02:33:46.154+0000] {logging_mixin.py:137} INFO - [2024-07-28T02:33:46.154+0000] {dag.py:2690} INFO - Sync 1 DAGs
[2024-07-28T02:33:46.184+0000] {logging_mixin.py:137} INFO - [2024-07-28T02:33:46.183+0000] {dag.py:3441} INFO - Setting next_dagrun for exemplo_setstream to None, run_after=None
[2024-07-28T02:33:46.210+0000] {processor.py:175} INFO - Processing /opt/airflow/dags/exemplo_setstream.py took 0.173 seconds
[2024-07-28T02:33:51.450+0000] {processor.py:153} INFO - Started process (PID=93) to work on /opt/airflow/dags/exemplo_setstream.py
[2024-07-28T02:33:51.451+0000] {processor.py:743} INFO - Processing file /opt/airflow/dags/exemplo_setstream.py for tasks to queue
[2024-07-28T02:33:51.451+0000] {logging_mixin.py:137} INFO - [2024-07-28T02:33:51.451+0000] {dagbag.py:538} INFO - Filling up the DagBag from /opt/airflow/dags/exemplo_setstream.py
[2024-07-28T02:33:51.460+0000] {processor.py:753} INFO - DAG(s) dict_keys(['exemplo_setstream']) retrieved from /opt/airflow/dags/exemplo_setstream.py
[2024-07-28T02:33:51.468+0000] {logging_mixin.py:137} INFO - [2024-07-28T02:33:51.467+0000] {dag.py:2690} INFO - Sync 1 DAGs
[2024-07-28T02:33:51.483+0000] {logging_mixin.py:137} INFO - [2024-07-28T02:33:51.483+0000] {dag.py:3441} INFO - Setting next_dagrun for exemplo_setstream to None, run_after=None
[2024-07-28T02:33:51.496+0000] {processor.py:175} INFO - Processing /opt/airflow/dags/exemplo_setstream.py took 0.047 seconds
[2024-07-28T02:33:57.443+0000] {processor.py:153} INFO - Started process (PID=125) to work on /opt/airflow/dags/exemplo_setstream.py
[2024-07-28T02:33:57.444+0000] {processor.py:743} INFO - Processing file /opt/airflow/dags/exemplo_setstream.py for tasks to queue
[2024-07-28T02:33:57.444+0000] {logging_mixin.py:137} INFO - [2024-07-28T02:33:57.444+0000] {dagbag.py:538} INFO - Filling up the DagBag from /opt/airflow/dags/exemplo_setstream.py
[2024-07-28T02:33:57.453+0000] {processor.py:753} INFO - DAG(s) dict_keys(['exemplo_setstream']) retrieved from /opt/airflow/dags/exemplo_setstream.py
[2024-07-28T02:33:57.465+0000] {logging_mixin.py:137} INFO - [2024-07-28T02:33:57.465+0000] {dag.py:2690} INFO - Sync 1 DAGs
[2024-07-28T02:33:57.483+0000] {logging_mixin.py:137} INFO - [2024-07-28T02:33:57.483+0000] {dag.py:3441} INFO - Setting next_dagrun for exemplo_setstream to None, run_after=None
[2024-07-28T02:33:57.492+0000] {processor.py:175} INFO - Processing /opt/airflow/dags/exemplo_setstream.py took 0.051 seconds
[2024-07-28T02:34:02.928+0000] {processor.py:153} INFO - Started process (PID=159) to work on /opt/airflow/dags/exemplo_setstream.py
[2024-07-28T02:34:02.930+0000] {processor.py:743} INFO - Processing file /opt/airflow/dags/exemplo_setstream.py for tasks to queue
[2024-07-28T02:34:02.932+0000] {logging_mixin.py:137} INFO - [2024-07-28T02:34:02.932+0000] {dagbag.py:538} INFO - Filling up the DagBag from /opt/airflow/dags/exemplo_setstream.py
[2024-07-28T02:34:02.959+0000] {processor.py:753} INFO - DAG(s) dict_keys(['exemplo_setstream']) retrieved from /opt/airflow/dags/exemplo_setstream.py
[2024-07-28T02:34:02.972+0000] {logging_mixin.py:137} INFO - [2024-07-28T02:34:02.972+0000] {dag.py:2690} INFO - Sync 1 DAGs
[2024-07-28T02:34:02.987+0000] {logging_mixin.py:137} INFO - [2024-07-28T02:34:02.987+0000] {dag.py:3441} INFO - Setting next_dagrun for exemplo_setstream to None, run_after=None
[2024-07-28T02:34:03.006+0000] {processor.py:175} INFO - Processing /opt/airflow/dags/exemplo_setstream.py took 0.080 seconds
[2024-07-28T02:34:08.992+0000] {processor.py:153} INFO - Started process (PID=191) to work on /opt/airflow/dags/exemplo_setstream.py
[2024-07-28T02:34:08.993+0000] {processor.py:743} INFO - Processing file /opt/airflow/dags/exemplo_setstream.py for tasks to queue
[2024-07-28T02:34:08.995+0000] {logging_mixin.py:137} INFO - [2024-07-28T02:34:08.995+0000] {dagbag.py:538} INFO - Filling up the DagBag from /opt/airflow/dags/exemplo_setstream.py
[2024-07-28T02:34:09.004+0000] {processor.py:753} INFO - DAG(s) dict_keys(['exemplo_setstream']) retrieved from /opt/airflow/dags/exemplo_setstream.py
[2024-07-28T02:34:09.011+0000] {logging_mixin.py:137} INFO - [2024-07-28T02:34:09.011+0000] {dag.py:2690} INFO - Sync 1 DAGs
[2024-07-28T02:34:09.029+0000] {logging_mixin.py:137} INFO - [2024-07-28T02:34:09.029+0000] {dag.py:3441} INFO - Setting next_dagrun for exemplo_setstream to None, run_after=None
[2024-07-28T02:34:09.048+0000] {processor.py:175} INFO - Processing /opt/airflow/dags/exemplo_setstream.py took 0.057 seconds
[2024-07-28T02:34:15.178+0000] {processor.py:153} INFO - Started process (PID=232) to work on /opt/airflow/dags/exemplo_setstream.py
[2024-07-28T02:34:15.184+0000] {processor.py:743} INFO - Processing file /opt/airflow/dags/exemplo_setstream.py for tasks to queue
[2024-07-28T02:34:15.187+0000] {logging_mixin.py:137} INFO - [2024-07-28T02:34:15.187+0000] {dagbag.py:538} INFO - Filling up the DagBag from /opt/airflow/dags/exemplo_setstream.py
[2024-07-28T02:34:15.200+0000] {processor.py:753} INFO - DAG(s) dict_keys(['exemplo_setstream']) retrieved from /opt/airflow/dags/exemplo_setstream.py
[2024-07-28T02:34:15.213+0000] {logging_mixin.py:137} INFO - [2024-07-28T02:34:15.213+0000] {dag.py:2690} INFO - Sync 1 DAGs
[2024-07-28T02:34:15.230+0000] {logging_mixin.py:137} INFO - [2024-07-28T02:34:15.230+0000] {dag.py:3441} INFO - Setting next_dagrun for exemplo_setstream to None, run_after=None
[2024-07-28T02:34:15.242+0000] {processor.py:175} INFO - Processing /opt/airflow/dags/exemplo_setstream.py took 0.067 seconds
[2024-07-28T02:34:21.201+0000] {processor.py:153} INFO - Started process (PID=257) to work on /opt/airflow/dags/exemplo_setstream.py
[2024-07-28T02:34:21.202+0000] {processor.py:743} INFO - Processing file /opt/airflow/dags/exemplo_setstream.py for tasks to queue
[2024-07-28T02:34:21.202+0000] {logging_mixin.py:137} INFO - [2024-07-28T02:34:21.202+0000] {dagbag.py:538} INFO - Filling up the DagBag from /opt/airflow/dags/exemplo_setstream.py
[2024-07-28T02:34:21.216+0000] {processor.py:753} INFO - DAG(s) dict_keys(['exemplo_setstream']) retrieved from /opt/airflow/dags/exemplo_setstream.py
[2024-07-28T02:34:21.233+0000] {logging_mixin.py:137} INFO - [2024-07-28T02:34:21.233+0000] {dag.py:2690} INFO - Sync 1 DAGs
[2024-07-28T02:34:21.246+0000] {logging_mixin.py:137} INFO - [2024-07-28T02:34:21.246+0000] {dag.py:3441} INFO - Setting next_dagrun for exemplo_setstream to None, run_after=None
[2024-07-28T02:34:21.262+0000] {processor.py:175} INFO - Processing /opt/airflow/dags/exemplo_setstream.py took 0.063 seconds
[2024-07-28T02:34:26.663+0000] {processor.py:153} INFO - Started process (PID=298) to work on /opt/airflow/dags/exemplo_setstream.py
[2024-07-28T02:34:26.665+0000] {processor.py:743} INFO - Processing file /opt/airflow/dags/exemplo_setstream.py for tasks to queue
[2024-07-28T02:34:26.667+0000] {logging_mixin.py:137} INFO - [2024-07-28T02:34:26.667+0000] {dagbag.py:538} INFO - Filling up the DagBag from /opt/airflow/dags/exemplo_setstream.py
[2024-07-28T02:34:26.679+0000] {processor.py:753} INFO - DAG(s) dict_keys(['exemplo_setstream']) retrieved from /opt/airflow/dags/exemplo_setstream.py
[2024-07-28T02:34:26.704+0000] {logging_mixin.py:137} INFO - [2024-07-28T02:34:26.704+0000] {dag.py:2690} INFO - Sync 1 DAGs
[2024-07-28T02:34:26.718+0000] {logging_mixin.py:137} INFO - [2024-07-28T02:34:26.717+0000] {dag.py:3441} INFO - Setting next_dagrun for exemplo_setstream to None, run_after=None
[2024-07-28T02:34:26.731+0000] {processor.py:175} INFO - Processing /opt/airflow/dags/exemplo_setstream.py took 0.070 seconds
[2024-07-28T02:34:31.859+0000] {processor.py:153} INFO - Started process (PID=323) to work on /opt/airflow/dags/exemplo_setstream.py
[2024-07-28T02:34:31.860+0000] {processor.py:743} INFO - Processing file /opt/airflow/dags/exemplo_setstream.py for tasks to queue
[2024-07-28T02:34:31.860+0000] {logging_mixin.py:137} INFO - [2024-07-28T02:34:31.860+0000] {dagbag.py:538} INFO - Filling up the DagBag from /opt/airflow/dags/exemplo_setstream.py
[2024-07-28T02:34:31.869+0000] {processor.py:753} INFO - DAG(s) dict_keys(['exemplo_setstream']) retrieved from /opt/airflow/dags/exemplo_setstream.py
[2024-07-28T02:34:31.881+0000] {logging_mixin.py:137} INFO - [2024-07-28T02:34:31.881+0000] {dag.py:2690} INFO - Sync 1 DAGs
[2024-07-28T02:34:31.893+0000] {logging_mixin.py:137} INFO - [2024-07-28T02:34:31.893+0000] {dag.py:3441} INFO - Setting next_dagrun for exemplo_setstream to None, run_after=None
[2024-07-28T02:34:31.910+0000] {processor.py:175} INFO - Processing /opt/airflow/dags/exemplo_setstream.py took 0.053 seconds
[2024-07-28T02:34:36.982+0000] {processor.py:153} INFO - Started process (PID=348) to work on /opt/airflow/dags/exemplo_setstream.py
[2024-07-28T02:34:36.983+0000] {processor.py:743} INFO - Processing file /opt/airflow/dags/exemplo_setstream.py for tasks to queue
[2024-07-28T02:34:36.983+0000] {logging_mixin.py:137} INFO - [2024-07-28T02:34:36.983+0000] {dagbag.py:538} INFO - Filling up the DagBag from /opt/airflow/dags/exemplo_setstream.py
[2024-07-28T02:34:37.002+0000] {processor.py:753} INFO - DAG(s) dict_keys(['exemplo_setstream']) retrieved from /opt/airflow/dags/exemplo_setstream.py
[2024-07-28T02:34:37.021+0000] {logging_mixin.py:137} INFO - [2024-07-28T02:34:37.021+0000] {dag.py:2690} INFO - Sync 1 DAGs
[2024-07-28T02:34:37.038+0000] {logging_mixin.py:137} INFO - [2024-07-28T02:34:37.038+0000] {dag.py:3441} INFO - Setting next_dagrun for exemplo_setstream to None, run_after=None
[2024-07-28T02:34:37.048+0000] {processor.py:175} INFO - Processing /opt/airflow/dags/exemplo_setstream.py took 0.068 seconds
[2024-07-28T02:34:43.080+0000] {processor.py:153} INFO - Started process (PID=388) to work on /opt/airflow/dags/exemplo_setstream.py
[2024-07-28T02:34:43.080+0000] {processor.py:743} INFO - Processing file /opt/airflow/dags/exemplo_setstream.py for tasks to queue
[2024-07-28T02:34:43.081+0000] {logging_mixin.py:137} INFO - [2024-07-28T02:34:43.081+0000] {dagbag.py:538} INFO - Filling up the DagBag from /opt/airflow/dags/exemplo_setstream.py
[2024-07-28T02:34:43.088+0000] {processor.py:753} INFO - DAG(s) dict_keys(['exemplo_setstream']) retrieved from /opt/airflow/dags/exemplo_setstream.py
[2024-07-28T02:34:43.099+0000] {logging_mixin.py:137} INFO - [2024-07-28T02:34:43.099+0000] {dag.py:2690} INFO - Sync 1 DAGs
[2024-07-28T02:34:43.111+0000] {logging_mixin.py:137} INFO - [2024-07-28T02:34:43.111+0000] {dag.py:3441} INFO - Setting next_dagrun for exemplo_setstream to None, run_after=None
[2024-07-28T02:34:43.119+0000] {processor.py:175} INFO - Processing /opt/airflow/dags/exemplo_setstream.py took 0.041 seconds
[2024-07-28T02:34:49.304+0000] {processor.py:153} INFO - Started process (PID=429) to work on /opt/airflow/dags/exemplo_setstream.py
[2024-07-28T02:34:49.305+0000] {processor.py:743} INFO - Processing file /opt/airflow/dags/exemplo_setstream.py for tasks to queue
[2024-07-28T02:34:49.307+0000] {logging_mixin.py:137} INFO - [2024-07-28T02:34:49.307+0000] {dagbag.py:538} INFO - Filling up the DagBag from /opt/airflow/dags/exemplo_setstream.py
[2024-07-28T02:34:49.316+0000] {processor.py:753} INFO - DAG(s) dict_keys(['exemplo_setstream']) retrieved from /opt/airflow/dags/exemplo_setstream.py
[2024-07-28T02:34:49.337+0000] {logging_mixin.py:137} INFO - [2024-07-28T02:34:49.337+0000] {dag.py:2690} INFO - Sync 1 DAGs
[2024-07-28T02:34:49.351+0000] {logging_mixin.py:137} INFO - [2024-07-28T02:34:49.351+0000] {dag.py:3441} INFO - Setting next_dagrun for exemplo_setstream to None, run_after=None
[2024-07-28T02:34:49.366+0000] {processor.py:175} INFO - Processing /opt/airflow/dags/exemplo_setstream.py took 0.064 seconds
[2024-07-28T02:34:54.764+0000] {processor.py:153} INFO - Started process (PID=454) to work on /opt/airflow/dags/exemplo_setstream.py
[2024-07-28T02:34:54.765+0000] {processor.py:743} INFO - Processing file /opt/airflow/dags/exemplo_setstream.py for tasks to queue
[2024-07-28T02:34:54.765+0000] {logging_mixin.py:137} INFO - [2024-07-28T02:34:54.765+0000] {dagbag.py:538} INFO - Filling up the DagBag from /opt/airflow/dags/exemplo_setstream.py
[2024-07-28T02:34:54.780+0000] {processor.py:753} INFO - DAG(s) dict_keys(['exemplo_setstream']) retrieved from /opt/airflow/dags/exemplo_setstream.py
[2024-07-28T02:34:54.800+0000] {logging_mixin.py:137} INFO - [2024-07-28T02:34:54.800+0000] {dag.py:2690} INFO - Sync 1 DAGs
[2024-07-28T02:34:54.816+0000] {logging_mixin.py:137} INFO - [2024-07-28T02:34:54.816+0000] {dag.py:3441} INFO - Setting next_dagrun for exemplo_setstream to None, run_after=None
[2024-07-28T02:34:54.833+0000] {processor.py:175} INFO - Processing /opt/airflow/dags/exemplo_setstream.py took 0.070 seconds
[2024-07-28T02:35:00.986+0000] {processor.py:153} INFO - Started process (PID=495) to work on /opt/airflow/dags/exemplo_setstream.py
[2024-07-28T02:35:00.995+0000] {processor.py:743} INFO - Processing file /opt/airflow/dags/exemplo_setstream.py for tasks to queue
[2024-07-28T02:35:01.006+0000] {logging_mixin.py:137} INFO - [2024-07-28T02:35:01.006+0000] {dagbag.py:538} INFO - Filling up the DagBag from /opt/airflow/dags/exemplo_setstream.py
[2024-07-28T02:35:01.030+0000] {processor.py:753} INFO - DAG(s) dict_keys(['exemplo_setstream']) retrieved from /opt/airflow/dags/exemplo_setstream.py
[2024-07-28T02:35:01.060+0000] {logging_mixin.py:137} INFO - [2024-07-28T02:35:01.059+0000] {dag.py:2690} INFO - Sync 1 DAGs
[2024-07-28T02:35:01.083+0000] {logging_mixin.py:137} INFO - [2024-07-28T02:35:01.083+0000] {dag.py:3441} INFO - Setting next_dagrun for exemplo_setstream to None, run_after=None
[2024-07-28T02:35:01.112+0000] {processor.py:175} INFO - Processing /opt/airflow/dags/exemplo_setstream.py took 0.133 seconds
[2024-07-28T02:35:06.411+0000] {processor.py:153} INFO - Started process (PID=520) to work on /opt/airflow/dags/exemplo_setstream.py
[2024-07-28T02:35:06.411+0000] {processor.py:743} INFO - Processing file /opt/airflow/dags/exemplo_setstream.py for tasks to queue
[2024-07-28T02:35:06.412+0000] {logging_mixin.py:137} INFO - [2024-07-28T02:35:06.412+0000] {dagbag.py:538} INFO - Filling up the DagBag from /opt/airflow/dags/exemplo_setstream.py
[2024-07-28T02:35:06.421+0000] {processor.py:753} INFO - DAG(s) dict_keys(['exemplo_setstream']) retrieved from /opt/airflow/dags/exemplo_setstream.py
[2024-07-28T02:35:06.437+0000] {logging_mixin.py:137} INFO - [2024-07-28T02:35:06.437+0000] {dag.py:2690} INFO - Sync 1 DAGs
[2024-07-28T02:35:06.449+0000] {logging_mixin.py:137} INFO - [2024-07-28T02:35:06.449+0000] {dag.py:3441} INFO - Setting next_dagrun for exemplo_setstream to None, run_after=None
[2024-07-28T02:35:06.458+0000] {processor.py:175} INFO - Processing /opt/airflow/dags/exemplo_setstream.py took 0.049 seconds
[2024-07-28T02:35:12.699+0000] {processor.py:153} INFO - Started process (PID=561) to work on /opt/airflow/dags/exemplo_setstream.py
[2024-07-28T02:35:12.702+0000] {processor.py:743} INFO - Processing file /opt/airflow/dags/exemplo_setstream.py for tasks to queue
[2024-07-28T02:35:12.703+0000] {logging_mixin.py:137} INFO - [2024-07-28T02:35:12.703+0000] {dagbag.py:538} INFO - Filling up the DagBag from /opt/airflow/dags/exemplo_setstream.py
[2024-07-28T02:35:12.714+0000] {processor.py:753} INFO - DAG(s) dict_keys(['exemplo_setstream']) retrieved from /opt/airflow/dags/exemplo_setstream.py
[2024-07-28T02:35:12.733+0000] {logging_mixin.py:137} INFO - [2024-07-28T02:35:12.733+0000] {dag.py:2690} INFO - Sync 1 DAGs
[2024-07-28T02:35:12.747+0000] {logging_mixin.py:137} INFO - [2024-07-28T02:35:12.746+0000] {dag.py:3441} INFO - Setting next_dagrun for exemplo_setstream to None, run_after=None
[2024-07-28T02:35:12.760+0000] {processor.py:175} INFO - Processing /opt/airflow/dags/exemplo_setstream.py took 0.062 seconds
[2024-07-28T02:35:18.688+0000] {processor.py:153} INFO - Started process (PID=586) to work on /opt/airflow/dags/exemplo_setstream.py
[2024-07-28T02:35:18.690+0000] {processor.py:743} INFO - Processing file /opt/airflow/dags/exemplo_setstream.py for tasks to queue
[2024-07-28T02:35:18.691+0000] {logging_mixin.py:137} INFO - [2024-07-28T02:35:18.691+0000] {dagbag.py:538} INFO - Filling up the DagBag from /opt/airflow/dags/exemplo_setstream.py
[2024-07-28T02:35:18.700+0000] {processor.py:753} INFO - DAG(s) dict_keys(['exemplo_setstream']) retrieved from /opt/airflow/dags/exemplo_setstream.py
[2024-07-28T02:35:18.717+0000] {logging_mixin.py:137} INFO - [2024-07-28T02:35:18.717+0000] {dag.py:2690} INFO - Sync 1 DAGs
[2024-07-28T02:35:18.730+0000] {logging_mixin.py:137} INFO - [2024-07-28T02:35:18.730+0000] {dag.py:3441} INFO - Setting next_dagrun for exemplo_setstream to None, run_after=None
[2024-07-28T02:35:18.739+0000] {processor.py:175} INFO - Processing /opt/airflow/dags/exemplo_setstream.py took 0.053 seconds
[2024-07-28T02:35:24.728+0000] {processor.py:153} INFO - Started process (PID=627) to work on /opt/airflow/dags/exemplo_setstream.py
[2024-07-28T02:35:24.728+0000] {processor.py:743} INFO - Processing file /opt/airflow/dags/exemplo_setstream.py for tasks to queue
[2024-07-28T02:35:24.730+0000] {logging_mixin.py:137} INFO - [2024-07-28T02:35:24.730+0000] {dagbag.py:538} INFO - Filling up the DagBag from /opt/airflow/dags/exemplo_setstream.py
[2024-07-28T02:35:24.739+0000] {processor.py:753} INFO - DAG(s) dict_keys(['exemplo_setstream']) retrieved from /opt/airflow/dags/exemplo_setstream.py
[2024-07-28T02:35:24.764+0000] {logging_mixin.py:137} INFO - [2024-07-28T02:35:24.764+0000] {dag.py:2690} INFO - Sync 1 DAGs
[2024-07-28T02:35:24.779+0000] {logging_mixin.py:137} INFO - [2024-07-28T02:35:24.779+0000] {dag.py:3441} INFO - Setting next_dagrun for exemplo_setstream to None, run_after=None
[2024-07-28T02:35:24.788+0000] {processor.py:175} INFO - Processing /opt/airflow/dags/exemplo_setstream.py took 0.063 seconds
[2024-07-28T02:35:30.839+0000] {processor.py:153} INFO - Started process (PID=652) to work on /opt/airflow/dags/exemplo_setstream.py
[2024-07-28T02:35:30.840+0000] {processor.py:743} INFO - Processing file /opt/airflow/dags/exemplo_setstream.py for tasks to queue
[2024-07-28T02:35:30.840+0000] {logging_mixin.py:137} INFO - [2024-07-28T02:35:30.840+0000] {dagbag.py:538} INFO - Filling up the DagBag from /opt/airflow/dags/exemplo_setstream.py
[2024-07-28T02:35:30.848+0000] {processor.py:753} INFO - DAG(s) dict_keys(['exemplo_setstream']) retrieved from /opt/airflow/dags/exemplo_setstream.py
[2024-07-28T02:35:30.866+0000] {logging_mixin.py:137} INFO - [2024-07-28T02:35:30.866+0000] {dag.py:2690} INFO - Sync 1 DAGs
[2024-07-28T02:35:30.880+0000] {logging_mixin.py:137} INFO - [2024-07-28T02:35:30.880+0000] {dag.py:3441} INFO - Setting next_dagrun for exemplo_setstream to None, run_after=None
[2024-07-28T02:35:30.895+0000] {processor.py:175} INFO - Processing /opt/airflow/dags/exemplo_setstream.py took 0.057 seconds
[2024-07-28T02:35:36.943+0000] {processor.py:153} INFO - Started process (PID=693) to work on /opt/airflow/dags/exemplo_setstream.py
[2024-07-28T02:35:36.943+0000] {processor.py:743} INFO - Processing file /opt/airflow/dags/exemplo_setstream.py for tasks to queue
[2024-07-28T02:35:36.944+0000] {logging_mixin.py:137} INFO - [2024-07-28T02:35:36.944+0000] {dagbag.py:538} INFO - Filling up the DagBag from /opt/airflow/dags/exemplo_setstream.py
[2024-07-28T02:35:36.954+0000] {processor.py:753} INFO - DAG(s) dict_keys(['exemplo_setstream']) retrieved from /opt/airflow/dags/exemplo_setstream.py
[2024-07-28T02:35:36.973+0000] {logging_mixin.py:137} INFO - [2024-07-28T02:35:36.973+0000] {dag.py:2690} INFO - Sync 1 DAGs
[2024-07-28T02:35:36.987+0000] {logging_mixin.py:137} INFO - [2024-07-28T02:35:36.987+0000] {dag.py:3441} INFO - Setting next_dagrun for exemplo_setstream to None, run_after=None
[2024-07-28T02:35:37.003+0000] {processor.py:175} INFO - Processing /opt/airflow/dags/exemplo_setstream.py took 0.063 seconds
[2024-07-28T02:35:42.933+0000] {processor.py:153} INFO - Started process (PID=718) to work on /opt/airflow/dags/exemplo_setstream.py
[2024-07-28T02:35:42.933+0000] {processor.py:743} INFO - Processing file /opt/airflow/dags/exemplo_setstream.py for tasks to queue
[2024-07-28T02:35:42.934+0000] {logging_mixin.py:137} INFO - [2024-07-28T02:35:42.934+0000] {dagbag.py:538} INFO - Filling up the DagBag from /opt/airflow/dags/exemplo_setstream.py
[2024-07-28T02:35:42.942+0000] {processor.py:753} INFO - DAG(s) dict_keys(['exemplo_setstream']) retrieved from /opt/airflow/dags/exemplo_setstream.py
[2024-07-28T02:35:42.956+0000] {logging_mixin.py:137} INFO - [2024-07-28T02:35:42.956+0000] {dag.py:2690} INFO - Sync 1 DAGs
[2024-07-28T02:35:42.972+0000] {logging_mixin.py:137} INFO - [2024-07-28T02:35:42.972+0000] {dag.py:3441} INFO - Setting next_dagrun for exemplo_setstream to None, run_after=None
[2024-07-28T02:35:42.983+0000] {processor.py:175} INFO - Processing /opt/airflow/dags/exemplo_setstream.py took 0.052 seconds
[2024-07-28T02:35:48.972+0000] {processor.py:153} INFO - Started process (PID=759) to work on /opt/airflow/dags/exemplo_setstream.py
[2024-07-28T02:35:48.973+0000] {processor.py:743} INFO - Processing file /opt/airflow/dags/exemplo_setstream.py for tasks to queue
[2024-07-28T02:35:48.975+0000] {logging_mixin.py:137} INFO - [2024-07-28T02:35:48.975+0000] {dagbag.py:538} INFO - Filling up the DagBag from /opt/airflow/dags/exemplo_setstream.py
[2024-07-28T02:35:48.985+0000] {processor.py:753} INFO - DAG(s) dict_keys(['exemplo_setstream']) retrieved from /opt/airflow/dags/exemplo_setstream.py
[2024-07-28T02:35:49.006+0000] {logging_mixin.py:137} INFO - [2024-07-28T02:35:49.006+0000] {dag.py:2690} INFO - Sync 1 DAGs
[2024-07-28T02:35:49.020+0000] {logging_mixin.py:137} INFO - [2024-07-28T02:35:49.019+0000] {dag.py:3441} INFO - Setting next_dagrun for exemplo_setstream to None, run_after=None
[2024-07-28T02:35:49.029+0000] {processor.py:175} INFO - Processing /opt/airflow/dags/exemplo_setstream.py took 0.058 seconds
[2024-07-28T02:35:55.126+0000] {processor.py:153} INFO - Started process (PID=784) to work on /opt/airflow/dags/exemplo_setstream.py
[2024-07-28T02:35:55.127+0000] {processor.py:743} INFO - Processing file /opt/airflow/dags/exemplo_setstream.py for tasks to queue
[2024-07-28T02:35:55.127+0000] {logging_mixin.py:137} INFO - [2024-07-28T02:35:55.127+0000] {dagbag.py:538} INFO - Filling up the DagBag from /opt/airflow/dags/exemplo_setstream.py
[2024-07-28T02:35:55.135+0000] {processor.py:753} INFO - DAG(s) dict_keys(['exemplo_setstream']) retrieved from /opt/airflow/dags/exemplo_setstream.py
[2024-07-28T02:35:55.148+0000] {logging_mixin.py:137} INFO - [2024-07-28T02:35:55.148+0000] {dag.py:2690} INFO - Sync 1 DAGs
[2024-07-28T02:35:55.160+0000] {logging_mixin.py:137} INFO - [2024-07-28T02:35:55.160+0000] {dag.py:3441} INFO - Setting next_dagrun for exemplo_setstream to None, run_after=None
[2024-07-28T02:35:55.169+0000] {processor.py:175} INFO - Processing /opt/airflow/dags/exemplo_setstream.py took 0.045 seconds
[2024-07-28T02:36:01.152+0000] {processor.py:153} INFO - Started process (PID=825) to work on /opt/airflow/dags/exemplo_setstream.py
[2024-07-28T02:36:01.153+0000] {processor.py:743} INFO - Processing file /opt/airflow/dags/exemplo_setstream.py for tasks to queue
[2024-07-28T02:36:01.153+0000] {logging_mixin.py:137} INFO - [2024-07-28T02:36:01.153+0000] {dagbag.py:538} INFO - Filling up the DagBag from /opt/airflow/dags/exemplo_setstream.py
[2024-07-28T02:36:01.161+0000] {processor.py:753} INFO - DAG(s) dict_keys(['exemplo_setstream']) retrieved from /opt/airflow/dags/exemplo_setstream.py
[2024-07-28T02:36:01.183+0000] {logging_mixin.py:137} INFO - [2024-07-28T02:36:01.183+0000] {dag.py:2690} INFO - Sync 1 DAGs
[2024-07-28T02:36:01.195+0000] {logging_mixin.py:137} INFO - [2024-07-28T02:36:01.195+0000] {dag.py:3441} INFO - Setting next_dagrun for exemplo_setstream to None, run_after=None
[2024-07-28T02:36:01.205+0000] {processor.py:175} INFO - Processing /opt/airflow/dags/exemplo_setstream.py took 0.054 seconds
[2024-07-28T02:36:07.216+0000] {processor.py:153} INFO - Started process (PID=850) to work on /opt/airflow/dags/exemplo_setstream.py
[2024-07-28T02:36:07.217+0000] {processor.py:743} INFO - Processing file /opt/airflow/dags/exemplo_setstream.py for tasks to queue
[2024-07-28T02:36:07.217+0000] {logging_mixin.py:137} INFO - [2024-07-28T02:36:07.217+0000] {dagbag.py:538} INFO - Filling up the DagBag from /opt/airflow/dags/exemplo_setstream.py
[2024-07-28T02:36:07.226+0000] {processor.py:753} INFO - DAG(s) dict_keys(['exemplo_setstream']) retrieved from /opt/airflow/dags/exemplo_setstream.py
[2024-07-28T02:36:07.243+0000] {logging_mixin.py:137} INFO - [2024-07-28T02:36:07.243+0000] {dag.py:2690} INFO - Sync 1 DAGs
[2024-07-28T02:36:07.258+0000] {logging_mixin.py:137} INFO - [2024-07-28T02:36:07.258+0000] {dag.py:3441} INFO - Setting next_dagrun for exemplo_setstream to None, run_after=None
[2024-07-28T02:36:07.270+0000] {processor.py:175} INFO - Processing /opt/airflow/dags/exemplo_setstream.py took 0.056 seconds
[2024-07-28T02:36:13.237+0000] {processor.py:153} INFO - Started process (PID=891) to work on /opt/airflow/dags/exemplo_setstream.py
[2024-07-28T02:36:13.238+0000] {processor.py:743} INFO - Processing file /opt/airflow/dags/exemplo_setstream.py for tasks to queue
[2024-07-28T02:36:13.240+0000] {logging_mixin.py:137} INFO - [2024-07-28T02:36:13.240+0000] {dagbag.py:538} INFO - Filling up the DagBag from /opt/airflow/dags/exemplo_setstream.py
[2024-07-28T02:36:13.249+0000] {processor.py:753} INFO - DAG(s) dict_keys(['exemplo_setstream']) retrieved from /opt/airflow/dags/exemplo_setstream.py
[2024-07-28T02:36:13.265+0000] {logging_mixin.py:137} INFO - [2024-07-28T02:36:13.265+0000] {dag.py:2690} INFO - Sync 1 DAGs
[2024-07-28T02:36:13.279+0000] {logging_mixin.py:137} INFO - [2024-07-28T02:36:13.279+0000] {dag.py:3441} INFO - Setting next_dagrun for exemplo_setstream to None, run_after=None
[2024-07-28T02:36:13.289+0000] {processor.py:175} INFO - Processing /opt/airflow/dags/exemplo_setstream.py took 0.053 seconds
[2024-07-28T02:36:19.262+0000] {processor.py:153} INFO - Started process (PID=925) to work on /opt/airflow/dags/exemplo_setstream.py
[2024-07-28T02:36:19.263+0000] {processor.py:743} INFO - Processing file /opt/airflow/dags/exemplo_setstream.py for tasks to queue
[2024-07-28T02:36:19.264+0000] {logging_mixin.py:137} INFO - [2024-07-28T02:36:19.264+0000] {dagbag.py:538} INFO - Filling up the DagBag from /opt/airflow/dags/exemplo_setstream.py
[2024-07-28T02:36:19.272+0000] {processor.py:753} INFO - DAG(s) dict_keys(['exemplo_setstream']) retrieved from /opt/airflow/dags/exemplo_setstream.py
[2024-07-28T02:36:19.297+0000] {logging_mixin.py:137} INFO - [2024-07-28T02:36:19.297+0000] {dag.py:2690} INFO - Sync 1 DAGs
[2024-07-28T02:36:19.344+0000] {logging_mixin.py:137} INFO - [2024-07-28T02:36:19.344+0000] {dag.py:3441} INFO - Setting next_dagrun for exemplo_setstream to None, run_after=None
[2024-07-28T02:36:19.381+0000] {processor.py:175} INFO - Processing /opt/airflow/dags/exemplo_setstream.py took 0.121 seconds
[2024-07-28T02:36:25.458+0000] {processor.py:153} INFO - Started process (PID=957) to work on /opt/airflow/dags/exemplo_setstream.py
[2024-07-28T02:36:25.459+0000] {processor.py:743} INFO - Processing file /opt/airflow/dags/exemplo_setstream.py for tasks to queue
[2024-07-28T02:36:25.459+0000] {logging_mixin.py:137} INFO - [2024-07-28T02:36:25.459+0000] {dagbag.py:538} INFO - Filling up the DagBag from /opt/airflow/dags/exemplo_setstream.py
[2024-07-28T02:36:25.471+0000] {processor.py:753} INFO - DAG(s) dict_keys(['exemplo_setstream']) retrieved from /opt/airflow/dags/exemplo_setstream.py
[2024-07-28T02:36:25.488+0000] {logging_mixin.py:137} INFO - [2024-07-28T02:36:25.487+0000] {dag.py:2690} INFO - Sync 1 DAGs
[2024-07-28T02:36:25.506+0000] {logging_mixin.py:137} INFO - [2024-07-28T02:36:25.506+0000] {dag.py:3441} INFO - Setting next_dagrun for exemplo_setstream to None, run_after=None
[2024-07-28T02:36:25.517+0000] {processor.py:175} INFO - Processing /opt/airflow/dags/exemplo_setstream.py took 0.061 seconds
[2024-07-28T02:36:31.568+0000] {processor.py:153} INFO - Started process (PID=998) to work on /opt/airflow/dags/exemplo_setstream.py
[2024-07-28T02:36:31.569+0000] {processor.py:743} INFO - Processing file /opt/airflow/dags/exemplo_setstream.py for tasks to queue
[2024-07-28T02:36:31.569+0000] {logging_mixin.py:137} INFO - [2024-07-28T02:36:31.569+0000] {dagbag.py:538} INFO - Filling up the DagBag from /opt/airflow/dags/exemplo_setstream.py
[2024-07-28T02:36:31.578+0000] {processor.py:753} INFO - DAG(s) dict_keys(['exemplo_setstream']) retrieved from /opt/airflow/dags/exemplo_setstream.py
[2024-07-28T02:36:31.595+0000] {logging_mixin.py:137} INFO - [2024-07-28T02:36:31.595+0000] {dag.py:2690} INFO - Sync 1 DAGs
[2024-07-28T02:36:31.613+0000] {logging_mixin.py:137} INFO - [2024-07-28T02:36:31.613+0000] {dag.py:3441} INFO - Setting next_dagrun for exemplo_setstream to None, run_after=None
[2024-07-28T02:36:31.626+0000] {processor.py:175} INFO - Processing /opt/airflow/dags/exemplo_setstream.py took 0.060 seconds
[2024-07-28T02:36:37.603+0000] {processor.py:153} INFO - Started process (PID=1023) to work on /opt/airflow/dags/exemplo_setstream.py
[2024-07-28T02:36:37.604+0000] {processor.py:743} INFO - Processing file /opt/airflow/dags/exemplo_setstream.py for tasks to queue
[2024-07-28T02:36:37.604+0000] {logging_mixin.py:137} INFO - [2024-07-28T02:36:37.604+0000] {dagbag.py:538} INFO - Filling up the DagBag from /opt/airflow/dags/exemplo_setstream.py
[2024-07-28T02:36:37.613+0000] {processor.py:753} INFO - DAG(s) dict_keys(['exemplo_setstream']) retrieved from /opt/airflow/dags/exemplo_setstream.py
[2024-07-28T02:36:37.628+0000] {logging_mixin.py:137} INFO - [2024-07-28T02:36:37.628+0000] {dag.py:2690} INFO - Sync 1 DAGs
[2024-07-28T02:36:37.641+0000] {logging_mixin.py:137} INFO - [2024-07-28T02:36:37.641+0000] {dag.py:3441} INFO - Setting next_dagrun for exemplo_setstream to None, run_after=None
[2024-07-28T02:36:37.651+0000] {processor.py:175} INFO - Processing /opt/airflow/dags/exemplo_setstream.py took 0.050 seconds
[2024-07-28T02:36:43.653+0000] {processor.py:153} INFO - Started process (PID=1064) to work on /opt/airflow/dags/exemplo_setstream.py
[2024-07-28T02:36:43.654+0000] {processor.py:743} INFO - Processing file /opt/airflow/dags/exemplo_setstream.py for tasks to queue
[2024-07-28T02:36:43.654+0000] {logging_mixin.py:137} INFO - [2024-07-28T02:36:43.654+0000] {dagbag.py:538} INFO - Filling up the DagBag from /opt/airflow/dags/exemplo_setstream.py
[2024-07-28T02:36:43.662+0000] {processor.py:753} INFO - DAG(s) dict_keys(['exemplo_setstream']) retrieved from /opt/airflow/dags/exemplo_setstream.py
[2024-07-28T02:36:43.675+0000] {logging_mixin.py:137} INFO - [2024-07-28T02:36:43.674+0000] {dag.py:2690} INFO - Sync 1 DAGs
[2024-07-28T02:36:43.686+0000] {logging_mixin.py:137} INFO - [2024-07-28T02:36:43.686+0000] {dag.py:3441} INFO - Setting next_dagrun for exemplo_setstream to None, run_after=None
[2024-07-28T02:36:43.696+0000] {processor.py:175} INFO - Processing /opt/airflow/dags/exemplo_setstream.py took 0.045 seconds
[2024-07-28T02:36:49.761+0000] {processor.py:153} INFO - Started process (PID=1089) to work on /opt/airflow/dags/exemplo_setstream.py
[2024-07-28T02:36:49.764+0000] {processor.py:743} INFO - Processing file /opt/airflow/dags/exemplo_setstream.py for tasks to queue
[2024-07-28T02:36:49.765+0000] {logging_mixin.py:137} INFO - [2024-07-28T02:36:49.765+0000] {dagbag.py:538} INFO - Filling up the DagBag from /opt/airflow/dags/exemplo_setstream.py
[2024-07-28T02:36:49.777+0000] {processor.py:753} INFO - DAG(s) dict_keys(['exemplo_setstream']) retrieved from /opt/airflow/dags/exemplo_setstream.py
[2024-07-28T02:36:49.794+0000] {logging_mixin.py:137} INFO - [2024-07-28T02:36:49.794+0000] {dag.py:2690} INFO - Sync 1 DAGs
[2024-07-28T02:36:49.808+0000] {logging_mixin.py:137} INFO - [2024-07-28T02:36:49.808+0000] {dag.py:3441} INFO - Setting next_dagrun for exemplo_setstream to None, run_after=None
[2024-07-28T02:36:49.819+0000] {processor.py:175} INFO - Processing /opt/airflow/dags/exemplo_setstream.py took 0.060 seconds
[2024-07-28T02:36:55.788+0000] {processor.py:153} INFO - Started process (PID=1130) to work on /opt/airflow/dags/exemplo_setstream.py
[2024-07-28T02:36:55.790+0000] {processor.py:743} INFO - Processing file /opt/airflow/dags/exemplo_setstream.py for tasks to queue
[2024-07-28T02:36:55.790+0000] {logging_mixin.py:137} INFO - [2024-07-28T02:36:55.790+0000] {dagbag.py:538} INFO - Filling up the DagBag from /opt/airflow/dags/exemplo_setstream.py
[2024-07-28T02:36:55.799+0000] {processor.py:753} INFO - DAG(s) dict_keys(['exemplo_setstream']) retrieved from /opt/airflow/dags/exemplo_setstream.py
[2024-07-28T02:36:55.813+0000] {logging_mixin.py:137} INFO - [2024-07-28T02:36:55.813+0000] {dag.py:2690} INFO - Sync 1 DAGs
[2024-07-28T02:36:55.827+0000] {logging_mixin.py:137} INFO - [2024-07-28T02:36:55.827+0000] {dag.py:3441} INFO - Setting next_dagrun for exemplo_setstream to None, run_after=None
[2024-07-28T02:36:55.842+0000] {processor.py:175} INFO - Processing /opt/airflow/dags/exemplo_setstream.py took 0.058 seconds
[2024-07-28T02:37:01.856+0000] {processor.py:153} INFO - Started process (PID=1155) to work on /opt/airflow/dags/exemplo_setstream.py
[2024-07-28T02:37:01.856+0000] {processor.py:743} INFO - Processing file /opt/airflow/dags/exemplo_setstream.py for tasks to queue
[2024-07-28T02:37:01.857+0000] {logging_mixin.py:137} INFO - [2024-07-28T02:37:01.857+0000] {dagbag.py:538} INFO - Filling up the DagBag from /opt/airflow/dags/exemplo_setstream.py
[2024-07-28T02:37:01.873+0000] {processor.py:753} INFO - DAG(s) dict_keys(['exemplo_setstream']) retrieved from /opt/airflow/dags/exemplo_setstream.py
[2024-07-28T02:37:01.888+0000] {logging_mixin.py:137} INFO - [2024-07-28T02:37:01.887+0000] {dag.py:2690} INFO - Sync 1 DAGs
[2024-07-28T02:37:01.905+0000] {logging_mixin.py:137} INFO - [2024-07-28T02:37:01.905+0000] {dag.py:3441} INFO - Setting next_dagrun for exemplo_setstream to None, run_after=None
[2024-07-28T02:37:01.917+0000] {processor.py:175} INFO - Processing /opt/airflow/dags/exemplo_setstream.py took 0.063 seconds
[2024-07-28T02:37:08.102+0000] {processor.py:153} INFO - Started process (PID=1196) to work on /opt/airflow/dags/exemplo_setstream.py
[2024-07-28T02:37:08.103+0000] {processor.py:743} INFO - Processing file /opt/airflow/dags/exemplo_setstream.py for tasks to queue
[2024-07-28T02:37:08.103+0000] {logging_mixin.py:137} INFO - [2024-07-28T02:37:08.103+0000] {dagbag.py:538} INFO - Filling up the DagBag from /opt/airflow/dags/exemplo_setstream.py
[2024-07-28T02:37:08.112+0000] {processor.py:753} INFO - DAG(s) dict_keys(['exemplo_setstream']) retrieved from /opt/airflow/dags/exemplo_setstream.py
[2024-07-28T02:37:08.126+0000] {logging_mixin.py:137} INFO - [2024-07-28T02:37:08.126+0000] {dag.py:2690} INFO - Sync 1 DAGs
[2024-07-28T02:37:08.140+0000] {logging_mixin.py:137} INFO - [2024-07-28T02:37:08.140+0000] {dag.py:3441} INFO - Setting next_dagrun for exemplo_setstream to None, run_after=None
[2024-07-28T02:37:08.149+0000] {processor.py:175} INFO - Processing /opt/airflow/dags/exemplo_setstream.py took 0.049 seconds
[2024-07-28T02:37:13.216+0000] {processor.py:153} INFO - Started process (PID=1221) to work on /opt/airflow/dags/exemplo_setstream.py
[2024-07-28T02:37:13.217+0000] {processor.py:743} INFO - Processing file /opt/airflow/dags/exemplo_setstream.py for tasks to queue
[2024-07-28T02:37:13.219+0000] {logging_mixin.py:137} INFO - [2024-07-28T02:37:13.219+0000] {dagbag.py:538} INFO - Filling up the DagBag from /opt/airflow/dags/exemplo_setstream.py
[2024-07-28T02:37:13.227+0000] {processor.py:753} INFO - DAG(s) dict_keys(['exemplo_setstream']) retrieved from /opt/airflow/dags/exemplo_setstream.py
[2024-07-28T02:37:13.241+0000] {logging_mixin.py:137} INFO - [2024-07-28T02:37:13.241+0000] {dag.py:2690} INFO - Sync 1 DAGs
[2024-07-28T02:37:13.256+0000] {logging_mixin.py:137} INFO - [2024-07-28T02:37:13.255+0000] {dag.py:3441} INFO - Setting next_dagrun for exemplo_setstream to None, run_after=None
[2024-07-28T02:37:13.264+0000] {processor.py:175} INFO - Processing /opt/airflow/dags/exemplo_setstream.py took 0.050 seconds
[2024-07-28T02:37:19.196+0000] {processor.py:153} INFO - Started process (PID=1262) to work on /opt/airflow/dags/exemplo_setstream.py
[2024-07-28T02:37:19.197+0000] {processor.py:743} INFO - Processing file /opt/airflow/dags/exemplo_setstream.py for tasks to queue
[2024-07-28T02:37:19.197+0000] {logging_mixin.py:137} INFO - [2024-07-28T02:37:19.197+0000] {dagbag.py:538} INFO - Filling up the DagBag from /opt/airflow/dags/exemplo_setstream.py
[2024-07-28T02:37:19.205+0000] {processor.py:753} INFO - DAG(s) dict_keys(['exemplo_setstream']) retrieved from /opt/airflow/dags/exemplo_setstream.py
[2024-07-28T02:37:19.225+0000] {logging_mixin.py:137} INFO - [2024-07-28T02:37:19.224+0000] {dag.py:2690} INFO - Sync 1 DAGs
[2024-07-28T02:37:19.239+0000] {logging_mixin.py:137} INFO - [2024-07-28T02:37:19.239+0000] {dag.py:3441} INFO - Setting next_dagrun for exemplo_setstream to None, run_after=None
[2024-07-28T02:37:19.252+0000] {processor.py:175} INFO - Processing /opt/airflow/dags/exemplo_setstream.py took 0.057 seconds
[2024-07-28T02:37:25.126+0000] {processor.py:153} INFO - Started process (PID=1287) to work on /opt/airflow/dags/exemplo_setstream.py
[2024-07-28T02:37:25.127+0000] {processor.py:743} INFO - Processing file /opt/airflow/dags/exemplo_setstream.py for tasks to queue
[2024-07-28T02:37:25.128+0000] {logging_mixin.py:137} INFO - [2024-07-28T02:37:25.128+0000] {dagbag.py:538} INFO - Filling up the DagBag from /opt/airflow/dags/exemplo_setstream.py
[2024-07-28T02:37:25.138+0000] {processor.py:753} INFO - DAG(s) dict_keys(['exemplo_setstream']) retrieved from /opt/airflow/dags/exemplo_setstream.py
[2024-07-28T02:37:25.154+0000] {logging_mixin.py:137} INFO - [2024-07-28T02:37:25.154+0000] {dag.py:2690} INFO - Sync 1 DAGs
[2024-07-28T02:37:25.167+0000] {logging_mixin.py:137} INFO - [2024-07-28T02:37:25.166+0000] {dag.py:3441} INFO - Setting next_dagrun for exemplo_setstream to None, run_after=None
[2024-07-28T02:37:25.177+0000] {processor.py:175} INFO - Processing /opt/airflow/dags/exemplo_setstream.py took 0.053 seconds
[2024-07-28T02:37:31.151+0000] {processor.py:153} INFO - Started process (PID=1328) to work on /opt/airflow/dags/exemplo_setstream.py
[2024-07-28T02:37:31.153+0000] {processor.py:743} INFO - Processing file /opt/airflow/dags/exemplo_setstream.py for tasks to queue
[2024-07-28T02:37:31.154+0000] {logging_mixin.py:137} INFO - [2024-07-28T02:37:31.154+0000] {dagbag.py:538} INFO - Filling up the DagBag from /opt/airflow/dags/exemplo_setstream.py
[2024-07-28T02:37:31.162+0000] {processor.py:753} INFO - DAG(s) dict_keys(['exemplo_setstream']) retrieved from /opt/airflow/dags/exemplo_setstream.py
[2024-07-28T02:37:31.174+0000] {logging_mixin.py:137} INFO - [2024-07-28T02:37:31.174+0000] {dag.py:2690} INFO - Sync 1 DAGs
[2024-07-28T02:37:31.186+0000] {logging_mixin.py:137} INFO - [2024-07-28T02:37:31.186+0000] {dag.py:3441} INFO - Setting next_dagrun for exemplo_setstream to None, run_after=None
[2024-07-28T02:37:31.200+0000] {processor.py:175} INFO - Processing /opt/airflow/dags/exemplo_setstream.py took 0.050 seconds
[2024-07-28T02:37:37.138+0000] {processor.py:153} INFO - Started process (PID=1353) to work on /opt/airflow/dags/exemplo_setstream.py
[2024-07-28T02:37:37.142+0000] {processor.py:743} INFO - Processing file /opt/airflow/dags/exemplo_setstream.py for tasks to queue
[2024-07-28T02:37:37.142+0000] {logging_mixin.py:137} INFO - [2024-07-28T02:37:37.142+0000] {dagbag.py:538} INFO - Filling up the DagBag from /opt/airflow/dags/exemplo_setstream.py
[2024-07-28T02:37:37.155+0000] {processor.py:753} INFO - DAG(s) dict_keys(['exemplo_setstream']) retrieved from /opt/airflow/dags/exemplo_setstream.py
[2024-07-28T02:37:37.169+0000] {logging_mixin.py:137} INFO - [2024-07-28T02:37:37.169+0000] {dag.py:2690} INFO - Sync 1 DAGs
[2024-07-28T02:37:37.184+0000] {logging_mixin.py:137} INFO - [2024-07-28T02:37:37.184+0000] {dag.py:3441} INFO - Setting next_dagrun for exemplo_setstream to None, run_after=None
[2024-07-28T02:37:37.193+0000] {processor.py:175} INFO - Processing /opt/airflow/dags/exemplo_setstream.py took 0.056 seconds
[2024-07-28T02:37:43.145+0000] {processor.py:153} INFO - Started process (PID=1394) to work on /opt/airflow/dags/exemplo_setstream.py
[2024-07-28T02:37:43.146+0000] {processor.py:743} INFO - Processing file /opt/airflow/dags/exemplo_setstream.py for tasks to queue
[2024-07-28T02:37:43.146+0000] {logging_mixin.py:137} INFO - [2024-07-28T02:37:43.146+0000] {dagbag.py:538} INFO - Filling up the DagBag from /opt/airflow/dags/exemplo_setstream.py
[2024-07-28T02:37:43.155+0000] {processor.py:753} INFO - DAG(s) dict_keys(['exemplo_setstream']) retrieved from /opt/airflow/dags/exemplo_setstream.py
[2024-07-28T02:37:43.170+0000] {logging_mixin.py:137} INFO - [2024-07-28T02:37:43.170+0000] {dag.py:2690} INFO - Sync 1 DAGs
[2024-07-28T02:37:43.182+0000] {logging_mixin.py:137} INFO - [2024-07-28T02:37:43.182+0000] {dag.py:3441} INFO - Setting next_dagrun for exemplo_setstream to None, run_after=None
[2024-07-28T02:37:43.196+0000] {processor.py:175} INFO - Processing /opt/airflow/dags/exemplo_setstream.py took 0.053 seconds
[2024-07-28T02:37:49.091+0000] {processor.py:153} INFO - Started process (PID=1428) to work on /opt/airflow/dags/exemplo_setstream.py
[2024-07-28T02:37:49.092+0000] {processor.py:743} INFO - Processing file /opt/airflow/dags/exemplo_setstream.py for tasks to queue
[2024-07-28T02:37:49.092+0000] {logging_mixin.py:137} INFO - [2024-07-28T02:37:49.092+0000] {dagbag.py:538} INFO - Filling up the DagBag from /opt/airflow/dags/exemplo_setstream.py
[2024-07-28T02:37:49.101+0000] {processor.py:753} INFO - DAG(s) dict_keys(['exemplo_setstream']) retrieved from /opt/airflow/dags/exemplo_setstream.py
[2024-07-28T02:37:49.116+0000] {logging_mixin.py:137} INFO - [2024-07-28T02:37:49.116+0000] {dag.py:2690} INFO - Sync 1 DAGs
[2024-07-28T02:37:49.128+0000] {logging_mixin.py:137} INFO - [2024-07-28T02:37:49.128+0000] {dag.py:3441} INFO - Setting next_dagrun for exemplo_setstream to None, run_after=None
[2024-07-28T02:37:49.141+0000] {processor.py:175} INFO - Processing /opt/airflow/dags/exemplo_setstream.py took 0.052 seconds
[2024-07-28T02:37:55.042+0000] {processor.py:153} INFO - Started process (PID=1460) to work on /opt/airflow/dags/exemplo_setstream.py
[2024-07-28T02:37:55.043+0000] {processor.py:743} INFO - Processing file /opt/airflow/dags/exemplo_setstream.py for tasks to queue
[2024-07-28T02:37:55.044+0000] {logging_mixin.py:137} INFO - [2024-07-28T02:37:55.044+0000] {dagbag.py:538} INFO - Filling up the DagBag from /opt/airflow/dags/exemplo_setstream.py
[2024-07-28T02:37:55.052+0000] {processor.py:753} INFO - DAG(s) dict_keys(['exemplo_setstream']) retrieved from /opt/airflow/dags/exemplo_setstream.py
[2024-07-28T02:37:55.067+0000] {logging_mixin.py:137} INFO - [2024-07-28T02:37:55.066+0000] {dag.py:2690} INFO - Sync 1 DAGs
[2024-07-28T02:37:55.078+0000] {logging_mixin.py:137} INFO - [2024-07-28T02:37:55.078+0000] {dag.py:3441} INFO - Setting next_dagrun for exemplo_setstream to None, run_after=None
[2024-07-28T02:37:55.088+0000] {processor.py:175} INFO - Processing /opt/airflow/dags/exemplo_setstream.py took 0.049 seconds
[2024-07-28T02:38:01.449+0000] {processor.py:153} INFO - Started process (PID=1501) to work on /opt/airflow/dags/exemplo_setstream.py
[2024-07-28T02:38:01.450+0000] {processor.py:743} INFO - Processing file /opt/airflow/dags/exemplo_setstream.py for tasks to queue
[2024-07-28T02:38:01.455+0000] {logging_mixin.py:137} INFO - [2024-07-28T02:38:01.455+0000] {dagbag.py:538} INFO - Filling up the DagBag from /opt/airflow/dags/exemplo_setstream.py
[2024-07-28T02:38:01.483+0000] {processor.py:753} INFO - DAG(s) dict_keys(['exemplo_setstream']) retrieved from /opt/airflow/dags/exemplo_setstream.py
[2024-07-28T02:38:01.507+0000] {logging_mixin.py:137} INFO - [2024-07-28T02:38:01.506+0000] {dag.py:2690} INFO - Sync 1 DAGs
[2024-07-28T02:38:01.523+0000] {logging_mixin.py:137} INFO - [2024-07-28T02:38:01.523+0000] {dag.py:3441} INFO - Setting next_dagrun for exemplo_setstream to None, run_after=None
[2024-07-28T02:38:01.539+0000] {processor.py:175} INFO - Processing /opt/airflow/dags/exemplo_setstream.py took 0.095 seconds
[2024-07-28T02:38:06.597+0000] {processor.py:153} INFO - Started process (PID=1526) to work on /opt/airflow/dags/exemplo_setstream.py
[2024-07-28T02:38:06.598+0000] {processor.py:743} INFO - Processing file /opt/airflow/dags/exemplo_setstream.py for tasks to queue
[2024-07-28T02:38:06.598+0000] {logging_mixin.py:137} INFO - [2024-07-28T02:38:06.598+0000] {dagbag.py:538} INFO - Filling up the DagBag from /opt/airflow/dags/exemplo_setstream.py
[2024-07-28T02:38:06.606+0000] {processor.py:753} INFO - DAG(s) dict_keys(['exemplo_setstream']) retrieved from /opt/airflow/dags/exemplo_setstream.py
[2024-07-28T02:38:06.623+0000] {logging_mixin.py:137} INFO - [2024-07-28T02:38:06.623+0000] {dag.py:2690} INFO - Sync 1 DAGs
[2024-07-28T02:38:06.637+0000] {logging_mixin.py:137} INFO - [2024-07-28T02:38:06.637+0000] {dag.py:3441} INFO - Setting next_dagrun for exemplo_setstream to None, run_after=None
[2024-07-28T02:38:06.649+0000] {processor.py:175} INFO - Processing /opt/airflow/dags/exemplo_setstream.py took 0.054 seconds
[2024-07-28T02:38:12.700+0000] {processor.py:153} INFO - Started process (PID=1567) to work on /opt/airflow/dags/exemplo_setstream.py
[2024-07-28T02:38:12.702+0000] {processor.py:743} INFO - Processing file /opt/airflow/dags/exemplo_setstream.py for tasks to queue
[2024-07-28T02:38:12.703+0000] {logging_mixin.py:137} INFO - [2024-07-28T02:38:12.703+0000] {dagbag.py:538} INFO - Filling up the DagBag from /opt/airflow/dags/exemplo_setstream.py
[2024-07-28T02:38:12.713+0000] {processor.py:753} INFO - DAG(s) dict_keys(['exemplo_setstream']) retrieved from /opt/airflow/dags/exemplo_setstream.py
[2024-07-28T02:38:12.729+0000] {logging_mixin.py:137} INFO - [2024-07-28T02:38:12.729+0000] {dag.py:2690} INFO - Sync 1 DAGs
[2024-07-28T02:38:12.744+0000] {logging_mixin.py:137} INFO - [2024-07-28T02:38:12.744+0000] {dag.py:3441} INFO - Setting next_dagrun for exemplo_setstream to None, run_after=None
[2024-07-28T02:38:12.762+0000] {processor.py:175} INFO - Processing /opt/airflow/dags/exemplo_setstream.py took 0.065 seconds
[2024-07-28T02:38:18.722+0000] {processor.py:153} INFO - Started process (PID=1592) to work on /opt/airflow/dags/exemplo_setstream.py
[2024-07-28T02:38:18.723+0000] {processor.py:743} INFO - Processing file /opt/airflow/dags/exemplo_setstream.py for tasks to queue
[2024-07-28T02:38:18.724+0000] {logging_mixin.py:137} INFO - [2024-07-28T02:38:18.724+0000] {dagbag.py:538} INFO - Filling up the DagBag from /opt/airflow/dags/exemplo_setstream.py
[2024-07-28T02:38:18.771+0000] {processor.py:753} INFO - DAG(s) dict_keys(['exemplo_setstream']) retrieved from /opt/airflow/dags/exemplo_setstream.py
[2024-07-28T02:38:18.784+0000] {logging_mixin.py:137} INFO - [2024-07-28T02:38:18.784+0000] {dag.py:2690} INFO - Sync 1 DAGs
[2024-07-28T02:38:18.798+0000] {logging_mixin.py:137} INFO - [2024-07-28T02:38:18.798+0000] {dag.py:3441} INFO - Setting next_dagrun for exemplo_setstream to None, run_after=None
[2024-07-28T02:38:18.810+0000] {processor.py:175} INFO - Processing /opt/airflow/dags/exemplo_setstream.py took 0.092 seconds
[2024-07-28T02:38:24.700+0000] {processor.py:153} INFO - Started process (PID=1633) to work on /opt/airflow/dags/exemplo_setstream.py
[2024-07-28T02:38:24.702+0000] {processor.py:743} INFO - Processing file /opt/airflow/dags/exemplo_setstream.py for tasks to queue
[2024-07-28T02:38:24.703+0000] {logging_mixin.py:137} INFO - [2024-07-28T02:38:24.703+0000] {dagbag.py:538} INFO - Filling up the DagBag from /opt/airflow/dags/exemplo_setstream.py
[2024-07-28T02:38:24.716+0000] {processor.py:753} INFO - DAG(s) dict_keys(['exemplo_setstream']) retrieved from /opt/airflow/dags/exemplo_setstream.py
[2024-07-28T02:38:24.732+0000] {logging_mixin.py:137} INFO - [2024-07-28T02:38:24.731+0000] {dag.py:2690} INFO - Sync 1 DAGs
[2024-07-28T02:38:24.744+0000] {logging_mixin.py:137} INFO - [2024-07-28T02:38:24.744+0000] {dag.py:3441} INFO - Setting next_dagrun for exemplo_setstream to None, run_after=None
[2024-07-28T02:38:24.757+0000] {processor.py:175} INFO - Processing /opt/airflow/dags/exemplo_setstream.py took 0.059 seconds
[2024-07-28T02:38:30.850+0000] {processor.py:153} INFO - Started process (PID=1658) to work on /opt/airflow/dags/exemplo_setstream.py
[2024-07-28T02:38:30.853+0000] {processor.py:743} INFO - Processing file /opt/airflow/dags/exemplo_setstream.py for tasks to queue
[2024-07-28T02:38:30.855+0000] {logging_mixin.py:137} INFO - [2024-07-28T02:38:30.854+0000] {dagbag.py:538} INFO - Filling up the DagBag from /opt/airflow/dags/exemplo_setstream.py
[2024-07-28T02:38:30.866+0000] {processor.py:753} INFO - DAG(s) dict_keys(['exemplo_setstream']) retrieved from /opt/airflow/dags/exemplo_setstream.py
[2024-07-28T02:38:30.880+0000] {logging_mixin.py:137} INFO - [2024-07-28T02:38:30.880+0000] {dag.py:2690} INFO - Sync 1 DAGs
[2024-07-28T02:38:30.892+0000] {logging_mixin.py:137} INFO - [2024-07-28T02:38:30.892+0000] {dag.py:3441} INFO - Setting next_dagrun for exemplo_setstream to None, run_after=None
[2024-07-28T02:38:30.905+0000] {processor.py:175} INFO - Processing /opt/airflow/dags/exemplo_setstream.py took 0.057 seconds
[2024-07-28T02:38:36.859+0000] {processor.py:153} INFO - Started process (PID=1699) to work on /opt/airflow/dags/exemplo_setstream.py
[2024-07-28T02:38:36.862+0000] {processor.py:743} INFO - Processing file /opt/airflow/dags/exemplo_setstream.py for tasks to queue
[2024-07-28T02:38:36.862+0000] {logging_mixin.py:137} INFO - [2024-07-28T02:38:36.862+0000] {dagbag.py:538} INFO - Filling up the DagBag from /opt/airflow/dags/exemplo_setstream.py
[2024-07-28T02:38:36.870+0000] {processor.py:753} INFO - DAG(s) dict_keys(['exemplo_setstream']) retrieved from /opt/airflow/dags/exemplo_setstream.py
[2024-07-28T02:38:36.885+0000] {logging_mixin.py:137} INFO - [2024-07-28T02:38:36.885+0000] {dag.py:2690} INFO - Sync 1 DAGs
[2024-07-28T02:38:36.900+0000] {logging_mixin.py:137} INFO - [2024-07-28T02:38:36.900+0000] {dag.py:3441} INFO - Setting next_dagrun for exemplo_setstream to None, run_after=None
[2024-07-28T02:38:36.913+0000] {processor.py:175} INFO - Processing /opt/airflow/dags/exemplo_setstream.py took 0.056 seconds
[2024-07-28T02:38:43.063+0000] {processor.py:153} INFO - Started process (PID=1724) to work on /opt/airflow/dags/exemplo_setstream.py
[2024-07-28T02:38:43.063+0000] {processor.py:743} INFO - Processing file /opt/airflow/dags/exemplo_setstream.py for tasks to queue
[2024-07-28T02:38:43.064+0000] {logging_mixin.py:137} INFO - [2024-07-28T02:38:43.064+0000] {dagbag.py:538} INFO - Filling up the DagBag from /opt/airflow/dags/exemplo_setstream.py
[2024-07-28T02:38:43.073+0000] {processor.py:753} INFO - DAG(s) dict_keys(['exemplo_setstream']) retrieved from /opt/airflow/dags/exemplo_setstream.py
[2024-07-28T02:38:43.089+0000] {logging_mixin.py:137} INFO - [2024-07-28T02:38:43.089+0000] {dag.py:2690} INFO - Sync 1 DAGs
[2024-07-28T02:38:43.103+0000] {logging_mixin.py:137} INFO - [2024-07-28T02:38:43.103+0000] {dag.py:3441} INFO - Setting next_dagrun for exemplo_setstream to None, run_after=None
[2024-07-28T02:38:43.116+0000] {processor.py:175} INFO - Processing /opt/airflow/dags/exemplo_setstream.py took 0.056 seconds
[2024-07-28T02:38:48.133+0000] {processor.py:153} INFO - Started process (PID=1764) to work on /opt/airflow/dags/exemplo_setstream.py
[2024-07-28T02:38:48.134+0000] {processor.py:743} INFO - Processing file /opt/airflow/dags/exemplo_setstream.py for tasks to queue
[2024-07-28T02:38:48.134+0000] {logging_mixin.py:137} INFO - [2024-07-28T02:38:48.134+0000] {dagbag.py:538} INFO - Filling up the DagBag from /opt/airflow/dags/exemplo_setstream.py
[2024-07-28T02:38:48.142+0000] {processor.py:753} INFO - DAG(s) dict_keys(['exemplo_setstream']) retrieved from /opt/airflow/dags/exemplo_setstream.py
[2024-07-28T02:38:48.162+0000] {logging_mixin.py:137} INFO - [2024-07-28T02:38:48.162+0000] {dag.py:2690} INFO - Sync 1 DAGs
[2024-07-28T02:38:48.178+0000] {logging_mixin.py:137} INFO - [2024-07-28T02:38:48.178+0000] {dag.py:3441} INFO - Setting next_dagrun for exemplo_setstream to None, run_after=None
[2024-07-28T02:38:48.189+0000] {processor.py:175} INFO - Processing /opt/airflow/dags/exemplo_setstream.py took 0.058 seconds
[2024-07-28T02:38:54.205+0000] {processor.py:153} INFO - Started process (PID=1790) to work on /opt/airflow/dags/exemplo_setstream.py
[2024-07-28T02:38:54.206+0000] {processor.py:743} INFO - Processing file /opt/airflow/dags/exemplo_setstream.py for tasks to queue
[2024-07-28T02:38:54.207+0000] {logging_mixin.py:137} INFO - [2024-07-28T02:38:54.207+0000] {dagbag.py:538} INFO - Filling up the DagBag from /opt/airflow/dags/exemplo_setstream.py
[2024-07-28T02:38:54.217+0000] {processor.py:753} INFO - DAG(s) dict_keys(['exemplo_setstream']) retrieved from /opt/airflow/dags/exemplo_setstream.py
[2024-07-28T02:38:54.229+0000] {logging_mixin.py:137} INFO - [2024-07-28T02:38:54.229+0000] {dag.py:2690} INFO - Sync 1 DAGs
[2024-07-28T02:38:54.242+0000] {logging_mixin.py:137} INFO - [2024-07-28T02:38:54.242+0000] {dag.py:3441} INFO - Setting next_dagrun for exemplo_setstream to None, run_after=None
[2024-07-28T02:38:54.257+0000] {processor.py:175} INFO - Processing /opt/airflow/dags/exemplo_setstream.py took 0.053 seconds
[2024-07-28T02:39:00.155+0000] {processor.py:153} INFO - Started process (PID=1831) to work on /opt/airflow/dags/exemplo_setstream.py
[2024-07-28T02:39:00.156+0000] {processor.py:743} INFO - Processing file /opt/airflow/dags/exemplo_setstream.py for tasks to queue
[2024-07-28T02:39:00.156+0000] {logging_mixin.py:137} INFO - [2024-07-28T02:39:00.156+0000] {dagbag.py:538} INFO - Filling up the DagBag from /opt/airflow/dags/exemplo_setstream.py
[2024-07-28T02:39:00.164+0000] {processor.py:753} INFO - DAG(s) dict_keys(['exemplo_setstream']) retrieved from /opt/airflow/dags/exemplo_setstream.py
[2024-07-28T02:39:00.177+0000] {logging_mixin.py:137} INFO - [2024-07-28T02:39:00.177+0000] {dag.py:2690} INFO - Sync 1 DAGs
[2024-07-28T02:39:00.190+0000] {logging_mixin.py:137} INFO - [2024-07-28T02:39:00.190+0000] {dag.py:3441} INFO - Setting next_dagrun for exemplo_setstream to None, run_after=None
[2024-07-28T02:39:00.200+0000] {processor.py:175} INFO - Processing /opt/airflow/dags/exemplo_setstream.py took 0.047 seconds
[2024-07-28T02:39:06.246+0000] {processor.py:153} INFO - Started process (PID=1856) to work on /opt/airflow/dags/exemplo_setstream.py
[2024-07-28T02:39:06.250+0000] {processor.py:743} INFO - Processing file /opt/airflow/dags/exemplo_setstream.py for tasks to queue
[2024-07-28T02:39:06.251+0000] {logging_mixin.py:137} INFO - [2024-07-28T02:39:06.251+0000] {dagbag.py:538} INFO - Filling up the DagBag from /opt/airflow/dags/exemplo_setstream.py
[2024-07-28T02:39:06.260+0000] {processor.py:753} INFO - DAG(s) dict_keys(['exemplo_setstream']) retrieved from /opt/airflow/dags/exemplo_setstream.py
[2024-07-28T02:39:06.276+0000] {logging_mixin.py:137} INFO - [2024-07-28T02:39:06.276+0000] {dag.py:2690} INFO - Sync 1 DAGs
[2024-07-28T02:39:06.291+0000] {logging_mixin.py:137} INFO - [2024-07-28T02:39:06.291+0000] {dag.py:3441} INFO - Setting next_dagrun for exemplo_setstream to None, run_after=None
[2024-07-28T02:39:06.306+0000] {processor.py:175} INFO - Processing /opt/airflow/dags/exemplo_setstream.py took 0.061 seconds
[2024-07-28T02:39:12.320+0000] {processor.py:153} INFO - Started process (PID=1897) to work on /opt/airflow/dags/exemplo_setstream.py
[2024-07-28T02:39:12.321+0000] {processor.py:743} INFO - Processing file /opt/airflow/dags/exemplo_setstream.py for tasks to queue
[2024-07-28T02:39:12.321+0000] {logging_mixin.py:137} INFO - [2024-07-28T02:39:12.321+0000] {dagbag.py:538} INFO - Filling up the DagBag from /opt/airflow/dags/exemplo_setstream.py
[2024-07-28T02:39:12.329+0000] {processor.py:753} INFO - DAG(s) dict_keys(['exemplo_setstream']) retrieved from /opt/airflow/dags/exemplo_setstream.py
[2024-07-28T02:39:12.342+0000] {logging_mixin.py:137} INFO - [2024-07-28T02:39:12.342+0000] {dag.py:2690} INFO - Sync 1 DAGs
[2024-07-28T02:39:12.354+0000] {logging_mixin.py:137} INFO - [2024-07-28T02:39:12.354+0000] {dag.py:3441} INFO - Setting next_dagrun for exemplo_setstream to None, run_after=None
[2024-07-28T02:39:12.364+0000] {processor.py:175} INFO - Processing /opt/airflow/dags/exemplo_setstream.py took 0.046 seconds
[2024-07-28T02:39:18.338+0000] {processor.py:153} INFO - Started process (PID=1922) to work on /opt/airflow/dags/exemplo_setstream.py
[2024-07-28T02:39:18.340+0000] {processor.py:743} INFO - Processing file /opt/airflow/dags/exemplo_setstream.py for tasks to queue
[2024-07-28T02:39:18.340+0000] {logging_mixin.py:137} INFO - [2024-07-28T02:39:18.340+0000] {dagbag.py:538} INFO - Filling up the DagBag from /opt/airflow/dags/exemplo_setstream.py
[2024-07-28T02:39:18.349+0000] {processor.py:753} INFO - DAG(s) dict_keys(['exemplo_setstream']) retrieved from /opt/airflow/dags/exemplo_setstream.py
[2024-07-28T02:39:18.362+0000] {logging_mixin.py:137} INFO - [2024-07-28T02:39:18.362+0000] {dag.py:2690} INFO - Sync 1 DAGs
[2024-07-28T02:39:18.374+0000] {logging_mixin.py:137} INFO - [2024-07-28T02:39:18.374+0000] {dag.py:3441} INFO - Setting next_dagrun for exemplo_setstream to None, run_after=None
[2024-07-28T02:39:18.386+0000] {processor.py:175} INFO - Processing /opt/airflow/dags/exemplo_setstream.py took 0.050 seconds
[2024-07-28T02:39:24.343+0000] {processor.py:153} INFO - Started process (PID=1963) to work on /opt/airflow/dags/exemplo_setstream.py
[2024-07-28T02:39:24.345+0000] {processor.py:743} INFO - Processing file /opt/airflow/dags/exemplo_setstream.py for tasks to queue
[2024-07-28T02:39:24.345+0000] {logging_mixin.py:137} INFO - [2024-07-28T02:39:24.345+0000] {dagbag.py:538} INFO - Filling up the DagBag from /opt/airflow/dags/exemplo_setstream.py
[2024-07-28T02:39:24.353+0000] {processor.py:753} INFO - DAG(s) dict_keys(['exemplo_setstream']) retrieved from /opt/airflow/dags/exemplo_setstream.py
[2024-07-28T02:39:24.368+0000] {logging_mixin.py:137} INFO - [2024-07-28T02:39:24.368+0000] {dag.py:2690} INFO - Sync 1 DAGs
[2024-07-28T02:39:24.382+0000] {logging_mixin.py:137} INFO - [2024-07-28T02:39:24.381+0000] {dag.py:3441} INFO - Setting next_dagrun for exemplo_setstream to None, run_after=None
[2024-07-28T02:39:24.391+0000] {processor.py:175} INFO - Processing /opt/airflow/dags/exemplo_setstream.py took 0.050 seconds
[2024-07-28T02:39:30.359+0000] {processor.py:153} INFO - Started process (PID=1988) to work on /opt/airflow/dags/exemplo_setstream.py
[2024-07-28T02:39:30.361+0000] {processor.py:743} INFO - Processing file /opt/airflow/dags/exemplo_setstream.py for tasks to queue
[2024-07-28T02:39:30.362+0000] {logging_mixin.py:137} INFO - [2024-07-28T02:39:30.361+0000] {dagbag.py:538} INFO - Filling up the DagBag from /opt/airflow/dags/exemplo_setstream.py
[2024-07-28T02:39:30.370+0000] {processor.py:753} INFO - DAG(s) dict_keys(['exemplo_setstream']) retrieved from /opt/airflow/dags/exemplo_setstream.py
[2024-07-28T02:39:30.383+0000] {logging_mixin.py:137} INFO - [2024-07-28T02:39:30.383+0000] {dag.py:2690} INFO - Sync 1 DAGs
[2024-07-28T02:39:30.397+0000] {logging_mixin.py:137} INFO - [2024-07-28T02:39:30.397+0000] {dag.py:3441} INFO - Setting next_dagrun for exemplo_setstream to None, run_after=None
[2024-07-28T02:39:30.409+0000] {processor.py:175} INFO - Processing /opt/airflow/dags/exemplo_setstream.py took 0.052 seconds
[2024-07-28T02:39:36.363+0000] {processor.py:153} INFO - Started process (PID=2029) to work on /opt/airflow/dags/exemplo_setstream.py
[2024-07-28T02:39:36.365+0000] {processor.py:743} INFO - Processing file /opt/airflow/dags/exemplo_setstream.py for tasks to queue
[2024-07-28T02:39:36.366+0000] {logging_mixin.py:137} INFO - [2024-07-28T02:39:36.366+0000] {dagbag.py:538} INFO - Filling up the DagBag from /opt/airflow/dags/exemplo_setstream.py
[2024-07-28T02:39:36.375+0000] {processor.py:753} INFO - DAG(s) dict_keys(['exemplo_setstream']) retrieved from /opt/airflow/dags/exemplo_setstream.py
[2024-07-28T02:39:36.390+0000] {logging_mixin.py:137} INFO - [2024-07-28T02:39:36.389+0000] {dag.py:2690} INFO - Sync 1 DAGs
[2024-07-28T02:39:36.402+0000] {logging_mixin.py:137} INFO - [2024-07-28T02:39:36.401+0000] {dag.py:3441} INFO - Setting next_dagrun for exemplo_setstream to None, run_after=None
[2024-07-28T02:39:36.415+0000] {processor.py:175} INFO - Processing /opt/airflow/dags/exemplo_setstream.py took 0.054 seconds
[2024-07-28T02:39:42.455+0000] {processor.py:153} INFO - Started process (PID=2070) to work on /opt/airflow/dags/exemplo_setstream.py
[2024-07-28T02:39:42.457+0000] {processor.py:743} INFO - Processing file /opt/airflow/dags/exemplo_setstream.py for tasks to queue
[2024-07-28T02:39:42.458+0000] {logging_mixin.py:137} INFO - [2024-07-28T02:39:42.458+0000] {dagbag.py:538} INFO - Filling up the DagBag from /opt/airflow/dags/exemplo_setstream.py
[2024-07-28T02:39:42.466+0000] {processor.py:753} INFO - DAG(s) dict_keys(['exemplo_setstream']) retrieved from /opt/airflow/dags/exemplo_setstream.py
[2024-07-28T02:39:42.481+0000] {logging_mixin.py:137} INFO - [2024-07-28T02:39:42.481+0000] {dag.py:2690} INFO - Sync 1 DAGs
[2024-07-28T02:39:42.498+0000] {logging_mixin.py:137} INFO - [2024-07-28T02:39:42.498+0000] {dag.py:3441} INFO - Setting next_dagrun for exemplo_setstream to None, run_after=None
[2024-07-28T02:39:42.514+0000] {processor.py:175} INFO - Processing /opt/airflow/dags/exemplo_setstream.py took 0.061 seconds
[2024-07-28T02:39:48.526+0000] {processor.py:153} INFO - Started process (PID=2095) to work on /opt/airflow/dags/exemplo_setstream.py
[2024-07-28T02:39:48.530+0000] {processor.py:743} INFO - Processing file /opt/airflow/dags/exemplo_setstream.py for tasks to queue
[2024-07-28T02:39:48.532+0000] {logging_mixin.py:137} INFO - [2024-07-28T02:39:48.532+0000] {dagbag.py:538} INFO - Filling up the DagBag from /opt/airflow/dags/exemplo_setstream.py
[2024-07-28T02:39:48.540+0000] {processor.py:753} INFO - DAG(s) dict_keys(['exemplo_setstream']) retrieved from /opt/airflow/dags/exemplo_setstream.py
[2024-07-28T02:39:48.558+0000] {logging_mixin.py:137} INFO - [2024-07-28T02:39:48.558+0000] {dag.py:2690} INFO - Sync 1 DAGs
[2024-07-28T02:39:48.573+0000] {logging_mixin.py:137} INFO - [2024-07-28T02:39:48.573+0000] {dag.py:3441} INFO - Setting next_dagrun for exemplo_setstream to None, run_after=None
[2024-07-28T02:39:48.591+0000] {processor.py:175} INFO - Processing /opt/airflow/dags/exemplo_setstream.py took 0.067 seconds
[2024-07-28T02:39:54.796+0000] {processor.py:153} INFO - Started process (PID=2136) to work on /opt/airflow/dags/exemplo_setstream.py
[2024-07-28T02:39:54.797+0000] {processor.py:743} INFO - Processing file /opt/airflow/dags/exemplo_setstream.py for tasks to queue
[2024-07-28T02:39:54.798+0000] {logging_mixin.py:137} INFO - [2024-07-28T02:39:54.798+0000] {dagbag.py:538} INFO - Filling up the DagBag from /opt/airflow/dags/exemplo_setstream.py
[2024-07-28T02:39:54.807+0000] {processor.py:753} INFO - DAG(s) dict_keys(['exemplo_setstream']) retrieved from /opt/airflow/dags/exemplo_setstream.py
[2024-07-28T02:39:54.822+0000] {logging_mixin.py:137} INFO - [2024-07-28T02:39:54.822+0000] {dag.py:2690} INFO - Sync 1 DAGs
[2024-07-28T02:39:54.836+0000] {logging_mixin.py:137} INFO - [2024-07-28T02:39:54.836+0000] {dag.py:3441} INFO - Setting next_dagrun for exemplo_setstream to None, run_after=None
[2024-07-28T02:39:54.851+0000] {processor.py:175} INFO - Processing /opt/airflow/dags/exemplo_setstream.py took 0.057 seconds
[2024-07-28T02:40:00.827+0000] {processor.py:153} INFO - Started process (PID=2161) to work on /opt/airflow/dags/exemplo_setstream.py
[2024-07-28T02:40:00.830+0000] {processor.py:743} INFO - Processing file /opt/airflow/dags/exemplo_setstream.py for tasks to queue
[2024-07-28T02:40:00.831+0000] {logging_mixin.py:137} INFO - [2024-07-28T02:40:00.831+0000] {dagbag.py:538} INFO - Filling up the DagBag from /opt/airflow/dags/exemplo_setstream.py
[2024-07-28T02:40:00.838+0000] {processor.py:753} INFO - DAG(s) dict_keys(['exemplo_setstream']) retrieved from /opt/airflow/dags/exemplo_setstream.py
[2024-07-28T02:40:00.852+0000] {logging_mixin.py:137} INFO - [2024-07-28T02:40:00.852+0000] {dag.py:2690} INFO - Sync 1 DAGs
[2024-07-28T02:40:00.866+0000] {logging_mixin.py:137} INFO - [2024-07-28T02:40:00.866+0000] {dag.py:3441} INFO - Setting next_dagrun for exemplo_setstream to None, run_after=None
[2024-07-28T02:40:00.878+0000] {processor.py:175} INFO - Processing /opt/airflow/dags/exemplo_setstream.py took 0.054 seconds
[2024-07-28T02:40:07.045+0000] {processor.py:153} INFO - Started process (PID=2201) to work on /opt/airflow/dags/exemplo_setstream.py
[2024-07-28T02:40:07.046+0000] {processor.py:743} INFO - Processing file /opt/airflow/dags/exemplo_setstream.py for tasks to queue
[2024-07-28T02:40:07.047+0000] {logging_mixin.py:137} INFO - [2024-07-28T02:40:07.047+0000] {dagbag.py:538} INFO - Filling up the DagBag from /opt/airflow/dags/exemplo_setstream.py
[2024-07-28T02:40:07.056+0000] {processor.py:753} INFO - DAG(s) dict_keys(['exemplo_setstream']) retrieved from /opt/airflow/dags/exemplo_setstream.py
[2024-07-28T02:40:07.070+0000] {logging_mixin.py:137} INFO - [2024-07-28T02:40:07.070+0000] {dag.py:2690} INFO - Sync 1 DAGs
[2024-07-28T02:40:07.084+0000] {logging_mixin.py:137} INFO - [2024-07-28T02:40:07.084+0000] {dag.py:3441} INFO - Setting next_dagrun for exemplo_setstream to None, run_after=None
[2024-07-28T02:40:07.094+0000] {processor.py:175} INFO - Processing /opt/airflow/dags/exemplo_setstream.py took 0.051 seconds
[2024-07-28T02:40:13.252+0000] {processor.py:153} INFO - Started process (PID=2226) to work on /opt/airflow/dags/exemplo_setstream.py
[2024-07-28T02:40:13.253+0000] {processor.py:743} INFO - Processing file /opt/airflow/dags/exemplo_setstream.py for tasks to queue
[2024-07-28T02:40:13.255+0000] {logging_mixin.py:137} INFO - [2024-07-28T02:40:13.254+0000] {dagbag.py:538} INFO - Filling up the DagBag from /opt/airflow/dags/exemplo_setstream.py
[2024-07-28T02:40:13.265+0000] {processor.py:753} INFO - DAG(s) dict_keys(['exemplo_setstream']) retrieved from /opt/airflow/dags/exemplo_setstream.py
[2024-07-28T02:40:13.279+0000] {logging_mixin.py:137} INFO - [2024-07-28T02:40:13.279+0000] {dag.py:2690} INFO - Sync 1 DAGs
[2024-07-28T02:40:13.294+0000] {logging_mixin.py:137} INFO - [2024-07-28T02:40:13.294+0000] {dag.py:3441} INFO - Setting next_dagrun for exemplo_setstream to None, run_after=None
[2024-07-28T02:40:13.306+0000] {processor.py:175} INFO - Processing /opt/airflow/dags/exemplo_setstream.py took 0.056 seconds
[2024-07-28T02:40:19.350+0000] {processor.py:153} INFO - Started process (PID=2267) to work on /opt/airflow/dags/exemplo_setstream.py
[2024-07-28T02:40:19.351+0000] {processor.py:743} INFO - Processing file /opt/airflow/dags/exemplo_setstream.py for tasks to queue
[2024-07-28T02:40:19.352+0000] {logging_mixin.py:137} INFO - [2024-07-28T02:40:19.352+0000] {dagbag.py:538} INFO - Filling up the DagBag from /opt/airflow/dags/exemplo_setstream.py
[2024-07-28T02:40:19.365+0000] {processor.py:753} INFO - DAG(s) dict_keys(['exemplo_setstream']) retrieved from /opt/airflow/dags/exemplo_setstream.py
[2024-07-28T02:40:19.380+0000] {logging_mixin.py:137} INFO - [2024-07-28T02:40:19.380+0000] {dag.py:2690} INFO - Sync 1 DAGs
[2024-07-28T02:40:19.397+0000] {logging_mixin.py:137} INFO - [2024-07-28T02:40:19.396+0000] {dag.py:3441} INFO - Setting next_dagrun for exemplo_setstream to None, run_after=None
[2024-07-28T02:40:19.411+0000] {processor.py:175} INFO - Processing /opt/airflow/dags/exemplo_setstream.py took 0.062 seconds
[2024-07-28T02:40:25.442+0000] {processor.py:153} INFO - Started process (PID=2292) to work on /opt/airflow/dags/exemplo_setstream.py
[2024-07-28T02:40:25.443+0000] {processor.py:743} INFO - Processing file /opt/airflow/dags/exemplo_setstream.py for tasks to queue
[2024-07-28T02:40:25.444+0000] {logging_mixin.py:137} INFO - [2024-07-28T02:40:25.443+0000] {dagbag.py:538} INFO - Filling up the DagBag from /opt/airflow/dags/exemplo_setstream.py
[2024-07-28T02:40:25.456+0000] {processor.py:753} INFO - DAG(s) dict_keys(['exemplo_setstream']) retrieved from /opt/airflow/dags/exemplo_setstream.py
[2024-07-28T02:40:25.472+0000] {logging_mixin.py:137} INFO - [2024-07-28T02:40:25.472+0000] {dag.py:2690} INFO - Sync 1 DAGs
[2024-07-28T02:40:25.484+0000] {logging_mixin.py:137} INFO - [2024-07-28T02:40:25.484+0000] {dag.py:3441} INFO - Setting next_dagrun for exemplo_setstream to None, run_after=None
[2024-07-28T02:40:25.497+0000] {processor.py:175} INFO - Processing /opt/airflow/dags/exemplo_setstream.py took 0.058 seconds
[2024-07-28T02:40:31.484+0000] {processor.py:153} INFO - Started process (PID=2333) to work on /opt/airflow/dags/exemplo_setstream.py
[2024-07-28T02:40:31.485+0000] {processor.py:743} INFO - Processing file /opt/airflow/dags/exemplo_setstream.py for tasks to queue
[2024-07-28T02:40:31.487+0000] {logging_mixin.py:137} INFO - [2024-07-28T02:40:31.487+0000] {dagbag.py:538} INFO - Filling up the DagBag from /opt/airflow/dags/exemplo_setstream.py
[2024-07-28T02:40:31.497+0000] {processor.py:753} INFO - DAG(s) dict_keys(['exemplo_setstream']) retrieved from /opt/airflow/dags/exemplo_setstream.py
[2024-07-28T02:40:31.515+0000] {logging_mixin.py:137} INFO - [2024-07-28T02:40:31.515+0000] {dag.py:2690} INFO - Sync 1 DAGs
[2024-07-28T02:40:31.531+0000] {logging_mixin.py:137} INFO - [2024-07-28T02:40:31.531+0000] {dag.py:3441} INFO - Setting next_dagrun for exemplo_setstream to None, run_after=None
[2024-07-28T02:40:31.544+0000] {processor.py:175} INFO - Processing /opt/airflow/dags/exemplo_setstream.py took 0.061 seconds
[2024-07-28T02:40:37.610+0000] {processor.py:153} INFO - Started process (PID=2358) to work on /opt/airflow/dags/exemplo_setstream.py
[2024-07-28T02:40:37.611+0000] {processor.py:743} INFO - Processing file /opt/airflow/dags/exemplo_setstream.py for tasks to queue
[2024-07-28T02:40:37.612+0000] {logging_mixin.py:137} INFO - [2024-07-28T02:40:37.612+0000] {dagbag.py:538} INFO - Filling up the DagBag from /opt/airflow/dags/exemplo_setstream.py
[2024-07-28T02:40:37.622+0000] {processor.py:753} INFO - DAG(s) dict_keys(['exemplo_setstream']) retrieved from /opt/airflow/dags/exemplo_setstream.py
[2024-07-28T02:40:37.640+0000] {logging_mixin.py:137} INFO - [2024-07-28T02:40:37.640+0000] {dag.py:2690} INFO - Sync 1 DAGs
[2024-07-28T02:40:37.655+0000] {logging_mixin.py:137} INFO - [2024-07-28T02:40:37.655+0000] {dag.py:3441} INFO - Setting next_dagrun for exemplo_setstream to None, run_after=None
[2024-07-28T02:40:37.664+0000] {processor.py:175} INFO - Processing /opt/airflow/dags/exemplo_setstream.py took 0.056 seconds
[2024-07-28T02:40:43.700+0000] {processor.py:153} INFO - Started process (PID=2398) to work on /opt/airflow/dags/exemplo_setstream.py
[2024-07-28T02:40:43.701+0000] {processor.py:743} INFO - Processing file /opt/airflow/dags/exemplo_setstream.py for tasks to queue
[2024-07-28T02:40:43.702+0000] {logging_mixin.py:137} INFO - [2024-07-28T02:40:43.702+0000] {dagbag.py:538} INFO - Filling up the DagBag from /opt/airflow/dags/exemplo_setstream.py
[2024-07-28T02:40:43.711+0000] {processor.py:753} INFO - DAG(s) dict_keys(['exemplo_setstream']) retrieved from /opt/airflow/dags/exemplo_setstream.py
[2024-07-28T02:40:43.727+0000] {logging_mixin.py:137} INFO - [2024-07-28T02:40:43.727+0000] {dag.py:2690} INFO - Sync 1 DAGs
[2024-07-28T02:40:43.742+0000] {logging_mixin.py:137} INFO - [2024-07-28T02:40:43.742+0000] {dag.py:3441} INFO - Setting next_dagrun for exemplo_setstream to None, run_after=None
[2024-07-28T02:40:43.755+0000] {processor.py:175} INFO - Processing /opt/airflow/dags/exemplo_setstream.py took 0.056 seconds
[2024-07-28T02:40:49.749+0000] {processor.py:153} INFO - Started process (PID=2430) to work on /opt/airflow/dags/exemplo_setstream.py
[2024-07-28T02:40:49.749+0000] {processor.py:743} INFO - Processing file /opt/airflow/dags/exemplo_setstream.py for tasks to queue
[2024-07-28T02:40:49.750+0000] {logging_mixin.py:137} INFO - [2024-07-28T02:40:49.750+0000] {dagbag.py:538} INFO - Filling up the DagBag from /opt/airflow/dags/exemplo_setstream.py
[2024-07-28T02:40:49.759+0000] {processor.py:753} INFO - DAG(s) dict_keys(['exemplo_setstream']) retrieved from /opt/airflow/dags/exemplo_setstream.py
[2024-07-28T02:40:49.781+0000] {logging_mixin.py:137} INFO - [2024-07-28T02:40:49.779+0000] {dag.py:2690} INFO - Sync 1 DAGs
[2024-07-28T02:40:49.794+0000] {logging_mixin.py:137} INFO - [2024-07-28T02:40:49.794+0000] {dag.py:3441} INFO - Setting next_dagrun for exemplo_setstream to None, run_after=None
[2024-07-28T02:40:49.811+0000] {processor.py:175} INFO - Processing /opt/airflow/dags/exemplo_setstream.py took 0.064 seconds
[2024-07-28T02:40:55.805+0000] {processor.py:153} INFO - Started process (PID=2464) to work on /opt/airflow/dags/exemplo_setstream.py
[2024-07-28T02:40:55.805+0000] {processor.py:743} INFO - Processing file /opt/airflow/dags/exemplo_setstream.py for tasks to queue
[2024-07-28T02:40:55.806+0000] {logging_mixin.py:137} INFO - [2024-07-28T02:40:55.806+0000] {dagbag.py:538} INFO - Filling up the DagBag from /opt/airflow/dags/exemplo_setstream.py
[2024-07-28T02:40:55.815+0000] {processor.py:753} INFO - DAG(s) dict_keys(['exemplo_setstream']) retrieved from /opt/airflow/dags/exemplo_setstream.py
[2024-07-28T02:40:55.830+0000] {logging_mixin.py:137} INFO - [2024-07-28T02:40:55.830+0000] {dag.py:2690} INFO - Sync 1 DAGs
[2024-07-28T02:40:55.844+0000] {logging_mixin.py:137} INFO - [2024-07-28T02:40:55.844+0000] {dag.py:3441} INFO - Setting next_dagrun for exemplo_setstream to None, run_after=None
[2024-07-28T02:40:55.856+0000] {processor.py:175} INFO - Processing /opt/airflow/dags/exemplo_setstream.py took 0.053 seconds
[2024-07-28T02:41:01.967+0000] {processor.py:153} INFO - Started process (PID=2505) to work on /opt/airflow/dags/exemplo_setstream.py
[2024-07-28T02:41:01.967+0000] {processor.py:743} INFO - Processing file /opt/airflow/dags/exemplo_setstream.py for tasks to queue
[2024-07-28T02:41:01.968+0000] {logging_mixin.py:137} INFO - [2024-07-28T02:41:01.968+0000] {dagbag.py:538} INFO - Filling up the DagBag from /opt/airflow/dags/exemplo_setstream.py
[2024-07-28T02:41:01.982+0000] {processor.py:753} INFO - DAG(s) dict_keys(['exemplo_setstream']) retrieved from /opt/airflow/dags/exemplo_setstream.py
[2024-07-28T02:41:01.997+0000] {logging_mixin.py:137} INFO - [2024-07-28T02:41:01.996+0000] {dag.py:2690} INFO - Sync 1 DAGs
[2024-07-28T02:41:02.010+0000] {logging_mixin.py:137} INFO - [2024-07-28T02:41:02.010+0000] {dag.py:3441} INFO - Setting next_dagrun for exemplo_setstream to None, run_after=None
[2024-07-28T02:41:02.024+0000] {processor.py:175} INFO - Processing /opt/airflow/dags/exemplo_setstream.py took 0.060 seconds
[2024-07-28T02:41:07.163+0000] {processor.py:153} INFO - Started process (PID=2530) to work on /opt/airflow/dags/exemplo_setstream.py
[2024-07-28T02:41:07.163+0000] {processor.py:743} INFO - Processing file /opt/airflow/dags/exemplo_setstream.py for tasks to queue
[2024-07-28T02:41:07.164+0000] {logging_mixin.py:137} INFO - [2024-07-28T02:41:07.164+0000] {dagbag.py:538} INFO - Filling up the DagBag from /opt/airflow/dags/exemplo_setstream.py
[2024-07-28T02:41:07.172+0000] {processor.py:753} INFO - DAG(s) dict_keys(['exemplo_setstream']) retrieved from /opt/airflow/dags/exemplo_setstream.py
[2024-07-28T02:41:07.186+0000] {logging_mixin.py:137} INFO - [2024-07-28T02:41:07.186+0000] {dag.py:2690} INFO - Sync 1 DAGs
[2024-07-28T02:41:07.199+0000] {logging_mixin.py:137} INFO - [2024-07-28T02:41:07.199+0000] {dag.py:3441} INFO - Setting next_dagrun for exemplo_setstream to None, run_after=None
[2024-07-28T02:41:07.214+0000] {processor.py:175} INFO - Processing /opt/airflow/dags/exemplo_setstream.py took 0.054 seconds
[2024-07-28T02:41:12.334+0000] {processor.py:153} INFO - Started process (PID=2555) to work on /opt/airflow/dags/exemplo_setstream.py
[2024-07-28T02:41:12.337+0000] {processor.py:743} INFO - Processing file /opt/airflow/dags/exemplo_setstream.py for tasks to queue
[2024-07-28T02:41:12.338+0000] {logging_mixin.py:137} INFO - [2024-07-28T02:41:12.338+0000] {dagbag.py:538} INFO - Filling up the DagBag from /opt/airflow/dags/exemplo_setstream.py
[2024-07-28T02:41:12.347+0000] {processor.py:753} INFO - DAG(s) dict_keys(['exemplo_setstream']) retrieved from /opt/airflow/dags/exemplo_setstream.py
[2024-07-28T02:41:12.360+0000] {logging_mixin.py:137} INFO - [2024-07-28T02:41:12.360+0000] {dag.py:2690} INFO - Sync 1 DAGs
[2024-07-28T02:41:12.375+0000] {logging_mixin.py:137} INFO - [2024-07-28T02:41:12.375+0000] {dag.py:3441} INFO - Setting next_dagrun for exemplo_setstream to None, run_after=None
[2024-07-28T02:41:12.388+0000] {processor.py:175} INFO - Processing /opt/airflow/dags/exemplo_setstream.py took 0.056 seconds
[2024-07-28T02:41:18.339+0000] {processor.py:153} INFO - Started process (PID=2596) to work on /opt/airflow/dags/exemplo_setstream.py
[2024-07-28T02:41:18.340+0000] {processor.py:743} INFO - Processing file /opt/airflow/dags/exemplo_setstream.py for tasks to queue
[2024-07-28T02:41:18.341+0000] {logging_mixin.py:137} INFO - [2024-07-28T02:41:18.341+0000] {dagbag.py:538} INFO - Filling up the DagBag from /opt/airflow/dags/exemplo_setstream.py
[2024-07-28T02:41:18.350+0000] {processor.py:753} INFO - DAG(s) dict_keys(['exemplo_setstream']) retrieved from /opt/airflow/dags/exemplo_setstream.py
[2024-07-28T02:41:18.364+0000] {logging_mixin.py:137} INFO - [2024-07-28T02:41:18.364+0000] {dag.py:2690} INFO - Sync 1 DAGs
[2024-07-28T02:41:18.379+0000] {logging_mixin.py:137} INFO - [2024-07-28T02:41:18.379+0000] {dag.py:3441} INFO - Setting next_dagrun for exemplo_setstream to None, run_after=None
[2024-07-28T02:41:18.392+0000] {processor.py:175} INFO - Processing /opt/airflow/dags/exemplo_setstream.py took 0.055 seconds
[2024-07-28T02:41:24.425+0000] {processor.py:153} INFO - Started process (PID=2637) to work on /opt/airflow/dags/exemplo_setstream.py
[2024-07-28T02:41:24.425+0000] {processor.py:743} INFO - Processing file /opt/airflow/dags/exemplo_setstream.py for tasks to queue
[2024-07-28T02:41:24.426+0000] {logging_mixin.py:137} INFO - [2024-07-28T02:41:24.426+0000] {dagbag.py:538} INFO - Filling up the DagBag from /opt/airflow/dags/exemplo_setstream.py
[2024-07-28T02:41:24.434+0000] {processor.py:753} INFO - DAG(s) dict_keys(['exemplo_setstream']) retrieved from /opt/airflow/dags/exemplo_setstream.py
[2024-07-28T02:41:24.451+0000] {logging_mixin.py:137} INFO - [2024-07-28T02:41:24.451+0000] {dag.py:2690} INFO - Sync 1 DAGs
[2024-07-28T02:41:24.468+0000] {logging_mixin.py:137} INFO - [2024-07-28T02:41:24.468+0000] {dag.py:3441} INFO - Setting next_dagrun for exemplo_setstream to None, run_after=None
[2024-07-28T02:41:24.483+0000] {processor.py:175} INFO - Processing /opt/airflow/dags/exemplo_setstream.py took 0.060 seconds
[2024-07-28T02:41:30.511+0000] {processor.py:153} INFO - Started process (PID=2662) to work on /opt/airflow/dags/exemplo_setstream.py
[2024-07-28T02:41:30.514+0000] {processor.py:743} INFO - Processing file /opt/airflow/dags/exemplo_setstream.py for tasks to queue
[2024-07-28T02:41:30.515+0000] {logging_mixin.py:137} INFO - [2024-07-28T02:41:30.515+0000] {dagbag.py:538} INFO - Filling up the DagBag from /opt/airflow/dags/exemplo_setstream.py
[2024-07-28T02:41:30.523+0000] {processor.py:753} INFO - DAG(s) dict_keys(['exemplo_setstream']) retrieved from /opt/airflow/dags/exemplo_setstream.py
[2024-07-28T02:41:30.537+0000] {logging_mixin.py:137} INFO - [2024-07-28T02:41:30.537+0000] {dag.py:2690} INFO - Sync 1 DAGs
[2024-07-28T02:41:30.553+0000] {logging_mixin.py:137} INFO - [2024-07-28T02:41:30.552+0000] {dag.py:3441} INFO - Setting next_dagrun for exemplo_setstream to None, run_after=None
[2024-07-28T02:41:30.564+0000] {processor.py:175} INFO - Processing /opt/airflow/dags/exemplo_setstream.py took 0.055 seconds
[2024-07-28T02:41:36.631+0000] {processor.py:153} INFO - Started process (PID=2703) to work on /opt/airflow/dags/exemplo_setstream.py
[2024-07-28T02:41:36.634+0000] {processor.py:743} INFO - Processing file /opt/airflow/dags/exemplo_setstream.py for tasks to queue
[2024-07-28T02:41:36.636+0000] {logging_mixin.py:137} INFO - [2024-07-28T02:41:36.636+0000] {dagbag.py:538} INFO - Filling up the DagBag from /opt/airflow/dags/exemplo_setstream.py
[2024-07-28T02:41:36.647+0000] {processor.py:753} INFO - DAG(s) dict_keys(['exemplo_setstream']) retrieved from /opt/airflow/dags/exemplo_setstream.py
[2024-07-28T02:41:36.661+0000] {logging_mixin.py:137} INFO - [2024-07-28T02:41:36.661+0000] {dag.py:2690} INFO - Sync 1 DAGs
[2024-07-28T02:41:36.677+0000] {logging_mixin.py:137} INFO - [2024-07-28T02:41:36.677+0000] {dag.py:3441} INFO - Setting next_dagrun for exemplo_setstream to None, run_after=None
[2024-07-28T02:41:36.689+0000] {processor.py:175} INFO - Processing /opt/airflow/dags/exemplo_setstream.py took 0.060 seconds
[2024-07-28T02:41:42.655+0000] {processor.py:153} INFO - Started process (PID=2728) to work on /opt/airflow/dags/exemplo_setstream.py
[2024-07-28T02:41:42.656+0000] {processor.py:743} INFO - Processing file /opt/airflow/dags/exemplo_setstream.py for tasks to queue
[2024-07-28T02:41:42.656+0000] {logging_mixin.py:137} INFO - [2024-07-28T02:41:42.656+0000] {dagbag.py:538} INFO - Filling up the DagBag from /opt/airflow/dags/exemplo_setstream.py
[2024-07-28T02:41:42.664+0000] {processor.py:753} INFO - DAG(s) dict_keys(['exemplo_setstream']) retrieved from /opt/airflow/dags/exemplo_setstream.py
[2024-07-28T02:41:42.677+0000] {logging_mixin.py:137} INFO - [2024-07-28T02:41:42.677+0000] {dag.py:2690} INFO - Sync 1 DAGs
[2024-07-28T02:41:42.689+0000] {logging_mixin.py:137} INFO - [2024-07-28T02:41:42.689+0000] {dag.py:3441} INFO - Setting next_dagrun for exemplo_setstream to None, run_after=None
[2024-07-28T02:41:42.698+0000] {processor.py:175} INFO - Processing /opt/airflow/dags/exemplo_setstream.py took 0.045 seconds
[2024-07-28T02:41:48.666+0000] {processor.py:153} INFO - Started process (PID=2769) to work on /opt/airflow/dags/exemplo_setstream.py
[2024-07-28T02:41:48.667+0000] {processor.py:743} INFO - Processing file /opt/airflow/dags/exemplo_setstream.py for tasks to queue
[2024-07-28T02:41:48.667+0000] {logging_mixin.py:137} INFO - [2024-07-28T02:41:48.667+0000] {dagbag.py:538} INFO - Filling up the DagBag from /opt/airflow/dags/exemplo_setstream.py
[2024-07-28T02:41:48.677+0000] {processor.py:753} INFO - DAG(s) dict_keys(['exemplo_setstream']) retrieved from /opt/airflow/dags/exemplo_setstream.py
[2024-07-28T02:41:48.696+0000] {logging_mixin.py:137} INFO - [2024-07-28T02:41:48.696+0000] {dag.py:2690} INFO - Sync 1 DAGs
[2024-07-28T02:41:48.713+0000] {logging_mixin.py:137} INFO - [2024-07-28T02:41:48.713+0000] {dag.py:3441} INFO - Setting next_dagrun for exemplo_setstream to None, run_after=None
[2024-07-28T02:41:48.726+0000] {processor.py:175} INFO - Processing /opt/airflow/dags/exemplo_setstream.py took 0.062 seconds
[2024-07-28T02:41:54.716+0000] {processor.py:153} INFO - Started process (PID=2794) to work on /opt/airflow/dags/exemplo_setstream.py
[2024-07-28T02:41:54.716+0000] {processor.py:743} INFO - Processing file /opt/airflow/dags/exemplo_setstream.py for tasks to queue
[2024-07-28T02:41:54.718+0000] {logging_mixin.py:137} INFO - [2024-07-28T02:41:54.718+0000] {dagbag.py:538} INFO - Filling up the DagBag from /opt/airflow/dags/exemplo_setstream.py
[2024-07-28T02:41:54.727+0000] {processor.py:753} INFO - DAG(s) dict_keys(['exemplo_setstream']) retrieved from /opt/airflow/dags/exemplo_setstream.py
[2024-07-28T02:41:54.746+0000] {logging_mixin.py:137} INFO - [2024-07-28T02:41:54.746+0000] {dag.py:2690} INFO - Sync 1 DAGs
[2024-07-28T02:41:54.759+0000] {logging_mixin.py:137} INFO - [2024-07-28T02:41:54.759+0000] {dag.py:3441} INFO - Setting next_dagrun for exemplo_setstream to None, run_after=None
[2024-07-28T02:41:54.769+0000] {processor.py:175} INFO - Processing /opt/airflow/dags/exemplo_setstream.py took 0.055 seconds
[2024-07-28T02:42:00.811+0000] {processor.py:153} INFO - Started process (PID=2835) to work on /opt/airflow/dags/exemplo_setstream.py
[2024-07-28T02:42:00.812+0000] {processor.py:743} INFO - Processing file /opt/airflow/dags/exemplo_setstream.py for tasks to queue
[2024-07-28T02:42:00.812+0000] {logging_mixin.py:137} INFO - [2024-07-28T02:42:00.812+0000] {dagbag.py:538} INFO - Filling up the DagBag from /opt/airflow/dags/exemplo_setstream.py
[2024-07-28T02:42:00.820+0000] {processor.py:753} INFO - DAG(s) dict_keys(['exemplo_setstream']) retrieved from /opt/airflow/dags/exemplo_setstream.py
[2024-07-28T02:42:00.833+0000] {logging_mixin.py:137} INFO - [2024-07-28T02:42:00.833+0000] {dag.py:2690} INFO - Sync 1 DAGs
[2024-07-28T02:42:00.846+0000] {logging_mixin.py:137} INFO - [2024-07-28T02:42:00.846+0000] {dag.py:3441} INFO - Setting next_dagrun for exemplo_setstream to None, run_after=None
[2024-07-28T02:42:00.861+0000] {processor.py:175} INFO - Processing /opt/airflow/dags/exemplo_setstream.py took 0.051 seconds
[2024-07-28T02:42:06.902+0000] {processor.py:153} INFO - Started process (PID=2860) to work on /opt/airflow/dags/exemplo_setstream.py
[2024-07-28T02:42:06.903+0000] {processor.py:743} INFO - Processing file /opt/airflow/dags/exemplo_setstream.py for tasks to queue
[2024-07-28T02:42:06.903+0000] {logging_mixin.py:137} INFO - [2024-07-28T02:42:06.903+0000] {dagbag.py:538} INFO - Filling up the DagBag from /opt/airflow/dags/exemplo_setstream.py
[2024-07-28T02:42:06.911+0000] {processor.py:753} INFO - DAG(s) dict_keys(['exemplo_setstream']) retrieved from /opt/airflow/dags/exemplo_setstream.py
[2024-07-28T02:42:06.924+0000] {logging_mixin.py:137} INFO - [2024-07-28T02:42:06.924+0000] {dag.py:2690} INFO - Sync 1 DAGs
[2024-07-28T02:42:06.936+0000] {logging_mixin.py:137} INFO - [2024-07-28T02:42:06.936+0000] {dag.py:3441} INFO - Setting next_dagrun for exemplo_setstream to None, run_after=None
[2024-07-28T02:42:06.944+0000] {processor.py:175} INFO - Processing /opt/airflow/dags/exemplo_setstream.py took 0.043 seconds
[2024-07-28T02:42:12.925+0000] {processor.py:153} INFO - Started process (PID=2900) to work on /opt/airflow/dags/exemplo_setstream.py
[2024-07-28T02:42:12.925+0000] {processor.py:743} INFO - Processing file /opt/airflow/dags/exemplo_setstream.py for tasks to queue
[2024-07-28T02:42:12.926+0000] {logging_mixin.py:137} INFO - [2024-07-28T02:42:12.926+0000] {dagbag.py:538} INFO - Filling up the DagBag from /opt/airflow/dags/exemplo_setstream.py
[2024-07-28T02:42:12.938+0000] {processor.py:753} INFO - DAG(s) dict_keys(['exemplo_setstream']) retrieved from /opt/airflow/dags/exemplo_setstream.py
[2024-07-28T02:42:12.951+0000] {logging_mixin.py:137} INFO - [2024-07-28T02:42:12.951+0000] {dag.py:2690} INFO - Sync 1 DAGs
[2024-07-28T02:42:12.965+0000] {logging_mixin.py:137} INFO - [2024-07-28T02:42:12.965+0000] {dag.py:3441} INFO - Setting next_dagrun for exemplo_setstream to None, run_after=None
[2024-07-28T02:42:12.976+0000] {processor.py:175} INFO - Processing /opt/airflow/dags/exemplo_setstream.py took 0.053 seconds
[2024-07-28T02:42:18.903+0000] {processor.py:153} INFO - Started process (PID=2925) to work on /opt/airflow/dags/exemplo_setstream.py
[2024-07-28T02:42:18.904+0000] {processor.py:743} INFO - Processing file /opt/airflow/dags/exemplo_setstream.py for tasks to queue
[2024-07-28T02:42:18.905+0000] {logging_mixin.py:137} INFO - [2024-07-28T02:42:18.905+0000] {dagbag.py:538} INFO - Filling up the DagBag from /opt/airflow/dags/exemplo_setstream.py
[2024-07-28T02:42:18.913+0000] {processor.py:753} INFO - DAG(s) dict_keys(['exemplo_setstream']) retrieved from /opt/airflow/dags/exemplo_setstream.py
[2024-07-28T02:42:18.930+0000] {logging_mixin.py:137} INFO - [2024-07-28T02:42:18.930+0000] {dag.py:2690} INFO - Sync 1 DAGs
[2024-07-28T02:42:18.945+0000] {logging_mixin.py:137} INFO - [2024-07-28T02:42:18.945+0000] {dag.py:3441} INFO - Setting next_dagrun for exemplo_setstream to None, run_after=None
[2024-07-28T02:42:18.959+0000] {processor.py:175} INFO - Processing /opt/airflow/dags/exemplo_setstream.py took 0.058 seconds
[2024-07-28T02:42:24.861+0000] {processor.py:153} INFO - Started process (PID=2966) to work on /opt/airflow/dags/exemplo_setstream.py
[2024-07-28T02:42:24.865+0000] {processor.py:743} INFO - Processing file /opt/airflow/dags/exemplo_setstream.py for tasks to queue
[2024-07-28T02:42:24.866+0000] {logging_mixin.py:137} INFO - [2024-07-28T02:42:24.866+0000] {dagbag.py:538} INFO - Filling up the DagBag from /opt/airflow/dags/exemplo_setstream.py
[2024-07-28T02:42:24.874+0000] {processor.py:753} INFO - DAG(s) dict_keys(['exemplo_setstream']) retrieved from /opt/airflow/dags/exemplo_setstream.py
[2024-07-28T02:42:24.889+0000] {logging_mixin.py:137} INFO - [2024-07-28T02:42:24.889+0000] {dag.py:2690} INFO - Sync 1 DAGs
[2024-07-28T02:42:24.903+0000] {logging_mixin.py:137} INFO - [2024-07-28T02:42:24.903+0000] {dag.py:3441} INFO - Setting next_dagrun for exemplo_setstream to None, run_after=None
[2024-07-28T02:42:24.921+0000] {processor.py:175} INFO - Processing /opt/airflow/dags/exemplo_setstream.py took 0.062 seconds
[2024-07-28T02:42:30.884+0000] {processor.py:153} INFO - Started process (PID=2991) to work on /opt/airflow/dags/exemplo_setstream.py
[2024-07-28T02:42:30.884+0000] {processor.py:743} INFO - Processing file /opt/airflow/dags/exemplo_setstream.py for tasks to queue
[2024-07-28T02:42:30.885+0000] {logging_mixin.py:137} INFO - [2024-07-28T02:42:30.884+0000] {dagbag.py:538} INFO - Filling up the DagBag from /opt/airflow/dags/exemplo_setstream.py
[2024-07-28T02:42:30.893+0000] {processor.py:753} INFO - DAG(s) dict_keys(['exemplo_setstream']) retrieved from /opt/airflow/dags/exemplo_setstream.py
[2024-07-28T02:42:30.906+0000] {logging_mixin.py:137} INFO - [2024-07-28T02:42:30.905+0000] {dag.py:2690} INFO - Sync 1 DAGs
[2024-07-28T02:42:30.921+0000] {logging_mixin.py:137} INFO - [2024-07-28T02:42:30.921+0000] {dag.py:3441} INFO - Setting next_dagrun for exemplo_setstream to None, run_after=None
[2024-07-28T02:42:30.934+0000] {processor.py:175} INFO - Processing /opt/airflow/dags/exemplo_setstream.py took 0.052 seconds
[2024-07-28T02:42:36.899+0000] {processor.py:153} INFO - Started process (PID=3031) to work on /opt/airflow/dags/exemplo_setstream.py
[2024-07-28T02:42:36.900+0000] {processor.py:743} INFO - Processing file /opt/airflow/dags/exemplo_setstream.py for tasks to queue
[2024-07-28T02:42:36.900+0000] {logging_mixin.py:137} INFO - [2024-07-28T02:42:36.900+0000] {dagbag.py:538} INFO - Filling up the DagBag from /opt/airflow/dags/exemplo_setstream.py
[2024-07-28T02:42:36.909+0000] {processor.py:753} INFO - DAG(s) dict_keys(['exemplo_setstream']) retrieved from /opt/airflow/dags/exemplo_setstream.py
[2024-07-28T02:42:36.923+0000] {logging_mixin.py:137} INFO - [2024-07-28T02:42:36.923+0000] {dag.py:2690} INFO - Sync 1 DAGs
[2024-07-28T02:42:36.939+0000] {logging_mixin.py:137} INFO - [2024-07-28T02:42:36.939+0000] {dag.py:3441} INFO - Setting next_dagrun for exemplo_setstream to None, run_after=None
[2024-07-28T02:42:36.958+0000] {processor.py:175} INFO - Processing /opt/airflow/dags/exemplo_setstream.py took 0.061 seconds
[2024-07-28T02:42:42.825+0000] {processor.py:153} INFO - Started process (PID=3065) to work on /opt/airflow/dags/exemplo_setstream.py
[2024-07-28T02:42:42.826+0000] {processor.py:743} INFO - Processing file /opt/airflow/dags/exemplo_setstream.py for tasks to queue
[2024-07-28T02:42:42.828+0000] {logging_mixin.py:137} INFO - [2024-07-28T02:42:42.828+0000] {dagbag.py:538} INFO - Filling up the DagBag from /opt/airflow/dags/exemplo_setstream.py
[2024-07-28T02:42:42.837+0000] {processor.py:753} INFO - DAG(s) dict_keys(['exemplo_setstream']) retrieved from /opt/airflow/dags/exemplo_setstream.py
[2024-07-28T02:42:42.850+0000] {logging_mixin.py:137} INFO - [2024-07-28T02:42:42.850+0000] {dag.py:2690} INFO - Sync 1 DAGs
[2024-07-28T02:42:42.864+0000] {logging_mixin.py:137} INFO - [2024-07-28T02:42:42.864+0000] {dag.py:3441} INFO - Setting next_dagrun for exemplo_setstream to None, run_after=None
[2024-07-28T02:42:42.875+0000] {processor.py:175} INFO - Processing /opt/airflow/dags/exemplo_setstream.py took 0.052 seconds
[2024-07-28T02:42:48.947+0000] {processor.py:153} INFO - Started process (PID=3097) to work on /opt/airflow/dags/exemplo_setstream.py
[2024-07-28T02:42:48.947+0000] {processor.py:743} INFO - Processing file /opt/airflow/dags/exemplo_setstream.py for tasks to queue
[2024-07-28T02:42:48.949+0000] {logging_mixin.py:137} INFO - [2024-07-28T02:42:48.948+0000] {dagbag.py:538} INFO - Filling up the DagBag from /opt/airflow/dags/exemplo_setstream.py
[2024-07-28T02:42:48.959+0000] {processor.py:753} INFO - DAG(s) dict_keys(['exemplo_setstream']) retrieved from /opt/airflow/dags/exemplo_setstream.py
[2024-07-28T02:42:48.974+0000] {logging_mixin.py:137} INFO - [2024-07-28T02:42:48.974+0000] {dag.py:2690} INFO - Sync 1 DAGs
[2024-07-28T02:42:48.987+0000] {logging_mixin.py:137} INFO - [2024-07-28T02:42:48.987+0000] {dag.py:3441} INFO - Setting next_dagrun for exemplo_setstream to None, run_after=None
[2024-07-28T02:42:49.000+0000] {processor.py:175} INFO - Processing /opt/airflow/dags/exemplo_setstream.py took 0.055 seconds
[2024-07-28T02:42:55.191+0000] {processor.py:153} INFO - Started process (PID=3138) to work on /opt/airflow/dags/exemplo_setstream.py
[2024-07-28T02:42:55.191+0000] {processor.py:743} INFO - Processing file /opt/airflow/dags/exemplo_setstream.py for tasks to queue
[2024-07-28T02:42:55.192+0000] {logging_mixin.py:137} INFO - [2024-07-28T02:42:55.192+0000] {dagbag.py:538} INFO - Filling up the DagBag from /opt/airflow/dags/exemplo_setstream.py
[2024-07-28T02:42:55.202+0000] {processor.py:753} INFO - DAG(s) dict_keys(['exemplo_setstream']) retrieved from /opt/airflow/dags/exemplo_setstream.py
[2024-07-28T02:42:55.218+0000] {logging_mixin.py:137} INFO - [2024-07-28T02:42:55.218+0000] {dag.py:2690} INFO - Sync 1 DAGs
[2024-07-28T02:42:55.235+0000] {logging_mixin.py:137} INFO - [2024-07-28T02:42:55.235+0000] {dag.py:3441} INFO - Setting next_dagrun for exemplo_setstream to None, run_after=None
[2024-07-28T02:42:55.249+0000] {processor.py:175} INFO - Processing /opt/airflow/dags/exemplo_setstream.py took 0.061 seconds
