[2024-07-28T02:33:07.130+0000] {processor.py:153} INFO - Started process (PID=52) to work on /opt/airflow/dags/exemplo_dag_group.py
[2024-07-28T02:33:07.132+0000] {processor.py:743} INFO - Processing file /opt/airflow/dags/exemplo_dag_group.py for tasks to queue
[2024-07-28T02:33:07.134+0000] {logging_mixin.py:137} INFO - [2024-07-28T02:33:07.134+0000] {dagbag.py:538} INFO - Filling up the DagBag from /opt/airflow/dags/exemplo_dag_group.py
[2024-07-28T02:33:07.151+0000] {processor.py:753} INFO - DAG(s) dict_keys(['exemplo_dag_group']) retrieved from /opt/airflow/dags/exemplo_dag_group.py
[2024-07-28T02:33:07.186+0000] {logging_mixin.py:137} INFO - [2024-07-28T02:33:07.186+0000] {dag.py:2690} INFO - Sync 1 DAGs
[2024-07-28T02:33:07.220+0000] {logging_mixin.py:137} INFO - [2024-07-28T02:33:07.220+0000] {dag.py:3441} INFO - Setting next_dagrun for exemplo_dag_group to None, run_after=None
[2024-07-28T02:33:07.239+0000] {processor.py:175} INFO - Processing /opt/airflow/dags/exemplo_dag_group.py took 0.119 seconds
[2024-07-28T02:33:12.952+0000] {processor.py:153} INFO - Started process (PID=93) to work on /opt/airflow/dags/exemplo_dag_group.py
[2024-07-28T02:33:12.952+0000] {processor.py:743} INFO - Processing file /opt/airflow/dags/exemplo_dag_group.py for tasks to queue
[2024-07-28T02:33:12.953+0000] {logging_mixin.py:137} INFO - [2024-07-28T02:33:12.953+0000] {dagbag.py:538} INFO - Filling up the DagBag from /opt/airflow/dags/exemplo_dag_group.py
[2024-07-28T02:33:12.962+0000] {processor.py:753} INFO - DAG(s) dict_keys(['exemplo_dag_group']) retrieved from /opt/airflow/dags/exemplo_dag_group.py
[2024-07-28T02:33:12.976+0000] {logging_mixin.py:137} INFO - [2024-07-28T02:33:12.976+0000] {dag.py:2690} INFO - Sync 1 DAGs
[2024-07-28T02:33:12.989+0000] {logging_mixin.py:137} INFO - [2024-07-28T02:33:12.989+0000] {dag.py:3441} INFO - Setting next_dagrun for exemplo_dag_group to None, run_after=None
[2024-07-28T02:33:12.999+0000] {processor.py:175} INFO - Processing /opt/airflow/dags/exemplo_dag_group.py took 0.049 seconds
[2024-07-28T02:33:18.173+0000] {processor.py:153} INFO - Started process (PID=122) to work on /opt/airflow/dags/exemplo_dag_group.py
[2024-07-28T02:33:18.173+0000] {processor.py:743} INFO - Processing file /opt/airflow/dags/exemplo_dag_group.py for tasks to queue
[2024-07-28T02:33:18.174+0000] {logging_mixin.py:137} INFO - [2024-07-28T02:33:18.174+0000] {dagbag.py:538} INFO - Filling up the DagBag from /opt/airflow/dags/exemplo_dag_group.py
[2024-07-28T02:33:18.183+0000] {processor.py:753} INFO - DAG(s) dict_keys(['exemplo_dag_group']) retrieved from /opt/airflow/dags/exemplo_dag_group.py
[2024-07-28T02:33:18.196+0000] {logging_mixin.py:137} INFO - [2024-07-28T02:33:18.196+0000] {dag.py:2690} INFO - Sync 1 DAGs
[2024-07-28T02:33:18.209+0000] {logging_mixin.py:137} INFO - [2024-07-28T02:33:18.209+0000] {dag.py:3441} INFO - Setting next_dagrun for exemplo_dag_group to None, run_after=None
[2024-07-28T02:33:18.221+0000] {processor.py:175} INFO - Processing /opt/airflow/dags/exemplo_dag_group.py took 0.050 seconds
[2024-07-28T02:33:45.822+0000] {processor.py:153} INFO - Started process (PID=56) to work on /opt/airflow/dags/exemplo_dag_group.py
[2024-07-28T02:33:45.828+0000] {processor.py:743} INFO - Processing file /opt/airflow/dags/exemplo_dag_group.py for tasks to queue
[2024-07-28T02:33:45.828+0000] {logging_mixin.py:137} INFO - [2024-07-28T02:33:45.828+0000] {dagbag.py:538} INFO - Filling up the DagBag from /opt/airflow/dags/exemplo_dag_group.py
[2024-07-28T02:33:45.845+0000] {processor.py:753} INFO - DAG(s) dict_keys(['exemplo_dag_group']) retrieved from /opt/airflow/dags/exemplo_dag_group.py
[2024-07-28T02:33:45.905+0000] {logging_mixin.py:137} INFO - [2024-07-28T02:33:45.905+0000] {dag.py:2690} INFO - Sync 1 DAGs
[2024-07-28T02:33:45.927+0000] {logging_mixin.py:137} INFO - [2024-07-28T02:33:45.927+0000] {dag.py:3441} INFO - Setting next_dagrun for exemplo_dag_group to None, run_after=None
[2024-07-28T02:33:45.951+0000] {processor.py:175} INFO - Processing /opt/airflow/dags/exemplo_dag_group.py took 0.133 seconds
[2024-07-28T02:33:51.341+0000] {processor.py:153} INFO - Started process (PID=90) to work on /opt/airflow/dags/exemplo_dag_group.py
[2024-07-28T02:33:51.342+0000] {processor.py:743} INFO - Processing file /opt/airflow/dags/exemplo_dag_group.py for tasks to queue
[2024-07-28T02:33:51.343+0000] {logging_mixin.py:137} INFO - [2024-07-28T02:33:51.343+0000] {dagbag.py:538} INFO - Filling up the DagBag from /opt/airflow/dags/exemplo_dag_group.py
[2024-07-28T02:33:51.356+0000] {processor.py:753} INFO - DAG(s) dict_keys(['exemplo_dag_group']) retrieved from /opt/airflow/dags/exemplo_dag_group.py
[2024-07-28T02:33:51.367+0000] {logging_mixin.py:137} INFO - [2024-07-28T02:33:51.367+0000] {dag.py:2690} INFO - Sync 1 DAGs
[2024-07-28T02:33:51.382+0000] {logging_mixin.py:137} INFO - [2024-07-28T02:33:51.382+0000] {dag.py:3441} INFO - Setting next_dagrun for exemplo_dag_group to None, run_after=None
[2024-07-28T02:33:51.396+0000] {processor.py:175} INFO - Processing /opt/airflow/dags/exemplo_dag_group.py took 0.057 seconds
[2024-07-28T02:33:57.338+0000] {processor.py:153} INFO - Started process (PID=122) to work on /opt/airflow/dags/exemplo_dag_group.py
[2024-07-28T02:33:57.339+0000] {processor.py:743} INFO - Processing file /opt/airflow/dags/exemplo_dag_group.py for tasks to queue
[2024-07-28T02:33:57.340+0000] {logging_mixin.py:137} INFO - [2024-07-28T02:33:57.340+0000] {dagbag.py:538} INFO - Filling up the DagBag from /opt/airflow/dags/exemplo_dag_group.py
[2024-07-28T02:33:57.354+0000] {processor.py:753} INFO - DAG(s) dict_keys(['exemplo_dag_group']) retrieved from /opt/airflow/dags/exemplo_dag_group.py
[2024-07-28T02:33:57.361+0000] {logging_mixin.py:137} INFO - [2024-07-28T02:33:57.361+0000] {dag.py:2690} INFO - Sync 1 DAGs
[2024-07-28T02:33:57.376+0000] {logging_mixin.py:137} INFO - [2024-07-28T02:33:57.376+0000] {dag.py:3441} INFO - Setting next_dagrun for exemplo_dag_group to None, run_after=None
[2024-07-28T02:33:57.395+0000] {processor.py:175} INFO - Processing /opt/airflow/dags/exemplo_dag_group.py took 0.060 seconds
[2024-07-28T02:34:02.836+0000] {processor.py:153} INFO - Started process (PID=156) to work on /opt/airflow/dags/exemplo_dag_group.py
[2024-07-28T02:34:02.837+0000] {processor.py:743} INFO - Processing file /opt/airflow/dags/exemplo_dag_group.py for tasks to queue
[2024-07-28T02:34:02.838+0000] {logging_mixin.py:137} INFO - [2024-07-28T02:34:02.838+0000] {dagbag.py:538} INFO - Filling up the DagBag from /opt/airflow/dags/exemplo_dag_group.py
[2024-07-28T02:34:02.853+0000] {processor.py:753} INFO - DAG(s) dict_keys(['exemplo_dag_group']) retrieved from /opt/airflow/dags/exemplo_dag_group.py
[2024-07-28T02:34:02.863+0000] {logging_mixin.py:137} INFO - [2024-07-28T02:34:02.863+0000] {dag.py:2690} INFO - Sync 1 DAGs
[2024-07-28T02:34:02.880+0000] {logging_mixin.py:137} INFO - [2024-07-28T02:34:02.880+0000] {dag.py:3441} INFO - Setting next_dagrun for exemplo_dag_group to None, run_after=None
[2024-07-28T02:34:02.898+0000] {processor.py:175} INFO - Processing /opt/airflow/dags/exemplo_dag_group.py took 0.064 seconds
[2024-07-28T02:34:08.873+0000] {processor.py:153} INFO - Started process (PID=188) to work on /opt/airflow/dags/exemplo_dag_group.py
[2024-07-28T02:34:08.875+0000] {processor.py:743} INFO - Processing file /opt/airflow/dags/exemplo_dag_group.py for tasks to queue
[2024-07-28T02:34:08.877+0000] {logging_mixin.py:137} INFO - [2024-07-28T02:34:08.877+0000] {dagbag.py:538} INFO - Filling up the DagBag from /opt/airflow/dags/exemplo_dag_group.py
[2024-07-28T02:34:08.887+0000] {processor.py:753} INFO - DAG(s) dict_keys(['exemplo_dag_group']) retrieved from /opt/airflow/dags/exemplo_dag_group.py
[2024-07-28T02:34:08.901+0000] {logging_mixin.py:137} INFO - [2024-07-28T02:34:08.901+0000] {dag.py:2690} INFO - Sync 1 DAGs
[2024-07-28T02:34:08.918+0000] {logging_mixin.py:137} INFO - [2024-07-28T02:34:08.918+0000] {dag.py:3441} INFO - Setting next_dagrun for exemplo_dag_group to None, run_after=None
[2024-07-28T02:34:08.927+0000] {processor.py:175} INFO - Processing /opt/airflow/dags/exemplo_dag_group.py took 0.056 seconds
[2024-07-28T02:34:15.087+0000] {processor.py:153} INFO - Started process (PID=229) to work on /opt/airflow/dags/exemplo_dag_group.py
[2024-07-28T02:34:15.089+0000] {processor.py:743} INFO - Processing file /opt/airflow/dags/exemplo_dag_group.py for tasks to queue
[2024-07-28T02:34:15.090+0000] {logging_mixin.py:137} INFO - [2024-07-28T02:34:15.090+0000] {dagbag.py:538} INFO - Filling up the DagBag from /opt/airflow/dags/exemplo_dag_group.py
[2024-07-28T02:34:15.102+0000] {processor.py:753} INFO - DAG(s) dict_keys(['exemplo_dag_group']) retrieved from /opt/airflow/dags/exemplo_dag_group.py
[2024-07-28T02:34:15.110+0000] {logging_mixin.py:137} INFO - [2024-07-28T02:34:15.110+0000] {dag.py:2690} INFO - Sync 1 DAGs
[2024-07-28T02:34:15.131+0000] {logging_mixin.py:137} INFO - [2024-07-28T02:34:15.131+0000] {dag.py:3441} INFO - Setting next_dagrun for exemplo_dag_group to None, run_after=None
[2024-07-28T02:34:15.147+0000] {processor.py:175} INFO - Processing /opt/airflow/dags/exemplo_dag_group.py took 0.062 seconds
[2024-07-28T02:34:21.112+0000] {processor.py:153} INFO - Started process (PID=254) to work on /opt/airflow/dags/exemplo_dag_group.py
[2024-07-28T02:34:21.113+0000] {processor.py:743} INFO - Processing file /opt/airflow/dags/exemplo_dag_group.py for tasks to queue
[2024-07-28T02:34:21.114+0000] {logging_mixin.py:137} INFO - [2024-07-28T02:34:21.114+0000] {dagbag.py:538} INFO - Filling up the DagBag from /opt/airflow/dags/exemplo_dag_group.py
[2024-07-28T02:34:21.124+0000] {processor.py:753} INFO - DAG(s) dict_keys(['exemplo_dag_group']) retrieved from /opt/airflow/dags/exemplo_dag_group.py
[2024-07-28T02:34:21.139+0000] {logging_mixin.py:137} INFO - [2024-07-28T02:34:21.139+0000] {dag.py:2690} INFO - Sync 1 DAGs
[2024-07-28T02:34:21.157+0000] {logging_mixin.py:137} INFO - [2024-07-28T02:34:21.157+0000] {dag.py:3441} INFO - Setting next_dagrun for exemplo_dag_group to None, run_after=None
[2024-07-28T02:34:21.169+0000] {processor.py:175} INFO - Processing /opt/airflow/dags/exemplo_dag_group.py took 0.058 seconds
[2024-07-28T02:34:26.571+0000] {processor.py:153} INFO - Started process (PID=295) to work on /opt/airflow/dags/exemplo_dag_group.py
[2024-07-28T02:34:26.572+0000] {processor.py:743} INFO - Processing file /opt/airflow/dags/exemplo_dag_group.py for tasks to queue
[2024-07-28T02:34:26.572+0000] {logging_mixin.py:137} INFO - [2024-07-28T02:34:26.572+0000] {dagbag.py:538} INFO - Filling up the DagBag from /opt/airflow/dags/exemplo_dag_group.py
[2024-07-28T02:34:26.582+0000] {processor.py:753} INFO - DAG(s) dict_keys(['exemplo_dag_group']) retrieved from /opt/airflow/dags/exemplo_dag_group.py
[2024-07-28T02:34:26.608+0000] {logging_mixin.py:137} INFO - [2024-07-28T02:34:26.608+0000] {dag.py:2690} INFO - Sync 1 DAGs
[2024-07-28T02:34:26.628+0000] {logging_mixin.py:137} INFO - [2024-07-28T02:34:26.627+0000] {dag.py:3441} INFO - Setting next_dagrun for exemplo_dag_group to None, run_after=None
[2024-07-28T02:34:26.642+0000] {processor.py:175} INFO - Processing /opt/airflow/dags/exemplo_dag_group.py took 0.072 seconds
[2024-07-28T02:34:31.720+0000] {processor.py:153} INFO - Started process (PID=320) to work on /opt/airflow/dags/exemplo_dag_group.py
[2024-07-28T02:34:31.720+0000] {processor.py:743} INFO - Processing file /opt/airflow/dags/exemplo_dag_group.py for tasks to queue
[2024-07-28T02:34:31.721+0000] {logging_mixin.py:137} INFO - [2024-07-28T02:34:31.721+0000] {dagbag.py:538} INFO - Filling up the DagBag from /opt/airflow/dags/exemplo_dag_group.py
[2024-07-28T02:34:31.741+0000] {processor.py:753} INFO - DAG(s) dict_keys(['exemplo_dag_group']) retrieved from /opt/airflow/dags/exemplo_dag_group.py
[2024-07-28T02:34:31.757+0000] {logging_mixin.py:137} INFO - [2024-07-28T02:34:31.757+0000] {dag.py:2690} INFO - Sync 1 DAGs
[2024-07-28T02:34:31.772+0000] {logging_mixin.py:137} INFO - [2024-07-28T02:34:31.772+0000] {dag.py:3441} INFO - Setting next_dagrun for exemplo_dag_group to None, run_after=None
[2024-07-28T02:34:31.786+0000] {processor.py:175} INFO - Processing /opt/airflow/dags/exemplo_dag_group.py took 0.068 seconds
[2024-07-28T02:34:36.893+0000] {processor.py:153} INFO - Started process (PID=345) to work on /opt/airflow/dags/exemplo_dag_group.py
[2024-07-28T02:34:36.894+0000] {processor.py:743} INFO - Processing file /opt/airflow/dags/exemplo_dag_group.py for tasks to queue
[2024-07-28T02:34:36.894+0000] {logging_mixin.py:137} INFO - [2024-07-28T02:34:36.894+0000] {dagbag.py:538} INFO - Filling up the DagBag from /opt/airflow/dags/exemplo_dag_group.py
[2024-07-28T02:34:36.904+0000] {processor.py:753} INFO - DAG(s) dict_keys(['exemplo_dag_group']) retrieved from /opt/airflow/dags/exemplo_dag_group.py
[2024-07-28T02:34:36.924+0000] {logging_mixin.py:137} INFO - [2024-07-28T02:34:36.924+0000] {dag.py:2690} INFO - Sync 1 DAGs
[2024-07-28T02:34:36.937+0000] {logging_mixin.py:137} INFO - [2024-07-28T02:34:36.937+0000] {dag.py:3441} INFO - Setting next_dagrun for exemplo_dag_group to None, run_after=None
[2024-07-28T02:34:36.953+0000] {processor.py:175} INFO - Processing /opt/airflow/dags/exemplo_dag_group.py took 0.061 seconds
[2024-07-28T02:34:42.957+0000] {processor.py:153} INFO - Started process (PID=385) to work on /opt/airflow/dags/exemplo_dag_group.py
[2024-07-28T02:34:42.958+0000] {processor.py:743} INFO - Processing file /opt/airflow/dags/exemplo_dag_group.py for tasks to queue
[2024-07-28T02:34:42.958+0000] {logging_mixin.py:137} INFO - [2024-07-28T02:34:42.958+0000] {dagbag.py:538} INFO - Filling up the DagBag from /opt/airflow/dags/exemplo_dag_group.py
[2024-07-28T02:34:42.968+0000] {processor.py:753} INFO - DAG(s) dict_keys(['exemplo_dag_group']) retrieved from /opt/airflow/dags/exemplo_dag_group.py
[2024-07-28T02:34:42.989+0000] {logging_mixin.py:137} INFO - [2024-07-28T02:34:42.989+0000] {dag.py:2690} INFO - Sync 1 DAGs
[2024-07-28T02:34:43.003+0000] {logging_mixin.py:137} INFO - [2024-07-28T02:34:43.003+0000] {dag.py:3441} INFO - Setting next_dagrun for exemplo_dag_group to None, run_after=None
[2024-07-28T02:34:43.018+0000] {processor.py:175} INFO - Processing /opt/airflow/dags/exemplo_dag_group.py took 0.062 seconds
[2024-07-28T02:34:49.220+0000] {processor.py:153} INFO - Started process (PID=426) to work on /opt/airflow/dags/exemplo_dag_group.py
[2024-07-28T02:34:49.220+0000] {processor.py:743} INFO - Processing file /opt/airflow/dags/exemplo_dag_group.py for tasks to queue
[2024-07-28T02:34:49.221+0000] {logging_mixin.py:137} INFO - [2024-07-28T02:34:49.221+0000] {dagbag.py:538} INFO - Filling up the DagBag from /opt/airflow/dags/exemplo_dag_group.py
[2024-07-28T02:34:49.230+0000] {processor.py:753} INFO - DAG(s) dict_keys(['exemplo_dag_group']) retrieved from /opt/airflow/dags/exemplo_dag_group.py
[2024-07-28T02:34:49.247+0000] {logging_mixin.py:137} INFO - [2024-07-28T02:34:49.247+0000] {dag.py:2690} INFO - Sync 1 DAGs
[2024-07-28T02:34:49.262+0000] {logging_mixin.py:137} INFO - [2024-07-28T02:34:49.262+0000] {dag.py:3441} INFO - Setting next_dagrun for exemplo_dag_group to None, run_after=None
[2024-07-28T02:34:49.279+0000] {processor.py:175} INFO - Processing /opt/airflow/dags/exemplo_dag_group.py took 0.061 seconds
[2024-07-28T02:34:54.611+0000] {processor.py:153} INFO - Started process (PID=451) to work on /opt/airflow/dags/exemplo_dag_group.py
[2024-07-28T02:34:54.611+0000] {processor.py:743} INFO - Processing file /opt/airflow/dags/exemplo_dag_group.py for tasks to queue
[2024-07-28T02:34:54.612+0000] {logging_mixin.py:137} INFO - [2024-07-28T02:34:54.612+0000] {dagbag.py:538} INFO - Filling up the DagBag from /opt/airflow/dags/exemplo_dag_group.py
[2024-07-28T02:34:54.623+0000] {processor.py:753} INFO - DAG(s) dict_keys(['exemplo_dag_group']) retrieved from /opt/airflow/dags/exemplo_dag_group.py
[2024-07-28T02:34:54.648+0000] {logging_mixin.py:137} INFO - [2024-07-28T02:34:54.648+0000] {dag.py:2690} INFO - Sync 1 DAGs
[2024-07-28T02:34:54.662+0000] {logging_mixin.py:137} INFO - [2024-07-28T02:34:54.662+0000] {dag.py:3441} INFO - Setting next_dagrun for exemplo_dag_group to None, run_after=None
[2024-07-28T02:34:54.677+0000] {processor.py:175} INFO - Processing /opt/airflow/dags/exemplo_dag_group.py took 0.069 seconds
[2024-07-28T02:35:00.815+0000] {processor.py:153} INFO - Started process (PID=492) to work on /opt/airflow/dags/exemplo_dag_group.py
[2024-07-28T02:35:00.818+0000] {processor.py:743} INFO - Processing file /opt/airflow/dags/exemplo_dag_group.py for tasks to queue
[2024-07-28T02:35:00.820+0000] {logging_mixin.py:137} INFO - [2024-07-28T02:35:00.820+0000] {dagbag.py:538} INFO - Filling up the DagBag from /opt/airflow/dags/exemplo_dag_group.py
[2024-07-28T02:35:00.837+0000] {processor.py:753} INFO - DAG(s) dict_keys(['exemplo_dag_group']) retrieved from /opt/airflow/dags/exemplo_dag_group.py
[2024-07-28T02:35:00.855+0000] {logging_mixin.py:137} INFO - [2024-07-28T02:35:00.855+0000] {dag.py:2690} INFO - Sync 1 DAGs
[2024-07-28T02:35:00.870+0000] {logging_mixin.py:137} INFO - [2024-07-28T02:35:00.870+0000] {dag.py:3441} INFO - Setting next_dagrun for exemplo_dag_group to None, run_after=None
[2024-07-28T02:35:00.885+0000] {processor.py:175} INFO - Processing /opt/airflow/dags/exemplo_dag_group.py took 0.072 seconds
[2024-07-28T02:35:06.219+0000] {processor.py:153} INFO - Started process (PID=517) to work on /opt/airflow/dags/exemplo_dag_group.py
[2024-07-28T02:35:06.221+0000] {processor.py:743} INFO - Processing file /opt/airflow/dags/exemplo_dag_group.py for tasks to queue
[2024-07-28T02:35:06.223+0000] {logging_mixin.py:137} INFO - [2024-07-28T02:35:06.223+0000] {dagbag.py:538} INFO - Filling up the DagBag from /opt/airflow/dags/exemplo_dag_group.py
[2024-07-28T02:35:06.239+0000] {processor.py:753} INFO - DAG(s) dict_keys(['exemplo_dag_group']) retrieved from /opt/airflow/dags/exemplo_dag_group.py
[2024-07-28T02:35:06.263+0000] {logging_mixin.py:137} INFO - [2024-07-28T02:35:06.263+0000] {dag.py:2690} INFO - Sync 1 DAGs
[2024-07-28T02:35:06.278+0000] {logging_mixin.py:137} INFO - [2024-07-28T02:35:06.278+0000] {dag.py:3441} INFO - Setting next_dagrun for exemplo_dag_group to None, run_after=None
[2024-07-28T02:35:06.290+0000] {processor.py:175} INFO - Processing /opt/airflow/dags/exemplo_dag_group.py took 0.074 seconds
[2024-07-28T02:35:12.568+0000] {processor.py:153} INFO - Started process (PID=558) to work on /opt/airflow/dags/exemplo_dag_group.py
[2024-07-28T02:35:12.569+0000] {processor.py:743} INFO - Processing file /opt/airflow/dags/exemplo_dag_group.py for tasks to queue
[2024-07-28T02:35:12.570+0000] {logging_mixin.py:137} INFO - [2024-07-28T02:35:12.570+0000] {dagbag.py:538} INFO - Filling up the DagBag from /opt/airflow/dags/exemplo_dag_group.py
[2024-07-28T02:35:12.580+0000] {processor.py:753} INFO - DAG(s) dict_keys(['exemplo_dag_group']) retrieved from /opt/airflow/dags/exemplo_dag_group.py
[2024-07-28T02:35:12.595+0000] {logging_mixin.py:137} INFO - [2024-07-28T02:35:12.595+0000] {dag.py:2690} INFO - Sync 1 DAGs
[2024-07-28T02:35:12.610+0000] {logging_mixin.py:137} INFO - [2024-07-28T02:35:12.610+0000] {dag.py:3441} INFO - Setting next_dagrun for exemplo_dag_group to None, run_after=None
[2024-07-28T02:35:12.625+0000] {processor.py:175} INFO - Processing /opt/airflow/dags/exemplo_dag_group.py took 0.058 seconds
[2024-07-28T02:35:18.600+0000] {processor.py:153} INFO - Started process (PID=583) to work on /opt/airflow/dags/exemplo_dag_group.py
[2024-07-28T02:35:18.600+0000] {processor.py:743} INFO - Processing file /opt/airflow/dags/exemplo_dag_group.py for tasks to queue
[2024-07-28T02:35:18.602+0000] {logging_mixin.py:137} INFO - [2024-07-28T02:35:18.602+0000] {dagbag.py:538} INFO - Filling up the DagBag from /opt/airflow/dags/exemplo_dag_group.py
[2024-07-28T02:35:18.613+0000] {processor.py:753} INFO - DAG(s) dict_keys(['exemplo_dag_group']) retrieved from /opt/airflow/dags/exemplo_dag_group.py
[2024-07-28T02:35:18.626+0000] {logging_mixin.py:137} INFO - [2024-07-28T02:35:18.626+0000] {dag.py:2690} INFO - Sync 1 DAGs
[2024-07-28T02:35:18.641+0000] {logging_mixin.py:137} INFO - [2024-07-28T02:35:18.641+0000] {dag.py:3441} INFO - Setting next_dagrun for exemplo_dag_group to None, run_after=None
[2024-07-28T02:35:18.655+0000] {processor.py:175} INFO - Processing /opt/airflow/dags/exemplo_dag_group.py took 0.057 seconds
[2024-07-28T02:35:24.639+0000] {processor.py:153} INFO - Started process (PID=624) to work on /opt/airflow/dags/exemplo_dag_group.py
[2024-07-28T02:35:24.639+0000] {processor.py:743} INFO - Processing file /opt/airflow/dags/exemplo_dag_group.py for tasks to queue
[2024-07-28T02:35:24.640+0000] {logging_mixin.py:137} INFO - [2024-07-28T02:35:24.640+0000] {dagbag.py:538} INFO - Filling up the DagBag from /opt/airflow/dags/exemplo_dag_group.py
[2024-07-28T02:35:24.649+0000] {processor.py:753} INFO - DAG(s) dict_keys(['exemplo_dag_group']) retrieved from /opt/airflow/dags/exemplo_dag_group.py
[2024-07-28T02:35:24.671+0000] {logging_mixin.py:137} INFO - [2024-07-28T02:35:24.671+0000] {dag.py:2690} INFO - Sync 1 DAGs
[2024-07-28T02:35:24.692+0000] {logging_mixin.py:137} INFO - [2024-07-28T02:35:24.691+0000] {dag.py:3441} INFO - Setting next_dagrun for exemplo_dag_group to None, run_after=None
[2024-07-28T02:35:24.707+0000] {processor.py:175} INFO - Processing /opt/airflow/dags/exemplo_dag_group.py took 0.070 seconds
[2024-07-28T02:35:30.717+0000] {processor.py:153} INFO - Started process (PID=649) to work on /opt/airflow/dags/exemplo_dag_group.py
[2024-07-28T02:35:30.717+0000] {processor.py:743} INFO - Processing file /opt/airflow/dags/exemplo_dag_group.py for tasks to queue
[2024-07-28T02:35:30.718+0000] {logging_mixin.py:137} INFO - [2024-07-28T02:35:30.718+0000] {dagbag.py:538} INFO - Filling up the DagBag from /opt/airflow/dags/exemplo_dag_group.py
[2024-07-28T02:35:30.727+0000] {processor.py:753} INFO - DAG(s) dict_keys(['exemplo_dag_group']) retrieved from /opt/airflow/dags/exemplo_dag_group.py
[2024-07-28T02:35:30.745+0000] {logging_mixin.py:137} INFO - [2024-07-28T02:35:30.745+0000] {dag.py:2690} INFO - Sync 1 DAGs
[2024-07-28T02:35:30.760+0000] {logging_mixin.py:137} INFO - [2024-07-28T02:35:30.760+0000] {dag.py:3441} INFO - Setting next_dagrun for exemplo_dag_group to None, run_after=None
[2024-07-28T02:35:30.775+0000] {processor.py:175} INFO - Processing /opt/airflow/dags/exemplo_dag_group.py took 0.060 seconds
[2024-07-28T02:35:36.806+0000] {processor.py:153} INFO - Started process (PID=690) to work on /opt/airflow/dags/exemplo_dag_group.py
[2024-07-28T02:35:36.809+0000] {processor.py:743} INFO - Processing file /opt/airflow/dags/exemplo_dag_group.py for tasks to queue
[2024-07-28T02:35:36.810+0000] {logging_mixin.py:137} INFO - [2024-07-28T02:35:36.810+0000] {dagbag.py:538} INFO - Filling up the DagBag from /opt/airflow/dags/exemplo_dag_group.py
[2024-07-28T02:35:36.821+0000] {processor.py:753} INFO - DAG(s) dict_keys(['exemplo_dag_group']) retrieved from /opt/airflow/dags/exemplo_dag_group.py
[2024-07-28T02:35:36.840+0000] {logging_mixin.py:137} INFO - [2024-07-28T02:35:36.840+0000] {dag.py:2690} INFO - Sync 1 DAGs
[2024-07-28T02:35:36.855+0000] {logging_mixin.py:137} INFO - [2024-07-28T02:35:36.855+0000] {dag.py:3441} INFO - Setting next_dagrun for exemplo_dag_group to None, run_after=None
[2024-07-28T02:35:36.866+0000] {processor.py:175} INFO - Processing /opt/airflow/dags/exemplo_dag_group.py took 0.062 seconds
[2024-07-28T02:35:42.846+0000] {processor.py:153} INFO - Started process (PID=715) to work on /opt/airflow/dags/exemplo_dag_group.py
[2024-07-28T02:35:42.847+0000] {processor.py:743} INFO - Processing file /opt/airflow/dags/exemplo_dag_group.py for tasks to queue
[2024-07-28T02:35:42.848+0000] {logging_mixin.py:137} INFO - [2024-07-28T02:35:42.848+0000] {dagbag.py:538} INFO - Filling up the DagBag from /opt/airflow/dags/exemplo_dag_group.py
[2024-07-28T02:35:42.856+0000] {processor.py:753} INFO - DAG(s) dict_keys(['exemplo_dag_group']) retrieved from /opt/airflow/dags/exemplo_dag_group.py
[2024-07-28T02:35:42.876+0000] {logging_mixin.py:137} INFO - [2024-07-28T02:35:42.876+0000] {dag.py:2690} INFO - Sync 1 DAGs
[2024-07-28T02:35:42.890+0000] {logging_mixin.py:137} INFO - [2024-07-28T02:35:42.890+0000] {dag.py:3441} INFO - Setting next_dagrun for exemplo_dag_group to None, run_after=None
[2024-07-28T02:35:42.903+0000] {processor.py:175} INFO - Processing /opt/airflow/dags/exemplo_dag_group.py took 0.059 seconds
[2024-07-28T02:35:48.894+0000] {processor.py:153} INFO - Started process (PID=756) to work on /opt/airflow/dags/exemplo_dag_group.py
[2024-07-28T02:35:48.895+0000] {processor.py:743} INFO - Processing file /opt/airflow/dags/exemplo_dag_group.py for tasks to queue
[2024-07-28T02:35:48.896+0000] {logging_mixin.py:137} INFO - [2024-07-28T02:35:48.896+0000] {dagbag.py:538} INFO - Filling up the DagBag from /opt/airflow/dags/exemplo_dag_group.py
[2024-07-28T02:35:48.908+0000] {processor.py:753} INFO - DAG(s) dict_keys(['exemplo_dag_group']) retrieved from /opt/airflow/dags/exemplo_dag_group.py
[2024-07-28T02:35:48.921+0000] {logging_mixin.py:137} INFO - [2024-07-28T02:35:48.921+0000] {dag.py:2690} INFO - Sync 1 DAGs
[2024-07-28T02:35:48.933+0000] {logging_mixin.py:137} INFO - [2024-07-28T02:35:48.933+0000] {dag.py:3441} INFO - Setting next_dagrun for exemplo_dag_group to None, run_after=None
[2024-07-28T02:35:48.949+0000] {processor.py:175} INFO - Processing /opt/airflow/dags/exemplo_dag_group.py took 0.057 seconds
[2024-07-28T02:35:54.923+0000] {processor.py:153} INFO - Started process (PID=781) to work on /opt/airflow/dags/exemplo_dag_group.py
[2024-07-28T02:35:54.926+0000] {processor.py:743} INFO - Processing file /opt/airflow/dags/exemplo_dag_group.py for tasks to queue
[2024-07-28T02:35:54.927+0000] {logging_mixin.py:137} INFO - [2024-07-28T02:35:54.927+0000] {dagbag.py:538} INFO - Filling up the DagBag from /opt/airflow/dags/exemplo_dag_group.py
[2024-07-28T02:35:54.940+0000] {processor.py:753} INFO - DAG(s) dict_keys(['exemplo_dag_group']) retrieved from /opt/airflow/dags/exemplo_dag_group.py
[2024-07-28T02:35:54.954+0000] {logging_mixin.py:137} INFO - [2024-07-28T02:35:54.954+0000] {dag.py:2690} INFO - Sync 1 DAGs
[2024-07-28T02:35:54.967+0000] {logging_mixin.py:137} INFO - [2024-07-28T02:35:54.967+0000] {dag.py:3441} INFO - Setting next_dagrun for exemplo_dag_group to None, run_after=None
[2024-07-28T02:35:55.000+0000] {processor.py:175} INFO - Processing /opt/airflow/dags/exemplo_dag_group.py took 0.079 seconds
[2024-07-28T02:36:01.067+0000] {processor.py:153} INFO - Started process (PID=822) to work on /opt/airflow/dags/exemplo_dag_group.py
[2024-07-28T02:36:01.067+0000] {processor.py:743} INFO - Processing file /opt/airflow/dags/exemplo_dag_group.py for tasks to queue
[2024-07-28T02:36:01.068+0000] {logging_mixin.py:137} INFO - [2024-07-28T02:36:01.068+0000] {dagbag.py:538} INFO - Filling up the DagBag from /opt/airflow/dags/exemplo_dag_group.py
[2024-07-28T02:36:01.076+0000] {processor.py:753} INFO - DAG(s) dict_keys(['exemplo_dag_group']) retrieved from /opt/airflow/dags/exemplo_dag_group.py
[2024-07-28T02:36:01.094+0000] {logging_mixin.py:137} INFO - [2024-07-28T02:36:01.094+0000] {dag.py:2690} INFO - Sync 1 DAGs
[2024-07-28T02:36:01.108+0000] {logging_mixin.py:137} INFO - [2024-07-28T02:36:01.108+0000] {dag.py:3441} INFO - Setting next_dagrun for exemplo_dag_group to None, run_after=None
[2024-07-28T02:36:01.122+0000] {processor.py:175} INFO - Processing /opt/airflow/dags/exemplo_dag_group.py took 0.057 seconds
[2024-07-28T02:36:07.088+0000] {processor.py:153} INFO - Started process (PID=847) to work on /opt/airflow/dags/exemplo_dag_group.py
[2024-07-28T02:36:07.089+0000] {processor.py:743} INFO - Processing file /opt/airflow/dags/exemplo_dag_group.py for tasks to queue
[2024-07-28T02:36:07.089+0000] {logging_mixin.py:137} INFO - [2024-07-28T02:36:07.089+0000] {dagbag.py:538} INFO - Filling up the DagBag from /opt/airflow/dags/exemplo_dag_group.py
[2024-07-28T02:36:07.097+0000] {processor.py:753} INFO - DAG(s) dict_keys(['exemplo_dag_group']) retrieved from /opt/airflow/dags/exemplo_dag_group.py
[2024-07-28T02:36:07.110+0000] {logging_mixin.py:137} INFO - [2024-07-28T02:36:07.110+0000] {dag.py:2690} INFO - Sync 1 DAGs
[2024-07-28T02:36:07.123+0000] {logging_mixin.py:137} INFO - [2024-07-28T02:36:07.122+0000] {dag.py:3441} INFO - Setting next_dagrun for exemplo_dag_group to None, run_after=None
[2024-07-28T02:36:07.132+0000] {processor.py:175} INFO - Processing /opt/airflow/dags/exemplo_dag_group.py took 0.046 seconds
[2024-07-28T02:36:13.156+0000] {processor.py:153} INFO - Started process (PID=888) to work on /opt/airflow/dags/exemplo_dag_group.py
[2024-07-28T02:36:13.156+0000] {processor.py:743} INFO - Processing file /opt/airflow/dags/exemplo_dag_group.py for tasks to queue
[2024-07-28T02:36:13.157+0000] {logging_mixin.py:137} INFO - [2024-07-28T02:36:13.157+0000] {dagbag.py:538} INFO - Filling up the DagBag from /opt/airflow/dags/exemplo_dag_group.py
[2024-07-28T02:36:13.166+0000] {processor.py:753} INFO - DAG(s) dict_keys(['exemplo_dag_group']) retrieved from /opt/airflow/dags/exemplo_dag_group.py
[2024-07-28T02:36:13.183+0000] {logging_mixin.py:137} INFO - [2024-07-28T02:36:13.183+0000] {dag.py:2690} INFO - Sync 1 DAGs
[2024-07-28T02:36:13.200+0000] {logging_mixin.py:137} INFO - [2024-07-28T02:36:13.200+0000] {dag.py:3441} INFO - Setting next_dagrun for exemplo_dag_group to None, run_after=None
[2024-07-28T02:36:13.215+0000] {processor.py:175} INFO - Processing /opt/airflow/dags/exemplo_dag_group.py took 0.062 seconds
[2024-07-28T02:36:19.178+0000] {processor.py:153} INFO - Started process (PID=922) to work on /opt/airflow/dags/exemplo_dag_group.py
[2024-07-28T02:36:19.179+0000] {processor.py:743} INFO - Processing file /opt/airflow/dags/exemplo_dag_group.py for tasks to queue
[2024-07-28T02:36:19.180+0000] {logging_mixin.py:137} INFO - [2024-07-28T02:36:19.180+0000] {dagbag.py:538} INFO - Filling up the DagBag from /opt/airflow/dags/exemplo_dag_group.py
[2024-07-28T02:36:19.193+0000] {processor.py:753} INFO - DAG(s) dict_keys(['exemplo_dag_group']) retrieved from /opt/airflow/dags/exemplo_dag_group.py
[2024-07-28T02:36:19.207+0000] {logging_mixin.py:137} INFO - [2024-07-28T02:36:19.207+0000] {dag.py:2690} INFO - Sync 1 DAGs
[2024-07-28T02:36:19.219+0000] {logging_mixin.py:137} INFO - [2024-07-28T02:36:19.219+0000] {dag.py:3441} INFO - Setting next_dagrun for exemplo_dag_group to None, run_after=None
[2024-07-28T02:36:19.239+0000] {processor.py:175} INFO - Processing /opt/airflow/dags/exemplo_dag_group.py took 0.063 seconds
[2024-07-28T02:36:25.330+0000] {processor.py:153} INFO - Started process (PID=954) to work on /opt/airflow/dags/exemplo_dag_group.py
[2024-07-28T02:36:25.331+0000] {processor.py:743} INFO - Processing file /opt/airflow/dags/exemplo_dag_group.py for tasks to queue
[2024-07-28T02:36:25.332+0000] {logging_mixin.py:137} INFO - [2024-07-28T02:36:25.332+0000] {dagbag.py:538} INFO - Filling up the DagBag from /opt/airflow/dags/exemplo_dag_group.py
[2024-07-28T02:36:25.343+0000] {processor.py:753} INFO - DAG(s) dict_keys(['exemplo_dag_group']) retrieved from /opt/airflow/dags/exemplo_dag_group.py
[2024-07-28T02:36:25.363+0000] {logging_mixin.py:137} INFO - [2024-07-28T02:36:25.363+0000] {dag.py:2690} INFO - Sync 1 DAGs
[2024-07-28T02:36:25.376+0000] {logging_mixin.py:137} INFO - [2024-07-28T02:36:25.376+0000] {dag.py:3441} INFO - Setting next_dagrun for exemplo_dag_group to None, run_after=None
[2024-07-28T02:36:25.385+0000] {processor.py:175} INFO - Processing /opt/airflow/dags/exemplo_dag_group.py took 0.057 seconds
[2024-07-28T02:36:31.449+0000] {processor.py:153} INFO - Started process (PID=995) to work on /opt/airflow/dags/exemplo_dag_group.py
[2024-07-28T02:36:31.450+0000] {processor.py:743} INFO - Processing file /opt/airflow/dags/exemplo_dag_group.py for tasks to queue
[2024-07-28T02:36:31.450+0000] {logging_mixin.py:137} INFO - [2024-07-28T02:36:31.450+0000] {dagbag.py:538} INFO - Filling up the DagBag from /opt/airflow/dags/exemplo_dag_group.py
[2024-07-28T02:36:31.461+0000] {processor.py:753} INFO - DAG(s) dict_keys(['exemplo_dag_group']) retrieved from /opt/airflow/dags/exemplo_dag_group.py
[2024-07-28T02:36:31.478+0000] {logging_mixin.py:137} INFO - [2024-07-28T02:36:31.478+0000] {dag.py:2690} INFO - Sync 1 DAGs
[2024-07-28T02:36:31.495+0000] {logging_mixin.py:137} INFO - [2024-07-28T02:36:31.495+0000] {dag.py:3441} INFO - Setting next_dagrun for exemplo_dag_group to None, run_after=None
[2024-07-28T02:36:31.509+0000] {processor.py:175} INFO - Processing /opt/airflow/dags/exemplo_dag_group.py took 0.062 seconds
[2024-07-28T02:36:37.473+0000] {processor.py:153} INFO - Started process (PID=1020) to work on /opt/airflow/dags/exemplo_dag_group.py
[2024-07-28T02:36:37.473+0000] {processor.py:743} INFO - Processing file /opt/airflow/dags/exemplo_dag_group.py for tasks to queue
[2024-07-28T02:36:37.474+0000] {logging_mixin.py:137} INFO - [2024-07-28T02:36:37.474+0000] {dagbag.py:538} INFO - Filling up the DagBag from /opt/airflow/dags/exemplo_dag_group.py
[2024-07-28T02:36:37.483+0000] {processor.py:753} INFO - DAG(s) dict_keys(['exemplo_dag_group']) retrieved from /opt/airflow/dags/exemplo_dag_group.py
[2024-07-28T02:36:37.496+0000] {logging_mixin.py:137} INFO - [2024-07-28T02:36:37.496+0000] {dag.py:2690} INFO - Sync 1 DAGs
[2024-07-28T02:36:37.510+0000] {logging_mixin.py:137} INFO - [2024-07-28T02:36:37.510+0000] {dag.py:3441} INFO - Setting next_dagrun for exemplo_dag_group to None, run_after=None
[2024-07-28T02:36:37.522+0000] {processor.py:175} INFO - Processing /opt/airflow/dags/exemplo_dag_group.py took 0.052 seconds
[2024-07-28T02:36:43.543+0000] {processor.py:153} INFO - Started process (PID=1061) to work on /opt/airflow/dags/exemplo_dag_group.py
[2024-07-28T02:36:43.543+0000] {processor.py:743} INFO - Processing file /opt/airflow/dags/exemplo_dag_group.py for tasks to queue
[2024-07-28T02:36:43.543+0000] {logging_mixin.py:137} INFO - [2024-07-28T02:36:43.543+0000] {dagbag.py:538} INFO - Filling up the DagBag from /opt/airflow/dags/exemplo_dag_group.py
[2024-07-28T02:36:43.552+0000] {processor.py:753} INFO - DAG(s) dict_keys(['exemplo_dag_group']) retrieved from /opt/airflow/dags/exemplo_dag_group.py
[2024-07-28T02:36:43.564+0000] {logging_mixin.py:137} INFO - [2024-07-28T02:36:43.564+0000] {dag.py:2690} INFO - Sync 1 DAGs
[2024-07-28T02:36:43.575+0000] {logging_mixin.py:137} INFO - [2024-07-28T02:36:43.575+0000] {dag.py:3441} INFO - Setting next_dagrun for exemplo_dag_group to None, run_after=None
[2024-07-28T02:36:43.582+0000] {processor.py:175} INFO - Processing /opt/airflow/dags/exemplo_dag_group.py took 0.041 seconds
[2024-07-28T02:36:49.635+0000] {processor.py:153} INFO - Started process (PID=1086) to work on /opt/airflow/dags/exemplo_dag_group.py
[2024-07-28T02:36:49.636+0000] {processor.py:743} INFO - Processing file /opt/airflow/dags/exemplo_dag_group.py for tasks to queue
[2024-07-28T02:36:49.636+0000] {logging_mixin.py:137} INFO - [2024-07-28T02:36:49.636+0000] {dagbag.py:538} INFO - Filling up the DagBag from /opt/airflow/dags/exemplo_dag_group.py
[2024-07-28T02:36:49.647+0000] {processor.py:753} INFO - DAG(s) dict_keys(['exemplo_dag_group']) retrieved from /opt/airflow/dags/exemplo_dag_group.py
[2024-07-28T02:36:49.667+0000] {logging_mixin.py:137} INFO - [2024-07-28T02:36:49.667+0000] {dag.py:2690} INFO - Sync 1 DAGs
[2024-07-28T02:36:49.681+0000] {logging_mixin.py:137} INFO - [2024-07-28T02:36:49.681+0000] {dag.py:3441} INFO - Setting next_dagrun for exemplo_dag_group to None, run_after=None
[2024-07-28T02:36:49.695+0000] {processor.py:175} INFO - Processing /opt/airflow/dags/exemplo_dag_group.py took 0.062 seconds
[2024-07-28T02:36:55.643+0000] {processor.py:153} INFO - Started process (PID=1127) to work on /opt/airflow/dags/exemplo_dag_group.py
[2024-07-28T02:36:55.643+0000] {processor.py:743} INFO - Processing file /opt/airflow/dags/exemplo_dag_group.py for tasks to queue
[2024-07-28T02:36:55.644+0000] {logging_mixin.py:137} INFO - [2024-07-28T02:36:55.644+0000] {dagbag.py:538} INFO - Filling up the DagBag from /opt/airflow/dags/exemplo_dag_group.py
[2024-07-28T02:36:55.658+0000] {processor.py:753} INFO - DAG(s) dict_keys(['exemplo_dag_group']) retrieved from /opt/airflow/dags/exemplo_dag_group.py
[2024-07-28T02:36:55.675+0000] {logging_mixin.py:137} INFO - [2024-07-28T02:36:55.675+0000] {dag.py:2690} INFO - Sync 1 DAGs
[2024-07-28T02:36:55.690+0000] {logging_mixin.py:137} INFO - [2024-07-28T02:36:55.690+0000] {dag.py:3441} INFO - Setting next_dagrun for exemplo_dag_group to None, run_after=None
[2024-07-28T02:36:55.705+0000] {processor.py:175} INFO - Processing /opt/airflow/dags/exemplo_dag_group.py took 0.065 seconds
[2024-07-28T02:37:01.767+0000] {processor.py:153} INFO - Started process (PID=1152) to work on /opt/airflow/dags/exemplo_dag_group.py
[2024-07-28T02:37:01.768+0000] {processor.py:743} INFO - Processing file /opt/airflow/dags/exemplo_dag_group.py for tasks to queue
[2024-07-28T02:37:01.769+0000] {logging_mixin.py:137} INFO - [2024-07-28T02:37:01.768+0000] {dagbag.py:538} INFO - Filling up the DagBag from /opt/airflow/dags/exemplo_dag_group.py
[2024-07-28T02:37:01.779+0000] {processor.py:753} INFO - DAG(s) dict_keys(['exemplo_dag_group']) retrieved from /opt/airflow/dags/exemplo_dag_group.py
[2024-07-28T02:37:01.794+0000] {logging_mixin.py:137} INFO - [2024-07-28T02:37:01.793+0000] {dag.py:2690} INFO - Sync 1 DAGs
[2024-07-28T02:37:01.810+0000] {logging_mixin.py:137} INFO - [2024-07-28T02:37:01.810+0000] {dag.py:3441} INFO - Setting next_dagrun for exemplo_dag_group to None, run_after=None
[2024-07-28T02:37:01.822+0000] {processor.py:175} INFO - Processing /opt/airflow/dags/exemplo_dag_group.py took 0.057 seconds
[2024-07-28T02:37:07.975+0000] {processor.py:153} INFO - Started process (PID=1193) to work on /opt/airflow/dags/exemplo_dag_group.py
[2024-07-28T02:37:07.975+0000] {processor.py:743} INFO - Processing file /opt/airflow/dags/exemplo_dag_group.py for tasks to queue
[2024-07-28T02:37:07.976+0000] {logging_mixin.py:137} INFO - [2024-07-28T02:37:07.976+0000] {dagbag.py:538} INFO - Filling up the DagBag from /opt/airflow/dags/exemplo_dag_group.py
[2024-07-28T02:37:07.984+0000] {processor.py:753} INFO - DAG(s) dict_keys(['exemplo_dag_group']) retrieved from /opt/airflow/dags/exemplo_dag_group.py
[2024-07-28T02:37:07.999+0000] {logging_mixin.py:137} INFO - [2024-07-28T02:37:07.999+0000] {dag.py:2690} INFO - Sync 1 DAGs
[2024-07-28T02:37:08.012+0000] {logging_mixin.py:137} INFO - [2024-07-28T02:37:08.012+0000] {dag.py:3441} INFO - Setting next_dagrun for exemplo_dag_group to None, run_after=None
[2024-07-28T02:37:08.022+0000] {processor.py:175} INFO - Processing /opt/airflow/dags/exemplo_dag_group.py took 0.049 seconds
[2024-07-28T02:37:13.141+0000] {processor.py:153} INFO - Started process (PID=1218) to work on /opt/airflow/dags/exemplo_dag_group.py
[2024-07-28T02:37:13.142+0000] {processor.py:743} INFO - Processing file /opt/airflow/dags/exemplo_dag_group.py for tasks to queue
[2024-07-28T02:37:13.143+0000] {logging_mixin.py:137} INFO - [2024-07-28T02:37:13.142+0000] {dagbag.py:538} INFO - Filling up the DagBag from /opt/airflow/dags/exemplo_dag_group.py
[2024-07-28T02:37:13.151+0000] {processor.py:753} INFO - DAG(s) dict_keys(['exemplo_dag_group']) retrieved from /opt/airflow/dags/exemplo_dag_group.py
[2024-07-28T02:37:13.168+0000] {logging_mixin.py:137} INFO - [2024-07-28T02:37:13.168+0000] {dag.py:2690} INFO - Sync 1 DAGs
[2024-07-28T02:37:13.181+0000] {logging_mixin.py:137} INFO - [2024-07-28T02:37:13.181+0000] {dag.py:3441} INFO - Setting next_dagrun for exemplo_dag_group to None, run_after=None
[2024-07-28T02:37:13.194+0000] {processor.py:175} INFO - Processing /opt/airflow/dags/exemplo_dag_group.py took 0.054 seconds
[2024-07-28T02:37:19.074+0000] {processor.py:153} INFO - Started process (PID=1259) to work on /opt/airflow/dags/exemplo_dag_group.py
[2024-07-28T02:37:19.075+0000] {processor.py:743} INFO - Processing file /opt/airflow/dags/exemplo_dag_group.py for tasks to queue
[2024-07-28T02:37:19.076+0000] {logging_mixin.py:137} INFO - [2024-07-28T02:37:19.076+0000] {dagbag.py:538} INFO - Filling up the DagBag from /opt/airflow/dags/exemplo_dag_group.py
[2024-07-28T02:37:19.087+0000] {processor.py:753} INFO - DAG(s) dict_keys(['exemplo_dag_group']) retrieved from /opt/airflow/dags/exemplo_dag_group.py
[2024-07-28T02:37:19.101+0000] {logging_mixin.py:137} INFO - [2024-07-28T02:37:19.100+0000] {dag.py:2690} INFO - Sync 1 DAGs
[2024-07-28T02:37:19.116+0000] {logging_mixin.py:137} INFO - [2024-07-28T02:37:19.115+0000] {dag.py:3441} INFO - Setting next_dagrun for exemplo_dag_group to None, run_after=None
[2024-07-28T02:37:19.126+0000] {processor.py:175} INFO - Processing /opt/airflow/dags/exemplo_dag_group.py took 0.054 seconds
[2024-07-28T02:37:25.049+0000] {processor.py:153} INFO - Started process (PID=1284) to work on /opt/airflow/dags/exemplo_dag_group.py
[2024-07-28T02:37:25.050+0000] {processor.py:743} INFO - Processing file /opt/airflow/dags/exemplo_dag_group.py for tasks to queue
[2024-07-28T02:37:25.051+0000] {logging_mixin.py:137} INFO - [2024-07-28T02:37:25.051+0000] {dagbag.py:538} INFO - Filling up the DagBag from /opt/airflow/dags/exemplo_dag_group.py
[2024-07-28T02:37:25.060+0000] {processor.py:753} INFO - DAG(s) dict_keys(['exemplo_dag_group']) retrieved from /opt/airflow/dags/exemplo_dag_group.py
[2024-07-28T02:37:25.076+0000] {logging_mixin.py:137} INFO - [2024-07-28T02:37:25.076+0000] {dag.py:2690} INFO - Sync 1 DAGs
[2024-07-28T02:37:25.089+0000] {logging_mixin.py:137} INFO - [2024-07-28T02:37:25.089+0000] {dag.py:3441} INFO - Setting next_dagrun for exemplo_dag_group to None, run_after=None
[2024-07-28T02:37:25.103+0000] {processor.py:175} INFO - Processing /opt/airflow/dags/exemplo_dag_group.py took 0.056 seconds
[2024-07-28T02:37:31.076+0000] {processor.py:153} INFO - Started process (PID=1325) to work on /opt/airflow/dags/exemplo_dag_group.py
[2024-07-28T02:37:31.077+0000] {processor.py:743} INFO - Processing file /opt/airflow/dags/exemplo_dag_group.py for tasks to queue
[2024-07-28T02:37:31.077+0000] {logging_mixin.py:137} INFO - [2024-07-28T02:37:31.077+0000] {dagbag.py:538} INFO - Filling up the DagBag from /opt/airflow/dags/exemplo_dag_group.py
[2024-07-28T02:37:31.086+0000] {processor.py:753} INFO - DAG(s) dict_keys(['exemplo_dag_group']) retrieved from /opt/airflow/dags/exemplo_dag_group.py
[2024-07-28T02:37:31.102+0000] {logging_mixin.py:137} INFO - [2024-07-28T02:37:31.102+0000] {dag.py:2690} INFO - Sync 1 DAGs
[2024-07-28T02:37:31.115+0000] {logging_mixin.py:137} INFO - [2024-07-28T02:37:31.115+0000] {dag.py:3441} INFO - Setting next_dagrun for exemplo_dag_group to None, run_after=None
[2024-07-28T02:37:31.128+0000] {processor.py:175} INFO - Processing /opt/airflow/dags/exemplo_dag_group.py took 0.054 seconds
[2024-07-28T02:37:37.061+0000] {processor.py:153} INFO - Started process (PID=1350) to work on /opt/airflow/dags/exemplo_dag_group.py
[2024-07-28T02:37:37.064+0000] {processor.py:743} INFO - Processing file /opt/airflow/dags/exemplo_dag_group.py for tasks to queue
[2024-07-28T02:37:37.064+0000] {logging_mixin.py:137} INFO - [2024-07-28T02:37:37.064+0000] {dagbag.py:538} INFO - Filling up the DagBag from /opt/airflow/dags/exemplo_dag_group.py
[2024-07-28T02:37:37.073+0000] {processor.py:753} INFO - DAG(s) dict_keys(['exemplo_dag_group']) retrieved from /opt/airflow/dags/exemplo_dag_group.py
[2024-07-28T02:37:37.086+0000] {logging_mixin.py:137} INFO - [2024-07-28T02:37:37.086+0000] {dag.py:2690} INFO - Sync 1 DAGs
[2024-07-28T02:37:37.099+0000] {logging_mixin.py:137} INFO - [2024-07-28T02:37:37.099+0000] {dag.py:3441} INFO - Setting next_dagrun for exemplo_dag_group to None, run_after=None
[2024-07-28T02:37:37.110+0000] {processor.py:175} INFO - Processing /opt/airflow/dags/exemplo_dag_group.py took 0.051 seconds
[2024-07-28T02:37:43.029+0000] {processor.py:153} INFO - Started process (PID=1391) to work on /opt/airflow/dags/exemplo_dag_group.py
[2024-07-28T02:37:43.029+0000] {processor.py:743} INFO - Processing file /opt/airflow/dags/exemplo_dag_group.py for tasks to queue
[2024-07-28T02:37:43.030+0000] {logging_mixin.py:137} INFO - [2024-07-28T02:37:43.030+0000] {dagbag.py:538} INFO - Filling up the DagBag from /opt/airflow/dags/exemplo_dag_group.py
[2024-07-28T02:37:43.038+0000] {processor.py:753} INFO - DAG(s) dict_keys(['exemplo_dag_group']) retrieved from /opt/airflow/dags/exemplo_dag_group.py
[2024-07-28T02:37:43.051+0000] {logging_mixin.py:137} INFO - [2024-07-28T02:37:43.051+0000] {dag.py:2690} INFO - Sync 1 DAGs
[2024-07-28T02:37:43.063+0000] {logging_mixin.py:137} INFO - [2024-07-28T02:37:43.063+0000] {dag.py:3441} INFO - Setting next_dagrun for exemplo_dag_group to None, run_after=None
[2024-07-28T02:37:43.074+0000] {processor.py:175} INFO - Processing /opt/airflow/dags/exemplo_dag_group.py took 0.048 seconds
[2024-07-28T02:37:48.963+0000] {processor.py:153} INFO - Started process (PID=1425) to work on /opt/airflow/dags/exemplo_dag_group.py
[2024-07-28T02:37:48.964+0000] {processor.py:743} INFO - Processing file /opt/airflow/dags/exemplo_dag_group.py for tasks to queue
[2024-07-28T02:37:48.965+0000] {logging_mixin.py:137} INFO - [2024-07-28T02:37:48.965+0000] {dagbag.py:538} INFO - Filling up the DagBag from /opt/airflow/dags/exemplo_dag_group.py
[2024-07-28T02:37:48.976+0000] {processor.py:753} INFO - DAG(s) dict_keys(['exemplo_dag_group']) retrieved from /opt/airflow/dags/exemplo_dag_group.py
[2024-07-28T02:37:48.995+0000] {logging_mixin.py:137} INFO - [2024-07-28T02:37:48.995+0000] {dag.py:2690} INFO - Sync 1 DAGs
[2024-07-28T02:37:49.008+0000] {logging_mixin.py:137} INFO - [2024-07-28T02:37:49.008+0000] {dag.py:3441} INFO - Setting next_dagrun for exemplo_dag_group to None, run_after=None
[2024-07-28T02:37:49.019+0000] {processor.py:175} INFO - Processing /opt/airflow/dags/exemplo_dag_group.py took 0.058 seconds
[2024-07-28T02:37:54.969+0000] {processor.py:153} INFO - Started process (PID=1457) to work on /opt/airflow/dags/exemplo_dag_group.py
[2024-07-28T02:37:54.970+0000] {processor.py:743} INFO - Processing file /opt/airflow/dags/exemplo_dag_group.py for tasks to queue
[2024-07-28T02:37:54.970+0000] {logging_mixin.py:137} INFO - [2024-07-28T02:37:54.970+0000] {dagbag.py:538} INFO - Filling up the DagBag from /opt/airflow/dags/exemplo_dag_group.py
[2024-07-28T02:37:54.981+0000] {processor.py:753} INFO - DAG(s) dict_keys(['exemplo_dag_group']) retrieved from /opt/airflow/dags/exemplo_dag_group.py
[2024-07-28T02:37:54.997+0000] {logging_mixin.py:137} INFO - [2024-07-28T02:37:54.997+0000] {dag.py:2690} INFO - Sync 1 DAGs
[2024-07-28T02:37:55.009+0000] {logging_mixin.py:137} INFO - [2024-07-28T02:37:55.009+0000] {dag.py:3441} INFO - Setting next_dagrun for exemplo_dag_group to None, run_after=None
[2024-07-28T02:37:55.021+0000] {processor.py:175} INFO - Processing /opt/airflow/dags/exemplo_dag_group.py took 0.054 seconds
[2024-07-28T02:38:01.261+0000] {processor.py:153} INFO - Started process (PID=1498) to work on /opt/airflow/dags/exemplo_dag_group.py
[2024-07-28T02:38:01.262+0000] {processor.py:743} INFO - Processing file /opt/airflow/dags/exemplo_dag_group.py for tasks to queue
[2024-07-28T02:38:01.264+0000] {logging_mixin.py:137} INFO - [2024-07-28T02:38:01.264+0000] {dagbag.py:538} INFO - Filling up the DagBag from /opt/airflow/dags/exemplo_dag_group.py
[2024-07-28T02:38:01.275+0000] {processor.py:753} INFO - DAG(s) dict_keys(['exemplo_dag_group']) retrieved from /opt/airflow/dags/exemplo_dag_group.py
[2024-07-28T02:38:01.297+0000] {logging_mixin.py:137} INFO - [2024-07-28T02:38:01.297+0000] {dag.py:2690} INFO - Sync 1 DAGs
[2024-07-28T02:38:01.313+0000] {logging_mixin.py:137} INFO - [2024-07-28T02:38:01.313+0000] {dag.py:3441} INFO - Setting next_dagrun for exemplo_dag_group to None, run_after=None
[2024-07-28T02:38:01.327+0000] {processor.py:175} INFO - Processing /opt/airflow/dags/exemplo_dag_group.py took 0.067 seconds
[2024-07-28T02:38:06.427+0000] {processor.py:153} INFO - Started process (PID=1523) to work on /opt/airflow/dags/exemplo_dag_group.py
[2024-07-28T02:38:06.428+0000] {processor.py:743} INFO - Processing file /opt/airflow/dags/exemplo_dag_group.py for tasks to queue
[2024-07-28T02:38:06.428+0000] {logging_mixin.py:137} INFO - [2024-07-28T02:38:06.428+0000] {dagbag.py:538} INFO - Filling up the DagBag from /opt/airflow/dags/exemplo_dag_group.py
[2024-07-28T02:38:06.438+0000] {processor.py:753} INFO - DAG(s) dict_keys(['exemplo_dag_group']) retrieved from /opt/airflow/dags/exemplo_dag_group.py
[2024-07-28T02:38:06.451+0000] {logging_mixin.py:137} INFO - [2024-07-28T02:38:06.451+0000] {dag.py:2690} INFO - Sync 1 DAGs
[2024-07-28T02:38:06.464+0000] {logging_mixin.py:137} INFO - [2024-07-28T02:38:06.464+0000] {dag.py:3441} INFO - Setting next_dagrun for exemplo_dag_group to None, run_after=None
[2024-07-28T02:38:06.477+0000] {processor.py:175} INFO - Processing /opt/airflow/dags/exemplo_dag_group.py took 0.051 seconds
[2024-07-28T02:38:12.567+0000] {processor.py:153} INFO - Started process (PID=1564) to work on /opt/airflow/dags/exemplo_dag_group.py
[2024-07-28T02:38:12.568+0000] {processor.py:743} INFO - Processing file /opt/airflow/dags/exemplo_dag_group.py for tasks to queue
[2024-07-28T02:38:12.568+0000] {logging_mixin.py:137} INFO - [2024-07-28T02:38:12.568+0000] {dagbag.py:538} INFO - Filling up the DagBag from /opt/airflow/dags/exemplo_dag_group.py
[2024-07-28T02:38:12.581+0000] {processor.py:753} INFO - DAG(s) dict_keys(['exemplo_dag_group']) retrieved from /opt/airflow/dags/exemplo_dag_group.py
[2024-07-28T02:38:12.597+0000] {logging_mixin.py:137} INFO - [2024-07-28T02:38:12.597+0000] {dag.py:2690} INFO - Sync 1 DAGs
[2024-07-28T02:38:12.614+0000] {logging_mixin.py:137} INFO - [2024-07-28T02:38:12.614+0000] {dag.py:3441} INFO - Setting next_dagrun for exemplo_dag_group to None, run_after=None
[2024-07-28T02:38:12.632+0000] {processor.py:175} INFO - Processing /opt/airflow/dags/exemplo_dag_group.py took 0.067 seconds
[2024-07-28T02:38:18.564+0000] {processor.py:153} INFO - Started process (PID=1589) to work on /opt/airflow/dags/exemplo_dag_group.py
[2024-07-28T02:38:18.565+0000] {processor.py:743} INFO - Processing file /opt/airflow/dags/exemplo_dag_group.py for tasks to queue
[2024-07-28T02:38:18.565+0000] {logging_mixin.py:137} INFO - [2024-07-28T02:38:18.565+0000] {dagbag.py:538} INFO - Filling up the DagBag from /opt/airflow/dags/exemplo_dag_group.py
[2024-07-28T02:38:18.574+0000] {processor.py:753} INFO - DAG(s) dict_keys(['exemplo_dag_group']) retrieved from /opt/airflow/dags/exemplo_dag_group.py
[2024-07-28T02:38:18.593+0000] {logging_mixin.py:137} INFO - [2024-07-28T02:38:18.592+0000] {dag.py:2690} INFO - Sync 1 DAGs
[2024-07-28T02:38:18.605+0000] {logging_mixin.py:137} INFO - [2024-07-28T02:38:18.605+0000] {dag.py:3441} INFO - Setting next_dagrun for exemplo_dag_group to None, run_after=None
[2024-07-28T02:38:18.616+0000] {processor.py:175} INFO - Processing /opt/airflow/dags/exemplo_dag_group.py took 0.054 seconds
[2024-07-28T02:38:24.600+0000] {processor.py:153} INFO - Started process (PID=1630) to work on /opt/airflow/dags/exemplo_dag_group.py
[2024-07-28T02:38:24.601+0000] {processor.py:743} INFO - Processing file /opt/airflow/dags/exemplo_dag_group.py for tasks to queue
[2024-07-28T02:38:24.601+0000] {logging_mixin.py:137} INFO - [2024-07-28T02:38:24.601+0000] {dagbag.py:538} INFO - Filling up the DagBag from /opt/airflow/dags/exemplo_dag_group.py
[2024-07-28T02:38:24.613+0000] {processor.py:753} INFO - DAG(s) dict_keys(['exemplo_dag_group']) retrieved from /opt/airflow/dags/exemplo_dag_group.py
[2024-07-28T02:38:24.628+0000] {logging_mixin.py:137} INFO - [2024-07-28T02:38:24.627+0000] {dag.py:2690} INFO - Sync 1 DAGs
[2024-07-28T02:38:24.641+0000] {logging_mixin.py:137} INFO - [2024-07-28T02:38:24.641+0000] {dag.py:3441} INFO - Setting next_dagrun for exemplo_dag_group to None, run_after=None
[2024-07-28T02:38:24.652+0000] {processor.py:175} INFO - Processing /opt/airflow/dags/exemplo_dag_group.py took 0.054 seconds
[2024-07-28T02:38:30.731+0000] {processor.py:153} INFO - Started process (PID=1655) to work on /opt/airflow/dags/exemplo_dag_group.py
[2024-07-28T02:38:30.732+0000] {processor.py:743} INFO - Processing file /opt/airflow/dags/exemplo_dag_group.py for tasks to queue
[2024-07-28T02:38:30.733+0000] {logging_mixin.py:137} INFO - [2024-07-28T02:38:30.733+0000] {dagbag.py:538} INFO - Filling up the DagBag from /opt/airflow/dags/exemplo_dag_group.py
[2024-07-28T02:38:30.742+0000] {processor.py:753} INFO - DAG(s) dict_keys(['exemplo_dag_group']) retrieved from /opt/airflow/dags/exemplo_dag_group.py
[2024-07-28T02:38:30.758+0000] {logging_mixin.py:137} INFO - [2024-07-28T02:38:30.758+0000] {dag.py:2690} INFO - Sync 1 DAGs
[2024-07-28T02:38:30.770+0000] {logging_mixin.py:137} INFO - [2024-07-28T02:38:30.770+0000] {dag.py:3441} INFO - Setting next_dagrun for exemplo_dag_group to None, run_after=None
[2024-07-28T02:38:30.785+0000] {processor.py:175} INFO - Processing /opt/airflow/dags/exemplo_dag_group.py took 0.056 seconds
[2024-07-28T02:38:36.752+0000] {processor.py:153} INFO - Started process (PID=1696) to work on /opt/airflow/dags/exemplo_dag_group.py
[2024-07-28T02:38:36.756+0000] {processor.py:743} INFO - Processing file /opt/airflow/dags/exemplo_dag_group.py for tasks to queue
[2024-07-28T02:38:36.757+0000] {logging_mixin.py:137} INFO - [2024-07-28T02:38:36.757+0000] {dagbag.py:538} INFO - Filling up the DagBag from /opt/airflow/dags/exemplo_dag_group.py
[2024-07-28T02:38:36.766+0000] {processor.py:753} INFO - DAG(s) dict_keys(['exemplo_dag_group']) retrieved from /opt/airflow/dags/exemplo_dag_group.py
[2024-07-28T02:38:36.782+0000] {logging_mixin.py:137} INFO - [2024-07-28T02:38:36.782+0000] {dag.py:2690} INFO - Sync 1 DAGs
[2024-07-28T02:38:36.797+0000] {logging_mixin.py:137} INFO - [2024-07-28T02:38:36.797+0000] {dag.py:3441} INFO - Setting next_dagrun for exemplo_dag_group to None, run_after=None
[2024-07-28T02:38:36.809+0000] {processor.py:175} INFO - Processing /opt/airflow/dags/exemplo_dag_group.py took 0.060 seconds
[2024-07-28T02:38:42.939+0000] {processor.py:153} INFO - Started process (PID=1721) to work on /opt/airflow/dags/exemplo_dag_group.py
[2024-07-28T02:38:42.939+0000] {processor.py:743} INFO - Processing file /opt/airflow/dags/exemplo_dag_group.py for tasks to queue
[2024-07-28T02:38:42.940+0000] {logging_mixin.py:137} INFO - [2024-07-28T02:38:42.940+0000] {dagbag.py:538} INFO - Filling up the DagBag from /opt/airflow/dags/exemplo_dag_group.py
[2024-07-28T02:38:42.952+0000] {processor.py:753} INFO - DAG(s) dict_keys(['exemplo_dag_group']) retrieved from /opt/airflow/dags/exemplo_dag_group.py
[2024-07-28T02:38:42.967+0000] {logging_mixin.py:137} INFO - [2024-07-28T02:38:42.967+0000] {dag.py:2690} INFO - Sync 1 DAGs
[2024-07-28T02:38:42.983+0000] {logging_mixin.py:137} INFO - [2024-07-28T02:38:42.983+0000] {dag.py:3441} INFO - Setting next_dagrun for exemplo_dag_group to None, run_after=None
[2024-07-28T02:38:42.995+0000] {processor.py:175} INFO - Processing /opt/airflow/dags/exemplo_dag_group.py took 0.058 seconds
[2024-07-28T02:38:48.066+0000] {processor.py:153} INFO - Started process (PID=1762) to work on /opt/airflow/dags/exemplo_dag_group.py
[2024-07-28T02:38:48.067+0000] {processor.py:743} INFO - Processing file /opt/airflow/dags/exemplo_dag_group.py for tasks to queue
[2024-07-28T02:38:48.068+0000] {logging_mixin.py:137} INFO - [2024-07-28T02:38:48.068+0000] {dagbag.py:538} INFO - Filling up the DagBag from /opt/airflow/dags/exemplo_dag_group.py
[2024-07-28T02:38:48.079+0000] {processor.py:753} INFO - DAG(s) dict_keys(['exemplo_dag_group']) retrieved from /opt/airflow/dags/exemplo_dag_group.py
[2024-07-28T02:38:48.093+0000] {logging_mixin.py:137} INFO - [2024-07-28T02:38:48.093+0000] {dag.py:2690} INFO - Sync 1 DAGs
[2024-07-28T02:38:48.105+0000] {logging_mixin.py:137} INFO - [2024-07-28T02:38:48.105+0000] {dag.py:3441} INFO - Setting next_dagrun for exemplo_dag_group to None, run_after=None
[2024-07-28T02:38:48.119+0000] {processor.py:175} INFO - Processing /opt/airflow/dags/exemplo_dag_group.py took 0.056 seconds
[2024-07-28T02:38:54.083+0000] {processor.py:153} INFO - Started process (PID=1787) to work on /opt/airflow/dags/exemplo_dag_group.py
[2024-07-28T02:38:54.085+0000] {processor.py:743} INFO - Processing file /opt/airflow/dags/exemplo_dag_group.py for tasks to queue
[2024-07-28T02:38:54.086+0000] {logging_mixin.py:137} INFO - [2024-07-28T02:38:54.086+0000] {dagbag.py:538} INFO - Filling up the DagBag from /opt/airflow/dags/exemplo_dag_group.py
[2024-07-28T02:38:54.100+0000] {processor.py:753} INFO - DAG(s) dict_keys(['exemplo_dag_group']) retrieved from /opt/airflow/dags/exemplo_dag_group.py
[2024-07-28T02:38:54.117+0000] {logging_mixin.py:137} INFO - [2024-07-28T02:38:54.117+0000] {dag.py:2690} INFO - Sync 1 DAGs
[2024-07-28T02:38:54.130+0000] {logging_mixin.py:137} INFO - [2024-07-28T02:38:54.130+0000] {dag.py:3441} INFO - Setting next_dagrun for exemplo_dag_group to None, run_after=None
[2024-07-28T02:38:54.141+0000] {processor.py:175} INFO - Processing /opt/airflow/dags/exemplo_dag_group.py took 0.060 seconds
[2024-07-28T02:39:00.027+0000] {processor.py:153} INFO - Started process (PID=1828) to work on /opt/airflow/dags/exemplo_dag_group.py
[2024-07-28T02:39:00.028+0000] {processor.py:743} INFO - Processing file /opt/airflow/dags/exemplo_dag_group.py for tasks to queue
[2024-07-28T02:39:00.029+0000] {logging_mixin.py:137} INFO - [2024-07-28T02:39:00.029+0000] {dagbag.py:538} INFO - Filling up the DagBag from /opt/airflow/dags/exemplo_dag_group.py
[2024-07-28T02:39:00.038+0000] {processor.py:753} INFO - DAG(s) dict_keys(['exemplo_dag_group']) retrieved from /opt/airflow/dags/exemplo_dag_group.py
[2024-07-28T02:39:00.055+0000] {logging_mixin.py:137} INFO - [2024-07-28T02:39:00.055+0000] {dag.py:2690} INFO - Sync 1 DAGs
[2024-07-28T02:39:00.068+0000] {logging_mixin.py:137} INFO - [2024-07-28T02:39:00.068+0000] {dag.py:3441} INFO - Setting next_dagrun for exemplo_dag_group to None, run_after=None
[2024-07-28T02:39:00.079+0000] {processor.py:175} INFO - Processing /opt/airflow/dags/exemplo_dag_group.py took 0.055 seconds
[2024-07-28T02:39:06.158+0000] {processor.py:153} INFO - Started process (PID=1853) to work on /opt/airflow/dags/exemplo_dag_group.py
[2024-07-28T02:39:06.159+0000] {processor.py:743} INFO - Processing file /opt/airflow/dags/exemplo_dag_group.py for tasks to queue
[2024-07-28T02:39:06.159+0000] {logging_mixin.py:137} INFO - [2024-07-28T02:39:06.159+0000] {dagbag.py:538} INFO - Filling up the DagBag from /opt/airflow/dags/exemplo_dag_group.py
[2024-07-28T02:39:06.169+0000] {processor.py:753} INFO - DAG(s) dict_keys(['exemplo_dag_group']) retrieved from /opt/airflow/dags/exemplo_dag_group.py
[2024-07-28T02:39:06.184+0000] {logging_mixin.py:137} INFO - [2024-07-28T02:39:06.184+0000] {dag.py:2690} INFO - Sync 1 DAGs
[2024-07-28T02:39:06.199+0000] {logging_mixin.py:137} INFO - [2024-07-28T02:39:06.198+0000] {dag.py:3441} INFO - Setting next_dagrun for exemplo_dag_group to None, run_after=None
[2024-07-28T02:39:06.210+0000] {processor.py:175} INFO - Processing /opt/airflow/dags/exemplo_dag_group.py took 0.054 seconds
[2024-07-28T02:39:12.241+0000] {processor.py:153} INFO - Started process (PID=1894) to work on /opt/airflow/dags/exemplo_dag_group.py
[2024-07-28T02:39:12.241+0000] {processor.py:743} INFO - Processing file /opt/airflow/dags/exemplo_dag_group.py for tasks to queue
[2024-07-28T02:39:12.242+0000] {logging_mixin.py:137} INFO - [2024-07-28T02:39:12.242+0000] {dagbag.py:538} INFO - Filling up the DagBag from /opt/airflow/dags/exemplo_dag_group.py
[2024-07-28T02:39:12.251+0000] {processor.py:753} INFO - DAG(s) dict_keys(['exemplo_dag_group']) retrieved from /opt/airflow/dags/exemplo_dag_group.py
[2024-07-28T02:39:12.265+0000] {logging_mixin.py:137} INFO - [2024-07-28T02:39:12.265+0000] {dag.py:2690} INFO - Sync 1 DAGs
[2024-07-28T02:39:12.277+0000] {logging_mixin.py:137} INFO - [2024-07-28T02:39:12.277+0000] {dag.py:3441} INFO - Setting next_dagrun for exemplo_dag_group to None, run_after=None
[2024-07-28T02:39:12.293+0000] {processor.py:175} INFO - Processing /opt/airflow/dags/exemplo_dag_group.py took 0.054 seconds
[2024-07-28T02:39:18.262+0000] {processor.py:153} INFO - Started process (PID=1919) to work on /opt/airflow/dags/exemplo_dag_group.py
[2024-07-28T02:39:18.262+0000] {processor.py:743} INFO - Processing file /opt/airflow/dags/exemplo_dag_group.py for tasks to queue
[2024-07-28T02:39:18.263+0000] {logging_mixin.py:137} INFO - [2024-07-28T02:39:18.263+0000] {dagbag.py:538} INFO - Filling up the DagBag from /opt/airflow/dags/exemplo_dag_group.py
[2024-07-28T02:39:18.272+0000] {processor.py:753} INFO - DAG(s) dict_keys(['exemplo_dag_group']) retrieved from /opt/airflow/dags/exemplo_dag_group.py
[2024-07-28T02:39:18.288+0000] {logging_mixin.py:137} INFO - [2024-07-28T02:39:18.288+0000] {dag.py:2690} INFO - Sync 1 DAGs
[2024-07-28T02:39:18.301+0000] {logging_mixin.py:137} INFO - [2024-07-28T02:39:18.301+0000] {dag.py:3441} INFO - Setting next_dagrun for exemplo_dag_group to None, run_after=None
[2024-07-28T02:39:18.315+0000] {processor.py:175} INFO - Processing /opt/airflow/dags/exemplo_dag_group.py took 0.055 seconds
[2024-07-28T02:39:24.265+0000] {processor.py:153} INFO - Started process (PID=1960) to work on /opt/airflow/dags/exemplo_dag_group.py
[2024-07-28T02:39:24.267+0000] {processor.py:743} INFO - Processing file /opt/airflow/dags/exemplo_dag_group.py for tasks to queue
[2024-07-28T02:39:24.267+0000] {logging_mixin.py:137} INFO - [2024-07-28T02:39:24.267+0000] {dagbag.py:538} INFO - Filling up the DagBag from /opt/airflow/dags/exemplo_dag_group.py
[2024-07-28T02:39:24.276+0000] {processor.py:753} INFO - DAG(s) dict_keys(['exemplo_dag_group']) retrieved from /opt/airflow/dags/exemplo_dag_group.py
[2024-07-28T02:39:24.290+0000] {logging_mixin.py:137} INFO - [2024-07-28T02:39:24.289+0000] {dag.py:2690} INFO - Sync 1 DAGs
[2024-07-28T02:39:24.303+0000] {logging_mixin.py:137} INFO - [2024-07-28T02:39:24.303+0000] {dag.py:3441} INFO - Setting next_dagrun for exemplo_dag_group to None, run_after=None
[2024-07-28T02:39:24.314+0000] {processor.py:175} INFO - Processing /opt/airflow/dags/exemplo_dag_group.py took 0.052 seconds
[2024-07-28T02:39:30.236+0000] {processor.py:153} INFO - Started process (PID=1985) to work on /opt/airflow/dags/exemplo_dag_group.py
[2024-07-28T02:39:30.238+0000] {processor.py:743} INFO - Processing file /opt/airflow/dags/exemplo_dag_group.py for tasks to queue
[2024-07-28T02:39:30.239+0000] {logging_mixin.py:137} INFO - [2024-07-28T02:39:30.239+0000] {dagbag.py:538} INFO - Filling up the DagBag from /opt/airflow/dags/exemplo_dag_group.py
[2024-07-28T02:39:30.249+0000] {processor.py:753} INFO - DAG(s) dict_keys(['exemplo_dag_group']) retrieved from /opt/airflow/dags/exemplo_dag_group.py
[2024-07-28T02:39:30.262+0000] {logging_mixin.py:137} INFO - [2024-07-28T02:39:30.262+0000] {dag.py:2690} INFO - Sync 1 DAGs
[2024-07-28T02:39:30.275+0000] {logging_mixin.py:137} INFO - [2024-07-28T02:39:30.275+0000] {dag.py:3441} INFO - Setting next_dagrun for exemplo_dag_group to None, run_after=None
[2024-07-28T02:39:30.288+0000] {processor.py:175} INFO - Processing /opt/airflow/dags/exemplo_dag_group.py took 0.054 seconds
[2024-07-28T02:39:36.283+0000] {processor.py:153} INFO - Started process (PID=2026) to work on /opt/airflow/dags/exemplo_dag_group.py
[2024-07-28T02:39:36.284+0000] {processor.py:743} INFO - Processing file /opt/airflow/dags/exemplo_dag_group.py for tasks to queue
[2024-07-28T02:39:36.284+0000] {logging_mixin.py:137} INFO - [2024-07-28T02:39:36.284+0000] {dagbag.py:538} INFO - Filling up the DagBag from /opt/airflow/dags/exemplo_dag_group.py
[2024-07-28T02:39:36.293+0000] {processor.py:753} INFO - DAG(s) dict_keys(['exemplo_dag_group']) retrieved from /opt/airflow/dags/exemplo_dag_group.py
[2024-07-28T02:39:36.314+0000] {logging_mixin.py:137} INFO - [2024-07-28T02:39:36.314+0000] {dag.py:2690} INFO - Sync 1 DAGs
[2024-07-28T02:39:36.328+0000] {logging_mixin.py:137} INFO - [2024-07-28T02:39:36.328+0000] {dag.py:3441} INFO - Setting next_dagrun for exemplo_dag_group to None, run_after=None
[2024-07-28T02:39:36.343+0000] {processor.py:175} INFO - Processing /opt/airflow/dags/exemplo_dag_group.py took 0.062 seconds
[2024-07-28T02:39:42.334+0000] {processor.py:153} INFO - Started process (PID=2067) to work on /opt/airflow/dags/exemplo_dag_group.py
[2024-07-28T02:39:42.335+0000] {processor.py:743} INFO - Processing file /opt/airflow/dags/exemplo_dag_group.py for tasks to queue
[2024-07-28T02:39:42.338+0000] {logging_mixin.py:137} INFO - [2024-07-28T02:39:42.337+0000] {dagbag.py:538} INFO - Filling up the DagBag from /opt/airflow/dags/exemplo_dag_group.py
[2024-07-28T02:39:42.351+0000] {processor.py:753} INFO - DAG(s) dict_keys(['exemplo_dag_group']) retrieved from /opt/airflow/dags/exemplo_dag_group.py
[2024-07-28T02:39:42.369+0000] {logging_mixin.py:137} INFO - [2024-07-28T02:39:42.369+0000] {dag.py:2690} INFO - Sync 1 DAGs
[2024-07-28T02:39:42.385+0000] {logging_mixin.py:137} INFO - [2024-07-28T02:39:42.385+0000] {dag.py:3441} INFO - Setting next_dagrun for exemplo_dag_group to None, run_after=None
[2024-07-28T02:39:42.400+0000] {processor.py:175} INFO - Processing /opt/airflow/dags/exemplo_dag_group.py took 0.068 seconds
[2024-07-28T02:39:48.425+0000] {processor.py:153} INFO - Started process (PID=2092) to work on /opt/airflow/dags/exemplo_dag_group.py
[2024-07-28T02:39:48.427+0000] {processor.py:743} INFO - Processing file /opt/airflow/dags/exemplo_dag_group.py for tasks to queue
[2024-07-28T02:39:48.427+0000] {logging_mixin.py:137} INFO - [2024-07-28T02:39:48.427+0000] {dagbag.py:538} INFO - Filling up the DagBag from /opt/airflow/dags/exemplo_dag_group.py
[2024-07-28T02:39:48.439+0000] {processor.py:753} INFO - DAG(s) dict_keys(['exemplo_dag_group']) retrieved from /opt/airflow/dags/exemplo_dag_group.py
[2024-07-28T02:39:48.452+0000] {logging_mixin.py:137} INFO - [2024-07-28T02:39:48.452+0000] {dag.py:2690} INFO - Sync 1 DAGs
[2024-07-28T02:39:48.469+0000] {logging_mixin.py:137} INFO - [2024-07-28T02:39:48.469+0000] {dag.py:3441} INFO - Setting next_dagrun for exemplo_dag_group to None, run_after=None
[2024-07-28T02:39:48.489+0000] {processor.py:175} INFO - Processing /opt/airflow/dags/exemplo_dag_group.py took 0.066 seconds
[2024-07-28T02:39:54.671+0000] {processor.py:153} INFO - Started process (PID=2133) to work on /opt/airflow/dags/exemplo_dag_group.py
[2024-07-28T02:39:54.671+0000] {processor.py:743} INFO - Processing file /opt/airflow/dags/exemplo_dag_group.py for tasks to queue
[2024-07-28T02:39:54.673+0000] {logging_mixin.py:137} INFO - [2024-07-28T02:39:54.673+0000] {dagbag.py:538} INFO - Filling up the DagBag from /opt/airflow/dags/exemplo_dag_group.py
[2024-07-28T02:39:54.684+0000] {processor.py:753} INFO - DAG(s) dict_keys(['exemplo_dag_group']) retrieved from /opt/airflow/dags/exemplo_dag_group.py
[2024-07-28T02:39:54.698+0000] {logging_mixin.py:137} INFO - [2024-07-28T02:39:54.698+0000] {dag.py:2690} INFO - Sync 1 DAGs
[2024-07-28T02:39:54.715+0000] {logging_mixin.py:137} INFO - [2024-07-28T02:39:54.715+0000] {dag.py:3441} INFO - Setting next_dagrun for exemplo_dag_group to None, run_after=None
[2024-07-28T02:39:54.729+0000] {processor.py:175} INFO - Processing /opt/airflow/dags/exemplo_dag_group.py took 0.062 seconds
[2024-07-28T02:40:00.702+0000] {processor.py:153} INFO - Started process (PID=2158) to work on /opt/airflow/dags/exemplo_dag_group.py
[2024-07-28T02:40:00.703+0000] {processor.py:743} INFO - Processing file /opt/airflow/dags/exemplo_dag_group.py for tasks to queue
[2024-07-28T02:40:00.704+0000] {logging_mixin.py:137} INFO - [2024-07-28T02:40:00.704+0000] {dagbag.py:538} INFO - Filling up the DagBag from /opt/airflow/dags/exemplo_dag_group.py
[2024-07-28T02:40:00.712+0000] {processor.py:753} INFO - DAG(s) dict_keys(['exemplo_dag_group']) retrieved from /opt/airflow/dags/exemplo_dag_group.py
[2024-07-28T02:40:00.726+0000] {logging_mixin.py:137} INFO - [2024-07-28T02:40:00.725+0000] {dag.py:2690} INFO - Sync 1 DAGs
[2024-07-28T02:40:00.739+0000] {logging_mixin.py:137} INFO - [2024-07-28T02:40:00.739+0000] {dag.py:3441} INFO - Setting next_dagrun for exemplo_dag_group to None, run_after=None
[2024-07-28T02:40:00.751+0000] {processor.py:175} INFO - Processing /opt/airflow/dags/exemplo_dag_group.py took 0.052 seconds
[2024-07-28T02:40:06.909+0000] {processor.py:153} INFO - Started process (PID=2198) to work on /opt/airflow/dags/exemplo_dag_group.py
[2024-07-28T02:40:06.909+0000] {processor.py:743} INFO - Processing file /opt/airflow/dags/exemplo_dag_group.py for tasks to queue
[2024-07-28T02:40:06.910+0000] {logging_mixin.py:137} INFO - [2024-07-28T02:40:06.910+0000] {dagbag.py:538} INFO - Filling up the DagBag from /opt/airflow/dags/exemplo_dag_group.py
[2024-07-28T02:40:06.919+0000] {processor.py:753} INFO - DAG(s) dict_keys(['exemplo_dag_group']) retrieved from /opt/airflow/dags/exemplo_dag_group.py
[2024-07-28T02:40:06.933+0000] {logging_mixin.py:137} INFO - [2024-07-28T02:40:06.933+0000] {dag.py:2690} INFO - Sync 1 DAGs
[2024-07-28T02:40:06.947+0000] {logging_mixin.py:137} INFO - [2024-07-28T02:40:06.947+0000] {dag.py:3441} INFO - Setting next_dagrun for exemplo_dag_group to None, run_after=None
[2024-07-28T02:40:06.960+0000] {processor.py:175} INFO - Processing /opt/airflow/dags/exemplo_dag_group.py took 0.053 seconds
[2024-07-28T02:40:13.174+0000] {processor.py:153} INFO - Started process (PID=2223) to work on /opt/airflow/dags/exemplo_dag_group.py
[2024-07-28T02:40:13.178+0000] {processor.py:743} INFO - Processing file /opt/airflow/dags/exemplo_dag_group.py for tasks to queue
[2024-07-28T02:40:13.178+0000] {logging_mixin.py:137} INFO - [2024-07-28T02:40:13.178+0000] {dagbag.py:538} INFO - Filling up the DagBag from /opt/airflow/dags/exemplo_dag_group.py
[2024-07-28T02:40:13.188+0000] {processor.py:753} INFO - DAG(s) dict_keys(['exemplo_dag_group']) retrieved from /opt/airflow/dags/exemplo_dag_group.py
[2024-07-28T02:40:13.201+0000] {logging_mixin.py:137} INFO - [2024-07-28T02:40:13.201+0000] {dag.py:2690} INFO - Sync 1 DAGs
[2024-07-28T02:40:13.214+0000] {logging_mixin.py:137} INFO - [2024-07-28T02:40:13.214+0000] {dag.py:3441} INFO - Setting next_dagrun for exemplo_dag_group to None, run_after=None
[2024-07-28T02:40:13.230+0000] {processor.py:175} INFO - Processing /opt/airflow/dags/exemplo_dag_group.py took 0.058 seconds
[2024-07-28T02:40:19.216+0000] {processor.py:153} INFO - Started process (PID=2264) to work on /opt/airflow/dags/exemplo_dag_group.py
[2024-07-28T02:40:19.217+0000] {processor.py:743} INFO - Processing file /opt/airflow/dags/exemplo_dag_group.py for tasks to queue
[2024-07-28T02:40:19.218+0000] {logging_mixin.py:137} INFO - [2024-07-28T02:40:19.218+0000] {dagbag.py:538} INFO - Filling up the DagBag from /opt/airflow/dags/exemplo_dag_group.py
[2024-07-28T02:40:19.227+0000] {processor.py:753} INFO - DAG(s) dict_keys(['exemplo_dag_group']) retrieved from /opt/airflow/dags/exemplo_dag_group.py
[2024-07-28T02:40:19.244+0000] {logging_mixin.py:137} INFO - [2024-07-28T02:40:19.243+0000] {dag.py:2690} INFO - Sync 1 DAGs
[2024-07-28T02:40:19.258+0000] {logging_mixin.py:137} INFO - [2024-07-28T02:40:19.258+0000] {dag.py:3441} INFO - Setting next_dagrun for exemplo_dag_group to None, run_after=None
[2024-07-28T02:40:19.274+0000] {processor.py:175} INFO - Processing /opt/airflow/dags/exemplo_dag_group.py took 0.059 seconds
[2024-07-28T02:40:25.311+0000] {processor.py:153} INFO - Started process (PID=2289) to work on /opt/airflow/dags/exemplo_dag_group.py
[2024-07-28T02:40:25.313+0000] {processor.py:743} INFO - Processing file /opt/airflow/dags/exemplo_dag_group.py for tasks to queue
[2024-07-28T02:40:25.315+0000] {logging_mixin.py:137} INFO - [2024-07-28T02:40:25.315+0000] {dagbag.py:538} INFO - Filling up the DagBag from /opt/airflow/dags/exemplo_dag_group.py
[2024-07-28T02:40:25.329+0000] {processor.py:753} INFO - DAG(s) dict_keys(['exemplo_dag_group']) retrieved from /opt/airflow/dags/exemplo_dag_group.py
[2024-07-28T02:40:25.343+0000] {logging_mixin.py:137} INFO - [2024-07-28T02:40:25.343+0000] {dag.py:2690} INFO - Sync 1 DAGs
[2024-07-28T02:40:25.358+0000] {logging_mixin.py:137} INFO - [2024-07-28T02:40:25.357+0000] {dag.py:3441} INFO - Setting next_dagrun for exemplo_dag_group to None, run_after=None
[2024-07-28T02:40:25.369+0000] {processor.py:175} INFO - Processing /opt/airflow/dags/exemplo_dag_group.py took 0.061 seconds
[2024-07-28T02:40:31.402+0000] {processor.py:153} INFO - Started process (PID=2330) to work on /opt/airflow/dags/exemplo_dag_group.py
[2024-07-28T02:40:31.402+0000] {processor.py:743} INFO - Processing file /opt/airflow/dags/exemplo_dag_group.py for tasks to queue
[2024-07-28T02:40:31.403+0000] {logging_mixin.py:137} INFO - [2024-07-28T02:40:31.403+0000] {dagbag.py:538} INFO - Filling up the DagBag from /opt/airflow/dags/exemplo_dag_group.py
[2024-07-28T02:40:31.415+0000] {processor.py:753} INFO - DAG(s) dict_keys(['exemplo_dag_group']) retrieved from /opt/airflow/dags/exemplo_dag_group.py
[2024-07-28T02:40:31.429+0000] {logging_mixin.py:137} INFO - [2024-07-28T02:40:31.429+0000] {dag.py:2690} INFO - Sync 1 DAGs
[2024-07-28T02:40:31.443+0000] {logging_mixin.py:137} INFO - [2024-07-28T02:40:31.443+0000] {dag.py:3441} INFO - Setting next_dagrun for exemplo_dag_group to None, run_after=None
[2024-07-28T02:40:31.463+0000] {processor.py:175} INFO - Processing /opt/airflow/dags/exemplo_dag_group.py took 0.063 seconds
[2024-07-28T02:40:37.526+0000] {processor.py:153} INFO - Started process (PID=2355) to work on /opt/airflow/dags/exemplo_dag_group.py
[2024-07-28T02:40:37.527+0000] {processor.py:743} INFO - Processing file /opt/airflow/dags/exemplo_dag_group.py for tasks to queue
[2024-07-28T02:40:37.527+0000] {logging_mixin.py:137} INFO - [2024-07-28T02:40:37.527+0000] {dagbag.py:538} INFO - Filling up the DagBag from /opt/airflow/dags/exemplo_dag_group.py
[2024-07-28T02:40:37.537+0000] {processor.py:753} INFO - DAG(s) dict_keys(['exemplo_dag_group']) retrieved from /opt/airflow/dags/exemplo_dag_group.py
[2024-07-28T02:40:37.554+0000] {logging_mixin.py:137} INFO - [2024-07-28T02:40:37.554+0000] {dag.py:2690} INFO - Sync 1 DAGs
[2024-07-28T02:40:37.571+0000] {logging_mixin.py:137} INFO - [2024-07-28T02:40:37.570+0000] {dag.py:3441} INFO - Setting next_dagrun for exemplo_dag_group to None, run_after=None
[2024-07-28T02:40:37.588+0000] {processor.py:175} INFO - Processing /opt/airflow/dags/exemplo_dag_group.py took 0.064 seconds
[2024-07-28T02:40:43.574+0000] {processor.py:153} INFO - Started process (PID=2395) to work on /opt/airflow/dags/exemplo_dag_group.py
[2024-07-28T02:40:43.575+0000] {processor.py:743} INFO - Processing file /opt/airflow/dags/exemplo_dag_group.py for tasks to queue
[2024-07-28T02:40:43.576+0000] {logging_mixin.py:137} INFO - [2024-07-28T02:40:43.576+0000] {dagbag.py:538} INFO - Filling up the DagBag from /opt/airflow/dags/exemplo_dag_group.py
[2024-07-28T02:40:43.586+0000] {processor.py:753} INFO - DAG(s) dict_keys(['exemplo_dag_group']) retrieved from /opt/airflow/dags/exemplo_dag_group.py
[2024-07-28T02:40:43.602+0000] {logging_mixin.py:137} INFO - [2024-07-28T02:40:43.602+0000] {dag.py:2690} INFO - Sync 1 DAGs
[2024-07-28T02:40:43.616+0000] {logging_mixin.py:137} INFO - [2024-07-28T02:40:43.616+0000] {dag.py:3441} INFO - Setting next_dagrun for exemplo_dag_group to None, run_after=None
[2024-07-28T02:40:43.630+0000] {processor.py:175} INFO - Processing /opt/airflow/dags/exemplo_dag_group.py took 0.058 seconds
[2024-07-28T02:40:49.614+0000] {processor.py:153} INFO - Started process (PID=2420) to work on /opt/airflow/dags/exemplo_dag_group.py
[2024-07-28T02:40:49.615+0000] {processor.py:743} INFO - Processing file /opt/airflow/dags/exemplo_dag_group.py for tasks to queue
[2024-07-28T02:40:49.615+0000] {logging_mixin.py:137} INFO - [2024-07-28T02:40:49.615+0000] {dagbag.py:538} INFO - Filling up the DagBag from /opt/airflow/dags/exemplo_dag_group.py
[2024-07-28T02:40:49.625+0000] {processor.py:753} INFO - DAG(s) dict_keys(['exemplo_dag_group']) retrieved from /opt/airflow/dags/exemplo_dag_group.py
[2024-07-28T02:40:49.640+0000] {logging_mixin.py:137} INFO - [2024-07-28T02:40:49.640+0000] {dag.py:2690} INFO - Sync 1 DAGs
[2024-07-28T02:40:49.654+0000] {logging_mixin.py:137} INFO - [2024-07-28T02:40:49.654+0000] {dag.py:3441} INFO - Setting next_dagrun for exemplo_dag_group to None, run_after=None
[2024-07-28T02:40:49.668+0000] {processor.py:175} INFO - Processing /opt/airflow/dags/exemplo_dag_group.py took 0.056 seconds
[2024-07-28T02:40:55.681+0000] {processor.py:153} INFO - Started process (PID=2461) to work on /opt/airflow/dags/exemplo_dag_group.py
[2024-07-28T02:40:55.682+0000] {processor.py:743} INFO - Processing file /opt/airflow/dags/exemplo_dag_group.py for tasks to queue
[2024-07-28T02:40:55.683+0000] {logging_mixin.py:137} INFO - [2024-07-28T02:40:55.682+0000] {dagbag.py:538} INFO - Filling up the DagBag from /opt/airflow/dags/exemplo_dag_group.py
[2024-07-28T02:40:55.693+0000] {processor.py:753} INFO - DAG(s) dict_keys(['exemplo_dag_group']) retrieved from /opt/airflow/dags/exemplo_dag_group.py
[2024-07-28T02:40:55.709+0000] {logging_mixin.py:137} INFO - [2024-07-28T02:40:55.709+0000] {dag.py:2690} INFO - Sync 1 DAGs
[2024-07-28T02:40:55.722+0000] {logging_mixin.py:137} INFO - [2024-07-28T02:40:55.722+0000] {dag.py:3441} INFO - Setting next_dagrun for exemplo_dag_group to None, run_after=None
[2024-07-28T02:40:55.734+0000] {processor.py:175} INFO - Processing /opt/airflow/dags/exemplo_dag_group.py took 0.055 seconds
[2024-07-28T02:41:01.824+0000] {processor.py:153} INFO - Started process (PID=2502) to work on /opt/airflow/dags/exemplo_dag_group.py
[2024-07-28T02:41:01.825+0000] {processor.py:743} INFO - Processing file /opt/airflow/dags/exemplo_dag_group.py for tasks to queue
[2024-07-28T02:41:01.826+0000] {logging_mixin.py:137} INFO - [2024-07-28T02:41:01.826+0000] {dagbag.py:538} INFO - Filling up the DagBag from /opt/airflow/dags/exemplo_dag_group.py
[2024-07-28T02:41:01.846+0000] {processor.py:753} INFO - DAG(s) dict_keys(['exemplo_dag_group']) retrieved from /opt/airflow/dags/exemplo_dag_group.py
[2024-07-28T02:41:01.865+0000] {logging_mixin.py:137} INFO - [2024-07-28T02:41:01.864+0000] {dag.py:2690} INFO - Sync 1 DAGs
[2024-07-28T02:41:01.879+0000] {logging_mixin.py:137} INFO - [2024-07-28T02:41:01.879+0000] {dag.py:3441} INFO - Setting next_dagrun for exemplo_dag_group to None, run_after=None
[2024-07-28T02:41:01.893+0000] {processor.py:175} INFO - Processing /opt/airflow/dags/exemplo_dag_group.py took 0.071 seconds
[2024-07-28T02:41:07.037+0000] {processor.py:153} INFO - Started process (PID=2527) to work on /opt/airflow/dags/exemplo_dag_group.py
[2024-07-28T02:41:07.039+0000] {processor.py:743} INFO - Processing file /opt/airflow/dags/exemplo_dag_group.py for tasks to queue
[2024-07-28T02:41:07.040+0000] {logging_mixin.py:137} INFO - [2024-07-28T02:41:07.040+0000] {dagbag.py:538} INFO - Filling up the DagBag from /opt/airflow/dags/exemplo_dag_group.py
[2024-07-28T02:41:07.053+0000] {processor.py:753} INFO - DAG(s) dict_keys(['exemplo_dag_group']) retrieved from /opt/airflow/dags/exemplo_dag_group.py
[2024-07-28T02:41:07.070+0000] {logging_mixin.py:137} INFO - [2024-07-28T02:41:07.070+0000] {dag.py:2690} INFO - Sync 1 DAGs
[2024-07-28T02:41:07.084+0000] {logging_mixin.py:137} INFO - [2024-07-28T02:41:07.083+0000] {dag.py:3441} INFO - Setting next_dagrun for exemplo_dag_group to None, run_after=None
[2024-07-28T02:41:07.095+0000] {processor.py:175} INFO - Processing /opt/airflow/dags/exemplo_dag_group.py took 0.060 seconds
[2024-07-28T02:41:12.205+0000] {processor.py:153} INFO - Started process (PID=2552) to work on /opt/airflow/dags/exemplo_dag_group.py
[2024-07-28T02:41:12.206+0000] {processor.py:743} INFO - Processing file /opt/airflow/dags/exemplo_dag_group.py for tasks to queue
[2024-07-28T02:41:12.207+0000] {logging_mixin.py:137} INFO - [2024-07-28T02:41:12.207+0000] {dagbag.py:538} INFO - Filling up the DagBag from /opt/airflow/dags/exemplo_dag_group.py
[2024-07-28T02:41:12.217+0000] {processor.py:753} INFO - DAG(s) dict_keys(['exemplo_dag_group']) retrieved from /opt/airflow/dags/exemplo_dag_group.py
[2024-07-28T02:41:12.231+0000] {logging_mixin.py:137} INFO - [2024-07-28T02:41:12.231+0000] {dag.py:2690} INFO - Sync 1 DAGs
[2024-07-28T02:41:12.243+0000] {logging_mixin.py:137} INFO - [2024-07-28T02:41:12.243+0000] {dag.py:3441} INFO - Setting next_dagrun for exemplo_dag_group to None, run_after=None
[2024-07-28T02:41:12.255+0000] {processor.py:175} INFO - Processing /opt/airflow/dags/exemplo_dag_group.py took 0.051 seconds
[2024-07-28T02:41:18.207+0000] {processor.py:153} INFO - Started process (PID=2593) to work on /opt/airflow/dags/exemplo_dag_group.py
[2024-07-28T02:41:18.208+0000] {processor.py:743} INFO - Processing file /opt/airflow/dags/exemplo_dag_group.py for tasks to queue
[2024-07-28T02:41:18.208+0000] {logging_mixin.py:137} INFO - [2024-07-28T02:41:18.208+0000] {dagbag.py:538} INFO - Filling up the DagBag from /opt/airflow/dags/exemplo_dag_group.py
[2024-07-28T02:41:18.222+0000] {processor.py:753} INFO - DAG(s) dict_keys(['exemplo_dag_group']) retrieved from /opt/airflow/dags/exemplo_dag_group.py
[2024-07-28T02:41:18.240+0000] {logging_mixin.py:137} INFO - [2024-07-28T02:41:18.239+0000] {dag.py:2690} INFO - Sync 1 DAGs
[2024-07-28T02:41:18.258+0000] {logging_mixin.py:137} INFO - [2024-07-28T02:41:18.258+0000] {dag.py:3441} INFO - Setting next_dagrun for exemplo_dag_group to None, run_after=None
[2024-07-28T02:41:18.270+0000] {processor.py:175} INFO - Processing /opt/airflow/dags/exemplo_dag_group.py took 0.065 seconds
[2024-07-28T02:41:24.291+0000] {processor.py:153} INFO - Started process (PID=2634) to work on /opt/airflow/dags/exemplo_dag_group.py
[2024-07-28T02:41:24.291+0000] {processor.py:743} INFO - Processing file /opt/airflow/dags/exemplo_dag_group.py for tasks to queue
[2024-07-28T02:41:24.292+0000] {logging_mixin.py:137} INFO - [2024-07-28T02:41:24.292+0000] {dagbag.py:538} INFO - Filling up the DagBag from /opt/airflow/dags/exemplo_dag_group.py
[2024-07-28T02:41:24.301+0000] {processor.py:753} INFO - DAG(s) dict_keys(['exemplo_dag_group']) retrieved from /opt/airflow/dags/exemplo_dag_group.py
[2024-07-28T02:41:24.314+0000] {logging_mixin.py:137} INFO - [2024-07-28T02:41:24.314+0000] {dag.py:2690} INFO - Sync 1 DAGs
[2024-07-28T02:41:24.328+0000] {logging_mixin.py:137} INFO - [2024-07-28T02:41:24.328+0000] {dag.py:3441} INFO - Setting next_dagrun for exemplo_dag_group to None, run_after=None
[2024-07-28T02:41:24.342+0000] {processor.py:175} INFO - Processing /opt/airflow/dags/exemplo_dag_group.py took 0.054 seconds
[2024-07-28T02:41:30.391+0000] {processor.py:153} INFO - Started process (PID=2659) to work on /opt/airflow/dags/exemplo_dag_group.py
[2024-07-28T02:41:30.392+0000] {processor.py:743} INFO - Processing file /opt/airflow/dags/exemplo_dag_group.py for tasks to queue
[2024-07-28T02:41:30.393+0000] {logging_mixin.py:137} INFO - [2024-07-28T02:41:30.393+0000] {dagbag.py:538} INFO - Filling up the DagBag from /opt/airflow/dags/exemplo_dag_group.py
[2024-07-28T02:41:30.405+0000] {processor.py:753} INFO - DAG(s) dict_keys(['exemplo_dag_group']) retrieved from /opt/airflow/dags/exemplo_dag_group.py
[2024-07-28T02:41:30.423+0000] {logging_mixin.py:137} INFO - [2024-07-28T02:41:30.423+0000] {dag.py:2690} INFO - Sync 1 DAGs
[2024-07-28T02:41:30.440+0000] {logging_mixin.py:137} INFO - [2024-07-28T02:41:30.440+0000] {dag.py:3441} INFO - Setting next_dagrun for exemplo_dag_group to None, run_after=None
[2024-07-28T02:41:30.454+0000] {processor.py:175} INFO - Processing /opt/airflow/dags/exemplo_dag_group.py took 0.064 seconds
[2024-07-28T02:41:36.503+0000] {processor.py:153} INFO - Started process (PID=2700) to work on /opt/airflow/dags/exemplo_dag_group.py
[2024-07-28T02:41:36.503+0000] {processor.py:743} INFO - Processing file /opt/airflow/dags/exemplo_dag_group.py for tasks to queue
[2024-07-28T02:41:36.504+0000] {logging_mixin.py:137} INFO - [2024-07-28T02:41:36.504+0000] {dagbag.py:538} INFO - Filling up the DagBag from /opt/airflow/dags/exemplo_dag_group.py
[2024-07-28T02:41:36.516+0000] {processor.py:753} INFO - DAG(s) dict_keys(['exemplo_dag_group']) retrieved from /opt/airflow/dags/exemplo_dag_group.py
[2024-07-28T02:41:36.532+0000] {logging_mixin.py:137} INFO - [2024-07-28T02:41:36.532+0000] {dag.py:2690} INFO - Sync 1 DAGs
[2024-07-28T02:41:36.546+0000] {logging_mixin.py:137} INFO - [2024-07-28T02:41:36.546+0000] {dag.py:3441} INFO - Setting next_dagrun for exemplo_dag_group to None, run_after=None
[2024-07-28T02:41:36.561+0000] {processor.py:175} INFO - Processing /opt/airflow/dags/exemplo_dag_group.py took 0.061 seconds
[2024-07-28T02:41:42.528+0000] {processor.py:153} INFO - Started process (PID=2725) to work on /opt/airflow/dags/exemplo_dag_group.py
[2024-07-28T02:41:42.530+0000] {processor.py:743} INFO - Processing file /opt/airflow/dags/exemplo_dag_group.py for tasks to queue
[2024-07-28T02:41:42.531+0000] {logging_mixin.py:137} INFO - [2024-07-28T02:41:42.531+0000] {dagbag.py:538} INFO - Filling up the DagBag from /opt/airflow/dags/exemplo_dag_group.py
[2024-07-28T02:41:42.540+0000] {processor.py:753} INFO - DAG(s) dict_keys(['exemplo_dag_group']) retrieved from /opt/airflow/dags/exemplo_dag_group.py
[2024-07-28T02:41:42.555+0000] {logging_mixin.py:137} INFO - [2024-07-28T02:41:42.555+0000] {dag.py:2690} INFO - Sync 1 DAGs
[2024-07-28T02:41:42.568+0000] {logging_mixin.py:137} INFO - [2024-07-28T02:41:42.568+0000] {dag.py:3441} INFO - Setting next_dagrun for exemplo_dag_group to None, run_after=None
[2024-07-28T02:41:42.580+0000] {processor.py:175} INFO - Processing /opt/airflow/dags/exemplo_dag_group.py took 0.053 seconds
[2024-07-28T02:41:48.557+0000] {processor.py:153} INFO - Started process (PID=2766) to work on /opt/airflow/dags/exemplo_dag_group.py
[2024-07-28T02:41:48.561+0000] {processor.py:743} INFO - Processing file /opt/airflow/dags/exemplo_dag_group.py for tasks to queue
[2024-07-28T02:41:48.562+0000] {logging_mixin.py:137} INFO - [2024-07-28T02:41:48.562+0000] {dagbag.py:538} INFO - Filling up the DagBag from /opt/airflow/dags/exemplo_dag_group.py
[2024-07-28T02:41:48.571+0000] {processor.py:753} INFO - DAG(s) dict_keys(['exemplo_dag_group']) retrieved from /opt/airflow/dags/exemplo_dag_group.py
[2024-07-28T02:41:48.586+0000] {logging_mixin.py:137} INFO - [2024-07-28T02:41:48.586+0000] {dag.py:2690} INFO - Sync 1 DAGs
[2024-07-28T02:41:48.603+0000] {logging_mixin.py:137} INFO - [2024-07-28T02:41:48.603+0000] {dag.py:3441} INFO - Setting next_dagrun for exemplo_dag_group to None, run_after=None
[2024-07-28T02:41:48.619+0000] {processor.py:175} INFO - Processing /opt/airflow/dags/exemplo_dag_group.py took 0.064 seconds
[2024-07-28T02:41:54.636+0000] {processor.py:153} INFO - Started process (PID=2791) to work on /opt/airflow/dags/exemplo_dag_group.py
[2024-07-28T02:41:54.637+0000] {processor.py:743} INFO - Processing file /opt/airflow/dags/exemplo_dag_group.py for tasks to queue
[2024-07-28T02:41:54.638+0000] {logging_mixin.py:137} INFO - [2024-07-28T02:41:54.638+0000] {dagbag.py:538} INFO - Filling up the DagBag from /opt/airflow/dags/exemplo_dag_group.py
[2024-07-28T02:41:54.650+0000] {processor.py:753} INFO - DAG(s) dict_keys(['exemplo_dag_group']) retrieved from /opt/airflow/dags/exemplo_dag_group.py
[2024-07-28T02:41:54.667+0000] {logging_mixin.py:137} INFO - [2024-07-28T02:41:54.667+0000] {dag.py:2690} INFO - Sync 1 DAGs
[2024-07-28T02:41:54.683+0000] {logging_mixin.py:137} INFO - [2024-07-28T02:41:54.683+0000] {dag.py:3441} INFO - Setting next_dagrun for exemplo_dag_group to None, run_after=None
[2024-07-28T02:41:54.693+0000] {processor.py:175} INFO - Processing /opt/airflow/dags/exemplo_dag_group.py took 0.059 seconds
[2024-07-28T02:42:00.629+0000] {processor.py:153} INFO - Started process (PID=2832) to work on /opt/airflow/dags/exemplo_dag_group.py
[2024-07-28T02:42:00.629+0000] {processor.py:743} INFO - Processing file /opt/airflow/dags/exemplo_dag_group.py for tasks to queue
[2024-07-28T02:42:00.630+0000] {logging_mixin.py:137} INFO - [2024-07-28T02:42:00.630+0000] {dagbag.py:538} INFO - Filling up the DagBag from /opt/airflow/dags/exemplo_dag_group.py
[2024-07-28T02:42:00.639+0000] {processor.py:753} INFO - DAG(s) dict_keys(['exemplo_dag_group']) retrieved from /opt/airflow/dags/exemplo_dag_group.py
[2024-07-28T02:42:00.654+0000] {logging_mixin.py:137} INFO - [2024-07-28T02:42:00.654+0000] {dag.py:2690} INFO - Sync 1 DAGs
[2024-07-28T02:42:00.667+0000] {logging_mixin.py:137} INFO - [2024-07-28T02:42:00.667+0000] {dag.py:3441} INFO - Setting next_dagrun for exemplo_dag_group to None, run_after=None
[2024-07-28T02:42:00.692+0000] {processor.py:175} INFO - Processing /opt/airflow/dags/exemplo_dag_group.py took 0.065 seconds
[2024-07-28T02:42:06.782+0000] {processor.py:153} INFO - Started process (PID=2857) to work on /opt/airflow/dags/exemplo_dag_group.py
[2024-07-28T02:42:06.783+0000] {processor.py:743} INFO - Processing file /opt/airflow/dags/exemplo_dag_group.py for tasks to queue
[2024-07-28T02:42:06.783+0000] {logging_mixin.py:137} INFO - [2024-07-28T02:42:06.783+0000] {dagbag.py:538} INFO - Filling up the DagBag from /opt/airflow/dags/exemplo_dag_group.py
[2024-07-28T02:42:06.792+0000] {processor.py:753} INFO - DAG(s) dict_keys(['exemplo_dag_group']) retrieved from /opt/airflow/dags/exemplo_dag_group.py
[2024-07-28T02:42:06.806+0000] {logging_mixin.py:137} INFO - [2024-07-28T02:42:06.806+0000] {dag.py:2690} INFO - Sync 1 DAGs
[2024-07-28T02:42:06.818+0000] {logging_mixin.py:137} INFO - [2024-07-28T02:42:06.818+0000] {dag.py:3441} INFO - Setting next_dagrun for exemplo_dag_group to None, run_after=None
[2024-07-28T02:42:06.826+0000] {processor.py:175} INFO - Processing /opt/airflow/dags/exemplo_dag_group.py took 0.046 seconds
[2024-07-28T02:42:12.801+0000] {processor.py:153} INFO - Started process (PID=2897) to work on /opt/airflow/dags/exemplo_dag_group.py
[2024-07-28T02:42:12.802+0000] {processor.py:743} INFO - Processing file /opt/airflow/dags/exemplo_dag_group.py for tasks to queue
[2024-07-28T02:42:12.803+0000] {logging_mixin.py:137} INFO - [2024-07-28T02:42:12.803+0000] {dagbag.py:538} INFO - Filling up the DagBag from /opt/airflow/dags/exemplo_dag_group.py
[2024-07-28T02:42:12.813+0000] {processor.py:753} INFO - DAG(s) dict_keys(['exemplo_dag_group']) retrieved from /opt/airflow/dags/exemplo_dag_group.py
[2024-07-28T02:42:12.829+0000] {logging_mixin.py:137} INFO - [2024-07-28T02:42:12.829+0000] {dag.py:2690} INFO - Sync 1 DAGs
[2024-07-28T02:42:12.845+0000] {logging_mixin.py:137} INFO - [2024-07-28T02:42:12.845+0000] {dag.py:3441} INFO - Setting next_dagrun for exemplo_dag_group to None, run_after=None
[2024-07-28T02:42:12.858+0000] {processor.py:175} INFO - Processing /opt/airflow/dags/exemplo_dag_group.py took 0.059 seconds
[2024-07-28T02:42:18.802+0000] {processor.py:153} INFO - Started process (PID=2922) to work on /opt/airflow/dags/exemplo_dag_group.py
[2024-07-28T02:42:18.804+0000] {processor.py:743} INFO - Processing file /opt/airflow/dags/exemplo_dag_group.py for tasks to queue
[2024-07-28T02:42:18.804+0000] {logging_mixin.py:137} INFO - [2024-07-28T02:42:18.804+0000] {dagbag.py:538} INFO - Filling up the DagBag from /opt/airflow/dags/exemplo_dag_group.py
[2024-07-28T02:42:18.813+0000] {processor.py:753} INFO - DAG(s) dict_keys(['exemplo_dag_group']) retrieved from /opt/airflow/dags/exemplo_dag_group.py
[2024-07-28T02:42:18.828+0000] {logging_mixin.py:137} INFO - [2024-07-28T02:42:18.828+0000] {dag.py:2690} INFO - Sync 1 DAGs
[2024-07-28T02:42:18.841+0000] {logging_mixin.py:137} INFO - [2024-07-28T02:42:18.841+0000] {dag.py:3441} INFO - Setting next_dagrun for exemplo_dag_group to None, run_after=None
[2024-07-28T02:42:18.851+0000] {processor.py:175} INFO - Processing /opt/airflow/dags/exemplo_dag_group.py took 0.051 seconds
[2024-07-28T02:42:24.763+0000] {processor.py:153} INFO - Started process (PID=2963) to work on /opt/airflow/dags/exemplo_dag_group.py
[2024-07-28T02:42:24.764+0000] {processor.py:743} INFO - Processing file /opt/airflow/dags/exemplo_dag_group.py for tasks to queue
[2024-07-28T02:42:24.764+0000] {logging_mixin.py:137} INFO - [2024-07-28T02:42:24.764+0000] {dagbag.py:538} INFO - Filling up the DagBag from /opt/airflow/dags/exemplo_dag_group.py
[2024-07-28T02:42:24.773+0000] {processor.py:753} INFO - DAG(s) dict_keys(['exemplo_dag_group']) retrieved from /opt/airflow/dags/exemplo_dag_group.py
[2024-07-28T02:42:24.789+0000] {logging_mixin.py:137} INFO - [2024-07-28T02:42:24.789+0000] {dag.py:2690} INFO - Sync 1 DAGs
[2024-07-28T02:42:24.801+0000] {logging_mixin.py:137} INFO - [2024-07-28T02:42:24.801+0000] {dag.py:3441} INFO - Setting next_dagrun for exemplo_dag_group to None, run_after=None
[2024-07-28T02:42:24.816+0000] {processor.py:175} INFO - Processing /opt/airflow/dags/exemplo_dag_group.py took 0.056 seconds
[2024-07-28T02:42:30.755+0000] {processor.py:153} INFO - Started process (PID=2988) to work on /opt/airflow/dags/exemplo_dag_group.py
[2024-07-28T02:42:30.757+0000] {processor.py:743} INFO - Processing file /opt/airflow/dags/exemplo_dag_group.py for tasks to queue
[2024-07-28T02:42:30.758+0000] {logging_mixin.py:137} INFO - [2024-07-28T02:42:30.758+0000] {dagbag.py:538} INFO - Filling up the DagBag from /opt/airflow/dags/exemplo_dag_group.py
[2024-07-28T02:42:30.768+0000] {processor.py:753} INFO - DAG(s) dict_keys(['exemplo_dag_group']) retrieved from /opt/airflow/dags/exemplo_dag_group.py
[2024-07-28T02:42:30.784+0000] {logging_mixin.py:137} INFO - [2024-07-28T02:42:30.784+0000] {dag.py:2690} INFO - Sync 1 DAGs
[2024-07-28T02:42:30.797+0000] {logging_mixin.py:137} INFO - [2024-07-28T02:42:30.797+0000] {dag.py:3441} INFO - Setting next_dagrun for exemplo_dag_group to None, run_after=None
[2024-07-28T02:42:30.808+0000] {processor.py:175} INFO - Processing /opt/airflow/dags/exemplo_dag_group.py took 0.056 seconds
[2024-07-28T02:42:36.775+0000] {processor.py:153} INFO - Started process (PID=3028) to work on /opt/airflow/dags/exemplo_dag_group.py
[2024-07-28T02:42:36.776+0000] {processor.py:743} INFO - Processing file /opt/airflow/dags/exemplo_dag_group.py for tasks to queue
[2024-07-28T02:42:36.777+0000] {logging_mixin.py:137} INFO - [2024-07-28T02:42:36.776+0000] {dagbag.py:538} INFO - Filling up the DagBag from /opt/airflow/dags/exemplo_dag_group.py
[2024-07-28T02:42:36.785+0000] {processor.py:753} INFO - DAG(s) dict_keys(['exemplo_dag_group']) retrieved from /opt/airflow/dags/exemplo_dag_group.py
[2024-07-28T02:42:36.798+0000] {logging_mixin.py:137} INFO - [2024-07-28T02:42:36.798+0000] {dag.py:2690} INFO - Sync 1 DAGs
[2024-07-28T02:42:36.814+0000] {logging_mixin.py:137} INFO - [2024-07-28T02:42:36.813+0000] {dag.py:3441} INFO - Setting next_dagrun for exemplo_dag_group to None, run_after=None
[2024-07-28T02:42:36.825+0000] {processor.py:175} INFO - Processing /opt/airflow/dags/exemplo_dag_group.py took 0.052 seconds
[2024-07-28T02:42:42.753+0000] {processor.py:153} INFO - Started process (PID=3062) to work on /opt/airflow/dags/exemplo_dag_group.py
[2024-07-28T02:42:42.754+0000] {processor.py:743} INFO - Processing file /opt/airflow/dags/exemplo_dag_group.py for tasks to queue
[2024-07-28T02:42:42.754+0000] {logging_mixin.py:137} INFO - [2024-07-28T02:42:42.754+0000] {dagbag.py:538} INFO - Filling up the DagBag from /opt/airflow/dags/exemplo_dag_group.py
[2024-07-28T02:42:42.763+0000] {processor.py:753} INFO - DAG(s) dict_keys(['exemplo_dag_group']) retrieved from /opt/airflow/dags/exemplo_dag_group.py
[2024-07-28T02:42:42.778+0000] {logging_mixin.py:137} INFO - [2024-07-28T02:42:42.777+0000] {dag.py:2690} INFO - Sync 1 DAGs
[2024-07-28T02:42:42.790+0000] {logging_mixin.py:137} INFO - [2024-07-28T02:42:42.790+0000] {dag.py:3441} INFO - Setting next_dagrun for exemplo_dag_group to None, run_after=None
[2024-07-28T02:42:42.802+0000] {processor.py:175} INFO - Processing /opt/airflow/dags/exemplo_dag_group.py took 0.051 seconds
[2024-07-28T02:42:48.820+0000] {processor.py:153} INFO - Started process (PID=3094) to work on /opt/airflow/dags/exemplo_dag_group.py
[2024-07-28T02:42:48.821+0000] {processor.py:743} INFO - Processing file /opt/airflow/dags/exemplo_dag_group.py for tasks to queue
[2024-07-28T02:42:48.822+0000] {logging_mixin.py:137} INFO - [2024-07-28T02:42:48.822+0000] {dagbag.py:538} INFO - Filling up the DagBag from /opt/airflow/dags/exemplo_dag_group.py
[2024-07-28T02:42:48.832+0000] {processor.py:753} INFO - DAG(s) dict_keys(['exemplo_dag_group']) retrieved from /opt/airflow/dags/exemplo_dag_group.py
[2024-07-28T02:42:48.847+0000] {logging_mixin.py:137} INFO - [2024-07-28T02:42:48.846+0000] {dag.py:2690} INFO - Sync 1 DAGs
[2024-07-28T02:42:48.859+0000] {logging_mixin.py:137} INFO - [2024-07-28T02:42:48.859+0000] {dag.py:3441} INFO - Setting next_dagrun for exemplo_dag_group to None, run_after=None
[2024-07-28T02:42:48.872+0000] {processor.py:175} INFO - Processing /opt/airflow/dags/exemplo_dag_group.py took 0.054 seconds
[2024-07-28T02:42:55.052+0000] {processor.py:153} INFO - Started process (PID=3135) to work on /opt/airflow/dags/exemplo_dag_group.py
[2024-07-28T02:42:55.055+0000] {processor.py:743} INFO - Processing file /opt/airflow/dags/exemplo_dag_group.py for tasks to queue
[2024-07-28T02:42:55.055+0000] {logging_mixin.py:137} INFO - [2024-07-28T02:42:55.055+0000] {dagbag.py:538} INFO - Filling up the DagBag from /opt/airflow/dags/exemplo_dag_group.py
[2024-07-28T02:42:55.069+0000] {processor.py:753} INFO - DAG(s) dict_keys(['exemplo_dag_group']) retrieved from /opt/airflow/dags/exemplo_dag_group.py
[2024-07-28T02:42:55.086+0000] {logging_mixin.py:137} INFO - [2024-07-28T02:42:55.086+0000] {dag.py:2690} INFO - Sync 1 DAGs
[2024-07-28T02:42:55.102+0000] {logging_mixin.py:137} INFO - [2024-07-28T02:42:55.102+0000] {dag.py:3441} INFO - Setting next_dagrun for exemplo_dag_group to None, run_after=None
[2024-07-28T02:42:55.116+0000] {processor.py:175} INFO - Processing /opt/airflow/dags/exemplo_dag_group.py took 0.068 seconds
