[2024-07-28T02:33:06.709+0000] {processor.py:153} INFO - Started process (PID=46) to work on /opt/airflow/dags/exemplo_paralelismo.py
[2024-07-28T02:33:06.712+0000] {processor.py:743} INFO - Processing file /opt/airflow/dags/exemplo_paralelismo.py for tasks to queue
[2024-07-28T02:33:06.713+0000] {logging_mixin.py:137} INFO - [2024-07-28T02:33:06.713+0000] {dagbag.py:538} INFO - Filling up the DagBag from /opt/airflow/dags/exemplo_paralelismo.py
[2024-07-28T02:33:06.738+0000] {processor.py:753} INFO - DAG(s) dict_keys(['exemplo_paralelismo']) retrieved from /opt/airflow/dags/exemplo_paralelismo.py
[2024-07-28T02:33:06.772+0000] {logging_mixin.py:137} INFO - [2024-07-28T02:33:06.772+0000] {dag.py:2690} INFO - Sync 1 DAGs
[2024-07-28T02:33:06.804+0000] {logging_mixin.py:137} INFO - [2024-07-28T02:33:06.804+0000] {dag.py:3441} INFO - Setting next_dagrun for exemplo_paralelismo to None, run_after=None
[2024-07-28T02:33:06.828+0000] {processor.py:175} INFO - Processing /opt/airflow/dags/exemplo_paralelismo.py took 0.129 seconds
[2024-07-28T02:33:12.642+0000] {processor.py:153} INFO - Started process (PID=87) to work on /opt/airflow/dags/exemplo_paralelismo.py
[2024-07-28T02:33:12.642+0000] {processor.py:743} INFO - Processing file /opt/airflow/dags/exemplo_paralelismo.py for tasks to queue
[2024-07-28T02:33:12.643+0000] {logging_mixin.py:137} INFO - [2024-07-28T02:33:12.643+0000] {dagbag.py:538} INFO - Filling up the DagBag from /opt/airflow/dags/exemplo_paralelismo.py
[2024-07-28T02:33:12.650+0000] {processor.py:753} INFO - DAG(s) dict_keys(['exemplo_paralelismo']) retrieved from /opt/airflow/dags/exemplo_paralelismo.py
[2024-07-28T02:33:12.664+0000] {logging_mixin.py:137} INFO - [2024-07-28T02:33:12.664+0000] {dag.py:2690} INFO - Sync 1 DAGs
[2024-07-28T02:33:12.676+0000] {logging_mixin.py:137} INFO - [2024-07-28T02:33:12.676+0000] {dag.py:3441} INFO - Setting next_dagrun for exemplo_paralelismo to None, run_after=None
[2024-07-28T02:33:12.686+0000] {processor.py:175} INFO - Processing /opt/airflow/dags/exemplo_paralelismo.py took 0.046 seconds
[2024-07-28T02:33:17.733+0000] {processor.py:153} INFO - Started process (PID=114) to work on /opt/airflow/dags/exemplo_paralelismo.py
[2024-07-28T02:33:17.733+0000] {processor.py:743} INFO - Processing file /opt/airflow/dags/exemplo_paralelismo.py for tasks to queue
[2024-07-28T02:33:17.734+0000] {logging_mixin.py:137} INFO - [2024-07-28T02:33:17.734+0000] {dagbag.py:538} INFO - Filling up the DagBag from /opt/airflow/dags/exemplo_paralelismo.py
[2024-07-28T02:33:17.742+0000] {processor.py:753} INFO - DAG(s) dict_keys(['exemplo_paralelismo']) retrieved from /opt/airflow/dags/exemplo_paralelismo.py
[2024-07-28T02:33:17.755+0000] {logging_mixin.py:137} INFO - [2024-07-28T02:33:17.755+0000] {dag.py:2690} INFO - Sync 1 DAGs
[2024-07-28T02:33:17.768+0000] {logging_mixin.py:137} INFO - [2024-07-28T02:33:17.768+0000] {dag.py:3441} INFO - Setting next_dagrun for exemplo_paralelismo to None, run_after=None
[2024-07-28T02:33:17.777+0000] {processor.py:175} INFO - Processing /opt/airflow/dags/exemplo_paralelismo.py took 0.046 seconds
[2024-07-28T02:33:45.391+0000] {processor.py:153} INFO - Started process (PID=50) to work on /opt/airflow/dags/exemplo_paralelismo.py
[2024-07-28T02:33:45.392+0000] {processor.py:743} INFO - Processing file /opt/airflow/dags/exemplo_paralelismo.py for tasks to queue
[2024-07-28T02:33:45.392+0000] {logging_mixin.py:137} INFO - [2024-07-28T02:33:45.392+0000] {dagbag.py:538} INFO - Filling up the DagBag from /opt/airflow/dags/exemplo_paralelismo.py
[2024-07-28T02:33:45.407+0000] {processor.py:753} INFO - DAG(s) dict_keys(['exemplo_paralelismo']) retrieved from /opt/airflow/dags/exemplo_paralelismo.py
[2024-07-28T02:33:45.475+0000] {logging_mixin.py:137} INFO - [2024-07-28T02:33:45.475+0000] {dag.py:2690} INFO - Sync 1 DAGs
[2024-07-28T02:33:45.491+0000] {logging_mixin.py:137} INFO - [2024-07-28T02:33:45.491+0000] {dag.py:3441} INFO - Setting next_dagrun for exemplo_paralelismo to None, run_after=None
[2024-07-28T02:33:45.521+0000] {processor.py:175} INFO - Processing /opt/airflow/dags/exemplo_paralelismo.py took 0.134 seconds
[2024-07-28T02:33:51.089+0000] {processor.py:153} INFO - Started process (PID=75) to work on /opt/airflow/dags/exemplo_paralelismo.py
[2024-07-28T02:33:51.089+0000] {processor.py:743} INFO - Processing file /opt/airflow/dags/exemplo_paralelismo.py for tasks to queue
[2024-07-28T02:33:51.090+0000] {logging_mixin.py:137} INFO - [2024-07-28T02:33:51.090+0000] {dagbag.py:538} INFO - Filling up the DagBag from /opt/airflow/dags/exemplo_paralelismo.py
[2024-07-28T02:33:51.099+0000] {processor.py:753} INFO - DAG(s) dict_keys(['exemplo_paralelismo']) retrieved from /opt/airflow/dags/exemplo_paralelismo.py
[2024-07-28T02:33:51.109+0000] {logging_mixin.py:137} INFO - [2024-07-28T02:33:51.109+0000] {dag.py:2690} INFO - Sync 1 DAGs
[2024-07-28T02:33:51.127+0000] {logging_mixin.py:137} INFO - [2024-07-28T02:33:51.127+0000] {dag.py:3441} INFO - Setting next_dagrun for exemplo_paralelismo to None, run_after=None
[2024-07-28T02:33:51.140+0000] {processor.py:175} INFO - Processing /opt/airflow/dags/exemplo_paralelismo.py took 0.054 seconds
[2024-07-28T02:33:57.085+0000] {processor.py:153} INFO - Started process (PID=116) to work on /opt/airflow/dags/exemplo_paralelismo.py
[2024-07-28T02:33:57.086+0000] {processor.py:743} INFO - Processing file /opt/airflow/dags/exemplo_paralelismo.py for tasks to queue
[2024-07-28T02:33:57.086+0000] {logging_mixin.py:137} INFO - [2024-07-28T02:33:57.086+0000] {dagbag.py:538} INFO - Filling up the DagBag from /opt/airflow/dags/exemplo_paralelismo.py
[2024-07-28T02:33:57.094+0000] {processor.py:753} INFO - DAG(s) dict_keys(['exemplo_paralelismo']) retrieved from /opt/airflow/dags/exemplo_paralelismo.py
[2024-07-28T02:33:57.101+0000] {logging_mixin.py:137} INFO - [2024-07-28T02:33:57.101+0000] {dag.py:2690} INFO - Sync 1 DAGs
[2024-07-28T02:33:57.119+0000] {logging_mixin.py:137} INFO - [2024-07-28T02:33:57.119+0000] {dag.py:3441} INFO - Setting next_dagrun for exemplo_paralelismo to None, run_after=None
[2024-07-28T02:33:57.131+0000] {processor.py:175} INFO - Processing /opt/airflow/dags/exemplo_paralelismo.py took 0.048 seconds
[2024-07-28T02:34:02.515+0000] {processor.py:153} INFO - Started process (PID=141) to work on /opt/airflow/dags/exemplo_paralelismo.py
[2024-07-28T02:34:02.515+0000] {processor.py:743} INFO - Processing file /opt/airflow/dags/exemplo_paralelismo.py for tasks to queue
[2024-07-28T02:34:02.516+0000] {logging_mixin.py:137} INFO - [2024-07-28T02:34:02.516+0000] {dagbag.py:538} INFO - Filling up the DagBag from /opt/airflow/dags/exemplo_paralelismo.py
[2024-07-28T02:34:02.523+0000] {processor.py:753} INFO - DAG(s) dict_keys(['exemplo_paralelismo']) retrieved from /opt/airflow/dags/exemplo_paralelismo.py
[2024-07-28T02:34:02.530+0000] {logging_mixin.py:137} INFO - [2024-07-28T02:34:02.530+0000] {dag.py:2690} INFO - Sync 1 DAGs
[2024-07-28T02:34:02.543+0000] {logging_mixin.py:137} INFO - [2024-07-28T02:34:02.543+0000] {dag.py:3441} INFO - Setting next_dagrun for exemplo_paralelismo to None, run_after=None
[2024-07-28T02:34:02.552+0000] {processor.py:175} INFO - Processing /opt/airflow/dags/exemplo_paralelismo.py took 0.040 seconds
[2024-07-28T02:34:08.673+0000] {processor.py:153} INFO - Started process (PID=182) to work on /opt/airflow/dags/exemplo_paralelismo.py
[2024-07-28T02:34:08.674+0000] {processor.py:743} INFO - Processing file /opt/airflow/dags/exemplo_paralelismo.py for tasks to queue
[2024-07-28T02:34:08.674+0000] {logging_mixin.py:137} INFO - [2024-07-28T02:34:08.674+0000] {dagbag.py:538} INFO - Filling up the DagBag from /opt/airflow/dags/exemplo_paralelismo.py
[2024-07-28T02:34:08.682+0000] {processor.py:753} INFO - DAG(s) dict_keys(['exemplo_paralelismo']) retrieved from /opt/airflow/dags/exemplo_paralelismo.py
[2024-07-28T02:34:08.689+0000] {logging_mixin.py:137} INFO - [2024-07-28T02:34:08.689+0000] {dag.py:2690} INFO - Sync 1 DAGs
[2024-07-28T02:34:08.703+0000] {logging_mixin.py:137} INFO - [2024-07-28T02:34:08.703+0000] {dag.py:3441} INFO - Setting next_dagrun for exemplo_paralelismo to None, run_after=None
[2024-07-28T02:34:08.719+0000] {processor.py:175} INFO - Processing /opt/airflow/dags/exemplo_paralelismo.py took 0.047 seconds
[2024-07-28T02:34:14.804+0000] {processor.py:153} INFO - Started process (PID=223) to work on /opt/airflow/dags/exemplo_paralelismo.py
[2024-07-28T02:34:14.805+0000] {processor.py:743} INFO - Processing file /opt/airflow/dags/exemplo_paralelismo.py for tasks to queue
[2024-07-28T02:34:14.807+0000] {logging_mixin.py:137} INFO - [2024-07-28T02:34:14.807+0000] {dagbag.py:538} INFO - Filling up the DagBag from /opt/airflow/dags/exemplo_paralelismo.py
[2024-07-28T02:34:14.821+0000] {processor.py:753} INFO - DAG(s) dict_keys(['exemplo_paralelismo']) retrieved from /opt/airflow/dags/exemplo_paralelismo.py
[2024-07-28T02:34:14.829+0000] {logging_mixin.py:137} INFO - [2024-07-28T02:34:14.829+0000] {dag.py:2690} INFO - Sync 1 DAGs
[2024-07-28T02:34:14.845+0000] {logging_mixin.py:137} INFO - [2024-07-28T02:34:14.845+0000] {dag.py:3441} INFO - Setting next_dagrun for exemplo_paralelismo to None, run_after=None
[2024-07-28T02:34:14.856+0000] {processor.py:175} INFO - Processing /opt/airflow/dags/exemplo_paralelismo.py took 0.055 seconds
[2024-07-28T02:34:20.862+0000] {processor.py:153} INFO - Started process (PID=248) to work on /opt/airflow/dags/exemplo_paralelismo.py
[2024-07-28T02:34:20.863+0000] {processor.py:743} INFO - Processing file /opt/airflow/dags/exemplo_paralelismo.py for tasks to queue
[2024-07-28T02:34:20.863+0000] {logging_mixin.py:137} INFO - [2024-07-28T02:34:20.863+0000] {dagbag.py:538} INFO - Filling up the DagBag from /opt/airflow/dags/exemplo_paralelismo.py
[2024-07-28T02:34:20.870+0000] {processor.py:753} INFO - DAG(s) dict_keys(['exemplo_paralelismo']) retrieved from /opt/airflow/dags/exemplo_paralelismo.py
[2024-07-28T02:34:20.884+0000] {logging_mixin.py:137} INFO - [2024-07-28T02:34:20.884+0000] {dag.py:2690} INFO - Sync 1 DAGs
[2024-07-28T02:34:20.896+0000] {logging_mixin.py:137} INFO - [2024-07-28T02:34:20.896+0000] {dag.py:3441} INFO - Setting next_dagrun for exemplo_paralelismo to None, run_after=None
[2024-07-28T02:34:20.905+0000] {processor.py:175} INFO - Processing /opt/airflow/dags/exemplo_paralelismo.py took 0.045 seconds
[2024-07-28T02:34:26.164+0000] {processor.py:153} INFO - Started process (PID=282) to work on /opt/airflow/dags/exemplo_paralelismo.py
[2024-07-28T02:34:26.168+0000] {processor.py:743} INFO - Processing file /opt/airflow/dags/exemplo_paralelismo.py for tasks to queue
[2024-07-28T02:34:26.177+0000] {logging_mixin.py:137} INFO - [2024-07-28T02:34:26.177+0000] {dagbag.py:538} INFO - Filling up the DagBag from /opt/airflow/dags/exemplo_paralelismo.py
[2024-07-28T02:34:26.211+0000] {processor.py:753} INFO - DAG(s) dict_keys(['exemplo_paralelismo']) retrieved from /opt/airflow/dags/exemplo_paralelismo.py
[2024-07-28T02:34:26.240+0000] {logging_mixin.py:137} INFO - [2024-07-28T02:34:26.240+0000] {dag.py:2690} INFO - Sync 1 DAGs
[2024-07-28T02:34:26.257+0000] {logging_mixin.py:137} INFO - [2024-07-28T02:34:26.256+0000] {dag.py:3441} INFO - Setting next_dagrun for exemplo_paralelismo to None, run_after=None
[2024-07-28T02:34:26.309+0000] {processor.py:175} INFO - Processing /opt/airflow/dags/exemplo_paralelismo.py took 0.149 seconds
[2024-07-28T02:34:31.435+0000] {processor.py:153} INFO - Started process (PID=314) to work on /opt/airflow/dags/exemplo_paralelismo.py
[2024-07-28T02:34:31.436+0000] {processor.py:743} INFO - Processing file /opt/airflow/dags/exemplo_paralelismo.py for tasks to queue
[2024-07-28T02:34:31.436+0000] {logging_mixin.py:137} INFO - [2024-07-28T02:34:31.436+0000] {dagbag.py:538} INFO - Filling up the DagBag from /opt/airflow/dags/exemplo_paralelismo.py
[2024-07-28T02:34:31.444+0000] {processor.py:753} INFO - DAG(s) dict_keys(['exemplo_paralelismo']) retrieved from /opt/airflow/dags/exemplo_paralelismo.py
[2024-07-28T02:34:31.457+0000] {logging_mixin.py:137} INFO - [2024-07-28T02:34:31.457+0000] {dag.py:2690} INFO - Sync 1 DAGs
[2024-07-28T02:34:31.470+0000] {logging_mixin.py:137} INFO - [2024-07-28T02:34:31.470+0000] {dag.py:3441} INFO - Setting next_dagrun for exemplo_paralelismo to None, run_after=None
[2024-07-28T02:34:31.479+0000] {processor.py:175} INFO - Processing /opt/airflow/dags/exemplo_paralelismo.py took 0.046 seconds
[2024-07-28T02:34:36.630+0000] {processor.py:153} INFO - Started process (PID=339) to work on /opt/airflow/dags/exemplo_paralelismo.py
[2024-07-28T02:34:36.632+0000] {processor.py:743} INFO - Processing file /opt/airflow/dags/exemplo_paralelismo.py for tasks to queue
[2024-07-28T02:34:36.633+0000] {logging_mixin.py:137} INFO - [2024-07-28T02:34:36.633+0000] {dagbag.py:538} INFO - Filling up the DagBag from /opt/airflow/dags/exemplo_paralelismo.py
[2024-07-28T02:34:36.641+0000] {processor.py:753} INFO - DAG(s) dict_keys(['exemplo_paralelismo']) retrieved from /opt/airflow/dags/exemplo_paralelismo.py
[2024-07-28T02:34:36.654+0000] {logging_mixin.py:137} INFO - [2024-07-28T02:34:36.654+0000] {dag.py:2690} INFO - Sync 1 DAGs
[2024-07-28T02:34:36.666+0000] {logging_mixin.py:137} INFO - [2024-07-28T02:34:36.666+0000] {dag.py:3441} INFO - Setting next_dagrun for exemplo_paralelismo to None, run_after=None
[2024-07-28T02:34:36.676+0000] {processor.py:175} INFO - Processing /opt/airflow/dags/exemplo_paralelismo.py took 0.048 seconds
[2024-07-28T02:34:42.716+0000] {processor.py:153} INFO - Started process (PID=379) to work on /opt/airflow/dags/exemplo_paralelismo.py
[2024-07-28T02:34:42.717+0000] {processor.py:743} INFO - Processing file /opt/airflow/dags/exemplo_paralelismo.py for tasks to queue
[2024-07-28T02:34:42.718+0000] {logging_mixin.py:137} INFO - [2024-07-28T02:34:42.718+0000] {dagbag.py:538} INFO - Filling up the DagBag from /opt/airflow/dags/exemplo_paralelismo.py
[2024-07-28T02:34:42.726+0000] {processor.py:753} INFO - DAG(s) dict_keys(['exemplo_paralelismo']) retrieved from /opt/airflow/dags/exemplo_paralelismo.py
[2024-07-28T02:34:42.739+0000] {logging_mixin.py:137} INFO - [2024-07-28T02:34:42.739+0000] {dag.py:2690} INFO - Sync 1 DAGs
[2024-07-28T02:34:42.756+0000] {logging_mixin.py:137} INFO - [2024-07-28T02:34:42.756+0000] {dag.py:3441} INFO - Setting next_dagrun for exemplo_paralelismo to None, run_after=None
[2024-07-28T02:34:42.767+0000] {processor.py:175} INFO - Processing /opt/airflow/dags/exemplo_paralelismo.py took 0.053 seconds
[2024-07-28T02:34:48.851+0000] {processor.py:153} INFO - Started process (PID=413) to work on /opt/airflow/dags/exemplo_paralelismo.py
[2024-07-28T02:34:48.854+0000] {processor.py:743} INFO - Processing file /opt/airflow/dags/exemplo_paralelismo.py for tasks to queue
[2024-07-28T02:34:48.857+0000] {logging_mixin.py:137} INFO - [2024-07-28T02:34:48.856+0000] {dagbag.py:538} INFO - Filling up the DagBag from /opt/airflow/dags/exemplo_paralelismo.py
[2024-07-28T02:34:48.889+0000] {processor.py:753} INFO - DAG(s) dict_keys(['exemplo_paralelismo']) retrieved from /opt/airflow/dags/exemplo_paralelismo.py
[2024-07-28T02:34:48.926+0000] {logging_mixin.py:137} INFO - [2024-07-28T02:34:48.926+0000] {dag.py:2690} INFO - Sync 1 DAGs
[2024-07-28T02:34:48.947+0000] {logging_mixin.py:137} INFO - [2024-07-28T02:34:48.946+0000] {dag.py:3441} INFO - Setting next_dagrun for exemplo_paralelismo to None, run_after=None
[2024-07-28T02:34:48.964+0000] {processor.py:175} INFO - Processing /opt/airflow/dags/exemplo_paralelismo.py took 0.115 seconds
[2024-07-28T02:34:54.369+0000] {processor.py:153} INFO - Started process (PID=445) to work on /opt/airflow/dags/exemplo_paralelismo.py
[2024-07-28T02:34:54.370+0000] {processor.py:743} INFO - Processing file /opt/airflow/dags/exemplo_paralelismo.py for tasks to queue
[2024-07-28T02:34:54.370+0000] {logging_mixin.py:137} INFO - [2024-07-28T02:34:54.370+0000] {dagbag.py:538} INFO - Filling up the DagBag from /opt/airflow/dags/exemplo_paralelismo.py
[2024-07-28T02:34:54.380+0000] {processor.py:753} INFO - DAG(s) dict_keys(['exemplo_paralelismo']) retrieved from /opt/airflow/dags/exemplo_paralelismo.py
[2024-07-28T02:34:54.399+0000] {logging_mixin.py:137} INFO - [2024-07-28T02:34:54.399+0000] {dag.py:2690} INFO - Sync 1 DAGs
[2024-07-28T02:34:54.416+0000] {logging_mixin.py:137} INFO - [2024-07-28T02:34:54.416+0000] {dag.py:3441} INFO - Setting next_dagrun for exemplo_paralelismo to None, run_after=None
[2024-07-28T02:34:54.431+0000] {processor.py:175} INFO - Processing /opt/airflow/dags/exemplo_paralelismo.py took 0.064 seconds
[2024-07-28T02:35:00.579+0000] {processor.py:153} INFO - Started process (PID=486) to work on /opt/airflow/dags/exemplo_paralelismo.py
[2024-07-28T02:35:00.580+0000] {processor.py:743} INFO - Processing file /opt/airflow/dags/exemplo_paralelismo.py for tasks to queue
[2024-07-28T02:35:00.581+0000] {logging_mixin.py:137} INFO - [2024-07-28T02:35:00.581+0000] {dagbag.py:538} INFO - Filling up the DagBag from /opt/airflow/dags/exemplo_paralelismo.py
[2024-07-28T02:35:00.591+0000] {processor.py:753} INFO - DAG(s) dict_keys(['exemplo_paralelismo']) retrieved from /opt/airflow/dags/exemplo_paralelismo.py
[2024-07-28T02:35:00.606+0000] {logging_mixin.py:137} INFO - [2024-07-28T02:35:00.606+0000] {dag.py:2690} INFO - Sync 1 DAGs
[2024-07-28T02:35:00.619+0000] {logging_mixin.py:137} INFO - [2024-07-28T02:35:00.619+0000] {dag.py:3441} INFO - Setting next_dagrun for exemplo_paralelismo to None, run_after=None
[2024-07-28T02:35:00.629+0000] {processor.py:175} INFO - Processing /opt/airflow/dags/exemplo_paralelismo.py took 0.053 seconds
[2024-07-28T02:35:05.989+0000] {processor.py:153} INFO - Started process (PID=511) to work on /opt/airflow/dags/exemplo_paralelismo.py
[2024-07-28T02:35:05.990+0000] {processor.py:743} INFO - Processing file /opt/airflow/dags/exemplo_paralelismo.py for tasks to queue
[2024-07-28T02:35:05.991+0000] {logging_mixin.py:137} INFO - [2024-07-28T02:35:05.991+0000] {dagbag.py:538} INFO - Filling up the DagBag from /opt/airflow/dags/exemplo_paralelismo.py
[2024-07-28T02:35:06.008+0000] {processor.py:753} INFO - DAG(s) dict_keys(['exemplo_paralelismo']) retrieved from /opt/airflow/dags/exemplo_paralelismo.py
[2024-07-28T02:35:06.025+0000] {logging_mixin.py:137} INFO - [2024-07-28T02:35:06.025+0000] {dag.py:2690} INFO - Sync 1 DAGs
[2024-07-28T02:35:06.040+0000] {logging_mixin.py:137} INFO - [2024-07-28T02:35:06.040+0000] {dag.py:3441} INFO - Setting next_dagrun for exemplo_paralelismo to None, run_after=None
[2024-07-28T02:35:06.053+0000] {processor.py:175} INFO - Processing /opt/airflow/dags/exemplo_paralelismo.py took 0.066 seconds
[2024-07-28T02:35:12.251+0000] {processor.py:153} INFO - Started process (PID=552) to work on /opt/airflow/dags/exemplo_paralelismo.py
[2024-07-28T02:35:12.252+0000] {processor.py:743} INFO - Processing file /opt/airflow/dags/exemplo_paralelismo.py for tasks to queue
[2024-07-28T02:35:12.252+0000] {logging_mixin.py:137} INFO - [2024-07-28T02:35:12.252+0000] {dagbag.py:538} INFO - Filling up the DagBag from /opt/airflow/dags/exemplo_paralelismo.py
[2024-07-28T02:35:12.262+0000] {processor.py:753} INFO - DAG(s) dict_keys(['exemplo_paralelismo']) retrieved from /opt/airflow/dags/exemplo_paralelismo.py
[2024-07-28T02:35:12.286+0000] {logging_mixin.py:137} INFO - [2024-07-28T02:35:12.286+0000] {dag.py:2690} INFO - Sync 1 DAGs
[2024-07-28T02:35:12.302+0000] {logging_mixin.py:137} INFO - [2024-07-28T02:35:12.301+0000] {dag.py:3441} INFO - Setting next_dagrun for exemplo_paralelismo to None, run_after=None
[2024-07-28T02:35:12.316+0000] {processor.py:175} INFO - Processing /opt/airflow/dags/exemplo_paralelismo.py took 0.067 seconds
[2024-07-28T02:35:18.358+0000] {processor.py:153} INFO - Started process (PID=577) to work on /opt/airflow/dags/exemplo_paralelismo.py
[2024-07-28T02:35:18.359+0000] {processor.py:743} INFO - Processing file /opt/airflow/dags/exemplo_paralelismo.py for tasks to queue
[2024-07-28T02:35:18.360+0000] {logging_mixin.py:137} INFO - [2024-07-28T02:35:18.360+0000] {dagbag.py:538} INFO - Filling up the DagBag from /opt/airflow/dags/exemplo_paralelismo.py
[2024-07-28T02:35:18.368+0000] {processor.py:753} INFO - DAG(s) dict_keys(['exemplo_paralelismo']) retrieved from /opt/airflow/dags/exemplo_paralelismo.py
[2024-07-28T02:35:18.381+0000] {logging_mixin.py:137} INFO - [2024-07-28T02:35:18.380+0000] {dag.py:2690} INFO - Sync 1 DAGs
[2024-07-28T02:35:18.399+0000] {logging_mixin.py:137} INFO - [2024-07-28T02:35:18.399+0000] {dag.py:3441} INFO - Setting next_dagrun for exemplo_paralelismo to None, run_after=None
[2024-07-28T02:35:18.411+0000] {processor.py:175} INFO - Processing /opt/airflow/dags/exemplo_paralelismo.py took 0.055 seconds
[2024-07-28T02:35:24.411+0000] {processor.py:153} INFO - Started process (PID=618) to work on /opt/airflow/dags/exemplo_paralelismo.py
[2024-07-28T02:35:24.412+0000] {processor.py:743} INFO - Processing file /opt/airflow/dags/exemplo_paralelismo.py for tasks to queue
[2024-07-28T02:35:24.412+0000] {logging_mixin.py:137} INFO - [2024-07-28T02:35:24.412+0000] {dagbag.py:538} INFO - Filling up the DagBag from /opt/airflow/dags/exemplo_paralelismo.py
[2024-07-28T02:35:24.421+0000] {processor.py:753} INFO - DAG(s) dict_keys(['exemplo_paralelismo']) retrieved from /opt/airflow/dags/exemplo_paralelismo.py
[2024-07-28T02:35:24.439+0000] {logging_mixin.py:137} INFO - [2024-07-28T02:35:24.439+0000] {dag.py:2690} INFO - Sync 1 DAGs
[2024-07-28T02:35:24.457+0000] {logging_mixin.py:137} INFO - [2024-07-28T02:35:24.457+0000] {dag.py:3441} INFO - Setting next_dagrun for exemplo_paralelismo to None, run_after=None
[2024-07-28T02:35:24.474+0000] {processor.py:175} INFO - Processing /opt/airflow/dags/exemplo_paralelismo.py took 0.064 seconds
[2024-07-28T02:35:30.476+0000] {processor.py:153} INFO - Started process (PID=643) to work on /opt/airflow/dags/exemplo_paralelismo.py
[2024-07-28T02:35:30.477+0000] {processor.py:743} INFO - Processing file /opt/airflow/dags/exemplo_paralelismo.py for tasks to queue
[2024-07-28T02:35:30.477+0000] {logging_mixin.py:137} INFO - [2024-07-28T02:35:30.477+0000] {dagbag.py:538} INFO - Filling up the DagBag from /opt/airflow/dags/exemplo_paralelismo.py
[2024-07-28T02:35:30.486+0000] {processor.py:753} INFO - DAG(s) dict_keys(['exemplo_paralelismo']) retrieved from /opt/airflow/dags/exemplo_paralelismo.py
[2024-07-28T02:35:30.501+0000] {logging_mixin.py:137} INFO - [2024-07-28T02:35:30.501+0000] {dag.py:2690} INFO - Sync 1 DAGs
[2024-07-28T02:35:30.517+0000] {logging_mixin.py:137} INFO - [2024-07-28T02:35:30.517+0000] {dag.py:3441} INFO - Setting next_dagrun for exemplo_paralelismo to None, run_after=None
[2024-07-28T02:35:30.530+0000] {processor.py:175} INFO - Processing /opt/airflow/dags/exemplo_paralelismo.py took 0.056 seconds
[2024-07-28T02:35:36.562+0000] {processor.py:153} INFO - Started process (PID=684) to work on /opt/airflow/dags/exemplo_paralelismo.py
[2024-07-28T02:35:36.562+0000] {processor.py:743} INFO - Processing file /opt/airflow/dags/exemplo_paralelismo.py for tasks to queue
[2024-07-28T02:35:36.563+0000] {logging_mixin.py:137} INFO - [2024-07-28T02:35:36.563+0000] {dagbag.py:538} INFO - Filling up the DagBag from /opt/airflow/dags/exemplo_paralelismo.py
[2024-07-28T02:35:36.571+0000] {processor.py:753} INFO - DAG(s) dict_keys(['exemplo_paralelismo']) retrieved from /opt/airflow/dags/exemplo_paralelismo.py
[2024-07-28T02:35:36.594+0000] {logging_mixin.py:137} INFO - [2024-07-28T02:35:36.594+0000] {dag.py:2690} INFO - Sync 1 DAGs
[2024-07-28T02:35:36.613+0000] {logging_mixin.py:137} INFO - [2024-07-28T02:35:36.612+0000] {dag.py:3441} INFO - Setting next_dagrun for exemplo_paralelismo to None, run_after=None
[2024-07-28T02:35:36.627+0000] {processor.py:175} INFO - Processing /opt/airflow/dags/exemplo_paralelismo.py took 0.067 seconds
[2024-07-28T02:35:42.620+0000] {processor.py:153} INFO - Started process (PID=709) to work on /opt/airflow/dags/exemplo_paralelismo.py
[2024-07-28T02:35:42.620+0000] {processor.py:743} INFO - Processing file /opt/airflow/dags/exemplo_paralelismo.py for tasks to queue
[2024-07-28T02:35:42.621+0000] {logging_mixin.py:137} INFO - [2024-07-28T02:35:42.621+0000] {dagbag.py:538} INFO - Filling up the DagBag from /opt/airflow/dags/exemplo_paralelismo.py
[2024-07-28T02:35:42.629+0000] {processor.py:753} INFO - DAG(s) dict_keys(['exemplo_paralelismo']) retrieved from /opt/airflow/dags/exemplo_paralelismo.py
[2024-07-28T02:35:42.648+0000] {logging_mixin.py:137} INFO - [2024-07-28T02:35:42.648+0000] {dag.py:2690} INFO - Sync 1 DAGs
[2024-07-28T02:35:42.662+0000] {logging_mixin.py:137} INFO - [2024-07-28T02:35:42.662+0000] {dag.py:3441} INFO - Setting next_dagrun for exemplo_paralelismo to None, run_after=None
[2024-07-28T02:35:42.679+0000] {processor.py:175} INFO - Processing /opt/airflow/dags/exemplo_paralelismo.py took 0.061 seconds
[2024-07-28T02:35:48.694+0000] {processor.py:153} INFO - Started process (PID=750) to work on /opt/airflow/dags/exemplo_paralelismo.py
[2024-07-28T02:35:48.696+0000] {processor.py:743} INFO - Processing file /opt/airflow/dags/exemplo_paralelismo.py for tasks to queue
[2024-07-28T02:35:48.697+0000] {logging_mixin.py:137} INFO - [2024-07-28T02:35:48.697+0000] {dagbag.py:538} INFO - Filling up the DagBag from /opt/airflow/dags/exemplo_paralelismo.py
[2024-07-28T02:35:48.705+0000] {processor.py:753} INFO - DAG(s) dict_keys(['exemplo_paralelismo']) retrieved from /opt/airflow/dags/exemplo_paralelismo.py
[2024-07-28T02:35:48.718+0000] {logging_mixin.py:137} INFO - [2024-07-28T02:35:48.718+0000] {dag.py:2690} INFO - Sync 1 DAGs
[2024-07-28T02:35:48.732+0000] {logging_mixin.py:137} INFO - [2024-07-28T02:35:48.732+0000] {dag.py:3441} INFO - Setting next_dagrun for exemplo_paralelismo to None, run_after=None
[2024-07-28T02:35:48.747+0000] {processor.py:175} INFO - Processing /opt/airflow/dags/exemplo_paralelismo.py took 0.054 seconds
[2024-07-28T02:35:54.674+0000] {processor.py:153} INFO - Started process (PID=775) to work on /opt/airflow/dags/exemplo_paralelismo.py
[2024-07-28T02:35:54.675+0000] {processor.py:743} INFO - Processing file /opt/airflow/dags/exemplo_paralelismo.py for tasks to queue
[2024-07-28T02:35:54.675+0000] {logging_mixin.py:137} INFO - [2024-07-28T02:35:54.675+0000] {dagbag.py:538} INFO - Filling up the DagBag from /opt/airflow/dags/exemplo_paralelismo.py
[2024-07-28T02:35:54.682+0000] {processor.py:753} INFO - DAG(s) dict_keys(['exemplo_paralelismo']) retrieved from /opt/airflow/dags/exemplo_paralelismo.py
[2024-07-28T02:35:54.700+0000] {logging_mixin.py:137} INFO - [2024-07-28T02:35:54.700+0000] {dag.py:2690} INFO - Sync 1 DAGs
[2024-07-28T02:35:54.713+0000] {logging_mixin.py:137} INFO - [2024-07-28T02:35:54.713+0000] {dag.py:3441} INFO - Setting next_dagrun for exemplo_paralelismo to None, run_after=None
[2024-07-28T02:35:54.727+0000] {processor.py:175} INFO - Processing /opt/airflow/dags/exemplo_paralelismo.py took 0.055 seconds
[2024-07-28T02:36:00.855+0000] {processor.py:153} INFO - Started process (PID=816) to work on /opt/airflow/dags/exemplo_paralelismo.py
[2024-07-28T02:36:00.855+0000] {processor.py:743} INFO - Processing file /opt/airflow/dags/exemplo_paralelismo.py for tasks to queue
[2024-07-28T02:36:00.857+0000] {logging_mixin.py:137} INFO - [2024-07-28T02:36:00.857+0000] {dagbag.py:538} INFO - Filling up the DagBag from /opt/airflow/dags/exemplo_paralelismo.py
[2024-07-28T02:36:00.867+0000] {processor.py:753} INFO - DAG(s) dict_keys(['exemplo_paralelismo']) retrieved from /opt/airflow/dags/exemplo_paralelismo.py
[2024-07-28T02:36:00.881+0000] {logging_mixin.py:137} INFO - [2024-07-28T02:36:00.880+0000] {dag.py:2690} INFO - Sync 1 DAGs
[2024-07-28T02:36:00.893+0000] {logging_mixin.py:137} INFO - [2024-07-28T02:36:00.893+0000] {dag.py:3441} INFO - Setting next_dagrun for exemplo_paralelismo to None, run_after=None
[2024-07-28T02:36:00.908+0000] {processor.py:175} INFO - Processing /opt/airflow/dags/exemplo_paralelismo.py took 0.056 seconds
[2024-07-28T02:36:06.823+0000] {processor.py:153} INFO - Started process (PID=841) to work on /opt/airflow/dags/exemplo_paralelismo.py
[2024-07-28T02:36:06.823+0000] {processor.py:743} INFO - Processing file /opt/airflow/dags/exemplo_paralelismo.py for tasks to queue
[2024-07-28T02:36:06.824+0000] {logging_mixin.py:137} INFO - [2024-07-28T02:36:06.824+0000] {dagbag.py:538} INFO - Filling up the DagBag from /opt/airflow/dags/exemplo_paralelismo.py
[2024-07-28T02:36:06.832+0000] {processor.py:753} INFO - DAG(s) dict_keys(['exemplo_paralelismo']) retrieved from /opt/airflow/dags/exemplo_paralelismo.py
[2024-07-28T02:36:06.846+0000] {logging_mixin.py:137} INFO - [2024-07-28T02:36:06.845+0000] {dag.py:2690} INFO - Sync 1 DAGs
[2024-07-28T02:36:06.859+0000] {logging_mixin.py:137} INFO - [2024-07-28T02:36:06.859+0000] {dag.py:3441} INFO - Setting next_dagrun for exemplo_paralelismo to None, run_after=None
[2024-07-28T02:36:06.872+0000] {processor.py:175} INFO - Processing /opt/airflow/dags/exemplo_paralelismo.py took 0.052 seconds
[2024-07-28T02:36:12.947+0000] {processor.py:153} INFO - Started process (PID=882) to work on /opt/airflow/dags/exemplo_paralelismo.py
[2024-07-28T02:36:12.947+0000] {processor.py:743} INFO - Processing file /opt/airflow/dags/exemplo_paralelismo.py for tasks to queue
[2024-07-28T02:36:12.948+0000] {logging_mixin.py:137} INFO - [2024-07-28T02:36:12.948+0000] {dagbag.py:538} INFO - Filling up the DagBag from /opt/airflow/dags/exemplo_paralelismo.py
[2024-07-28T02:36:12.956+0000] {processor.py:753} INFO - DAG(s) dict_keys(['exemplo_paralelismo']) retrieved from /opt/airflow/dags/exemplo_paralelismo.py
[2024-07-28T02:36:12.973+0000] {logging_mixin.py:137} INFO - [2024-07-28T02:36:12.973+0000] {dag.py:2690} INFO - Sync 1 DAGs
[2024-07-28T02:36:12.988+0000] {logging_mixin.py:137} INFO - [2024-07-28T02:36:12.988+0000] {dag.py:3441} INFO - Setting next_dagrun for exemplo_paralelismo to None, run_after=None
[2024-07-28T02:36:13.007+0000] {processor.py:175} INFO - Processing /opt/airflow/dags/exemplo_paralelismo.py took 0.062 seconds
[2024-07-28T02:36:18.921+0000] {processor.py:153} INFO - Started process (PID=916) to work on /opt/airflow/dags/exemplo_paralelismo.py
[2024-07-28T02:36:18.922+0000] {processor.py:743} INFO - Processing file /opt/airflow/dags/exemplo_paralelismo.py for tasks to queue
[2024-07-28T02:36:18.922+0000] {logging_mixin.py:137} INFO - [2024-07-28T02:36:18.922+0000] {dagbag.py:538} INFO - Filling up the DagBag from /opt/airflow/dags/exemplo_paralelismo.py
[2024-07-28T02:36:18.931+0000] {processor.py:753} INFO - DAG(s) dict_keys(['exemplo_paralelismo']) retrieved from /opt/airflow/dags/exemplo_paralelismo.py
[2024-07-28T02:36:18.947+0000] {logging_mixin.py:137} INFO - [2024-07-28T02:36:18.947+0000] {dag.py:2690} INFO - Sync 1 DAGs
[2024-07-28T02:36:18.964+0000] {logging_mixin.py:137} INFO - [2024-07-28T02:36:18.964+0000] {dag.py:3441} INFO - Setting next_dagrun for exemplo_paralelismo to None, run_after=None
[2024-07-28T02:36:18.977+0000] {processor.py:175} INFO - Processing /opt/airflow/dags/exemplo_paralelismo.py took 0.057 seconds
[2024-07-28T02:36:25.109+0000] {processor.py:153} INFO - Started process (PID=948) to work on /opt/airflow/dags/exemplo_paralelismo.py
[2024-07-28T02:36:25.109+0000] {processor.py:743} INFO - Processing file /opt/airflow/dags/exemplo_paralelismo.py for tasks to queue
[2024-07-28T02:36:25.109+0000] {logging_mixin.py:137} INFO - [2024-07-28T02:36:25.109+0000] {dagbag.py:538} INFO - Filling up the DagBag from /opt/airflow/dags/exemplo_paralelismo.py
[2024-07-28T02:36:25.117+0000] {processor.py:753} INFO - DAG(s) dict_keys(['exemplo_paralelismo']) retrieved from /opt/airflow/dags/exemplo_paralelismo.py
[2024-07-28T02:36:25.131+0000] {logging_mixin.py:137} INFO - [2024-07-28T02:36:25.131+0000] {dag.py:2690} INFO - Sync 1 DAGs
[2024-07-28T02:36:25.147+0000] {logging_mixin.py:137} INFO - [2024-07-28T02:36:25.147+0000] {dag.py:3441} INFO - Setting next_dagrun for exemplo_paralelismo to None, run_after=None
[2024-07-28T02:36:25.161+0000] {processor.py:175} INFO - Processing /opt/airflow/dags/exemplo_paralelismo.py took 0.055 seconds
[2024-07-28T02:36:31.177+0000] {processor.py:153} INFO - Started process (PID=989) to work on /opt/airflow/dags/exemplo_paralelismo.py
[2024-07-28T02:36:31.178+0000] {processor.py:743} INFO - Processing file /opt/airflow/dags/exemplo_paralelismo.py for tasks to queue
[2024-07-28T02:36:31.178+0000] {logging_mixin.py:137} INFO - [2024-07-28T02:36:31.178+0000] {dagbag.py:538} INFO - Filling up the DagBag from /opt/airflow/dags/exemplo_paralelismo.py
[2024-07-28T02:36:31.188+0000] {processor.py:753} INFO - DAG(s) dict_keys(['exemplo_paralelismo']) retrieved from /opt/airflow/dags/exemplo_paralelismo.py
[2024-07-28T02:36:31.207+0000] {logging_mixin.py:137} INFO - [2024-07-28T02:36:31.206+0000] {dag.py:2690} INFO - Sync 1 DAGs
[2024-07-28T02:36:31.221+0000] {logging_mixin.py:137} INFO - [2024-07-28T02:36:31.221+0000] {dag.py:3441} INFO - Setting next_dagrun for exemplo_paralelismo to None, run_after=None
[2024-07-28T02:36:31.232+0000] {processor.py:175} INFO - Processing /opt/airflow/dags/exemplo_paralelismo.py took 0.057 seconds
[2024-07-28T02:36:37.262+0000] {processor.py:153} INFO - Started process (PID=1014) to work on /opt/airflow/dags/exemplo_paralelismo.py
[2024-07-28T02:36:37.262+0000] {processor.py:743} INFO - Processing file /opt/airflow/dags/exemplo_paralelismo.py for tasks to queue
[2024-07-28T02:36:37.263+0000] {logging_mixin.py:137} INFO - [2024-07-28T02:36:37.263+0000] {dagbag.py:538} INFO - Filling up the DagBag from /opt/airflow/dags/exemplo_paralelismo.py
[2024-07-28T02:36:37.271+0000] {processor.py:753} INFO - DAG(s) dict_keys(['exemplo_paralelismo']) retrieved from /opt/airflow/dags/exemplo_paralelismo.py
[2024-07-28T02:36:37.285+0000] {logging_mixin.py:137} INFO - [2024-07-28T02:36:37.285+0000] {dag.py:2690} INFO - Sync 1 DAGs
[2024-07-28T02:36:37.299+0000] {logging_mixin.py:137} INFO - [2024-07-28T02:36:37.299+0000] {dag.py:3441} INFO - Setting next_dagrun for exemplo_paralelismo to None, run_after=None
[2024-07-28T02:36:37.309+0000] {processor.py:175} INFO - Processing /opt/airflow/dags/exemplo_paralelismo.py took 0.050 seconds
[2024-07-28T02:36:43.317+0000] {processor.py:153} INFO - Started process (PID=1055) to work on /opt/airflow/dags/exemplo_paralelismo.py
[2024-07-28T02:36:43.317+0000] {processor.py:743} INFO - Processing file /opt/airflow/dags/exemplo_paralelismo.py for tasks to queue
[2024-07-28T02:36:43.317+0000] {logging_mixin.py:137} INFO - [2024-07-28T02:36:43.317+0000] {dagbag.py:538} INFO - Filling up the DagBag from /opt/airflow/dags/exemplo_paralelismo.py
[2024-07-28T02:36:43.325+0000] {processor.py:753} INFO - DAG(s) dict_keys(['exemplo_paralelismo']) retrieved from /opt/airflow/dags/exemplo_paralelismo.py
[2024-07-28T02:36:43.338+0000] {logging_mixin.py:137} INFO - [2024-07-28T02:36:43.338+0000] {dag.py:2690} INFO - Sync 1 DAGs
[2024-07-28T02:36:43.349+0000] {logging_mixin.py:137} INFO - [2024-07-28T02:36:43.349+0000] {dag.py:3441} INFO - Setting next_dagrun for exemplo_paralelismo to None, run_after=None
[2024-07-28T02:36:43.357+0000] {processor.py:175} INFO - Processing /opt/airflow/dags/exemplo_paralelismo.py took 0.042 seconds
[2024-07-28T02:36:49.437+0000] {processor.py:153} INFO - Started process (PID=1080) to work on /opt/airflow/dags/exemplo_paralelismo.py
[2024-07-28T02:36:49.437+0000] {processor.py:743} INFO - Processing file /opt/airflow/dags/exemplo_paralelismo.py for tasks to queue
[2024-07-28T02:36:49.439+0000] {logging_mixin.py:137} INFO - [2024-07-28T02:36:49.439+0000] {dagbag.py:538} INFO - Filling up the DagBag from /opt/airflow/dags/exemplo_paralelismo.py
[2024-07-28T02:36:49.450+0000] {processor.py:753} INFO - DAG(s) dict_keys(['exemplo_paralelismo']) retrieved from /opt/airflow/dags/exemplo_paralelismo.py
[2024-07-28T02:36:49.464+0000] {logging_mixin.py:137} INFO - [2024-07-28T02:36:49.464+0000] {dag.py:2690} INFO - Sync 1 DAGs
[2024-07-28T02:36:49.478+0000] {logging_mixin.py:137} INFO - [2024-07-28T02:36:49.478+0000] {dag.py:3441} INFO - Setting next_dagrun for exemplo_paralelismo to None, run_after=None
[2024-07-28T02:36:49.497+0000] {processor.py:175} INFO - Processing /opt/airflow/dags/exemplo_paralelismo.py took 0.062 seconds
[2024-07-28T02:36:55.435+0000] {processor.py:153} INFO - Started process (PID=1121) to work on /opt/airflow/dags/exemplo_paralelismo.py
[2024-07-28T02:36:55.435+0000] {processor.py:743} INFO - Processing file /opt/airflow/dags/exemplo_paralelismo.py for tasks to queue
[2024-07-28T02:36:55.436+0000] {logging_mixin.py:137} INFO - [2024-07-28T02:36:55.436+0000] {dagbag.py:538} INFO - Filling up the DagBag from /opt/airflow/dags/exemplo_paralelismo.py
[2024-07-28T02:36:55.444+0000] {processor.py:753} INFO - DAG(s) dict_keys(['exemplo_paralelismo']) retrieved from /opt/airflow/dags/exemplo_paralelismo.py
[2024-07-28T02:36:55.459+0000] {logging_mixin.py:137} INFO - [2024-07-28T02:36:55.459+0000] {dag.py:2690} INFO - Sync 1 DAGs
[2024-07-28T02:36:55.473+0000] {logging_mixin.py:137} INFO - [2024-07-28T02:36:55.473+0000] {dag.py:3441} INFO - Setting next_dagrun for exemplo_paralelismo to None, run_after=None
[2024-07-28T02:36:55.487+0000] {processor.py:175} INFO - Processing /opt/airflow/dags/exemplo_paralelismo.py took 0.054 seconds
[2024-07-28T02:37:01.466+0000] {processor.py:153} INFO - Started process (PID=1146) to work on /opt/airflow/dags/exemplo_paralelismo.py
[2024-07-28T02:37:01.467+0000] {processor.py:743} INFO - Processing file /opt/airflow/dags/exemplo_paralelismo.py for tasks to queue
[2024-07-28T02:37:01.467+0000] {logging_mixin.py:137} INFO - [2024-07-28T02:37:01.467+0000] {dagbag.py:538} INFO - Filling up the DagBag from /opt/airflow/dags/exemplo_paralelismo.py
[2024-07-28T02:37:01.475+0000] {processor.py:753} INFO - DAG(s) dict_keys(['exemplo_paralelismo']) retrieved from /opt/airflow/dags/exemplo_paralelismo.py
[2024-07-28T02:37:01.494+0000] {logging_mixin.py:137} INFO - [2024-07-28T02:37:01.494+0000] {dag.py:2690} INFO - Sync 1 DAGs
[2024-07-28T02:37:01.508+0000] {logging_mixin.py:137} INFO - [2024-07-28T02:37:01.508+0000] {dag.py:3441} INFO - Setting next_dagrun for exemplo_paralelismo to None, run_after=None
[2024-07-28T02:37:01.521+0000] {processor.py:175} INFO - Processing /opt/airflow/dags/exemplo_paralelismo.py took 0.056 seconds
[2024-07-28T02:37:07.647+0000] {processor.py:153} INFO - Started process (PID=1187) to work on /opt/airflow/dags/exemplo_paralelismo.py
[2024-07-28T02:37:07.648+0000] {processor.py:743} INFO - Processing file /opt/airflow/dags/exemplo_paralelismo.py for tasks to queue
[2024-07-28T02:37:07.650+0000] {logging_mixin.py:137} INFO - [2024-07-28T02:37:07.650+0000] {dagbag.py:538} INFO - Filling up the DagBag from /opt/airflow/dags/exemplo_paralelismo.py
[2024-07-28T02:37:07.662+0000] {processor.py:753} INFO - DAG(s) dict_keys(['exemplo_paralelismo']) retrieved from /opt/airflow/dags/exemplo_paralelismo.py
[2024-07-28T02:37:07.681+0000] {logging_mixin.py:137} INFO - [2024-07-28T02:37:07.680+0000] {dag.py:2690} INFO - Sync 1 DAGs
[2024-07-28T02:37:07.697+0000] {logging_mixin.py:137} INFO - [2024-07-28T02:37:07.697+0000] {dag.py:3441} INFO - Setting next_dagrun for exemplo_paralelismo to None, run_after=None
[2024-07-28T02:37:07.710+0000] {processor.py:175} INFO - Processing /opt/airflow/dags/exemplo_paralelismo.py took 0.067 seconds
[2024-07-28T02:37:12.874+0000] {processor.py:153} INFO - Started process (PID=1212) to work on /opt/airflow/dags/exemplo_paralelismo.py
[2024-07-28T02:37:12.877+0000] {processor.py:743} INFO - Processing file /opt/airflow/dags/exemplo_paralelismo.py for tasks to queue
[2024-07-28T02:37:12.879+0000] {logging_mixin.py:137} INFO - [2024-07-28T02:37:12.879+0000] {dagbag.py:538} INFO - Filling up the DagBag from /opt/airflow/dags/exemplo_paralelismo.py
[2024-07-28T02:37:12.892+0000] {processor.py:753} INFO - DAG(s) dict_keys(['exemplo_paralelismo']) retrieved from /opt/airflow/dags/exemplo_paralelismo.py
[2024-07-28T02:37:12.906+0000] {logging_mixin.py:137} INFO - [2024-07-28T02:37:12.905+0000] {dag.py:2690} INFO - Sync 1 DAGs
[2024-07-28T02:37:12.917+0000] {logging_mixin.py:137} INFO - [2024-07-28T02:37:12.917+0000] {dag.py:3441} INFO - Setting next_dagrun for exemplo_paralelismo to None, run_after=None
[2024-07-28T02:37:12.927+0000] {processor.py:175} INFO - Processing /opt/airflow/dags/exemplo_paralelismo.py took 0.054 seconds
[2024-07-28T02:37:18.882+0000] {processor.py:153} INFO - Started process (PID=1253) to work on /opt/airflow/dags/exemplo_paralelismo.py
[2024-07-28T02:37:18.883+0000] {processor.py:743} INFO - Processing file /opt/airflow/dags/exemplo_paralelismo.py for tasks to queue
[2024-07-28T02:37:18.883+0000] {logging_mixin.py:137} INFO - [2024-07-28T02:37:18.883+0000] {dagbag.py:538} INFO - Filling up the DagBag from /opt/airflow/dags/exemplo_paralelismo.py
[2024-07-28T02:37:18.890+0000] {processor.py:753} INFO - DAG(s) dict_keys(['exemplo_paralelismo']) retrieved from /opt/airflow/dags/exemplo_paralelismo.py
[2024-07-28T02:37:18.904+0000] {logging_mixin.py:137} INFO - [2024-07-28T02:37:18.904+0000] {dag.py:2690} INFO - Sync 1 DAGs
[2024-07-28T02:37:18.919+0000] {logging_mixin.py:137} INFO - [2024-07-28T02:37:18.919+0000] {dag.py:3441} INFO - Setting next_dagrun for exemplo_paralelismo to None, run_after=None
[2024-07-28T02:37:18.931+0000] {processor.py:175} INFO - Processing /opt/airflow/dags/exemplo_paralelismo.py took 0.051 seconds
[2024-07-28T02:37:24.820+0000] {processor.py:153} INFO - Started process (PID=1278) to work on /opt/airflow/dags/exemplo_paralelismo.py
[2024-07-28T02:37:24.820+0000] {processor.py:743} INFO - Processing file /opt/airflow/dags/exemplo_paralelismo.py for tasks to queue
[2024-07-28T02:37:24.821+0000] {logging_mixin.py:137} INFO - [2024-07-28T02:37:24.821+0000] {dagbag.py:538} INFO - Filling up the DagBag from /opt/airflow/dags/exemplo_paralelismo.py
[2024-07-28T02:37:24.830+0000] {processor.py:753} INFO - DAG(s) dict_keys(['exemplo_paralelismo']) retrieved from /opt/airflow/dags/exemplo_paralelismo.py
[2024-07-28T02:37:24.845+0000] {logging_mixin.py:137} INFO - [2024-07-28T02:37:24.845+0000] {dag.py:2690} INFO - Sync 1 DAGs
[2024-07-28T02:37:24.858+0000] {logging_mixin.py:137} INFO - [2024-07-28T02:37:24.858+0000] {dag.py:3441} INFO - Setting next_dagrun for exemplo_paralelismo to None, run_after=None
[2024-07-28T02:37:24.869+0000] {processor.py:175} INFO - Processing /opt/airflow/dags/exemplo_paralelismo.py took 0.051 seconds
[2024-07-28T02:37:30.839+0000] {processor.py:153} INFO - Started process (PID=1319) to work on /opt/airflow/dags/exemplo_paralelismo.py
[2024-07-28T02:37:30.840+0000] {processor.py:743} INFO - Processing file /opt/airflow/dags/exemplo_paralelismo.py for tasks to queue
[2024-07-28T02:37:30.840+0000] {logging_mixin.py:137} INFO - [2024-07-28T02:37:30.840+0000] {dagbag.py:538} INFO - Filling up the DagBag from /opt/airflow/dags/exemplo_paralelismo.py
[2024-07-28T02:37:30.848+0000] {processor.py:753} INFO - DAG(s) dict_keys(['exemplo_paralelismo']) retrieved from /opt/airflow/dags/exemplo_paralelismo.py
[2024-07-28T02:37:30.861+0000] {logging_mixin.py:137} INFO - [2024-07-28T02:37:30.861+0000] {dag.py:2690} INFO - Sync 1 DAGs
[2024-07-28T02:37:30.878+0000] {logging_mixin.py:137} INFO - [2024-07-28T02:37:30.878+0000] {dag.py:3441} INFO - Setting next_dagrun for exemplo_paralelismo to None, run_after=None
[2024-07-28T02:37:30.892+0000] {processor.py:175} INFO - Processing /opt/airflow/dags/exemplo_paralelismo.py took 0.055 seconds
[2024-07-28T02:37:36.829+0000] {processor.py:153} INFO - Started process (PID=1344) to work on /opt/airflow/dags/exemplo_paralelismo.py
[2024-07-28T02:37:36.830+0000] {processor.py:743} INFO - Processing file /opt/airflow/dags/exemplo_paralelismo.py for tasks to queue
[2024-07-28T02:37:36.830+0000] {logging_mixin.py:137} INFO - [2024-07-28T02:37:36.830+0000] {dagbag.py:538} INFO - Filling up the DagBag from /opt/airflow/dags/exemplo_paralelismo.py
[2024-07-28T02:37:36.838+0000] {processor.py:753} INFO - DAG(s) dict_keys(['exemplo_paralelismo']) retrieved from /opt/airflow/dags/exemplo_paralelismo.py
[2024-07-28T02:37:36.851+0000] {logging_mixin.py:137} INFO - [2024-07-28T02:37:36.851+0000] {dag.py:2690} INFO - Sync 1 DAGs
[2024-07-28T02:37:36.864+0000] {logging_mixin.py:137} INFO - [2024-07-28T02:37:36.864+0000] {dag.py:3441} INFO - Setting next_dagrun for exemplo_paralelismo to None, run_after=None
[2024-07-28T02:37:36.872+0000] {processor.py:175} INFO - Processing /opt/airflow/dags/exemplo_paralelismo.py took 0.045 seconds
[2024-07-28T02:37:42.841+0000] {processor.py:153} INFO - Started process (PID=1385) to work on /opt/airflow/dags/exemplo_paralelismo.py
[2024-07-28T02:37:42.841+0000] {processor.py:743} INFO - Processing file /opt/airflow/dags/exemplo_paralelismo.py for tasks to queue
[2024-07-28T02:37:42.842+0000] {logging_mixin.py:137} INFO - [2024-07-28T02:37:42.842+0000] {dagbag.py:538} INFO - Filling up the DagBag from /opt/airflow/dags/exemplo_paralelismo.py
[2024-07-28T02:37:42.849+0000] {processor.py:753} INFO - DAG(s) dict_keys(['exemplo_paralelismo']) retrieved from /opt/airflow/dags/exemplo_paralelismo.py
[2024-07-28T02:37:42.862+0000] {logging_mixin.py:137} INFO - [2024-07-28T02:37:42.862+0000] {dag.py:2690} INFO - Sync 1 DAGs
[2024-07-28T02:37:42.874+0000] {logging_mixin.py:137} INFO - [2024-07-28T02:37:42.874+0000] {dag.py:3441} INFO - Setting next_dagrun for exemplo_paralelismo to None, run_after=None
[2024-07-28T02:37:42.882+0000] {processor.py:175} INFO - Processing /opt/airflow/dags/exemplo_paralelismo.py took 0.043 seconds
[2024-07-28T02:37:48.769+0000] {processor.py:153} INFO - Started process (PID=1417) to work on /opt/airflow/dags/exemplo_paralelismo.py
[2024-07-28T02:37:48.770+0000] {processor.py:743} INFO - Processing file /opt/airflow/dags/exemplo_paralelismo.py for tasks to queue
[2024-07-28T02:37:48.770+0000] {logging_mixin.py:137} INFO - [2024-07-28T02:37:48.770+0000] {dagbag.py:538} INFO - Filling up the DagBag from /opt/airflow/dags/exemplo_paralelismo.py
[2024-07-28T02:37:48.778+0000] {processor.py:753} INFO - DAG(s) dict_keys(['exemplo_paralelismo']) retrieved from /opt/airflow/dags/exemplo_paralelismo.py
[2024-07-28T02:37:48.793+0000] {logging_mixin.py:137} INFO - [2024-07-28T02:37:48.793+0000] {dag.py:2690} INFO - Sync 1 DAGs
[2024-07-28T02:37:48.805+0000] {logging_mixin.py:137} INFO - [2024-07-28T02:37:48.804+0000] {dag.py:3441} INFO - Setting next_dagrun for exemplo_paralelismo to None, run_after=None
[2024-07-28T02:37:48.815+0000] {processor.py:175} INFO - Processing /opt/airflow/dags/exemplo_paralelismo.py took 0.048 seconds
[2024-07-28T02:37:54.783+0000] {processor.py:153} INFO - Started process (PID=1451) to work on /opt/airflow/dags/exemplo_paralelismo.py
[2024-07-28T02:37:54.783+0000] {processor.py:743} INFO - Processing file /opt/airflow/dags/exemplo_paralelismo.py for tasks to queue
[2024-07-28T02:37:54.784+0000] {logging_mixin.py:137} INFO - [2024-07-28T02:37:54.784+0000] {dagbag.py:538} INFO - Filling up the DagBag from /opt/airflow/dags/exemplo_paralelismo.py
[2024-07-28T02:37:54.792+0000] {processor.py:753} INFO - DAG(s) dict_keys(['exemplo_paralelismo']) retrieved from /opt/airflow/dags/exemplo_paralelismo.py
[2024-07-28T02:37:54.807+0000] {logging_mixin.py:137} INFO - [2024-07-28T02:37:54.806+0000] {dag.py:2690} INFO - Sync 1 DAGs
[2024-07-28T02:37:54.820+0000] {logging_mixin.py:137} INFO - [2024-07-28T02:37:54.820+0000] {dag.py:3441} INFO - Setting next_dagrun for exemplo_paralelismo to None, run_after=None
[2024-07-28T02:37:54.832+0000] {processor.py:175} INFO - Processing /opt/airflow/dags/exemplo_paralelismo.py took 0.051 seconds
[2024-07-28T02:38:00.955+0000] {processor.py:153} INFO - Started process (PID=1492) to work on /opt/airflow/dags/exemplo_paralelismo.py
[2024-07-28T02:38:00.959+0000] {processor.py:743} INFO - Processing file /opt/airflow/dags/exemplo_paralelismo.py for tasks to queue
[2024-07-28T02:38:00.960+0000] {logging_mixin.py:137} INFO - [2024-07-28T02:38:00.960+0000] {dagbag.py:538} INFO - Filling up the DagBag from /opt/airflow/dags/exemplo_paralelismo.py
[2024-07-28T02:38:00.974+0000] {processor.py:753} INFO - DAG(s) dict_keys(['exemplo_paralelismo']) retrieved from /opt/airflow/dags/exemplo_paralelismo.py
[2024-07-28T02:38:00.997+0000] {logging_mixin.py:137} INFO - [2024-07-28T02:38:00.997+0000] {dag.py:2690} INFO - Sync 1 DAGs
[2024-07-28T02:38:01.038+0000] {logging_mixin.py:137} INFO - [2024-07-28T02:38:01.038+0000] {dag.py:3441} INFO - Setting next_dagrun for exemplo_paralelismo to None, run_after=None
[2024-07-28T02:38:01.060+0000] {processor.py:175} INFO - Processing /opt/airflow/dags/exemplo_paralelismo.py took 0.108 seconds
[2024-07-28T02:38:06.198+0000] {processor.py:153} INFO - Started process (PID=1517) to work on /opt/airflow/dags/exemplo_paralelismo.py
[2024-07-28T02:38:06.198+0000] {processor.py:743} INFO - Processing file /opt/airflow/dags/exemplo_paralelismo.py for tasks to queue
[2024-07-28T02:38:06.199+0000] {logging_mixin.py:137} INFO - [2024-07-28T02:38:06.199+0000] {dagbag.py:538} INFO - Filling up the DagBag from /opt/airflow/dags/exemplo_paralelismo.py
[2024-07-28T02:38:06.207+0000] {processor.py:753} INFO - DAG(s) dict_keys(['exemplo_paralelismo']) retrieved from /opt/airflow/dags/exemplo_paralelismo.py
[2024-07-28T02:38:06.221+0000] {logging_mixin.py:137} INFO - [2024-07-28T02:38:06.221+0000] {dag.py:2690} INFO - Sync 1 DAGs
[2024-07-28T02:38:06.234+0000] {logging_mixin.py:137} INFO - [2024-07-28T02:38:06.233+0000] {dag.py:3441} INFO - Setting next_dagrun for exemplo_paralelismo to None, run_after=None
[2024-07-28T02:38:06.246+0000] {processor.py:175} INFO - Processing /opt/airflow/dags/exemplo_paralelismo.py took 0.050 seconds
[2024-07-28T02:38:12.354+0000] {processor.py:153} INFO - Started process (PID=1558) to work on /opt/airflow/dags/exemplo_paralelismo.py
[2024-07-28T02:38:12.356+0000] {processor.py:743} INFO - Processing file /opt/airflow/dags/exemplo_paralelismo.py for tasks to queue
[2024-07-28T02:38:12.356+0000] {logging_mixin.py:137} INFO - [2024-07-28T02:38:12.356+0000] {dagbag.py:538} INFO - Filling up the DagBag from /opt/airflow/dags/exemplo_paralelismo.py
[2024-07-28T02:38:12.364+0000] {processor.py:753} INFO - DAG(s) dict_keys(['exemplo_paralelismo']) retrieved from /opt/airflow/dags/exemplo_paralelismo.py
[2024-07-28T02:38:12.382+0000] {logging_mixin.py:137} INFO - [2024-07-28T02:38:12.382+0000] {dag.py:2690} INFO - Sync 1 DAGs
[2024-07-28T02:38:12.396+0000] {logging_mixin.py:137} INFO - [2024-07-28T02:38:12.396+0000] {dag.py:3441} INFO - Setting next_dagrun for exemplo_paralelismo to None, run_after=None
[2024-07-28T02:38:12.408+0000] {processor.py:175} INFO - Processing /opt/airflow/dags/exemplo_paralelismo.py took 0.056 seconds
[2024-07-28T02:38:18.371+0000] {processor.py:153} INFO - Started process (PID=1583) to work on /opt/airflow/dags/exemplo_paralelismo.py
[2024-07-28T02:38:18.372+0000] {processor.py:743} INFO - Processing file /opt/airflow/dags/exemplo_paralelismo.py for tasks to queue
[2024-07-28T02:38:18.372+0000] {logging_mixin.py:137} INFO - [2024-07-28T02:38:18.372+0000] {dagbag.py:538} INFO - Filling up the DagBag from /opt/airflow/dags/exemplo_paralelismo.py
[2024-07-28T02:38:18.380+0000] {processor.py:753} INFO - DAG(s) dict_keys(['exemplo_paralelismo']) retrieved from /opt/airflow/dags/exemplo_paralelismo.py
[2024-07-28T02:38:18.393+0000] {logging_mixin.py:137} INFO - [2024-07-28T02:38:18.393+0000] {dag.py:2690} INFO - Sync 1 DAGs
[2024-07-28T02:38:18.406+0000] {logging_mixin.py:137} INFO - [2024-07-28T02:38:18.406+0000] {dag.py:3441} INFO - Setting next_dagrun for exemplo_paralelismo to None, run_after=None
[2024-07-28T02:38:18.419+0000] {processor.py:175} INFO - Processing /opt/airflow/dags/exemplo_paralelismo.py took 0.049 seconds
[2024-07-28T02:38:24.417+0000] {processor.py:153} INFO - Started process (PID=1624) to work on /opt/airflow/dags/exemplo_paralelismo.py
[2024-07-28T02:38:24.418+0000] {processor.py:743} INFO - Processing file /opt/airflow/dags/exemplo_paralelismo.py for tasks to queue
[2024-07-28T02:38:24.418+0000] {logging_mixin.py:137} INFO - [2024-07-28T02:38:24.418+0000] {dagbag.py:538} INFO - Filling up the DagBag from /opt/airflow/dags/exemplo_paralelismo.py
[2024-07-28T02:38:24.426+0000] {processor.py:753} INFO - DAG(s) dict_keys(['exemplo_paralelismo']) retrieved from /opt/airflow/dags/exemplo_paralelismo.py
[2024-07-28T02:38:24.441+0000] {logging_mixin.py:137} INFO - [2024-07-28T02:38:24.440+0000] {dag.py:2690} INFO - Sync 1 DAGs
[2024-07-28T02:38:24.454+0000] {logging_mixin.py:137} INFO - [2024-07-28T02:38:24.454+0000] {dag.py:3441} INFO - Setting next_dagrun for exemplo_paralelismo to None, run_after=None
[2024-07-28T02:38:24.463+0000] {processor.py:175} INFO - Processing /opt/airflow/dags/exemplo_paralelismo.py took 0.048 seconds
[2024-07-28T02:38:30.456+0000] {processor.py:153} INFO - Started process (PID=1649) to work on /opt/airflow/dags/exemplo_paralelismo.py
[2024-07-28T02:38:30.457+0000] {processor.py:743} INFO - Processing file /opt/airflow/dags/exemplo_paralelismo.py for tasks to queue
[2024-07-28T02:38:30.457+0000] {logging_mixin.py:137} INFO - [2024-07-28T02:38:30.457+0000] {dagbag.py:538} INFO - Filling up the DagBag from /opt/airflow/dags/exemplo_paralelismo.py
[2024-07-28T02:38:30.465+0000] {processor.py:753} INFO - DAG(s) dict_keys(['exemplo_paralelismo']) retrieved from /opt/airflow/dags/exemplo_paralelismo.py
[2024-07-28T02:38:30.487+0000] {logging_mixin.py:137} INFO - [2024-07-28T02:38:30.487+0000] {dag.py:2690} INFO - Sync 1 DAGs
[2024-07-28T02:38:30.501+0000] {logging_mixin.py:137} INFO - [2024-07-28T02:38:30.501+0000] {dag.py:3441} INFO - Setting next_dagrun for exemplo_paralelismo to None, run_after=None
[2024-07-28T02:38:30.518+0000] {processor.py:175} INFO - Processing /opt/airflow/dags/exemplo_paralelismo.py took 0.063 seconds
[2024-07-28T02:38:36.499+0000] {processor.py:153} INFO - Started process (PID=1690) to work on /opt/airflow/dags/exemplo_paralelismo.py
[2024-07-28T02:38:36.500+0000] {processor.py:743} INFO - Processing file /opt/airflow/dags/exemplo_paralelismo.py for tasks to queue
[2024-07-28T02:38:36.501+0000] {logging_mixin.py:137} INFO - [2024-07-28T02:38:36.501+0000] {dagbag.py:538} INFO - Filling up the DagBag from /opt/airflow/dags/exemplo_paralelismo.py
[2024-07-28T02:38:36.511+0000] {processor.py:753} INFO - DAG(s) dict_keys(['exemplo_paralelismo']) retrieved from /opt/airflow/dags/exemplo_paralelismo.py
[2024-07-28T02:38:36.554+0000] {logging_mixin.py:137} INFO - [2024-07-28T02:38:36.554+0000] {dag.py:2690} INFO - Sync 1 DAGs
[2024-07-28T02:38:36.569+0000] {logging_mixin.py:137} INFO - [2024-07-28T02:38:36.569+0000] {dag.py:3441} INFO - Setting next_dagrun for exemplo_paralelismo to None, run_after=None
[2024-07-28T02:38:36.583+0000] {processor.py:175} INFO - Processing /opt/airflow/dags/exemplo_paralelismo.py took 0.086 seconds
[2024-07-28T02:38:42.611+0000] {processor.py:153} INFO - Started process (PID=1715) to work on /opt/airflow/dags/exemplo_paralelismo.py
[2024-07-28T02:38:42.612+0000] {processor.py:743} INFO - Processing file /opt/airflow/dags/exemplo_paralelismo.py for tasks to queue
[2024-07-28T02:38:42.612+0000] {logging_mixin.py:137} INFO - [2024-07-28T02:38:42.612+0000] {dagbag.py:538} INFO - Filling up the DagBag from /opt/airflow/dags/exemplo_paralelismo.py
[2024-07-28T02:38:42.621+0000] {processor.py:753} INFO - DAG(s) dict_keys(['exemplo_paralelismo']) retrieved from /opt/airflow/dags/exemplo_paralelismo.py
[2024-07-28T02:38:42.636+0000] {logging_mixin.py:137} INFO - [2024-07-28T02:38:42.636+0000] {dag.py:2690} INFO - Sync 1 DAGs
[2024-07-28T02:38:42.656+0000] {logging_mixin.py:137} INFO - [2024-07-28T02:38:42.656+0000] {dag.py:3441} INFO - Setting next_dagrun for exemplo_paralelismo to None, run_after=None
[2024-07-28T02:38:42.673+0000] {processor.py:175} INFO - Processing /opt/airflow/dags/exemplo_paralelismo.py took 0.064 seconds
[2024-07-28T02:38:47.770+0000] {processor.py:153} INFO - Started process (PID=1756) to work on /opt/airflow/dags/exemplo_paralelismo.py
[2024-07-28T02:38:47.772+0000] {processor.py:743} INFO - Processing file /opt/airflow/dags/exemplo_paralelismo.py for tasks to queue
[2024-07-28T02:38:47.773+0000] {logging_mixin.py:137} INFO - [2024-07-28T02:38:47.773+0000] {dagbag.py:538} INFO - Filling up the DagBag from /opt/airflow/dags/exemplo_paralelismo.py
[2024-07-28T02:38:47.785+0000] {processor.py:753} INFO - DAG(s) dict_keys(['exemplo_paralelismo']) retrieved from /opt/airflow/dags/exemplo_paralelismo.py
[2024-07-28T02:38:47.798+0000] {logging_mixin.py:137} INFO - [2024-07-28T02:38:47.798+0000] {dag.py:2690} INFO - Sync 1 DAGs
[2024-07-28T02:38:47.811+0000] {logging_mixin.py:137} INFO - [2024-07-28T02:38:47.810+0000] {dag.py:3441} INFO - Setting next_dagrun for exemplo_paralelismo to None, run_after=None
[2024-07-28T02:38:47.823+0000] {processor.py:175} INFO - Processing /opt/airflow/dags/exemplo_paralelismo.py took 0.055 seconds
[2024-07-28T02:38:53.852+0000] {processor.py:153} INFO - Started process (PID=1781) to work on /opt/airflow/dags/exemplo_paralelismo.py
[2024-07-28T02:38:53.853+0000] {processor.py:743} INFO - Processing file /opt/airflow/dags/exemplo_paralelismo.py for tasks to queue
[2024-07-28T02:38:53.853+0000] {logging_mixin.py:137} INFO - [2024-07-28T02:38:53.853+0000] {dagbag.py:538} INFO - Filling up the DagBag from /opt/airflow/dags/exemplo_paralelismo.py
[2024-07-28T02:38:53.861+0000] {processor.py:753} INFO - DAG(s) dict_keys(['exemplo_paralelismo']) retrieved from /opt/airflow/dags/exemplo_paralelismo.py
[2024-07-28T02:38:53.877+0000] {logging_mixin.py:137} INFO - [2024-07-28T02:38:53.877+0000] {dag.py:2690} INFO - Sync 1 DAGs
[2024-07-28T02:38:53.889+0000] {logging_mixin.py:137} INFO - [2024-07-28T02:38:53.889+0000] {dag.py:3441} INFO - Setting next_dagrun for exemplo_paralelismo to None, run_after=None
[2024-07-28T02:38:53.904+0000] {processor.py:175} INFO - Processing /opt/airflow/dags/exemplo_paralelismo.py took 0.054 seconds
[2024-07-28T02:38:59.825+0000] {processor.py:153} INFO - Started process (PID=1822) to work on /opt/airflow/dags/exemplo_paralelismo.py
[2024-07-28T02:38:59.826+0000] {processor.py:743} INFO - Processing file /opt/airflow/dags/exemplo_paralelismo.py for tasks to queue
[2024-07-28T02:38:59.826+0000] {logging_mixin.py:137} INFO - [2024-07-28T02:38:59.826+0000] {dagbag.py:538} INFO - Filling up the DagBag from /opt/airflow/dags/exemplo_paralelismo.py
[2024-07-28T02:38:59.835+0000] {processor.py:753} INFO - DAG(s) dict_keys(['exemplo_paralelismo']) retrieved from /opt/airflow/dags/exemplo_paralelismo.py
[2024-07-28T02:38:59.852+0000] {logging_mixin.py:137} INFO - [2024-07-28T02:38:59.852+0000] {dag.py:2690} INFO - Sync 1 DAGs
[2024-07-28T02:38:59.871+0000] {logging_mixin.py:137} INFO - [2024-07-28T02:38:59.871+0000] {dag.py:3441} INFO - Setting next_dagrun for exemplo_paralelismo to None, run_after=None
[2024-07-28T02:38:59.884+0000] {processor.py:175} INFO - Processing /opt/airflow/dags/exemplo_paralelismo.py took 0.060 seconds
[2024-07-28T02:39:05.858+0000] {processor.py:153} INFO - Started process (PID=1847) to work on /opt/airflow/dags/exemplo_paralelismo.py
[2024-07-28T02:39:05.858+0000] {processor.py:743} INFO - Processing file /opt/airflow/dags/exemplo_paralelismo.py for tasks to queue
[2024-07-28T02:39:05.859+0000] {logging_mixin.py:137} INFO - [2024-07-28T02:39:05.859+0000] {dagbag.py:538} INFO - Filling up the DagBag from /opt/airflow/dags/exemplo_paralelismo.py
[2024-07-28T02:39:05.867+0000] {processor.py:753} INFO - DAG(s) dict_keys(['exemplo_paralelismo']) retrieved from /opt/airflow/dags/exemplo_paralelismo.py
[2024-07-28T02:39:05.881+0000] {logging_mixin.py:137} INFO - [2024-07-28T02:39:05.881+0000] {dag.py:2690} INFO - Sync 1 DAGs
[2024-07-28T02:39:05.898+0000] {logging_mixin.py:137} INFO - [2024-07-28T02:39:05.898+0000] {dag.py:3441} INFO - Setting next_dagrun for exemplo_paralelismo to None, run_after=None
[2024-07-28T02:39:05.910+0000] {processor.py:175} INFO - Processing /opt/airflow/dags/exemplo_paralelismo.py took 0.054 seconds
[2024-07-28T02:39:12.004+0000] {processor.py:153} INFO - Started process (PID=1888) to work on /opt/airflow/dags/exemplo_paralelismo.py
[2024-07-28T02:39:12.004+0000] {processor.py:743} INFO - Processing file /opt/airflow/dags/exemplo_paralelismo.py for tasks to queue
[2024-07-28T02:39:12.005+0000] {logging_mixin.py:137} INFO - [2024-07-28T02:39:12.005+0000] {dagbag.py:538} INFO - Filling up the DagBag from /opt/airflow/dags/exemplo_paralelismo.py
[2024-07-28T02:39:12.015+0000] {processor.py:753} INFO - DAG(s) dict_keys(['exemplo_paralelismo']) retrieved from /opt/airflow/dags/exemplo_paralelismo.py
[2024-07-28T02:39:12.031+0000] {logging_mixin.py:137} INFO - [2024-07-28T02:39:12.031+0000] {dag.py:2690} INFO - Sync 1 DAGs
[2024-07-28T02:39:12.044+0000] {logging_mixin.py:137} INFO - [2024-07-28T02:39:12.044+0000] {dag.py:3441} INFO - Setting next_dagrun for exemplo_paralelismo to None, run_after=None
[2024-07-28T02:39:12.053+0000] {processor.py:175} INFO - Processing /opt/airflow/dags/exemplo_paralelismo.py took 0.051 seconds
[2024-07-28T02:39:18.023+0000] {processor.py:153} INFO - Started process (PID=1913) to work on /opt/airflow/dags/exemplo_paralelismo.py
[2024-07-28T02:39:18.024+0000] {processor.py:743} INFO - Processing file /opt/airflow/dags/exemplo_paralelismo.py for tasks to queue
[2024-07-28T02:39:18.024+0000] {logging_mixin.py:137} INFO - [2024-07-28T02:39:18.024+0000] {dagbag.py:538} INFO - Filling up the DagBag from /opt/airflow/dags/exemplo_paralelismo.py
[2024-07-28T02:39:18.032+0000] {processor.py:753} INFO - DAG(s) dict_keys(['exemplo_paralelismo']) retrieved from /opt/airflow/dags/exemplo_paralelismo.py
[2024-07-28T02:39:18.045+0000] {logging_mixin.py:137} INFO - [2024-07-28T02:39:18.045+0000] {dag.py:2690} INFO - Sync 1 DAGs
[2024-07-28T02:39:18.057+0000] {logging_mixin.py:137} INFO - [2024-07-28T02:39:18.057+0000] {dag.py:3441} INFO - Setting next_dagrun for exemplo_paralelismo to None, run_after=None
[2024-07-28T02:39:18.065+0000] {processor.py:175} INFO - Processing /opt/airflow/dags/exemplo_paralelismo.py took 0.044 seconds
[2024-07-28T02:39:24.022+0000] {processor.py:153} INFO - Started process (PID=1954) to work on /opt/airflow/dags/exemplo_paralelismo.py
[2024-07-28T02:39:24.023+0000] {processor.py:743} INFO - Processing file /opt/airflow/dags/exemplo_paralelismo.py for tasks to queue
[2024-07-28T02:39:24.023+0000] {logging_mixin.py:137} INFO - [2024-07-28T02:39:24.023+0000] {dagbag.py:538} INFO - Filling up the DagBag from /opt/airflow/dags/exemplo_paralelismo.py
[2024-07-28T02:39:24.031+0000] {processor.py:753} INFO - DAG(s) dict_keys(['exemplo_paralelismo']) retrieved from /opt/airflow/dags/exemplo_paralelismo.py
[2024-07-28T02:39:24.049+0000] {logging_mixin.py:137} INFO - [2024-07-28T02:39:24.049+0000] {dag.py:2690} INFO - Sync 1 DAGs
[2024-07-28T02:39:24.061+0000] {logging_mixin.py:137} INFO - [2024-07-28T02:39:24.061+0000] {dag.py:3441} INFO - Setting next_dagrun for exemplo_paralelismo to None, run_after=None
[2024-07-28T02:39:24.073+0000] {processor.py:175} INFO - Processing /opt/airflow/dags/exemplo_paralelismo.py took 0.052 seconds
[2024-07-28T02:39:30.048+0000] {processor.py:153} INFO - Started process (PID=1979) to work on /opt/airflow/dags/exemplo_paralelismo.py
[2024-07-28T02:39:30.049+0000] {processor.py:743} INFO - Processing file /opt/airflow/dags/exemplo_paralelismo.py for tasks to queue
[2024-07-28T02:39:30.049+0000] {logging_mixin.py:137} INFO - [2024-07-28T02:39:30.049+0000] {dagbag.py:538} INFO - Filling up the DagBag from /opt/airflow/dags/exemplo_paralelismo.py
[2024-07-28T02:39:30.058+0000] {processor.py:753} INFO - DAG(s) dict_keys(['exemplo_paralelismo']) retrieved from /opt/airflow/dags/exemplo_paralelismo.py
[2024-07-28T02:39:30.069+0000] {logging_mixin.py:137} INFO - [2024-07-28T02:39:30.069+0000] {dag.py:2690} INFO - Sync 1 DAGs
[2024-07-28T02:39:30.081+0000] {logging_mixin.py:137} INFO - [2024-07-28T02:39:30.081+0000] {dag.py:3441} INFO - Setting next_dagrun for exemplo_paralelismo to None, run_after=None
[2024-07-28T02:39:30.091+0000] {processor.py:175} INFO - Processing /opt/airflow/dags/exemplo_paralelismo.py took 0.045 seconds
[2024-07-28T02:39:36.046+0000] {processor.py:153} INFO - Started process (PID=2020) to work on /opt/airflow/dags/exemplo_paralelismo.py
[2024-07-28T02:39:36.047+0000] {processor.py:743} INFO - Processing file /opt/airflow/dags/exemplo_paralelismo.py for tasks to queue
[2024-07-28T02:39:36.047+0000] {logging_mixin.py:137} INFO - [2024-07-28T02:39:36.047+0000] {dagbag.py:538} INFO - Filling up the DagBag from /opt/airflow/dags/exemplo_paralelismo.py
[2024-07-28T02:39:36.055+0000] {processor.py:753} INFO - DAG(s) dict_keys(['exemplo_paralelismo']) retrieved from /opt/airflow/dags/exemplo_paralelismo.py
[2024-07-28T02:39:36.070+0000] {logging_mixin.py:137} INFO - [2024-07-28T02:39:36.069+0000] {dag.py:2690} INFO - Sync 1 DAGs
[2024-07-28T02:39:36.084+0000] {logging_mixin.py:137} INFO - [2024-07-28T02:39:36.084+0000] {dag.py:3441} INFO - Setting next_dagrun for exemplo_paralelismo to None, run_after=None
[2024-07-28T02:39:36.094+0000] {processor.py:175} INFO - Processing /opt/airflow/dags/exemplo_paralelismo.py took 0.050 seconds
[2024-07-28T02:39:42.070+0000] {processor.py:153} INFO - Started process (PID=2054) to work on /opt/airflow/dags/exemplo_paralelismo.py
[2024-07-28T02:39:42.071+0000] {processor.py:743} INFO - Processing file /opt/airflow/dags/exemplo_paralelismo.py for tasks to queue
[2024-07-28T02:39:42.071+0000] {logging_mixin.py:137} INFO - [2024-07-28T02:39:42.071+0000] {dagbag.py:538} INFO - Filling up the DagBag from /opt/airflow/dags/exemplo_paralelismo.py
[2024-07-28T02:39:42.080+0000] {processor.py:753} INFO - DAG(s) dict_keys(['exemplo_paralelismo']) retrieved from /opt/airflow/dags/exemplo_paralelismo.py
[2024-07-28T02:39:42.094+0000] {logging_mixin.py:137} INFO - [2024-07-28T02:39:42.094+0000] {dag.py:2690} INFO - Sync 1 DAGs
[2024-07-28T02:39:42.108+0000] {logging_mixin.py:137} INFO - [2024-07-28T02:39:42.108+0000] {dag.py:3441} INFO - Setting next_dagrun for exemplo_paralelismo to None, run_after=None
[2024-07-28T02:39:42.119+0000] {processor.py:175} INFO - Processing /opt/airflow/dags/exemplo_paralelismo.py took 0.051 seconds
[2024-07-28T02:39:48.219+0000] {processor.py:153} INFO - Started process (PID=2086) to work on /opt/airflow/dags/exemplo_paralelismo.py
[2024-07-28T02:39:48.221+0000] {processor.py:743} INFO - Processing file /opt/airflow/dags/exemplo_paralelismo.py for tasks to queue
[2024-07-28T02:39:48.222+0000] {logging_mixin.py:137} INFO - [2024-07-28T02:39:48.222+0000] {dagbag.py:538} INFO - Filling up the DagBag from /opt/airflow/dags/exemplo_paralelismo.py
[2024-07-28T02:39:48.230+0000] {processor.py:753} INFO - DAG(s) dict_keys(['exemplo_paralelismo']) retrieved from /opt/airflow/dags/exemplo_paralelismo.py
[2024-07-28T02:39:48.244+0000] {logging_mixin.py:137} INFO - [2024-07-28T02:39:48.244+0000] {dag.py:2690} INFO - Sync 1 DAGs
[2024-07-28T02:39:48.258+0000] {logging_mixin.py:137} INFO - [2024-07-28T02:39:48.258+0000] {dag.py:3441} INFO - Setting next_dagrun for exemplo_paralelismo to None, run_after=None
[2024-07-28T02:39:48.270+0000] {processor.py:175} INFO - Processing /opt/airflow/dags/exemplo_paralelismo.py took 0.053 seconds
[2024-07-28T02:39:54.401+0000] {processor.py:153} INFO - Started process (PID=2127) to work on /opt/airflow/dags/exemplo_paralelismo.py
[2024-07-28T02:39:54.402+0000] {processor.py:743} INFO - Processing file /opt/airflow/dags/exemplo_paralelismo.py for tasks to queue
[2024-07-28T02:39:54.402+0000] {logging_mixin.py:137} INFO - [2024-07-28T02:39:54.402+0000] {dagbag.py:538} INFO - Filling up the DagBag from /opt/airflow/dags/exemplo_paralelismo.py
[2024-07-28T02:39:54.411+0000] {processor.py:753} INFO - DAG(s) dict_keys(['exemplo_paralelismo']) retrieved from /opt/airflow/dags/exemplo_paralelismo.py
[2024-07-28T02:39:54.423+0000] {logging_mixin.py:137} INFO - [2024-07-28T02:39:54.423+0000] {dag.py:2690} INFO - Sync 1 DAGs
[2024-07-28T02:39:54.437+0000] {logging_mixin.py:137} INFO - [2024-07-28T02:39:54.437+0000] {dag.py:3441} INFO - Setting next_dagrun for exemplo_paralelismo to None, run_after=None
[2024-07-28T02:39:54.445+0000] {processor.py:175} INFO - Processing /opt/airflow/dags/exemplo_paralelismo.py took 0.046 seconds
[2024-07-28T02:40:00.487+0000] {processor.py:153} INFO - Started process (PID=2152) to work on /opt/airflow/dags/exemplo_paralelismo.py
[2024-07-28T02:40:00.487+0000] {processor.py:743} INFO - Processing file /opt/airflow/dags/exemplo_paralelismo.py for tasks to queue
[2024-07-28T02:40:00.488+0000] {logging_mixin.py:137} INFO - [2024-07-28T02:40:00.488+0000] {dagbag.py:538} INFO - Filling up the DagBag from /opt/airflow/dags/exemplo_paralelismo.py
[2024-07-28T02:40:00.496+0000] {processor.py:753} INFO - DAG(s) dict_keys(['exemplo_paralelismo']) retrieved from /opt/airflow/dags/exemplo_paralelismo.py
[2024-07-28T02:40:00.511+0000] {logging_mixin.py:137} INFO - [2024-07-28T02:40:00.511+0000] {dag.py:2690} INFO - Sync 1 DAGs
[2024-07-28T02:40:00.524+0000] {logging_mixin.py:137} INFO - [2024-07-28T02:40:00.524+0000] {dag.py:3441} INFO - Setting next_dagrun for exemplo_paralelismo to None, run_after=None
[2024-07-28T02:40:00.538+0000] {processor.py:175} INFO - Processing /opt/airflow/dags/exemplo_paralelismo.py took 0.053 seconds
[2024-07-28T02:40:06.688+0000] {processor.py:153} INFO - Started process (PID=2192) to work on /opt/airflow/dags/exemplo_paralelismo.py
[2024-07-28T02:40:06.691+0000] {processor.py:743} INFO - Processing file /opt/airflow/dags/exemplo_paralelismo.py for tasks to queue
[2024-07-28T02:40:06.691+0000] {logging_mixin.py:137} INFO - [2024-07-28T02:40:06.691+0000] {dagbag.py:538} INFO - Filling up the DagBag from /opt/airflow/dags/exemplo_paralelismo.py
[2024-07-28T02:40:06.700+0000] {processor.py:753} INFO - DAG(s) dict_keys(['exemplo_paralelismo']) retrieved from /opt/airflow/dags/exemplo_paralelismo.py
[2024-07-28T02:40:06.715+0000] {logging_mixin.py:137} INFO - [2024-07-28T02:40:06.714+0000] {dag.py:2690} INFO - Sync 1 DAGs
[2024-07-28T02:40:06.732+0000] {logging_mixin.py:137} INFO - [2024-07-28T02:40:06.732+0000] {dag.py:3441} INFO - Setting next_dagrun for exemplo_paralelismo to None, run_after=None
[2024-07-28T02:40:06.746+0000] {processor.py:175} INFO - Processing /opt/airflow/dags/exemplo_paralelismo.py took 0.060 seconds
[2024-07-28T02:40:12.900+0000] {processor.py:153} INFO - Started process (PID=2217) to work on /opt/airflow/dags/exemplo_paralelismo.py
[2024-07-28T02:40:12.900+0000] {processor.py:743} INFO - Processing file /opt/airflow/dags/exemplo_paralelismo.py for tasks to queue
[2024-07-28T02:40:12.901+0000] {logging_mixin.py:137} INFO - [2024-07-28T02:40:12.901+0000] {dagbag.py:538} INFO - Filling up the DagBag from /opt/airflow/dags/exemplo_paralelismo.py
[2024-07-28T02:40:12.910+0000] {processor.py:753} INFO - DAG(s) dict_keys(['exemplo_paralelismo']) retrieved from /opt/airflow/dags/exemplo_paralelismo.py
[2024-07-28T02:40:12.926+0000] {logging_mixin.py:137} INFO - [2024-07-28T02:40:12.926+0000] {dag.py:2690} INFO - Sync 1 DAGs
[2024-07-28T02:40:12.942+0000] {logging_mixin.py:137} INFO - [2024-07-28T02:40:12.942+0000] {dag.py:3441} INFO - Setting next_dagrun for exemplo_paralelismo to None, run_after=None
[2024-07-28T02:40:12.957+0000] {processor.py:175} INFO - Processing /opt/airflow/dags/exemplo_paralelismo.py took 0.060 seconds
[2024-07-28T02:40:18.959+0000] {processor.py:153} INFO - Started process (PID=2258) to work on /opt/airflow/dags/exemplo_paralelismo.py
[2024-07-28T02:40:18.959+0000] {processor.py:743} INFO - Processing file /opt/airflow/dags/exemplo_paralelismo.py for tasks to queue
[2024-07-28T02:40:18.960+0000] {logging_mixin.py:137} INFO - [2024-07-28T02:40:18.960+0000] {dagbag.py:538} INFO - Filling up the DagBag from /opt/airflow/dags/exemplo_paralelismo.py
[2024-07-28T02:40:18.968+0000] {processor.py:753} INFO - DAG(s) dict_keys(['exemplo_paralelismo']) retrieved from /opt/airflow/dags/exemplo_paralelismo.py
[2024-07-28T02:40:18.995+0000] {logging_mixin.py:137} INFO - [2024-07-28T02:40:18.995+0000] {dag.py:2690} INFO - Sync 1 DAGs
[2024-07-28T02:40:19.010+0000] {logging_mixin.py:137} INFO - [2024-07-28T02:40:19.010+0000] {dag.py:3441} INFO - Setting next_dagrun for exemplo_paralelismo to None, run_after=None
[2024-07-28T02:40:19.023+0000] {processor.py:175} INFO - Processing /opt/airflow/dags/exemplo_paralelismo.py took 0.067 seconds
[2024-07-28T02:40:25.093+0000] {processor.py:153} INFO - Started process (PID=2283) to work on /opt/airflow/dags/exemplo_paralelismo.py
[2024-07-28T02:40:25.094+0000] {processor.py:743} INFO - Processing file /opt/airflow/dags/exemplo_paralelismo.py for tasks to queue
[2024-07-28T02:40:25.094+0000] {logging_mixin.py:137} INFO - [2024-07-28T02:40:25.094+0000] {dagbag.py:538} INFO - Filling up the DagBag from /opt/airflow/dags/exemplo_paralelismo.py
[2024-07-28T02:40:25.103+0000] {processor.py:753} INFO - DAG(s) dict_keys(['exemplo_paralelismo']) retrieved from /opt/airflow/dags/exemplo_paralelismo.py
[2024-07-28T02:40:25.118+0000] {logging_mixin.py:137} INFO - [2024-07-28T02:40:25.118+0000] {dag.py:2690} INFO - Sync 1 DAGs
[2024-07-28T02:40:25.131+0000] {logging_mixin.py:137} INFO - [2024-07-28T02:40:25.131+0000] {dag.py:3441} INFO - Setting next_dagrun for exemplo_paralelismo to None, run_after=None
[2024-07-28T02:40:25.151+0000] {processor.py:175} INFO - Processing /opt/airflow/dags/exemplo_paralelismo.py took 0.059 seconds
[2024-07-28T02:40:31.121+0000] {processor.py:153} INFO - Started process (PID=2324) to work on /opt/airflow/dags/exemplo_paralelismo.py
[2024-07-28T02:40:31.122+0000] {processor.py:743} INFO - Processing file /opt/airflow/dags/exemplo_paralelismo.py for tasks to queue
[2024-07-28T02:40:31.123+0000] {logging_mixin.py:137} INFO - [2024-07-28T02:40:31.123+0000] {dagbag.py:538} INFO - Filling up the DagBag from /opt/airflow/dags/exemplo_paralelismo.py
[2024-07-28T02:40:31.139+0000] {processor.py:753} INFO - DAG(s) dict_keys(['exemplo_paralelismo']) retrieved from /opt/airflow/dags/exemplo_paralelismo.py
[2024-07-28T02:40:31.158+0000] {logging_mixin.py:137} INFO - [2024-07-28T02:40:31.157+0000] {dag.py:2690} INFO - Sync 1 DAGs
[2024-07-28T02:40:31.172+0000] {logging_mixin.py:137} INFO - [2024-07-28T02:40:31.172+0000] {dag.py:3441} INFO - Setting next_dagrun for exemplo_paralelismo to None, run_after=None
[2024-07-28T02:40:31.182+0000] {processor.py:175} INFO - Processing /opt/airflow/dags/exemplo_paralelismo.py took 0.063 seconds
[2024-07-28T02:40:37.270+0000] {processor.py:153} INFO - Started process (PID=2349) to work on /opt/airflow/dags/exemplo_paralelismo.py
[2024-07-28T02:40:37.270+0000] {processor.py:743} INFO - Processing file /opt/airflow/dags/exemplo_paralelismo.py for tasks to queue
[2024-07-28T02:40:37.271+0000] {logging_mixin.py:137} INFO - [2024-07-28T02:40:37.271+0000] {dagbag.py:538} INFO - Filling up the DagBag from /opt/airflow/dags/exemplo_paralelismo.py
[2024-07-28T02:40:37.279+0000] {processor.py:753} INFO - DAG(s) dict_keys(['exemplo_paralelismo']) retrieved from /opt/airflow/dags/exemplo_paralelismo.py
[2024-07-28T02:40:37.293+0000] {logging_mixin.py:137} INFO - [2024-07-28T02:40:37.293+0000] {dag.py:2690} INFO - Sync 1 DAGs
[2024-07-28T02:40:37.306+0000] {logging_mixin.py:137} INFO - [2024-07-28T02:40:37.306+0000] {dag.py:3441} INFO - Setting next_dagrun for exemplo_paralelismo to None, run_after=None
[2024-07-28T02:40:37.315+0000] {processor.py:175} INFO - Processing /opt/airflow/dags/exemplo_paralelismo.py took 0.047 seconds
[2024-07-28T02:40:43.304+0000] {processor.py:153} INFO - Started process (PID=2389) to work on /opt/airflow/dags/exemplo_paralelismo.py
[2024-07-28T02:40:43.305+0000] {processor.py:743} INFO - Processing file /opt/airflow/dags/exemplo_paralelismo.py for tasks to queue
[2024-07-28T02:40:43.306+0000] {logging_mixin.py:137} INFO - [2024-07-28T02:40:43.306+0000] {dagbag.py:538} INFO - Filling up the DagBag from /opt/airflow/dags/exemplo_paralelismo.py
[2024-07-28T02:40:43.316+0000] {processor.py:753} INFO - DAG(s) dict_keys(['exemplo_paralelismo']) retrieved from /opt/airflow/dags/exemplo_paralelismo.py
[2024-07-28T02:40:43.330+0000] {logging_mixin.py:137} INFO - [2024-07-28T02:40:43.330+0000] {dag.py:2690} INFO - Sync 1 DAGs
[2024-07-28T02:40:43.346+0000] {logging_mixin.py:137} INFO - [2024-07-28T02:40:43.346+0000] {dag.py:3441} INFO - Setting next_dagrun for exemplo_paralelismo to None, run_after=None
[2024-07-28T02:40:43.359+0000] {processor.py:175} INFO - Processing /opt/airflow/dags/exemplo_paralelismo.py took 0.059 seconds
[2024-07-28T02:40:49.367+0000] {processor.py:153} INFO - Started process (PID=2414) to work on /opt/airflow/dags/exemplo_paralelismo.py
[2024-07-28T02:40:49.367+0000] {processor.py:743} INFO - Processing file /opt/airflow/dags/exemplo_paralelismo.py for tasks to queue
[2024-07-28T02:40:49.368+0000] {logging_mixin.py:137} INFO - [2024-07-28T02:40:49.368+0000] {dagbag.py:538} INFO - Filling up the DagBag from /opt/airflow/dags/exemplo_paralelismo.py
[2024-07-28T02:40:49.376+0000] {processor.py:753} INFO - DAG(s) dict_keys(['exemplo_paralelismo']) retrieved from /opt/airflow/dags/exemplo_paralelismo.py
[2024-07-28T02:40:49.390+0000] {logging_mixin.py:137} INFO - [2024-07-28T02:40:49.390+0000] {dag.py:2690} INFO - Sync 1 DAGs
[2024-07-28T02:40:49.407+0000] {logging_mixin.py:137} INFO - [2024-07-28T02:40:49.407+0000] {dag.py:3441} INFO - Setting next_dagrun for exemplo_paralelismo to None, run_after=None
[2024-07-28T02:40:49.420+0000] {processor.py:175} INFO - Processing /opt/airflow/dags/exemplo_paralelismo.py took 0.055 seconds
[2024-07-28T02:40:55.442+0000] {processor.py:153} INFO - Started process (PID=2455) to work on /opt/airflow/dags/exemplo_paralelismo.py
[2024-07-28T02:40:55.442+0000] {processor.py:743} INFO - Processing file /opt/airflow/dags/exemplo_paralelismo.py for tasks to queue
[2024-07-28T02:40:55.443+0000] {logging_mixin.py:137} INFO - [2024-07-28T02:40:55.443+0000] {dagbag.py:538} INFO - Filling up the DagBag from /opt/airflow/dags/exemplo_paralelismo.py
[2024-07-28T02:40:55.451+0000] {processor.py:753} INFO - DAG(s) dict_keys(['exemplo_paralelismo']) retrieved from /opt/airflow/dags/exemplo_paralelismo.py
[2024-07-28T02:40:55.465+0000] {logging_mixin.py:137} INFO - [2024-07-28T02:40:55.465+0000] {dag.py:2690} INFO - Sync 1 DAGs
[2024-07-28T02:40:55.480+0000] {logging_mixin.py:137} INFO - [2024-07-28T02:40:55.480+0000] {dag.py:3441} INFO - Setting next_dagrun for exemplo_paralelismo to None, run_after=None
[2024-07-28T02:40:55.492+0000] {processor.py:175} INFO - Processing /opt/airflow/dags/exemplo_paralelismo.py took 0.053 seconds
[2024-07-28T02:41:01.498+0000] {processor.py:153} INFO - Started process (PID=2489) to work on /opt/airflow/dags/exemplo_paralelismo.py
[2024-07-28T02:41:01.498+0000] {processor.py:743} INFO - Processing file /opt/airflow/dags/exemplo_paralelismo.py for tasks to queue
[2024-07-28T02:41:01.499+0000] {logging_mixin.py:137} INFO - [2024-07-28T02:41:01.499+0000] {dagbag.py:538} INFO - Filling up the DagBag from /opt/airflow/dags/exemplo_paralelismo.py
[2024-07-28T02:41:01.507+0000] {processor.py:753} INFO - DAG(s) dict_keys(['exemplo_paralelismo']) retrieved from /opt/airflow/dags/exemplo_paralelismo.py
[2024-07-28T02:41:01.526+0000] {logging_mixin.py:137} INFO - [2024-07-28T02:41:01.526+0000] {dag.py:2690} INFO - Sync 1 DAGs
[2024-07-28T02:41:01.541+0000] {logging_mixin.py:137} INFO - [2024-07-28T02:41:01.541+0000] {dag.py:3441} INFO - Setting next_dagrun for exemplo_paralelismo to None, run_after=None
[2024-07-28T02:41:01.554+0000] {processor.py:175} INFO - Processing /opt/airflow/dags/exemplo_paralelismo.py took 0.058 seconds
[2024-07-28T02:41:06.837+0000] {processor.py:153} INFO - Started process (PID=2521) to work on /opt/airflow/dags/exemplo_paralelismo.py
[2024-07-28T02:41:06.837+0000] {processor.py:743} INFO - Processing file /opt/airflow/dags/exemplo_paralelismo.py for tasks to queue
[2024-07-28T02:41:06.837+0000] {logging_mixin.py:137} INFO - [2024-07-28T02:41:06.837+0000] {dagbag.py:538} INFO - Filling up the DagBag from /opt/airflow/dags/exemplo_paralelismo.py
[2024-07-28T02:41:06.846+0000] {processor.py:753} INFO - DAG(s) dict_keys(['exemplo_paralelismo']) retrieved from /opt/airflow/dags/exemplo_paralelismo.py
[2024-07-28T02:41:06.866+0000] {logging_mixin.py:137} INFO - [2024-07-28T02:41:06.866+0000] {dag.py:2690} INFO - Sync 1 DAGs
[2024-07-28T02:41:06.882+0000] {logging_mixin.py:137} INFO - [2024-07-28T02:41:06.882+0000] {dag.py:3441} INFO - Setting next_dagrun for exemplo_paralelismo to None, run_after=None
[2024-07-28T02:41:06.895+0000] {processor.py:175} INFO - Processing /opt/airflow/dags/exemplo_paralelismo.py took 0.060 seconds
[2024-07-28T02:41:11.919+0000] {processor.py:153} INFO - Started process (PID=2545) to work on /opt/airflow/dags/exemplo_paralelismo.py
[2024-07-28T02:41:11.921+0000] {processor.py:743} INFO - Processing file /opt/airflow/dags/exemplo_paralelismo.py for tasks to queue
[2024-07-28T02:41:11.923+0000] {logging_mixin.py:137} INFO - [2024-07-28T02:41:11.923+0000] {dagbag.py:538} INFO - Filling up the DagBag from /opt/airflow/dags/exemplo_paralelismo.py
[2024-07-28T02:41:11.931+0000] {processor.py:753} INFO - DAG(s) dict_keys(['exemplo_paralelismo']) retrieved from /opt/airflow/dags/exemplo_paralelismo.py
[2024-07-28T02:41:11.945+0000] {logging_mixin.py:137} INFO - [2024-07-28T02:41:11.945+0000] {dag.py:2690} INFO - Sync 1 DAGs
[2024-07-28T02:41:11.958+0000] {logging_mixin.py:137} INFO - [2024-07-28T02:41:11.958+0000] {dag.py:3441} INFO - Setting next_dagrun for exemplo_paralelismo to None, run_after=None
[2024-07-28T02:41:11.967+0000] {processor.py:175} INFO - Processing /opt/airflow/dags/exemplo_paralelismo.py took 0.050 seconds
[2024-07-28T02:41:18.006+0000] {processor.py:153} INFO - Started process (PID=2587) to work on /opt/airflow/dags/exemplo_paralelismo.py
[2024-07-28T02:41:18.006+0000] {processor.py:743} INFO - Processing file /opt/airflow/dags/exemplo_paralelismo.py for tasks to queue
[2024-07-28T02:41:18.007+0000] {logging_mixin.py:137} INFO - [2024-07-28T02:41:18.007+0000] {dagbag.py:538} INFO - Filling up the DagBag from /opt/airflow/dags/exemplo_paralelismo.py
[2024-07-28T02:41:18.015+0000] {processor.py:753} INFO - DAG(s) dict_keys(['exemplo_paralelismo']) retrieved from /opt/airflow/dags/exemplo_paralelismo.py
[2024-07-28T02:41:18.031+0000] {logging_mixin.py:137} INFO - [2024-07-28T02:41:18.031+0000] {dag.py:2690} INFO - Sync 1 DAGs
[2024-07-28T02:41:18.045+0000] {logging_mixin.py:137} INFO - [2024-07-28T02:41:18.045+0000] {dag.py:3441} INFO - Setting next_dagrun for exemplo_paralelismo to None, run_after=None
[2024-07-28T02:41:18.060+0000] {processor.py:175} INFO - Processing /opt/airflow/dags/exemplo_paralelismo.py took 0.056 seconds
[2024-07-28T02:41:24.002+0000] {processor.py:153} INFO - Started process (PID=2621) to work on /opt/airflow/dags/exemplo_paralelismo.py
[2024-07-28T02:41:24.003+0000] {processor.py:743} INFO - Processing file /opt/airflow/dags/exemplo_paralelismo.py for tasks to queue
[2024-07-28T02:41:24.003+0000] {logging_mixin.py:137} INFO - [2024-07-28T02:41:24.003+0000] {dagbag.py:538} INFO - Filling up the DagBag from /opt/airflow/dags/exemplo_paralelismo.py
[2024-07-28T02:41:24.011+0000] {processor.py:753} INFO - DAG(s) dict_keys(['exemplo_paralelismo']) retrieved from /opt/airflow/dags/exemplo_paralelismo.py
[2024-07-28T02:41:24.029+0000] {logging_mixin.py:137} INFO - [2024-07-28T02:41:24.029+0000] {dag.py:2690} INFO - Sync 1 DAGs
[2024-07-28T02:41:24.041+0000] {logging_mixin.py:137} INFO - [2024-07-28T02:41:24.041+0000] {dag.py:3441} INFO - Setting next_dagrun for exemplo_paralelismo to None, run_after=None
[2024-07-28T02:41:24.055+0000] {processor.py:175} INFO - Processing /opt/airflow/dags/exemplo_paralelismo.py took 0.055 seconds
[2024-07-28T02:41:30.166+0000] {processor.py:153} INFO - Started process (PID=2653) to work on /opt/airflow/dags/exemplo_paralelismo.py
[2024-07-28T02:41:30.167+0000] {processor.py:743} INFO - Processing file /opt/airflow/dags/exemplo_paralelismo.py for tasks to queue
[2024-07-28T02:41:30.169+0000] {logging_mixin.py:137} INFO - [2024-07-28T02:41:30.169+0000] {dagbag.py:538} INFO - Filling up the DagBag from /opt/airflow/dags/exemplo_paralelismo.py
[2024-07-28T02:41:30.179+0000] {processor.py:753} INFO - DAG(s) dict_keys(['exemplo_paralelismo']) retrieved from /opt/airflow/dags/exemplo_paralelismo.py
[2024-07-28T02:41:30.194+0000] {logging_mixin.py:137} INFO - [2024-07-28T02:41:30.194+0000] {dag.py:2690} INFO - Sync 1 DAGs
[2024-07-28T02:41:30.209+0000] {logging_mixin.py:137} INFO - [2024-07-28T02:41:30.209+0000] {dag.py:3441} INFO - Setting next_dagrun for exemplo_paralelismo to None, run_after=None
[2024-07-28T02:41:30.223+0000] {processor.py:175} INFO - Processing /opt/airflow/dags/exemplo_paralelismo.py took 0.059 seconds
[2024-07-28T02:41:36.258+0000] {processor.py:153} INFO - Started process (PID=2694) to work on /opt/airflow/dags/exemplo_paralelismo.py
[2024-07-28T02:41:36.259+0000] {processor.py:743} INFO - Processing file /opt/airflow/dags/exemplo_paralelismo.py for tasks to queue
[2024-07-28T02:41:36.259+0000] {logging_mixin.py:137} INFO - [2024-07-28T02:41:36.259+0000] {dagbag.py:538} INFO - Filling up the DagBag from /opt/airflow/dags/exemplo_paralelismo.py
[2024-07-28T02:41:36.267+0000] {processor.py:753} INFO - DAG(s) dict_keys(['exemplo_paralelismo']) retrieved from /opt/airflow/dags/exemplo_paralelismo.py
[2024-07-28T02:41:36.281+0000] {logging_mixin.py:137} INFO - [2024-07-28T02:41:36.281+0000] {dag.py:2690} INFO - Sync 1 DAGs
[2024-07-28T02:41:36.295+0000] {logging_mixin.py:137} INFO - [2024-07-28T02:41:36.295+0000] {dag.py:3441} INFO - Setting next_dagrun for exemplo_paralelismo to None, run_after=None
[2024-07-28T02:41:36.308+0000] {processor.py:175} INFO - Processing /opt/airflow/dags/exemplo_paralelismo.py took 0.052 seconds
[2024-07-28T02:41:42.320+0000] {processor.py:153} INFO - Started process (PID=2719) to work on /opt/airflow/dags/exemplo_paralelismo.py
[2024-07-28T02:41:42.321+0000] {processor.py:743} INFO - Processing file /opt/airflow/dags/exemplo_paralelismo.py for tasks to queue
[2024-07-28T02:41:42.321+0000] {logging_mixin.py:137} INFO - [2024-07-28T02:41:42.321+0000] {dagbag.py:538} INFO - Filling up the DagBag from /opt/airflow/dags/exemplo_paralelismo.py
[2024-07-28T02:41:42.329+0000] {processor.py:753} INFO - DAG(s) dict_keys(['exemplo_paralelismo']) retrieved from /opt/airflow/dags/exemplo_paralelismo.py
[2024-07-28T02:41:42.343+0000] {logging_mixin.py:137} INFO - [2024-07-28T02:41:42.343+0000] {dag.py:2690} INFO - Sync 1 DAGs
[2024-07-28T02:41:42.357+0000] {logging_mixin.py:137} INFO - [2024-07-28T02:41:42.357+0000] {dag.py:3441} INFO - Setting next_dagrun for exemplo_paralelismo to None, run_after=None
[2024-07-28T02:41:42.369+0000] {processor.py:175} INFO - Processing /opt/airflow/dags/exemplo_paralelismo.py took 0.051 seconds
[2024-07-28T02:41:48.343+0000] {processor.py:153} INFO - Started process (PID=2760) to work on /opt/airflow/dags/exemplo_paralelismo.py
[2024-07-28T02:41:48.344+0000] {processor.py:743} INFO - Processing file /opt/airflow/dags/exemplo_paralelismo.py for tasks to queue
[2024-07-28T02:41:48.344+0000] {logging_mixin.py:137} INFO - [2024-07-28T02:41:48.344+0000] {dagbag.py:538} INFO - Filling up the DagBag from /opt/airflow/dags/exemplo_paralelismo.py
[2024-07-28T02:41:48.352+0000] {processor.py:753} INFO - DAG(s) dict_keys(['exemplo_paralelismo']) retrieved from /opt/airflow/dags/exemplo_paralelismo.py
[2024-07-28T02:41:48.366+0000] {logging_mixin.py:137} INFO - [2024-07-28T02:41:48.366+0000] {dag.py:2690} INFO - Sync 1 DAGs
[2024-07-28T02:41:48.379+0000] {logging_mixin.py:137} INFO - [2024-07-28T02:41:48.379+0000] {dag.py:3441} INFO - Setting next_dagrun for exemplo_paralelismo to None, run_after=None
[2024-07-28T02:41:48.389+0000] {processor.py:175} INFO - Processing /opt/airflow/dags/exemplo_paralelismo.py took 0.048 seconds
[2024-07-28T02:41:54.405+0000] {processor.py:153} INFO - Started process (PID=2785) to work on /opt/airflow/dags/exemplo_paralelismo.py
[2024-07-28T02:41:54.406+0000] {processor.py:743} INFO - Processing file /opt/airflow/dags/exemplo_paralelismo.py for tasks to queue
[2024-07-28T02:41:54.406+0000] {logging_mixin.py:137} INFO - [2024-07-28T02:41:54.406+0000] {dagbag.py:538} INFO - Filling up the DagBag from /opt/airflow/dags/exemplo_paralelismo.py
[2024-07-28T02:41:54.414+0000] {processor.py:753} INFO - DAG(s) dict_keys(['exemplo_paralelismo']) retrieved from /opt/airflow/dags/exemplo_paralelismo.py
[2024-07-28T02:41:54.427+0000] {logging_mixin.py:137} INFO - [2024-07-28T02:41:54.427+0000] {dag.py:2690} INFO - Sync 1 DAGs
[2024-07-28T02:41:54.440+0000] {logging_mixin.py:137} INFO - [2024-07-28T02:41:54.440+0000] {dag.py:3441} INFO - Setting next_dagrun for exemplo_paralelismo to None, run_after=None
[2024-07-28T02:41:54.449+0000] {processor.py:175} INFO - Processing /opt/airflow/dags/exemplo_paralelismo.py took 0.046 seconds
[2024-07-28T02:42:00.385+0000] {processor.py:153} INFO - Started process (PID=2826) to work on /opt/airflow/dags/exemplo_paralelismo.py
[2024-07-28T02:42:00.385+0000] {processor.py:743} INFO - Processing file /opt/airflow/dags/exemplo_paralelismo.py for tasks to queue
[2024-07-28T02:42:00.386+0000] {logging_mixin.py:137} INFO - [2024-07-28T02:42:00.386+0000] {dagbag.py:538} INFO - Filling up the DagBag from /opt/airflow/dags/exemplo_paralelismo.py
[2024-07-28T02:42:00.393+0000] {processor.py:753} INFO - DAG(s) dict_keys(['exemplo_paralelismo']) retrieved from /opt/airflow/dags/exemplo_paralelismo.py
[2024-07-28T02:42:00.409+0000] {logging_mixin.py:137} INFO - [2024-07-28T02:42:00.408+0000] {dag.py:2690} INFO - Sync 1 DAGs
[2024-07-28T02:42:00.422+0000] {logging_mixin.py:137} INFO - [2024-07-28T02:42:00.422+0000] {dag.py:3441} INFO - Setting next_dagrun for exemplo_paralelismo to None, run_after=None
[2024-07-28T02:42:00.433+0000] {processor.py:175} INFO - Processing /opt/airflow/dags/exemplo_paralelismo.py took 0.050 seconds
[2024-07-28T02:42:06.505+0000] {processor.py:153} INFO - Started process (PID=2851) to work on /opt/airflow/dags/exemplo_paralelismo.py
[2024-07-28T02:42:06.506+0000] {processor.py:743} INFO - Processing file /opt/airflow/dags/exemplo_paralelismo.py for tasks to queue
[2024-07-28T02:42:06.507+0000] {logging_mixin.py:137} INFO - [2024-07-28T02:42:06.507+0000] {dagbag.py:538} INFO - Filling up the DagBag from /opt/airflow/dags/exemplo_paralelismo.py
[2024-07-28T02:42:06.516+0000] {processor.py:753} INFO - DAG(s) dict_keys(['exemplo_paralelismo']) retrieved from /opt/airflow/dags/exemplo_paralelismo.py
[2024-07-28T02:42:06.533+0000] {logging_mixin.py:137} INFO - [2024-07-28T02:42:06.532+0000] {dag.py:2690} INFO - Sync 1 DAGs
[2024-07-28T02:42:06.546+0000] {logging_mixin.py:137} INFO - [2024-07-28T02:42:06.546+0000] {dag.py:3441} INFO - Setting next_dagrun for exemplo_paralelismo to None, run_after=None
[2024-07-28T02:42:06.556+0000] {processor.py:175} INFO - Processing /opt/airflow/dags/exemplo_paralelismo.py took 0.053 seconds
[2024-07-28T02:42:12.546+0000] {processor.py:153} INFO - Started process (PID=2891) to work on /opt/airflow/dags/exemplo_paralelismo.py
[2024-07-28T02:42:12.547+0000] {processor.py:743} INFO - Processing file /opt/airflow/dags/exemplo_paralelismo.py for tasks to queue
[2024-07-28T02:42:12.547+0000] {logging_mixin.py:137} INFO - [2024-07-28T02:42:12.547+0000] {dagbag.py:538} INFO - Filling up the DagBag from /opt/airflow/dags/exemplo_paralelismo.py
[2024-07-28T02:42:12.556+0000] {processor.py:753} INFO - DAG(s) dict_keys(['exemplo_paralelismo']) retrieved from /opt/airflow/dags/exemplo_paralelismo.py
[2024-07-28T02:42:12.572+0000] {logging_mixin.py:137} INFO - [2024-07-28T02:42:12.571+0000] {dag.py:2690} INFO - Sync 1 DAGs
[2024-07-28T02:42:12.586+0000] {logging_mixin.py:137} INFO - [2024-07-28T02:42:12.585+0000] {dag.py:3441} INFO - Setting next_dagrun for exemplo_paralelismo to None, run_after=None
[2024-07-28T02:42:12.597+0000] {processor.py:175} INFO - Processing /opt/airflow/dags/exemplo_paralelismo.py took 0.053 seconds
[2024-07-28T02:42:18.599+0000] {processor.py:153} INFO - Started process (PID=2916) to work on /opt/airflow/dags/exemplo_paralelismo.py
[2024-07-28T02:42:18.600+0000] {processor.py:743} INFO - Processing file /opt/airflow/dags/exemplo_paralelismo.py for tasks to queue
[2024-07-28T02:42:18.600+0000] {logging_mixin.py:137} INFO - [2024-07-28T02:42:18.600+0000] {dagbag.py:538} INFO - Filling up the DagBag from /opt/airflow/dags/exemplo_paralelismo.py
[2024-07-28T02:42:18.609+0000] {processor.py:753} INFO - DAG(s) dict_keys(['exemplo_paralelismo']) retrieved from /opt/airflow/dags/exemplo_paralelismo.py
[2024-07-28T02:42:18.625+0000] {logging_mixin.py:137} INFO - [2024-07-28T02:42:18.625+0000] {dag.py:2690} INFO - Sync 1 DAGs
[2024-07-28T02:42:18.639+0000] {logging_mixin.py:137} INFO - [2024-07-28T02:42:18.639+0000] {dag.py:3441} INFO - Setting next_dagrun for exemplo_paralelismo to None, run_after=None
[2024-07-28T02:42:18.654+0000] {processor.py:175} INFO - Processing /opt/airflow/dags/exemplo_paralelismo.py took 0.058 seconds
[2024-07-28T02:42:24.565+0000] {processor.py:153} INFO - Started process (PID=2957) to work on /opt/airflow/dags/exemplo_paralelismo.py
[2024-07-28T02:42:24.566+0000] {processor.py:743} INFO - Processing file /opt/airflow/dags/exemplo_paralelismo.py for tasks to queue
[2024-07-28T02:42:24.566+0000] {logging_mixin.py:137} INFO - [2024-07-28T02:42:24.566+0000] {dagbag.py:538} INFO - Filling up the DagBag from /opt/airflow/dags/exemplo_paralelismo.py
[2024-07-28T02:42:24.574+0000] {processor.py:753} INFO - DAG(s) dict_keys(['exemplo_paralelismo']) retrieved from /opt/airflow/dags/exemplo_paralelismo.py
[2024-07-28T02:42:24.587+0000] {logging_mixin.py:137} INFO - [2024-07-28T02:42:24.587+0000] {dag.py:2690} INFO - Sync 1 DAGs
[2024-07-28T02:42:24.603+0000] {logging_mixin.py:137} INFO - [2024-07-28T02:42:24.603+0000] {dag.py:3441} INFO - Setting next_dagrun for exemplo_paralelismo to None, run_after=None
[2024-07-28T02:42:24.619+0000] {processor.py:175} INFO - Processing /opt/airflow/dags/exemplo_paralelismo.py took 0.056 seconds
[2024-07-28T02:42:30.552+0000] {processor.py:153} INFO - Started process (PID=2982) to work on /opt/airflow/dags/exemplo_paralelismo.py
[2024-07-28T02:42:30.553+0000] {processor.py:743} INFO - Processing file /opt/airflow/dags/exemplo_paralelismo.py for tasks to queue
[2024-07-28T02:42:30.553+0000] {logging_mixin.py:137} INFO - [2024-07-28T02:42:30.553+0000] {dagbag.py:538} INFO - Filling up the DagBag from /opt/airflow/dags/exemplo_paralelismo.py
[2024-07-28T02:42:30.562+0000] {processor.py:753} INFO - DAG(s) dict_keys(['exemplo_paralelismo']) retrieved from /opt/airflow/dags/exemplo_paralelismo.py
[2024-07-28T02:42:30.578+0000] {logging_mixin.py:137} INFO - [2024-07-28T02:42:30.578+0000] {dag.py:2690} INFO - Sync 1 DAGs
[2024-07-28T02:42:30.591+0000] {logging_mixin.py:137} INFO - [2024-07-28T02:42:30.591+0000] {dag.py:3441} INFO - Setting next_dagrun for exemplo_paralelismo to None, run_after=None
[2024-07-28T02:42:30.611+0000] {processor.py:175} INFO - Processing /opt/airflow/dags/exemplo_paralelismo.py took 0.061 seconds
[2024-07-28T02:42:36.566+0000] {processor.py:153} INFO - Started process (PID=3022) to work on /opt/airflow/dags/exemplo_paralelismo.py
[2024-07-28T02:42:36.567+0000] {processor.py:743} INFO - Processing file /opt/airflow/dags/exemplo_paralelismo.py for tasks to queue
[2024-07-28T02:42:36.568+0000] {logging_mixin.py:137} INFO - [2024-07-28T02:42:36.568+0000] {dagbag.py:538} INFO - Filling up the DagBag from /opt/airflow/dags/exemplo_paralelismo.py
[2024-07-28T02:42:36.577+0000] {processor.py:753} INFO - DAG(s) dict_keys(['exemplo_paralelismo']) retrieved from /opt/airflow/dags/exemplo_paralelismo.py
[2024-07-28T02:42:36.591+0000] {logging_mixin.py:137} INFO - [2024-07-28T02:42:36.591+0000] {dag.py:2690} INFO - Sync 1 DAGs
[2024-07-28T02:42:36.612+0000] {logging_mixin.py:137} INFO - [2024-07-28T02:42:36.612+0000] {dag.py:3441} INFO - Setting next_dagrun for exemplo_paralelismo to None, run_after=None
[2024-07-28T02:42:36.623+0000] {processor.py:175} INFO - Processing /opt/airflow/dags/exemplo_paralelismo.py took 0.060 seconds
[2024-07-28T02:42:42.552+0000] {processor.py:153} INFO - Started process (PID=3054) to work on /opt/airflow/dags/exemplo_paralelismo.py
[2024-07-28T02:42:42.552+0000] {processor.py:743} INFO - Processing file /opt/airflow/dags/exemplo_paralelismo.py for tasks to queue
[2024-07-28T02:42:42.553+0000] {logging_mixin.py:137} INFO - [2024-07-28T02:42:42.553+0000] {dagbag.py:538} INFO - Filling up the DagBag from /opt/airflow/dags/exemplo_paralelismo.py
[2024-07-28T02:42:42.562+0000] {processor.py:753} INFO - DAG(s) dict_keys(['exemplo_paralelismo']) retrieved from /opt/airflow/dags/exemplo_paralelismo.py
[2024-07-28T02:42:42.574+0000] {logging_mixin.py:137} INFO - [2024-07-28T02:42:42.574+0000] {dag.py:2690} INFO - Sync 1 DAGs
[2024-07-28T02:42:42.587+0000] {logging_mixin.py:137} INFO - [2024-07-28T02:42:42.587+0000] {dag.py:3441} INFO - Setting next_dagrun for exemplo_paralelismo to None, run_after=None
[2024-07-28T02:42:42.599+0000] {processor.py:175} INFO - Processing /opt/airflow/dags/exemplo_paralelismo.py took 0.049 seconds
[2024-07-28T02:42:48.629+0000] {processor.py:153} INFO - Started process (PID=3088) to work on /opt/airflow/dags/exemplo_paralelismo.py
[2024-07-28T02:42:48.630+0000] {processor.py:743} INFO - Processing file /opt/airflow/dags/exemplo_paralelismo.py for tasks to queue
[2024-07-28T02:42:48.630+0000] {logging_mixin.py:137} INFO - [2024-07-28T02:42:48.630+0000] {dagbag.py:538} INFO - Filling up the DagBag from /opt/airflow/dags/exemplo_paralelismo.py
[2024-07-28T02:42:48.638+0000] {processor.py:753} INFO - DAG(s) dict_keys(['exemplo_paralelismo']) retrieved from /opt/airflow/dags/exemplo_paralelismo.py
[2024-07-28T02:42:48.651+0000] {logging_mixin.py:137} INFO - [2024-07-28T02:42:48.651+0000] {dag.py:2690} INFO - Sync 1 DAGs
[2024-07-28T02:42:48.663+0000] {logging_mixin.py:137} INFO - [2024-07-28T02:42:48.663+0000] {dag.py:3441} INFO - Setting next_dagrun for exemplo_paralelismo to None, run_after=None
[2024-07-28T02:42:48.672+0000] {processor.py:175} INFO - Processing /opt/airflow/dags/exemplo_paralelismo.py took 0.045 seconds
[2024-07-28T02:42:54.780+0000] {processor.py:153} INFO - Started process (PID=3129) to work on /opt/airflow/dags/exemplo_paralelismo.py
[2024-07-28T02:42:54.781+0000] {processor.py:743} INFO - Processing file /opt/airflow/dags/exemplo_paralelismo.py for tasks to queue
[2024-07-28T02:42:54.782+0000] {logging_mixin.py:137} INFO - [2024-07-28T02:42:54.781+0000] {dagbag.py:538} INFO - Filling up the DagBag from /opt/airflow/dags/exemplo_paralelismo.py
[2024-07-28T02:42:54.792+0000] {processor.py:753} INFO - DAG(s) dict_keys(['exemplo_paralelismo']) retrieved from /opt/airflow/dags/exemplo_paralelismo.py
[2024-07-28T02:42:54.808+0000] {logging_mixin.py:137} INFO - [2024-07-28T02:42:54.808+0000] {dag.py:2690} INFO - Sync 1 DAGs
[2024-07-28T02:42:54.826+0000] {logging_mixin.py:137} INFO - [2024-07-28T02:42:54.826+0000] {dag.py:3441} INFO - Setting next_dagrun for exemplo_paralelismo to None, run_after=None
[2024-07-28T02:42:54.838+0000] {processor.py:175} INFO - Processing /opt/airflow/dags/exemplo_paralelismo.py took 0.061 seconds
