[2024-07-28T02:33:06.981+0000] {processor.py:153} INFO - Started process (PID=49) to work on /opt/airflow/dags/exemplo_xcom.py
[2024-07-28T02:33:06.982+0000] {processor.py:743} INFO - Processing file /opt/airflow/dags/exemplo_xcom.py for tasks to queue
[2024-07-28T02:33:06.983+0000] {logging_mixin.py:137} INFO - [2024-07-28T02:33:06.982+0000] {dagbag.py:538} INFO - Filling up the DagBag from /opt/airflow/dags/exemplo_xcom.py
[2024-07-28T02:33:07.000+0000] {processor.py:753} INFO - DAG(s) dict_keys(['exemplo_xcom']) retrieved from /opt/airflow/dags/exemplo_xcom.py
[2024-07-28T02:33:07.033+0000] {logging_mixin.py:137} INFO - [2024-07-28T02:33:07.033+0000] {dag.py:2690} INFO - Sync 1 DAGs
[2024-07-28T02:33:07.055+0000] {logging_mixin.py:137} INFO - [2024-07-28T02:33:07.055+0000] {dag.py:3441} INFO - Setting next_dagrun for exemplo_xcom to None, run_after=None
[2024-07-28T02:33:07.085+0000] {processor.py:175} INFO - Processing /opt/airflow/dags/exemplo_xcom.py took 0.106 seconds
[2024-07-28T02:33:12.823+0000] {processor.py:153} INFO - Started process (PID=90) to work on /opt/airflow/dags/exemplo_xcom.py
[2024-07-28T02:33:12.824+0000] {processor.py:743} INFO - Processing file /opt/airflow/dags/exemplo_xcom.py for tasks to queue
[2024-07-28T02:33:12.825+0000] {logging_mixin.py:137} INFO - [2024-07-28T02:33:12.824+0000] {dagbag.py:538} INFO - Filling up the DagBag from /opt/airflow/dags/exemplo_xcom.py
[2024-07-28T02:33:12.833+0000] {processor.py:753} INFO - DAG(s) dict_keys(['exemplo_xcom']) retrieved from /opt/airflow/dags/exemplo_xcom.py
[2024-07-28T02:33:12.846+0000] {logging_mixin.py:137} INFO - [2024-07-28T02:33:12.846+0000] {dag.py:2690} INFO - Sync 1 DAGs
[2024-07-28T02:33:12.861+0000] {logging_mixin.py:137} INFO - [2024-07-28T02:33:12.861+0000] {dag.py:3441} INFO - Setting next_dagrun for exemplo_xcom to None, run_after=None
[2024-07-28T02:33:12.870+0000] {processor.py:175} INFO - Processing /opt/airflow/dags/exemplo_xcom.py took 0.048 seconds
[2024-07-28T02:33:18.007+0000] {processor.py:153} INFO - Started process (PID=119) to work on /opt/airflow/dags/exemplo_xcom.py
[2024-07-28T02:33:18.007+0000] {processor.py:743} INFO - Processing file /opt/airflow/dags/exemplo_xcom.py for tasks to queue
[2024-07-28T02:33:18.008+0000] {logging_mixin.py:137} INFO - [2024-07-28T02:33:18.008+0000] {dagbag.py:538} INFO - Filling up the DagBag from /opt/airflow/dags/exemplo_xcom.py
[2024-07-28T02:33:18.015+0000] {processor.py:753} INFO - DAG(s) dict_keys(['exemplo_xcom']) retrieved from /opt/airflow/dags/exemplo_xcom.py
[2024-07-28T02:33:18.028+0000] {logging_mixin.py:137} INFO - [2024-07-28T02:33:18.028+0000] {dag.py:2690} INFO - Sync 1 DAGs
[2024-07-28T02:33:18.041+0000] {logging_mixin.py:137} INFO - [2024-07-28T02:33:18.040+0000] {dag.py:3441} INFO - Setting next_dagrun for exemplo_xcom to None, run_after=None
[2024-07-28T02:33:18.049+0000] {processor.py:175} INFO - Processing /opt/airflow/dags/exemplo_xcom.py took 0.044 seconds
[2024-07-28T02:33:45.623+0000] {processor.py:153} INFO - Started process (PID=53) to work on /opt/airflow/dags/exemplo_xcom.py
[2024-07-28T02:33:45.628+0000] {processor.py:743} INFO - Processing file /opt/airflow/dags/exemplo_xcom.py for tasks to queue
[2024-07-28T02:33:45.629+0000] {logging_mixin.py:137} INFO - [2024-07-28T02:33:45.629+0000] {dagbag.py:538} INFO - Filling up the DagBag from /opt/airflow/dags/exemplo_xcom.py
[2024-07-28T02:33:45.645+0000] {processor.py:753} INFO - DAG(s) dict_keys(['exemplo_xcom']) retrieved from /opt/airflow/dags/exemplo_xcom.py
[2024-07-28T02:33:45.694+0000] {logging_mixin.py:137} INFO - [2024-07-28T02:33:45.694+0000] {dag.py:2690} INFO - Sync 1 DAGs
[2024-07-28T02:33:45.715+0000] {logging_mixin.py:137} INFO - [2024-07-28T02:33:45.715+0000] {dag.py:3441} INFO - Setting next_dagrun for exemplo_xcom to None, run_after=None
[2024-07-28T02:33:45.742+0000] {processor.py:175} INFO - Processing /opt/airflow/dags/exemplo_xcom.py took 0.122 seconds
[2024-07-28T02:33:51.245+0000] {processor.py:153} INFO - Started process (PID=85) to work on /opt/airflow/dags/exemplo_xcom.py
[2024-07-28T02:33:51.245+0000] {processor.py:743} INFO - Processing file /opt/airflow/dags/exemplo_xcom.py for tasks to queue
[2024-07-28T02:33:51.247+0000] {logging_mixin.py:137} INFO - [2024-07-28T02:33:51.247+0000] {dagbag.py:538} INFO - Filling up the DagBag from /opt/airflow/dags/exemplo_xcom.py
[2024-07-28T02:33:51.258+0000] {processor.py:753} INFO - DAG(s) dict_keys(['exemplo_xcom']) retrieved from /opt/airflow/dags/exemplo_xcom.py
[2024-07-28T02:33:51.271+0000] {logging_mixin.py:137} INFO - [2024-07-28T02:33:51.271+0000] {dag.py:2690} INFO - Sync 1 DAGs
[2024-07-28T02:33:51.288+0000] {logging_mixin.py:137} INFO - [2024-07-28T02:33:51.288+0000] {dag.py:3441} INFO - Setting next_dagrun for exemplo_xcom to None, run_after=None
[2024-07-28T02:33:51.312+0000] {processor.py:175} INFO - Processing /opt/airflow/dags/exemplo_xcom.py took 0.069 seconds
[2024-07-28T02:33:57.171+0000] {processor.py:153} INFO - Started process (PID=119) to work on /opt/airflow/dags/exemplo_xcom.py
[2024-07-28T02:33:57.175+0000] {processor.py:743} INFO - Processing file /opt/airflow/dags/exemplo_xcom.py for tasks to queue
[2024-07-28T02:33:57.177+0000] {logging_mixin.py:137} INFO - [2024-07-28T02:33:57.177+0000] {dagbag.py:538} INFO - Filling up the DagBag from /opt/airflow/dags/exemplo_xcom.py
[2024-07-28T02:33:57.192+0000] {processor.py:753} INFO - DAG(s) dict_keys(['exemplo_xcom']) retrieved from /opt/airflow/dags/exemplo_xcom.py
[2024-07-28T02:33:57.202+0000] {logging_mixin.py:137} INFO - [2024-07-28T02:33:57.202+0000] {dag.py:2690} INFO - Sync 1 DAGs
[2024-07-28T02:33:57.217+0000] {logging_mixin.py:137} INFO - [2024-07-28T02:33:57.217+0000] {dag.py:3441} INFO - Setting next_dagrun for exemplo_xcom to None, run_after=None
[2024-07-28T02:33:57.246+0000] {processor.py:175} INFO - Processing /opt/airflow/dags/exemplo_xcom.py took 0.077 seconds
[2024-07-28T02:34:02.677+0000] {processor.py:153} INFO - Started process (PID=144) to work on /opt/airflow/dags/exemplo_xcom.py
[2024-07-28T02:34:02.678+0000] {processor.py:743} INFO - Processing file /opt/airflow/dags/exemplo_xcom.py for tasks to queue
[2024-07-28T02:34:02.680+0000] {logging_mixin.py:137} INFO - [2024-07-28T02:34:02.680+0000] {dagbag.py:538} INFO - Filling up the DagBag from /opt/airflow/dags/exemplo_xcom.py
[2024-07-28T02:34:02.697+0000] {processor.py:753} INFO - DAG(s) dict_keys(['exemplo_xcom']) retrieved from /opt/airflow/dags/exemplo_xcom.py
[2024-07-28T02:34:02.710+0000] {logging_mixin.py:137} INFO - [2024-07-28T02:34:02.710+0000] {dag.py:2690} INFO - Sync 1 DAGs
[2024-07-28T02:34:02.728+0000] {logging_mixin.py:137} INFO - [2024-07-28T02:34:02.728+0000] {dag.py:3441} INFO - Setting next_dagrun for exemplo_xcom to None, run_after=None
[2024-07-28T02:34:02.743+0000] {processor.py:175} INFO - Processing /opt/airflow/dags/exemplo_xcom.py took 0.068 seconds
[2024-07-28T02:34:08.801+0000] {processor.py:153} INFO - Started process (PID=185) to work on /opt/airflow/dags/exemplo_xcom.py
[2024-07-28T02:34:08.801+0000] {processor.py:743} INFO - Processing file /opt/airflow/dags/exemplo_xcom.py for tasks to queue
[2024-07-28T02:34:08.802+0000] {logging_mixin.py:137} INFO - [2024-07-28T02:34:08.802+0000] {dagbag.py:538} INFO - Filling up the DagBag from /opt/airflow/dags/exemplo_xcom.py
[2024-07-28T02:34:08.810+0000] {processor.py:753} INFO - DAG(s) dict_keys(['exemplo_xcom']) retrieved from /opt/airflow/dags/exemplo_xcom.py
[2024-07-28T02:34:08.824+0000] {logging_mixin.py:137} INFO - [2024-07-28T02:34:08.824+0000] {dag.py:2690} INFO - Sync 1 DAGs
[2024-07-28T02:34:08.838+0000] {logging_mixin.py:137} INFO - [2024-07-28T02:34:08.838+0000] {dag.py:3441} INFO - Setting next_dagrun for exemplo_xcom to None, run_after=None
[2024-07-28T02:34:08.851+0000] {processor.py:175} INFO - Processing /opt/airflow/dags/exemplo_xcom.py took 0.052 seconds
[2024-07-28T02:34:14.959+0000] {processor.py:153} INFO - Started process (PID=226) to work on /opt/airflow/dags/exemplo_xcom.py
[2024-07-28T02:34:14.959+0000] {processor.py:743} INFO - Processing file /opt/airflow/dags/exemplo_xcom.py for tasks to queue
[2024-07-28T02:34:14.960+0000] {logging_mixin.py:137} INFO - [2024-07-28T02:34:14.960+0000] {dagbag.py:538} INFO - Filling up the DagBag from /opt/airflow/dags/exemplo_xcom.py
[2024-07-28T02:34:14.970+0000] {processor.py:753} INFO - DAG(s) dict_keys(['exemplo_xcom']) retrieved from /opt/airflow/dags/exemplo_xcom.py
[2024-07-28T02:34:14.979+0000] {logging_mixin.py:137} INFO - [2024-07-28T02:34:14.979+0000] {dag.py:2690} INFO - Sync 1 DAGs
[2024-07-28T02:34:14.996+0000] {logging_mixin.py:137} INFO - [2024-07-28T02:34:14.996+0000] {dag.py:3441} INFO - Setting next_dagrun for exemplo_xcom to None, run_after=None
[2024-07-28T02:34:15.006+0000] {processor.py:175} INFO - Processing /opt/airflow/dags/exemplo_xcom.py took 0.049 seconds
[2024-07-28T02:34:20.989+0000] {processor.py:153} INFO - Started process (PID=251) to work on /opt/airflow/dags/exemplo_xcom.py
[2024-07-28T02:34:20.989+0000] {processor.py:743} INFO - Processing file /opt/airflow/dags/exemplo_xcom.py for tasks to queue
[2024-07-28T02:34:20.990+0000] {logging_mixin.py:137} INFO - [2024-07-28T02:34:20.990+0000] {dagbag.py:538} INFO - Filling up the DagBag from /opt/airflow/dags/exemplo_xcom.py
[2024-07-28T02:34:21.005+0000] {processor.py:753} INFO - DAG(s) dict_keys(['exemplo_xcom']) retrieved from /opt/airflow/dags/exemplo_xcom.py
[2024-07-28T02:34:21.023+0000] {logging_mixin.py:137} INFO - [2024-07-28T02:34:21.023+0000] {dag.py:2690} INFO - Sync 1 DAGs
[2024-07-28T02:34:21.036+0000] {logging_mixin.py:137} INFO - [2024-07-28T02:34:21.036+0000] {dag.py:3441} INFO - Setting next_dagrun for exemplo_xcom to None, run_after=None
[2024-07-28T02:34:21.051+0000] {processor.py:175} INFO - Processing /opt/airflow/dags/exemplo_xcom.py took 0.064 seconds
[2024-07-28T02:34:26.411+0000] {processor.py:153} INFO - Started process (PID=292) to work on /opt/airflow/dags/exemplo_xcom.py
[2024-07-28T02:34:26.418+0000] {processor.py:743} INFO - Processing file /opt/airflow/dags/exemplo_xcom.py for tasks to queue
[2024-07-28T02:34:26.419+0000] {logging_mixin.py:137} INFO - [2024-07-28T02:34:26.419+0000] {dagbag.py:538} INFO - Filling up the DagBag from /opt/airflow/dags/exemplo_xcom.py
[2024-07-28T02:34:26.430+0000] {processor.py:753} INFO - DAG(s) dict_keys(['exemplo_xcom']) retrieved from /opt/airflow/dags/exemplo_xcom.py
[2024-07-28T02:34:26.451+0000] {logging_mixin.py:137} INFO - [2024-07-28T02:34:26.451+0000] {dag.py:2690} INFO - Sync 1 DAGs
[2024-07-28T02:34:26.465+0000] {logging_mixin.py:137} INFO - [2024-07-28T02:34:26.465+0000] {dag.py:3441} INFO - Setting next_dagrun for exemplo_xcom to None, run_after=None
[2024-07-28T02:34:26.482+0000] {processor.py:175} INFO - Processing /opt/airflow/dags/exemplo_xcom.py took 0.074 seconds
[2024-07-28T02:34:31.567+0000] {processor.py:153} INFO - Started process (PID=317) to work on /opt/airflow/dags/exemplo_xcom.py
[2024-07-28T02:34:31.568+0000] {processor.py:743} INFO - Processing file /opt/airflow/dags/exemplo_xcom.py for tasks to queue
[2024-07-28T02:34:31.570+0000] {logging_mixin.py:137} INFO - [2024-07-28T02:34:31.570+0000] {dagbag.py:538} INFO - Filling up the DagBag from /opt/airflow/dags/exemplo_xcom.py
[2024-07-28T02:34:31.582+0000] {processor.py:753} INFO - DAG(s) dict_keys(['exemplo_xcom']) retrieved from /opt/airflow/dags/exemplo_xcom.py
[2024-07-28T02:34:31.605+0000] {logging_mixin.py:137} INFO - [2024-07-28T02:34:31.605+0000] {dag.py:2690} INFO - Sync 1 DAGs
[2024-07-28T02:34:31.620+0000] {logging_mixin.py:137} INFO - [2024-07-28T02:34:31.619+0000] {dag.py:3441} INFO - Setting next_dagrun for exemplo_xcom to None, run_after=None
[2024-07-28T02:34:31.632+0000] {processor.py:175} INFO - Processing /opt/airflow/dags/exemplo_xcom.py took 0.067 seconds
[2024-07-28T02:34:36.769+0000] {processor.py:153} INFO - Started process (PID=342) to work on /opt/airflow/dags/exemplo_xcom.py
[2024-07-28T02:34:36.769+0000] {processor.py:743} INFO - Processing file /opt/airflow/dags/exemplo_xcom.py for tasks to queue
[2024-07-28T02:34:36.770+0000] {logging_mixin.py:137} INFO - [2024-07-28T02:34:36.770+0000] {dagbag.py:538} INFO - Filling up the DagBag from /opt/airflow/dags/exemplo_xcom.py
[2024-07-28T02:34:36.778+0000] {processor.py:753} INFO - DAG(s) dict_keys(['exemplo_xcom']) retrieved from /opt/airflow/dags/exemplo_xcom.py
[2024-07-28T02:34:36.797+0000] {logging_mixin.py:137} INFO - [2024-07-28T02:34:36.797+0000] {dag.py:2690} INFO - Sync 1 DAGs
[2024-07-28T02:34:36.812+0000] {logging_mixin.py:137} INFO - [2024-07-28T02:34:36.812+0000] {dag.py:3441} INFO - Setting next_dagrun for exemplo_xcom to None, run_after=None
[2024-07-28T02:34:36.823+0000] {processor.py:175} INFO - Processing /opt/airflow/dags/exemplo_xcom.py took 0.056 seconds
[2024-07-28T02:34:42.834+0000] {processor.py:153} INFO - Started process (PID=382) to work on /opt/airflow/dags/exemplo_xcom.py
[2024-07-28T02:34:42.834+0000] {processor.py:743} INFO - Processing file /opt/airflow/dags/exemplo_xcom.py for tasks to queue
[2024-07-28T02:34:42.835+0000] {logging_mixin.py:137} INFO - [2024-07-28T02:34:42.835+0000] {dagbag.py:538} INFO - Filling up the DagBag from /opt/airflow/dags/exemplo_xcom.py
[2024-07-28T02:34:42.844+0000] {processor.py:753} INFO - DAG(s) dict_keys(['exemplo_xcom']) retrieved from /opt/airflow/dags/exemplo_xcom.py
[2024-07-28T02:34:42.863+0000] {logging_mixin.py:137} INFO - [2024-07-28T02:34:42.863+0000] {dag.py:2690} INFO - Sync 1 DAGs
[2024-07-28T02:34:42.881+0000] {logging_mixin.py:137} INFO - [2024-07-28T02:34:42.881+0000] {dag.py:3441} INFO - Setting next_dagrun for exemplo_xcom to None, run_after=None
[2024-07-28T02:34:42.895+0000] {processor.py:175} INFO - Processing /opt/airflow/dags/exemplo_xcom.py took 0.063 seconds
[2024-07-28T02:34:49.094+0000] {processor.py:153} INFO - Started process (PID=423) to work on /opt/airflow/dags/exemplo_xcom.py
[2024-07-28T02:34:49.094+0000] {processor.py:743} INFO - Processing file /opt/airflow/dags/exemplo_xcom.py for tasks to queue
[2024-07-28T02:34:49.095+0000] {logging_mixin.py:137} INFO - [2024-07-28T02:34:49.095+0000] {dagbag.py:538} INFO - Filling up the DagBag from /opt/airflow/dags/exemplo_xcom.py
[2024-07-28T02:34:49.104+0000] {processor.py:753} INFO - DAG(s) dict_keys(['exemplo_xcom']) retrieved from /opt/airflow/dags/exemplo_xcom.py
[2024-07-28T02:34:49.116+0000] {logging_mixin.py:137} INFO - [2024-07-28T02:34:49.116+0000] {dag.py:2690} INFO - Sync 1 DAGs
[2024-07-28T02:34:49.128+0000] {logging_mixin.py:137} INFO - [2024-07-28T02:34:49.128+0000] {dag.py:3441} INFO - Setting next_dagrun for exemplo_xcom to None, run_after=None
[2024-07-28T02:34:49.137+0000] {processor.py:175} INFO - Processing /opt/airflow/dags/exemplo_xcom.py took 0.045 seconds
[2024-07-28T02:34:54.490+0000] {processor.py:153} INFO - Started process (PID=448) to work on /opt/airflow/dags/exemplo_xcom.py
[2024-07-28T02:34:54.491+0000] {processor.py:743} INFO - Processing file /opt/airflow/dags/exemplo_xcom.py for tasks to queue
[2024-07-28T02:34:54.491+0000] {logging_mixin.py:137} INFO - [2024-07-28T02:34:54.491+0000] {dagbag.py:538} INFO - Filling up the DagBag from /opt/airflow/dags/exemplo_xcom.py
[2024-07-28T02:34:54.504+0000] {processor.py:753} INFO - DAG(s) dict_keys(['exemplo_xcom']) retrieved from /opt/airflow/dags/exemplo_xcom.py
[2024-07-28T02:34:54.518+0000] {logging_mixin.py:137} INFO - [2024-07-28T02:34:54.518+0000] {dag.py:2690} INFO - Sync 1 DAGs
[2024-07-28T02:34:54.533+0000] {logging_mixin.py:137} INFO - [2024-07-28T02:34:54.533+0000] {dag.py:3441} INFO - Setting next_dagrun for exemplo_xcom to None, run_after=None
[2024-07-28T02:34:54.548+0000] {processor.py:175} INFO - Processing /opt/airflow/dags/exemplo_xcom.py took 0.059 seconds
[2024-07-28T02:35:00.724+0000] {processor.py:153} INFO - Started process (PID=489) to work on /opt/airflow/dags/exemplo_xcom.py
[2024-07-28T02:35:00.725+0000] {processor.py:743} INFO - Processing file /opt/airflow/dags/exemplo_xcom.py for tasks to queue
[2024-07-28T02:35:00.726+0000] {logging_mixin.py:137} INFO - [2024-07-28T02:35:00.726+0000] {dagbag.py:538} INFO - Filling up the DagBag from /opt/airflow/dags/exemplo_xcom.py
[2024-07-28T02:35:00.739+0000] {processor.py:753} INFO - DAG(s) dict_keys(['exemplo_xcom']) retrieved from /opt/airflow/dags/exemplo_xcom.py
[2024-07-28T02:35:00.753+0000] {logging_mixin.py:137} INFO - [2024-07-28T02:35:00.753+0000] {dag.py:2690} INFO - Sync 1 DAGs
[2024-07-28T02:35:00.771+0000] {logging_mixin.py:137} INFO - [2024-07-28T02:35:00.771+0000] {dag.py:3441} INFO - Setting next_dagrun for exemplo_xcom to None, run_after=None
[2024-07-28T02:35:00.788+0000] {processor.py:175} INFO - Processing /opt/airflow/dags/exemplo_xcom.py took 0.066 seconds
[2024-07-28T02:35:06.135+0000] {processor.py:153} INFO - Started process (PID=514) to work on /opt/airflow/dags/exemplo_xcom.py
[2024-07-28T02:35:06.136+0000] {processor.py:743} INFO - Processing file /opt/airflow/dags/exemplo_xcom.py for tasks to queue
[2024-07-28T02:35:06.138+0000] {logging_mixin.py:137} INFO - [2024-07-28T02:35:06.138+0000] {dagbag.py:538} INFO - Filling up the DagBag from /opt/airflow/dags/exemplo_xcom.py
[2024-07-28T02:35:06.150+0000] {processor.py:753} INFO - DAG(s) dict_keys(['exemplo_xcom']) retrieved from /opt/airflow/dags/exemplo_xcom.py
[2024-07-28T02:35:06.164+0000] {logging_mixin.py:137} INFO - [2024-07-28T02:35:06.164+0000] {dag.py:2690} INFO - Sync 1 DAGs
[2024-07-28T02:35:06.178+0000] {logging_mixin.py:137} INFO - [2024-07-28T02:35:06.178+0000] {dag.py:3441} INFO - Setting next_dagrun for exemplo_xcom to None, run_after=None
[2024-07-28T02:35:06.195+0000] {processor.py:175} INFO - Processing /opt/airflow/dags/exemplo_xcom.py took 0.062 seconds
[2024-07-28T02:35:12.400+0000] {processor.py:153} INFO - Started process (PID=555) to work on /opt/airflow/dags/exemplo_xcom.py
[2024-07-28T02:35:12.406+0000] {processor.py:743} INFO - Processing file /opt/airflow/dags/exemplo_xcom.py for tasks to queue
[2024-07-28T02:35:12.406+0000] {logging_mixin.py:137} INFO - [2024-07-28T02:35:12.406+0000] {dagbag.py:538} INFO - Filling up the DagBag from /opt/airflow/dags/exemplo_xcom.py
[2024-07-28T02:35:12.418+0000] {processor.py:753} INFO - DAG(s) dict_keys(['exemplo_xcom']) retrieved from /opt/airflow/dags/exemplo_xcom.py
[2024-07-28T02:35:12.445+0000] {logging_mixin.py:137} INFO - [2024-07-28T02:35:12.445+0000] {dag.py:2690} INFO - Sync 1 DAGs
[2024-07-28T02:35:12.467+0000] {logging_mixin.py:137} INFO - [2024-07-28T02:35:12.467+0000] {dag.py:3441} INFO - Setting next_dagrun for exemplo_xcom to None, run_after=None
[2024-07-28T02:35:12.485+0000] {processor.py:175} INFO - Processing /opt/airflow/dags/exemplo_xcom.py took 0.088 seconds
[2024-07-28T02:35:18.441+0000] {processor.py:153} INFO - Started process (PID=580) to work on /opt/airflow/dags/exemplo_xcom.py
[2024-07-28T02:35:18.442+0000] {processor.py:743} INFO - Processing file /opt/airflow/dags/exemplo_xcom.py for tasks to queue
[2024-07-28T02:35:18.442+0000] {logging_mixin.py:137} INFO - [2024-07-28T02:35:18.442+0000] {dagbag.py:538} INFO - Filling up the DagBag from /opt/airflow/dags/exemplo_xcom.py
[2024-07-28T02:35:18.451+0000] {processor.py:753} INFO - DAG(s) dict_keys(['exemplo_xcom']) retrieved from /opt/airflow/dags/exemplo_xcom.py
[2024-07-28T02:35:18.463+0000] {logging_mixin.py:137} INFO - [2024-07-28T02:35:18.463+0000] {dag.py:2690} INFO - Sync 1 DAGs
[2024-07-28T02:35:18.478+0000] {logging_mixin.py:137} INFO - [2024-07-28T02:35:18.478+0000] {dag.py:3441} INFO - Setting next_dagrun for exemplo_xcom to None, run_after=None
[2024-07-28T02:35:18.489+0000] {processor.py:175} INFO - Processing /opt/airflow/dags/exemplo_xcom.py took 0.049 seconds
[2024-07-28T02:35:24.492+0000] {processor.py:153} INFO - Started process (PID=621) to work on /opt/airflow/dags/exemplo_xcom.py
[2024-07-28T02:35:24.494+0000] {processor.py:743} INFO - Processing file /opt/airflow/dags/exemplo_xcom.py for tasks to queue
[2024-07-28T02:35:24.495+0000] {logging_mixin.py:137} INFO - [2024-07-28T02:35:24.495+0000] {dagbag.py:538} INFO - Filling up the DagBag from /opt/airflow/dags/exemplo_xcom.py
[2024-07-28T02:35:24.506+0000] {processor.py:753} INFO - DAG(s) dict_keys(['exemplo_xcom']) retrieved from /opt/airflow/dags/exemplo_xcom.py
[2024-07-28T02:35:24.527+0000] {logging_mixin.py:137} INFO - [2024-07-28T02:35:24.526+0000] {dag.py:2690} INFO - Sync 1 DAGs
[2024-07-28T02:35:24.541+0000] {logging_mixin.py:137} INFO - [2024-07-28T02:35:24.541+0000] {dag.py:3441} INFO - Setting next_dagrun for exemplo_xcom to None, run_after=None
[2024-07-28T02:35:24.554+0000] {processor.py:175} INFO - Processing /opt/airflow/dags/exemplo_xcom.py took 0.064 seconds
[2024-07-28T02:35:30.595+0000] {processor.py:153} INFO - Started process (PID=646) to work on /opt/airflow/dags/exemplo_xcom.py
[2024-07-28T02:35:30.596+0000] {processor.py:743} INFO - Processing file /opt/airflow/dags/exemplo_xcom.py for tasks to queue
[2024-07-28T02:35:30.596+0000] {logging_mixin.py:137} INFO - [2024-07-28T02:35:30.596+0000] {dagbag.py:538} INFO - Filling up the DagBag from /opt/airflow/dags/exemplo_xcom.py
[2024-07-28T02:35:30.607+0000] {processor.py:753} INFO - DAG(s) dict_keys(['exemplo_xcom']) retrieved from /opt/airflow/dags/exemplo_xcom.py
[2024-07-28T02:35:30.627+0000] {logging_mixin.py:137} INFO - [2024-07-28T02:35:30.627+0000] {dag.py:2690} INFO - Sync 1 DAGs
[2024-07-28T02:35:30.641+0000] {logging_mixin.py:137} INFO - [2024-07-28T02:35:30.641+0000] {dag.py:3441} INFO - Setting next_dagrun for exemplo_xcom to None, run_after=None
[2024-07-28T02:35:30.654+0000] {processor.py:175} INFO - Processing /opt/airflow/dags/exemplo_xcom.py took 0.061 seconds
[2024-07-28T02:35:36.704+0000] {processor.py:153} INFO - Started process (PID=687) to work on /opt/airflow/dags/exemplo_xcom.py
[2024-07-28T02:35:36.730+0000] {processor.py:743} INFO - Processing file /opt/airflow/dags/exemplo_xcom.py for tasks to queue
[2024-07-28T02:35:36.731+0000] {logging_mixin.py:137} INFO - [2024-07-28T02:35:36.731+0000] {dagbag.py:538} INFO - Filling up the DagBag from /opt/airflow/dags/exemplo_xcom.py
[2024-07-28T02:35:36.743+0000] {processor.py:753} INFO - DAG(s) dict_keys(['exemplo_xcom']) retrieved from /opt/airflow/dags/exemplo_xcom.py
[2024-07-28T02:35:36.762+0000] {logging_mixin.py:137} INFO - [2024-07-28T02:35:36.762+0000] {dag.py:2690} INFO - Sync 1 DAGs
[2024-07-28T02:35:36.778+0000] {logging_mixin.py:137} INFO - [2024-07-28T02:35:36.778+0000] {dag.py:3441} INFO - Setting next_dagrun for exemplo_xcom to None, run_after=None
[2024-07-28T02:35:36.792+0000] {processor.py:175} INFO - Processing /opt/airflow/dags/exemplo_xcom.py took 0.092 seconds
[2024-07-28T02:35:42.707+0000] {processor.py:153} INFO - Started process (PID=712) to work on /opt/airflow/dags/exemplo_xcom.py
[2024-07-28T02:35:42.707+0000] {processor.py:743} INFO - Processing file /opt/airflow/dags/exemplo_xcom.py for tasks to queue
[2024-07-28T02:35:42.708+0000] {logging_mixin.py:137} INFO - [2024-07-28T02:35:42.708+0000] {dagbag.py:538} INFO - Filling up the DagBag from /opt/airflow/dags/exemplo_xcom.py
[2024-07-28T02:35:42.718+0000] {processor.py:753} INFO - DAG(s) dict_keys(['exemplo_xcom']) retrieved from /opt/airflow/dags/exemplo_xcom.py
[2024-07-28T02:35:42.731+0000] {logging_mixin.py:137} INFO - [2024-07-28T02:35:42.731+0000] {dag.py:2690} INFO - Sync 1 DAGs
[2024-07-28T02:35:42.747+0000] {logging_mixin.py:137} INFO - [2024-07-28T02:35:42.746+0000] {dag.py:3441} INFO - Setting next_dagrun for exemplo_xcom to None, run_after=None
[2024-07-28T02:35:42.760+0000] {processor.py:175} INFO - Processing /opt/airflow/dags/exemplo_xcom.py took 0.055 seconds
[2024-07-28T02:35:48.770+0000] {processor.py:153} INFO - Started process (PID=753) to work on /opt/airflow/dags/exemplo_xcom.py
[2024-07-28T02:35:48.772+0000] {processor.py:743} INFO - Processing file /opt/airflow/dags/exemplo_xcom.py for tasks to queue
[2024-07-28T02:35:48.772+0000] {logging_mixin.py:137} INFO - [2024-07-28T02:35:48.772+0000] {dagbag.py:538} INFO - Filling up the DagBag from /opt/airflow/dags/exemplo_xcom.py
[2024-07-28T02:35:48.781+0000] {processor.py:753} INFO - DAG(s) dict_keys(['exemplo_xcom']) retrieved from /opt/airflow/dags/exemplo_xcom.py
[2024-07-28T02:35:48.794+0000] {logging_mixin.py:137} INFO - [2024-07-28T02:35:48.793+0000] {dag.py:2690} INFO - Sync 1 DAGs
[2024-07-28T02:35:48.809+0000] {logging_mixin.py:137} INFO - [2024-07-28T02:35:48.809+0000] {dag.py:3441} INFO - Setting next_dagrun for exemplo_xcom to None, run_after=None
[2024-07-28T02:35:48.821+0000] {processor.py:175} INFO - Processing /opt/airflow/dags/exemplo_xcom.py took 0.053 seconds
[2024-07-28T02:35:54.795+0000] {processor.py:153} INFO - Started process (PID=778) to work on /opt/airflow/dags/exemplo_xcom.py
[2024-07-28T02:35:54.795+0000] {processor.py:743} INFO - Processing file /opt/airflow/dags/exemplo_xcom.py for tasks to queue
[2024-07-28T02:35:54.796+0000] {logging_mixin.py:137} INFO - [2024-07-28T02:35:54.796+0000] {dagbag.py:538} INFO - Filling up the DagBag from /opt/airflow/dags/exemplo_xcom.py
[2024-07-28T02:35:54.805+0000] {processor.py:753} INFO - DAG(s) dict_keys(['exemplo_xcom']) retrieved from /opt/airflow/dags/exemplo_xcom.py
[2024-07-28T02:35:54.823+0000] {logging_mixin.py:137} INFO - [2024-07-28T02:35:54.823+0000] {dag.py:2690} INFO - Sync 1 DAGs
[2024-07-28T02:35:54.837+0000] {logging_mixin.py:137} INFO - [2024-07-28T02:35:54.837+0000] {dag.py:3441} INFO - Setting next_dagrun for exemplo_xcom to None, run_after=None
[2024-07-28T02:35:54.852+0000] {processor.py:175} INFO - Processing /opt/airflow/dags/exemplo_xcom.py took 0.059 seconds
[2024-07-28T02:36:00.932+0000] {processor.py:153} INFO - Started process (PID=819) to work on /opt/airflow/dags/exemplo_xcom.py
[2024-07-28T02:36:00.933+0000] {processor.py:743} INFO - Processing file /opt/airflow/dags/exemplo_xcom.py for tasks to queue
[2024-07-28T02:36:00.934+0000] {logging_mixin.py:137} INFO - [2024-07-28T02:36:00.934+0000] {dagbag.py:538} INFO - Filling up the DagBag from /opt/airflow/dags/exemplo_xcom.py
[2024-07-28T02:36:00.945+0000] {processor.py:753} INFO - DAG(s) dict_keys(['exemplo_xcom']) retrieved from /opt/airflow/dags/exemplo_xcom.py
[2024-07-28T02:36:00.962+0000] {logging_mixin.py:137} INFO - [2024-07-28T02:36:00.962+0000] {dag.py:2690} INFO - Sync 1 DAGs
[2024-07-28T02:36:00.975+0000] {logging_mixin.py:137} INFO - [2024-07-28T02:36:00.975+0000] {dag.py:3441} INFO - Setting next_dagrun for exemplo_xcom to None, run_after=None
[2024-07-28T02:36:00.988+0000] {processor.py:175} INFO - Processing /opt/airflow/dags/exemplo_xcom.py took 0.058 seconds
[2024-07-28T02:36:06.963+0000] {processor.py:153} INFO - Started process (PID=844) to work on /opt/airflow/dags/exemplo_xcom.py
[2024-07-28T02:36:06.963+0000] {processor.py:743} INFO - Processing file /opt/airflow/dags/exemplo_xcom.py for tasks to queue
[2024-07-28T02:36:06.964+0000] {logging_mixin.py:137} INFO - [2024-07-28T02:36:06.964+0000] {dagbag.py:538} INFO - Filling up the DagBag from /opt/airflow/dags/exemplo_xcom.py
[2024-07-28T02:36:06.972+0000] {processor.py:753} INFO - DAG(s) dict_keys(['exemplo_xcom']) retrieved from /opt/airflow/dags/exemplo_xcom.py
[2024-07-28T02:36:06.986+0000] {logging_mixin.py:137} INFO - [2024-07-28T02:36:06.986+0000] {dag.py:2690} INFO - Sync 1 DAGs
[2024-07-28T02:36:06.999+0000] {logging_mixin.py:137} INFO - [2024-07-28T02:36:06.999+0000] {dag.py:3441} INFO - Setting next_dagrun for exemplo_xcom to None, run_after=None
[2024-07-28T02:36:07.008+0000] {processor.py:175} INFO - Processing /opt/airflow/dags/exemplo_xcom.py took 0.047 seconds
[2024-07-28T02:36:13.031+0000] {processor.py:153} INFO - Started process (PID=885) to work on /opt/airflow/dags/exemplo_xcom.py
[2024-07-28T02:36:13.032+0000] {processor.py:743} INFO - Processing file /opt/airflow/dags/exemplo_xcom.py for tasks to queue
[2024-07-28T02:36:13.034+0000] {logging_mixin.py:137} INFO - [2024-07-28T02:36:13.034+0000] {dagbag.py:538} INFO - Filling up the DagBag from /opt/airflow/dags/exemplo_xcom.py
[2024-07-28T02:36:13.042+0000] {processor.py:753} INFO - DAG(s) dict_keys(['exemplo_xcom']) retrieved from /opt/airflow/dags/exemplo_xcom.py
[2024-07-28T02:36:13.058+0000] {logging_mixin.py:137} INFO - [2024-07-28T02:36:13.058+0000] {dag.py:2690} INFO - Sync 1 DAGs
[2024-07-28T02:36:13.070+0000] {logging_mixin.py:137} INFO - [2024-07-28T02:36:13.070+0000] {dag.py:3441} INFO - Setting next_dagrun for exemplo_xcom to None, run_after=None
[2024-07-28T02:36:13.086+0000] {processor.py:175} INFO - Processing /opt/airflow/dags/exemplo_xcom.py took 0.058 seconds
[2024-07-28T02:36:19.043+0000] {processor.py:153} INFO - Started process (PID=919) to work on /opt/airflow/dags/exemplo_xcom.py
[2024-07-28T02:36:19.046+0000] {processor.py:743} INFO - Processing file /opt/airflow/dags/exemplo_xcom.py for tasks to queue
[2024-07-28T02:36:19.046+0000] {logging_mixin.py:137} INFO - [2024-07-28T02:36:19.046+0000] {dagbag.py:538} INFO - Filling up the DagBag from /opt/airflow/dags/exemplo_xcom.py
[2024-07-28T02:36:19.058+0000] {processor.py:753} INFO - DAG(s) dict_keys(['exemplo_xcom']) retrieved from /opt/airflow/dags/exemplo_xcom.py
[2024-07-28T02:36:19.077+0000] {logging_mixin.py:137} INFO - [2024-07-28T02:36:19.076+0000] {dag.py:2690} INFO - Sync 1 DAGs
[2024-07-28T02:36:19.091+0000] {logging_mixin.py:137} INFO - [2024-07-28T02:36:19.091+0000] {dag.py:3441} INFO - Setting next_dagrun for exemplo_xcom to None, run_after=None
[2024-07-28T02:36:19.107+0000] {processor.py:175} INFO - Processing /opt/airflow/dags/exemplo_xcom.py took 0.066 seconds
[2024-07-28T02:36:25.247+0000] {processor.py:153} INFO - Started process (PID=951) to work on /opt/airflow/dags/exemplo_xcom.py
[2024-07-28T02:36:25.248+0000] {processor.py:743} INFO - Processing file /opt/airflow/dags/exemplo_xcom.py for tasks to queue
[2024-07-28T02:36:25.248+0000] {logging_mixin.py:137} INFO - [2024-07-28T02:36:25.248+0000] {dagbag.py:538} INFO - Filling up the DagBag from /opt/airflow/dags/exemplo_xcom.py
[2024-07-28T02:36:25.259+0000] {processor.py:753} INFO - DAG(s) dict_keys(['exemplo_xcom']) retrieved from /opt/airflow/dags/exemplo_xcom.py
[2024-07-28T02:36:25.275+0000] {logging_mixin.py:137} INFO - [2024-07-28T02:36:25.275+0000] {dag.py:2690} INFO - Sync 1 DAGs
[2024-07-28T02:36:25.290+0000] {logging_mixin.py:137} INFO - [2024-07-28T02:36:25.290+0000] {dag.py:3441} INFO - Setting next_dagrun for exemplo_xcom to None, run_after=None
[2024-07-28T02:36:25.307+0000] {processor.py:175} INFO - Processing /opt/airflow/dags/exemplo_xcom.py took 0.062 seconds
[2024-07-28T02:36:31.324+0000] {processor.py:153} INFO - Started process (PID=992) to work on /opt/airflow/dags/exemplo_xcom.py
[2024-07-28T02:36:31.324+0000] {processor.py:743} INFO - Processing file /opt/airflow/dags/exemplo_xcom.py for tasks to queue
[2024-07-28T02:36:31.325+0000] {logging_mixin.py:137} INFO - [2024-07-28T02:36:31.325+0000] {dagbag.py:538} INFO - Filling up the DagBag from /opt/airflow/dags/exemplo_xcom.py
[2024-07-28T02:36:31.334+0000] {processor.py:753} INFO - DAG(s) dict_keys(['exemplo_xcom']) retrieved from /opt/airflow/dags/exemplo_xcom.py
[2024-07-28T02:36:31.356+0000] {logging_mixin.py:137} INFO - [2024-07-28T02:36:31.356+0000] {dag.py:2690} INFO - Sync 1 DAGs
[2024-07-28T02:36:31.370+0000] {logging_mixin.py:137} INFO - [2024-07-28T02:36:31.369+0000] {dag.py:3441} INFO - Setting next_dagrun for exemplo_xcom to None, run_after=None
[2024-07-28T02:36:31.382+0000] {processor.py:175} INFO - Processing /opt/airflow/dags/exemplo_xcom.py took 0.060 seconds
[2024-07-28T02:36:37.386+0000] {processor.py:153} INFO - Started process (PID=1017) to work on /opt/airflow/dags/exemplo_xcom.py
[2024-07-28T02:36:37.387+0000] {processor.py:743} INFO - Processing file /opt/airflow/dags/exemplo_xcom.py for tasks to queue
[2024-07-28T02:36:37.387+0000] {logging_mixin.py:137} INFO - [2024-07-28T02:36:37.387+0000] {dagbag.py:538} INFO - Filling up the DagBag from /opt/airflow/dags/exemplo_xcom.py
[2024-07-28T02:36:37.398+0000] {processor.py:753} INFO - DAG(s) dict_keys(['exemplo_xcom']) retrieved from /opt/airflow/dags/exemplo_xcom.py
[2024-07-28T02:36:37.415+0000] {logging_mixin.py:137} INFO - [2024-07-28T02:36:37.415+0000] {dag.py:2690} INFO - Sync 1 DAGs
[2024-07-28T02:36:37.431+0000] {logging_mixin.py:137} INFO - [2024-07-28T02:36:37.431+0000] {dag.py:3441} INFO - Setting next_dagrun for exemplo_xcom to None, run_after=None
[2024-07-28T02:36:37.446+0000] {processor.py:175} INFO - Processing /opt/airflow/dags/exemplo_xcom.py took 0.061 seconds
[2024-07-28T02:36:43.428+0000] {processor.py:153} INFO - Started process (PID=1058) to work on /opt/airflow/dags/exemplo_xcom.py
[2024-07-28T02:36:43.428+0000] {processor.py:743} INFO - Processing file /opt/airflow/dags/exemplo_xcom.py for tasks to queue
[2024-07-28T02:36:43.429+0000] {logging_mixin.py:137} INFO - [2024-07-28T02:36:43.429+0000] {dagbag.py:538} INFO - Filling up the DagBag from /opt/airflow/dags/exemplo_xcom.py
[2024-07-28T02:36:43.437+0000] {processor.py:753} INFO - DAG(s) dict_keys(['exemplo_xcom']) retrieved from /opt/airflow/dags/exemplo_xcom.py
[2024-07-28T02:36:43.449+0000] {logging_mixin.py:137} INFO - [2024-07-28T02:36:43.449+0000] {dag.py:2690} INFO - Sync 1 DAGs
[2024-07-28T02:36:43.461+0000] {logging_mixin.py:137} INFO - [2024-07-28T02:36:43.461+0000] {dag.py:3441} INFO - Setting next_dagrun for exemplo_xcom to None, run_after=None
[2024-07-28T02:36:43.469+0000] {processor.py:175} INFO - Processing /opt/airflow/dags/exemplo_xcom.py took 0.043 seconds
[2024-07-28T02:36:49.517+0000] {processor.py:153} INFO - Started process (PID=1083) to work on /opt/airflow/dags/exemplo_xcom.py
[2024-07-28T02:36:49.518+0000] {processor.py:743} INFO - Processing file /opt/airflow/dags/exemplo_xcom.py for tasks to queue
[2024-07-28T02:36:49.519+0000] {logging_mixin.py:137} INFO - [2024-07-28T02:36:49.519+0000] {dagbag.py:538} INFO - Filling up the DagBag from /opt/airflow/dags/exemplo_xcom.py
[2024-07-28T02:36:49.530+0000] {processor.py:753} INFO - DAG(s) dict_keys(['exemplo_xcom']) retrieved from /opt/airflow/dags/exemplo_xcom.py
[2024-07-28T02:36:49.543+0000] {logging_mixin.py:137} INFO - [2024-07-28T02:36:49.543+0000] {dag.py:2690} INFO - Sync 1 DAGs
[2024-07-28T02:36:49.556+0000] {logging_mixin.py:137} INFO - [2024-07-28T02:36:49.556+0000] {dag.py:3441} INFO - Setting next_dagrun for exemplo_xcom to None, run_after=None
[2024-07-28T02:36:49.568+0000] {processor.py:175} INFO - Processing /opt/airflow/dags/exemplo_xcom.py took 0.053 seconds
[2024-07-28T02:36:55.566+0000] {processor.py:153} INFO - Started process (PID=1124) to work on /opt/airflow/dags/exemplo_xcom.py
[2024-07-28T02:36:55.566+0000] {processor.py:743} INFO - Processing file /opt/airflow/dags/exemplo_xcom.py for tasks to queue
[2024-07-28T02:36:55.567+0000] {logging_mixin.py:137} INFO - [2024-07-28T02:36:55.567+0000] {dagbag.py:538} INFO - Filling up the DagBag from /opt/airflow/dags/exemplo_xcom.py
[2024-07-28T02:36:55.576+0000] {processor.py:753} INFO - DAG(s) dict_keys(['exemplo_xcom']) retrieved from /opt/airflow/dags/exemplo_xcom.py
[2024-07-28T02:36:55.591+0000] {logging_mixin.py:137} INFO - [2024-07-28T02:36:55.591+0000] {dag.py:2690} INFO - Sync 1 DAGs
[2024-07-28T02:36:55.605+0000] {logging_mixin.py:137} INFO - [2024-07-28T02:36:55.605+0000] {dag.py:3441} INFO - Setting next_dagrun for exemplo_xcom to None, run_after=None
[2024-07-28T02:36:55.616+0000] {processor.py:175} INFO - Processing /opt/airflow/dags/exemplo_xcom.py took 0.053 seconds
[2024-07-28T02:37:01.587+0000] {processor.py:153} INFO - Started process (PID=1149) to work on /opt/airflow/dags/exemplo_xcom.py
[2024-07-28T02:37:01.588+0000] {processor.py:743} INFO - Processing file /opt/airflow/dags/exemplo_xcom.py for tasks to queue
[2024-07-28T02:37:01.588+0000] {logging_mixin.py:137} INFO - [2024-07-28T02:37:01.588+0000] {dagbag.py:538} INFO - Filling up the DagBag from /opt/airflow/dags/exemplo_xcom.py
[2024-07-28T02:37:01.599+0000] {processor.py:753} INFO - DAG(s) dict_keys(['exemplo_xcom']) retrieved from /opt/airflow/dags/exemplo_xcom.py
[2024-07-28T02:37:01.615+0000] {logging_mixin.py:137} INFO - [2024-07-28T02:37:01.615+0000] {dag.py:2690} INFO - Sync 1 DAGs
[2024-07-28T02:37:01.647+0000] {logging_mixin.py:137} INFO - [2024-07-28T02:37:01.647+0000] {dag.py:3441} INFO - Setting next_dagrun for exemplo_xcom to None, run_after=None
[2024-07-28T02:37:01.698+0000] {processor.py:175} INFO - Processing /opt/airflow/dags/exemplo_xcom.py took 0.112 seconds
[2024-07-28T02:37:07.808+0000] {processor.py:153} INFO - Started process (PID=1190) to work on /opt/airflow/dags/exemplo_xcom.py
[2024-07-28T02:37:07.811+0000] {processor.py:743} INFO - Processing file /opt/airflow/dags/exemplo_xcom.py for tasks to queue
[2024-07-28T02:37:07.811+0000] {logging_mixin.py:137} INFO - [2024-07-28T02:37:07.811+0000] {dagbag.py:538} INFO - Filling up the DagBag from /opt/airflow/dags/exemplo_xcom.py
[2024-07-28T02:37:07.821+0000] {processor.py:753} INFO - DAG(s) dict_keys(['exemplo_xcom']) retrieved from /opt/airflow/dags/exemplo_xcom.py
[2024-07-28T02:37:07.840+0000] {logging_mixin.py:137} INFO - [2024-07-28T02:37:07.840+0000] {dag.py:2690} INFO - Sync 1 DAGs
[2024-07-28T02:37:07.858+0000] {logging_mixin.py:137} INFO - [2024-07-28T02:37:07.858+0000] {dag.py:3441} INFO - Setting next_dagrun for exemplo_xcom to None, run_after=None
[2024-07-28T02:37:07.876+0000] {processor.py:175} INFO - Processing /opt/airflow/dags/exemplo_xcom.py took 0.070 seconds
[2024-07-28T02:37:13.001+0000] {processor.py:153} INFO - Started process (PID=1215) to work on /opt/airflow/dags/exemplo_xcom.py
[2024-07-28T02:37:13.004+0000] {processor.py:743} INFO - Processing file /opt/airflow/dags/exemplo_xcom.py for tasks to queue
[2024-07-28T02:37:13.004+0000] {logging_mixin.py:137} INFO - [2024-07-28T02:37:13.004+0000] {dagbag.py:538} INFO - Filling up the DagBag from /opt/airflow/dags/exemplo_xcom.py
[2024-07-28T02:37:13.017+0000] {processor.py:753} INFO - DAG(s) dict_keys(['exemplo_xcom']) retrieved from /opt/airflow/dags/exemplo_xcom.py
[2024-07-28T02:37:13.033+0000] {logging_mixin.py:137} INFO - [2024-07-28T02:37:13.033+0000] {dag.py:2690} INFO - Sync 1 DAGs
[2024-07-28T02:37:13.048+0000] {logging_mixin.py:137} INFO - [2024-07-28T02:37:13.048+0000] {dag.py:3441} INFO - Setting next_dagrun for exemplo_xcom to None, run_after=None
[2024-07-28T02:37:13.061+0000] {processor.py:175} INFO - Processing /opt/airflow/dags/exemplo_xcom.py took 0.064 seconds
[2024-07-28T02:37:19.000+0000] {processor.py:153} INFO - Started process (PID=1256) to work on /opt/airflow/dags/exemplo_xcom.py
[2024-07-28T02:37:19.000+0000] {processor.py:743} INFO - Processing file /opt/airflow/dags/exemplo_xcom.py for tasks to queue
[2024-07-28T02:37:19.002+0000] {logging_mixin.py:137} INFO - [2024-07-28T02:37:19.002+0000] {dagbag.py:538} INFO - Filling up the DagBag from /opt/airflow/dags/exemplo_xcom.py
[2024-07-28T02:37:19.012+0000] {processor.py:753} INFO - DAG(s) dict_keys(['exemplo_xcom']) retrieved from /opt/airflow/dags/exemplo_xcom.py
[2024-07-28T02:37:19.024+0000] {logging_mixin.py:137} INFO - [2024-07-28T02:37:19.024+0000] {dag.py:2690} INFO - Sync 1 DAGs
[2024-07-28T02:37:19.038+0000] {logging_mixin.py:137} INFO - [2024-07-28T02:37:19.038+0000] {dag.py:3441} INFO - Setting next_dagrun for exemplo_xcom to None, run_after=None
[2024-07-28T02:37:19.053+0000] {processor.py:175} INFO - Processing /opt/airflow/dags/exemplo_xcom.py took 0.055 seconds
[2024-07-28T02:37:24.927+0000] {processor.py:153} INFO - Started process (PID=1281) to work on /opt/airflow/dags/exemplo_xcom.py
[2024-07-28T02:37:24.928+0000] {processor.py:743} INFO - Processing file /opt/airflow/dags/exemplo_xcom.py for tasks to queue
[2024-07-28T02:37:24.928+0000] {logging_mixin.py:137} INFO - [2024-07-28T02:37:24.928+0000] {dagbag.py:538} INFO - Filling up the DagBag from /opt/airflow/dags/exemplo_xcom.py
[2024-07-28T02:37:24.937+0000] {processor.py:753} INFO - DAG(s) dict_keys(['exemplo_xcom']) retrieved from /opt/airflow/dags/exemplo_xcom.py
[2024-07-28T02:37:24.952+0000] {logging_mixin.py:137} INFO - [2024-07-28T02:37:24.952+0000] {dag.py:2690} INFO - Sync 1 DAGs
[2024-07-28T02:37:24.968+0000] {logging_mixin.py:137} INFO - [2024-07-28T02:37:24.968+0000] {dag.py:3441} INFO - Setting next_dagrun for exemplo_xcom to None, run_after=None
[2024-07-28T02:37:24.981+0000] {processor.py:175} INFO - Processing /opt/airflow/dags/exemplo_xcom.py took 0.056 seconds
[2024-07-28T02:37:30.949+0000] {processor.py:153} INFO - Started process (PID=1322) to work on /opt/airflow/dags/exemplo_xcom.py
[2024-07-28T02:37:30.950+0000] {processor.py:743} INFO - Processing file /opt/airflow/dags/exemplo_xcom.py for tasks to queue
[2024-07-28T02:37:30.950+0000] {logging_mixin.py:137} INFO - [2024-07-28T02:37:30.950+0000] {dagbag.py:538} INFO - Filling up the DagBag from /opt/airflow/dags/exemplo_xcom.py
[2024-07-28T02:37:30.959+0000] {processor.py:753} INFO - DAG(s) dict_keys(['exemplo_xcom']) retrieved from /opt/airflow/dags/exemplo_xcom.py
[2024-07-28T02:37:30.973+0000] {logging_mixin.py:137} INFO - [2024-07-28T02:37:30.973+0000] {dag.py:2690} INFO - Sync 1 DAGs
[2024-07-28T02:37:30.985+0000] {logging_mixin.py:137} INFO - [2024-07-28T02:37:30.985+0000] {dag.py:3441} INFO - Setting next_dagrun for exemplo_xcom to None, run_after=None
[2024-07-28T02:37:30.995+0000] {processor.py:175} INFO - Processing /opt/airflow/dags/exemplo_xcom.py took 0.048 seconds
[2024-07-28T02:37:36.944+0000] {processor.py:153} INFO - Started process (PID=1347) to work on /opt/airflow/dags/exemplo_xcom.py
[2024-07-28T02:37:36.944+0000] {processor.py:743} INFO - Processing file /opt/airflow/dags/exemplo_xcom.py for tasks to queue
[2024-07-28T02:37:36.945+0000] {logging_mixin.py:137} INFO - [2024-07-28T02:37:36.945+0000] {dagbag.py:538} INFO - Filling up the DagBag from /opt/airflow/dags/exemplo_xcom.py
[2024-07-28T02:37:36.953+0000] {processor.py:753} INFO - DAG(s) dict_keys(['exemplo_xcom']) retrieved from /opt/airflow/dags/exemplo_xcom.py
[2024-07-28T02:37:36.966+0000] {logging_mixin.py:137} INFO - [2024-07-28T02:37:36.966+0000] {dag.py:2690} INFO - Sync 1 DAGs
[2024-07-28T02:37:36.977+0000] {logging_mixin.py:137} INFO - [2024-07-28T02:37:36.977+0000] {dag.py:3441} INFO - Setting next_dagrun for exemplo_xcom to None, run_after=None
[2024-07-28T02:37:36.985+0000] {processor.py:175} INFO - Processing /opt/airflow/dags/exemplo_xcom.py took 0.043 seconds
[2024-07-28T02:37:42.954+0000] {processor.py:153} INFO - Started process (PID=1388) to work on /opt/airflow/dags/exemplo_xcom.py
[2024-07-28T02:37:42.954+0000] {processor.py:743} INFO - Processing file /opt/airflow/dags/exemplo_xcom.py for tasks to queue
[2024-07-28T02:37:42.955+0000] {logging_mixin.py:137} INFO - [2024-07-28T02:37:42.955+0000] {dagbag.py:538} INFO - Filling up the DagBag from /opt/airflow/dags/exemplo_xcom.py
[2024-07-28T02:37:42.964+0000] {processor.py:753} INFO - DAG(s) dict_keys(['exemplo_xcom']) retrieved from /opt/airflow/dags/exemplo_xcom.py
[2024-07-28T02:37:42.979+0000] {logging_mixin.py:137} INFO - [2024-07-28T02:37:42.979+0000] {dag.py:2690} INFO - Sync 1 DAGs
[2024-07-28T02:37:42.991+0000] {logging_mixin.py:137} INFO - [2024-07-28T02:37:42.991+0000] {dag.py:3441} INFO - Setting next_dagrun for exemplo_xcom to None, run_after=None
[2024-07-28T02:37:43.002+0000] {processor.py:175} INFO - Processing /opt/airflow/dags/exemplo_xcom.py took 0.050 seconds
[2024-07-28T02:37:48.888+0000] {processor.py:153} INFO - Started process (PID=1422) to work on /opt/airflow/dags/exemplo_xcom.py
[2024-07-28T02:37:48.889+0000] {processor.py:743} INFO - Processing file /opt/airflow/dags/exemplo_xcom.py for tasks to queue
[2024-07-28T02:37:48.890+0000] {logging_mixin.py:137} INFO - [2024-07-28T02:37:48.890+0000] {dagbag.py:538} INFO - Filling up the DagBag from /opt/airflow/dags/exemplo_xcom.py
[2024-07-28T02:37:48.901+0000] {processor.py:753} INFO - DAG(s) dict_keys(['exemplo_xcom']) retrieved from /opt/airflow/dags/exemplo_xcom.py
[2024-07-28T02:37:48.914+0000] {logging_mixin.py:137} INFO - [2024-07-28T02:37:48.914+0000] {dag.py:2690} INFO - Sync 1 DAGs
[2024-07-28T02:37:48.927+0000] {logging_mixin.py:137} INFO - [2024-07-28T02:37:48.927+0000] {dag.py:3441} INFO - Setting next_dagrun for exemplo_xcom to None, run_after=None
[2024-07-28T02:37:48.942+0000] {processor.py:175} INFO - Processing /opt/airflow/dags/exemplo_xcom.py took 0.056 seconds
[2024-07-28T02:37:54.855+0000] {processor.py:153} INFO - Started process (PID=1454) to work on /opt/airflow/dags/exemplo_xcom.py
[2024-07-28T02:37:54.856+0000] {processor.py:743} INFO - Processing file /opt/airflow/dags/exemplo_xcom.py for tasks to queue
[2024-07-28T02:37:54.858+0000] {logging_mixin.py:137} INFO - [2024-07-28T02:37:54.858+0000] {dagbag.py:538} INFO - Filling up the DagBag from /opt/airflow/dags/exemplo_xcom.py
[2024-07-28T02:37:54.866+0000] {processor.py:753} INFO - DAG(s) dict_keys(['exemplo_xcom']) retrieved from /opt/airflow/dags/exemplo_xcom.py
[2024-07-28T02:37:54.882+0000] {logging_mixin.py:137} INFO - [2024-07-28T02:37:54.882+0000] {dag.py:2690} INFO - Sync 1 DAGs
[2024-07-28T02:37:54.896+0000] {logging_mixin.py:137} INFO - [2024-07-28T02:37:54.896+0000] {dag.py:3441} INFO - Setting next_dagrun for exemplo_xcom to None, run_after=None
[2024-07-28T02:37:54.907+0000] {processor.py:175} INFO - Processing /opt/airflow/dags/exemplo_xcom.py took 0.053 seconds
[2024-07-28T02:38:01.153+0000] {processor.py:153} INFO - Started process (PID=1495) to work on /opt/airflow/dags/exemplo_xcom.py
[2024-07-28T02:38:01.154+0000] {processor.py:743} INFO - Processing file /opt/airflow/dags/exemplo_xcom.py for tasks to queue
[2024-07-28T02:38:01.154+0000] {logging_mixin.py:137} INFO - [2024-07-28T02:38:01.154+0000] {dagbag.py:538} INFO - Filling up the DagBag from /opt/airflow/dags/exemplo_xcom.py
[2024-07-28T02:38:01.171+0000] {processor.py:753} INFO - DAG(s) dict_keys(['exemplo_xcom']) retrieved from /opt/airflow/dags/exemplo_xcom.py
[2024-07-28T02:38:01.191+0000] {logging_mixin.py:137} INFO - [2024-07-28T02:38:01.191+0000] {dag.py:2690} INFO - Sync 1 DAGs
[2024-07-28T02:38:01.208+0000] {logging_mixin.py:137} INFO - [2024-07-28T02:38:01.208+0000] {dag.py:3441} INFO - Setting next_dagrun for exemplo_xcom to None, run_after=None
[2024-07-28T02:38:01.221+0000] {processor.py:175} INFO - Processing /opt/airflow/dags/exemplo_xcom.py took 0.072 seconds
[2024-07-28T02:38:06.312+0000] {processor.py:153} INFO - Started process (PID=1520) to work on /opt/airflow/dags/exemplo_xcom.py
[2024-07-28T02:38:06.313+0000] {processor.py:743} INFO - Processing file /opt/airflow/dags/exemplo_xcom.py for tasks to queue
[2024-07-28T02:38:06.313+0000] {logging_mixin.py:137} INFO - [2024-07-28T02:38:06.313+0000] {dagbag.py:538} INFO - Filling up the DagBag from /opt/airflow/dags/exemplo_xcom.py
[2024-07-28T02:38:06.324+0000] {processor.py:753} INFO - DAG(s) dict_keys(['exemplo_xcom']) retrieved from /opt/airflow/dags/exemplo_xcom.py
[2024-07-28T02:38:06.337+0000] {logging_mixin.py:137} INFO - [2024-07-28T02:38:06.337+0000] {dag.py:2690} INFO - Sync 1 DAGs
[2024-07-28T02:38:06.350+0000] {logging_mixin.py:137} INFO - [2024-07-28T02:38:06.350+0000] {dag.py:3441} INFO - Setting next_dagrun for exemplo_xcom to None, run_after=None
[2024-07-28T02:38:06.364+0000] {processor.py:175} INFO - Processing /opt/airflow/dags/exemplo_xcom.py took 0.053 seconds
[2024-07-28T02:38:12.442+0000] {processor.py:153} INFO - Started process (PID=1561) to work on /opt/airflow/dags/exemplo_xcom.py
[2024-07-28T02:38:12.443+0000] {processor.py:743} INFO - Processing file /opt/airflow/dags/exemplo_xcom.py for tasks to queue
[2024-07-28T02:38:12.444+0000] {logging_mixin.py:137} INFO - [2024-07-28T02:38:12.444+0000] {dagbag.py:538} INFO - Filling up the DagBag from /opt/airflow/dags/exemplo_xcom.py
[2024-07-28T02:38:12.460+0000] {processor.py:753} INFO - DAG(s) dict_keys(['exemplo_xcom']) retrieved from /opt/airflow/dags/exemplo_xcom.py
[2024-07-28T02:38:12.477+0000] {logging_mixin.py:137} INFO - [2024-07-28T02:38:12.477+0000] {dag.py:2690} INFO - Sync 1 DAGs
[2024-07-28T02:38:12.491+0000] {logging_mixin.py:137} INFO - [2024-07-28T02:38:12.491+0000] {dag.py:3441} INFO - Setting next_dagrun for exemplo_xcom to None, run_after=None
[2024-07-28T02:38:12.504+0000] {processor.py:175} INFO - Processing /opt/airflow/dags/exemplo_xcom.py took 0.064 seconds
[2024-07-28T02:38:18.493+0000] {processor.py:153} INFO - Started process (PID=1586) to work on /opt/airflow/dags/exemplo_xcom.py
[2024-07-28T02:38:18.494+0000] {processor.py:743} INFO - Processing file /opt/airflow/dags/exemplo_xcom.py for tasks to queue
[2024-07-28T02:38:18.494+0000] {logging_mixin.py:137} INFO - [2024-07-28T02:38:18.494+0000] {dagbag.py:538} INFO - Filling up the DagBag from /opt/airflow/dags/exemplo_xcom.py
[2024-07-28T02:38:18.505+0000] {processor.py:753} INFO - DAG(s) dict_keys(['exemplo_xcom']) retrieved from /opt/airflow/dags/exemplo_xcom.py
[2024-07-28T02:38:18.517+0000] {logging_mixin.py:137} INFO - [2024-07-28T02:38:18.517+0000] {dag.py:2690} INFO - Sync 1 DAGs
[2024-07-28T02:38:18.529+0000] {logging_mixin.py:137} INFO - [2024-07-28T02:38:18.529+0000] {dag.py:3441} INFO - Setting next_dagrun for exemplo_xcom to None, run_after=None
[2024-07-28T02:38:18.543+0000] {processor.py:175} INFO - Processing /opt/airflow/dags/exemplo_xcom.py took 0.052 seconds
[2024-07-28T02:38:24.484+0000] {processor.py:153} INFO - Started process (PID=1627) to work on /opt/airflow/dags/exemplo_xcom.py
[2024-07-28T02:38:24.488+0000] {processor.py:743} INFO - Processing file /opt/airflow/dags/exemplo_xcom.py for tasks to queue
[2024-07-28T02:38:24.490+0000] {logging_mixin.py:137} INFO - [2024-07-28T02:38:24.490+0000] {dagbag.py:538} INFO - Filling up the DagBag from /opt/airflow/dags/exemplo_xcom.py
[2024-07-28T02:38:24.501+0000] {processor.py:753} INFO - DAG(s) dict_keys(['exemplo_xcom']) retrieved from /opt/airflow/dags/exemplo_xcom.py
[2024-07-28T02:38:24.516+0000] {logging_mixin.py:137} INFO - [2024-07-28T02:38:24.516+0000] {dag.py:2690} INFO - Sync 1 DAGs
[2024-07-28T02:38:24.529+0000] {logging_mixin.py:137} INFO - [2024-07-28T02:38:24.529+0000] {dag.py:3441} INFO - Setting next_dagrun for exemplo_xcom to None, run_after=None
[2024-07-28T02:38:24.539+0000] {processor.py:175} INFO - Processing /opt/airflow/dags/exemplo_xcom.py took 0.057 seconds
[2024-07-28T02:38:30.594+0000] {processor.py:153} INFO - Started process (PID=1652) to work on /opt/airflow/dags/exemplo_xcom.py
[2024-07-28T02:38:30.595+0000] {processor.py:743} INFO - Processing file /opt/airflow/dags/exemplo_xcom.py for tasks to queue
[2024-07-28T02:38:30.595+0000] {logging_mixin.py:137} INFO - [2024-07-28T02:38:30.595+0000] {dagbag.py:538} INFO - Filling up the DagBag from /opt/airflow/dags/exemplo_xcom.py
[2024-07-28T02:38:30.608+0000] {processor.py:753} INFO - DAG(s) dict_keys(['exemplo_xcom']) retrieved from /opt/airflow/dags/exemplo_xcom.py
[2024-07-28T02:38:30.623+0000] {logging_mixin.py:137} INFO - [2024-07-28T02:38:30.623+0000] {dag.py:2690} INFO - Sync 1 DAGs
[2024-07-28T02:38:30.639+0000] {logging_mixin.py:137} INFO - [2024-07-28T02:38:30.639+0000] {dag.py:3441} INFO - Setting next_dagrun for exemplo_xcom to None, run_after=None
[2024-07-28T02:38:30.652+0000] {processor.py:175} INFO - Processing /opt/airflow/dags/exemplo_xcom.py took 0.060 seconds
[2024-07-28T02:38:36.645+0000] {processor.py:153} INFO - Started process (PID=1693) to work on /opt/airflow/dags/exemplo_xcom.py
[2024-07-28T02:38:36.646+0000] {processor.py:743} INFO - Processing file /opt/airflow/dags/exemplo_xcom.py for tasks to queue
[2024-07-28T02:38:36.646+0000] {logging_mixin.py:137} INFO - [2024-07-28T02:38:36.646+0000] {dagbag.py:538} INFO - Filling up the DagBag from /opt/airflow/dags/exemplo_xcom.py
[2024-07-28T02:38:36.667+0000] {processor.py:753} INFO - DAG(s) dict_keys(['exemplo_xcom']) retrieved from /opt/airflow/dags/exemplo_xcom.py
[2024-07-28T02:38:36.680+0000] {logging_mixin.py:137} INFO - [2024-07-28T02:38:36.680+0000] {dag.py:2690} INFO - Sync 1 DAGs
[2024-07-28T02:38:36.693+0000] {logging_mixin.py:137} INFO - [2024-07-28T02:38:36.693+0000] {dag.py:3441} INFO - Setting next_dagrun for exemplo_xcom to None, run_after=None
[2024-07-28T02:38:36.711+0000] {processor.py:175} INFO - Processing /opt/airflow/dags/exemplo_xcom.py took 0.068 seconds
[2024-07-28T02:38:42.815+0000] {processor.py:153} INFO - Started process (PID=1718) to work on /opt/airflow/dags/exemplo_xcom.py
[2024-07-28T02:38:42.815+0000] {processor.py:743} INFO - Processing file /opt/airflow/dags/exemplo_xcom.py for tasks to queue
[2024-07-28T02:38:42.816+0000] {logging_mixin.py:137} INFO - [2024-07-28T02:38:42.816+0000] {dagbag.py:538} INFO - Filling up the DagBag from /opt/airflow/dags/exemplo_xcom.py
[2024-07-28T02:38:42.827+0000] {processor.py:753} INFO - DAG(s) dict_keys(['exemplo_xcom']) retrieved from /opt/airflow/dags/exemplo_xcom.py
[2024-07-28T02:38:42.842+0000] {logging_mixin.py:137} INFO - [2024-07-28T02:38:42.842+0000] {dag.py:2690} INFO - Sync 1 DAGs
[2024-07-28T02:38:42.855+0000] {logging_mixin.py:137} INFO - [2024-07-28T02:38:42.855+0000] {dag.py:3441} INFO - Setting next_dagrun for exemplo_xcom to None, run_after=None
[2024-07-28T02:38:42.867+0000] {processor.py:175} INFO - Processing /opt/airflow/dags/exemplo_xcom.py took 0.054 seconds
[2024-07-28T02:38:47.943+0000] {processor.py:153} INFO - Started process (PID=1759) to work on /opt/airflow/dags/exemplo_xcom.py
[2024-07-28T02:38:47.944+0000] {processor.py:743} INFO - Processing file /opt/airflow/dags/exemplo_xcom.py for tasks to queue
[2024-07-28T02:38:47.945+0000] {logging_mixin.py:137} INFO - [2024-07-28T02:38:47.945+0000] {dagbag.py:538} INFO - Filling up the DagBag from /opt/airflow/dags/exemplo_xcom.py
[2024-07-28T02:38:47.959+0000] {processor.py:753} INFO - DAG(s) dict_keys(['exemplo_xcom']) retrieved from /opt/airflow/dags/exemplo_xcom.py
[2024-07-28T02:38:47.973+0000] {logging_mixin.py:137} INFO - [2024-07-28T02:38:47.973+0000] {dag.py:2690} INFO - Sync 1 DAGs
[2024-07-28T02:38:47.986+0000] {logging_mixin.py:137} INFO - [2024-07-28T02:38:47.986+0000] {dag.py:3441} INFO - Setting next_dagrun for exemplo_xcom to None, run_after=None
[2024-07-28T02:38:47.997+0000] {processor.py:175} INFO - Processing /opt/airflow/dags/exemplo_xcom.py took 0.056 seconds
[2024-07-28T02:38:53.966+0000] {processor.py:153} INFO - Started process (PID=1784) to work on /opt/airflow/dags/exemplo_xcom.py
[2024-07-28T02:38:53.967+0000] {processor.py:743} INFO - Processing file /opt/airflow/dags/exemplo_xcom.py for tasks to queue
[2024-07-28T02:38:53.968+0000] {logging_mixin.py:137} INFO - [2024-07-28T02:38:53.968+0000] {dagbag.py:538} INFO - Filling up the DagBag from /opt/airflow/dags/exemplo_xcom.py
[2024-07-28T02:38:53.978+0000] {processor.py:753} INFO - DAG(s) dict_keys(['exemplo_xcom']) retrieved from /opt/airflow/dags/exemplo_xcom.py
[2024-07-28T02:38:53.992+0000] {logging_mixin.py:137} INFO - [2024-07-28T02:38:53.992+0000] {dag.py:2690} INFO - Sync 1 DAGs
[2024-07-28T02:38:54.007+0000] {logging_mixin.py:137} INFO - [2024-07-28T02:38:54.007+0000] {dag.py:3441} INFO - Setting next_dagrun for exemplo_xcom to None, run_after=None
[2024-07-28T02:38:54.019+0000] {processor.py:175} INFO - Processing /opt/airflow/dags/exemplo_xcom.py took 0.055 seconds
[2024-07-28T02:38:59.956+0000] {processor.py:153} INFO - Started process (PID=1825) to work on /opt/airflow/dags/exemplo_xcom.py
[2024-07-28T02:38:59.957+0000] {processor.py:743} INFO - Processing file /opt/airflow/dags/exemplo_xcom.py for tasks to queue
[2024-07-28T02:38:59.957+0000] {logging_mixin.py:137} INFO - [2024-07-28T02:38:59.957+0000] {dagbag.py:538} INFO - Filling up the DagBag from /opt/airflow/dags/exemplo_xcom.py
[2024-07-28T02:38:59.967+0000] {processor.py:753} INFO - DAG(s) dict_keys(['exemplo_xcom']) retrieved from /opt/airflow/dags/exemplo_xcom.py
[2024-07-28T02:38:59.983+0000] {logging_mixin.py:137} INFO - [2024-07-28T02:38:59.983+0000] {dag.py:2690} INFO - Sync 1 DAGs
[2024-07-28T02:38:59.999+0000] {logging_mixin.py:137} INFO - [2024-07-28T02:38:59.999+0000] {dag.py:3441} INFO - Setting next_dagrun for exemplo_xcom to None, run_after=None
[2024-07-28T02:39:00.010+0000] {processor.py:175} INFO - Processing /opt/airflow/dags/exemplo_xcom.py took 0.056 seconds
[2024-07-28T02:39:06.026+0000] {processor.py:153} INFO - Started process (PID=1850) to work on /opt/airflow/dags/exemplo_xcom.py
[2024-07-28T02:39:06.026+0000] {processor.py:743} INFO - Processing file /opt/airflow/dags/exemplo_xcom.py for tasks to queue
[2024-07-28T02:39:06.027+0000] {logging_mixin.py:137} INFO - [2024-07-28T02:39:06.027+0000] {dagbag.py:538} INFO - Filling up the DagBag from /opt/airflow/dags/exemplo_xcom.py
[2024-07-28T02:39:06.042+0000] {processor.py:753} INFO - DAG(s) dict_keys(['exemplo_xcom']) retrieved from /opt/airflow/dags/exemplo_xcom.py
[2024-07-28T02:39:06.058+0000] {logging_mixin.py:137} INFO - [2024-07-28T02:39:06.058+0000] {dag.py:2690} INFO - Sync 1 DAGs
[2024-07-28T02:39:06.072+0000] {logging_mixin.py:137} INFO - [2024-07-28T02:39:06.072+0000] {dag.py:3441} INFO - Setting next_dagrun for exemplo_xcom to None, run_after=None
[2024-07-28T02:39:06.084+0000] {processor.py:175} INFO - Processing /opt/airflow/dags/exemplo_xcom.py took 0.061 seconds
[2024-07-28T02:39:12.118+0000] {processor.py:153} INFO - Started process (PID=1891) to work on /opt/airflow/dags/exemplo_xcom.py
[2024-07-28T02:39:12.118+0000] {processor.py:743} INFO - Processing file /opt/airflow/dags/exemplo_xcom.py for tasks to queue
[2024-07-28T02:39:12.119+0000] {logging_mixin.py:137} INFO - [2024-07-28T02:39:12.119+0000] {dagbag.py:538} INFO - Filling up the DagBag from /opt/airflow/dags/exemplo_xcom.py
[2024-07-28T02:39:12.128+0000] {processor.py:753} INFO - DAG(s) dict_keys(['exemplo_xcom']) retrieved from /opt/airflow/dags/exemplo_xcom.py
[2024-07-28T02:39:12.143+0000] {logging_mixin.py:137} INFO - [2024-07-28T02:39:12.143+0000] {dag.py:2690} INFO - Sync 1 DAGs
[2024-07-28T02:39:12.160+0000] {logging_mixin.py:137} INFO - [2024-07-28T02:39:12.160+0000] {dag.py:3441} INFO - Setting next_dagrun for exemplo_xcom to None, run_after=None
[2024-07-28T02:39:12.170+0000] {processor.py:175} INFO - Processing /opt/airflow/dags/exemplo_xcom.py took 0.054 seconds
[2024-07-28T02:39:18.141+0000] {processor.py:153} INFO - Started process (PID=1916) to work on /opt/airflow/dags/exemplo_xcom.py
[2024-07-28T02:39:18.142+0000] {processor.py:743} INFO - Processing file /opt/airflow/dags/exemplo_xcom.py for tasks to queue
[2024-07-28T02:39:18.142+0000] {logging_mixin.py:137} INFO - [2024-07-28T02:39:18.142+0000] {dagbag.py:538} INFO - Filling up the DagBag from /opt/airflow/dags/exemplo_xcom.py
[2024-07-28T02:39:18.151+0000] {processor.py:753} INFO - DAG(s) dict_keys(['exemplo_xcom']) retrieved from /opt/airflow/dags/exemplo_xcom.py
[2024-07-28T02:39:18.164+0000] {logging_mixin.py:137} INFO - [2024-07-28T02:39:18.164+0000] {dag.py:2690} INFO - Sync 1 DAGs
[2024-07-28T02:39:18.177+0000] {logging_mixin.py:137} INFO - [2024-07-28T02:39:18.177+0000] {dag.py:3441} INFO - Setting next_dagrun for exemplo_xcom to None, run_after=None
[2024-07-28T02:39:18.186+0000] {processor.py:175} INFO - Processing /opt/airflow/dags/exemplo_xcom.py took 0.046 seconds
[2024-07-28T02:39:24.139+0000] {processor.py:153} INFO - Started process (PID=1957) to work on /opt/airflow/dags/exemplo_xcom.py
[2024-07-28T02:39:24.140+0000] {processor.py:743} INFO - Processing file /opt/airflow/dags/exemplo_xcom.py for tasks to queue
[2024-07-28T02:39:24.140+0000] {logging_mixin.py:137} INFO - [2024-07-28T02:39:24.140+0000] {dagbag.py:538} INFO - Filling up the DagBag from /opt/airflow/dags/exemplo_xcom.py
[2024-07-28T02:39:24.158+0000] {processor.py:753} INFO - DAG(s) dict_keys(['exemplo_xcom']) retrieved from /opt/airflow/dags/exemplo_xcom.py
[2024-07-28T02:39:24.172+0000] {logging_mixin.py:137} INFO - [2024-07-28T02:39:24.172+0000] {dag.py:2690} INFO - Sync 1 DAGs
[2024-07-28T02:39:24.186+0000] {logging_mixin.py:137} INFO - [2024-07-28T02:39:24.186+0000] {dag.py:3441} INFO - Setting next_dagrun for exemplo_xcom to None, run_after=None
[2024-07-28T02:39:24.197+0000] {processor.py:175} INFO - Processing /opt/airflow/dags/exemplo_xcom.py took 0.059 seconds
[2024-07-28T02:39:30.159+0000] {processor.py:153} INFO - Started process (PID=1982) to work on /opt/airflow/dags/exemplo_xcom.py
[2024-07-28T02:39:30.160+0000] {processor.py:743} INFO - Processing file /opt/airflow/dags/exemplo_xcom.py for tasks to queue
[2024-07-28T02:39:30.160+0000] {logging_mixin.py:137} INFO - [2024-07-28T02:39:30.160+0000] {dagbag.py:538} INFO - Filling up the DagBag from /opt/airflow/dags/exemplo_xcom.py
[2024-07-28T02:39:30.169+0000] {processor.py:753} INFO - DAG(s) dict_keys(['exemplo_xcom']) retrieved from /opt/airflow/dags/exemplo_xcom.py
[2024-07-28T02:39:30.184+0000] {logging_mixin.py:137} INFO - [2024-07-28T02:39:30.184+0000] {dag.py:2690} INFO - Sync 1 DAGs
[2024-07-28T02:39:30.200+0000] {logging_mixin.py:137} INFO - [2024-07-28T02:39:30.200+0000] {dag.py:3441} INFO - Setting next_dagrun for exemplo_xcom to None, run_after=None
[2024-07-28T02:39:30.214+0000] {processor.py:175} INFO - Processing /opt/airflow/dags/exemplo_xcom.py took 0.056 seconds
[2024-07-28T02:39:36.161+0000] {processor.py:153} INFO - Started process (PID=2023) to work on /opt/airflow/dags/exemplo_xcom.py
[2024-07-28T02:39:36.164+0000] {processor.py:743} INFO - Processing file /opt/airflow/dags/exemplo_xcom.py for tasks to queue
[2024-07-28T02:39:36.165+0000] {logging_mixin.py:137} INFO - [2024-07-28T02:39:36.165+0000] {dagbag.py:538} INFO - Filling up the DagBag from /opt/airflow/dags/exemplo_xcom.py
[2024-07-28T02:39:36.178+0000] {processor.py:753} INFO - DAG(s) dict_keys(['exemplo_xcom']) retrieved from /opt/airflow/dags/exemplo_xcom.py
[2024-07-28T02:39:36.190+0000] {logging_mixin.py:137} INFO - [2024-07-28T02:39:36.190+0000] {dag.py:2690} INFO - Sync 1 DAGs
[2024-07-28T02:39:36.203+0000] {logging_mixin.py:137} INFO - [2024-07-28T02:39:36.202+0000] {dag.py:3441} INFO - Setting next_dagrun for exemplo_xcom to None, run_after=None
[2024-07-28T02:39:36.214+0000] {processor.py:175} INFO - Processing /opt/airflow/dags/exemplo_xcom.py took 0.054 seconds
[2024-07-28T02:39:42.249+0000] {processor.py:153} INFO - Started process (PID=2064) to work on /opt/airflow/dags/exemplo_xcom.py
[2024-07-28T02:39:42.250+0000] {processor.py:743} INFO - Processing file /opt/airflow/dags/exemplo_xcom.py for tasks to queue
[2024-07-28T02:39:42.251+0000] {logging_mixin.py:137} INFO - [2024-07-28T02:39:42.251+0000] {dagbag.py:538} INFO - Filling up the DagBag from /opt/airflow/dags/exemplo_xcom.py
[2024-07-28T02:39:42.260+0000] {processor.py:753} INFO - DAG(s) dict_keys(['exemplo_xcom']) retrieved from /opt/airflow/dags/exemplo_xcom.py
[2024-07-28T02:39:42.273+0000] {logging_mixin.py:137} INFO - [2024-07-28T02:39:42.273+0000] {dag.py:2690} INFO - Sync 1 DAGs
[2024-07-28T02:39:42.286+0000] {logging_mixin.py:137} INFO - [2024-07-28T02:39:42.286+0000] {dag.py:3441} INFO - Setting next_dagrun for exemplo_xcom to None, run_after=None
[2024-07-28T02:39:42.295+0000] {processor.py:175} INFO - Processing /opt/airflow/dags/exemplo_xcom.py took 0.047 seconds
[2024-07-28T02:39:48.300+0000] {processor.py:153} INFO - Started process (PID=2089) to work on /opt/airflow/dags/exemplo_xcom.py
[2024-07-28T02:39:48.302+0000] {processor.py:743} INFO - Processing file /opt/airflow/dags/exemplo_xcom.py for tasks to queue
[2024-07-28T02:39:48.305+0000] {logging_mixin.py:137} INFO - [2024-07-28T02:39:48.305+0000] {dagbag.py:538} INFO - Filling up the DagBag from /opt/airflow/dags/exemplo_xcom.py
[2024-07-28T02:39:48.320+0000] {processor.py:753} INFO - DAG(s) dict_keys(['exemplo_xcom']) retrieved from /opt/airflow/dags/exemplo_xcom.py
[2024-07-28T02:39:48.336+0000] {logging_mixin.py:137} INFO - [2024-07-28T02:39:48.336+0000] {dag.py:2690} INFO - Sync 1 DAGs
[2024-07-28T02:39:48.349+0000] {logging_mixin.py:137} INFO - [2024-07-28T02:39:48.349+0000] {dag.py:3441} INFO - Setting next_dagrun for exemplo_xcom to None, run_after=None
[2024-07-28T02:39:48.364+0000] {processor.py:175} INFO - Processing /opt/airflow/dags/exemplo_xcom.py took 0.067 seconds
[2024-07-28T02:39:54.538+0000] {processor.py:153} INFO - Started process (PID=2130) to work on /opt/airflow/dags/exemplo_xcom.py
[2024-07-28T02:39:54.539+0000] {processor.py:743} INFO - Processing file /opt/airflow/dags/exemplo_xcom.py for tasks to queue
[2024-07-28T02:39:54.540+0000] {logging_mixin.py:137} INFO - [2024-07-28T02:39:54.540+0000] {dagbag.py:538} INFO - Filling up the DagBag from /opt/airflow/dags/exemplo_xcom.py
[2024-07-28T02:39:54.551+0000] {processor.py:753} INFO - DAG(s) dict_keys(['exemplo_xcom']) retrieved from /opt/airflow/dags/exemplo_xcom.py
[2024-07-28T02:39:54.565+0000] {logging_mixin.py:137} INFO - [2024-07-28T02:39:54.565+0000] {dag.py:2690} INFO - Sync 1 DAGs
[2024-07-28T02:39:54.625+0000] {logging_mixin.py:137} INFO - [2024-07-28T02:39:54.625+0000] {dag.py:3441} INFO - Setting next_dagrun for exemplo_xcom to None, run_after=None
[2024-07-28T02:39:54.637+0000] {processor.py:175} INFO - Processing /opt/airflow/dags/exemplo_xcom.py took 0.101 seconds
[2024-07-28T02:40:00.619+0000] {processor.py:153} INFO - Started process (PID=2155) to work on /opt/airflow/dags/exemplo_xcom.py
[2024-07-28T02:40:00.619+0000] {processor.py:743} INFO - Processing file /opt/airflow/dags/exemplo_xcom.py for tasks to queue
[2024-07-28T02:40:00.620+0000] {logging_mixin.py:137} INFO - [2024-07-28T02:40:00.620+0000] {dagbag.py:538} INFO - Filling up the DagBag from /opt/airflow/dags/exemplo_xcom.py
[2024-07-28T02:40:00.629+0000] {processor.py:753} INFO - DAG(s) dict_keys(['exemplo_xcom']) retrieved from /opt/airflow/dags/exemplo_xcom.py
[2024-07-28T02:40:00.646+0000] {logging_mixin.py:137} INFO - [2024-07-28T02:40:00.646+0000] {dag.py:2690} INFO - Sync 1 DAGs
[2024-07-28T02:40:00.660+0000] {logging_mixin.py:137} INFO - [2024-07-28T02:40:00.660+0000] {dag.py:3441} INFO - Setting next_dagrun for exemplo_xcom to None, run_after=None
[2024-07-28T02:40:00.675+0000] {processor.py:175} INFO - Processing /opt/airflow/dags/exemplo_xcom.py took 0.058 seconds
[2024-07-28T02:40:06.828+0000] {processor.py:153} INFO - Started process (PID=2195) to work on /opt/airflow/dags/exemplo_xcom.py
[2024-07-28T02:40:06.829+0000] {processor.py:743} INFO - Processing file /opt/airflow/dags/exemplo_xcom.py for tasks to queue
[2024-07-28T02:40:06.829+0000] {logging_mixin.py:137} INFO - [2024-07-28T02:40:06.829+0000] {dagbag.py:538} INFO - Filling up the DagBag from /opt/airflow/dags/exemplo_xcom.py
[2024-07-28T02:40:06.839+0000] {processor.py:753} INFO - DAG(s) dict_keys(['exemplo_xcom']) retrieved from /opt/airflow/dags/exemplo_xcom.py
[2024-07-28T02:40:06.859+0000] {logging_mixin.py:137} INFO - [2024-07-28T02:40:06.858+0000] {dag.py:2690} INFO - Sync 1 DAGs
[2024-07-28T02:40:06.872+0000] {logging_mixin.py:137} INFO - [2024-07-28T02:40:06.871+0000] {dag.py:3441} INFO - Setting next_dagrun for exemplo_xcom to None, run_after=None
[2024-07-28T02:40:06.882+0000] {processor.py:175} INFO - Processing /opt/airflow/dags/exemplo_xcom.py took 0.056 seconds
[2024-07-28T02:40:13.032+0000] {processor.py:153} INFO - Started process (PID=2220) to work on /opt/airflow/dags/exemplo_xcom.py
[2024-07-28T02:40:13.033+0000] {processor.py:743} INFO - Processing file /opt/airflow/dags/exemplo_xcom.py for tasks to queue
[2024-07-28T02:40:13.034+0000] {logging_mixin.py:137} INFO - [2024-07-28T02:40:13.034+0000] {dagbag.py:538} INFO - Filling up the DagBag from /opt/airflow/dags/exemplo_xcom.py
[2024-07-28T02:40:13.044+0000] {processor.py:753} INFO - DAG(s) dict_keys(['exemplo_xcom']) retrieved from /opt/airflow/dags/exemplo_xcom.py
[2024-07-28T02:40:13.060+0000] {logging_mixin.py:137} INFO - [2024-07-28T02:40:13.060+0000] {dag.py:2690} INFO - Sync 1 DAGs
[2024-07-28T02:40:13.074+0000] {logging_mixin.py:137} INFO - [2024-07-28T02:40:13.074+0000] {dag.py:3441} INFO - Setting next_dagrun for exemplo_xcom to None, run_after=None
[2024-07-28T02:40:13.091+0000] {processor.py:175} INFO - Processing /opt/airflow/dags/exemplo_xcom.py took 0.061 seconds
[2024-07-28T02:40:19.095+0000] {processor.py:153} INFO - Started process (PID=2261) to work on /opt/airflow/dags/exemplo_xcom.py
[2024-07-28T02:40:19.096+0000] {processor.py:743} INFO - Processing file /opt/airflow/dags/exemplo_xcom.py for tasks to queue
[2024-07-28T02:40:19.096+0000] {logging_mixin.py:137} INFO - [2024-07-28T02:40:19.096+0000] {dagbag.py:538} INFO - Filling up the DagBag from /opt/airflow/dags/exemplo_xcom.py
[2024-07-28T02:40:19.107+0000] {processor.py:753} INFO - DAG(s) dict_keys(['exemplo_xcom']) retrieved from /opt/airflow/dags/exemplo_xcom.py
[2024-07-28T02:40:19.122+0000] {logging_mixin.py:137} INFO - [2024-07-28T02:40:19.122+0000] {dag.py:2690} INFO - Sync 1 DAGs
[2024-07-28T02:40:19.136+0000] {logging_mixin.py:137} INFO - [2024-07-28T02:40:19.136+0000] {dag.py:3441} INFO - Setting next_dagrun for exemplo_xcom to None, run_after=None
[2024-07-28T02:40:19.150+0000] {processor.py:175} INFO - Processing /opt/airflow/dags/exemplo_xcom.py took 0.057 seconds
[2024-07-28T02:40:25.230+0000] {processor.py:153} INFO - Started process (PID=2286) to work on /opt/airflow/dags/exemplo_xcom.py
[2024-07-28T02:40:25.231+0000] {processor.py:743} INFO - Processing file /opt/airflow/dags/exemplo_xcom.py for tasks to queue
[2024-07-28T02:40:25.232+0000] {logging_mixin.py:137} INFO - [2024-07-28T02:40:25.232+0000] {dagbag.py:538} INFO - Filling up the DagBag from /opt/airflow/dags/exemplo_xcom.py
[2024-07-28T02:40:25.244+0000] {processor.py:753} INFO - DAG(s) dict_keys(['exemplo_xcom']) retrieved from /opt/airflow/dags/exemplo_xcom.py
[2024-07-28T02:40:25.257+0000] {logging_mixin.py:137} INFO - [2024-07-28T02:40:25.257+0000] {dag.py:2690} INFO - Sync 1 DAGs
[2024-07-28T02:40:25.270+0000] {logging_mixin.py:137} INFO - [2024-07-28T02:40:25.270+0000] {dag.py:3441} INFO - Setting next_dagrun for exemplo_xcom to None, run_after=None
[2024-07-28T02:40:25.284+0000] {processor.py:175} INFO - Processing /opt/airflow/dags/exemplo_xcom.py took 0.056 seconds
[2024-07-28T02:40:31.274+0000] {processor.py:153} INFO - Started process (PID=2327) to work on /opt/airflow/dags/exemplo_xcom.py
[2024-07-28T02:40:31.275+0000] {processor.py:743} INFO - Processing file /opt/airflow/dags/exemplo_xcom.py for tasks to queue
[2024-07-28T02:40:31.275+0000] {logging_mixin.py:137} INFO - [2024-07-28T02:40:31.275+0000] {dagbag.py:538} INFO - Filling up the DagBag from /opt/airflow/dags/exemplo_xcom.py
[2024-07-28T02:40:31.284+0000] {processor.py:753} INFO - DAG(s) dict_keys(['exemplo_xcom']) retrieved from /opt/airflow/dags/exemplo_xcom.py
[2024-07-28T02:40:31.297+0000] {logging_mixin.py:137} INFO - [2024-07-28T02:40:31.297+0000] {dag.py:2690} INFO - Sync 1 DAGs
[2024-07-28T02:40:31.310+0000] {logging_mixin.py:137} INFO - [2024-07-28T02:40:31.310+0000] {dag.py:3441} INFO - Setting next_dagrun for exemplo_xcom to None, run_after=None
[2024-07-28T02:40:31.320+0000] {processor.py:175} INFO - Processing /opt/airflow/dags/exemplo_xcom.py took 0.048 seconds
[2024-07-28T02:40:37.394+0000] {processor.py:153} INFO - Started process (PID=2352) to work on /opt/airflow/dags/exemplo_xcom.py
[2024-07-28T02:40:37.395+0000] {processor.py:743} INFO - Processing file /opt/airflow/dags/exemplo_xcom.py for tasks to queue
[2024-07-28T02:40:37.395+0000] {logging_mixin.py:137} INFO - [2024-07-28T02:40:37.395+0000] {dagbag.py:538} INFO - Filling up the DagBag from /opt/airflow/dags/exemplo_xcom.py
[2024-07-28T02:40:37.405+0000] {processor.py:753} INFO - DAG(s) dict_keys(['exemplo_xcom']) retrieved from /opt/airflow/dags/exemplo_xcom.py
[2024-07-28T02:40:37.425+0000] {logging_mixin.py:137} INFO - [2024-07-28T02:40:37.425+0000] {dag.py:2690} INFO - Sync 1 DAGs
[2024-07-28T02:40:37.441+0000] {logging_mixin.py:137} INFO - [2024-07-28T02:40:37.441+0000] {dag.py:3441} INFO - Setting next_dagrun for exemplo_xcom to None, run_after=None
[2024-07-28T02:40:37.454+0000] {processor.py:175} INFO - Processing /opt/airflow/dags/exemplo_xcom.py took 0.061 seconds
[2024-07-28T02:40:43.439+0000] {processor.py:153} INFO - Started process (PID=2392) to work on /opt/airflow/dags/exemplo_xcom.py
[2024-07-28T02:40:43.440+0000] {processor.py:743} INFO - Processing file /opt/airflow/dags/exemplo_xcom.py for tasks to queue
[2024-07-28T02:40:43.441+0000] {logging_mixin.py:137} INFO - [2024-07-28T02:40:43.441+0000] {dagbag.py:538} INFO - Filling up the DagBag from /opt/airflow/dags/exemplo_xcom.py
[2024-07-28T02:40:43.451+0000] {processor.py:753} INFO - DAG(s) dict_keys(['exemplo_xcom']) retrieved from /opt/airflow/dags/exemplo_xcom.py
[2024-07-28T02:40:43.466+0000] {logging_mixin.py:137} INFO - [2024-07-28T02:40:43.466+0000] {dag.py:2690} INFO - Sync 1 DAGs
[2024-07-28T02:40:43.482+0000] {logging_mixin.py:137} INFO - [2024-07-28T02:40:43.482+0000] {dag.py:3441} INFO - Setting next_dagrun for exemplo_xcom to None, run_after=None
[2024-07-28T02:40:43.499+0000] {processor.py:175} INFO - Processing /opt/airflow/dags/exemplo_xcom.py took 0.062 seconds
[2024-07-28T02:40:49.486+0000] {processor.py:153} INFO - Started process (PID=2417) to work on /opt/airflow/dags/exemplo_xcom.py
[2024-07-28T02:40:49.489+0000] {processor.py:743} INFO - Processing file /opt/airflow/dags/exemplo_xcom.py for tasks to queue
[2024-07-28T02:40:49.490+0000] {logging_mixin.py:137} INFO - [2024-07-28T02:40:49.490+0000] {dagbag.py:538} INFO - Filling up the DagBag from /opt/airflow/dags/exemplo_xcom.py
[2024-07-28T02:40:49.503+0000] {processor.py:753} INFO - DAG(s) dict_keys(['exemplo_xcom']) retrieved from /opt/airflow/dags/exemplo_xcom.py
[2024-07-28T02:40:49.516+0000] {logging_mixin.py:137} INFO - [2024-07-28T02:40:49.516+0000] {dag.py:2690} INFO - Sync 1 DAGs
[2024-07-28T02:40:49.531+0000] {logging_mixin.py:137} INFO - [2024-07-28T02:40:49.531+0000] {dag.py:3441} INFO - Setting next_dagrun for exemplo_xcom to None, run_after=None
[2024-07-28T02:40:49.546+0000] {processor.py:175} INFO - Processing /opt/airflow/dags/exemplo_xcom.py took 0.061 seconds
[2024-07-28T02:40:55.562+0000] {processor.py:153} INFO - Started process (PID=2458) to work on /opt/airflow/dags/exemplo_xcom.py
[2024-07-28T02:40:55.562+0000] {processor.py:743} INFO - Processing file /opt/airflow/dags/exemplo_xcom.py for tasks to queue
[2024-07-28T02:40:55.563+0000] {logging_mixin.py:137} INFO - [2024-07-28T02:40:55.563+0000] {dagbag.py:538} INFO - Filling up the DagBag from /opt/airflow/dags/exemplo_xcom.py
[2024-07-28T02:40:55.573+0000] {processor.py:753} INFO - DAG(s) dict_keys(['exemplo_xcom']) retrieved from /opt/airflow/dags/exemplo_xcom.py
[2024-07-28T02:40:55.588+0000] {logging_mixin.py:137} INFO - [2024-07-28T02:40:55.587+0000] {dag.py:2690} INFO - Sync 1 DAGs
[2024-07-28T02:40:55.600+0000] {logging_mixin.py:137} INFO - [2024-07-28T02:40:55.600+0000] {dag.py:3441} INFO - Setting next_dagrun for exemplo_xcom to None, run_after=None
[2024-07-28T02:40:55.613+0000] {processor.py:175} INFO - Processing /opt/airflow/dags/exemplo_xcom.py took 0.053 seconds
[2024-07-28T02:41:01.692+0000] {processor.py:153} INFO - Started process (PID=2499) to work on /opt/airflow/dags/exemplo_xcom.py
[2024-07-28T02:41:01.694+0000] {processor.py:743} INFO - Processing file /opt/airflow/dags/exemplo_xcom.py for tasks to queue
[2024-07-28T02:41:01.695+0000] {logging_mixin.py:137} INFO - [2024-07-28T02:41:01.695+0000] {dagbag.py:538} INFO - Filling up the DagBag from /opt/airflow/dags/exemplo_xcom.py
[2024-07-28T02:41:01.705+0000] {processor.py:753} INFO - DAG(s) dict_keys(['exemplo_xcom']) retrieved from /opt/airflow/dags/exemplo_xcom.py
[2024-07-28T02:41:01.724+0000] {logging_mixin.py:137} INFO - [2024-07-28T02:41:01.724+0000] {dag.py:2690} INFO - Sync 1 DAGs
[2024-07-28T02:41:01.738+0000] {logging_mixin.py:137} INFO - [2024-07-28T02:41:01.738+0000] {dag.py:3441} INFO - Setting next_dagrun for exemplo_xcom to None, run_after=None
[2024-07-28T02:41:01.753+0000] {processor.py:175} INFO - Processing /opt/airflow/dags/exemplo_xcom.py took 0.063 seconds
[2024-07-28T02:41:06.960+0000] {processor.py:153} INFO - Started process (PID=2524) to work on /opt/airflow/dags/exemplo_xcom.py
[2024-07-28T02:41:06.961+0000] {processor.py:743} INFO - Processing file /opt/airflow/dags/exemplo_xcom.py for tasks to queue
[2024-07-28T02:41:06.961+0000] {logging_mixin.py:137} INFO - [2024-07-28T02:41:06.961+0000] {dagbag.py:538} INFO - Filling up the DagBag from /opt/airflow/dags/exemplo_xcom.py
[2024-07-28T02:41:06.975+0000] {processor.py:753} INFO - DAG(s) dict_keys(['exemplo_xcom']) retrieved from /opt/airflow/dags/exemplo_xcom.py
[2024-07-28T02:41:06.992+0000] {logging_mixin.py:137} INFO - [2024-07-28T02:41:06.992+0000] {dag.py:2690} INFO - Sync 1 DAGs
[2024-07-28T02:41:07.009+0000] {logging_mixin.py:137} INFO - [2024-07-28T02:41:07.009+0000] {dag.py:3441} INFO - Setting next_dagrun for exemplo_xcom to None, run_after=None
[2024-07-28T02:41:07.024+0000] {processor.py:175} INFO - Processing /opt/airflow/dags/exemplo_xcom.py took 0.066 seconds
[2024-07-28T02:41:12.098+0000] {processor.py:153} INFO - Started process (PID=2549) to work on /opt/airflow/dags/exemplo_xcom.py
[2024-07-28T02:41:12.099+0000] {processor.py:743} INFO - Processing file /opt/airflow/dags/exemplo_xcom.py for tasks to queue
[2024-07-28T02:41:12.099+0000] {logging_mixin.py:137} INFO - [2024-07-28T02:41:12.099+0000] {dagbag.py:538} INFO - Filling up the DagBag from /opt/airflow/dags/exemplo_xcom.py
[2024-07-28T02:41:12.108+0000] {processor.py:753} INFO - DAG(s) dict_keys(['exemplo_xcom']) retrieved from /opt/airflow/dags/exemplo_xcom.py
[2024-07-28T02:41:12.122+0000] {logging_mixin.py:137} INFO - [2024-07-28T02:41:12.121+0000] {dag.py:2690} INFO - Sync 1 DAGs
[2024-07-28T02:41:12.133+0000] {logging_mixin.py:137} INFO - [2024-07-28T02:41:12.133+0000] {dag.py:3441} INFO - Setting next_dagrun for exemplo_xcom to None, run_after=None
[2024-07-28T02:41:12.141+0000] {processor.py:175} INFO - Processing /opt/airflow/dags/exemplo_xcom.py took 0.045 seconds
[2024-07-28T02:41:18.083+0000] {processor.py:153} INFO - Started process (PID=2590) to work on /opt/airflow/dags/exemplo_xcom.py
[2024-07-28T02:41:18.084+0000] {processor.py:743} INFO - Processing file /opt/airflow/dags/exemplo_xcom.py for tasks to queue
[2024-07-28T02:41:18.085+0000] {logging_mixin.py:137} INFO - [2024-07-28T02:41:18.085+0000] {dagbag.py:538} INFO - Filling up the DagBag from /opt/airflow/dags/exemplo_xcom.py
[2024-07-28T02:41:18.096+0000] {processor.py:753} INFO - DAG(s) dict_keys(['exemplo_xcom']) retrieved from /opt/airflow/dags/exemplo_xcom.py
[2024-07-28T02:41:18.111+0000] {logging_mixin.py:137} INFO - [2024-07-28T02:41:18.111+0000] {dag.py:2690} INFO - Sync 1 DAGs
[2024-07-28T02:41:18.124+0000] {logging_mixin.py:137} INFO - [2024-07-28T02:41:18.124+0000] {dag.py:3441} INFO - Setting next_dagrun for exemplo_xcom to None, run_after=None
[2024-07-28T02:41:18.135+0000] {processor.py:175} INFO - Processing /opt/airflow/dags/exemplo_xcom.py took 0.054 seconds
[2024-07-28T02:41:24.204+0000] {processor.py:153} INFO - Started process (PID=2631) to work on /opt/airflow/dags/exemplo_xcom.py
[2024-07-28T02:41:24.205+0000] {processor.py:743} INFO - Processing file /opt/airflow/dags/exemplo_xcom.py for tasks to queue
[2024-07-28T02:41:24.205+0000] {logging_mixin.py:137} INFO - [2024-07-28T02:41:24.205+0000] {dagbag.py:538} INFO - Filling up the DagBag from /opt/airflow/dags/exemplo_xcom.py
[2024-07-28T02:41:24.216+0000] {processor.py:753} INFO - DAG(s) dict_keys(['exemplo_xcom']) retrieved from /opt/airflow/dags/exemplo_xcom.py
[2024-07-28T02:41:24.233+0000] {logging_mixin.py:137} INFO - [2024-07-28T02:41:24.233+0000] {dag.py:2690} INFO - Sync 1 DAGs
[2024-07-28T02:41:24.247+0000] {logging_mixin.py:137} INFO - [2024-07-28T02:41:24.247+0000] {dag.py:3441} INFO - Setting next_dagrun for exemplo_xcom to None, run_after=None
[2024-07-28T02:41:24.261+0000] {processor.py:175} INFO - Processing /opt/airflow/dags/exemplo_xcom.py took 0.059 seconds
[2024-07-28T02:41:30.292+0000] {processor.py:153} INFO - Started process (PID=2656) to work on /opt/airflow/dags/exemplo_xcom.py
[2024-07-28T02:41:30.293+0000] {processor.py:743} INFO - Processing file /opt/airflow/dags/exemplo_xcom.py for tasks to queue
[2024-07-28T02:41:30.293+0000] {logging_mixin.py:137} INFO - [2024-07-28T02:41:30.293+0000] {dagbag.py:538} INFO - Filling up the DagBag from /opt/airflow/dags/exemplo_xcom.py
[2024-07-28T02:41:30.302+0000] {processor.py:753} INFO - DAG(s) dict_keys(['exemplo_xcom']) retrieved from /opt/airflow/dags/exemplo_xcom.py
[2024-07-28T02:41:30.319+0000] {logging_mixin.py:137} INFO - [2024-07-28T02:41:30.319+0000] {dag.py:2690} INFO - Sync 1 DAGs
[2024-07-28T02:41:30.337+0000] {logging_mixin.py:137} INFO - [2024-07-28T02:41:30.337+0000] {dag.py:3441} INFO - Setting next_dagrun for exemplo_xcom to None, run_after=None
[2024-07-28T02:41:30.348+0000] {processor.py:175} INFO - Processing /opt/airflow/dags/exemplo_xcom.py took 0.058 seconds
[2024-07-28T02:41:36.379+0000] {processor.py:153} INFO - Started process (PID=2697) to work on /opt/airflow/dags/exemplo_xcom.py
[2024-07-28T02:41:36.379+0000] {processor.py:743} INFO - Processing file /opt/airflow/dags/exemplo_xcom.py for tasks to queue
[2024-07-28T02:41:36.380+0000] {logging_mixin.py:137} INFO - [2024-07-28T02:41:36.380+0000] {dagbag.py:538} INFO - Filling up the DagBag from /opt/airflow/dags/exemplo_xcom.py
[2024-07-28T02:41:36.390+0000] {processor.py:753} INFO - DAG(s) dict_keys(['exemplo_xcom']) retrieved from /opt/airflow/dags/exemplo_xcom.py
[2024-07-28T02:41:36.405+0000] {logging_mixin.py:137} INFO - [2024-07-28T02:41:36.405+0000] {dag.py:2690} INFO - Sync 1 DAGs
[2024-07-28T02:41:36.419+0000] {logging_mixin.py:137} INFO - [2024-07-28T02:41:36.419+0000] {dag.py:3441} INFO - Setting next_dagrun for exemplo_xcom to None, run_after=None
[2024-07-28T02:41:36.432+0000] {processor.py:175} INFO - Processing /opt/airflow/dags/exemplo_xcom.py took 0.055 seconds
[2024-07-28T02:41:42.450+0000] {processor.py:153} INFO - Started process (PID=2722) to work on /opt/airflow/dags/exemplo_xcom.py
[2024-07-28T02:41:42.451+0000] {processor.py:743} INFO - Processing file /opt/airflow/dags/exemplo_xcom.py for tasks to queue
[2024-07-28T02:41:42.452+0000] {logging_mixin.py:137} INFO - [2024-07-28T02:41:42.452+0000] {dagbag.py:538} INFO - Filling up the DagBag from /opt/airflow/dags/exemplo_xcom.py
[2024-07-28T02:41:42.465+0000] {processor.py:753} INFO - DAG(s) dict_keys(['exemplo_xcom']) retrieved from /opt/airflow/dags/exemplo_xcom.py
[2024-07-28T02:41:42.479+0000] {logging_mixin.py:137} INFO - [2024-07-28T02:41:42.479+0000] {dag.py:2690} INFO - Sync 1 DAGs
[2024-07-28T02:41:42.491+0000] {logging_mixin.py:137} INFO - [2024-07-28T02:41:42.491+0000] {dag.py:3441} INFO - Setting next_dagrun for exemplo_xcom to None, run_after=None
[2024-07-28T02:41:42.506+0000] {processor.py:175} INFO - Processing /opt/airflow/dags/exemplo_xcom.py took 0.058 seconds
[2024-07-28T02:41:48.454+0000] {processor.py:153} INFO - Started process (PID=2763) to work on /opt/airflow/dags/exemplo_xcom.py
[2024-07-28T02:41:48.455+0000] {processor.py:743} INFO - Processing file /opt/airflow/dags/exemplo_xcom.py for tasks to queue
[2024-07-28T02:41:48.456+0000] {logging_mixin.py:137} INFO - [2024-07-28T02:41:48.456+0000] {dagbag.py:538} INFO - Filling up the DagBag from /opt/airflow/dags/exemplo_xcom.py
[2024-07-28T02:41:48.467+0000] {processor.py:753} INFO - DAG(s) dict_keys(['exemplo_xcom']) retrieved from /opt/airflow/dags/exemplo_xcom.py
[2024-07-28T02:41:48.483+0000] {logging_mixin.py:137} INFO - [2024-07-28T02:41:48.483+0000] {dag.py:2690} INFO - Sync 1 DAGs
[2024-07-28T02:41:48.498+0000] {logging_mixin.py:137} INFO - [2024-07-28T02:41:48.498+0000] {dag.py:3441} INFO - Setting next_dagrun for exemplo_xcom to None, run_after=None
[2024-07-28T02:41:48.517+0000] {processor.py:175} INFO - Processing /opt/airflow/dags/exemplo_xcom.py took 0.065 seconds
[2024-07-28T02:41:54.523+0000] {processor.py:153} INFO - Started process (PID=2788) to work on /opt/airflow/dags/exemplo_xcom.py
[2024-07-28T02:41:54.524+0000] {processor.py:743} INFO - Processing file /opt/airflow/dags/exemplo_xcom.py for tasks to queue
[2024-07-28T02:41:54.524+0000] {logging_mixin.py:137} INFO - [2024-07-28T02:41:54.524+0000] {dagbag.py:538} INFO - Filling up the DagBag from /opt/airflow/dags/exemplo_xcom.py
[2024-07-28T02:41:54.532+0000] {processor.py:753} INFO - DAG(s) dict_keys(['exemplo_xcom']) retrieved from /opt/airflow/dags/exemplo_xcom.py
[2024-07-28T02:41:54.545+0000] {logging_mixin.py:137} INFO - [2024-07-28T02:41:54.545+0000] {dag.py:2690} INFO - Sync 1 DAGs
[2024-07-28T02:41:54.558+0000] {logging_mixin.py:137} INFO - [2024-07-28T02:41:54.557+0000] {dag.py:3441} INFO - Setting next_dagrun for exemplo_xcom to None, run_after=None
[2024-07-28T02:41:54.566+0000] {processor.py:175} INFO - Processing /opt/airflow/dags/exemplo_xcom.py took 0.044 seconds
[2024-07-28T02:42:00.504+0000] {processor.py:153} INFO - Started process (PID=2829) to work on /opt/airflow/dags/exemplo_xcom.py
[2024-07-28T02:42:00.507+0000] {processor.py:743} INFO - Processing file /opt/airflow/dags/exemplo_xcom.py for tasks to queue
[2024-07-28T02:42:00.508+0000] {logging_mixin.py:137} INFO - [2024-07-28T02:42:00.508+0000] {dagbag.py:538} INFO - Filling up the DagBag from /opt/airflow/dags/exemplo_xcom.py
[2024-07-28T02:42:00.521+0000] {processor.py:753} INFO - DAG(s) dict_keys(['exemplo_xcom']) retrieved from /opt/airflow/dags/exemplo_xcom.py
[2024-07-28T02:42:00.537+0000] {logging_mixin.py:137} INFO - [2024-07-28T02:42:00.537+0000] {dag.py:2690} INFO - Sync 1 DAGs
[2024-07-28T02:42:00.550+0000] {logging_mixin.py:137} INFO - [2024-07-28T02:42:00.550+0000] {dag.py:3441} INFO - Setting next_dagrun for exemplo_xcom to None, run_after=None
[2024-07-28T02:42:00.561+0000] {processor.py:175} INFO - Processing /opt/airflow/dags/exemplo_xcom.py took 0.059 seconds
[2024-07-28T02:42:06.639+0000] {processor.py:153} INFO - Started process (PID=2854) to work on /opt/airflow/dags/exemplo_xcom.py
[2024-07-28T02:42:06.640+0000] {processor.py:743} INFO - Processing file /opt/airflow/dags/exemplo_xcom.py for tasks to queue
[2024-07-28T02:42:06.640+0000] {logging_mixin.py:137} INFO - [2024-07-28T02:42:06.640+0000] {dagbag.py:538} INFO - Filling up the DagBag from /opt/airflow/dags/exemplo_xcom.py
[2024-07-28T02:42:06.649+0000] {processor.py:753} INFO - DAG(s) dict_keys(['exemplo_xcom']) retrieved from /opt/airflow/dags/exemplo_xcom.py
[2024-07-28T02:42:06.663+0000] {logging_mixin.py:137} INFO - [2024-07-28T02:42:06.663+0000] {dag.py:2690} INFO - Sync 1 DAGs
[2024-07-28T02:42:06.677+0000] {logging_mixin.py:137} INFO - [2024-07-28T02:42:06.677+0000] {dag.py:3441} INFO - Setting next_dagrun for exemplo_xcom to None, run_after=None
[2024-07-28T02:42:06.689+0000] {processor.py:175} INFO - Processing /opt/airflow/dags/exemplo_xcom.py took 0.052 seconds
[2024-07-28T02:42:12.675+0000] {processor.py:153} INFO - Started process (PID=2894) to work on /opt/airflow/dags/exemplo_xcom.py
[2024-07-28T02:42:12.676+0000] {processor.py:743} INFO - Processing file /opt/airflow/dags/exemplo_xcom.py for tasks to queue
[2024-07-28T02:42:12.676+0000] {logging_mixin.py:137} INFO - [2024-07-28T02:42:12.676+0000] {dagbag.py:538} INFO - Filling up the DagBag from /opt/airflow/dags/exemplo_xcom.py
[2024-07-28T02:42:12.694+0000] {processor.py:753} INFO - DAG(s) dict_keys(['exemplo_xcom']) retrieved from /opt/airflow/dags/exemplo_xcom.py
[2024-07-28T02:42:12.706+0000] {logging_mixin.py:137} INFO - [2024-07-28T02:42:12.706+0000] {dag.py:2690} INFO - Sync 1 DAGs
[2024-07-28T02:42:12.719+0000] {logging_mixin.py:137} INFO - [2024-07-28T02:42:12.719+0000] {dag.py:3441} INFO - Setting next_dagrun for exemplo_xcom to None, run_after=None
[2024-07-28T02:42:12.736+0000] {processor.py:175} INFO - Processing /opt/airflow/dags/exemplo_xcom.py took 0.063 seconds
[2024-07-28T02:42:18.691+0000] {processor.py:153} INFO - Started process (PID=2919) to work on /opt/airflow/dags/exemplo_xcom.py
[2024-07-28T02:42:18.696+0000] {processor.py:743} INFO - Processing file /opt/airflow/dags/exemplo_xcom.py for tasks to queue
[2024-07-28T02:42:18.696+0000] {logging_mixin.py:137} INFO - [2024-07-28T02:42:18.696+0000] {dagbag.py:538} INFO - Filling up the DagBag from /opt/airflow/dags/exemplo_xcom.py
[2024-07-28T02:42:18.706+0000] {processor.py:753} INFO - DAG(s) dict_keys(['exemplo_xcom']) retrieved from /opt/airflow/dags/exemplo_xcom.py
[2024-07-28T02:42:18.722+0000] {logging_mixin.py:137} INFO - [2024-07-28T02:42:18.722+0000] {dag.py:2690} INFO - Sync 1 DAGs
[2024-07-28T02:42:18.736+0000] {logging_mixin.py:137} INFO - [2024-07-28T02:42:18.736+0000] {dag.py:3441} INFO - Setting next_dagrun for exemplo_xcom to None, run_after=None
[2024-07-28T02:42:18.751+0000] {processor.py:175} INFO - Processing /opt/airflow/dags/exemplo_xcom.py took 0.062 seconds
[2024-07-28T02:42:24.643+0000] {processor.py:153} INFO - Started process (PID=2960) to work on /opt/airflow/dags/exemplo_xcom.py
[2024-07-28T02:42:24.644+0000] {processor.py:743} INFO - Processing file /opt/airflow/dags/exemplo_xcom.py for tasks to queue
[2024-07-28T02:42:24.646+0000] {logging_mixin.py:137} INFO - [2024-07-28T02:42:24.646+0000] {dagbag.py:538} INFO - Filling up the DagBag from /opt/airflow/dags/exemplo_xcom.py
[2024-07-28T02:42:24.656+0000] {processor.py:753} INFO - DAG(s) dict_keys(['exemplo_xcom']) retrieved from /opt/airflow/dags/exemplo_xcom.py
[2024-07-28T02:42:24.674+0000] {logging_mixin.py:137} INFO - [2024-07-28T02:42:24.674+0000] {dag.py:2690} INFO - Sync 1 DAGs
[2024-07-28T02:42:24.688+0000] {logging_mixin.py:137} INFO - [2024-07-28T02:42:24.687+0000] {dag.py:3441} INFO - Setting next_dagrun for exemplo_xcom to None, run_after=None
[2024-07-28T02:42:24.697+0000] {processor.py:175} INFO - Processing /opt/airflow/dags/exemplo_xcom.py took 0.056 seconds
[2024-07-28T02:42:30.678+0000] {processor.py:153} INFO - Started process (PID=2985) to work on /opt/airflow/dags/exemplo_xcom.py
[2024-07-28T02:42:30.679+0000] {processor.py:743} INFO - Processing file /opt/airflow/dags/exemplo_xcom.py for tasks to queue
[2024-07-28T02:42:30.679+0000] {logging_mixin.py:137} INFO - [2024-07-28T02:42:30.679+0000] {dagbag.py:538} INFO - Filling up the DagBag from /opt/airflow/dags/exemplo_xcom.py
[2024-07-28T02:42:30.688+0000] {processor.py:753} INFO - DAG(s) dict_keys(['exemplo_xcom']) retrieved from /opt/airflow/dags/exemplo_xcom.py
[2024-07-28T02:42:30.703+0000] {logging_mixin.py:137} INFO - [2024-07-28T02:42:30.703+0000] {dag.py:2690} INFO - Sync 1 DAGs
[2024-07-28T02:42:30.717+0000] {logging_mixin.py:137} INFO - [2024-07-28T02:42:30.717+0000] {dag.py:3441} INFO - Setting next_dagrun for exemplo_xcom to None, run_after=None
[2024-07-28T02:42:30.732+0000] {processor.py:175} INFO - Processing /opt/airflow/dags/exemplo_xcom.py took 0.056 seconds
[2024-07-28T02:42:36.698+0000] {processor.py:153} INFO - Started process (PID=3025) to work on /opt/airflow/dags/exemplo_xcom.py
[2024-07-28T02:42:36.699+0000] {processor.py:743} INFO - Processing file /opt/airflow/dags/exemplo_xcom.py for tasks to queue
[2024-07-28T02:42:36.699+0000] {logging_mixin.py:137} INFO - [2024-07-28T02:42:36.699+0000] {dagbag.py:538} INFO - Filling up the DagBag from /opt/airflow/dags/exemplo_xcom.py
[2024-07-28T02:42:36.709+0000] {processor.py:753} INFO - DAG(s) dict_keys(['exemplo_xcom']) retrieved from /opt/airflow/dags/exemplo_xcom.py
[2024-07-28T02:42:36.722+0000] {logging_mixin.py:137} INFO - [2024-07-28T02:42:36.722+0000] {dag.py:2690} INFO - Sync 1 DAGs
[2024-07-28T02:42:36.736+0000] {logging_mixin.py:137} INFO - [2024-07-28T02:42:36.736+0000] {dag.py:3441} INFO - Setting next_dagrun for exemplo_xcom to None, run_after=None
[2024-07-28T02:42:36.746+0000] {processor.py:175} INFO - Processing /opt/airflow/dags/exemplo_xcom.py took 0.049 seconds
[2024-07-28T02:42:42.623+0000] {processor.py:153} INFO - Started process (PID=3059) to work on /opt/airflow/dags/exemplo_xcom.py
[2024-07-28T02:42:42.624+0000] {processor.py:743} INFO - Processing file /opt/airflow/dags/exemplo_xcom.py for tasks to queue
[2024-07-28T02:42:42.625+0000] {logging_mixin.py:137} INFO - [2024-07-28T02:42:42.625+0000] {dagbag.py:538} INFO - Filling up the DagBag from /opt/airflow/dags/exemplo_xcom.py
[2024-07-28T02:42:42.635+0000] {processor.py:753} INFO - DAG(s) dict_keys(['exemplo_xcom']) retrieved from /opt/airflow/dags/exemplo_xcom.py
[2024-07-28T02:42:42.649+0000] {logging_mixin.py:137} INFO - [2024-07-28T02:42:42.649+0000] {dag.py:2690} INFO - Sync 1 DAGs
[2024-07-28T02:42:42.662+0000] {logging_mixin.py:137} INFO - [2024-07-28T02:42:42.662+0000] {dag.py:3441} INFO - Setting next_dagrun for exemplo_xcom to None, run_after=None
[2024-07-28T02:42:42.675+0000] {processor.py:175} INFO - Processing /opt/airflow/dags/exemplo_xcom.py took 0.054 seconds
[2024-07-28T02:42:48.745+0000] {processor.py:153} INFO - Started process (PID=3091) to work on /opt/airflow/dags/exemplo_xcom.py
[2024-07-28T02:42:48.746+0000] {processor.py:743} INFO - Processing file /opt/airflow/dags/exemplo_xcom.py for tasks to queue
[2024-07-28T02:42:48.746+0000] {logging_mixin.py:137} INFO - [2024-07-28T02:42:48.746+0000] {dagbag.py:538} INFO - Filling up the DagBag from /opt/airflow/dags/exemplo_xcom.py
[2024-07-28T02:42:48.755+0000] {processor.py:753} INFO - DAG(s) dict_keys(['exemplo_xcom']) retrieved from /opt/airflow/dags/exemplo_xcom.py
[2024-07-28T02:42:48.776+0000] {logging_mixin.py:137} INFO - [2024-07-28T02:42:48.776+0000] {dag.py:2690} INFO - Sync 1 DAGs
[2024-07-28T02:42:48.788+0000] {logging_mixin.py:137} INFO - [2024-07-28T02:42:48.788+0000] {dag.py:3441} INFO - Setting next_dagrun for exemplo_xcom to None, run_after=None
[2024-07-28T02:42:48.800+0000] {processor.py:175} INFO - Processing /opt/airflow/dags/exemplo_xcom.py took 0.057 seconds
[2024-07-28T02:42:54.946+0000] {processor.py:153} INFO - Started process (PID=3132) to work on /opt/airflow/dags/exemplo_xcom.py
[2024-07-28T02:42:54.947+0000] {processor.py:743} INFO - Processing file /opt/airflow/dags/exemplo_xcom.py for tasks to queue
[2024-07-28T02:42:54.947+0000] {logging_mixin.py:137} INFO - [2024-07-28T02:42:54.947+0000] {dagbag.py:538} INFO - Filling up the DagBag from /opt/airflow/dags/exemplo_xcom.py
[2024-07-28T02:42:54.960+0000] {processor.py:753} INFO - DAG(s) dict_keys(['exemplo_xcom']) retrieved from /opt/airflow/dags/exemplo_xcom.py
[2024-07-28T02:42:54.983+0000] {logging_mixin.py:137} INFO - [2024-07-28T02:42:54.983+0000] {dag.py:2690} INFO - Sync 1 DAGs
[2024-07-28T02:42:55.002+0000] {logging_mixin.py:137} INFO - [2024-07-28T02:42:55.002+0000] {dag.py:3441} INFO - Setting next_dagrun for exemplo_xcom to None, run_after=None
[2024-07-28T02:42:55.019+0000] {processor.py:175} INFO - Processing /opt/airflow/dags/exemplo_xcom.py took 0.075 seconds
