[2024-07-28T02:33:06.485+0000] {processor.py:153} INFO - Started process (PID=45) to work on /opt/airflow/dags/exemplo_pools.py
[2024-07-28T02:33:06.486+0000] {processor.py:743} INFO - Processing file /opt/airflow/dags/exemplo_pools.py for tasks to queue
[2024-07-28T02:33:06.486+0000] {logging_mixin.py:137} INFO - [2024-07-28T02:33:06.486+0000] {dagbag.py:538} INFO - Filling up the DagBag from /opt/airflow/dags/exemplo_pools.py
[2024-07-28T02:33:06.503+0000] {processor.py:753} INFO - DAG(s) dict_keys(['exemplo_pools']) retrieved from /opt/airflow/dags/exemplo_pools.py
[2024-07-28T02:33:06.527+0000] {logging_mixin.py:137} INFO - [2024-07-28T02:33:06.526+0000] {dag.py:2690} INFO - Sync 1 DAGs
[2024-07-28T02:33:06.553+0000] {logging_mixin.py:137} INFO - [2024-07-28T02:33:06.553+0000] {dag.py:3441} INFO - Setting next_dagrun for exemplo_pools to None, run_after=None
[2024-07-28T02:33:06.598+0000] {processor.py:175} INFO - Processing /opt/airflow/dags/exemplo_pools.py took 0.117 seconds
[2024-07-28T02:33:12.583+0000] {processor.py:153} INFO - Started process (PID=85) to work on /opt/airflow/dags/exemplo_pools.py
[2024-07-28T02:33:12.584+0000] {processor.py:743} INFO - Processing file /opt/airflow/dags/exemplo_pools.py for tasks to queue
[2024-07-28T02:33:12.584+0000] {logging_mixin.py:137} INFO - [2024-07-28T02:33:12.584+0000] {dagbag.py:538} INFO - Filling up the DagBag from /opt/airflow/dags/exemplo_pools.py
[2024-07-28T02:33:12.593+0000] {processor.py:753} INFO - DAG(s) dict_keys(['exemplo_pools']) retrieved from /opt/airflow/dags/exemplo_pools.py
[2024-07-28T02:33:12.607+0000] {logging_mixin.py:137} INFO - [2024-07-28T02:33:12.607+0000] {dag.py:2690} INFO - Sync 1 DAGs
[2024-07-28T02:33:12.621+0000] {logging_mixin.py:137} INFO - [2024-07-28T02:33:12.621+0000] {dag.py:3441} INFO - Setting next_dagrun for exemplo_pools to None, run_after=None
[2024-07-28T02:33:12.632+0000] {processor.py:175} INFO - Processing /opt/airflow/dags/exemplo_pools.py took 0.051 seconds
[2024-07-28T02:33:17.732+0000] {processor.py:153} INFO - Started process (PID=113) to work on /opt/airflow/dags/exemplo_pools.py
[2024-07-28T02:33:17.733+0000] {processor.py:743} INFO - Processing file /opt/airflow/dags/exemplo_pools.py for tasks to queue
[2024-07-28T02:33:17.733+0000] {logging_mixin.py:137} INFO - [2024-07-28T02:33:17.733+0000] {dagbag.py:538} INFO - Filling up the DagBag from /opt/airflow/dags/exemplo_pools.py
[2024-07-28T02:33:17.742+0000] {processor.py:753} INFO - DAG(s) dict_keys(['exemplo_pools']) retrieved from /opt/airflow/dags/exemplo_pools.py
[2024-07-28T02:33:17.755+0000] {logging_mixin.py:137} INFO - [2024-07-28T02:33:17.755+0000] {dag.py:2690} INFO - Sync 1 DAGs
[2024-07-28T02:33:17.768+0000] {logging_mixin.py:137} INFO - [2024-07-28T02:33:17.768+0000] {dag.py:3441} INFO - Setting next_dagrun for exemplo_pools to None, run_after=None
[2024-07-28T02:33:17.777+0000] {processor.py:175} INFO - Processing /opt/airflow/dags/exemplo_pools.py took 0.046 seconds
[2024-07-28T02:33:45.263+0000] {processor.py:153} INFO - Started process (PID=49) to work on /opt/airflow/dags/exemplo_pools.py
[2024-07-28T02:33:45.264+0000] {processor.py:743} INFO - Processing file /opt/airflow/dags/exemplo_pools.py for tasks to queue
[2024-07-28T02:33:45.265+0000] {logging_mixin.py:137} INFO - [2024-07-28T02:33:45.265+0000] {dagbag.py:538} INFO - Filling up the DagBag from /opt/airflow/dags/exemplo_pools.py
[2024-07-28T02:33:45.278+0000] {processor.py:753} INFO - DAG(s) dict_keys(['exemplo_pools']) retrieved from /opt/airflow/dags/exemplo_pools.py
[2024-07-28T02:33:45.336+0000] {logging_mixin.py:137} INFO - [2024-07-28T02:33:45.336+0000] {dag.py:2690} INFO - Sync 1 DAGs
[2024-07-28T02:33:45.364+0000] {logging_mixin.py:137} INFO - [2024-07-28T02:33:45.364+0000] {dag.py:3441} INFO - Setting next_dagrun for exemplo_pools to None, run_after=None
[2024-07-28T02:33:45.378+0000] {processor.py:175} INFO - Processing /opt/airflow/dags/exemplo_pools.py took 0.119 seconds
[2024-07-28T02:33:51.033+0000] {processor.py:153} INFO - Started process (PID=74) to work on /opt/airflow/dags/exemplo_pools.py
[2024-07-28T02:33:51.034+0000] {processor.py:743} INFO - Processing file /opt/airflow/dags/exemplo_pools.py for tasks to queue
[2024-07-28T02:33:51.034+0000] {logging_mixin.py:137} INFO - [2024-07-28T02:33:51.034+0000] {dagbag.py:538} INFO - Filling up the DagBag from /opt/airflow/dags/exemplo_pools.py
[2024-07-28T02:33:51.043+0000] {processor.py:753} INFO - DAG(s) dict_keys(['exemplo_pools']) retrieved from /opt/airflow/dags/exemplo_pools.py
[2024-07-28T02:33:51.054+0000] {logging_mixin.py:137} INFO - [2024-07-28T02:33:51.054+0000] {dag.py:2690} INFO - Sync 1 DAGs
[2024-07-28T02:33:51.069+0000] {logging_mixin.py:137} INFO - [2024-07-28T02:33:51.069+0000] {dag.py:3441} INFO - Setting next_dagrun for exemplo_pools to None, run_after=None
[2024-07-28T02:33:51.078+0000] {processor.py:175} INFO - Processing /opt/airflow/dags/exemplo_pools.py took 0.047 seconds
[2024-07-28T02:33:57.024+0000] {processor.py:153} INFO - Started process (PID=115) to work on /opt/airflow/dags/exemplo_pools.py
[2024-07-28T02:33:57.025+0000] {processor.py:743} INFO - Processing file /opt/airflow/dags/exemplo_pools.py for tasks to queue
[2024-07-28T02:33:57.025+0000] {logging_mixin.py:137} INFO - [2024-07-28T02:33:57.025+0000] {dagbag.py:538} INFO - Filling up the DagBag from /opt/airflow/dags/exemplo_pools.py
[2024-07-28T02:33:57.033+0000] {processor.py:753} INFO - DAG(s) dict_keys(['exemplo_pools']) retrieved from /opt/airflow/dags/exemplo_pools.py
[2024-07-28T02:33:57.041+0000] {logging_mixin.py:137} INFO - [2024-07-28T02:33:57.041+0000] {dag.py:2690} INFO - Sync 1 DAGs
[2024-07-28T02:33:57.054+0000] {logging_mixin.py:137} INFO - [2024-07-28T02:33:57.054+0000] {dag.py:3441} INFO - Setting next_dagrun for exemplo_pools to None, run_after=None
[2024-07-28T02:33:57.071+0000] {processor.py:175} INFO - Processing /opt/airflow/dags/exemplo_pools.py took 0.049 seconds
[2024-07-28T02:34:02.448+0000] {processor.py:153} INFO - Started process (PID=139) to work on /opt/airflow/dags/exemplo_pools.py
[2024-07-28T02:34:02.448+0000] {processor.py:743} INFO - Processing file /opt/airflow/dags/exemplo_pools.py for tasks to queue
[2024-07-28T02:34:02.448+0000] {logging_mixin.py:137} INFO - [2024-07-28T02:34:02.448+0000] {dagbag.py:538} INFO - Filling up the DagBag from /opt/airflow/dags/exemplo_pools.py
[2024-07-28T02:34:02.461+0000] {processor.py:753} INFO - DAG(s) dict_keys(['exemplo_pools']) retrieved from /opt/airflow/dags/exemplo_pools.py
[2024-07-28T02:34:02.476+0000] {logging_mixin.py:137} INFO - [2024-07-28T02:34:02.476+0000] {dag.py:2690} INFO - Sync 1 DAGs
[2024-07-28T02:34:02.492+0000] {logging_mixin.py:137} INFO - [2024-07-28T02:34:02.492+0000] {dag.py:3441} INFO - Setting next_dagrun for exemplo_pools to None, run_after=None
[2024-07-28T02:34:02.502+0000] {processor.py:175} INFO - Processing /opt/airflow/dags/exemplo_pools.py took 0.056 seconds
[2024-07-28T02:34:08.627+0000] {processor.py:153} INFO - Started process (PID=181) to work on /opt/airflow/dags/exemplo_pools.py
[2024-07-28T02:34:08.627+0000] {processor.py:743} INFO - Processing file /opt/airflow/dags/exemplo_pools.py for tasks to queue
[2024-07-28T02:34:08.628+0000] {logging_mixin.py:137} INFO - [2024-07-28T02:34:08.627+0000] {dagbag.py:538} INFO - Filling up the DagBag from /opt/airflow/dags/exemplo_pools.py
[2024-07-28T02:34:08.636+0000] {processor.py:753} INFO - DAG(s) dict_keys(['exemplo_pools']) retrieved from /opt/airflow/dags/exemplo_pools.py
[2024-07-28T02:34:08.643+0000] {logging_mixin.py:137} INFO - [2024-07-28T02:34:08.643+0000] {dag.py:2690} INFO - Sync 1 DAGs
[2024-07-28T02:34:08.655+0000] {logging_mixin.py:137} INFO - [2024-07-28T02:34:08.655+0000] {dag.py:3441} INFO - Setting next_dagrun for exemplo_pools to None, run_after=None
[2024-07-28T02:34:08.663+0000] {processor.py:175} INFO - Processing /opt/airflow/dags/exemplo_pools.py took 0.038 seconds
[2024-07-28T02:34:14.660+0000] {processor.py:153} INFO - Started process (PID=215) to work on /opt/airflow/dags/exemplo_pools.py
[2024-07-28T02:34:14.661+0000] {processor.py:743} INFO - Processing file /opt/airflow/dags/exemplo_pools.py for tasks to queue
[2024-07-28T02:34:14.662+0000] {logging_mixin.py:137} INFO - [2024-07-28T02:34:14.662+0000] {dagbag.py:538} INFO - Filling up the DagBag from /opt/airflow/dags/exemplo_pools.py
[2024-07-28T02:34:14.672+0000] {processor.py:753} INFO - DAG(s) dict_keys(['exemplo_pools']) retrieved from /opt/airflow/dags/exemplo_pools.py
[2024-07-28T02:34:14.691+0000] {logging_mixin.py:137} INFO - [2024-07-28T02:34:14.691+0000] {dag.py:2690} INFO - Sync 1 DAGs
[2024-07-28T02:34:14.730+0000] {logging_mixin.py:137} INFO - [2024-07-28T02:34:14.730+0000] {dag.py:3441} INFO - Setting next_dagrun for exemplo_pools to None, run_after=None
[2024-07-28T02:34:14.786+0000] {processor.py:175} INFO - Processing /opt/airflow/dags/exemplo_pools.py took 0.128 seconds
[2024-07-28T02:34:20.777+0000] {processor.py:153} INFO - Started process (PID=246) to work on /opt/airflow/dags/exemplo_pools.py
[2024-07-28T02:34:20.778+0000] {processor.py:743} INFO - Processing file /opt/airflow/dags/exemplo_pools.py for tasks to queue
[2024-07-28T02:34:20.779+0000] {logging_mixin.py:137} INFO - [2024-07-28T02:34:20.779+0000] {dagbag.py:538} INFO - Filling up the DagBag from /opt/airflow/dags/exemplo_pools.py
[2024-07-28T02:34:20.794+0000] {processor.py:753} INFO - DAG(s) dict_keys(['exemplo_pools']) retrieved from /opt/airflow/dags/exemplo_pools.py
[2024-07-28T02:34:20.825+0000] {logging_mixin.py:137} INFO - [2024-07-28T02:34:20.825+0000] {dag.py:2690} INFO - Sync 1 DAGs
[2024-07-28T02:34:20.844+0000] {logging_mixin.py:137} INFO - [2024-07-28T02:34:20.844+0000] {dag.py:3441} INFO - Setting next_dagrun for exemplo_pools to None, run_after=None
[2024-07-28T02:34:20.853+0000] {processor.py:175} INFO - Processing /opt/airflow/dags/exemplo_pools.py took 0.078 seconds
[2024-07-28T02:34:25.975+0000] {processor.py:153} INFO - Started process (PID=280) to work on /opt/airflow/dags/exemplo_pools.py
[2024-07-28T02:34:25.975+0000] {processor.py:743} INFO - Processing file /opt/airflow/dags/exemplo_pools.py for tasks to queue
[2024-07-28T02:34:25.976+0000] {logging_mixin.py:137} INFO - [2024-07-28T02:34:25.976+0000] {dagbag.py:538} INFO - Filling up the DagBag from /opt/airflow/dags/exemplo_pools.py
[2024-07-28T02:34:25.989+0000] {processor.py:753} INFO - DAG(s) dict_keys(['exemplo_pools']) retrieved from /opt/airflow/dags/exemplo_pools.py
[2024-07-28T02:34:26.006+0000] {logging_mixin.py:137} INFO - [2024-07-28T02:34:26.006+0000] {dag.py:2690} INFO - Sync 1 DAGs
[2024-07-28T02:34:26.053+0000] {logging_mixin.py:137} INFO - [2024-07-28T02:34:26.053+0000] {dag.py:3441} INFO - Setting next_dagrun for exemplo_pools to None, run_after=None
[2024-07-28T02:34:26.113+0000] {processor.py:175} INFO - Processing /opt/airflow/dags/exemplo_pools.py took 0.140 seconds
[2024-07-28T02:34:31.368+0000] {processor.py:153} INFO - Started process (PID=312) to work on /opt/airflow/dags/exemplo_pools.py
[2024-07-28T02:34:31.369+0000] {processor.py:743} INFO - Processing file /opt/airflow/dags/exemplo_pools.py for tasks to queue
[2024-07-28T02:34:31.370+0000] {logging_mixin.py:137} INFO - [2024-07-28T02:34:31.370+0000] {dagbag.py:538} INFO - Filling up the DagBag from /opt/airflow/dags/exemplo_pools.py
[2024-07-28T02:34:31.382+0000] {processor.py:753} INFO - DAG(s) dict_keys(['exemplo_pools']) retrieved from /opt/airflow/dags/exemplo_pools.py
[2024-07-28T02:34:31.400+0000] {logging_mixin.py:137} INFO - [2024-07-28T02:34:31.400+0000] {dag.py:2690} INFO - Sync 1 DAGs
[2024-07-28T02:34:31.414+0000] {logging_mixin.py:137} INFO - [2024-07-28T02:34:31.414+0000] {dag.py:3441} INFO - Setting next_dagrun for exemplo_pools to None, run_after=None
[2024-07-28T02:34:31.424+0000] {processor.py:175} INFO - Processing /opt/airflow/dags/exemplo_pools.py took 0.057 seconds
[2024-07-28T02:34:36.544+0000] {processor.py:153} INFO - Started process (PID=336) to work on /opt/airflow/dags/exemplo_pools.py
[2024-07-28T02:34:36.544+0000] {processor.py:743} INFO - Processing file /opt/airflow/dags/exemplo_pools.py for tasks to queue
[2024-07-28T02:34:36.545+0000] {logging_mixin.py:137} INFO - [2024-07-28T02:34:36.545+0000] {dagbag.py:538} INFO - Filling up the DagBag from /opt/airflow/dags/exemplo_pools.py
[2024-07-28T02:34:36.557+0000] {processor.py:753} INFO - DAG(s) dict_keys(['exemplo_pools']) retrieved from /opt/airflow/dags/exemplo_pools.py
[2024-07-28T02:34:36.573+0000] {logging_mixin.py:137} INFO - [2024-07-28T02:34:36.573+0000] {dag.py:2690} INFO - Sync 1 DAGs
[2024-07-28T02:34:36.589+0000] {logging_mixin.py:137} INFO - [2024-07-28T02:34:36.589+0000] {dag.py:3441} INFO - Setting next_dagrun for exemplo_pools to None, run_after=None
[2024-07-28T02:34:36.616+0000] {processor.py:175} INFO - Processing /opt/airflow/dags/exemplo_pools.py took 0.074 seconds
[2024-07-28T02:34:42.664+0000] {processor.py:153} INFO - Started process (PID=378) to work on /opt/airflow/dags/exemplo_pools.py
[2024-07-28T02:34:42.665+0000] {processor.py:743} INFO - Processing file /opt/airflow/dags/exemplo_pools.py for tasks to queue
[2024-07-28T02:34:42.665+0000] {logging_mixin.py:137} INFO - [2024-07-28T02:34:42.665+0000] {dagbag.py:538} INFO - Filling up the DagBag from /opt/airflow/dags/exemplo_pools.py
[2024-07-28T02:34:42.672+0000] {processor.py:753} INFO - DAG(s) dict_keys(['exemplo_pools']) retrieved from /opt/airflow/dags/exemplo_pools.py
[2024-07-28T02:34:42.685+0000] {logging_mixin.py:137} INFO - [2024-07-28T02:34:42.685+0000] {dag.py:2690} INFO - Sync 1 DAGs
[2024-07-28T02:34:42.698+0000] {logging_mixin.py:137} INFO - [2024-07-28T02:34:42.698+0000] {dag.py:3441} INFO - Setting next_dagrun for exemplo_pools to None, run_after=None
[2024-07-28T02:34:42.705+0000] {processor.py:175} INFO - Processing /opt/airflow/dags/exemplo_pools.py took 0.043 seconds
[2024-07-28T02:34:48.789+0000] {processor.py:153} INFO - Started process (PID=412) to work on /opt/airflow/dags/exemplo_pools.py
[2024-07-28T02:34:48.790+0000] {processor.py:743} INFO - Processing file /opt/airflow/dags/exemplo_pools.py for tasks to queue
[2024-07-28T02:34:48.790+0000] {logging_mixin.py:137} INFO - [2024-07-28T02:34:48.790+0000] {dagbag.py:538} INFO - Filling up the DagBag from /opt/airflow/dags/exemplo_pools.py
[2024-07-28T02:34:48.800+0000] {processor.py:753} INFO - DAG(s) dict_keys(['exemplo_pools']) retrieved from /opt/airflow/dags/exemplo_pools.py
[2024-07-28T02:34:48.813+0000] {logging_mixin.py:137} INFO - [2024-07-28T02:34:48.813+0000] {dag.py:2690} INFO - Sync 1 DAGs
[2024-07-28T02:34:48.827+0000] {logging_mixin.py:137} INFO - [2024-07-28T02:34:48.827+0000] {dag.py:3441} INFO - Setting next_dagrun for exemplo_pools to None, run_after=None
[2024-07-28T02:34:48.836+0000] {processor.py:175} INFO - Processing /opt/airflow/dags/exemplo_pools.py took 0.049 seconds
[2024-07-28T02:34:54.309+0000] {processor.py:153} INFO - Started process (PID=444) to work on /opt/airflow/dags/exemplo_pools.py
[2024-07-28T02:34:54.309+0000] {processor.py:743} INFO - Processing file /opt/airflow/dags/exemplo_pools.py for tasks to queue
[2024-07-28T02:34:54.310+0000] {logging_mixin.py:137} INFO - [2024-07-28T02:34:54.310+0000] {dagbag.py:538} INFO - Filling up the DagBag from /opt/airflow/dags/exemplo_pools.py
[2024-07-28T02:34:54.319+0000] {processor.py:753} INFO - DAG(s) dict_keys(['exemplo_pools']) retrieved from /opt/airflow/dags/exemplo_pools.py
[2024-07-28T02:34:54.337+0000] {logging_mixin.py:137} INFO - [2024-07-28T02:34:54.337+0000] {dag.py:2690} INFO - Sync 1 DAGs
[2024-07-28T02:34:54.350+0000] {logging_mixin.py:137} INFO - [2024-07-28T02:34:54.350+0000] {dag.py:3441} INFO - Setting next_dagrun for exemplo_pools to None, run_after=None
[2024-07-28T02:34:54.359+0000] {processor.py:175} INFO - Processing /opt/airflow/dags/exemplo_pools.py took 0.052 seconds
[2024-07-28T02:35:00.486+0000] {processor.py:153} INFO - Started process (PID=485) to work on /opt/airflow/dags/exemplo_pools.py
[2024-07-28T02:35:00.487+0000] {processor.py:743} INFO - Processing file /opt/airflow/dags/exemplo_pools.py for tasks to queue
[2024-07-28T02:35:00.487+0000] {logging_mixin.py:137} INFO - [2024-07-28T02:35:00.487+0000] {dagbag.py:538} INFO - Filling up the DagBag from /opt/airflow/dags/exemplo_pools.py
[2024-07-28T02:35:00.498+0000] {processor.py:753} INFO - DAG(s) dict_keys(['exemplo_pools']) retrieved from /opt/airflow/dags/exemplo_pools.py
[2024-07-28T02:35:00.522+0000] {logging_mixin.py:137} INFO - [2024-07-28T02:35:00.522+0000] {dag.py:2690} INFO - Sync 1 DAGs
[2024-07-28T02:35:00.542+0000] {logging_mixin.py:137} INFO - [2024-07-28T02:35:00.542+0000] {dag.py:3441} INFO - Setting next_dagrun for exemplo_pools to None, run_after=None
[2024-07-28T02:35:00.564+0000] {processor.py:175} INFO - Processing /opt/airflow/dags/exemplo_pools.py took 0.079 seconds
[2024-07-28T02:35:05.924+0000] {processor.py:153} INFO - Started process (PID=510) to work on /opt/airflow/dags/exemplo_pools.py
[2024-07-28T02:35:05.925+0000] {processor.py:743} INFO - Processing file /opt/airflow/dags/exemplo_pools.py for tasks to queue
[2024-07-28T02:35:05.925+0000] {logging_mixin.py:137} INFO - [2024-07-28T02:35:05.925+0000] {dagbag.py:538} INFO - Filling up the DagBag from /opt/airflow/dags/exemplo_pools.py
[2024-07-28T02:35:05.934+0000] {processor.py:753} INFO - DAG(s) dict_keys(['exemplo_pools']) retrieved from /opt/airflow/dags/exemplo_pools.py
[2024-07-28T02:35:05.948+0000] {logging_mixin.py:137} INFO - [2024-07-28T02:35:05.948+0000] {dag.py:2690} INFO - Sync 1 DAGs
[2024-07-28T02:35:05.961+0000] {logging_mixin.py:137} INFO - [2024-07-28T02:35:05.961+0000] {dag.py:3441} INFO - Setting next_dagrun for exemplo_pools to None, run_after=None
[2024-07-28T02:35:05.972+0000] {processor.py:175} INFO - Processing /opt/airflow/dags/exemplo_pools.py took 0.050 seconds
[2024-07-28T02:35:12.183+0000] {processor.py:153} INFO - Started process (PID=551) to work on /opt/airflow/dags/exemplo_pools.py
[2024-07-28T02:35:12.183+0000] {processor.py:743} INFO - Processing file /opt/airflow/dags/exemplo_pools.py for tasks to queue
[2024-07-28T02:35:12.184+0000] {logging_mixin.py:137} INFO - [2024-07-28T02:35:12.184+0000] {dagbag.py:538} INFO - Filling up the DagBag from /opt/airflow/dags/exemplo_pools.py
[2024-07-28T02:35:12.192+0000] {processor.py:753} INFO - DAG(s) dict_keys(['exemplo_pools']) retrieved from /opt/airflow/dags/exemplo_pools.py
[2024-07-28T02:35:12.212+0000] {logging_mixin.py:137} INFO - [2024-07-28T02:35:12.212+0000] {dag.py:2690} INFO - Sync 1 DAGs
[2024-07-28T02:35:12.227+0000] {logging_mixin.py:137} INFO - [2024-07-28T02:35:12.227+0000] {dag.py:3441} INFO - Setting next_dagrun for exemplo_pools to None, run_after=None
[2024-07-28T02:35:12.238+0000] {processor.py:175} INFO - Processing /opt/airflow/dags/exemplo_pools.py took 0.056 seconds
[2024-07-28T02:35:18.293+0000] {processor.py:153} INFO - Started process (PID=576) to work on /opt/airflow/dags/exemplo_pools.py
[2024-07-28T02:35:18.294+0000] {processor.py:743} INFO - Processing file /opt/airflow/dags/exemplo_pools.py for tasks to queue
[2024-07-28T02:35:18.294+0000] {logging_mixin.py:137} INFO - [2024-07-28T02:35:18.294+0000] {dagbag.py:538} INFO - Filling up the DagBag from /opt/airflow/dags/exemplo_pools.py
[2024-07-28T02:35:18.302+0000] {processor.py:753} INFO - DAG(s) dict_keys(['exemplo_pools']) retrieved from /opt/airflow/dags/exemplo_pools.py
[2024-07-28T02:35:18.315+0000] {logging_mixin.py:137} INFO - [2024-07-28T02:35:18.315+0000] {dag.py:2690} INFO - Sync 1 DAGs
[2024-07-28T02:35:18.330+0000] {logging_mixin.py:137} INFO - [2024-07-28T02:35:18.330+0000] {dag.py:3441} INFO - Setting next_dagrun for exemplo_pools to None, run_after=None
[2024-07-28T02:35:18.344+0000] {processor.py:175} INFO - Processing /opt/airflow/dags/exemplo_pools.py took 0.053 seconds
[2024-07-28T02:35:24.344+0000] {processor.py:153} INFO - Started process (PID=617) to work on /opt/airflow/dags/exemplo_pools.py
[2024-07-28T02:35:24.344+0000] {processor.py:743} INFO - Processing file /opt/airflow/dags/exemplo_pools.py for tasks to queue
[2024-07-28T02:35:24.345+0000] {logging_mixin.py:137} INFO - [2024-07-28T02:35:24.345+0000] {dagbag.py:538} INFO - Filling up the DagBag from /opt/airflow/dags/exemplo_pools.py
[2024-07-28T02:35:24.354+0000] {processor.py:753} INFO - DAG(s) dict_keys(['exemplo_pools']) retrieved from /opt/airflow/dags/exemplo_pools.py
[2024-07-28T02:35:24.369+0000] {logging_mixin.py:137} INFO - [2024-07-28T02:35:24.369+0000] {dag.py:2690} INFO - Sync 1 DAGs
[2024-07-28T02:35:24.386+0000] {logging_mixin.py:137} INFO - [2024-07-28T02:35:24.386+0000] {dag.py:3441} INFO - Setting next_dagrun for exemplo_pools to None, run_after=None
[2024-07-28T02:35:24.399+0000] {processor.py:175} INFO - Processing /opt/airflow/dags/exemplo_pools.py took 0.057 seconds
[2024-07-28T02:35:30.422+0000] {processor.py:153} INFO - Started process (PID=642) to work on /opt/airflow/dags/exemplo_pools.py
[2024-07-28T02:35:30.422+0000] {processor.py:743} INFO - Processing file /opt/airflow/dags/exemplo_pools.py for tasks to queue
[2024-07-28T02:35:30.423+0000] {logging_mixin.py:137} INFO - [2024-07-28T02:35:30.423+0000] {dagbag.py:538} INFO - Filling up the DagBag from /opt/airflow/dags/exemplo_pools.py
[2024-07-28T02:35:30.431+0000] {processor.py:753} INFO - DAG(s) dict_keys(['exemplo_pools']) retrieved from /opt/airflow/dags/exemplo_pools.py
[2024-07-28T02:35:30.443+0000] {logging_mixin.py:137} INFO - [2024-07-28T02:35:30.443+0000] {dag.py:2690} INFO - Sync 1 DAGs
[2024-07-28T02:35:30.457+0000] {logging_mixin.py:137} INFO - [2024-07-28T02:35:30.457+0000] {dag.py:3441} INFO - Setting next_dagrun for exemplo_pools to None, run_after=None
[2024-07-28T02:35:30.465+0000] {processor.py:175} INFO - Processing /opt/airflow/dags/exemplo_pools.py took 0.045 seconds
[2024-07-28T02:35:36.491+0000] {processor.py:153} INFO - Started process (PID=683) to work on /opt/airflow/dags/exemplo_pools.py
[2024-07-28T02:35:36.492+0000] {processor.py:743} INFO - Processing file /opt/airflow/dags/exemplo_pools.py for tasks to queue
[2024-07-28T02:35:36.493+0000] {logging_mixin.py:137} INFO - [2024-07-28T02:35:36.493+0000] {dagbag.py:538} INFO - Filling up the DagBag from /opt/airflow/dags/exemplo_pools.py
[2024-07-28T02:35:36.501+0000] {processor.py:753} INFO - DAG(s) dict_keys(['exemplo_pools']) retrieved from /opt/airflow/dags/exemplo_pools.py
[2024-07-28T02:35:36.519+0000] {logging_mixin.py:137} INFO - [2024-07-28T02:35:36.519+0000] {dag.py:2690} INFO - Sync 1 DAGs
[2024-07-28T02:35:36.538+0000] {logging_mixin.py:137} INFO - [2024-07-28T02:35:36.537+0000] {dag.py:3441} INFO - Setting next_dagrun for exemplo_pools to None, run_after=None
[2024-07-28T02:35:36.555+0000] {processor.py:175} INFO - Processing /opt/airflow/dags/exemplo_pools.py took 0.066 seconds
[2024-07-28T02:35:42.545+0000] {processor.py:153} INFO - Started process (PID=708) to work on /opt/airflow/dags/exemplo_pools.py
[2024-07-28T02:35:42.546+0000] {processor.py:743} INFO - Processing file /opt/airflow/dags/exemplo_pools.py for tasks to queue
[2024-07-28T02:35:42.546+0000] {logging_mixin.py:137} INFO - [2024-07-28T02:35:42.546+0000] {dagbag.py:538} INFO - Filling up the DagBag from /opt/airflow/dags/exemplo_pools.py
[2024-07-28T02:35:42.554+0000] {processor.py:753} INFO - DAG(s) dict_keys(['exemplo_pools']) retrieved from /opt/airflow/dags/exemplo_pools.py
[2024-07-28T02:35:42.571+0000] {logging_mixin.py:137} INFO - [2024-07-28T02:35:42.571+0000] {dag.py:2690} INFO - Sync 1 DAGs
[2024-07-28T02:35:42.588+0000] {logging_mixin.py:137} INFO - [2024-07-28T02:35:42.588+0000] {dag.py:3441} INFO - Setting next_dagrun for exemplo_pools to None, run_after=None
[2024-07-28T02:35:42.603+0000] {processor.py:175} INFO - Processing /opt/airflow/dags/exemplo_pools.py took 0.060 seconds
[2024-07-28T02:35:48.632+0000] {processor.py:153} INFO - Started process (PID=749) to work on /opt/airflow/dags/exemplo_pools.py
[2024-07-28T02:35:48.633+0000] {processor.py:743} INFO - Processing file /opt/airflow/dags/exemplo_pools.py for tasks to queue
[2024-07-28T02:35:48.633+0000] {logging_mixin.py:137} INFO - [2024-07-28T02:35:48.633+0000] {dagbag.py:538} INFO - Filling up the DagBag from /opt/airflow/dags/exemplo_pools.py
[2024-07-28T02:35:48.641+0000] {processor.py:753} INFO - DAG(s) dict_keys(['exemplo_pools']) retrieved from /opt/airflow/dags/exemplo_pools.py
[2024-07-28T02:35:48.654+0000] {logging_mixin.py:137} INFO - [2024-07-28T02:35:48.654+0000] {dag.py:2690} INFO - Sync 1 DAGs
[2024-07-28T02:35:48.669+0000] {logging_mixin.py:137} INFO - [2024-07-28T02:35:48.669+0000] {dag.py:3441} INFO - Setting next_dagrun for exemplo_pools to None, run_after=None
[2024-07-28T02:35:48.682+0000] {processor.py:175} INFO - Processing /opt/airflow/dags/exemplo_pools.py took 0.051 seconds
[2024-07-28T02:35:54.620+0000] {processor.py:153} INFO - Started process (PID=774) to work on /opt/airflow/dags/exemplo_pools.py
[2024-07-28T02:35:54.621+0000] {processor.py:743} INFO - Processing file /opt/airflow/dags/exemplo_pools.py for tasks to queue
[2024-07-28T02:35:54.621+0000] {logging_mixin.py:137} INFO - [2024-07-28T02:35:54.621+0000] {dagbag.py:538} INFO - Filling up the DagBag from /opt/airflow/dags/exemplo_pools.py
[2024-07-28T02:35:54.629+0000] {processor.py:753} INFO - DAG(s) dict_keys(['exemplo_pools']) retrieved from /opt/airflow/dags/exemplo_pools.py
[2024-07-28T02:35:54.642+0000] {logging_mixin.py:137} INFO - [2024-07-28T02:35:54.642+0000] {dag.py:2690} INFO - Sync 1 DAGs
[2024-07-28T02:35:54.654+0000] {logging_mixin.py:137} INFO - [2024-07-28T02:35:54.654+0000] {dag.py:3441} INFO - Setting next_dagrun for exemplo_pools to None, run_after=None
[2024-07-28T02:35:54.663+0000] {processor.py:175} INFO - Processing /opt/airflow/dags/exemplo_pools.py took 0.045 seconds
[2024-07-28T02:36:00.796+0000] {processor.py:153} INFO - Started process (PID=815) to work on /opt/airflow/dags/exemplo_pools.py
[2024-07-28T02:36:00.796+0000] {processor.py:743} INFO - Processing file /opt/airflow/dags/exemplo_pools.py for tasks to queue
[2024-07-28T02:36:00.797+0000] {logging_mixin.py:137} INFO - [2024-07-28T02:36:00.797+0000] {dagbag.py:538} INFO - Filling up the DagBag from /opt/airflow/dags/exemplo_pools.py
[2024-07-28T02:36:00.805+0000] {processor.py:753} INFO - DAG(s) dict_keys(['exemplo_pools']) retrieved from /opt/airflow/dags/exemplo_pools.py
[2024-07-28T02:36:00.817+0000] {logging_mixin.py:137} INFO - [2024-07-28T02:36:00.817+0000] {dag.py:2690} INFO - Sync 1 DAGs
[2024-07-28T02:36:00.830+0000] {logging_mixin.py:137} INFO - [2024-07-28T02:36:00.830+0000] {dag.py:3441} INFO - Setting next_dagrun for exemplo_pools to None, run_after=None
[2024-07-28T02:36:00.841+0000] {processor.py:175} INFO - Processing /opt/airflow/dags/exemplo_pools.py took 0.048 seconds
[2024-07-28T02:36:06.767+0000] {processor.py:153} INFO - Started process (PID=840) to work on /opt/airflow/dags/exemplo_pools.py
[2024-07-28T02:36:06.768+0000] {processor.py:743} INFO - Processing file /opt/airflow/dags/exemplo_pools.py for tasks to queue
[2024-07-28T02:36:06.768+0000] {logging_mixin.py:137} INFO - [2024-07-28T02:36:06.768+0000] {dagbag.py:538} INFO - Filling up the DagBag from /opt/airflow/dags/exemplo_pools.py
[2024-07-28T02:36:06.776+0000] {processor.py:753} INFO - DAG(s) dict_keys(['exemplo_pools']) retrieved from /opt/airflow/dags/exemplo_pools.py
[2024-07-28T02:36:06.789+0000] {logging_mixin.py:137} INFO - [2024-07-28T02:36:06.789+0000] {dag.py:2690} INFO - Sync 1 DAGs
[2024-07-28T02:36:06.802+0000] {logging_mixin.py:137} INFO - [2024-07-28T02:36:06.802+0000] {dag.py:3441} INFO - Setting next_dagrun for exemplo_pools to None, run_after=None
[2024-07-28T02:36:06.812+0000] {processor.py:175} INFO - Processing /opt/airflow/dags/exemplo_pools.py took 0.046 seconds
[2024-07-28T02:36:12.882+0000] {processor.py:153} INFO - Started process (PID=881) to work on /opt/airflow/dags/exemplo_pools.py
[2024-07-28T02:36:12.882+0000] {processor.py:743} INFO - Processing file /opt/airflow/dags/exemplo_pools.py for tasks to queue
[2024-07-28T02:36:12.882+0000] {logging_mixin.py:137} INFO - [2024-07-28T02:36:12.882+0000] {dagbag.py:538} INFO - Filling up the DagBag from /opt/airflow/dags/exemplo_pools.py
[2024-07-28T02:36:12.890+0000] {processor.py:753} INFO - DAG(s) dict_keys(['exemplo_pools']) retrieved from /opt/airflow/dags/exemplo_pools.py
[2024-07-28T02:36:12.911+0000] {logging_mixin.py:137} INFO - [2024-07-28T02:36:12.911+0000] {dag.py:2690} INFO - Sync 1 DAGs
[2024-07-28T02:36:12.926+0000] {logging_mixin.py:137} INFO - [2024-07-28T02:36:12.926+0000] {dag.py:3441} INFO - Setting next_dagrun for exemplo_pools to None, run_after=None
[2024-07-28T02:36:12.940+0000] {processor.py:175} INFO - Processing /opt/airflow/dags/exemplo_pools.py took 0.060 seconds
[2024-07-28T02:36:18.867+0000] {processor.py:153} INFO - Started process (PID=913) to work on /opt/airflow/dags/exemplo_pools.py
[2024-07-28T02:36:18.868+0000] {processor.py:743} INFO - Processing file /opt/airflow/dags/exemplo_pools.py for tasks to queue
[2024-07-28T02:36:18.868+0000] {logging_mixin.py:137} INFO - [2024-07-28T02:36:18.868+0000] {dagbag.py:538} INFO - Filling up the DagBag from /opt/airflow/dags/exemplo_pools.py
[2024-07-28T02:36:18.877+0000] {processor.py:753} INFO - DAG(s) dict_keys(['exemplo_pools']) retrieved from /opt/airflow/dags/exemplo_pools.py
[2024-07-28T02:36:18.889+0000] {logging_mixin.py:137} INFO - [2024-07-28T02:36:18.889+0000] {dag.py:2690} INFO - Sync 1 DAGs
[2024-07-28T02:36:18.900+0000] {logging_mixin.py:137} INFO - [2024-07-28T02:36:18.900+0000] {dag.py:3441} INFO - Setting next_dagrun for exemplo_pools to None, run_after=None
[2024-07-28T02:36:18.910+0000] {processor.py:175} INFO - Processing /opt/airflow/dags/exemplo_pools.py took 0.045 seconds
[2024-07-28T02:36:25.053+0000] {processor.py:153} INFO - Started process (PID=947) to work on /opt/airflow/dags/exemplo_pools.py
[2024-07-28T02:36:25.053+0000] {processor.py:743} INFO - Processing file /opt/airflow/dags/exemplo_pools.py for tasks to queue
[2024-07-28T02:36:25.054+0000] {logging_mixin.py:137} INFO - [2024-07-28T02:36:25.054+0000] {dagbag.py:538} INFO - Filling up the DagBag from /opt/airflow/dags/exemplo_pools.py
[2024-07-28T02:36:25.061+0000] {processor.py:753} INFO - DAG(s) dict_keys(['exemplo_pools']) retrieved from /opt/airflow/dags/exemplo_pools.py
[2024-07-28T02:36:25.073+0000] {logging_mixin.py:137} INFO - [2024-07-28T02:36:25.073+0000] {dag.py:2690} INFO - Sync 1 DAGs
[2024-07-28T02:36:25.086+0000] {logging_mixin.py:137} INFO - [2024-07-28T02:36:25.086+0000] {dag.py:3441} INFO - Setting next_dagrun for exemplo_pools to None, run_after=None
[2024-07-28T02:36:25.096+0000] {processor.py:175} INFO - Processing /opt/airflow/dags/exemplo_pools.py took 0.045 seconds
[2024-07-28T02:36:31.096+0000] {processor.py:153} INFO - Started process (PID=988) to work on /opt/airflow/dags/exemplo_pools.py
[2024-07-28T02:36:31.097+0000] {processor.py:743} INFO - Processing file /opt/airflow/dags/exemplo_pools.py for tasks to queue
[2024-07-28T02:36:31.097+0000] {logging_mixin.py:137} INFO - [2024-07-28T02:36:31.097+0000] {dagbag.py:538} INFO - Filling up the DagBag from /opt/airflow/dags/exemplo_pools.py
[2024-07-28T02:36:31.109+0000] {processor.py:753} INFO - DAG(s) dict_keys(['exemplo_pools']) retrieved from /opt/airflow/dags/exemplo_pools.py
[2024-07-28T02:36:31.127+0000] {logging_mixin.py:137} INFO - [2024-07-28T02:36:31.127+0000] {dag.py:2690} INFO - Sync 1 DAGs
[2024-07-28T02:36:31.141+0000] {logging_mixin.py:137} INFO - [2024-07-28T02:36:31.141+0000] {dag.py:3441} INFO - Setting next_dagrun for exemplo_pools to None, run_after=None
[2024-07-28T02:36:31.157+0000] {processor.py:175} INFO - Processing /opt/airflow/dags/exemplo_pools.py took 0.063 seconds
[2024-07-28T02:36:37.193+0000] {processor.py:153} INFO - Started process (PID=1013) to work on /opt/airflow/dags/exemplo_pools.py
[2024-07-28T02:36:37.194+0000] {processor.py:743} INFO - Processing file /opt/airflow/dags/exemplo_pools.py for tasks to queue
[2024-07-28T02:36:37.194+0000] {logging_mixin.py:137} INFO - [2024-07-28T02:36:37.194+0000] {dagbag.py:538} INFO - Filling up the DagBag from /opt/airflow/dags/exemplo_pools.py
[2024-07-28T02:36:37.203+0000] {processor.py:753} INFO - DAG(s) dict_keys(['exemplo_pools']) retrieved from /opt/airflow/dags/exemplo_pools.py
[2024-07-28T02:36:37.219+0000] {logging_mixin.py:137} INFO - [2024-07-28T02:36:37.219+0000] {dag.py:2690} INFO - Sync 1 DAGs
[2024-07-28T02:36:37.234+0000] {logging_mixin.py:137} INFO - [2024-07-28T02:36:37.234+0000] {dag.py:3441} INFO - Setting next_dagrun for exemplo_pools to None, run_after=None
[2024-07-28T02:36:37.247+0000] {processor.py:175} INFO - Processing /opt/airflow/dags/exemplo_pools.py took 0.055 seconds
[2024-07-28T02:36:43.249+0000] {processor.py:153} INFO - Started process (PID=1054) to work on /opt/airflow/dags/exemplo_pools.py
[2024-07-28T02:36:43.249+0000] {processor.py:743} INFO - Processing file /opt/airflow/dags/exemplo_pools.py for tasks to queue
[2024-07-28T02:36:43.250+0000] {logging_mixin.py:137} INFO - [2024-07-28T02:36:43.250+0000] {dagbag.py:538} INFO - Filling up the DagBag from /opt/airflow/dags/exemplo_pools.py
[2024-07-28T02:36:43.258+0000] {processor.py:753} INFO - DAG(s) dict_keys(['exemplo_pools']) retrieved from /opt/airflow/dags/exemplo_pools.py
[2024-07-28T02:36:43.273+0000] {logging_mixin.py:137} INFO - [2024-07-28T02:36:43.273+0000] {dag.py:2690} INFO - Sync 1 DAGs
[2024-07-28T02:36:43.290+0000] {logging_mixin.py:137} INFO - [2024-07-28T02:36:43.290+0000] {dag.py:3441} INFO - Setting next_dagrun for exemplo_pools to None, run_after=None
[2024-07-28T02:36:43.304+0000] {processor.py:175} INFO - Processing /opt/airflow/dags/exemplo_pools.py took 0.057 seconds
[2024-07-28T02:36:49.375+0000] {processor.py:153} INFO - Started process (PID=1079) to work on /opt/airflow/dags/exemplo_pools.py
[2024-07-28T02:36:49.375+0000] {processor.py:743} INFO - Processing file /opt/airflow/dags/exemplo_pools.py for tasks to queue
[2024-07-28T02:36:49.376+0000] {logging_mixin.py:137} INFO - [2024-07-28T02:36:49.376+0000] {dagbag.py:538} INFO - Filling up the DagBag from /opt/airflow/dags/exemplo_pools.py
[2024-07-28T02:36:49.384+0000] {processor.py:753} INFO - DAG(s) dict_keys(['exemplo_pools']) retrieved from /opt/airflow/dags/exemplo_pools.py
[2024-07-28T02:36:49.398+0000] {logging_mixin.py:137} INFO - [2024-07-28T02:36:49.398+0000] {dag.py:2690} INFO - Sync 1 DAGs
[2024-07-28T02:36:49.412+0000] {logging_mixin.py:137} INFO - [2024-07-28T02:36:49.412+0000] {dag.py:3441} INFO - Setting next_dagrun for exemplo_pools to None, run_after=None
[2024-07-28T02:36:49.424+0000] {processor.py:175} INFO - Processing /opt/airflow/dags/exemplo_pools.py took 0.051 seconds
[2024-07-28T02:36:55.381+0000] {processor.py:153} INFO - Started process (PID=1120) to work on /opt/airflow/dags/exemplo_pools.py
[2024-07-28T02:36:55.382+0000] {processor.py:743} INFO - Processing file /opt/airflow/dags/exemplo_pools.py for tasks to queue
[2024-07-28T02:36:55.382+0000] {logging_mixin.py:137} INFO - [2024-07-28T02:36:55.382+0000] {dagbag.py:538} INFO - Filling up the DagBag from /opt/airflow/dags/exemplo_pools.py
[2024-07-28T02:36:55.390+0000] {processor.py:753} INFO - DAG(s) dict_keys(['exemplo_pools']) retrieved from /opt/airflow/dags/exemplo_pools.py
[2024-07-28T02:36:55.402+0000] {logging_mixin.py:137} INFO - [2024-07-28T02:36:55.402+0000] {dag.py:2690} INFO - Sync 1 DAGs
[2024-07-28T02:36:55.414+0000] {logging_mixin.py:137} INFO - [2024-07-28T02:36:55.414+0000] {dag.py:3441} INFO - Setting next_dagrun for exemplo_pools to None, run_after=None
[2024-07-28T02:36:55.423+0000] {processor.py:175} INFO - Processing /opt/airflow/dags/exemplo_pools.py took 0.044 seconds
[2024-07-28T02:37:01.413+0000] {processor.py:153} INFO - Started process (PID=1145) to work on /opt/airflow/dags/exemplo_pools.py
[2024-07-28T02:37:01.413+0000] {processor.py:743} INFO - Processing file /opt/airflow/dags/exemplo_pools.py for tasks to queue
[2024-07-28T02:37:01.414+0000] {logging_mixin.py:137} INFO - [2024-07-28T02:37:01.414+0000] {dagbag.py:538} INFO - Filling up the DagBag from /opt/airflow/dags/exemplo_pools.py
[2024-07-28T02:37:01.421+0000] {processor.py:753} INFO - DAG(s) dict_keys(['exemplo_pools']) retrieved from /opt/airflow/dags/exemplo_pools.py
[2024-07-28T02:37:01.434+0000] {logging_mixin.py:137} INFO - [2024-07-28T02:37:01.434+0000] {dag.py:2690} INFO - Sync 1 DAGs
[2024-07-28T02:37:01.446+0000] {logging_mixin.py:137} INFO - [2024-07-28T02:37:01.446+0000] {dag.py:3441} INFO - Setting next_dagrun for exemplo_pools to None, run_after=None
[2024-07-28T02:37:01.455+0000] {processor.py:175} INFO - Processing /opt/airflow/dags/exemplo_pools.py took 0.044 seconds
[2024-07-28T02:37:07.579+0000] {processor.py:153} INFO - Started process (PID=1186) to work on /opt/airflow/dags/exemplo_pools.py
[2024-07-28T02:37:07.580+0000] {processor.py:743} INFO - Processing file /opt/airflow/dags/exemplo_pools.py for tasks to queue
[2024-07-28T02:37:07.581+0000] {logging_mixin.py:137} INFO - [2024-07-28T02:37:07.581+0000] {dagbag.py:538} INFO - Filling up the DagBag from /opt/airflow/dags/exemplo_pools.py
[2024-07-28T02:37:07.590+0000] {processor.py:753} INFO - DAG(s) dict_keys(['exemplo_pools']) retrieved from /opt/airflow/dags/exemplo_pools.py
[2024-07-28T02:37:07.604+0000] {logging_mixin.py:137} INFO - [2024-07-28T02:37:07.604+0000] {dag.py:2690} INFO - Sync 1 DAGs
[2024-07-28T02:37:07.619+0000] {logging_mixin.py:137} INFO - [2024-07-28T02:37:07.619+0000] {dag.py:3441} INFO - Setting next_dagrun for exemplo_pools to None, run_after=None
[2024-07-28T02:37:07.631+0000] {processor.py:175} INFO - Processing /opt/airflow/dags/exemplo_pools.py took 0.054 seconds
[2024-07-28T02:37:12.803+0000] {processor.py:153} INFO - Started process (PID=1210) to work on /opt/airflow/dags/exemplo_pools.py
[2024-07-28T02:37:12.804+0000] {processor.py:743} INFO - Processing file /opt/airflow/dags/exemplo_pools.py for tasks to queue
[2024-07-28T02:37:12.805+0000] {logging_mixin.py:137} INFO - [2024-07-28T02:37:12.805+0000] {dagbag.py:538} INFO - Filling up the DagBag from /opt/airflow/dags/exemplo_pools.py
[2024-07-28T02:37:12.819+0000] {processor.py:753} INFO - DAG(s) dict_keys(['exemplo_pools']) retrieved from /opt/airflow/dags/exemplo_pools.py
[2024-07-28T02:37:12.833+0000] {logging_mixin.py:137} INFO - [2024-07-28T02:37:12.833+0000] {dag.py:2690} INFO - Sync 1 DAGs
[2024-07-28T02:37:12.850+0000] {logging_mixin.py:137} INFO - [2024-07-28T02:37:12.850+0000] {dag.py:3441} INFO - Setting next_dagrun for exemplo_pools to None, run_after=None
[2024-07-28T02:37:12.862+0000] {processor.py:175} INFO - Processing /opt/airflow/dags/exemplo_pools.py took 0.061 seconds
[2024-07-28T02:37:18.829+0000] {processor.py:153} INFO - Started process (PID=1252) to work on /opt/airflow/dags/exemplo_pools.py
[2024-07-28T02:37:18.829+0000] {processor.py:743} INFO - Processing file /opt/airflow/dags/exemplo_pools.py for tasks to queue
[2024-07-28T02:37:18.830+0000] {logging_mixin.py:137} INFO - [2024-07-28T02:37:18.830+0000] {dagbag.py:538} INFO - Filling up the DagBag from /opt/airflow/dags/exemplo_pools.py
[2024-07-28T02:37:18.837+0000] {processor.py:753} INFO - DAG(s) dict_keys(['exemplo_pools']) retrieved from /opt/airflow/dags/exemplo_pools.py
[2024-07-28T02:37:18.849+0000] {logging_mixin.py:137} INFO - [2024-07-28T02:37:18.849+0000] {dag.py:2690} INFO - Sync 1 DAGs
[2024-07-28T02:37:18.861+0000] {logging_mixin.py:137} INFO - [2024-07-28T02:37:18.861+0000] {dag.py:3441} INFO - Setting next_dagrun for exemplo_pools to None, run_after=None
[2024-07-28T02:37:18.870+0000] {processor.py:175} INFO - Processing /opt/airflow/dags/exemplo_pools.py took 0.043 seconds
[2024-07-28T02:37:24.766+0000] {processor.py:153} INFO - Started process (PID=1277) to work on /opt/airflow/dags/exemplo_pools.py
[2024-07-28T02:37:24.766+0000] {processor.py:743} INFO - Processing file /opt/airflow/dags/exemplo_pools.py for tasks to queue
[2024-07-28T02:37:24.767+0000] {logging_mixin.py:137} INFO - [2024-07-28T02:37:24.767+0000] {dagbag.py:538} INFO - Filling up the DagBag from /opt/airflow/dags/exemplo_pools.py
[2024-07-28T02:37:24.774+0000] {processor.py:753} INFO - DAG(s) dict_keys(['exemplo_pools']) retrieved from /opt/airflow/dags/exemplo_pools.py
[2024-07-28T02:37:24.787+0000] {logging_mixin.py:137} INFO - [2024-07-28T02:37:24.787+0000] {dag.py:2690} INFO - Sync 1 DAGs
[2024-07-28T02:37:24.800+0000] {logging_mixin.py:137} INFO - [2024-07-28T02:37:24.800+0000] {dag.py:3441} INFO - Setting next_dagrun for exemplo_pools to None, run_after=None
[2024-07-28T02:37:24.809+0000] {processor.py:175} INFO - Processing /opt/airflow/dags/exemplo_pools.py took 0.045 seconds
[2024-07-28T02:37:30.787+0000] {processor.py:153} INFO - Started process (PID=1318) to work on /opt/airflow/dags/exemplo_pools.py
[2024-07-28T02:37:30.787+0000] {processor.py:743} INFO - Processing file /opt/airflow/dags/exemplo_pools.py for tasks to queue
[2024-07-28T02:37:30.788+0000] {logging_mixin.py:137} INFO - [2024-07-28T02:37:30.788+0000] {dagbag.py:538} INFO - Filling up the DagBag from /opt/airflow/dags/exemplo_pools.py
[2024-07-28T02:37:30.796+0000] {processor.py:753} INFO - DAG(s) dict_keys(['exemplo_pools']) retrieved from /opt/airflow/dags/exemplo_pools.py
[2024-07-28T02:37:30.808+0000] {logging_mixin.py:137} INFO - [2024-07-28T02:37:30.808+0000] {dag.py:2690} INFO - Sync 1 DAGs
[2024-07-28T02:37:30.821+0000] {logging_mixin.py:137} INFO - [2024-07-28T02:37:30.821+0000] {dag.py:3441} INFO - Setting next_dagrun for exemplo_pools to None, run_after=None
[2024-07-28T02:37:30.829+0000] {processor.py:175} INFO - Processing /opt/airflow/dags/exemplo_pools.py took 0.044 seconds
[2024-07-28T02:37:36.766+0000] {processor.py:153} INFO - Started process (PID=1343) to work on /opt/airflow/dags/exemplo_pools.py
[2024-07-28T02:37:36.767+0000] {processor.py:743} INFO - Processing file /opt/airflow/dags/exemplo_pools.py for tasks to queue
[2024-07-28T02:37:36.767+0000] {logging_mixin.py:137} INFO - [2024-07-28T02:37:36.767+0000] {dagbag.py:538} INFO - Filling up the DagBag from /opt/airflow/dags/exemplo_pools.py
[2024-07-28T02:37:36.775+0000] {processor.py:753} INFO - DAG(s) dict_keys(['exemplo_pools']) retrieved from /opt/airflow/dags/exemplo_pools.py
[2024-07-28T02:37:36.796+0000] {logging_mixin.py:137} INFO - [2024-07-28T02:37:36.795+0000] {dag.py:2690} INFO - Sync 1 DAGs
[2024-07-28T02:37:36.807+0000] {logging_mixin.py:137} INFO - [2024-07-28T02:37:36.807+0000] {dag.py:3441} INFO - Setting next_dagrun for exemplo_pools to None, run_after=None
[2024-07-28T02:37:36.819+0000] {processor.py:175} INFO - Processing /opt/airflow/dags/exemplo_pools.py took 0.055 seconds
[2024-07-28T02:37:42.785+0000] {processor.py:153} INFO - Started process (PID=1384) to work on /opt/airflow/dags/exemplo_pools.py
[2024-07-28T02:37:42.785+0000] {processor.py:743} INFO - Processing file /opt/airflow/dags/exemplo_pools.py for tasks to queue
[2024-07-28T02:37:42.786+0000] {logging_mixin.py:137} INFO - [2024-07-28T02:37:42.786+0000] {dagbag.py:538} INFO - Filling up the DagBag from /opt/airflow/dags/exemplo_pools.py
[2024-07-28T02:37:42.794+0000] {processor.py:753} INFO - DAG(s) dict_keys(['exemplo_pools']) retrieved from /opt/airflow/dags/exemplo_pools.py
[2024-07-28T02:37:42.808+0000] {logging_mixin.py:137} INFO - [2024-07-28T02:37:42.807+0000] {dag.py:2690} INFO - Sync 1 DAGs
[2024-07-28T02:37:42.822+0000] {logging_mixin.py:137} INFO - [2024-07-28T02:37:42.822+0000] {dag.py:3441} INFO - Setting next_dagrun for exemplo_pools to None, run_after=None
[2024-07-28T02:37:42.834+0000] {processor.py:175} INFO - Processing /opt/airflow/dags/exemplo_pools.py took 0.051 seconds
[2024-07-28T02:37:48.718+0000] {processor.py:153} INFO - Started process (PID=1416) to work on /opt/airflow/dags/exemplo_pools.py
[2024-07-28T02:37:48.718+0000] {processor.py:743} INFO - Processing file /opt/airflow/dags/exemplo_pools.py for tasks to queue
[2024-07-28T02:37:48.719+0000] {logging_mixin.py:137} INFO - [2024-07-28T02:37:48.719+0000] {dagbag.py:538} INFO - Filling up the DagBag from /opt/airflow/dags/exemplo_pools.py
[2024-07-28T02:37:48.726+0000] {processor.py:753} INFO - DAG(s) dict_keys(['exemplo_pools']) retrieved from /opt/airflow/dags/exemplo_pools.py
[2024-07-28T02:37:48.738+0000] {logging_mixin.py:137} INFO - [2024-07-28T02:37:48.738+0000] {dag.py:2690} INFO - Sync 1 DAGs
[2024-07-28T02:37:48.749+0000] {logging_mixin.py:137} INFO - [2024-07-28T02:37:48.749+0000] {dag.py:3441} INFO - Setting next_dagrun for exemplo_pools to None, run_after=None
[2024-07-28T02:37:48.758+0000] {processor.py:175} INFO - Processing /opt/airflow/dags/exemplo_pools.py took 0.042 seconds
[2024-07-28T02:37:54.729+0000] {processor.py:153} INFO - Started process (PID=1450) to work on /opt/airflow/dags/exemplo_pools.py
[2024-07-28T02:37:54.729+0000] {processor.py:743} INFO - Processing file /opt/airflow/dags/exemplo_pools.py for tasks to queue
[2024-07-28T02:37:54.730+0000] {logging_mixin.py:137} INFO - [2024-07-28T02:37:54.730+0000] {dagbag.py:538} INFO - Filling up the DagBag from /opt/airflow/dags/exemplo_pools.py
[2024-07-28T02:37:54.739+0000] {processor.py:753} INFO - DAG(s) dict_keys(['exemplo_pools']) retrieved from /opt/airflow/dags/exemplo_pools.py
[2024-07-28T02:37:54.754+0000] {logging_mixin.py:137} INFO - [2024-07-28T02:37:54.754+0000] {dag.py:2690} INFO - Sync 1 DAGs
[2024-07-28T02:37:54.766+0000] {logging_mixin.py:137} INFO - [2024-07-28T02:37:54.766+0000] {dag.py:3441} INFO - Setting next_dagrun for exemplo_pools to None, run_after=None
[2024-07-28T02:37:54.777+0000] {processor.py:175} INFO - Processing /opt/airflow/dags/exemplo_pools.py took 0.051 seconds
[2024-07-28T02:38:00.890+0000] {processor.py:153} INFO - Started process (PID=1491) to work on /opt/airflow/dags/exemplo_pools.py
[2024-07-28T02:38:00.891+0000] {processor.py:743} INFO - Processing file /opt/airflow/dags/exemplo_pools.py for tasks to queue
[2024-07-28T02:38:00.891+0000] {logging_mixin.py:137} INFO - [2024-07-28T02:38:00.891+0000] {dagbag.py:538} INFO - Filling up the DagBag from /opt/airflow/dags/exemplo_pools.py
[2024-07-28T02:38:00.899+0000] {processor.py:753} INFO - DAG(s) dict_keys(['exemplo_pools']) retrieved from /opt/airflow/dags/exemplo_pools.py
[2024-07-28T02:38:00.914+0000] {logging_mixin.py:137} INFO - [2024-07-28T02:38:00.914+0000] {dag.py:2690} INFO - Sync 1 DAGs
[2024-07-28T02:38:00.930+0000] {logging_mixin.py:137} INFO - [2024-07-28T02:38:00.930+0000] {dag.py:3441} INFO - Setting next_dagrun for exemplo_pools to None, run_after=None
[2024-07-28T02:38:00.942+0000] {processor.py:175} INFO - Processing /opt/airflow/dags/exemplo_pools.py took 0.054 seconds
[2024-07-28T02:38:06.145+0000] {processor.py:153} INFO - Started process (PID=1516) to work on /opt/airflow/dags/exemplo_pools.py
[2024-07-28T02:38:06.145+0000] {processor.py:743} INFO - Processing file /opt/airflow/dags/exemplo_pools.py for tasks to queue
[2024-07-28T02:38:06.146+0000] {logging_mixin.py:137} INFO - [2024-07-28T02:38:06.145+0000] {dagbag.py:538} INFO - Filling up the DagBag from /opt/airflow/dags/exemplo_pools.py
[2024-07-28T02:38:06.153+0000] {processor.py:753} INFO - DAG(s) dict_keys(['exemplo_pools']) retrieved from /opt/airflow/dags/exemplo_pools.py
[2024-07-28T02:38:06.166+0000] {logging_mixin.py:137} INFO - [2024-07-28T02:38:06.166+0000] {dag.py:2690} INFO - Sync 1 DAGs
[2024-07-28T02:38:06.178+0000] {logging_mixin.py:137} INFO - [2024-07-28T02:38:06.178+0000] {dag.py:3441} INFO - Setting next_dagrun for exemplo_pools to None, run_after=None
[2024-07-28T02:38:06.187+0000] {processor.py:175} INFO - Processing /opt/airflow/dags/exemplo_pools.py took 0.044 seconds
[2024-07-28T02:38:12.305+0000] {processor.py:153} INFO - Started process (PID=1557) to work on /opt/airflow/dags/exemplo_pools.py
[2024-07-28T02:38:12.306+0000] {processor.py:743} INFO - Processing file /opt/airflow/dags/exemplo_pools.py for tasks to queue
[2024-07-28T02:38:12.306+0000] {logging_mixin.py:137} INFO - [2024-07-28T02:38:12.306+0000] {dagbag.py:538} INFO - Filling up the DagBag from /opt/airflow/dags/exemplo_pools.py
[2024-07-28T02:38:12.314+0000] {processor.py:753} INFO - DAG(s) dict_keys(['exemplo_pools']) retrieved from /opt/airflow/dags/exemplo_pools.py
[2024-07-28T02:38:12.330+0000] {logging_mixin.py:137} INFO - [2024-07-28T02:38:12.329+0000] {dag.py:2690} INFO - Sync 1 DAGs
[2024-07-28T02:38:12.343+0000] {logging_mixin.py:137} INFO - [2024-07-28T02:38:12.343+0000] {dag.py:3441} INFO - Setting next_dagrun for exemplo_pools to None, run_after=None
[2024-07-28T02:38:12.353+0000] {processor.py:175} INFO - Processing /opt/airflow/dags/exemplo_pools.py took 0.050 seconds
[2024-07-28T02:38:18.316+0000] {processor.py:153} INFO - Started process (PID=1582) to work on /opt/airflow/dags/exemplo_pools.py
[2024-07-28T02:38:18.317+0000] {processor.py:743} INFO - Processing file /opt/airflow/dags/exemplo_pools.py for tasks to queue
[2024-07-28T02:38:18.317+0000] {logging_mixin.py:137} INFO - [2024-07-28T02:38:18.317+0000] {dagbag.py:538} INFO - Filling up the DagBag from /opt/airflow/dags/exemplo_pools.py
[2024-07-28T02:38:18.325+0000] {processor.py:753} INFO - DAG(s) dict_keys(['exemplo_pools']) retrieved from /opt/airflow/dags/exemplo_pools.py
[2024-07-28T02:38:18.339+0000] {logging_mixin.py:137} INFO - [2024-07-28T02:38:18.338+0000] {dag.py:2690} INFO - Sync 1 DAGs
[2024-07-28T02:38:18.351+0000] {logging_mixin.py:137} INFO - [2024-07-28T02:38:18.351+0000] {dag.py:3441} INFO - Setting next_dagrun for exemplo_pools to None, run_after=None
[2024-07-28T02:38:18.360+0000] {processor.py:175} INFO - Processing /opt/airflow/dags/exemplo_pools.py took 0.046 seconds
[2024-07-28T02:38:24.352+0000] {processor.py:153} INFO - Started process (PID=1623) to work on /opt/airflow/dags/exemplo_pools.py
[2024-07-28T02:38:24.352+0000] {processor.py:743} INFO - Processing file /opt/airflow/dags/exemplo_pools.py for tasks to queue
[2024-07-28T02:38:24.353+0000] {logging_mixin.py:137} INFO - [2024-07-28T02:38:24.353+0000] {dagbag.py:538} INFO - Filling up the DagBag from /opt/airflow/dags/exemplo_pools.py
[2024-07-28T02:38:24.361+0000] {processor.py:753} INFO - DAG(s) dict_keys(['exemplo_pools']) retrieved from /opt/airflow/dags/exemplo_pools.py
[2024-07-28T02:38:24.376+0000] {logging_mixin.py:137} INFO - [2024-07-28T02:38:24.376+0000] {dag.py:2690} INFO - Sync 1 DAGs
[2024-07-28T02:38:24.390+0000] {logging_mixin.py:137} INFO - [2024-07-28T02:38:24.389+0000] {dag.py:3441} INFO - Setting next_dagrun for exemplo_pools to None, run_after=None
[2024-07-28T02:38:24.402+0000] {processor.py:175} INFO - Processing /opt/airflow/dags/exemplo_pools.py took 0.052 seconds
[2024-07-28T02:38:30.402+0000] {processor.py:153} INFO - Started process (PID=1648) to work on /opt/airflow/dags/exemplo_pools.py
[2024-07-28T02:38:30.403+0000] {processor.py:743} INFO - Processing file /opt/airflow/dags/exemplo_pools.py for tasks to queue
[2024-07-28T02:38:30.403+0000] {logging_mixin.py:137} INFO - [2024-07-28T02:38:30.403+0000] {dagbag.py:538} INFO - Filling up the DagBag from /opt/airflow/dags/exemplo_pools.py
[2024-07-28T02:38:30.412+0000] {processor.py:753} INFO - DAG(s) dict_keys(['exemplo_pools']) retrieved from /opt/airflow/dags/exemplo_pools.py
[2024-07-28T02:38:30.425+0000] {logging_mixin.py:137} INFO - [2024-07-28T02:38:30.425+0000] {dag.py:2690} INFO - Sync 1 DAGs
[2024-07-28T02:38:30.438+0000] {logging_mixin.py:137} INFO - [2024-07-28T02:38:30.437+0000] {dag.py:3441} INFO - Setting next_dagrun for exemplo_pools to None, run_after=None
[2024-07-28T02:38:30.446+0000] {processor.py:175} INFO - Processing /opt/airflow/dags/exemplo_pools.py took 0.046 seconds
[2024-07-28T02:38:36.429+0000] {processor.py:153} INFO - Started process (PID=1689) to work on /opt/airflow/dags/exemplo_pools.py
[2024-07-28T02:38:36.432+0000] {processor.py:743} INFO - Processing file /opt/airflow/dags/exemplo_pools.py for tasks to queue
[2024-07-28T02:38:36.433+0000] {logging_mixin.py:137} INFO - [2024-07-28T02:38:36.433+0000] {dagbag.py:538} INFO - Filling up the DagBag from /opt/airflow/dags/exemplo_pools.py
[2024-07-28T02:38:36.443+0000] {processor.py:753} INFO - DAG(s) dict_keys(['exemplo_pools']) retrieved from /opt/airflow/dags/exemplo_pools.py
[2024-07-28T02:38:36.456+0000] {logging_mixin.py:137} INFO - [2024-07-28T02:38:36.456+0000] {dag.py:2690} INFO - Sync 1 DAGs
[2024-07-28T02:38:36.470+0000] {logging_mixin.py:137} INFO - [2024-07-28T02:38:36.470+0000] {dag.py:3441} INFO - Setting next_dagrun for exemplo_pools to None, run_after=None
[2024-07-28T02:38:36.486+0000] {processor.py:175} INFO - Processing /opt/airflow/dags/exemplo_pools.py took 0.059 seconds
[2024-07-28T02:38:42.536+0000] {processor.py:153} INFO - Started process (PID=1714) to work on /opt/airflow/dags/exemplo_pools.py
[2024-07-28T02:38:42.538+0000] {processor.py:743} INFO - Processing file /opt/airflow/dags/exemplo_pools.py for tasks to queue
[2024-07-28T02:38:42.538+0000] {logging_mixin.py:137} INFO - [2024-07-28T02:38:42.538+0000] {dagbag.py:538} INFO - Filling up the DagBag from /opt/airflow/dags/exemplo_pools.py
[2024-07-28T02:38:42.550+0000] {processor.py:753} INFO - DAG(s) dict_keys(['exemplo_pools']) retrieved from /opt/airflow/dags/exemplo_pools.py
[2024-07-28T02:38:42.573+0000] {logging_mixin.py:137} INFO - [2024-07-28T02:38:42.573+0000] {dag.py:2690} INFO - Sync 1 DAGs
[2024-07-28T02:38:42.587+0000] {logging_mixin.py:137} INFO - [2024-07-28T02:38:42.587+0000] {dag.py:3441} INFO - Setting next_dagrun for exemplo_pools to None, run_after=None
[2024-07-28T02:38:42.600+0000] {processor.py:175} INFO - Processing /opt/airflow/dags/exemplo_pools.py took 0.097 seconds
[2024-07-28T02:38:47.704+0000] {processor.py:153} INFO - Started process (PID=1754) to work on /opt/airflow/dags/exemplo_pools.py
[2024-07-28T02:38:47.704+0000] {processor.py:743} INFO - Processing file /opt/airflow/dags/exemplo_pools.py for tasks to queue
[2024-07-28T02:38:47.705+0000] {logging_mixin.py:137} INFO - [2024-07-28T02:38:47.705+0000] {dagbag.py:538} INFO - Filling up the DagBag from /opt/airflow/dags/exemplo_pools.py
[2024-07-28T02:38:47.716+0000] {processor.py:753} INFO - DAG(s) dict_keys(['exemplo_pools']) retrieved from /opt/airflow/dags/exemplo_pools.py
[2024-07-28T02:38:47.731+0000] {logging_mixin.py:137} INFO - [2024-07-28T02:38:47.731+0000] {dag.py:2690} INFO - Sync 1 DAGs
[2024-07-28T02:38:47.743+0000] {logging_mixin.py:137} INFO - [2024-07-28T02:38:47.743+0000] {dag.py:3441} INFO - Setting next_dagrun for exemplo_pools to None, run_after=None
[2024-07-28T02:38:47.755+0000] {processor.py:175} INFO - Processing /opt/airflow/dags/exemplo_pools.py took 0.053 seconds
[2024-07-28T02:38:53.799+0000] {processor.py:153} INFO - Started process (PID=1780) to work on /opt/airflow/dags/exemplo_pools.py
[2024-07-28T02:38:53.799+0000] {processor.py:743} INFO - Processing file /opt/airflow/dags/exemplo_pools.py for tasks to queue
[2024-07-28T02:38:53.799+0000] {logging_mixin.py:137} INFO - [2024-07-28T02:38:53.799+0000] {dagbag.py:538} INFO - Filling up the DagBag from /opt/airflow/dags/exemplo_pools.py
[2024-07-28T02:38:53.807+0000] {processor.py:753} INFO - DAG(s) dict_keys(['exemplo_pools']) retrieved from /opt/airflow/dags/exemplo_pools.py
[2024-07-28T02:38:53.820+0000] {logging_mixin.py:137} INFO - [2024-07-28T02:38:53.820+0000] {dag.py:2690} INFO - Sync 1 DAGs
[2024-07-28T02:38:53.832+0000] {logging_mixin.py:137} INFO - [2024-07-28T02:38:53.832+0000] {dag.py:3441} INFO - Setting next_dagrun for exemplo_pools to None, run_after=None
[2024-07-28T02:38:53.841+0000] {processor.py:175} INFO - Processing /opt/airflow/dags/exemplo_pools.py took 0.044 seconds
[2024-07-28T02:38:59.767+0000] {processor.py:153} INFO - Started process (PID=1821) to work on /opt/airflow/dags/exemplo_pools.py
[2024-07-28T02:38:59.768+0000] {processor.py:743} INFO - Processing file /opt/airflow/dags/exemplo_pools.py for tasks to queue
[2024-07-28T02:38:59.768+0000] {logging_mixin.py:137} INFO - [2024-07-28T02:38:59.768+0000] {dagbag.py:538} INFO - Filling up the DagBag from /opt/airflow/dags/exemplo_pools.py
[2024-07-28T02:38:59.776+0000] {processor.py:753} INFO - DAG(s) dict_keys(['exemplo_pools']) retrieved from /opt/airflow/dags/exemplo_pools.py
[2024-07-28T02:38:59.788+0000] {logging_mixin.py:137} INFO - [2024-07-28T02:38:59.788+0000] {dag.py:2690} INFO - Sync 1 DAGs
[2024-07-28T02:38:59.801+0000] {logging_mixin.py:137} INFO - [2024-07-28T02:38:59.801+0000] {dag.py:3441} INFO - Setting next_dagrun for exemplo_pools to None, run_after=None
[2024-07-28T02:38:59.813+0000] {processor.py:175} INFO - Processing /opt/airflow/dags/exemplo_pools.py took 0.048 seconds
[2024-07-28T02:39:05.802+0000] {processor.py:153} INFO - Started process (PID=1846) to work on /opt/airflow/dags/exemplo_pools.py
[2024-07-28T02:39:05.803+0000] {processor.py:743} INFO - Processing file /opt/airflow/dags/exemplo_pools.py for tasks to queue
[2024-07-28T02:39:05.803+0000] {logging_mixin.py:137} INFO - [2024-07-28T02:39:05.803+0000] {dagbag.py:538} INFO - Filling up the DagBag from /opt/airflow/dags/exemplo_pools.py
[2024-07-28T02:39:05.811+0000] {processor.py:753} INFO - DAG(s) dict_keys(['exemplo_pools']) retrieved from /opt/airflow/dags/exemplo_pools.py
[2024-07-28T02:39:05.825+0000] {logging_mixin.py:137} INFO - [2024-07-28T02:39:05.825+0000] {dag.py:2690} INFO - Sync 1 DAGs
[2024-07-28T02:39:05.838+0000] {logging_mixin.py:137} INFO - [2024-07-28T02:39:05.838+0000] {dag.py:3441} INFO - Setting next_dagrun for exemplo_pools to None, run_after=None
[2024-07-28T02:39:05.847+0000] {processor.py:175} INFO - Processing /opt/airflow/dags/exemplo_pools.py took 0.046 seconds
[2024-07-28T02:39:11.947+0000] {processor.py:153} INFO - Started process (PID=1887) to work on /opt/airflow/dags/exemplo_pools.py
[2024-07-28T02:39:11.947+0000] {processor.py:743} INFO - Processing file /opt/airflow/dags/exemplo_pools.py for tasks to queue
[2024-07-28T02:39:11.947+0000] {logging_mixin.py:137} INFO - [2024-07-28T02:39:11.947+0000] {dagbag.py:538} INFO - Filling up the DagBag from /opt/airflow/dags/exemplo_pools.py
[2024-07-28T02:39:11.955+0000] {processor.py:753} INFO - DAG(s) dict_keys(['exemplo_pools']) retrieved from /opt/airflow/dags/exemplo_pools.py
[2024-07-28T02:39:11.969+0000] {logging_mixin.py:137} INFO - [2024-07-28T02:39:11.969+0000] {dag.py:2690} INFO - Sync 1 DAGs
[2024-07-28T02:39:11.980+0000] {logging_mixin.py:137} INFO - [2024-07-28T02:39:11.980+0000] {dag.py:3441} INFO - Setting next_dagrun for exemplo_pools to None, run_after=None
[2024-07-28T02:39:11.992+0000] {processor.py:175} INFO - Processing /opt/airflow/dags/exemplo_pools.py took 0.047 seconds
[2024-07-28T02:39:17.968+0000] {processor.py:153} INFO - Started process (PID=1912) to work on /opt/airflow/dags/exemplo_pools.py
[2024-07-28T02:39:17.969+0000] {processor.py:743} INFO - Processing file /opt/airflow/dags/exemplo_pools.py for tasks to queue
[2024-07-28T02:39:17.969+0000] {logging_mixin.py:137} INFO - [2024-07-28T02:39:17.969+0000] {dagbag.py:538} INFO - Filling up the DagBag from /opt/airflow/dags/exemplo_pools.py
[2024-07-28T02:39:17.977+0000] {processor.py:753} INFO - DAG(s) dict_keys(['exemplo_pools']) retrieved from /opt/airflow/dags/exemplo_pools.py
[2024-07-28T02:39:17.991+0000] {logging_mixin.py:137} INFO - [2024-07-28T02:39:17.990+0000] {dag.py:2690} INFO - Sync 1 DAGs
[2024-07-28T02:39:18.003+0000] {logging_mixin.py:137} INFO - [2024-07-28T02:39:18.003+0000] {dag.py:3441} INFO - Setting next_dagrun for exemplo_pools to None, run_after=None
[2024-07-28T02:39:18.015+0000] {processor.py:175} INFO - Processing /opt/airflow/dags/exemplo_pools.py took 0.049 seconds
[2024-07-28T02:39:23.963+0000] {processor.py:153} INFO - Started process (PID=1953) to work on /opt/airflow/dags/exemplo_pools.py
[2024-07-28T02:39:23.966+0000] {processor.py:743} INFO - Processing file /opt/airflow/dags/exemplo_pools.py for tasks to queue
[2024-07-28T02:39:23.968+0000] {logging_mixin.py:137} INFO - [2024-07-28T02:39:23.968+0000] {dagbag.py:538} INFO - Filling up the DagBag from /opt/airflow/dags/exemplo_pools.py
[2024-07-28T02:39:23.976+0000] {processor.py:753} INFO - DAG(s) dict_keys(['exemplo_pools']) retrieved from /opt/airflow/dags/exemplo_pools.py
[2024-07-28T02:39:23.989+0000] {logging_mixin.py:137} INFO - [2024-07-28T02:39:23.989+0000] {dag.py:2690} INFO - Sync 1 DAGs
[2024-07-28T02:39:24.002+0000] {logging_mixin.py:137} INFO - [2024-07-28T02:39:24.002+0000] {dag.py:3441} INFO - Setting next_dagrun for exemplo_pools to None, run_after=None
[2024-07-28T02:39:24.012+0000] {processor.py:175} INFO - Processing /opt/airflow/dags/exemplo_pools.py took 0.050 seconds
[2024-07-28T02:39:29.992+0000] {processor.py:153} INFO - Started process (PID=1978) to work on /opt/airflow/dags/exemplo_pools.py
[2024-07-28T02:39:29.993+0000] {processor.py:743} INFO - Processing file /opt/airflow/dags/exemplo_pools.py for tasks to queue
[2024-07-28T02:39:29.993+0000] {logging_mixin.py:137} INFO - [2024-07-28T02:39:29.993+0000] {dagbag.py:538} INFO - Filling up the DagBag from /opt/airflow/dags/exemplo_pools.py
[2024-07-28T02:39:30.001+0000] {processor.py:753} INFO - DAG(s) dict_keys(['exemplo_pools']) retrieved from /opt/airflow/dags/exemplo_pools.py
[2024-07-28T02:39:30.015+0000] {logging_mixin.py:137} INFO - [2024-07-28T02:39:30.015+0000] {dag.py:2690} INFO - Sync 1 DAGs
[2024-07-28T02:39:30.027+0000] {logging_mixin.py:137} INFO - [2024-07-28T02:39:30.027+0000] {dag.py:3441} INFO - Setting next_dagrun for exemplo_pools to None, run_after=None
[2024-07-28T02:39:30.036+0000] {processor.py:175} INFO - Processing /opt/airflow/dags/exemplo_pools.py took 0.046 seconds
[2024-07-28T02:39:35.991+0000] {processor.py:153} INFO - Started process (PID=2019) to work on /opt/airflow/dags/exemplo_pools.py
[2024-07-28T02:39:35.991+0000] {processor.py:743} INFO - Processing file /opt/airflow/dags/exemplo_pools.py for tasks to queue
[2024-07-28T02:39:35.991+0000] {logging_mixin.py:137} INFO - [2024-07-28T02:39:35.991+0000] {dagbag.py:538} INFO - Filling up the DagBag from /opt/airflow/dags/exemplo_pools.py
[2024-07-28T02:39:35.999+0000] {processor.py:753} INFO - DAG(s) dict_keys(['exemplo_pools']) retrieved from /opt/airflow/dags/exemplo_pools.py
[2024-07-28T02:39:36.013+0000] {logging_mixin.py:137} INFO - [2024-07-28T02:39:36.012+0000] {dag.py:2690} INFO - Sync 1 DAGs
[2024-07-28T02:39:36.025+0000] {logging_mixin.py:137} INFO - [2024-07-28T02:39:36.025+0000] {dag.py:3441} INFO - Setting next_dagrun for exemplo_pools to None, run_after=None
[2024-07-28T02:39:36.035+0000] {processor.py:175} INFO - Processing /opt/airflow/dags/exemplo_pools.py took 0.046 seconds
[2024-07-28T02:39:42.015+0000] {processor.py:153} INFO - Started process (PID=2053) to work on /opt/airflow/dags/exemplo_pools.py
[2024-07-28T02:39:42.016+0000] {processor.py:743} INFO - Processing file /opt/airflow/dags/exemplo_pools.py for tasks to queue
[2024-07-28T02:39:42.016+0000] {logging_mixin.py:137} INFO - [2024-07-28T02:39:42.016+0000] {dagbag.py:538} INFO - Filling up the DagBag from /opt/airflow/dags/exemplo_pools.py
[2024-07-28T02:39:42.024+0000] {processor.py:753} INFO - DAG(s) dict_keys(['exemplo_pools']) retrieved from /opt/airflow/dags/exemplo_pools.py
[2024-07-28T02:39:42.037+0000] {logging_mixin.py:137} INFO - [2024-07-28T02:39:42.037+0000] {dag.py:2690} INFO - Sync 1 DAGs
[2024-07-28T02:39:42.050+0000] {logging_mixin.py:137} INFO - [2024-07-28T02:39:42.050+0000] {dag.py:3441} INFO - Setting next_dagrun for exemplo_pools to None, run_after=None
[2024-07-28T02:39:42.059+0000] {processor.py:175} INFO - Processing /opt/airflow/dags/exemplo_pools.py took 0.046 seconds
[2024-07-28T02:39:48.151+0000] {processor.py:153} INFO - Started process (PID=2085) to work on /opt/airflow/dags/exemplo_pools.py
[2024-07-28T02:39:48.152+0000] {processor.py:743} INFO - Processing file /opt/airflow/dags/exemplo_pools.py for tasks to queue
[2024-07-28T02:39:48.152+0000] {logging_mixin.py:137} INFO - [2024-07-28T02:39:48.152+0000] {dagbag.py:538} INFO - Filling up the DagBag from /opt/airflow/dags/exemplo_pools.py
[2024-07-28T02:39:48.160+0000] {processor.py:753} INFO - DAG(s) dict_keys(['exemplo_pools']) retrieved from /opt/airflow/dags/exemplo_pools.py
[2024-07-28T02:39:48.175+0000] {logging_mixin.py:137} INFO - [2024-07-28T02:39:48.175+0000] {dag.py:2690} INFO - Sync 1 DAGs
[2024-07-28T02:39:48.189+0000] {logging_mixin.py:137} INFO - [2024-07-28T02:39:48.189+0000] {dag.py:3441} INFO - Setting next_dagrun for exemplo_pools to None, run_after=None
[2024-07-28T02:39:48.206+0000] {processor.py:175} INFO - Processing /opt/airflow/dags/exemplo_pools.py took 0.056 seconds
[2024-07-28T02:39:54.318+0000] {processor.py:153} INFO - Started process (PID=2126) to work on /opt/airflow/dags/exemplo_pools.py
[2024-07-28T02:39:54.319+0000] {processor.py:743} INFO - Processing file /opt/airflow/dags/exemplo_pools.py for tasks to queue
[2024-07-28T02:39:54.320+0000] {logging_mixin.py:137} INFO - [2024-07-28T02:39:54.320+0000] {dagbag.py:538} INFO - Filling up the DagBag from /opt/airflow/dags/exemplo_pools.py
[2024-07-28T02:39:54.330+0000] {processor.py:753} INFO - DAG(s) dict_keys(['exemplo_pools']) retrieved from /opt/airflow/dags/exemplo_pools.py
[2024-07-28T02:39:54.351+0000] {logging_mixin.py:137} INFO - [2024-07-28T02:39:54.350+0000] {dag.py:2690} INFO - Sync 1 DAGs
[2024-07-28T02:39:54.369+0000] {logging_mixin.py:137} INFO - [2024-07-28T02:39:54.368+0000] {dag.py:3441} INFO - Setting next_dagrun for exemplo_pools to None, run_after=None
[2024-07-28T02:39:54.386+0000] {processor.py:175} INFO - Processing /opt/airflow/dags/exemplo_pools.py took 0.070 seconds
[2024-07-28T02:40:00.430+0000] {processor.py:153} INFO - Started process (PID=2151) to work on /opt/airflow/dags/exemplo_pools.py
[2024-07-28T02:40:00.430+0000] {processor.py:743} INFO - Processing file /opt/airflow/dags/exemplo_pools.py for tasks to queue
[2024-07-28T02:40:00.431+0000] {logging_mixin.py:137} INFO - [2024-07-28T02:40:00.431+0000] {dagbag.py:538} INFO - Filling up the DagBag from /opt/airflow/dags/exemplo_pools.py
[2024-07-28T02:40:00.439+0000] {processor.py:753} INFO - DAG(s) dict_keys(['exemplo_pools']) retrieved from /opt/airflow/dags/exemplo_pools.py
[2024-07-28T02:40:00.453+0000] {logging_mixin.py:137} INFO - [2024-07-28T02:40:00.453+0000] {dag.py:2690} INFO - Sync 1 DAGs
[2024-07-28T02:40:00.467+0000] {logging_mixin.py:137} INFO - [2024-07-28T02:40:00.467+0000] {dag.py:3441} INFO - Setting next_dagrun for exemplo_pools to None, run_after=None
[2024-07-28T02:40:00.476+0000] {processor.py:175} INFO - Processing /opt/airflow/dags/exemplo_pools.py took 0.048 seconds
[2024-07-28T02:40:06.627+0000] {processor.py:153} INFO - Started process (PID=2191) to work on /opt/airflow/dags/exemplo_pools.py
[2024-07-28T02:40:06.628+0000] {processor.py:743} INFO - Processing file /opt/airflow/dags/exemplo_pools.py for tasks to queue
[2024-07-28T02:40:06.628+0000] {logging_mixin.py:137} INFO - [2024-07-28T02:40:06.628+0000] {dagbag.py:538} INFO - Filling up the DagBag from /opt/airflow/dags/exemplo_pools.py
[2024-07-28T02:40:06.637+0000] {processor.py:753} INFO - DAG(s) dict_keys(['exemplo_pools']) retrieved from /opt/airflow/dags/exemplo_pools.py
[2024-07-28T02:40:06.653+0000] {logging_mixin.py:137} INFO - [2024-07-28T02:40:06.653+0000] {dag.py:2690} INFO - Sync 1 DAGs
[2024-07-28T02:40:06.667+0000] {logging_mixin.py:137} INFO - [2024-07-28T02:40:06.667+0000] {dag.py:3441} INFO - Setting next_dagrun for exemplo_pools to None, run_after=None
[2024-07-28T02:40:06.677+0000] {processor.py:175} INFO - Processing /opt/airflow/dags/exemplo_pools.py took 0.051 seconds
[2024-07-28T02:40:12.829+0000] {processor.py:153} INFO - Started process (PID=2216) to work on /opt/airflow/dags/exemplo_pools.py
[2024-07-28T02:40:12.830+0000] {processor.py:743} INFO - Processing file /opt/airflow/dags/exemplo_pools.py for tasks to queue
[2024-07-28T02:40:12.831+0000] {logging_mixin.py:137} INFO - [2024-07-28T02:40:12.831+0000] {dagbag.py:538} INFO - Filling up the DagBag from /opt/airflow/dags/exemplo_pools.py
[2024-07-28T02:40:12.840+0000] {processor.py:753} INFO - DAG(s) dict_keys(['exemplo_pools']) retrieved from /opt/airflow/dags/exemplo_pools.py
[2024-07-28T02:40:12.855+0000] {logging_mixin.py:137} INFO - [2024-07-28T02:40:12.855+0000] {dag.py:2690} INFO - Sync 1 DAGs
[2024-07-28T02:40:12.872+0000] {logging_mixin.py:137} INFO - [2024-07-28T02:40:12.872+0000] {dag.py:3441} INFO - Setting next_dagrun for exemplo_pools to None, run_after=None
[2024-07-28T02:40:12.885+0000] {processor.py:175} INFO - Processing /opt/airflow/dags/exemplo_pools.py took 0.058 seconds
[2024-07-28T02:40:18.898+0000] {processor.py:153} INFO - Started process (PID=2257) to work on /opt/airflow/dags/exemplo_pools.py
[2024-07-28T02:40:18.899+0000] {processor.py:743} INFO - Processing file /opt/airflow/dags/exemplo_pools.py for tasks to queue
[2024-07-28T02:40:18.900+0000] {logging_mixin.py:137} INFO - [2024-07-28T02:40:18.900+0000] {dagbag.py:538} INFO - Filling up the DagBag from /opt/airflow/dags/exemplo_pools.py
[2024-07-28T02:40:18.908+0000] {processor.py:753} INFO - DAG(s) dict_keys(['exemplo_pools']) retrieved from /opt/airflow/dags/exemplo_pools.py
[2024-07-28T02:40:18.922+0000] {logging_mixin.py:137} INFO - [2024-07-28T02:40:18.922+0000] {dag.py:2690} INFO - Sync 1 DAGs
[2024-07-28T02:40:18.936+0000] {logging_mixin.py:137} INFO - [2024-07-28T02:40:18.936+0000] {dag.py:3441} INFO - Setting next_dagrun for exemplo_pools to None, run_after=None
[2024-07-28T02:40:18.947+0000] {processor.py:175} INFO - Processing /opt/airflow/dags/exemplo_pools.py took 0.051 seconds
[2024-07-28T02:40:25.038+0000] {processor.py:153} INFO - Started process (PID=2282) to work on /opt/airflow/dags/exemplo_pools.py
[2024-07-28T02:40:25.039+0000] {processor.py:743} INFO - Processing file /opt/airflow/dags/exemplo_pools.py for tasks to queue
[2024-07-28T02:40:25.039+0000] {logging_mixin.py:137} INFO - [2024-07-28T02:40:25.039+0000] {dagbag.py:538} INFO - Filling up the DagBag from /opt/airflow/dags/exemplo_pools.py
[2024-07-28T02:40:25.048+0000] {processor.py:753} INFO - DAG(s) dict_keys(['exemplo_pools']) retrieved from /opt/airflow/dags/exemplo_pools.py
[2024-07-28T02:40:25.062+0000] {logging_mixin.py:137} INFO - [2024-07-28T02:40:25.062+0000] {dag.py:2690} INFO - Sync 1 DAGs
[2024-07-28T02:40:25.074+0000] {logging_mixin.py:137} INFO - [2024-07-28T02:40:25.074+0000] {dag.py:3441} INFO - Setting next_dagrun for exemplo_pools to None, run_after=None
[2024-07-28T02:40:25.083+0000] {processor.py:175} INFO - Processing /opt/airflow/dags/exemplo_pools.py took 0.047 seconds
[2024-07-28T02:40:31.056+0000] {processor.py:153} INFO - Started process (PID=2323) to work on /opt/airflow/dags/exemplo_pools.py
[2024-07-28T02:40:31.056+0000] {processor.py:743} INFO - Processing file /opt/airflow/dags/exemplo_pools.py for tasks to queue
[2024-07-28T02:40:31.057+0000] {logging_mixin.py:137} INFO - [2024-07-28T02:40:31.057+0000] {dagbag.py:538} INFO - Filling up the DagBag from /opt/airflow/dags/exemplo_pools.py
[2024-07-28T02:40:31.065+0000] {processor.py:753} INFO - DAG(s) dict_keys(['exemplo_pools']) retrieved from /opt/airflow/dags/exemplo_pools.py
[2024-07-28T02:40:31.080+0000] {logging_mixin.py:137} INFO - [2024-07-28T02:40:31.080+0000] {dag.py:2690} INFO - Sync 1 DAGs
[2024-07-28T02:40:31.096+0000] {logging_mixin.py:137} INFO - [2024-07-28T02:40:31.096+0000] {dag.py:3441} INFO - Setting next_dagrun for exemplo_pools to None, run_after=None
[2024-07-28T02:40:31.109+0000] {processor.py:175} INFO - Processing /opt/airflow/dags/exemplo_pools.py took 0.056 seconds
[2024-07-28T02:40:37.202+0000] {processor.py:153} INFO - Started process (PID=2348) to work on /opt/airflow/dags/exemplo_pools.py
[2024-07-28T02:40:37.203+0000] {processor.py:743} INFO - Processing file /opt/airflow/dags/exemplo_pools.py for tasks to queue
[2024-07-28T02:40:37.203+0000] {logging_mixin.py:137} INFO - [2024-07-28T02:40:37.203+0000] {dagbag.py:538} INFO - Filling up the DagBag from /opt/airflow/dags/exemplo_pools.py
[2024-07-28T02:40:37.211+0000] {processor.py:753} INFO - DAG(s) dict_keys(['exemplo_pools']) retrieved from /opt/airflow/dags/exemplo_pools.py
[2024-07-28T02:40:37.233+0000] {logging_mixin.py:137} INFO - [2024-07-28T02:40:37.233+0000] {dag.py:2690} INFO - Sync 1 DAGs
[2024-07-28T02:40:37.246+0000] {logging_mixin.py:137} INFO - [2024-07-28T02:40:37.246+0000] {dag.py:3441} INFO - Setting next_dagrun for exemplo_pools to None, run_after=None
[2024-07-28T02:40:37.259+0000] {processor.py:175} INFO - Processing /opt/airflow/dags/exemplo_pools.py took 0.059 seconds
[2024-07-28T02:40:43.228+0000] {processor.py:153} INFO - Started process (PID=2388) to work on /opt/airflow/dags/exemplo_pools.py
[2024-07-28T02:40:43.228+0000] {processor.py:743} INFO - Processing file /opt/airflow/dags/exemplo_pools.py for tasks to queue
[2024-07-28T02:40:43.229+0000] {logging_mixin.py:137} INFO - [2024-07-28T02:40:43.229+0000] {dagbag.py:538} INFO - Filling up the DagBag from /opt/airflow/dags/exemplo_pools.py
[2024-07-28T02:40:43.238+0000] {processor.py:753} INFO - DAG(s) dict_keys(['exemplo_pools']) retrieved from /opt/airflow/dags/exemplo_pools.py
[2024-07-28T02:40:43.253+0000] {logging_mixin.py:137} INFO - [2024-07-28T02:40:43.253+0000] {dag.py:2690} INFO - Sync 1 DAGs
[2024-07-28T02:40:43.268+0000] {logging_mixin.py:137} INFO - [2024-07-28T02:40:43.268+0000] {dag.py:3441} INFO - Setting next_dagrun for exemplo_pools to None, run_after=None
[2024-07-28T02:40:43.284+0000] {processor.py:175} INFO - Processing /opt/airflow/dags/exemplo_pools.py took 0.059 seconds
[2024-07-28T02:40:49.313+0000] {processor.py:153} INFO - Started process (PID=2413) to work on /opt/airflow/dags/exemplo_pools.py
[2024-07-28T02:40:49.313+0000] {processor.py:743} INFO - Processing file /opt/airflow/dags/exemplo_pools.py for tasks to queue
[2024-07-28T02:40:49.314+0000] {logging_mixin.py:137} INFO - [2024-07-28T02:40:49.314+0000] {dagbag.py:538} INFO - Filling up the DagBag from /opt/airflow/dags/exemplo_pools.py
[2024-07-28T02:40:49.322+0000] {processor.py:753} INFO - DAG(s) dict_keys(['exemplo_pools']) retrieved from /opt/airflow/dags/exemplo_pools.py
[2024-07-28T02:40:49.334+0000] {logging_mixin.py:137} INFO - [2024-07-28T02:40:49.334+0000] {dag.py:2690} INFO - Sync 1 DAGs
[2024-07-28T02:40:49.346+0000] {logging_mixin.py:137} INFO - [2024-07-28T02:40:49.346+0000] {dag.py:3441} INFO - Setting next_dagrun for exemplo_pools to None, run_after=None
[2024-07-28T02:40:49.356+0000] {processor.py:175} INFO - Processing /opt/airflow/dags/exemplo_pools.py took 0.044 seconds
[2024-07-28T02:40:55.388+0000] {processor.py:153} INFO - Started process (PID=2454) to work on /opt/airflow/dags/exemplo_pools.py
[2024-07-28T02:40:55.388+0000] {processor.py:743} INFO - Processing file /opt/airflow/dags/exemplo_pools.py for tasks to queue
[2024-07-28T02:40:55.389+0000] {logging_mixin.py:137} INFO - [2024-07-28T02:40:55.389+0000] {dagbag.py:538} INFO - Filling up the DagBag from /opt/airflow/dags/exemplo_pools.py
[2024-07-28T02:40:55.397+0000] {processor.py:753} INFO - DAG(s) dict_keys(['exemplo_pools']) retrieved from /opt/airflow/dags/exemplo_pools.py
[2024-07-28T02:40:55.411+0000] {logging_mixin.py:137} INFO - [2024-07-28T02:40:55.411+0000] {dag.py:2690} INFO - Sync 1 DAGs
[2024-07-28T02:40:55.423+0000] {logging_mixin.py:137} INFO - [2024-07-28T02:40:55.423+0000] {dag.py:3441} INFO - Setting next_dagrun for exemplo_pools to None, run_after=None
[2024-07-28T02:40:55.431+0000] {processor.py:175} INFO - Processing /opt/airflow/dags/exemplo_pools.py took 0.045 seconds
[2024-07-28T02:41:01.443+0000] {processor.py:153} INFO - Started process (PID=2488) to work on /opt/airflow/dags/exemplo_pools.py
[2024-07-28T02:41:01.444+0000] {processor.py:743} INFO - Processing file /opt/airflow/dags/exemplo_pools.py for tasks to queue
[2024-07-28T02:41:01.444+0000] {logging_mixin.py:137} INFO - [2024-07-28T02:41:01.444+0000] {dagbag.py:538} INFO - Filling up the DagBag from /opt/airflow/dags/exemplo_pools.py
[2024-07-28T02:41:01.452+0000] {processor.py:753} INFO - DAG(s) dict_keys(['exemplo_pools']) retrieved from /opt/airflow/dags/exemplo_pools.py
[2024-07-28T02:41:01.464+0000] {logging_mixin.py:137} INFO - [2024-07-28T02:41:01.464+0000] {dag.py:2690} INFO - Sync 1 DAGs
[2024-07-28T02:41:01.477+0000] {logging_mixin.py:137} INFO - [2024-07-28T02:41:01.477+0000] {dag.py:3441} INFO - Setting next_dagrun for exemplo_pools to None, run_after=None
[2024-07-28T02:41:01.487+0000] {processor.py:175} INFO - Processing /opt/airflow/dags/exemplo_pools.py took 0.045 seconds
[2024-07-28T02:41:06.605+0000] {processor.py:153} INFO - Started process (PID=2518) to work on /opt/airflow/dags/exemplo_pools.py
[2024-07-28T02:41:06.605+0000] {processor.py:743} INFO - Processing file /opt/airflow/dags/exemplo_pools.py for tasks to queue
[2024-07-28T02:41:06.606+0000] {logging_mixin.py:137} INFO - [2024-07-28T02:41:06.605+0000] {dagbag.py:538} INFO - Filling up the DagBag from /opt/airflow/dags/exemplo_pools.py
[2024-07-28T02:41:06.615+0000] {processor.py:753} INFO - DAG(s) dict_keys(['exemplo_pools']) retrieved from /opt/airflow/dags/exemplo_pools.py
[2024-07-28T02:41:06.632+0000] {logging_mixin.py:137} INFO - [2024-07-28T02:41:06.632+0000] {dag.py:2690} INFO - Sync 1 DAGs
[2024-07-28T02:41:06.645+0000] {logging_mixin.py:137} INFO - [2024-07-28T02:41:06.645+0000] {dag.py:3441} INFO - Setting next_dagrun for exemplo_pools to None, run_after=None
[2024-07-28T02:41:06.658+0000] {processor.py:175} INFO - Processing /opt/airflow/dags/exemplo_pools.py took 0.055 seconds
[2024-07-28T02:41:11.852+0000] {processor.py:153} INFO - Started process (PID=2543) to work on /opt/airflow/dags/exemplo_pools.py
[2024-07-28T02:41:11.855+0000] {processor.py:743} INFO - Processing file /opt/airflow/dags/exemplo_pools.py for tasks to queue
[2024-07-28T02:41:11.856+0000] {logging_mixin.py:137} INFO - [2024-07-28T02:41:11.856+0000] {dagbag.py:538} INFO - Filling up the DagBag from /opt/airflow/dags/exemplo_pools.py
[2024-07-28T02:41:11.866+0000] {processor.py:753} INFO - DAG(s) dict_keys(['exemplo_pools']) retrieved from /opt/airflow/dags/exemplo_pools.py
[2024-07-28T02:41:11.882+0000] {logging_mixin.py:137} INFO - [2024-07-28T02:41:11.882+0000] {dag.py:2690} INFO - Sync 1 DAGs
[2024-07-28T02:41:11.894+0000] {logging_mixin.py:137} INFO - [2024-07-28T02:41:11.894+0000] {dag.py:3441} INFO - Setting next_dagrun for exemplo_pools to None, run_after=None
[2024-07-28T02:41:11.905+0000] {processor.py:175} INFO - Processing /opt/airflow/dags/exemplo_pools.py took 0.054 seconds
[2024-07-28T02:41:17.940+0000] {processor.py:153} INFO - Started process (PID=2586) to work on /opt/airflow/dags/exemplo_pools.py
[2024-07-28T02:41:17.941+0000] {processor.py:743} INFO - Processing file /opt/airflow/dags/exemplo_pools.py for tasks to queue
[2024-07-28T02:41:17.942+0000] {logging_mixin.py:137} INFO - [2024-07-28T02:41:17.941+0000] {dagbag.py:538} INFO - Filling up the DagBag from /opt/airflow/dags/exemplo_pools.py
[2024-07-28T02:41:17.952+0000] {processor.py:753} INFO - DAG(s) dict_keys(['exemplo_pools']) retrieved from /opt/airflow/dags/exemplo_pools.py
[2024-07-28T02:41:17.967+0000] {logging_mixin.py:137} INFO - [2024-07-28T02:41:17.967+0000] {dag.py:2690} INFO - Sync 1 DAGs
[2024-07-28T02:41:17.981+0000] {logging_mixin.py:137} INFO - [2024-07-28T02:41:17.981+0000] {dag.py:3441} INFO - Setting next_dagrun for exemplo_pools to None, run_after=None
[2024-07-28T02:41:17.993+0000] {processor.py:175} INFO - Processing /opt/airflow/dags/exemplo_pools.py took 0.055 seconds
[2024-07-28T02:41:23.945+0000] {processor.py:153} INFO - Started process (PID=2620) to work on /opt/airflow/dags/exemplo_pools.py
[2024-07-28T02:41:23.945+0000] {processor.py:743} INFO - Processing file /opt/airflow/dags/exemplo_pools.py for tasks to queue
[2024-07-28T02:41:23.946+0000] {logging_mixin.py:137} INFO - [2024-07-28T02:41:23.946+0000] {dagbag.py:538} INFO - Filling up the DagBag from /opt/airflow/dags/exemplo_pools.py
[2024-07-28T02:41:23.954+0000] {processor.py:753} INFO - DAG(s) dict_keys(['exemplo_pools']) retrieved from /opt/airflow/dags/exemplo_pools.py
[2024-07-28T02:41:23.967+0000] {logging_mixin.py:137} INFO - [2024-07-28T02:41:23.967+0000] {dag.py:2690} INFO - Sync 1 DAGs
[2024-07-28T02:41:23.980+0000] {logging_mixin.py:137} INFO - [2024-07-28T02:41:23.980+0000] {dag.py:3441} INFO - Setting next_dagrun for exemplo_pools to None, run_after=None
[2024-07-28T02:41:23.991+0000] {processor.py:175} INFO - Processing /opt/airflow/dags/exemplo_pools.py took 0.048 seconds
[2024-07-28T02:41:30.102+0000] {processor.py:153} INFO - Started process (PID=2652) to work on /opt/airflow/dags/exemplo_pools.py
[2024-07-28T02:41:30.102+0000] {processor.py:743} INFO - Processing file /opt/airflow/dags/exemplo_pools.py for tasks to queue
[2024-07-28T02:41:30.103+0000] {logging_mixin.py:137} INFO - [2024-07-28T02:41:30.103+0000] {dagbag.py:538} INFO - Filling up the DagBag from /opt/airflow/dags/exemplo_pools.py
[2024-07-28T02:41:30.111+0000] {processor.py:753} INFO - DAG(s) dict_keys(['exemplo_pools']) retrieved from /opt/airflow/dags/exemplo_pools.py
[2024-07-28T02:41:30.125+0000] {logging_mixin.py:137} INFO - [2024-07-28T02:41:30.125+0000] {dag.py:2690} INFO - Sync 1 DAGs
[2024-07-28T02:41:30.142+0000] {logging_mixin.py:137} INFO - [2024-07-28T02:41:30.141+0000] {dag.py:3441} INFO - Setting next_dagrun for exemplo_pools to None, run_after=None
[2024-07-28T02:41:30.153+0000] {processor.py:175} INFO - Processing /opt/airflow/dags/exemplo_pools.py took 0.054 seconds
[2024-07-28T02:41:36.203+0000] {processor.py:153} INFO - Started process (PID=2693) to work on /opt/airflow/dags/exemplo_pools.py
[2024-07-28T02:41:36.204+0000] {processor.py:743} INFO - Processing file /opt/airflow/dags/exemplo_pools.py for tasks to queue
[2024-07-28T02:41:36.204+0000] {logging_mixin.py:137} INFO - [2024-07-28T02:41:36.204+0000] {dagbag.py:538} INFO - Filling up the DagBag from /opt/airflow/dags/exemplo_pools.py
[2024-07-28T02:41:36.213+0000] {processor.py:753} INFO - DAG(s) dict_keys(['exemplo_pools']) retrieved from /opt/airflow/dags/exemplo_pools.py
[2024-07-28T02:41:36.226+0000] {logging_mixin.py:137} INFO - [2024-07-28T02:41:36.226+0000] {dag.py:2690} INFO - Sync 1 DAGs
[2024-07-28T02:41:36.238+0000] {logging_mixin.py:137} INFO - [2024-07-28T02:41:36.238+0000] {dag.py:3441} INFO - Setting next_dagrun for exemplo_pools to None, run_after=None
[2024-07-28T02:41:36.247+0000] {processor.py:175} INFO - Processing /opt/airflow/dags/exemplo_pools.py took 0.046 seconds
[2024-07-28T02:41:42.265+0000] {processor.py:153} INFO - Started process (PID=2718) to work on /opt/airflow/dags/exemplo_pools.py
[2024-07-28T02:41:42.266+0000] {processor.py:743} INFO - Processing file /opt/airflow/dags/exemplo_pools.py for tasks to queue
[2024-07-28T02:41:42.266+0000] {logging_mixin.py:137} INFO - [2024-07-28T02:41:42.266+0000] {dagbag.py:538} INFO - Filling up the DagBag from /opt/airflow/dags/exemplo_pools.py
[2024-07-28T02:41:42.274+0000] {processor.py:753} INFO - DAG(s) dict_keys(['exemplo_pools']) retrieved from /opt/airflow/dags/exemplo_pools.py
[2024-07-28T02:41:42.287+0000] {logging_mixin.py:137} INFO - [2024-07-28T02:41:42.287+0000] {dag.py:2690} INFO - Sync 1 DAGs
[2024-07-28T02:41:42.299+0000] {logging_mixin.py:137} INFO - [2024-07-28T02:41:42.299+0000] {dag.py:3441} INFO - Setting next_dagrun for exemplo_pools to None, run_after=None
[2024-07-28T02:41:42.308+0000] {processor.py:175} INFO - Processing /opt/airflow/dags/exemplo_pools.py took 0.045 seconds
[2024-07-28T02:41:48.273+0000] {processor.py:153} INFO - Started process (PID=2759) to work on /opt/airflow/dags/exemplo_pools.py
[2024-07-28T02:41:48.276+0000] {processor.py:743} INFO - Processing file /opt/airflow/dags/exemplo_pools.py for tasks to queue
[2024-07-28T02:41:48.277+0000] {logging_mixin.py:137} INFO - [2024-07-28T02:41:48.276+0000] {dagbag.py:538} INFO - Filling up the DagBag from /opt/airflow/dags/exemplo_pools.py
[2024-07-28T02:41:48.290+0000] {processor.py:753} INFO - DAG(s) dict_keys(['exemplo_pools']) retrieved from /opt/airflow/dags/exemplo_pools.py
[2024-07-28T02:41:48.303+0000] {logging_mixin.py:137} INFO - [2024-07-28T02:41:48.303+0000] {dag.py:2690} INFO - Sync 1 DAGs
[2024-07-28T02:41:48.315+0000] {logging_mixin.py:137} INFO - [2024-07-28T02:41:48.315+0000] {dag.py:3441} INFO - Setting next_dagrun for exemplo_pools to None, run_after=None
[2024-07-28T02:41:48.326+0000] {processor.py:175} INFO - Processing /opt/airflow/dags/exemplo_pools.py took 0.055 seconds
[2024-07-28T02:41:54.344+0000] {processor.py:153} INFO - Started process (PID=2784) to work on /opt/airflow/dags/exemplo_pools.py
[2024-07-28T02:41:54.345+0000] {processor.py:743} INFO - Processing file /opt/airflow/dags/exemplo_pools.py for tasks to queue
[2024-07-28T02:41:54.345+0000] {logging_mixin.py:137} INFO - [2024-07-28T02:41:54.345+0000] {dagbag.py:538} INFO - Filling up the DagBag from /opt/airflow/dags/exemplo_pools.py
[2024-07-28T02:41:54.353+0000] {processor.py:753} INFO - DAG(s) dict_keys(['exemplo_pools']) retrieved from /opt/airflow/dags/exemplo_pools.py
[2024-07-28T02:41:54.368+0000] {logging_mixin.py:137} INFO - [2024-07-28T02:41:54.367+0000] {dag.py:2690} INFO - Sync 1 DAGs
[2024-07-28T02:41:54.383+0000] {logging_mixin.py:137} INFO - [2024-07-28T02:41:54.383+0000] {dag.py:3441} INFO - Setting next_dagrun for exemplo_pools to None, run_after=None
[2024-07-28T02:41:54.395+0000] {processor.py:175} INFO - Processing /opt/airflow/dags/exemplo_pools.py took 0.053 seconds
[2024-07-28T02:42:00.330+0000] {processor.py:153} INFO - Started process (PID=2825) to work on /opt/airflow/dags/exemplo_pools.py
[2024-07-28T02:42:00.331+0000] {processor.py:743} INFO - Processing file /opt/airflow/dags/exemplo_pools.py for tasks to queue
[2024-07-28T02:42:00.331+0000] {logging_mixin.py:137} INFO - [2024-07-28T02:42:00.331+0000] {dagbag.py:538} INFO - Filling up the DagBag from /opt/airflow/dags/exemplo_pools.py
[2024-07-28T02:42:00.340+0000] {processor.py:753} INFO - DAG(s) dict_keys(['exemplo_pools']) retrieved from /opt/airflow/dags/exemplo_pools.py
[2024-07-28T02:42:00.353+0000] {logging_mixin.py:137} INFO - [2024-07-28T02:42:00.353+0000] {dag.py:2690} INFO - Sync 1 DAGs
[2024-07-28T02:42:00.365+0000] {logging_mixin.py:137} INFO - [2024-07-28T02:42:00.365+0000] {dag.py:3441} INFO - Setting next_dagrun for exemplo_pools to None, run_after=None
[2024-07-28T02:42:00.374+0000] {processor.py:175} INFO - Processing /opt/airflow/dags/exemplo_pools.py took 0.045 seconds
[2024-07-28T02:42:06.423+0000] {processor.py:153} INFO - Started process (PID=2850) to work on /opt/airflow/dags/exemplo_pools.py
[2024-07-28T02:42:06.424+0000] {processor.py:743} INFO - Processing file /opt/airflow/dags/exemplo_pools.py for tasks to queue
[2024-07-28T02:42:06.424+0000] {logging_mixin.py:137} INFO - [2024-07-28T02:42:06.424+0000] {dagbag.py:538} INFO - Filling up the DagBag from /opt/airflow/dags/exemplo_pools.py
[2024-07-28T02:42:06.436+0000] {processor.py:753} INFO - DAG(s) dict_keys(['exemplo_pools']) retrieved from /opt/airflow/dags/exemplo_pools.py
[2024-07-28T02:42:06.454+0000] {logging_mixin.py:137} INFO - [2024-07-28T02:42:06.454+0000] {dag.py:2690} INFO - Sync 1 DAGs
[2024-07-28T02:42:06.476+0000] {logging_mixin.py:137} INFO - [2024-07-28T02:42:06.476+0000] {dag.py:3441} INFO - Setting next_dagrun for exemplo_pools to None, run_after=None
[2024-07-28T02:42:06.492+0000] {processor.py:175} INFO - Processing /opt/airflow/dags/exemplo_pools.py took 0.071 seconds
[2024-07-28T02:42:12.492+0000] {processor.py:153} INFO - Started process (PID=2890) to work on /opt/airflow/dags/exemplo_pools.py
[2024-07-28T02:42:12.493+0000] {processor.py:743} INFO - Processing file /opt/airflow/dags/exemplo_pools.py for tasks to queue
[2024-07-28T02:42:12.493+0000] {logging_mixin.py:137} INFO - [2024-07-28T02:42:12.493+0000] {dagbag.py:538} INFO - Filling up the DagBag from /opt/airflow/dags/exemplo_pools.py
[2024-07-28T02:42:12.502+0000] {processor.py:753} INFO - DAG(s) dict_keys(['exemplo_pools']) retrieved from /opt/airflow/dags/exemplo_pools.py
[2024-07-28T02:42:12.515+0000] {logging_mixin.py:137} INFO - [2024-07-28T02:42:12.515+0000] {dag.py:2690} INFO - Sync 1 DAGs
[2024-07-28T02:42:12.527+0000] {logging_mixin.py:137} INFO - [2024-07-28T02:42:12.526+0000] {dag.py:3441} INFO - Setting next_dagrun for exemplo_pools to None, run_after=None
[2024-07-28T02:42:12.535+0000] {processor.py:175} INFO - Processing /opt/airflow/dags/exemplo_pools.py took 0.045 seconds
[2024-07-28T02:42:18.557+0000] {processor.py:153} INFO - Started process (PID=2915) to work on /opt/airflow/dags/exemplo_pools.py
[2024-07-28T02:42:18.561+0000] {processor.py:743} INFO - Processing file /opt/airflow/dags/exemplo_pools.py for tasks to queue
[2024-07-28T02:42:18.562+0000] {logging_mixin.py:137} INFO - [2024-07-28T02:42:18.562+0000] {dagbag.py:538} INFO - Filling up the DagBag from /opt/airflow/dags/exemplo_pools.py
[2024-07-28T02:42:18.571+0000] {processor.py:753} INFO - DAG(s) dict_keys(['exemplo_pools']) retrieved from /opt/airflow/dags/exemplo_pools.py
[2024-07-28T02:42:18.586+0000] {logging_mixin.py:137} INFO - [2024-07-28T02:42:18.586+0000] {dag.py:2690} INFO - Sync 1 DAGs
[2024-07-28T02:42:18.602+0000] {logging_mixin.py:137} INFO - [2024-07-28T02:42:18.602+0000] {dag.py:3441} INFO - Setting next_dagrun for exemplo_pools to None, run_after=None
[2024-07-28T02:42:18.615+0000] {processor.py:175} INFO - Processing /opt/airflow/dags/exemplo_pools.py took 0.060 seconds
[2024-07-28T02:42:24.504+0000] {processor.py:153} INFO - Started process (PID=2956) to work on /opt/airflow/dags/exemplo_pools.py
[2024-07-28T02:42:24.505+0000] {processor.py:743} INFO - Processing file /opt/airflow/dags/exemplo_pools.py for tasks to queue
[2024-07-28T02:42:24.505+0000] {logging_mixin.py:137} INFO - [2024-07-28T02:42:24.505+0000] {dagbag.py:538} INFO - Filling up the DagBag from /opt/airflow/dags/exemplo_pools.py
[2024-07-28T02:42:24.513+0000] {processor.py:753} INFO - DAG(s) dict_keys(['exemplo_pools']) retrieved from /opt/airflow/dags/exemplo_pools.py
[2024-07-28T02:42:24.527+0000] {logging_mixin.py:137} INFO - [2024-07-28T02:42:24.527+0000] {dag.py:2690} INFO - Sync 1 DAGs
[2024-07-28T02:42:24.542+0000] {logging_mixin.py:137} INFO - [2024-07-28T02:42:24.541+0000] {dag.py:3441} INFO - Setting next_dagrun for exemplo_pools to None, run_after=None
[2024-07-28T02:42:24.553+0000] {processor.py:175} INFO - Processing /opt/airflow/dags/exemplo_pools.py took 0.051 seconds
[2024-07-28T02:42:30.489+0000] {processor.py:153} INFO - Started process (PID=2981) to work on /opt/airflow/dags/exemplo_pools.py
[2024-07-28T02:42:30.489+0000] {processor.py:743} INFO - Processing file /opt/airflow/dags/exemplo_pools.py for tasks to queue
[2024-07-28T02:42:30.490+0000] {logging_mixin.py:137} INFO - [2024-07-28T02:42:30.490+0000] {dagbag.py:538} INFO - Filling up the DagBag from /opt/airflow/dags/exemplo_pools.py
[2024-07-28T02:42:30.497+0000] {processor.py:753} INFO - DAG(s) dict_keys(['exemplo_pools']) retrieved from /opt/airflow/dags/exemplo_pools.py
[2024-07-28T02:42:30.512+0000] {logging_mixin.py:137} INFO - [2024-07-28T02:42:30.512+0000] {dag.py:2690} INFO - Sync 1 DAGs
[2024-07-28T02:42:30.524+0000] {logging_mixin.py:137} INFO - [2024-07-28T02:42:30.524+0000] {dag.py:3441} INFO - Setting next_dagrun for exemplo_pools to None, run_after=None
[2024-07-28T02:42:30.537+0000] {processor.py:175} INFO - Processing /opt/airflow/dags/exemplo_pools.py took 0.050 seconds
[2024-07-28T02:42:36.507+0000] {processor.py:153} INFO - Started process (PID=3021) to work on /opt/airflow/dags/exemplo_pools.py
[2024-07-28T02:42:36.507+0000] {processor.py:743} INFO - Processing file /opt/airflow/dags/exemplo_pools.py for tasks to queue
[2024-07-28T02:42:36.508+0000] {logging_mixin.py:137} INFO - [2024-07-28T02:42:36.508+0000] {dagbag.py:538} INFO - Filling up the DagBag from /opt/airflow/dags/exemplo_pools.py
[2024-07-28T02:42:36.516+0000] {processor.py:753} INFO - DAG(s) dict_keys(['exemplo_pools']) retrieved from /opt/airflow/dags/exemplo_pools.py
[2024-07-28T02:42:36.531+0000] {logging_mixin.py:137} INFO - [2024-07-28T02:42:36.531+0000] {dag.py:2690} INFO - Sync 1 DAGs
[2024-07-28T02:42:36.545+0000] {logging_mixin.py:137} INFO - [2024-07-28T02:42:36.545+0000] {dag.py:3441} INFO - Setting next_dagrun for exemplo_pools to None, run_after=None
[2024-07-28T02:42:36.555+0000] {processor.py:175} INFO - Processing /opt/airflow/dags/exemplo_pools.py took 0.050 seconds
[2024-07-28T02:42:42.490+0000] {processor.py:153} INFO - Started process (PID=3053) to work on /opt/airflow/dags/exemplo_pools.py
[2024-07-28T02:42:42.490+0000] {processor.py:743} INFO - Processing file /opt/airflow/dags/exemplo_pools.py for tasks to queue
[2024-07-28T02:42:42.491+0000] {logging_mixin.py:137} INFO - [2024-07-28T02:42:42.491+0000] {dagbag.py:538} INFO - Filling up the DagBag from /opt/airflow/dags/exemplo_pools.py
[2024-07-28T02:42:42.499+0000] {processor.py:753} INFO - DAG(s) dict_keys(['exemplo_pools']) retrieved from /opt/airflow/dags/exemplo_pools.py
[2024-07-28T02:42:42.513+0000] {logging_mixin.py:137} INFO - [2024-07-28T02:42:42.513+0000] {dag.py:2690} INFO - Sync 1 DAGs
[2024-07-28T02:42:42.526+0000] {logging_mixin.py:137} INFO - [2024-07-28T02:42:42.526+0000] {dag.py:3441} INFO - Setting next_dagrun for exemplo_pools to None, run_after=None
[2024-07-28T02:42:42.538+0000] {processor.py:175} INFO - Processing /opt/airflow/dags/exemplo_pools.py took 0.050 seconds
[2024-07-28T02:42:48.565+0000] {processor.py:153} INFO - Started process (PID=3087) to work on /opt/airflow/dags/exemplo_pools.py
[2024-07-28T02:42:48.565+0000] {processor.py:743} INFO - Processing file /opt/airflow/dags/exemplo_pools.py for tasks to queue
[2024-07-28T02:42:48.566+0000] {logging_mixin.py:137} INFO - [2024-07-28T02:42:48.565+0000] {dagbag.py:538} INFO - Filling up the DagBag from /opt/airflow/dags/exemplo_pools.py
[2024-07-28T02:42:48.574+0000] {processor.py:753} INFO - DAG(s) dict_keys(['exemplo_pools']) retrieved from /opt/airflow/dags/exemplo_pools.py
[2024-07-28T02:42:48.590+0000] {logging_mixin.py:137} INFO - [2024-07-28T02:42:48.590+0000] {dag.py:2690} INFO - Sync 1 DAGs
[2024-07-28T02:42:48.603+0000] {logging_mixin.py:137} INFO - [2024-07-28T02:42:48.603+0000] {dag.py:3441} INFO - Setting next_dagrun for exemplo_pools to None, run_after=None
[2024-07-28T02:42:48.617+0000] {processor.py:175} INFO - Processing /opt/airflow/dags/exemplo_pools.py took 0.055 seconds
[2024-07-28T02:42:54.708+0000] {processor.py:153} INFO - Started process (PID=3128) to work on /opt/airflow/dags/exemplo_pools.py
[2024-07-28T02:42:54.708+0000] {processor.py:743} INFO - Processing file /opt/airflow/dags/exemplo_pools.py for tasks to queue
[2024-07-28T02:42:54.709+0000] {logging_mixin.py:137} INFO - [2024-07-28T02:42:54.709+0000] {dagbag.py:538} INFO - Filling up the DagBag from /opt/airflow/dags/exemplo_pools.py
[2024-07-28T02:42:54.720+0000] {processor.py:753} INFO - DAG(s) dict_keys(['exemplo_pools']) retrieved from /opt/airflow/dags/exemplo_pools.py
[2024-07-28T02:42:54.736+0000] {logging_mixin.py:137} INFO - [2024-07-28T02:42:54.735+0000] {dag.py:2690} INFO - Sync 1 DAGs
[2024-07-28T02:42:54.752+0000] {logging_mixin.py:137} INFO - [2024-07-28T02:42:54.752+0000] {dag.py:3441} INFO - Setting next_dagrun for exemplo_pools to None, run_after=None
[2024-07-28T02:42:54.770+0000] {processor.py:175} INFO - Processing /opt/airflow/dags/exemplo_pools.py took 0.066 seconds
