[2024-07-22T02:32:02.969+0000] {taskinstance.py:1083} INFO - Dependencies all met for <TaskInstance: example_subdag_operator.section-1 scheduled__2022-01-01T00:00:00+00:00 [queued]>
[2024-07-22T02:32:02.984+0000] {taskinstance.py:1083} INFO - Dependencies all met for <TaskInstance: example_subdag_operator.section-1 scheduled__2022-01-01T00:00:00+00:00 [queued]>
[2024-07-22T02:32:02.985+0000] {taskinstance.py:1279} INFO - 
--------------------------------------------------------------------------------
[2024-07-22T02:32:02.986+0000] {taskinstance.py:1280} INFO - Starting attempt 1 of 3
[2024-07-22T02:32:02.987+0000] {taskinstance.py:1281} INFO - 
--------------------------------------------------------------------------------
[2024-07-22T02:32:02.998+0000] {taskinstance.py:1300} INFO - Executing <Task(SubDagOperator): section-1> on 2022-01-01 00:00:00+00:00
[2024-07-22T02:32:03.003+0000] {standard_task_runner.py:55} INFO - Started process 1179 to run task
[2024-07-22T02:32:03.005+0000] {standard_task_runner.py:82} INFO - Running: ['***', 'tasks', 'run', 'example_subdag_operator', 'section-1', 'scheduled__2022-01-01T00:00:00+00:00', '--job-id', '327', '--raw', '--subdir', '/home/***/.local/lib/python3.7/site-packages/***/example_dags/example_subdag_operator.py', '--cfg-path', '/tmp/tmpdyh7rv9w']
[2024-07-22T02:32:03.006+0000] {standard_task_runner.py:83} INFO - Job 327: Subtask section-1
[2024-07-22T02:32:03.048+0000] {task_command.py:388} INFO - Running <TaskInstance: example_subdag_operator.section-1 scheduled__2022-01-01T00:00:00+00:00 [running]> on host 06eaaebc2caa
[2024-07-22T02:32:03.102+0000] {taskinstance.py:1509} INFO - Exporting the following env vars:
AIRFLOW_CTX_DAG_OWNER=***
AIRFLOW_CTX_DAG_ID=example_subdag_operator
AIRFLOW_CTX_TASK_ID=section-1
AIRFLOW_CTX_EXECUTION_DATE=2022-01-01T00:00:00+00:00
AIRFLOW_CTX_TRY_NUMBER=1
AIRFLOW_CTX_DAG_RUN_ID=scheduled__2022-01-01T00:00:00+00:00
[2024-07-22T02:32:03.104+0000] {warnings.py:110} WARNING - /home/***/.local/lib/python3.7/site-packages/***/utils/context.py:205: AirflowContextDeprecationWarning: Accessing 'execution_date' from the template is deprecated and will be removed in a future version. Please use 'data_interval_start' or 'logical_date' instead.
  warnings.warn(_create_deprecation_warning(key, self._deprecation_replacements[key]))

[2024-07-22T02:32:03.124+0000] {subdag.py:171} INFO - Created DagRun: scheduled__2022-01-01T00:00:00+00:00
[2024-07-22T02:33:03.171+0000] {base.py:228} INFO - Success criteria met. Exiting.
[2024-07-22T02:33:03.181+0000] {subdag.py:186} INFO - Execution finished. State is success
[2024-07-22T02:33:03.189+0000] {taskinstance.py:1323} INFO - Marking task as SUCCESS. dag_id=example_subdag_operator, task_id=section-1, execution_date=20220101T000000, start_date=20240722T023202, end_date=20240722T023303
[2024-07-22T02:33:03.221+0000] {local_task_job.py:208} INFO - Task exited with return code 0
[2024-07-22T02:33:03.244+0000] {taskinstance.py:2578} INFO - 1 downstream tasks scheduled from follow-on schedule check
