[2024-07-27T02:00:08.968+0000] {taskinstance.py:1083} INFO - Dependencies all met for <TaskInstance: exemplo_defaultargs.tsk2 scheduled__2024-07-27T01:00:00+00:00 [queued]>
[2024-07-27T02:00:08.985+0000] {taskinstance.py:1083} INFO - Dependencies all met for <TaskInstance: exemplo_defaultargs.tsk2 scheduled__2024-07-27T01:00:00+00:00 [queued]>
[2024-07-27T02:00:08.986+0000] {taskinstance.py:1279} INFO - 
--------------------------------------------------------------------------------
[2024-07-27T02:00:08.987+0000] {taskinstance.py:1280} INFO - Starting attempt 1 of 2
[2024-07-27T02:00:08.988+0000] {taskinstance.py:1281} INFO - 
--------------------------------------------------------------------------------
[2024-07-27T02:00:09.002+0000] {taskinstance.py:1300} INFO - Executing <Task(BashOperator): tsk2> on 2024-07-27 01:00:00+00:00
[2024-07-27T02:00:09.011+0000] {standard_task_runner.py:55} INFO - Started process 74190 to run task
[2024-07-27T02:00:09.015+0000] {standard_task_runner.py:82} INFO - Running: ['***', 'tasks', 'run', 'exemplo_defaultargs', 'tsk2', 'scheduled__2024-07-27T01:00:00+00:00', '--job-id', '1727', '--raw', '--subdir', 'DAGS_FOLDER/exemplo_defaultargs.py', '--cfg-path', '/tmp/tmp6brv6_ha']
[2024-07-27T02:00:09.016+0000] {standard_task_runner.py:83} INFO - Job 1727: Subtask tsk2
[2024-07-27T02:00:09.068+0000] {task_command.py:388} INFO - Running <TaskInstance: exemplo_defaultargs.tsk2 scheduled__2024-07-27T01:00:00+00:00 [running]> on host 029011c5aea1
[2024-07-27T02:00:09.130+0000] {taskinstance.py:1509} INFO - Exporting the following env vars:
AIRFLOW_CTX_DAG_EMAIL=test@test.com
AIRFLOW_CTX_DAG_OWNER=***
AIRFLOW_CTX_DAG_ID=exemplo_defaultargs
AIRFLOW_CTX_TASK_ID=tsk2
AIRFLOW_CTX_EXECUTION_DATE=2024-07-27T01:00:00+00:00
AIRFLOW_CTX_TRY_NUMBER=1
AIRFLOW_CTX_DAG_RUN_ID=scheduled__2024-07-27T01:00:00+00:00
[2024-07-27T02:00:09.132+0000] {subprocess.py:63} INFO - Tmp dir root location: 
 /tmp
[2024-07-27T02:00:09.134+0000] {subprocess.py:75} INFO - Running command: ['/bin/bash', '-c', 'sleep 5']
[2024-07-27T02:00:09.151+0000] {subprocess.py:86} INFO - Output:
[2024-07-27T02:00:14.170+0000] {subprocess.py:97} INFO - Command exited with return code 0
[2024-07-27T02:00:14.212+0000] {taskinstance.py:1323} INFO - Marking task as SUCCESS. dag_id=exemplo_defaultargs, task_id=tsk2, execution_date=20240727T010000, start_date=20240727T020008, end_date=20240727T020014
[2024-07-27T02:00:14.260+0000] {local_task_job.py:208} INFO - Task exited with return code 0
[2024-07-27T02:00:14.286+0000] {taskinstance.py:2578} INFO - 1 downstream tasks scheduled from follow-on schedule check
