[2024-07-26T01:10:17.362+0000] {taskinstance.py:1083} INFO - Dependencies all met for <TaskInstance: exemplo_defaultargs.tsk1 scheduled__2024-07-26T00:00:00+00:00 [queued]>
[2024-07-26T01:10:17.375+0000] {taskinstance.py:1083} INFO - Dependencies all met for <TaskInstance: exemplo_defaultargs.tsk1 scheduled__2024-07-26T00:00:00+00:00 [queued]>
[2024-07-26T01:10:17.376+0000] {taskinstance.py:1279} INFO - 
--------------------------------------------------------------------------------
[2024-07-26T01:10:17.376+0000] {taskinstance.py:1280} INFO - Starting attempt 1 of 4
[2024-07-26T01:10:17.377+0000] {taskinstance.py:1281} INFO - 
--------------------------------------------------------------------------------
[2024-07-26T01:10:17.396+0000] {taskinstance.py:1300} INFO - Executing <Task(BashOperator): tsk1> on 2024-07-26 00:00:00+00:00
[2024-07-26T01:10:17.415+0000] {standard_task_runner.py:55} INFO - Started process 96778 to run task
[2024-07-26T01:10:17.425+0000] {standard_task_runner.py:82} INFO - Running: ['***', 'tasks', 'run', 'exemplo_defaultargs', 'tsk1', 'scheduled__2024-07-26T00:00:00+00:00', '--job-id', '1456', '--raw', '--subdir', 'DAGS_FOLDER/exemplo_defaultargs.py', '--cfg-path', '/tmp/tmpxui4drrd']
[2024-07-26T01:10:17.427+0000] {standard_task_runner.py:83} INFO - Job 1456: Subtask tsk1
[2024-07-26T01:10:17.519+0000] {task_command.py:388} INFO - Running <TaskInstance: exemplo_defaultargs.tsk1 scheduled__2024-07-26T00:00:00+00:00 [running]> on host 448a9c84d52e
[2024-07-26T01:10:17.619+0000] {taskinstance.py:1509} INFO - Exporting the following env vars:
AIRFLOW_CTX_DAG_EMAIL=test@test.com
AIRFLOW_CTX_DAG_OWNER=***
AIRFLOW_CTX_DAG_ID=exemplo_defaultargs
AIRFLOW_CTX_TASK_ID=tsk1
AIRFLOW_CTX_EXECUTION_DATE=2024-07-26T00:00:00+00:00
AIRFLOW_CTX_TRY_NUMBER=1
AIRFLOW_CTX_DAG_RUN_ID=scheduled__2024-07-26T00:00:00+00:00
[2024-07-26T01:10:17.623+0000] {subprocess.py:63} INFO - Tmp dir root location: 
 /tmp
[2024-07-26T01:10:17.625+0000] {subprocess.py:75} INFO - Running command: ['/bin/bash', '-c', 'sleep 5']
[2024-07-26T01:10:17.667+0000] {subprocess.py:86} INFO - Output:
[2024-07-26T01:10:22.689+0000] {subprocess.py:97} INFO - Command exited with return code 0
[2024-07-26T01:10:22.767+0000] {taskinstance.py:1323} INFO - Marking task as SUCCESS. dag_id=exemplo_defaultargs, task_id=tsk1, execution_date=20240726T000000, start_date=20240726T011017, end_date=20240726T011022
[2024-07-26T01:10:22.862+0000] {local_task_job.py:208} INFO - Task exited with return code 0
[2024-07-26T01:10:22.915+0000] {taskinstance.py:2578} INFO - 1 downstream tasks scheduled from follow-on schedule check
