[2024-07-25T05:10:00.220+0000] {taskinstance.py:1083} INFO - Dependencies all met for <TaskInstance: exemplo_defaultargs.tsk2 scheduled__2024-07-25T04:00:00+00:00 [queued]>
[2024-07-25T05:10:00.226+0000] {taskinstance.py:1083} INFO - Dependencies all met for <TaskInstance: exemplo_defaultargs.tsk2 scheduled__2024-07-25T04:00:00+00:00 [queued]>
[2024-07-25T05:10:00.226+0000] {taskinstance.py:1279} INFO - 
--------------------------------------------------------------------------------
[2024-07-25T05:10:00.227+0000] {taskinstance.py:1280} INFO - Starting attempt 1 of 2
[2024-07-25T05:10:00.227+0000] {taskinstance.py:1281} INFO - 
--------------------------------------------------------------------------------
[2024-07-25T05:10:00.233+0000] {taskinstance.py:1300} INFO - Executing <Task(BashOperator): tsk2> on 2024-07-25 04:00:00+00:00
[2024-07-25T05:10:00.236+0000] {standard_task_runner.py:55} INFO - Started process 38155 to run task
[2024-07-25T05:10:00.239+0000] {standard_task_runner.py:82} INFO - Running: ['***', 'tasks', 'run', 'exemplo_defaultargs', 'tsk2', 'scheduled__2024-07-25T04:00:00+00:00', '--job-id', '1396', '--raw', '--subdir', 'DAGS_FOLDER/exemplo_defaultargs.py', '--cfg-path', '/tmp/tmpdy4insrq']
[2024-07-25T05:10:00.239+0000] {standard_task_runner.py:83} INFO - Job 1396: Subtask tsk2
[2024-07-25T05:10:00.275+0000] {task_command.py:388} INFO - Running <TaskInstance: exemplo_defaultargs.tsk2 scheduled__2024-07-25T04:00:00+00:00 [running]> on host 448a9c84d52e
[2024-07-25T05:10:00.321+0000] {taskinstance.py:1509} INFO - Exporting the following env vars:
AIRFLOW_CTX_DAG_EMAIL=test@test.com
AIRFLOW_CTX_DAG_OWNER=***
AIRFLOW_CTX_DAG_ID=exemplo_defaultargs
AIRFLOW_CTX_TASK_ID=tsk2
AIRFLOW_CTX_EXECUTION_DATE=2024-07-25T04:00:00+00:00
AIRFLOW_CTX_TRY_NUMBER=1
AIRFLOW_CTX_DAG_RUN_ID=scheduled__2024-07-25T04:00:00+00:00
[2024-07-25T05:10:00.323+0000] {subprocess.py:63} INFO - Tmp dir root location: 
 /tmp
[2024-07-25T05:10:00.324+0000] {subprocess.py:75} INFO - Running command: ['/bin/bash', '-c', 'sleep 5']
[2024-07-25T05:10:00.343+0000] {subprocess.py:86} INFO - Output:
[2024-07-25T05:10:05.349+0000] {subprocess.py:97} INFO - Command exited with return code 0
[2024-07-25T05:10:05.383+0000] {taskinstance.py:1323} INFO - Marking task as SUCCESS. dag_id=exemplo_defaultargs, task_id=tsk2, execution_date=20240725T040000, start_date=20240725T051000, end_date=20240725T051005
[2024-07-25T05:10:05.435+0000] {local_task_job.py:208} INFO - Task exited with return code 0
[2024-07-25T05:10:05.456+0000] {taskinstance.py:2578} INFO - 1 downstream tasks scheduled from follow-on schedule check
