[2024-07-25T02:16:08.772+0000] {taskinstance.py:1083} INFO - Dependencies all met for <TaskInstance: exemplo_triggerdagrun_operator_1.tsk1 manual__2024-07-25T02:16:04.736014+00:00 [queued]>
[2024-07-25T02:16:08.825+0000] {taskinstance.py:1083} INFO - Dependencies all met for <TaskInstance: exemplo_triggerdagrun_operator_1.tsk1 manual__2024-07-25T02:16:04.736014+00:00 [queued]>
[2024-07-25T02:16:08.825+0000] {taskinstance.py:1279} INFO - 
--------------------------------------------------------------------------------
[2024-07-25T02:16:08.826+0000] {taskinstance.py:1280} INFO - Starting attempt 1 of 1
[2024-07-25T02:16:08.827+0000] {taskinstance.py:1281} INFO - 
--------------------------------------------------------------------------------
[2024-07-25T02:16:08.922+0000] {taskinstance.py:1300} INFO - Executing <Task(BashOperator): tsk1> on 2024-07-25 02:16:04.736014+00:00
[2024-07-25T02:16:08.950+0000] {standard_task_runner.py:55} INFO - Started process 31109 to run task
[2024-07-25T02:16:08.979+0000] {standard_task_runner.py:82} INFO - Running: ['***', 'tasks', 'run', 'exemplo_triggerdagrun_operator_1', 'tsk1', 'manual__2024-07-25T02:16:04.736014+00:00', '--job-id', '1364', '--raw', '--subdir', 'DAGS_FOLDER/exemplo_triggerdagrun_operator_1.py', '--cfg-path', '/tmp/tmpqfjh3xeo']
[2024-07-25T02:16:08.991+0000] {standard_task_runner.py:83} INFO - Job 1364: Subtask tsk1
[2024-07-25T02:16:09.857+0000] {task_command.py:388} INFO - Running <TaskInstance: exemplo_triggerdagrun_operator_1.tsk1 manual__2024-07-25T02:16:04.736014+00:00 [running]> on host 448a9c84d52e
[2024-07-25T02:16:10.402+0000] {taskinstance.py:1509} INFO - Exporting the following env vars:
AIRFLOW_CTX_DAG_OWNER=***
AIRFLOW_CTX_DAG_ID=exemplo_triggerdagrun_operator_1
AIRFLOW_CTX_TASK_ID=tsk1
AIRFLOW_CTX_EXECUTION_DATE=2024-07-25T02:16:04.736014+00:00
AIRFLOW_CTX_TRY_NUMBER=1
AIRFLOW_CTX_DAG_RUN_ID=manual__2024-07-25T02:16:04.736014+00:00
[2024-07-25T02:16:10.411+0000] {subprocess.py:63} INFO - Tmp dir root location: 
 /tmp
[2024-07-25T02:16:10.428+0000] {subprocess.py:75} INFO - Running command: ['/bin/bash', '-c', 'sleep 5']
[2024-07-25T02:16:10.514+0000] {subprocess.py:86} INFO - Output:
[2024-07-25T02:16:15.526+0000] {subprocess.py:97} INFO - Command exited with return code 0
[2024-07-25T02:16:15.567+0000] {taskinstance.py:1323} INFO - Marking task as SUCCESS. dag_id=exemplo_triggerdagrun_operator_1, task_id=tsk1, execution_date=20240725T021604, start_date=20240725T021608, end_date=20240725T021615
[2024-07-25T02:16:15.604+0000] {local_task_job.py:208} INFO - Task exited with return code 0
[2024-07-25T02:16:15.631+0000] {taskinstance.py:2578} INFO - 1 downstream tasks scheduled from follow-on schedule check
