[2024-07-27T01:01:35.739+0000] {taskinstance.py:1083} INFO - Dependencies all met for <TaskInstance: exemplo_email_operator.2-Bash scheduled__2024-07-27T00:00:00+00:00 [queued]>
[2024-07-27T01:01:35.857+0000] {taskinstance.py:1083} INFO - Dependencies all met for <TaskInstance: exemplo_email_operator.2-Bash scheduled__2024-07-27T00:00:00+00:00 [queued]>
[2024-07-27T01:01:35.867+0000] {taskinstance.py:1279} INFO - 
--------------------------------------------------------------------------------
[2024-07-27T01:01:35.872+0000] {taskinstance.py:1280} INFO - Starting attempt 1 of 2
[2024-07-27T01:01:35.875+0000] {taskinstance.py:1281} INFO - 
--------------------------------------------------------------------------------
[2024-07-27T01:01:35.980+0000] {taskinstance.py:1300} INFO - Executing <Task(BashOperator): 2-Bash> on 2024-07-27 00:00:00+00:00
[2024-07-27T01:01:36.056+0000] {standard_task_runner.py:55} INFO - Started process 69965 to run task
[2024-07-27T01:01:36.078+0000] {standard_task_runner.py:82} INFO - Running: ['***', 'tasks', 'run', 'exemplo_email_operator', '2-Bash', 'scheduled__2024-07-27T00:00:00+00:00', '--job-id', '1713', '--raw', '--subdir', 'DAGS_FOLDER/exemplo_email_operator.py', '--cfg-path', '/tmp/tmp2axrktik']
[2024-07-27T01:01:36.105+0000] {standard_task_runner.py:83} INFO - Job 1713: Subtask 2-Bash
[2024-07-27T01:01:36.389+0000] {task_command.py:388} INFO - Running <TaskInstance: exemplo_email_operator.2-Bash scheduled__2024-07-27T00:00:00+00:00 [running]> on host 029011c5aea1
[2024-07-27T01:01:36.942+0000] {taskinstance.py:1509} INFO - Exporting the following env vars:
AIRFLOW_CTX_DAG_EMAIL=caue.ausec@gmail.com
AIRFLOW_CTX_DAG_OWNER=***
AIRFLOW_CTX_DAG_ID=exemplo_email_operator
AIRFLOW_CTX_TASK_ID=2-Bash
AIRFLOW_CTX_EXECUTION_DATE=2024-07-27T00:00:00+00:00
AIRFLOW_CTX_TRY_NUMBER=1
AIRFLOW_CTX_DAG_RUN_ID=scheduled__2024-07-27T00:00:00+00:00
[2024-07-27T01:01:36.970+0000] {subprocess.py:63} INFO - Tmp dir root location: 
 /tmp
[2024-07-27T01:01:36.985+0000] {subprocess.py:75} INFO - Running command: ['/bin/bash', '-c', 'sleep 1']
[2024-07-27T01:01:38.144+0000] {subprocess.py:86} INFO - Output:
[2024-07-27T01:01:39.202+0000] {subprocess.py:97} INFO - Command exited with return code 0
[2024-07-27T01:01:39.730+0000] {taskinstance.py:1323} INFO - Marking task as SUCCESS. dag_id=exemplo_email_operator, task_id=2-Bash, execution_date=20240727T000000, start_date=20240727T010135, end_date=20240727T010139
[2024-07-27T01:01:39.923+0000] {local_task_job.py:208} INFO - Task exited with return code 0
[2024-07-27T01:01:40.256+0000] {taskinstance.py:2578} INFO - 0 downstream tasks scheduled from follow-on schedule check
