[2024-07-25T02:16:21.332+0000] {taskinstance.py:1083} INFO - Dependencies all met for <TaskInstance: exemplo_triggerule_onefailed.tsk2 manual__2024-07-25T02:16:19.739192+00:00 [queued]>
[2024-07-25T02:16:21.346+0000] {taskinstance.py:1083} INFO - Dependencies all met for <TaskInstance: exemplo_triggerule_onefailed.tsk2 manual__2024-07-25T02:16:19.739192+00:00 [queued]>
[2024-07-25T02:16:21.346+0000] {taskinstance.py:1279} INFO - 
--------------------------------------------------------------------------------
[2024-07-25T02:16:21.347+0000] {taskinstance.py:1280} INFO - Starting attempt 1 of 1
[2024-07-25T02:16:21.348+0000] {taskinstance.py:1281} INFO - 
--------------------------------------------------------------------------------
[2024-07-25T02:16:21.369+0000] {taskinstance.py:1300} INFO - Executing <Task(BashOperator): tsk2> on 2024-07-25 02:16:19.739192+00:00
[2024-07-25T02:16:21.382+0000] {standard_task_runner.py:55} INFO - Started process 31180 to run task
[2024-07-25T02:16:21.391+0000] {standard_task_runner.py:82} INFO - Running: ['***', 'tasks', 'run', 'exemplo_triggerule_onefailed', 'tsk2', 'manual__2024-07-25T02:16:19.739192+00:00', '--job-id', '1385', '--raw', '--subdir', 'DAGS_FOLDER/exemplo_triggerule_onefailed.py', '--cfg-path', '/tmp/tmp0iv621eh']
[2024-07-25T02:16:21.395+0000] {standard_task_runner.py:83} INFO - Job 1385: Subtask tsk2
[2024-07-25T02:16:21.454+0000] {task_command.py:388} INFO - Running <TaskInstance: exemplo_triggerule_onefailed.tsk2 manual__2024-07-25T02:16:19.739192+00:00 [running]> on host 448a9c84d52e
[2024-07-25T02:16:21.515+0000] {taskinstance.py:1509} INFO - Exporting the following env vars:
AIRFLOW_CTX_DAG_OWNER=***
AIRFLOW_CTX_DAG_ID=exemplo_triggerule_onefailed
AIRFLOW_CTX_TASK_ID=tsk2
AIRFLOW_CTX_EXECUTION_DATE=2024-07-25T02:16:19.739192+00:00
AIRFLOW_CTX_TRY_NUMBER=1
AIRFLOW_CTX_DAG_RUN_ID=manual__2024-07-25T02:16:19.739192+00:00
[2024-07-25T02:16:21.518+0000] {subprocess.py:63} INFO - Tmp dir root location: 
 /tmp
[2024-07-25T02:16:21.519+0000] {subprocess.py:75} INFO - Running command: ['/bin/bash', '-c', 'sleep 5']
[2024-07-25T02:16:21.532+0000] {subprocess.py:86} INFO - Output:
[2024-07-25T02:16:26.537+0000] {subprocess.py:97} INFO - Command exited with return code 0
[2024-07-25T02:16:26.567+0000] {taskinstance.py:1323} INFO - Marking task as SUCCESS. dag_id=exemplo_triggerule_onefailed, task_id=tsk2, execution_date=20240725T021619, start_date=20240725T021621, end_date=20240725T021626
[2024-07-25T02:16:26.618+0000] {local_task_job.py:208} INFO - Task exited with return code 0
[2024-07-25T02:16:26.631+0000] {taskinstance.py:2578} INFO - 0 downstream tasks scheduled from follow-on schedule check
