[2024-07-23T00:30:21.353+0000] {taskinstance.py:1083} INFO - Dependencies all met for <TaskInstance: terceira_dag.tsk3 manual__2024-07-23T00:30:14.710586+00:00 [queued]>
[2024-07-23T00:30:21.359+0000] {taskinstance.py:1083} INFO - Dependencies all met for <TaskInstance: terceira_dag.tsk3 manual__2024-07-23T00:30:14.710586+00:00 [queued]>
[2024-07-23T00:30:21.359+0000] {taskinstance.py:1279} INFO - 
--------------------------------------------------------------------------------
[2024-07-23T00:30:21.360+0000] {taskinstance.py:1280} INFO - Starting attempt 1 of 1
[2024-07-23T00:30:21.360+0000] {taskinstance.py:1281} INFO - 
--------------------------------------------------------------------------------
[2024-07-23T00:30:21.367+0000] {taskinstance.py:1300} INFO - Executing <Task(BashOperator): tsk3> on 2024-07-23 00:30:14.710586+00:00
[2024-07-23T00:30:21.369+0000] {standard_task_runner.py:55} INFO - Started process 1561 to run task
[2024-07-23T00:30:21.370+0000] {standard_task_runner.py:82} INFO - Running: ['***', 'tasks', 'run', 'terceira_dag', 'tsk3', 'manual__2024-07-23T00:30:14.710586+00:00', '--job-id', '1278', '--raw', '--subdir', 'DAGS_FOLDER/terceira_dag.py', '--cfg-path', '/tmp/tmptfgf7mzh']
[2024-07-23T00:30:21.371+0000] {standard_task_runner.py:83} INFO - Job 1278: Subtask tsk3
[2024-07-23T00:30:21.403+0000] {task_command.py:388} INFO - Running <TaskInstance: terceira_dag.tsk3 manual__2024-07-23T00:30:14.710586+00:00 [running]> on host 448a9c84d52e
[2024-07-23T00:30:21.440+0000] {taskinstance.py:1509} INFO - Exporting the following env vars:
AIRFLOW_CTX_DAG_OWNER=***
AIRFLOW_CTX_DAG_ID=terceira_dag
AIRFLOW_CTX_TASK_ID=tsk3
AIRFLOW_CTX_EXECUTION_DATE=2024-07-23T00:30:14.710586+00:00
AIRFLOW_CTX_TRY_NUMBER=1
AIRFLOW_CTX_DAG_RUN_ID=manual__2024-07-23T00:30:14.710586+00:00
[2024-07-23T00:30:21.440+0000] {subprocess.py:63} INFO - Tmp dir root location: 
 /tmp
[2024-07-23T00:30:21.441+0000] {subprocess.py:75} INFO - Running command: ['/bin/bash', '-c', 'sleep 5']
[2024-07-23T00:30:21.445+0000] {subprocess.py:86} INFO - Output:
[2024-07-23T00:30:26.448+0000] {subprocess.py:97} INFO - Command exited with return code 0
[2024-07-23T00:30:26.463+0000] {taskinstance.py:1323} INFO - Marking task as SUCCESS. dag_id=terceira_dag, task_id=tsk3, execution_date=20240723T003014, start_date=20240723T003021, end_date=20240723T003026
[2024-07-23T00:30:26.487+0000] {local_task_job.py:208} INFO - Task exited with return code 0
[2024-07-23T00:30:26.496+0000] {taskinstance.py:2578} INFO - 0 downstream tasks scheduled from follow-on schedule check
