[2024-07-26T14:01:05.007+0000] {taskinstance.py:1083} INFO - Dependencies all met for <TaskInstance: exemplo_email_operator.5-Email scheduled__2024-07-26T13:00:00+00:00 [queued]>
[2024-07-26T14:01:05.017+0000] {taskinstance.py:1083} INFO - Dependencies all met for <TaskInstance: exemplo_email_operator.5-Email scheduled__2024-07-26T13:00:00+00:00 [queued]>
[2024-07-26T14:01:05.017+0000] {taskinstance.py:1279} INFO - 
--------------------------------------------------------------------------------
[2024-07-26T14:01:05.017+0000] {taskinstance.py:1280} INFO - Starting attempt 2 of 2
[2024-07-26T14:01:05.017+0000] {taskinstance.py:1281} INFO - 
--------------------------------------------------------------------------------
[2024-07-26T14:01:05.025+0000] {taskinstance.py:1300} INFO - Executing <Task(EmailOperator): 5-Email> on 2024-07-26 13:00:00+00:00
[2024-07-26T14:01:05.029+0000] {standard_task_runner.py:55} INFO - Started process 18459 to run task
[2024-07-26T14:01:05.031+0000] {standard_task_runner.py:82} INFO - Running: ['***', 'tasks', 'run', 'exemplo_email_operator', '5-Email', 'scheduled__2024-07-26T13:00:00+00:00', '--job-id', '1619', '--raw', '--subdir', 'DAGS_FOLDER/exemplo_email_operator.py', '--cfg-path', '/tmp/tmp2by6dovs']
[2024-07-26T14:01:05.032+0000] {standard_task_runner.py:83} INFO - Job 1619: Subtask 5-Email
[2024-07-26T14:01:05.076+0000] {task_command.py:388} INFO - Running <TaskInstance: exemplo_email_operator.5-Email scheduled__2024-07-26T13:00:00+00:00 [running]> on host 029011c5aea1
[2024-07-26T14:01:05.125+0000] {taskinstance.py:1509} INFO - Exporting the following env vars:
AIRFLOW_CTX_DAG_EMAIL=caue.ausec@gmail.com
AIRFLOW_CTX_DAG_OWNER=***
AIRFLOW_CTX_DAG_ID=exemplo_email_operator
AIRFLOW_CTX_TASK_ID=5-Email
AIRFLOW_CTX_EXECUTION_DATE=2024-07-26T13:00:00+00:00
AIRFLOW_CTX_TRY_NUMBER=2
AIRFLOW_CTX_DAG_RUN_ID=scheduled__2024-07-26T13:00:00+00:00
[2024-07-26T14:01:05.182+0000] {warnings.py:110} WARNING - /home/***/.local/lib/python3.7/site-packages/***/utils/email.py:152: RemovedInAirflow3Warning: Fetching SMTP credentials from configuration variables will be deprecated in a future release. Please set credentials using a connection instead.
  send_mime_email(e_from=mail_from, e_to=recipients, mime_msg=msg, conn_id=conn_id, dryrun=dryrun)

[2024-07-26T14:01:05.185+0000] {email.py:268} INFO - Email alerting: attempt 1
[2024-07-26T14:01:06.792+0000] {email.py:280} INFO - Sent an alert email to ['caue.ausec@gmail.com']
[2024-07-26T14:01:08.728+0000] {taskinstance.py:1323} INFO - Marking task as SUCCESS. dag_id=exemplo_email_operator, task_id=5-Email, execution_date=20240726T130000, start_date=20240726T140105, end_date=20240726T140108
[2024-07-26T14:01:08.762+0000] {local_task_job.py:208} INFO - Task exited with return code 0
[2024-07-26T14:01:08.779+0000] {taskinstance.py:2578} INFO - 0 downstream tasks scheduled from follow-on schedule check
