[2024-07-22T02:31:10.502+0000] {taskinstance.py:1083} INFO - Dependencies all met for <TaskInstance: example_dynamic_task_mapping.add_one scheduled__2022-03-29T00:00:00+00:00 map_index=2 [queued]>
[2024-07-22T02:31:10.572+0000] {taskinstance.py:1083} INFO - Dependencies all met for <TaskInstance: example_dynamic_task_mapping.add_one scheduled__2022-03-29T00:00:00+00:00 map_index=2 [queued]>
[2024-07-22T02:31:10.574+0000] {taskinstance.py:1279} INFO - 
--------------------------------------------------------------------------------
[2024-07-22T02:31:10.586+0000] {taskinstance.py:1280} INFO - Starting attempt 1 of 1
[2024-07-22T02:31:10.587+0000] {taskinstance.py:1281} INFO - 
--------------------------------------------------------------------------------
[2024-07-22T02:31:10.743+0000] {taskinstance.py:1300} INFO - Executing <Mapped(_PythonDecoratedOperator): add_one> on 2022-03-29 00:00:00+00:00
[2024-07-22T02:31:10.786+0000] {standard_task_runner.py:55} INFO - Started process 691 to run task
[2024-07-22T02:31:10.813+0000] {standard_task_runner.py:82} INFO - Running: ['***', 'tasks', 'run', 'example_dynamic_task_mapping', 'add_one', 'scheduled__2022-03-29T00:00:00+00:00', '--job-id', '114', '--raw', '--subdir', '/home/***/.local/lib/python3.7/site-packages/***/example_dags/example_dynamic_task_mapping.py', '--cfg-path', '/tmp/tmpuz5yprsy', '--map-index', '2']
[2024-07-22T02:31:10.818+0000] {standard_task_runner.py:83} INFO - Job 114: Subtask add_one
[2024-07-22T02:31:11.035+0000] {task_command.py:388} INFO - Running <TaskInstance: example_dynamic_task_mapping.add_one scheduled__2022-03-29T00:00:00+00:00 map_index=2 [running]> on host 06eaaebc2caa
[2024-07-22T02:31:11.214+0000] {taskinstance.py:1509} INFO - Exporting the following env vars:
AIRFLOW_CTX_DAG_OWNER=***
AIRFLOW_CTX_DAG_ID=example_dynamic_task_mapping
AIRFLOW_CTX_TASK_ID=add_one
AIRFLOW_CTX_EXECUTION_DATE=2022-03-29T00:00:00+00:00
AIRFLOW_CTX_TRY_NUMBER=1
AIRFLOW_CTX_DAG_RUN_ID=scheduled__2022-03-29T00:00:00+00:00
[2024-07-22T02:31:11.216+0000] {python.py:177} INFO - Done. Returned value was: 4
[2024-07-22T02:31:11.320+0000] {taskinstance.py:1323} INFO - Marking task as SUCCESS. dag_id=example_dynamic_task_mapping, task_id=add_one, map_index=2, execution_date=20220329T000000, start_date=20240722T023110, end_date=20240722T023111
[2024-07-22T02:31:11.410+0000] {local_task_job.py:208} INFO - Task exited with return code 0
[2024-07-22T02:31:11.543+0000] {taskinstance.py:2578} INFO - 0 downstream tasks scheduled from follow-on schedule check
