[2024-07-27T04:17:06.810+0000] {taskinstance.py:1083} INFO - Dependencies all met for <TaskInstance: exemplo_python_operator.clean_data manual__2024-07-27T04:17:05.260659+00:00 [queued]>
[2024-07-27T04:17:06.821+0000] {taskinstance.py:1083} INFO - Dependencies all met for <TaskInstance: exemplo_python_operator.clean_data manual__2024-07-27T04:17:05.260659+00:00 [queued]>
[2024-07-27T04:17:06.821+0000] {taskinstance.py:1279} INFO - 
--------------------------------------------------------------------------------
[2024-07-27T04:17:06.821+0000] {taskinstance.py:1280} INFO - Starting attempt 1 of 1
[2024-07-27T04:17:06.821+0000] {taskinstance.py:1281} INFO - 
--------------------------------------------------------------------------------
[2024-07-27T04:17:06.830+0000] {taskinstance.py:1300} INFO - Executing <Task(PythonOperator): clean_data> on 2024-07-27 04:17:05.260659+00:00
[2024-07-27T04:17:06.834+0000] {standard_task_runner.py:55} INFO - Started process 752 to run task
[2024-07-27T04:17:06.837+0000] {standard_task_runner.py:82} INFO - Running: ['***', 'tasks', 'run', 'exemplo_python_operator', 'clean_data', 'manual__2024-07-27T04:17:05.260659+00:00', '--job-id', '1788', '--raw', '--subdir', 'DAGS_FOLDER/exemplo_python_operator.py', '--cfg-path', '/tmp/tmpeebq5bzm']
[2024-07-27T04:17:06.839+0000] {standard_task_runner.py:83} INFO - Job 1788: Subtask clean_data
[2024-07-27T04:17:06.877+0000] {task_command.py:388} INFO - Running <TaskInstance: exemplo_python_operator.clean_data manual__2024-07-27T04:17:05.260659+00:00 [running]> on host ec0bbc56d6ed
[2024-07-27T04:17:06.914+0000] {taskinstance.py:1509} INFO - Exporting the following env vars:
AIRFLOW_CTX_DAG_OWNER=***
AIRFLOW_CTX_DAG_ID=exemplo_python_operator
AIRFLOW_CTX_TASK_ID=clean_data
AIRFLOW_CTX_EXECUTION_DATE=2024-07-27T04:17:05.260659+00:00
AIRFLOW_CTX_TRY_NUMBER=1
AIRFLOW_CTX_DAG_RUN_ID=manual__2024-07-27T04:17:05.260659+00:00
[2024-07-27T04:17:06.929+0000] {python.py:177} INFO - Done. Returned value was: None
[2024-07-27T04:17:06.935+0000] {taskinstance.py:1323} INFO - Marking task as SUCCESS. dag_id=exemplo_python_operator, task_id=clean_data, execution_date=20240727T041705, start_date=20240727T041706, end_date=20240727T041706
[2024-07-27T04:17:06.983+0000] {local_task_job.py:208} INFO - Task exited with return code 0
[2024-07-27T04:17:06.995+0000] {taskinstance.py:2578} INFO - 0 downstream tasks scheduled from follow-on schedule check
