[2024-07-26T03:08:01.612+0000] {taskinstance.py:1083} INFO - Dependencies all met for <TaskInstance: exemplo_dummy_operator.tsk1 manual__2024-07-26T03:08:00.953050+00:00 [queued]>
[2024-07-26T03:08:01.620+0000] {taskinstance.py:1083} INFO - Dependencies all met for <TaskInstance: exemplo_dummy_operator.tsk1 manual__2024-07-26T03:08:00.953050+00:00 [queued]>
[2024-07-26T03:08:01.623+0000] {taskinstance.py:1279} INFO - 
--------------------------------------------------------------------------------
[2024-07-26T03:08:01.625+0000] {taskinstance.py:1280} INFO - Starting attempt 1 of 1
[2024-07-26T03:08:01.626+0000] {taskinstance.py:1281} INFO - 
--------------------------------------------------------------------------------
[2024-07-26T03:08:01.635+0000] {taskinstance.py:1300} INFO - Executing <Task(BashOperator): tsk1> on 2024-07-26 03:08:00.953050+00:00
[2024-07-26T03:08:01.639+0000] {standard_task_runner.py:55} INFO - Started process 1968 to run task
[2024-07-26T03:08:01.642+0000] {standard_task_runner.py:82} INFO - Running: ['***', 'tasks', 'run', 'exemplo_dummy_operator', 'tsk1', 'manual__2024-07-26T03:08:00.953050+00:00', '--job-id', '1513', '--raw', '--subdir', 'DAGS_FOLDER/exemplo_dummy_operator.py', '--cfg-path', '/tmp/tmph6gvnpew']
[2024-07-26T03:08:01.642+0000] {standard_task_runner.py:83} INFO - Job 1513: Subtask tsk1
[2024-07-26T03:08:01.679+0000] {task_command.py:388} INFO - Running <TaskInstance: exemplo_dummy_operator.tsk1 manual__2024-07-26T03:08:00.953050+00:00 [running]> on host 029011c5aea1
[2024-07-26T03:08:01.717+0000] {taskinstance.py:1509} INFO - Exporting the following env vars:
AIRFLOW_CTX_DAG_OWNER=***
AIRFLOW_CTX_DAG_ID=exemplo_dummy_operator
AIRFLOW_CTX_TASK_ID=tsk1
AIRFLOW_CTX_EXECUTION_DATE=2024-07-26T03:08:00.953050+00:00
AIRFLOW_CTX_TRY_NUMBER=1
AIRFLOW_CTX_DAG_RUN_ID=manual__2024-07-26T03:08:00.953050+00:00
[2024-07-26T03:08:01.718+0000] {subprocess.py:63} INFO - Tmp dir root location: 
 /tmp
[2024-07-26T03:08:01.718+0000] {subprocess.py:75} INFO - Running command: ['/bin/bash', '-c', 'sleep 1']
[2024-07-26T03:08:01.725+0000] {subprocess.py:86} INFO - Output:
[2024-07-26T03:08:02.728+0000] {subprocess.py:97} INFO - Command exited with return code 0
[2024-07-26T03:08:02.752+0000] {taskinstance.py:1323} INFO - Marking task as SUCCESS. dag_id=exemplo_dummy_operator, task_id=tsk1, execution_date=20240726T030800, start_date=20240726T030801, end_date=20240726T030802
[2024-07-26T03:08:02.804+0000] {local_task_job.py:208} INFO - Task exited with return code 0
[2024-07-26T03:08:02.827+0000] {taskinstance.py:2578} INFO - 1 downstream tasks scheduled from follow-on schedule check
