[2024-07-25T02:16:05.666+0000] {taskinstance.py:1083} INFO - Dependencies all met for <TaskInstance: exemplo_paralelismo.tsk2 manual__2024-07-25T02:15:58.562459+00:00 [queued]>
[2024-07-25T02:16:05.674+0000] {taskinstance.py:1083} INFO - Dependencies all met for <TaskInstance: exemplo_paralelismo.tsk2 manual__2024-07-25T02:15:58.562459+00:00 [queued]>
[2024-07-25T02:16:05.674+0000] {taskinstance.py:1279} INFO - 
--------------------------------------------------------------------------------
[2024-07-25T02:16:05.675+0000] {taskinstance.py:1280} INFO - Starting attempt 1 of 1
[2024-07-25T02:16:05.675+0000] {taskinstance.py:1281} INFO - 
--------------------------------------------------------------------------------
[2024-07-25T02:16:05.684+0000] {taskinstance.py:1300} INFO - Executing <Task(BashOperator): tsk2> on 2024-07-25 02:15:58.562459+00:00
[2024-07-25T02:16:05.688+0000] {standard_task_runner.py:55} INFO - Started process 31100 to run task
[2024-07-25T02:16:05.690+0000] {standard_task_runner.py:82} INFO - Running: ['***', 'tasks', 'run', 'exemplo_paralelismo', 'tsk2', 'manual__2024-07-25T02:15:58.562459+00:00', '--job-id', '1362', '--raw', '--subdir', 'DAGS_FOLDER/exemplo_paralelismo.py', '--cfg-path', '/tmp/tmpx__hrw9p']
[2024-07-25T02:16:05.691+0000] {standard_task_runner.py:83} INFO - Job 1362: Subtask tsk2
[2024-07-25T02:16:05.750+0000] {task_command.py:388} INFO - Running <TaskInstance: exemplo_paralelismo.tsk2 manual__2024-07-25T02:15:58.562459+00:00 [running]> on host 448a9c84d52e
[2024-07-25T02:16:05.802+0000] {taskinstance.py:1509} INFO - Exporting the following env vars:
AIRFLOW_CTX_DAG_OWNER=***
AIRFLOW_CTX_DAG_ID=exemplo_paralelismo
AIRFLOW_CTX_TASK_ID=tsk2
AIRFLOW_CTX_EXECUTION_DATE=2024-07-25T02:15:58.562459+00:00
AIRFLOW_CTX_TRY_NUMBER=1
AIRFLOW_CTX_DAG_RUN_ID=manual__2024-07-25T02:15:58.562459+00:00
[2024-07-25T02:16:05.803+0000] {subprocess.py:63} INFO - Tmp dir root location: 
 /tmp
[2024-07-25T02:16:05.804+0000] {subprocess.py:75} INFO - Running command: ['/bin/bash', '-c', 'sleep 5']
[2024-07-25T02:16:05.813+0000] {subprocess.py:86} INFO - Output:
[2024-07-25T02:16:10.819+0000] {subprocess.py:97} INFO - Command exited with return code 0
[2024-07-25T02:16:11.075+0000] {taskinstance.py:1323} INFO - Marking task as SUCCESS. dag_id=exemplo_paralelismo, task_id=tsk2, execution_date=20240725T021558, start_date=20240725T021605, end_date=20240725T021611
[2024-07-25T02:16:11.197+0000] {local_task_job.py:208} INFO - Task exited with return code 0
[2024-07-25T02:16:11.255+0000] {taskinstance.py:2578} INFO - 0 downstream tasks scheduled from follow-on schedule check
