[2024-07-26T06:14:34.791+0000] {taskinstance.py:1083} INFO - Dependencies all met for <TaskInstance: exemplo_email_operator.2-Bash scheduled__2024-07-26T05:00:00+00:00 [queued]>
[2024-07-26T06:14:34.810+0000] {taskinstance.py:1083} INFO - Dependencies all met for <TaskInstance: exemplo_email_operator.2-Bash scheduled__2024-07-26T05:00:00+00:00 [queued]>
[2024-07-26T06:14:34.811+0000] {taskinstance.py:1279} INFO - 
--------------------------------------------------------------------------------
[2024-07-26T06:14:34.811+0000] {taskinstance.py:1280} INFO - Starting attempt 1 of 2
[2024-07-26T06:14:34.811+0000] {taskinstance.py:1281} INFO - 
--------------------------------------------------------------------------------
[2024-07-26T06:14:34.838+0000] {taskinstance.py:1300} INFO - Executing <Task(BashOperator): 2-Bash> on 2024-07-26 05:00:00+00:00
[2024-07-26T06:14:34.850+0000] {standard_task_runner.py:55} INFO - Started process 6187 to run task
[2024-07-26T06:14:34.853+0000] {standard_task_runner.py:82} INFO - Running: ['***', 'tasks', 'run', 'exemplo_email_operator', '2-Bash', 'scheduled__2024-07-26T05:00:00+00:00', '--job-id', '1539', '--raw', '--subdir', 'DAGS_FOLDER/exemplo_email_operator.py', '--cfg-path', '/tmp/tmpx2up2c9s']
[2024-07-26T06:14:34.854+0000] {standard_task_runner.py:83} INFO - Job 1539: Subtask 2-Bash
[2024-07-26T06:14:34.904+0000] {task_command.py:388} INFO - Running <TaskInstance: exemplo_email_operator.2-Bash scheduled__2024-07-26T05:00:00+00:00 [running]> on host 029011c5aea1
[2024-07-26T06:14:35.020+0000] {taskinstance.py:1509} INFO - Exporting the following env vars:
AIRFLOW_CTX_DAG_EMAIL=caue.ausec@gmail.com
AIRFLOW_CTX_DAG_OWNER=***
AIRFLOW_CTX_DAG_ID=exemplo_email_operator
AIRFLOW_CTX_TASK_ID=2-Bash
AIRFLOW_CTX_EXECUTION_DATE=2024-07-26T05:00:00+00:00
AIRFLOW_CTX_TRY_NUMBER=1
AIRFLOW_CTX_DAG_RUN_ID=scheduled__2024-07-26T05:00:00+00:00
[2024-07-26T06:14:35.022+0000] {subprocess.py:63} INFO - Tmp dir root location: 
 /tmp
[2024-07-26T06:14:35.023+0000] {subprocess.py:75} INFO - Running command: ['/bin/bash', '-c', 'sleep 1']
[2024-07-26T06:14:35.033+0000] {subprocess.py:86} INFO - Output:
[2024-07-26T06:14:36.038+0000] {subprocess.py:97} INFO - Command exited with return code 0
[2024-07-26T06:14:36.075+0000] {taskinstance.py:1323} INFO - Marking task as SUCCESS. dag_id=exemplo_email_operator, task_id=2-Bash, execution_date=20240726T050000, start_date=20240726T061434, end_date=20240726T061436
[2024-07-26T06:14:36.096+0000] {local_task_job.py:208} INFO - Task exited with return code 0
[2024-07-26T06:14:36.129+0000] {taskinstance.py:2578} INFO - 0 downstream tasks scheduled from follow-on schedule check
