[2024-07-22T02:34:08.801+0000] {taskinstance.py:1083} INFO - Dependencies all met for <TaskInstance: example_dynamic_task_mapping.sum_it scheduled__2022-09-07T00:00:00+00:00 [queued]>
[2024-07-22T02:34:08.819+0000] {taskinstance.py:1083} INFO - Dependencies all met for <TaskInstance: example_dynamic_task_mapping.sum_it scheduled__2022-09-07T00:00:00+00:00 [queued]>
[2024-07-22T02:34:08.820+0000] {taskinstance.py:1279} INFO - 
--------------------------------------------------------------------------------
[2024-07-22T02:34:08.832+0000] {taskinstance.py:1280} INFO - Starting attempt 1 of 1
[2024-07-22T02:34:08.839+0000] {taskinstance.py:1281} INFO - 
--------------------------------------------------------------------------------
[2024-07-22T02:34:08.867+0000] {taskinstance.py:1300} INFO - Executing <Task(_PythonDecoratedOperator): sum_it> on 2022-09-07 00:00:00+00:00
[2024-07-22T02:34:08.874+0000] {standard_task_runner.py:82} INFO - Running: ['***', 'tasks', 'run', 'example_dynamic_task_mapping', 'sum_it', 'scheduled__2022-09-07T00:00:00+00:00', '--job-id', '800', '--raw', '--subdir', '/home/***/.local/lib/python3.7/site-packages/***/example_dags/example_dynamic_task_mapping.py', '--cfg-path', '/tmp/tmp7oxopg24']
[2024-07-22T02:34:08.871+0000] {standard_task_runner.py:55} INFO - Started process 2306 to run task
[2024-07-22T02:34:08.876+0000] {standard_task_runner.py:83} INFO - Job 800: Subtask sum_it
[2024-07-22T02:34:09.158+0000] {task_command.py:388} INFO - Running <TaskInstance: example_dynamic_task_mapping.sum_it scheduled__2022-09-07T00:00:00+00:00 [running]> on host 06eaaebc2caa
[2024-07-22T02:34:09.329+0000] {taskinstance.py:1509} INFO - Exporting the following env vars:
AIRFLOW_CTX_DAG_OWNER=***
AIRFLOW_CTX_DAG_ID=example_dynamic_task_mapping
AIRFLOW_CTX_TASK_ID=sum_it
AIRFLOW_CTX_EXECUTION_DATE=2022-09-07T00:00:00+00:00
AIRFLOW_CTX_TRY_NUMBER=1
AIRFLOW_CTX_DAG_RUN_ID=scheduled__2022-09-07T00:00:00+00:00
[2024-07-22T02:34:09.354+0000] {logging_mixin.py:137} INFO - Total was 9
[2024-07-22T02:34:09.358+0000] {python.py:177} INFO - Done. Returned value was: None
[2024-07-22T02:34:09.376+0000] {taskinstance.py:1323} INFO - Marking task as SUCCESS. dag_id=example_dynamic_task_mapping, task_id=sum_it, execution_date=20220907T000000, start_date=20240722T023408, end_date=20240722T023409
[2024-07-22T02:34:09.408+0000] {local_task_job.py:208} INFO - Task exited with return code 0
[2024-07-22T02:34:09.424+0000] {taskinstance.py:2578} INFO - 0 downstream tasks scheduled from follow-on schedule check
