[2024-07-25T00:08:53.455+0000] {taskinstance.py:1083} INFO - Dependencies all met for <TaskInstance: examplo_dag_run_dag.tsk1 manual__2024-07-25T00:08:52.972543+00:00 [queued]>
[2024-07-25T00:08:53.462+0000] {taskinstance.py:1083} INFO - Dependencies all met for <TaskInstance: examplo_dag_run_dag.tsk1 manual__2024-07-25T00:08:52.972543+00:00 [queued]>
[2024-07-25T00:08:53.465+0000] {taskinstance.py:1279} INFO - 
--------------------------------------------------------------------------------
[2024-07-25T00:08:53.466+0000] {taskinstance.py:1280} INFO - Starting attempt 1 of 1
[2024-07-25T00:08:53.466+0000] {taskinstance.py:1281} INFO - 
--------------------------------------------------------------------------------
[2024-07-25T00:08:53.478+0000] {taskinstance.py:1300} INFO - Executing <Task(BashOperator): tsk1> on 2024-07-25 00:08:52.972543+00:00
[2024-07-25T00:08:53.481+0000] {standard_task_runner.py:55} INFO - Started process 27085 to run task
[2024-07-25T00:08:53.484+0000] {standard_task_runner.py:82} INFO - Running: ['***', 'tasks', 'run', 'examplo_dag_run_dag', 'tsk1', 'manual__2024-07-25T00:08:52.972543+00:00', '--job-id', '1324', '--raw', '--subdir', 'DAGS_FOLDER/examplo_dag_run_dag.py', '--cfg-path', '/tmp/tmpbjg7yy_w']
[2024-07-25T00:08:53.487+0000] {standard_task_runner.py:83} INFO - Job 1324: Subtask tsk1
[2024-07-25T00:08:53.540+0000] {task_command.py:388} INFO - Running <TaskInstance: examplo_dag_run_dag.tsk1 manual__2024-07-25T00:08:52.972543+00:00 [running]> on host 448a9c84d52e
[2024-07-25T00:08:53.592+0000] {taskinstance.py:1509} INFO - Exporting the following env vars:
AIRFLOW_CTX_DAG_OWNER=***
AIRFLOW_CTX_DAG_ID=examplo_dag_run_dag
AIRFLOW_CTX_TASK_ID=tsk1
AIRFLOW_CTX_EXECUTION_DATE=2024-07-25T00:08:52.972543+00:00
AIRFLOW_CTX_TRY_NUMBER=1
AIRFLOW_CTX_DAG_RUN_ID=manual__2024-07-25T00:08:52.972543+00:00
[2024-07-25T00:08:53.594+0000] {subprocess.py:63} INFO - Tmp dir root location: 
 /tmp
[2024-07-25T00:08:53.596+0000] {subprocess.py:75} INFO - Running command: ['/bin/bash', '-c', 'sleep 5']
[2024-07-25T00:08:53.603+0000] {subprocess.py:86} INFO - Output:
[2024-07-25T00:08:58.608+0000] {subprocess.py:97} INFO - Command exited with return code 0
[2024-07-25T00:08:58.631+0000] {taskinstance.py:1323} INFO - Marking task as SUCCESS. dag_id=examplo_dag_run_dag, task_id=tsk1, execution_date=20240725T000852, start_date=20240725T000853, end_date=20240725T000858
[2024-07-25T00:08:58.673+0000] {local_task_job.py:208} INFO - Task exited with return code 0
[2024-07-25T00:08:58.692+0000] {taskinstance.py:2578} INFO - 1 downstream tasks scheduled from follow-on schedule check
