[2024-07-25T00:12:11.288+0000] {taskinstance.py:1083} INFO - Dependencies all met for <TaskInstance: exemplo_run_dag_operator_1.tsk1 manual__2024-07-25T00:12:10.278475+00:00 [queued]>
[2024-07-25T00:12:11.294+0000] {taskinstance.py:1083} INFO - Dependencies all met for <TaskInstance: exemplo_run_dag_operator_1.tsk1 manual__2024-07-25T00:12:10.278475+00:00 [queued]>
[2024-07-25T00:12:11.294+0000] {taskinstance.py:1279} INFO - 
--------------------------------------------------------------------------------
[2024-07-25T00:12:11.294+0000] {taskinstance.py:1280} INFO - Starting attempt 1 of 1
[2024-07-25T00:12:11.294+0000] {taskinstance.py:1281} INFO - 
--------------------------------------------------------------------------------
[2024-07-25T00:12:11.301+0000] {taskinstance.py:1300} INFO - Executing <Task(BashOperator): tsk1> on 2024-07-25 00:12:10.278475+00:00
[2024-07-25T00:12:11.303+0000] {standard_task_runner.py:55} INFO - Started process 27379 to run task
[2024-07-25T00:12:11.305+0000] {standard_task_runner.py:82} INFO - Running: ['***', 'tasks', 'run', 'exemplo_run_dag_operator_1', 'tsk1', 'manual__2024-07-25T00:12:10.278475+00:00', '--job-id', '1332', '--raw', '--subdir', 'DAGS_FOLDER/exemplo_run_dag_operator_1.py', '--cfg-path', '/tmp/tmp26q9twur']
[2024-07-25T00:12:11.305+0000] {standard_task_runner.py:83} INFO - Job 1332: Subtask tsk1
[2024-07-25T00:12:11.337+0000] {task_command.py:388} INFO - Running <TaskInstance: exemplo_run_dag_operator_1.tsk1 manual__2024-07-25T00:12:10.278475+00:00 [running]> on host 448a9c84d52e
[2024-07-25T00:12:11.385+0000] {taskinstance.py:1509} INFO - Exporting the following env vars:
AIRFLOW_CTX_DAG_OWNER=***
AIRFLOW_CTX_DAG_ID=exemplo_run_dag_operator_1
AIRFLOW_CTX_TASK_ID=tsk1
AIRFLOW_CTX_EXECUTION_DATE=2024-07-25T00:12:10.278475+00:00
AIRFLOW_CTX_TRY_NUMBER=1
AIRFLOW_CTX_DAG_RUN_ID=manual__2024-07-25T00:12:10.278475+00:00
[2024-07-25T00:12:11.386+0000] {subprocess.py:63} INFO - Tmp dir root location: 
 /tmp
[2024-07-25T00:12:11.387+0000] {subprocess.py:75} INFO - Running command: ['/bin/bash', '-c', 'sleep 5']
[2024-07-25T00:12:11.394+0000] {subprocess.py:86} INFO - Output:
[2024-07-25T00:12:16.397+0000] {subprocess.py:97} INFO - Command exited with return code 0
[2024-07-25T00:12:16.421+0000] {taskinstance.py:1323} INFO - Marking task as SUCCESS. dag_id=exemplo_run_dag_operator_1, task_id=tsk1, execution_date=20240725T001210, start_date=20240725T001211, end_date=20240725T001216
[2024-07-25T00:12:16.466+0000] {local_task_job.py:208} INFO - Task exited with return code 0
[2024-07-25T00:12:16.483+0000] {taskinstance.py:2578} INFO - 1 downstream tasks scheduled from follow-on schedule check
