[2024-07-27T17:00:12.081+0000] {taskinstance.py:1083} INFO - Dependencies all met for <TaskInstance: exemplo_defaultargs.tsk3 scheduled__2024-07-27T16:00:00+00:00 [queued]>
[2024-07-27T17:00:12.086+0000] {taskinstance.py:1083} INFO - Dependencies all met for <TaskInstance: exemplo_defaultargs.tsk3 scheduled__2024-07-27T16:00:00+00:00 [queued]>
[2024-07-27T17:00:12.087+0000] {taskinstance.py:1279} INFO - 
--------------------------------------------------------------------------------
[2024-07-27T17:00:12.087+0000] {taskinstance.py:1280} INFO - Starting attempt 1 of 2
[2024-07-27T17:00:12.090+0000] {taskinstance.py:1281} INFO - 
--------------------------------------------------------------------------------
[2024-07-27T17:00:12.098+0000] {taskinstance.py:1300} INFO - Executing <Task(BashOperator): tsk3> on 2024-07-27 16:00:00+00:00
[2024-07-27T17:00:12.101+0000] {standard_task_runner.py:55} INFO - Started process 16025 to run task
[2024-07-27T17:00:12.103+0000] {standard_task_runner.py:82} INFO - Running: ['***', 'tasks', 'run', 'exemplo_defaultargs', 'tsk3', 'scheduled__2024-07-27T16:00:00+00:00', '--job-id', '1829', '--raw', '--subdir', 'DAGS_FOLDER/exemplo_defaultargs.py', '--cfg-path', '/tmp/tmpoupe_r0b']
[2024-07-27T17:00:12.104+0000] {standard_task_runner.py:83} INFO - Job 1829: Subtask tsk3
[2024-07-27T17:00:12.138+0000] {task_command.py:388} INFO - Running <TaskInstance: exemplo_defaultargs.tsk3 scheduled__2024-07-27T16:00:00+00:00 [running]> on host ec0bbc56d6ed
[2024-07-27T17:00:12.173+0000] {taskinstance.py:1509} INFO - Exporting the following env vars:
AIRFLOW_CTX_DAG_EMAIL=test@test.com
AIRFLOW_CTX_DAG_OWNER=***
AIRFLOW_CTX_DAG_ID=exemplo_defaultargs
AIRFLOW_CTX_TASK_ID=tsk3
AIRFLOW_CTX_EXECUTION_DATE=2024-07-27T16:00:00+00:00
AIRFLOW_CTX_TRY_NUMBER=1
AIRFLOW_CTX_DAG_RUN_ID=scheduled__2024-07-27T16:00:00+00:00
[2024-07-27T17:00:12.174+0000] {subprocess.py:63} INFO - Tmp dir root location: 
 /tmp
[2024-07-27T17:00:12.175+0000] {subprocess.py:75} INFO - Running command: ['/bin/bash', '-c', 'sleep 5']
[2024-07-27T17:00:12.181+0000] {subprocess.py:86} INFO - Output:
[2024-07-27T17:00:17.189+0000] {subprocess.py:97} INFO - Command exited with return code 0
[2024-07-27T17:00:17.218+0000] {taskinstance.py:1323} INFO - Marking task as SUCCESS. dag_id=exemplo_defaultargs, task_id=tsk3, execution_date=20240727T160000, start_date=20240727T170012, end_date=20240727T170017
[2024-07-27T17:00:17.244+0000] {local_task_job.py:208} INFO - Task exited with return code 0
[2024-07-27T17:00:17.254+0000] {taskinstance.py:2578} INFO - 0 downstream tasks scheduled from follow-on schedule check
