[2024-07-27T02:46:12.281+0000] {taskinstance.py:1083} INFO - Dependencies all met for <TaskInstance: exemplo_pools.tsk3 manual__2024-07-27T02:45:59.889631+00:00 [queued]>
[2024-07-27T02:46:12.287+0000] {taskinstance.py:1083} INFO - Dependencies all met for <TaskInstance: exemplo_pools.tsk3 manual__2024-07-27T02:45:59.889631+00:00 [queued]>
[2024-07-27T02:46:12.287+0000] {taskinstance.py:1279} INFO - 
--------------------------------------------------------------------------------
[2024-07-27T02:46:12.287+0000] {taskinstance.py:1280} INFO - Starting attempt 1 of 1
[2024-07-27T02:46:12.287+0000] {taskinstance.py:1281} INFO - 
--------------------------------------------------------------------------------
[2024-07-27T02:46:12.294+0000] {taskinstance.py:1300} INFO - Executing <Task(BashOperator): tsk3> on 2024-07-27 02:45:59.889631+00:00
[2024-07-27T02:46:12.297+0000] {standard_task_runner.py:55} INFO - Started process 78092 to run task
[2024-07-27T02:46:12.299+0000] {standard_task_runner.py:82} INFO - Running: ['***', 'tasks', 'run', 'exemplo_pools', 'tsk3', 'manual__2024-07-27T02:45:59.889631+00:00', '--job-id', '1733', '--raw', '--subdir', 'DAGS_FOLDER/exemplo_pools.py', '--cfg-path', '/tmp/tmpbjousgd8']
[2024-07-27T02:46:12.300+0000] {standard_task_runner.py:83} INFO - Job 1733: Subtask tsk3
[2024-07-27T02:46:12.415+0000] {task_command.py:388} INFO - Running <TaskInstance: exemplo_pools.tsk3 manual__2024-07-27T02:45:59.889631+00:00 [running]> on host 029011c5aea1
[2024-07-27T02:46:12.468+0000] {taskinstance.py:1509} INFO - Exporting the following env vars:
AIRFLOW_CTX_DAG_OWNER=***
AIRFLOW_CTX_DAG_ID=exemplo_pools
AIRFLOW_CTX_TASK_ID=tsk3
AIRFLOW_CTX_EXECUTION_DATE=2024-07-27T02:45:59.889631+00:00
AIRFLOW_CTX_TRY_NUMBER=1
AIRFLOW_CTX_DAG_RUN_ID=manual__2024-07-27T02:45:59.889631+00:00
[2024-07-27T02:46:12.469+0000] {subprocess.py:63} INFO - Tmp dir root location: 
 /tmp
[2024-07-27T02:46:12.469+0000] {subprocess.py:75} INFO - Running command: ['/bin/bash', '-c', 'sleep 5']
[2024-07-27T02:46:12.477+0000] {subprocess.py:86} INFO - Output:
[2024-07-27T02:46:17.484+0000] {subprocess.py:97} INFO - Command exited with return code 0
[2024-07-27T02:46:17.502+0000] {taskinstance.py:1323} INFO - Marking task as SUCCESS. dag_id=exemplo_pools, task_id=tsk3, execution_date=20240727T024559, start_date=20240727T024612, end_date=20240727T024617
[2024-07-27T02:46:17.554+0000] {local_task_job.py:208} INFO - Task exited with return code 0
[2024-07-27T02:46:17.564+0000] {taskinstance.py:2578} INFO - 0 downstream tasks scheduled from follow-on schedule check
