[2024-07-27T04:11:43.764+0000] {taskinstance.py:1083} INFO - Dependencies all met for <TaskInstance: exemplo_python_operator.clean_data manual__2024-07-27T04:11:42.103097+00:00 [queued]>
[2024-07-27T04:11:43.770+0000] {taskinstance.py:1083} INFO - Dependencies all met for <TaskInstance: exemplo_python_operator.clean_data manual__2024-07-27T04:11:42.103097+00:00 [queued]>
[2024-07-27T04:11:43.770+0000] {taskinstance.py:1279} INFO - 
--------------------------------------------------------------------------------
[2024-07-27T04:11:43.771+0000] {taskinstance.py:1280} INFO - Starting attempt 1 of 1
[2024-07-27T04:11:43.771+0000] {taskinstance.py:1281} INFO - 
--------------------------------------------------------------------------------
[2024-07-27T04:11:43.778+0000] {taskinstance.py:1300} INFO - Executing <Task(PythonOperator): clean_data> on 2024-07-27 04:11:42.103097+00:00
[2024-07-27T04:11:43.782+0000] {standard_task_runner.py:55} INFO - Started process 280 to run task
[2024-07-27T04:11:43.784+0000] {standard_task_runner.py:82} INFO - Running: ['***', 'tasks', 'run', 'exemplo_python_operator', 'clean_data', 'manual__2024-07-27T04:11:42.103097+00:00', '--job-id', '1784', '--raw', '--subdir', 'DAGS_FOLDER/exemplo_python_operator.py', '--cfg-path', '/tmp/tmpnjnl393y']
[2024-07-27T04:11:43.785+0000] {standard_task_runner.py:83} INFO - Job 1784: Subtask clean_data
[2024-07-27T04:11:43.824+0000] {task_command.py:388} INFO - Running <TaskInstance: exemplo_python_operator.clean_data manual__2024-07-27T04:11:42.103097+00:00 [running]> on host ec0bbc56d6ed
[2024-07-27T04:11:43.866+0000] {taskinstance.py:1509} INFO - Exporting the following env vars:
AIRFLOW_CTX_DAG_OWNER=***
AIRFLOW_CTX_DAG_ID=exemplo_python_operator
AIRFLOW_CTX_TASK_ID=clean_data
AIRFLOW_CTX_EXECUTION_DATE=2024-07-27T04:11:42.103097+00:00
AIRFLOW_CTX_TRY_NUMBER=1
AIRFLOW_CTX_DAG_RUN_ID=manual__2024-07-27T04:11:42.103097+00:00
[2024-07-27T04:11:43.880+0000] {taskinstance.py:1768} ERROR - Task failed with exception
Traceback (most recent call last):
  File "/home/airflow/.local/lib/python3.7/site-packages/airflow/operators/python.py", line 175, in execute
    return_value = self.execute_callable()
  File "/home/airflow/.local/lib/python3.7/site-packages/airflow/operators/python.py", line 192, in execute_callable
    return self.python_callable(*self.op_args, **self.op_kwargs)
  File "/opt/airflow/dags/exemplo_python_operator.py", line 37, in clean_data
    lambda x: (
  File "/home/airflow/.local/lib/python3.7/site-packages/pandas/core/series.py", line 4357, in apply
    return SeriesApply(self, func, convert_dtype, args, kwargs).apply()
  File "/home/airflow/.local/lib/python3.7/site-packages/pandas/core/apply.py", line 1043, in apply
    return self.apply_standard()
  File "/home/airflow/.local/lib/python3.7/site-packages/pandas/core/apply.py", line 1101, in apply_standard
    convert=self.convert_dtype,
  File "pandas/_libs/lib.pyx", line 2859, in pandas._libs.lib.map_infer
  File "/opt/airflow/dags/exemplo_python_operator.py", line 39, in <lambda>
    if isinstance(x, str)
AttributeError: 'str' object has no attribute 'str'
[2024-07-27T04:11:43.888+0000] {taskinstance.py:1323} INFO - Marking task as FAILED. dag_id=exemplo_python_operator, task_id=clean_data, execution_date=20240727T041142, start_date=20240727T041143, end_date=20240727T041143
[2024-07-27T04:11:43.895+0000] {standard_task_runner.py:105} ERROR - Failed to execute job 1784 for task clean_data ('str' object has no attribute 'str'; 280)
[2024-07-27T04:11:43.923+0000] {local_task_job.py:208} INFO - Task exited with return code 1
[2024-07-27T04:11:43.933+0000] {taskinstance.py:2578} INFO - 0 downstream tasks scheduled from follow-on schedule check
