[2024-07-25T02:16:18.884+0000] {taskinstance.py:1083} INFO - Dependencies all met for <TaskInstance: exemplo_dag_group.tsk6 manual__2024-07-25T02:15:54.686135+00:00 [queued]>
[2024-07-25T02:16:18.906+0000] {taskinstance.py:1083} INFO - Dependencies all met for <TaskInstance: exemplo_dag_group.tsk6 manual__2024-07-25T02:15:54.686135+00:00 [queued]>
[2024-07-25T02:16:18.907+0000] {taskinstance.py:1279} INFO - 
--------------------------------------------------------------------------------
[2024-07-25T02:16:18.907+0000] {taskinstance.py:1280} INFO - Starting attempt 1 of 1
[2024-07-25T02:16:18.908+0000] {taskinstance.py:1281} INFO - 
--------------------------------------------------------------------------------
[2024-07-25T02:16:18.979+0000] {taskinstance.py:1300} INFO - Executing <Task(BashOperator): tsk6> on 2024-07-25 02:15:54.686135+00:00
[2024-07-25T02:16:18.997+0000] {standard_task_runner.py:82} INFO - Running: ['***', 'tasks', 'run', 'exemplo_dag_group', 'tsk6', 'manual__2024-07-25T02:15:54.686135+00:00', '--job-id', '1379', '--raw', '--subdir', 'DAGS_FOLDER/exemplo_dag_group.py', '--cfg-path', '/tmp/tmp7a9taorj']
[2024-07-25T02:16:19.005+0000] {standard_task_runner.py:83} INFO - Job 1379: Subtask tsk6
[2024-07-25T02:16:18.995+0000] {standard_task_runner.py:55} INFO - Started process 31159 to run task
[2024-07-25T02:16:19.127+0000] {task_command.py:388} INFO - Running <TaskInstance: exemplo_dag_group.tsk6 manual__2024-07-25T02:15:54.686135+00:00 [running]> on host 448a9c84d52e
[2024-07-25T02:16:19.194+0000] {taskinstance.py:1509} INFO - Exporting the following env vars:
AIRFLOW_CTX_DAG_OWNER=***
AIRFLOW_CTX_DAG_ID=exemplo_dag_group
AIRFLOW_CTX_TASK_ID=tsk6
AIRFLOW_CTX_EXECUTION_DATE=2024-07-25T02:15:54.686135+00:00
AIRFLOW_CTX_TRY_NUMBER=1
AIRFLOW_CTX_DAG_RUN_ID=manual__2024-07-25T02:15:54.686135+00:00
[2024-07-25T02:16:19.198+0000] {subprocess.py:63} INFO - Tmp dir root location: 
 /tmp
[2024-07-25T02:16:19.200+0000] {subprocess.py:75} INFO - Running command: ['/bin/bash', '-c', 'exit 1']
[2024-07-25T02:16:19.230+0000] {subprocess.py:86} INFO - Output:
[2024-07-25T02:16:19.232+0000] {subprocess.py:97} INFO - Command exited with return code 1
[2024-07-25T02:16:19.242+0000] {taskinstance.py:1768} ERROR - Task failed with exception
Traceback (most recent call last):
  File "/home/airflow/.local/lib/python3.7/site-packages/airflow/operators/bash.py", line 197, in execute
    f"Bash command failed. The command returned a non-zero exit code {result.exit_code}."
airflow.exceptions.AirflowException: Bash command failed. The command returned a non-zero exit code 1.
[2024-07-25T02:16:19.249+0000] {taskinstance.py:1323} INFO - Marking task as FAILED. dag_id=exemplo_dag_group, task_id=tsk6, execution_date=20240725T021554, start_date=20240725T021618, end_date=20240725T021619
[2024-07-25T02:16:19.259+0000] {standard_task_runner.py:105} ERROR - Failed to execute job 1379 for task tsk6 (Bash command failed. The command returned a non-zero exit code 1.; 31159)
[2024-07-25T02:16:19.271+0000] {local_task_job.py:208} INFO - Task exited with return code 1
[2024-07-25T02:16:19.296+0000] {taskinstance.py:2578} INFO - 1 downstream tasks scheduled from follow-on schedule check
