[2024-07-22T02:32:08.276+0000] {taskinstance.py:1083} INFO - Dependencies all met for <TaskInstance: example_trigger_target_dag.run_this manual__2024-07-22T02:32:07.108953+00:00 [queued]>
[2024-07-22T02:32:08.294+0000] {taskinstance.py:1083} INFO - Dependencies all met for <TaskInstance: example_trigger_target_dag.run_this manual__2024-07-22T02:32:07.108953+00:00 [queued]>
[2024-07-22T02:32:08.295+0000] {taskinstance.py:1279} INFO - 
--------------------------------------------------------------------------------
[2024-07-22T02:32:08.296+0000] {taskinstance.py:1280} INFO - Starting attempt 1 of 1
[2024-07-22T02:32:08.296+0000] {taskinstance.py:1281} INFO - 
--------------------------------------------------------------------------------
[2024-07-22T02:32:08.316+0000] {taskinstance.py:1300} INFO - Executing <Task(_PythonDecoratedOperator): run_this> on 2024-07-22 02:32:07.108953+00:00
[2024-07-22T02:32:08.322+0000] {standard_task_runner.py:55} INFO - Started process 1246 to run task
[2024-07-22T02:32:08.330+0000] {standard_task_runner.py:82} INFO - Running: ['***', 'tasks', 'run', 'example_trigger_target_dag', 'run_this', 'manual__2024-07-22T02:32:07.108953+00:00', '--job-id', '349', '--raw', '--subdir', '/home/***/.local/lib/python3.7/site-packages/***/example_dags/example_trigger_target_dag.py', '--cfg-path', '/tmp/tmpdt84h4tm']
[2024-07-22T02:32:08.330+0000] {standard_task_runner.py:83} INFO - Job 349: Subtask run_this
[2024-07-22T02:32:08.454+0000] {task_command.py:388} INFO - Running <TaskInstance: example_trigger_target_dag.run_this manual__2024-07-22T02:32:07.108953+00:00 [running]> on host 06eaaebc2caa
[2024-07-22T02:32:08.537+0000] {taskinstance.py:1509} INFO - Exporting the following env vars:
AIRFLOW_CTX_DAG_OWNER=***
AIRFLOW_CTX_DAG_ID=example_trigger_target_dag
AIRFLOW_CTX_TASK_ID=run_this
AIRFLOW_CTX_EXECUTION_DATE=2024-07-22T02:32:07.108953+00:00
AIRFLOW_CTX_TRY_NUMBER=1
AIRFLOW_CTX_DAG_RUN_ID=manual__2024-07-22T02:32:07.108953+00:00
[2024-07-22T02:32:08.541+0000] {logging_mixin.py:137} INFO - Remotely received value of Hello World for key=message
[2024-07-22T02:32:08.542+0000] {python.py:177} INFO - Done. Returned value was: None
[2024-07-22T02:32:08.553+0000] {taskinstance.py:1323} INFO - Marking task as SUCCESS. dag_id=example_trigger_target_dag, task_id=run_this, execution_date=20240722T023207, start_date=20240722T023208, end_date=20240722T023208
[2024-07-22T02:32:08.596+0000] {local_task_job.py:208} INFO - Task exited with return code 0
[2024-07-22T02:32:08.632+0000] {taskinstance.py:2578} INFO - 0 downstream tasks scheduled from follow-on schedule check
