[2024-07-25T00:10:56.710+0000] {processor.py:153} INFO - Started process (PID=95484) to work on /opt/airflow/dags/examplo_run_dag_operator_1.py
[2024-07-25T00:10:56.713+0000] {processor.py:743} INFO - Processing file /opt/airflow/dags/examplo_run_dag_operator_1.py for tasks to queue
[2024-07-25T00:10:56.714+0000] {logging_mixin.py:137} INFO - [2024-07-25T00:10:56.714+0000] {dagbag.py:538} INFO - Filling up the DagBag from /opt/airflow/dags/examplo_run_dag_operator_1.py
[2024-07-25T00:10:56.731+0000] {processor.py:753} INFO - DAG(s) dict_keys(['examplo_run_dag_operator_1']) retrieved from /opt/airflow/dags/examplo_run_dag_operator_1.py
[2024-07-25T00:10:56.812+0000] {logging_mixin.py:137} INFO - [2024-07-25T00:10:56.811+0000] {manager.py:504} INFO - Created Permission View: can read on DAG:examplo_run_dag_operator_1
[2024-07-25T00:10:56.816+0000] {logging_mixin.py:137} INFO - [2024-07-25T00:10:56.815+0000] {manager.py:504} INFO - Created Permission View: can edit on DAG:examplo_run_dag_operator_1
[2024-07-25T00:10:56.818+0000] {logging_mixin.py:137} INFO - [2024-07-25T00:10:56.818+0000] {manager.py:504} INFO - Created Permission View: can delete on DAG:examplo_run_dag_operator_1
[2024-07-25T00:10:56.818+0000] {logging_mixin.py:137} INFO - [2024-07-25T00:10:56.818+0000] {dag.py:2690} INFO - Sync 1 DAGs
[2024-07-25T00:10:56.825+0000] {logging_mixin.py:137} INFO - [2024-07-25T00:10:56.825+0000] {dag.py:2711} INFO - Creating ORM DAG for examplo_run_dag_operator_1
[2024-07-25T00:10:56.831+0000] {logging_mixin.py:137} INFO - [2024-07-25T00:10:56.831+0000] {dag.py:3441} INFO - Setting next_dagrun for examplo_run_dag_operator_1 to None, run_after=None
[2024-07-25T00:10:56.839+0000] {processor.py:175} INFO - Processing /opt/airflow/dags/examplo_run_dag_operator_1.py took 0.132 seconds
[2024-07-25T00:11:02.302+0000] {processor.py:153} INFO - Started process (PID=95512) to work on /opt/airflow/dags/examplo_run_dag_operator_1.py
[2024-07-25T00:11:02.303+0000] {processor.py:743} INFO - Processing file /opt/airflow/dags/examplo_run_dag_operator_1.py for tasks to queue
[2024-07-25T00:11:02.304+0000] {logging_mixin.py:137} INFO - [2024-07-25T00:11:02.304+0000] {dagbag.py:538} INFO - Filling up the DagBag from /opt/airflow/dags/examplo_run_dag_operator_1.py
[2024-07-25T00:11:02.325+0000] {processor.py:753} INFO - DAG(s) dict_keys(['examplo_run_dag_operator_1']) retrieved from /opt/airflow/dags/examplo_run_dag_operator_1.py
[2024-07-25T00:11:02.333+0000] {logging_mixin.py:137} INFO - [2024-07-25T00:11:02.333+0000] {dag.py:2690} INFO - Sync 1 DAGs
[2024-07-25T00:11:02.348+0000] {logging_mixin.py:137} INFO - [2024-07-25T00:11:02.348+0000] {dag.py:3441} INFO - Setting next_dagrun for examplo_run_dag_operator_1 to None, run_after=None
[2024-07-25T00:11:02.356+0000] {processor.py:175} INFO - Processing /opt/airflow/dags/examplo_run_dag_operator_1.py took 0.058 seconds
[2024-07-25T00:11:07.929+0000] {processor.py:153} INFO - Started process (PID=95524) to work on /opt/airflow/dags/examplo_run_dag_operator_1.py
[2024-07-25T00:11:07.930+0000] {processor.py:743} INFO - Processing file /opt/airflow/dags/examplo_run_dag_operator_1.py for tasks to queue
[2024-07-25T00:11:07.931+0000] {logging_mixin.py:137} INFO - [2024-07-25T00:11:07.931+0000] {dagbag.py:538} INFO - Filling up the DagBag from /opt/airflow/dags/examplo_run_dag_operator_1.py
[2024-07-25T00:11:07.945+0000] {processor.py:753} INFO - DAG(s) dict_keys(['examplo_run_dag_operator_1']) retrieved from /opt/airflow/dags/examplo_run_dag_operator_1.py
[2024-07-25T00:11:07.955+0000] {logging_mixin.py:137} INFO - [2024-07-25T00:11:07.955+0000] {dag.py:2690} INFO - Sync 1 DAGs
[2024-07-25T00:11:07.972+0000] {logging_mixin.py:137} INFO - [2024-07-25T00:11:07.972+0000] {dag.py:3441} INFO - Setting next_dagrun for examplo_run_dag_operator_1 to None, run_after=None
[2024-07-25T00:11:07.983+0000] {processor.py:175} INFO - Processing /opt/airflow/dags/examplo_run_dag_operator_1.py took 0.058 seconds
