[2024-07-25T00:04:09.310+0000] {processor.py:153} INFO - Started process (PID=94065) to work on /opt/airflow/dags/examplo_dag_run_operator.py
[2024-07-25T00:04:09.311+0000] {processor.py:743} INFO - Processing file /opt/airflow/dags/examplo_dag_run_operator.py for tasks to queue
[2024-07-25T00:04:09.311+0000] {logging_mixin.py:137} INFO - [2024-07-25T00:04:09.311+0000] {dagbag.py:538} INFO - Filling up the DagBag from /opt/airflow/dags/examplo_dag_run_operator.py
[2024-07-25T00:04:09.323+0000] {processor.py:753} INFO - DAG(s) dict_keys(['examplo_dag_run_operator']) retrieved from /opt/airflow/dags/examplo_dag_run_operator.py
[2024-07-25T00:04:09.337+0000] {logging_mixin.py:137} INFO - [2024-07-25T00:04:09.337+0000] {dag.py:2690} INFO - Sync 1 DAGs
[2024-07-25T00:04:09.349+0000] {logging_mixin.py:137} INFO - [2024-07-25T00:04:09.349+0000] {dag.py:3441} INFO - Setting next_dagrun for examplo_dag_run_operator to None, run_after=None
[2024-07-25T00:04:09.360+0000] {processor.py:175} INFO - Processing /opt/airflow/dags/examplo_dag_run_operator.py took 0.051 seconds
[2024-07-25T00:04:14.428+0000] {processor.py:153} INFO - Started process (PID=94076) to work on /opt/airflow/dags/examplo_dag_run_operator.py
[2024-07-25T00:04:14.428+0000] {processor.py:743} INFO - Processing file /opt/airflow/dags/examplo_dag_run_operator.py for tasks to queue
[2024-07-25T00:04:14.429+0000] {logging_mixin.py:137} INFO - [2024-07-25T00:04:14.429+0000] {dagbag.py:538} INFO - Filling up the DagBag from /opt/airflow/dags/examplo_dag_run_operator.py
[2024-07-25T00:04:14.442+0000] {processor.py:753} INFO - DAG(s) dict_keys(['examplo_dag_run_operator']) retrieved from /opt/airflow/dags/examplo_dag_run_operator.py
[2024-07-25T00:04:14.462+0000] {logging_mixin.py:137} INFO - [2024-07-25T00:04:14.462+0000] {dag.py:2690} INFO - Sync 1 DAGs
[2024-07-25T00:04:14.477+0000] {logging_mixin.py:137} INFO - [2024-07-25T00:04:14.477+0000] {dag.py:3441} INFO - Setting next_dagrun for examplo_dag_run_operator to None, run_after=None
[2024-07-25T00:04:14.492+0000] {processor.py:175} INFO - Processing /opt/airflow/dags/examplo_dag_run_operator.py took 0.067 seconds
[2024-07-25T00:04:19.966+0000] {processor.py:153} INFO - Started process (PID=94094) to work on /opt/airflow/dags/examplo_dag_run_operator.py
[2024-07-25T00:04:19.967+0000] {processor.py:743} INFO - Processing file /opt/airflow/dags/examplo_dag_run_operator.py for tasks to queue
[2024-07-25T00:04:19.969+0000] {logging_mixin.py:137} INFO - [2024-07-25T00:04:19.968+0000] {dagbag.py:538} INFO - Filling up the DagBag from /opt/airflow/dags/examplo_dag_run_operator.py
[2024-07-25T00:04:19.990+0000] {processor.py:753} INFO - DAG(s) dict_keys(['examplo_dag_run_operator']) retrieved from /opt/airflow/dags/examplo_dag_run_operator.py
[2024-07-25T00:04:20.007+0000] {logging_mixin.py:137} INFO - [2024-07-25T00:04:20.007+0000] {dag.py:2690} INFO - Sync 1 DAGs
[2024-07-25T00:04:20.023+0000] {logging_mixin.py:137} INFO - [2024-07-25T00:04:20.023+0000] {dag.py:3441} INFO - Setting next_dagrun for examplo_dag_run_operator to None, run_after=None
[2024-07-25T00:04:20.038+0000] {processor.py:175} INFO - Processing /opt/airflow/dags/examplo_dag_run_operator.py took 0.077 seconds
[2024-07-25T00:04:25.459+0000] {processor.py:153} INFO - Started process (PID=94105) to work on /opt/airflow/dags/examplo_dag_run_operator.py
[2024-07-25T00:04:25.460+0000] {processor.py:743} INFO - Processing file /opt/airflow/dags/examplo_dag_run_operator.py for tasks to queue
[2024-07-25T00:04:25.461+0000] {logging_mixin.py:137} INFO - [2024-07-25T00:04:25.461+0000] {dagbag.py:538} INFO - Filling up the DagBag from /opt/airflow/dags/examplo_dag_run_operator.py
[2024-07-25T00:04:25.480+0000] {processor.py:753} INFO - DAG(s) dict_keys(['examplo_dag_run_operator']) retrieved from /opt/airflow/dags/examplo_dag_run_operator.py
[2024-07-25T00:04:25.498+0000] {logging_mixin.py:137} INFO - [2024-07-25T00:04:25.498+0000] {dag.py:2690} INFO - Sync 1 DAGs
[2024-07-25T00:04:25.514+0000] {logging_mixin.py:137} INFO - [2024-07-25T00:04:25.514+0000] {dag.py:3441} INFO - Setting next_dagrun for examplo_dag_run_operator to None, run_after=None
[2024-07-25T00:04:25.528+0000] {processor.py:175} INFO - Processing /opt/airflow/dags/examplo_dag_run_operator.py took 0.075 seconds
[2024-07-25T00:04:31.002+0000] {processor.py:153} INFO - Started process (PID=94132) to work on /opt/airflow/dags/examplo_dag_run_operator.py
[2024-07-25T00:04:31.003+0000] {processor.py:743} INFO - Processing file /opt/airflow/dags/examplo_dag_run_operator.py for tasks to queue
[2024-07-25T00:04:31.004+0000] {logging_mixin.py:137} INFO - [2024-07-25T00:04:31.004+0000] {dagbag.py:538} INFO - Filling up the DagBag from /opt/airflow/dags/examplo_dag_run_operator.py
[2024-07-25T00:04:31.071+0000] {processor.py:753} INFO - DAG(s) dict_keys(['examplo_dag_run_operator']) retrieved from /opt/airflow/dags/examplo_dag_run_operator.py
[2024-07-25T00:04:31.086+0000] {logging_mixin.py:137} INFO - [2024-07-25T00:04:31.086+0000] {dag.py:2690} INFO - Sync 1 DAGs
[2024-07-25T00:04:31.102+0000] {logging_mixin.py:137} INFO - [2024-07-25T00:04:31.102+0000] {dag.py:3441} INFO - Setting next_dagrun for examplo_dag_run_operator to None, run_after=None
[2024-07-25T00:04:31.119+0000] {processor.py:175} INFO - Processing /opt/airflow/dags/examplo_dag_run_operator.py took 0.120 seconds
[2024-07-25T00:04:36.575+0000] {processor.py:153} INFO - Started process (PID=94143) to work on /opt/airflow/dags/examplo_dag_run_operator.py
[2024-07-25T00:04:36.577+0000] {processor.py:743} INFO - Processing file /opt/airflow/dags/examplo_dag_run_operator.py for tasks to queue
[2024-07-25T00:04:36.577+0000] {logging_mixin.py:137} INFO - [2024-07-25T00:04:36.577+0000] {dagbag.py:538} INFO - Filling up the DagBag from /opt/airflow/dags/examplo_dag_run_operator.py
[2024-07-25T00:04:36.601+0000] {processor.py:753} INFO - DAG(s) dict_keys(['examplo_dag_run_operator']) retrieved from /opt/airflow/dags/examplo_dag_run_operator.py
[2024-07-25T00:04:36.621+0000] {logging_mixin.py:137} INFO - [2024-07-25T00:04:36.620+0000] {dag.py:2690} INFO - Sync 1 DAGs
[2024-07-25T00:04:36.636+0000] {logging_mixin.py:137} INFO - [2024-07-25T00:04:36.636+0000] {dag.py:3441} INFO - Setting next_dagrun for examplo_dag_run_operator to None, run_after=None
[2024-07-25T00:04:36.650+0000] {processor.py:175} INFO - Processing /opt/airflow/dags/examplo_dag_run_operator.py took 0.080 seconds
[2024-07-25T00:04:42.072+0000] {processor.py:153} INFO - Started process (PID=94170) to work on /opt/airflow/dags/examplo_dag_run_operator.py
[2024-07-25T00:04:42.073+0000] {processor.py:743} INFO - Processing file /opt/airflow/dags/examplo_dag_run_operator.py for tasks to queue
[2024-07-25T00:04:42.074+0000] {logging_mixin.py:137} INFO - [2024-07-25T00:04:42.074+0000] {dagbag.py:538} INFO - Filling up the DagBag from /opt/airflow/dags/examplo_dag_run_operator.py
[2024-07-25T00:04:42.086+0000] {processor.py:753} INFO - DAG(s) dict_keys(['examplo_dag_run_operator']) retrieved from /opt/airflow/dags/examplo_dag_run_operator.py
[2024-07-25T00:04:42.101+0000] {logging_mixin.py:137} INFO - [2024-07-25T00:04:42.101+0000] {dag.py:2690} INFO - Sync 1 DAGs
[2024-07-25T00:04:42.118+0000] {logging_mixin.py:137} INFO - [2024-07-25T00:04:42.118+0000] {dag.py:3441} INFO - Setting next_dagrun for examplo_dag_run_operator to None, run_after=None
[2024-07-25T00:04:42.131+0000] {processor.py:175} INFO - Processing /opt/airflow/dags/examplo_dag_run_operator.py took 0.062 seconds
[2024-07-25T00:04:47.510+0000] {processor.py:153} INFO - Started process (PID=94181) to work on /opt/airflow/dags/examplo_dag_run_operator.py
[2024-07-25T00:04:47.511+0000] {processor.py:743} INFO - Processing file /opt/airflow/dags/examplo_dag_run_operator.py for tasks to queue
[2024-07-25T00:04:47.512+0000] {logging_mixin.py:137} INFO - [2024-07-25T00:04:47.512+0000] {dagbag.py:538} INFO - Filling up the DagBag from /opt/airflow/dags/examplo_dag_run_operator.py
[2024-07-25T00:04:47.530+0000] {processor.py:753} INFO - DAG(s) dict_keys(['examplo_dag_run_operator']) retrieved from /opt/airflow/dags/examplo_dag_run_operator.py
[2024-07-25T00:04:47.548+0000] {logging_mixin.py:137} INFO - [2024-07-25T00:04:47.547+0000] {dag.py:2690} INFO - Sync 1 DAGs
[2024-07-25T00:04:47.563+0000] {logging_mixin.py:137} INFO - [2024-07-25T00:04:47.563+0000] {dag.py:3441} INFO - Setting next_dagrun for examplo_dag_run_operator to None, run_after=None
[2024-07-25T00:04:47.577+0000] {processor.py:175} INFO - Processing /opt/airflow/dags/examplo_dag_run_operator.py took 0.071 seconds
[2024-07-25T00:04:53.148+0000] {processor.py:153} INFO - Started process (PID=94208) to work on /opt/airflow/dags/examplo_dag_run_operator.py
[2024-07-25T00:04:53.150+0000] {processor.py:743} INFO - Processing file /opt/airflow/dags/examplo_dag_run_operator.py for tasks to queue
[2024-07-25T00:04:53.151+0000] {logging_mixin.py:137} INFO - [2024-07-25T00:04:53.151+0000] {dagbag.py:538} INFO - Filling up the DagBag from /opt/airflow/dags/examplo_dag_run_operator.py
[2024-07-25T00:04:53.163+0000] {processor.py:753} INFO - DAG(s) dict_keys(['examplo_dag_run_operator']) retrieved from /opt/airflow/dags/examplo_dag_run_operator.py
[2024-07-25T00:04:53.180+0000] {logging_mixin.py:137} INFO - [2024-07-25T00:04:53.180+0000] {dag.py:2690} INFO - Sync 1 DAGs
[2024-07-25T00:04:53.196+0000] {logging_mixin.py:137} INFO - [2024-07-25T00:04:53.196+0000] {dag.py:3441} INFO - Setting next_dagrun for examplo_dag_run_operator to None, run_after=None
[2024-07-25T00:04:53.211+0000] {processor.py:175} INFO - Processing /opt/airflow/dags/examplo_dag_run_operator.py took 0.066 seconds
[2024-07-25T00:04:58.681+0000] {processor.py:153} INFO - Started process (PID=94220) to work on /opt/airflow/dags/examplo_dag_run_operator.py
[2024-07-25T00:04:58.682+0000] {processor.py:743} INFO - Processing file /opt/airflow/dags/examplo_dag_run_operator.py for tasks to queue
[2024-07-25T00:04:58.683+0000] {logging_mixin.py:137} INFO - [2024-07-25T00:04:58.682+0000] {dagbag.py:538} INFO - Filling up the DagBag from /opt/airflow/dags/examplo_dag_run_operator.py
[2024-07-25T00:04:58.702+0000] {processor.py:753} INFO - DAG(s) dict_keys(['examplo_dag_run_operator']) retrieved from /opt/airflow/dags/examplo_dag_run_operator.py
[2024-07-25T00:04:58.723+0000] {logging_mixin.py:137} INFO - [2024-07-25T00:04:58.722+0000] {dag.py:2690} INFO - Sync 1 DAGs
[2024-07-25T00:04:58.740+0000] {logging_mixin.py:137} INFO - [2024-07-25T00:04:58.740+0000] {dag.py:3441} INFO - Setting next_dagrun for examplo_dag_run_operator to None, run_after=None
[2024-07-25T00:04:58.754+0000] {processor.py:175} INFO - Processing /opt/airflow/dags/examplo_dag_run_operator.py took 0.077 seconds
[2024-07-25T00:05:04.189+0000] {processor.py:153} INFO - Started process (PID=94247) to work on /opt/airflow/dags/examplo_dag_run_operator.py
[2024-07-25T00:05:04.190+0000] {processor.py:743} INFO - Processing file /opt/airflow/dags/examplo_dag_run_operator.py for tasks to queue
[2024-07-25T00:05:04.191+0000] {logging_mixin.py:137} INFO - [2024-07-25T00:05:04.191+0000] {dagbag.py:538} INFO - Filling up the DagBag from /opt/airflow/dags/examplo_dag_run_operator.py
[2024-07-25T00:05:04.209+0000] {processor.py:753} INFO - DAG(s) dict_keys(['examplo_dag_run_operator']) retrieved from /opt/airflow/dags/examplo_dag_run_operator.py
[2024-07-25T00:05:04.226+0000] {logging_mixin.py:137} INFO - [2024-07-25T00:05:04.225+0000] {dag.py:2690} INFO - Sync 1 DAGs
[2024-07-25T00:05:04.243+0000] {logging_mixin.py:137} INFO - [2024-07-25T00:05:04.243+0000] {dag.py:3441} INFO - Setting next_dagrun for examplo_dag_run_operator to None, run_after=None
[2024-07-25T00:05:04.258+0000] {processor.py:175} INFO - Processing /opt/airflow/dags/examplo_dag_run_operator.py took 0.074 seconds
[2024-07-25T00:05:09.707+0000] {processor.py:153} INFO - Started process (PID=94259) to work on /opt/airflow/dags/examplo_dag_run_operator.py
[2024-07-25T00:05:09.708+0000] {processor.py:743} INFO - Processing file /opt/airflow/dags/examplo_dag_run_operator.py for tasks to queue
[2024-07-25T00:05:09.709+0000] {logging_mixin.py:137} INFO - [2024-07-25T00:05:09.709+0000] {dagbag.py:538} INFO - Filling up the DagBag from /opt/airflow/dags/examplo_dag_run_operator.py
[2024-07-25T00:05:09.724+0000] {processor.py:753} INFO - DAG(s) dict_keys(['examplo_dag_run_operator']) retrieved from /opt/airflow/dags/examplo_dag_run_operator.py
[2024-07-25T00:05:09.746+0000] {logging_mixin.py:137} INFO - [2024-07-25T00:05:09.746+0000] {dag.py:2690} INFO - Sync 1 DAGs
[2024-07-25T00:05:09.762+0000] {logging_mixin.py:137} INFO - [2024-07-25T00:05:09.762+0000] {dag.py:3441} INFO - Setting next_dagrun for examplo_dag_run_operator to None, run_after=None
[2024-07-25T00:05:09.775+0000] {processor.py:175} INFO - Processing /opt/airflow/dags/examplo_dag_run_operator.py took 0.071 seconds
[2024-07-25T00:05:15.332+0000] {processor.py:153} INFO - Started process (PID=94287) to work on /opt/airflow/dags/examplo_dag_run_operator.py
[2024-07-25T00:05:15.333+0000] {processor.py:743} INFO - Processing file /opt/airflow/dags/examplo_dag_run_operator.py for tasks to queue
[2024-07-25T00:05:15.334+0000] {logging_mixin.py:137} INFO - [2024-07-25T00:05:15.334+0000] {dagbag.py:538} INFO - Filling up the DagBag from /opt/airflow/dags/examplo_dag_run_operator.py
[2024-07-25T00:05:15.355+0000] {processor.py:753} INFO - DAG(s) dict_keys(['examplo_dag_run_operator']) retrieved from /opt/airflow/dags/examplo_dag_run_operator.py
[2024-07-25T00:05:15.372+0000] {logging_mixin.py:137} INFO - [2024-07-25T00:05:15.372+0000] {dag.py:2690} INFO - Sync 1 DAGs
[2024-07-25T00:05:15.386+0000] {logging_mixin.py:137} INFO - [2024-07-25T00:05:15.386+0000] {dag.py:3441} INFO - Setting next_dagrun for examplo_dag_run_operator to None, run_after=None
[2024-07-25T00:05:15.401+0000] {processor.py:175} INFO - Processing /opt/airflow/dags/examplo_dag_run_operator.py took 0.074 seconds
[2024-07-25T00:05:20.846+0000] {processor.py:153} INFO - Started process (PID=94299) to work on /opt/airflow/dags/examplo_dag_run_operator.py
[2024-07-25T00:05:20.848+0000] {processor.py:743} INFO - Processing file /opt/airflow/dags/examplo_dag_run_operator.py for tasks to queue
[2024-07-25T00:05:20.850+0000] {logging_mixin.py:137} INFO - [2024-07-25T00:05:20.849+0000] {dagbag.py:538} INFO - Filling up the DagBag from /opt/airflow/dags/examplo_dag_run_operator.py
[2024-07-25T00:05:20.870+0000] {processor.py:753} INFO - DAG(s) dict_keys(['examplo_dag_run_operator']) retrieved from /opt/airflow/dags/examplo_dag_run_operator.py
[2024-07-25T00:05:20.887+0000] {logging_mixin.py:137} INFO - [2024-07-25T00:05:20.887+0000] {dag.py:2690} INFO - Sync 1 DAGs
[2024-07-25T00:05:20.901+0000] {logging_mixin.py:137} INFO - [2024-07-25T00:05:20.900+0000] {dag.py:3441} INFO - Setting next_dagrun for examplo_dag_run_operator to None, run_after=None
[2024-07-25T00:05:20.911+0000] {processor.py:175} INFO - Processing /opt/airflow/dags/examplo_dag_run_operator.py took 0.071 seconds
[2024-07-25T00:05:26.332+0000] {processor.py:153} INFO - Started process (PID=94327) to work on /opt/airflow/dags/examplo_dag_run_operator.py
[2024-07-25T00:05:26.334+0000] {processor.py:743} INFO - Processing file /opt/airflow/dags/examplo_dag_run_operator.py for tasks to queue
[2024-07-25T00:05:26.335+0000] {logging_mixin.py:137} INFO - [2024-07-25T00:05:26.335+0000] {dagbag.py:538} INFO - Filling up the DagBag from /opt/airflow/dags/examplo_dag_run_operator.py
[2024-07-25T00:05:26.364+0000] {processor.py:753} INFO - DAG(s) dict_keys(['examplo_dag_run_operator']) retrieved from /opt/airflow/dags/examplo_dag_run_operator.py
[2024-07-25T00:05:26.385+0000] {logging_mixin.py:137} INFO - [2024-07-25T00:05:26.385+0000] {dag.py:2690} INFO - Sync 1 DAGs
[2024-07-25T00:05:26.401+0000] {logging_mixin.py:137} INFO - [2024-07-25T00:05:26.401+0000] {dag.py:3441} INFO - Setting next_dagrun for examplo_dag_run_operator to None, run_after=None
[2024-07-25T00:05:26.415+0000] {processor.py:175} INFO - Processing /opt/airflow/dags/examplo_dag_run_operator.py took 0.090 seconds
[2024-07-25T00:05:31.886+0000] {processor.py:153} INFO - Started process (PID=94339) to work on /opt/airflow/dags/examplo_dag_run_operator.py
[2024-07-25T00:05:31.888+0000] {processor.py:743} INFO - Processing file /opt/airflow/dags/examplo_dag_run_operator.py for tasks to queue
[2024-07-25T00:05:31.889+0000] {logging_mixin.py:137} INFO - [2024-07-25T00:05:31.889+0000] {dagbag.py:538} INFO - Filling up the DagBag from /opt/airflow/dags/examplo_dag_run_operator.py
[2024-07-25T00:05:31.905+0000] {processor.py:753} INFO - DAG(s) dict_keys(['examplo_dag_run_operator']) retrieved from /opt/airflow/dags/examplo_dag_run_operator.py
[2024-07-25T00:05:31.921+0000] {logging_mixin.py:137} INFO - [2024-07-25T00:05:31.921+0000] {dag.py:2690} INFO - Sync 1 DAGs
[2024-07-25T00:05:31.937+0000] {logging_mixin.py:137} INFO - [2024-07-25T00:05:31.936+0000] {dag.py:3441} INFO - Setting next_dagrun for examplo_dag_run_operator to None, run_after=None
[2024-07-25T00:05:31.949+0000] {processor.py:175} INFO - Processing /opt/airflow/dags/examplo_dag_run_operator.py took 0.067 seconds
[2024-07-25T00:05:37.370+0000] {processor.py:153} INFO - Started process (PID=94367) to work on /opt/airflow/dags/examplo_dag_run_operator.py
[2024-07-25T00:05:37.372+0000] {processor.py:743} INFO - Processing file /opt/airflow/dags/examplo_dag_run_operator.py for tasks to queue
[2024-07-25T00:05:37.376+0000] {logging_mixin.py:137} INFO - [2024-07-25T00:05:37.376+0000] {dagbag.py:538} INFO - Filling up the DagBag from /opt/airflow/dags/examplo_dag_run_operator.py
[2024-07-25T00:05:37.406+0000] {processor.py:753} INFO - DAG(s) dict_keys(['examplo_dag_run_operator']) retrieved from /opt/airflow/dags/examplo_dag_run_operator.py
[2024-07-25T00:05:37.436+0000] {logging_mixin.py:137} INFO - [2024-07-25T00:05:37.436+0000] {dag.py:2690} INFO - Sync 1 DAGs
[2024-07-25T00:05:37.461+0000] {logging_mixin.py:137} INFO - [2024-07-25T00:05:37.461+0000] {dag.py:3441} INFO - Setting next_dagrun for examplo_dag_run_operator to None, run_after=None
[2024-07-25T00:05:37.483+0000] {processor.py:175} INFO - Processing /opt/airflow/dags/examplo_dag_run_operator.py took 0.119 seconds
[2024-07-25T00:05:43.174+0000] {processor.py:153} INFO - Started process (PID=94379) to work on /opt/airflow/dags/examplo_dag_run_operator.py
[2024-07-25T00:05:43.174+0000] {processor.py:743} INFO - Processing file /opt/airflow/dags/examplo_dag_run_operator.py for tasks to queue
[2024-07-25T00:05:43.175+0000] {logging_mixin.py:137} INFO - [2024-07-25T00:05:43.175+0000] {dagbag.py:538} INFO - Filling up the DagBag from /opt/airflow/dags/examplo_dag_run_operator.py
[2024-07-25T00:05:43.191+0000] {processor.py:753} INFO - DAG(s) dict_keys(['examplo_dag_run_operator']) retrieved from /opt/airflow/dags/examplo_dag_run_operator.py
[2024-07-25T00:05:43.212+0000] {logging_mixin.py:137} INFO - [2024-07-25T00:05:43.212+0000] {dag.py:2690} INFO - Sync 1 DAGs
[2024-07-25T00:05:43.227+0000] {logging_mixin.py:137} INFO - [2024-07-25T00:05:43.227+0000] {dag.py:3441} INFO - Setting next_dagrun for examplo_dag_run_operator to None, run_after=None
[2024-07-25T00:05:43.241+0000] {processor.py:175} INFO - Processing /opt/airflow/dags/examplo_dag_run_operator.py took 0.070 seconds
[2024-07-25T00:05:48.758+0000] {processor.py:153} INFO - Started process (PID=94407) to work on /opt/airflow/dags/examplo_dag_run_operator.py
[2024-07-25T00:05:48.758+0000] {processor.py:743} INFO - Processing file /opt/airflow/dags/examplo_dag_run_operator.py for tasks to queue
[2024-07-25T00:05:48.759+0000] {logging_mixin.py:137} INFO - [2024-07-25T00:05:48.759+0000] {dagbag.py:538} INFO - Filling up the DagBag from /opt/airflow/dags/examplo_dag_run_operator.py
[2024-07-25T00:05:48.777+0000] {processor.py:753} INFO - DAG(s) dict_keys(['examplo_dag_run_operator']) retrieved from /opt/airflow/dags/examplo_dag_run_operator.py
[2024-07-25T00:05:48.801+0000] {logging_mixin.py:137} INFO - [2024-07-25T00:05:48.800+0000] {dag.py:2690} INFO - Sync 1 DAGs
[2024-07-25T00:05:48.819+0000] {logging_mixin.py:137} INFO - [2024-07-25T00:05:48.819+0000] {dag.py:3441} INFO - Setting next_dagrun for examplo_dag_run_operator to None, run_after=None
[2024-07-25T00:05:48.834+0000] {processor.py:175} INFO - Processing /opt/airflow/dags/examplo_dag_run_operator.py took 0.080 seconds
[2024-07-25T00:05:54.424+0000] {processor.py:153} INFO - Started process (PID=94420) to work on /opt/airflow/dags/examplo_dag_run_operator.py
[2024-07-25T00:05:54.425+0000] {processor.py:743} INFO - Processing file /opt/airflow/dags/examplo_dag_run_operator.py for tasks to queue
[2024-07-25T00:05:54.426+0000] {logging_mixin.py:137} INFO - [2024-07-25T00:05:54.426+0000] {dagbag.py:538} INFO - Filling up the DagBag from /opt/airflow/dags/examplo_dag_run_operator.py
[2024-07-25T00:05:54.446+0000] {processor.py:753} INFO - DAG(s) dict_keys(['examplo_dag_run_operator']) retrieved from /opt/airflow/dags/examplo_dag_run_operator.py
[2024-07-25T00:05:54.468+0000] {logging_mixin.py:137} INFO - [2024-07-25T00:05:54.468+0000] {dag.py:2690} INFO - Sync 1 DAGs
[2024-07-25T00:05:54.488+0000] {logging_mixin.py:137} INFO - [2024-07-25T00:05:54.488+0000] {dag.py:3441} INFO - Setting next_dagrun for examplo_dag_run_operator to None, run_after=None
[2024-07-25T00:05:54.502+0000] {processor.py:175} INFO - Processing /opt/airflow/dags/examplo_dag_run_operator.py took 0.082 seconds
[2024-07-25T00:06:00.015+0000] {processor.py:153} INFO - Started process (PID=94449) to work on /opt/airflow/dags/examplo_dag_run_operator.py
[2024-07-25T00:06:00.016+0000] {processor.py:743} INFO - Processing file /opt/airflow/dags/examplo_dag_run_operator.py for tasks to queue
[2024-07-25T00:06:00.017+0000] {logging_mixin.py:137} INFO - [2024-07-25T00:06:00.017+0000] {dagbag.py:538} INFO - Filling up the DagBag from /opt/airflow/dags/examplo_dag_run_operator.py
[2024-07-25T00:06:00.032+0000] {processor.py:753} INFO - DAG(s) dict_keys(['examplo_dag_run_operator']) retrieved from /opt/airflow/dags/examplo_dag_run_operator.py
[2024-07-25T00:06:00.052+0000] {logging_mixin.py:137} INFO - [2024-07-25T00:06:00.052+0000] {dag.py:2690} INFO - Sync 1 DAGs
[2024-07-25T00:06:00.065+0000] {logging_mixin.py:137} INFO - [2024-07-25T00:06:00.065+0000] {dag.py:3441} INFO - Setting next_dagrun for examplo_dag_run_operator to None, run_after=None
[2024-07-25T00:06:00.083+0000] {processor.py:175} INFO - Processing /opt/airflow/dags/examplo_dag_run_operator.py took 0.070 seconds
[2024-07-25T00:06:05.608+0000] {processor.py:153} INFO - Started process (PID=94461) to work on /opt/airflow/dags/examplo_dag_run_operator.py
[2024-07-25T00:06:05.609+0000] {processor.py:743} INFO - Processing file /opt/airflow/dags/examplo_dag_run_operator.py for tasks to queue
[2024-07-25T00:06:05.610+0000] {logging_mixin.py:137} INFO - [2024-07-25T00:06:05.610+0000] {dagbag.py:538} INFO - Filling up the DagBag from /opt/airflow/dags/examplo_dag_run_operator.py
[2024-07-25T00:06:05.635+0000] {processor.py:753} INFO - DAG(s) dict_keys(['examplo_dag_run_operator']) retrieved from /opt/airflow/dags/examplo_dag_run_operator.py
[2024-07-25T00:06:05.654+0000] {logging_mixin.py:137} INFO - [2024-07-25T00:06:05.654+0000] {dag.py:2690} INFO - Sync 1 DAGs
[2024-07-25T00:06:05.669+0000] {logging_mixin.py:137} INFO - [2024-07-25T00:06:05.669+0000] {dag.py:3441} INFO - Setting next_dagrun for examplo_dag_run_operator to None, run_after=None
[2024-07-25T00:06:05.681+0000] {processor.py:175} INFO - Processing /opt/airflow/dags/examplo_dag_run_operator.py took 0.078 seconds
[2024-07-25T00:06:06.060+0000] {processor.py:153} INFO - Started process (PID=94472) to work on /opt/airflow/dags/examplo_dag_run_operator.py
[2024-07-25T00:06:06.061+0000] {processor.py:743} INFO - Processing file /opt/airflow/dags/examplo_dag_run_operator.py for tasks to queue
[2024-07-25T00:06:06.061+0000] {logging_mixin.py:137} INFO - [2024-07-25T00:06:06.061+0000] {dagbag.py:538} INFO - Filling up the DagBag from /opt/airflow/dags/examplo_dag_run_operator.py
[2024-07-25T00:06:06.072+0000] {processor.py:753} INFO - DAG(s) dict_keys(['examplo_dag_run_operator']) retrieved from /opt/airflow/dags/examplo_dag_run_operator.py
[2024-07-25T00:06:06.087+0000] {logging_mixin.py:137} INFO - [2024-07-25T00:06:06.087+0000] {dag.py:2690} INFO - Sync 1 DAGs
[2024-07-25T00:06:06.102+0000] {logging_mixin.py:137} INFO - [2024-07-25T00:06:06.102+0000] {dag.py:3441} INFO - Setting next_dagrun for examplo_dag_run_operator to None, run_after=None
[2024-07-25T00:06:06.112+0000] {processor.py:175} INFO - Processing /opt/airflow/dags/examplo_dag_run_operator.py took 0.054 seconds
[2024-07-25T00:06:10.114+0000] {processor.py:153} INFO - Started process (PID=94481) to work on /opt/airflow/dags/examplo_dag_run_operator.py
[2024-07-25T00:06:10.115+0000] {processor.py:743} INFO - Processing file /opt/airflow/dags/examplo_dag_run_operator.py for tasks to queue
[2024-07-25T00:06:10.115+0000] {logging_mixin.py:137} INFO - [2024-07-25T00:06:10.115+0000] {dagbag.py:538} INFO - Filling up the DagBag from /opt/airflow/dags/examplo_dag_run_operator.py
[2024-07-25T00:06:10.129+0000] {processor.py:753} INFO - DAG(s) dict_keys(['examplo_dag_run_operator']) retrieved from /opt/airflow/dags/examplo_dag_run_operator.py
[2024-07-25T00:06:10.150+0000] {logging_mixin.py:137} INFO - [2024-07-25T00:06:10.150+0000] {dag.py:2690} INFO - Sync 1 DAGs
[2024-07-25T00:06:10.170+0000] {logging_mixin.py:137} INFO - [2024-07-25T00:06:10.170+0000] {dag.py:3441} INFO - Setting next_dagrun for examplo_dag_run_operator to None, run_after=None
[2024-07-25T00:06:10.186+0000] {processor.py:175} INFO - Processing /opt/airflow/dags/examplo_dag_run_operator.py took 0.075 seconds
[2024-07-25T00:06:15.996+0000] {processor.py:153} INFO - Started process (PID=94502) to work on /opt/airflow/dags/examplo_dag_run_operator.py
[2024-07-25T00:06:15.998+0000] {processor.py:743} INFO - Processing file /opt/airflow/dags/examplo_dag_run_operator.py for tasks to queue
[2024-07-25T00:06:15.999+0000] {logging_mixin.py:137} INFO - [2024-07-25T00:06:15.999+0000] {dagbag.py:538} INFO - Filling up the DagBag from /opt/airflow/dags/examplo_dag_run_operator.py
[2024-07-25T00:06:16.022+0000] {processor.py:753} INFO - DAG(s) dict_keys(['examplo_dag_run_operator']) retrieved from /opt/airflow/dags/examplo_dag_run_operator.py
[2024-07-25T00:06:16.050+0000] {logging_mixin.py:137} INFO - [2024-07-25T00:06:16.050+0000] {dag.py:2690} INFO - Sync 1 DAGs
[2024-07-25T00:06:16.064+0000] {logging_mixin.py:137} INFO - [2024-07-25T00:06:16.064+0000] {dag.py:3441} INFO - Setting next_dagrun for examplo_dag_run_operator to None, run_after=None
[2024-07-25T00:06:16.075+0000] {processor.py:175} INFO - Processing /opt/airflow/dags/examplo_dag_run_operator.py took 0.083 seconds
[2024-07-25T00:06:21.592+0000] {processor.py:153} INFO - Started process (PID=94514) to work on /opt/airflow/dags/examplo_dag_run_operator.py
[2024-07-25T00:06:21.593+0000] {processor.py:743} INFO - Processing file /opt/airflow/dags/examplo_dag_run_operator.py for tasks to queue
[2024-07-25T00:06:21.594+0000] {logging_mixin.py:137} INFO - [2024-07-25T00:06:21.594+0000] {dagbag.py:538} INFO - Filling up the DagBag from /opt/airflow/dags/examplo_dag_run_operator.py
[2024-07-25T00:06:21.613+0000] {processor.py:753} INFO - DAG(s) dict_keys(['examplo_dag_run_operator']) retrieved from /opt/airflow/dags/examplo_dag_run_operator.py
[2024-07-25T00:06:21.634+0000] {logging_mixin.py:137} INFO - [2024-07-25T00:06:21.634+0000] {dag.py:2690} INFO - Sync 1 DAGs
[2024-07-25T00:06:21.649+0000] {logging_mixin.py:137} INFO - [2024-07-25T00:06:21.649+0000] {dag.py:3441} INFO - Setting next_dagrun for examplo_dag_run_operator to None, run_after=None
[2024-07-25T00:06:21.661+0000] {processor.py:175} INFO - Processing /opt/airflow/dags/examplo_dag_run_operator.py took 0.074 seconds
[2024-07-25T00:06:26.704+0000] {processor.py:153} INFO - Started process (PID=94541) to work on /opt/airflow/dags/examplo_dag_run_operator.py
[2024-07-25T00:06:26.705+0000] {processor.py:743} INFO - Processing file /opt/airflow/dags/examplo_dag_run_operator.py for tasks to queue
[2024-07-25T00:06:26.705+0000] {logging_mixin.py:137} INFO - [2024-07-25T00:06:26.705+0000] {dagbag.py:538} INFO - Filling up the DagBag from /opt/airflow/dags/examplo_dag_run_operator.py
[2024-07-25T00:06:26.716+0000] {processor.py:753} INFO - DAG(s) dict_keys(['examplo_dag_run_operator']) retrieved from /opt/airflow/dags/examplo_dag_run_operator.py
[2024-07-25T00:06:26.733+0000] {logging_mixin.py:137} INFO - [2024-07-25T00:06:26.733+0000] {dag.py:2690} INFO - Sync 1 DAGs
[2024-07-25T00:06:26.753+0000] {logging_mixin.py:137} INFO - [2024-07-25T00:06:26.753+0000] {dag.py:3441} INFO - Setting next_dagrun for examplo_dag_run_operator to None, run_after=None
[2024-07-25T00:06:26.768+0000] {processor.py:175} INFO - Processing /opt/airflow/dags/examplo_dag_run_operator.py took 0.065 seconds
[2024-07-25T00:06:32.251+0000] {processor.py:153} INFO - Started process (PID=94552) to work on /opt/airflow/dags/examplo_dag_run_operator.py
[2024-07-25T00:06:32.252+0000] {processor.py:743} INFO - Processing file /opt/airflow/dags/examplo_dag_run_operator.py for tasks to queue
[2024-07-25T00:06:32.252+0000] {logging_mixin.py:137} INFO - [2024-07-25T00:06:32.252+0000] {dagbag.py:538} INFO - Filling up the DagBag from /opt/airflow/dags/examplo_dag_run_operator.py
[2024-07-25T00:06:32.266+0000] {processor.py:753} INFO - DAG(s) dict_keys(['examplo_dag_run_operator']) retrieved from /opt/airflow/dags/examplo_dag_run_operator.py
[2024-07-25T00:06:32.281+0000] {logging_mixin.py:137} INFO - [2024-07-25T00:06:32.281+0000] {dag.py:2690} INFO - Sync 1 DAGs
[2024-07-25T00:06:32.300+0000] {logging_mixin.py:137} INFO - [2024-07-25T00:06:32.300+0000] {dag.py:3441} INFO - Setting next_dagrun for examplo_dag_run_operator to None, run_after=None
[2024-07-25T00:06:32.312+0000] {processor.py:175} INFO - Processing /opt/airflow/dags/examplo_dag_run_operator.py took 0.063 seconds
[2024-07-25T00:06:37.981+0000] {processor.py:153} INFO - Started process (PID=94580) to work on /opt/airflow/dags/examplo_dag_run_operator.py
[2024-07-25T00:06:37.983+0000] {processor.py:743} INFO - Processing file /opt/airflow/dags/examplo_dag_run_operator.py for tasks to queue
[2024-07-25T00:06:37.985+0000] {logging_mixin.py:137} INFO - [2024-07-25T00:06:37.984+0000] {dagbag.py:538} INFO - Filling up the DagBag from /opt/airflow/dags/examplo_dag_run_operator.py
[2024-07-25T00:06:38.005+0000] {processor.py:753} INFO - DAG(s) dict_keys(['examplo_dag_run_operator']) retrieved from /opt/airflow/dags/examplo_dag_run_operator.py
[2024-07-25T00:06:38.022+0000] {logging_mixin.py:137} INFO - [2024-07-25T00:06:38.022+0000] {dag.py:2690} INFO - Sync 1 DAGs
[2024-07-25T00:06:38.036+0000] {logging_mixin.py:137} INFO - [2024-07-25T00:06:38.036+0000] {dag.py:3441} INFO - Setting next_dagrun for examplo_dag_run_operator to None, run_after=None
[2024-07-25T00:06:38.050+0000] {processor.py:175} INFO - Processing /opt/airflow/dags/examplo_dag_run_operator.py took 0.073 seconds
[2024-07-25T00:06:43.482+0000] {processor.py:153} INFO - Started process (PID=94592) to work on /opt/airflow/dags/examplo_dag_run_operator.py
[2024-07-25T00:06:43.485+0000] {processor.py:743} INFO - Processing file /opt/airflow/dags/examplo_dag_run_operator.py for tasks to queue
[2024-07-25T00:06:43.492+0000] {logging_mixin.py:137} INFO - [2024-07-25T00:06:43.491+0000] {dagbag.py:538} INFO - Filling up the DagBag from /opt/airflow/dags/examplo_dag_run_operator.py
[2024-07-25T00:06:43.532+0000] {processor.py:753} INFO - DAG(s) dict_keys(['examplo_dag_run_operator']) retrieved from /opt/airflow/dags/examplo_dag_run_operator.py
[2024-07-25T00:06:43.562+0000] {logging_mixin.py:137} INFO - [2024-07-25T00:06:43.561+0000] {dag.py:2690} INFO - Sync 1 DAGs
[2024-07-25T00:06:43.585+0000] {logging_mixin.py:137} INFO - [2024-07-25T00:06:43.585+0000] {dag.py:3441} INFO - Setting next_dagrun for examplo_dag_run_operator to None, run_after=None
[2024-07-25T00:06:43.598+0000] {processor.py:175} INFO - Processing /opt/airflow/dags/examplo_dag_run_operator.py took 0.120 seconds
[2024-07-25T00:06:49.069+0000] {processor.py:153} INFO - Started process (PID=94620) to work on /opt/airflow/dags/examplo_dag_run_operator.py
[2024-07-25T00:06:49.070+0000] {processor.py:743} INFO - Processing file /opt/airflow/dags/examplo_dag_run_operator.py for tasks to queue
[2024-07-25T00:06:49.070+0000] {logging_mixin.py:137} INFO - [2024-07-25T00:06:49.070+0000] {dagbag.py:538} INFO - Filling up the DagBag from /opt/airflow/dags/examplo_dag_run_operator.py
[2024-07-25T00:06:49.083+0000] {processor.py:753} INFO - DAG(s) dict_keys(['examplo_dag_run_operator']) retrieved from /opt/airflow/dags/examplo_dag_run_operator.py
[2024-07-25T00:06:49.099+0000] {logging_mixin.py:137} INFO - [2024-07-25T00:06:49.099+0000] {dag.py:2690} INFO - Sync 1 DAGs
[2024-07-25T00:06:49.116+0000] {logging_mixin.py:137} INFO - [2024-07-25T00:06:49.116+0000] {dag.py:3441} INFO - Setting next_dagrun for examplo_dag_run_operator to None, run_after=None
[2024-07-25T00:06:49.126+0000] {processor.py:175} INFO - Processing /opt/airflow/dags/examplo_dag_run_operator.py took 0.060 seconds
[2024-07-25T00:06:54.613+0000] {processor.py:153} INFO - Started process (PID=94632) to work on /opt/airflow/dags/examplo_dag_run_operator.py
[2024-07-25T00:06:54.615+0000] {processor.py:743} INFO - Processing file /opt/airflow/dags/examplo_dag_run_operator.py for tasks to queue
[2024-07-25T00:06:54.616+0000] {logging_mixin.py:137} INFO - [2024-07-25T00:06:54.616+0000] {dagbag.py:538} INFO - Filling up the DagBag from /opt/airflow/dags/examplo_dag_run_operator.py
[2024-07-25T00:06:54.632+0000] {processor.py:753} INFO - DAG(s) dict_keys(['examplo_dag_run_operator']) retrieved from /opt/airflow/dags/examplo_dag_run_operator.py
[2024-07-25T00:06:54.652+0000] {logging_mixin.py:137} INFO - [2024-07-25T00:06:54.652+0000] {dag.py:2690} INFO - Sync 1 DAGs
[2024-07-25T00:06:54.666+0000] {logging_mixin.py:137} INFO - [2024-07-25T00:06:54.666+0000] {dag.py:3441} INFO - Setting next_dagrun for examplo_dag_run_operator to None, run_after=None
[2024-07-25T00:06:54.680+0000] {processor.py:175} INFO - Processing /opt/airflow/dags/examplo_dag_run_operator.py took 0.072 seconds
[2024-07-25T00:07:00.101+0000] {processor.py:153} INFO - Started process (PID=94660) to work on /opt/airflow/dags/examplo_dag_run_operator.py
[2024-07-25T00:07:00.102+0000] {processor.py:743} INFO - Processing file /opt/airflow/dags/examplo_dag_run_operator.py for tasks to queue
[2024-07-25T00:07:00.103+0000] {logging_mixin.py:137} INFO - [2024-07-25T00:07:00.103+0000] {dagbag.py:538} INFO - Filling up the DagBag from /opt/airflow/dags/examplo_dag_run_operator.py
[2024-07-25T00:07:00.118+0000] {processor.py:753} INFO - DAG(s) dict_keys(['examplo_dag_run_operator']) retrieved from /opt/airflow/dags/examplo_dag_run_operator.py
[2024-07-25T00:07:00.136+0000] {logging_mixin.py:137} INFO - [2024-07-25T00:07:00.136+0000] {dag.py:2690} INFO - Sync 1 DAGs
[2024-07-25T00:07:00.150+0000] {logging_mixin.py:137} INFO - [2024-07-25T00:07:00.150+0000] {dag.py:3441} INFO - Setting next_dagrun for examplo_dag_run_operator to None, run_after=None
[2024-07-25T00:07:00.163+0000] {processor.py:175} INFO - Processing /opt/airflow/dags/examplo_dag_run_operator.py took 0.070 seconds
[2024-07-25T00:07:05.560+0000] {processor.py:153} INFO - Started process (PID=94672) to work on /opt/airflow/dags/examplo_dag_run_operator.py
[2024-07-25T00:07:05.562+0000] {processor.py:743} INFO - Processing file /opt/airflow/dags/examplo_dag_run_operator.py for tasks to queue
[2024-07-25T00:07:05.563+0000] {logging_mixin.py:137} INFO - [2024-07-25T00:07:05.563+0000] {dagbag.py:538} INFO - Filling up the DagBag from /opt/airflow/dags/examplo_dag_run_operator.py
[2024-07-25T00:07:05.588+0000] {processor.py:753} INFO - DAG(s) dict_keys(['examplo_dag_run_operator']) retrieved from /opt/airflow/dags/examplo_dag_run_operator.py
[2024-07-25T00:07:05.613+0000] {logging_mixin.py:137} INFO - [2024-07-25T00:07:05.613+0000] {dag.py:2690} INFO - Sync 1 DAGs
[2024-07-25T00:07:05.627+0000] {logging_mixin.py:137} INFO - [2024-07-25T00:07:05.627+0000] {dag.py:3441} INFO - Setting next_dagrun for examplo_dag_run_operator to None, run_after=None
[2024-07-25T00:07:05.642+0000] {processor.py:175} INFO - Processing /opt/airflow/dags/examplo_dag_run_operator.py took 0.088 seconds
[2024-07-25T00:07:11.105+0000] {processor.py:153} INFO - Started process (PID=94699) to work on /opt/airflow/dags/examplo_dag_run_operator.py
[2024-07-25T00:07:11.106+0000] {processor.py:743} INFO - Processing file /opt/airflow/dags/examplo_dag_run_operator.py for tasks to queue
[2024-07-25T00:07:11.107+0000] {logging_mixin.py:137} INFO - [2024-07-25T00:07:11.107+0000] {dagbag.py:538} INFO - Filling up the DagBag from /opt/airflow/dags/examplo_dag_run_operator.py
[2024-07-25T00:07:11.123+0000] {processor.py:753} INFO - DAG(s) dict_keys(['examplo_dag_run_operator']) retrieved from /opt/airflow/dags/examplo_dag_run_operator.py
[2024-07-25T00:07:11.140+0000] {logging_mixin.py:137} INFO - [2024-07-25T00:07:11.140+0000] {dag.py:2690} INFO - Sync 1 DAGs
[2024-07-25T00:07:11.156+0000] {logging_mixin.py:137} INFO - [2024-07-25T00:07:11.156+0000] {dag.py:3441} INFO - Setting next_dagrun for examplo_dag_run_operator to None, run_after=None
[2024-07-25T00:07:11.171+0000] {processor.py:175} INFO - Processing /opt/airflow/dags/examplo_dag_run_operator.py took 0.068 seconds
[2024-07-25T00:07:16.634+0000] {processor.py:153} INFO - Started process (PID=94711) to work on /opt/airflow/dags/examplo_dag_run_operator.py
[2024-07-25T00:07:16.635+0000] {processor.py:743} INFO - Processing file /opt/airflow/dags/examplo_dag_run_operator.py for tasks to queue
[2024-07-25T00:07:16.636+0000] {logging_mixin.py:137} INFO - [2024-07-25T00:07:16.636+0000] {dagbag.py:538} INFO - Filling up the DagBag from /opt/airflow/dags/examplo_dag_run_operator.py
[2024-07-25T00:07:16.652+0000] {processor.py:753} INFO - DAG(s) dict_keys(['examplo_dag_run_operator']) retrieved from /opt/airflow/dags/examplo_dag_run_operator.py
[2024-07-25T00:07:16.671+0000] {logging_mixin.py:137} INFO - [2024-07-25T00:07:16.671+0000] {dag.py:2690} INFO - Sync 1 DAGs
[2024-07-25T00:07:16.686+0000] {logging_mixin.py:137} INFO - [2024-07-25T00:07:16.686+0000] {dag.py:3441} INFO - Setting next_dagrun for examplo_dag_run_operator to None, run_after=None
[2024-07-25T00:07:16.699+0000] {processor.py:175} INFO - Processing /opt/airflow/dags/examplo_dag_run_operator.py took 0.068 seconds
[2024-07-25T00:07:22.137+0000] {processor.py:153} INFO - Started process (PID=94740) to work on /opt/airflow/dags/examplo_dag_run_operator.py
[2024-07-25T00:07:22.138+0000] {processor.py:743} INFO - Processing file /opt/airflow/dags/examplo_dag_run_operator.py for tasks to queue
[2024-07-25T00:07:22.139+0000] {logging_mixin.py:137} INFO - [2024-07-25T00:07:22.139+0000] {dagbag.py:538} INFO - Filling up the DagBag from /opt/airflow/dags/examplo_dag_run_operator.py
[2024-07-25T00:07:22.157+0000] {processor.py:753} INFO - DAG(s) dict_keys(['examplo_dag_run_operator']) retrieved from /opt/airflow/dags/examplo_dag_run_operator.py
[2024-07-25T00:07:22.177+0000] {logging_mixin.py:137} INFO - [2024-07-25T00:07:22.177+0000] {dag.py:2690} INFO - Sync 1 DAGs
[2024-07-25T00:07:22.194+0000] {logging_mixin.py:137} INFO - [2024-07-25T00:07:22.194+0000] {dag.py:3441} INFO - Setting next_dagrun for examplo_dag_run_operator to None, run_after=None
[2024-07-25T00:07:22.204+0000] {processor.py:175} INFO - Processing /opt/airflow/dags/examplo_dag_run_operator.py took 0.070 seconds
[2024-07-25T00:07:27.631+0000] {processor.py:153} INFO - Started process (PID=94753) to work on /opt/airflow/dags/examplo_dag_run_operator.py
[2024-07-25T00:07:27.633+0000] {processor.py:743} INFO - Processing file /opt/airflow/dags/examplo_dag_run_operator.py for tasks to queue
[2024-07-25T00:07:27.634+0000] {logging_mixin.py:137} INFO - [2024-07-25T00:07:27.634+0000] {dagbag.py:538} INFO - Filling up the DagBag from /opt/airflow/dags/examplo_dag_run_operator.py
[2024-07-25T00:07:27.654+0000] {processor.py:753} INFO - DAG(s) dict_keys(['examplo_dag_run_operator']) retrieved from /opt/airflow/dags/examplo_dag_run_operator.py
[2024-07-25T00:07:27.670+0000] {logging_mixin.py:137} INFO - [2024-07-25T00:07:27.670+0000] {dag.py:2690} INFO - Sync 1 DAGs
[2024-07-25T00:07:27.685+0000] {logging_mixin.py:137} INFO - [2024-07-25T00:07:27.685+0000] {dag.py:3441} INFO - Setting next_dagrun for examplo_dag_run_operator to None, run_after=None
[2024-07-25T00:07:27.698+0000] {processor.py:175} INFO - Processing /opt/airflow/dags/examplo_dag_run_operator.py took 0.072 seconds
[2024-07-25T00:07:33.158+0000] {processor.py:153} INFO - Started process (PID=94780) to work on /opt/airflow/dags/examplo_dag_run_operator.py
[2024-07-25T00:07:33.159+0000] {processor.py:743} INFO - Processing file /opt/airflow/dags/examplo_dag_run_operator.py for tasks to queue
[2024-07-25T00:07:33.160+0000] {logging_mixin.py:137} INFO - [2024-07-25T00:07:33.160+0000] {dagbag.py:538} INFO - Filling up the DagBag from /opt/airflow/dags/examplo_dag_run_operator.py
[2024-07-25T00:07:33.175+0000] {processor.py:753} INFO - DAG(s) dict_keys(['examplo_dag_run_operator']) retrieved from /opt/airflow/dags/examplo_dag_run_operator.py
[2024-07-25T00:07:33.196+0000] {logging_mixin.py:137} INFO - [2024-07-25T00:07:33.195+0000] {dag.py:2690} INFO - Sync 1 DAGs
[2024-07-25T00:07:33.212+0000] {logging_mixin.py:137} INFO - [2024-07-25T00:07:33.212+0000] {dag.py:3441} INFO - Setting next_dagrun for examplo_dag_run_operator to None, run_after=None
[2024-07-25T00:07:33.226+0000] {processor.py:175} INFO - Processing /opt/airflow/dags/examplo_dag_run_operator.py took 0.073 seconds
[2024-07-25T00:07:38.733+0000] {processor.py:153} INFO - Started process (PID=94792) to work on /opt/airflow/dags/examplo_dag_run_operator.py
[2024-07-25T00:07:38.734+0000] {processor.py:743} INFO - Processing file /opt/airflow/dags/examplo_dag_run_operator.py for tasks to queue
[2024-07-25T00:07:38.735+0000] {logging_mixin.py:137} INFO - [2024-07-25T00:07:38.735+0000] {dagbag.py:538} INFO - Filling up the DagBag from /opt/airflow/dags/examplo_dag_run_operator.py
[2024-07-25T00:07:38.755+0000] {processor.py:753} INFO - DAG(s) dict_keys(['examplo_dag_run_operator']) retrieved from /opt/airflow/dags/examplo_dag_run_operator.py
[2024-07-25T00:07:38.770+0000] {logging_mixin.py:137} INFO - [2024-07-25T00:07:38.769+0000] {dag.py:2690} INFO - Sync 1 DAGs
[2024-07-25T00:07:38.783+0000] {logging_mixin.py:137} INFO - [2024-07-25T00:07:38.783+0000] {dag.py:3441} INFO - Setting next_dagrun for examplo_dag_run_operator to None, run_after=None
[2024-07-25T00:07:38.792+0000] {processor.py:175} INFO - Processing /opt/airflow/dags/examplo_dag_run_operator.py took 0.064 seconds
[2024-07-25T00:07:44.254+0000] {processor.py:153} INFO - Started process (PID=94819) to work on /opt/airflow/dags/examplo_dag_run_operator.py
[2024-07-25T00:07:44.273+0000] {processor.py:743} INFO - Processing file /opt/airflow/dags/examplo_dag_run_operator.py for tasks to queue
[2024-07-25T00:07:44.277+0000] {logging_mixin.py:137} INFO - [2024-07-25T00:07:44.277+0000] {dagbag.py:538} INFO - Filling up the DagBag from /opt/airflow/dags/examplo_dag_run_operator.py
[2024-07-25T00:07:44.304+0000] {processor.py:753} INFO - DAG(s) dict_keys(['examplo_dag_run_operator']) retrieved from /opt/airflow/dags/examplo_dag_run_operator.py
[2024-07-25T00:07:44.346+0000] {logging_mixin.py:137} INFO - [2024-07-25T00:07:44.346+0000] {dag.py:2690} INFO - Sync 1 DAGs
[2024-07-25T00:07:44.372+0000] {logging_mixin.py:137} INFO - [2024-07-25T00:07:44.372+0000] {dag.py:3441} INFO - Setting next_dagrun for examplo_dag_run_operator to None, run_after=None
[2024-07-25T00:07:44.397+0000] {processor.py:175} INFO - Processing /opt/airflow/dags/examplo_dag_run_operator.py took 0.148 seconds
[2024-07-25T00:07:49.738+0000] {processor.py:153} INFO - Started process (PID=94831) to work on /opt/airflow/dags/examplo_dag_run_operator.py
[2024-07-25T00:07:49.739+0000] {processor.py:743} INFO - Processing file /opt/airflow/dags/examplo_dag_run_operator.py for tasks to queue
[2024-07-25T00:07:49.740+0000] {logging_mixin.py:137} INFO - [2024-07-25T00:07:49.740+0000] {dagbag.py:538} INFO - Filling up the DagBag from /opt/airflow/dags/examplo_dag_run_operator.py
[2024-07-25T00:07:49.761+0000] {processor.py:753} INFO - DAG(s) dict_keys(['examplo_dag_run_operator']) retrieved from /opt/airflow/dags/examplo_dag_run_operator.py
[2024-07-25T00:07:49.784+0000] {logging_mixin.py:137} INFO - [2024-07-25T00:07:49.784+0000] {dag.py:2690} INFO - Sync 1 DAGs
[2024-07-25T00:07:49.798+0000] {logging_mixin.py:137} INFO - [2024-07-25T00:07:49.798+0000] {dag.py:3441} INFO - Setting next_dagrun for examplo_dag_run_operator to None, run_after=None
[2024-07-25T00:07:49.808+0000] {processor.py:175} INFO - Processing /opt/airflow/dags/examplo_dag_run_operator.py took 0.076 seconds
[2024-07-25T00:07:55.372+0000] {processor.py:153} INFO - Started process (PID=94852) to work on /opt/airflow/dags/examplo_dag_run_operator.py
[2024-07-25T00:07:55.373+0000] {processor.py:743} INFO - Processing file /opt/airflow/dags/examplo_dag_run_operator.py for tasks to queue
[2024-07-25T00:07:55.374+0000] {logging_mixin.py:137} INFO - [2024-07-25T00:07:55.374+0000] {dagbag.py:538} INFO - Filling up the DagBag from /opt/airflow/dags/examplo_dag_run_operator.py
[2024-07-25T00:07:55.388+0000] {processor.py:753} INFO - DAG(s) dict_keys(['examplo_dag_run_operator']) retrieved from /opt/airflow/dags/examplo_dag_run_operator.py
[2024-07-25T00:07:55.406+0000] {logging_mixin.py:137} INFO - [2024-07-25T00:07:55.406+0000] {dag.py:2690} INFO - Sync 1 DAGs
[2024-07-25T00:07:55.423+0000] {logging_mixin.py:137} INFO - [2024-07-25T00:07:55.423+0000] {dag.py:3441} INFO - Setting next_dagrun for examplo_dag_run_operator to None, run_after=None
[2024-07-25T00:07:55.437+0000] {processor.py:175} INFO - Processing /opt/airflow/dags/examplo_dag_run_operator.py took 0.068 seconds
[2024-07-25T00:08:00.915+0000] {processor.py:153} INFO - Started process (PID=94871) to work on /opt/airflow/dags/examplo_dag_run_operator.py
[2024-07-25T00:08:00.917+0000] {processor.py:743} INFO - Processing file /opt/airflow/dags/examplo_dag_run_operator.py for tasks to queue
[2024-07-25T00:08:00.918+0000] {logging_mixin.py:137} INFO - [2024-07-25T00:08:00.918+0000] {dagbag.py:538} INFO - Filling up the DagBag from /opt/airflow/dags/examplo_dag_run_operator.py
[2024-07-25T00:08:00.958+0000] {processor.py:753} INFO - DAG(s) dict_keys(['examplo_dag_run_operator']) retrieved from /opt/airflow/dags/examplo_dag_run_operator.py
[2024-07-25T00:08:00.978+0000] {logging_mixin.py:137} INFO - [2024-07-25T00:08:00.978+0000] {dag.py:2690} INFO - Sync 1 DAGs
[2024-07-25T00:08:00.992+0000] {logging_mixin.py:137} INFO - [2024-07-25T00:08:00.992+0000] {dag.py:3441} INFO - Setting next_dagrun for examplo_dag_run_operator to None, run_after=None
[2024-07-25T00:08:01.001+0000] {processor.py:175} INFO - Processing /opt/airflow/dags/examplo_dag_run_operator.py took 0.093 seconds
[2024-07-25T00:08:06.410+0000] {processor.py:153} INFO - Started process (PID=94883) to work on /opt/airflow/dags/examplo_dag_run_operator.py
[2024-07-25T00:08:06.411+0000] {processor.py:743} INFO - Processing file /opt/airflow/dags/examplo_dag_run_operator.py for tasks to queue
[2024-07-25T00:08:06.412+0000] {logging_mixin.py:137} INFO - [2024-07-25T00:08:06.412+0000] {dagbag.py:538} INFO - Filling up the DagBag from /opt/airflow/dags/examplo_dag_run_operator.py
[2024-07-25T00:08:06.425+0000] {processor.py:753} INFO - DAG(s) dict_keys(['examplo_dag_run_operator']) retrieved from /opt/airflow/dags/examplo_dag_run_operator.py
[2024-07-25T00:08:06.439+0000] {logging_mixin.py:137} INFO - [2024-07-25T00:08:06.439+0000] {dag.py:2690} INFO - Sync 1 DAGs
[2024-07-25T00:08:06.452+0000] {logging_mixin.py:137} INFO - [2024-07-25T00:08:06.452+0000] {dag.py:3441} INFO - Setting next_dagrun for examplo_dag_run_operator to None, run_after=None
[2024-07-25T00:08:06.463+0000] {processor.py:175} INFO - Processing /opt/airflow/dags/examplo_dag_run_operator.py took 0.055 seconds
[2024-07-25T00:08:11.898+0000] {processor.py:153} INFO - Started process (PID=94911) to work on /opt/airflow/dags/examplo_dag_run_operator.py
[2024-07-25T00:08:11.898+0000] {processor.py:743} INFO - Processing file /opt/airflow/dags/examplo_dag_run_operator.py for tasks to queue
[2024-07-25T00:08:11.899+0000] {logging_mixin.py:137} INFO - [2024-07-25T00:08:11.899+0000] {dagbag.py:538} INFO - Filling up the DagBag from /opt/airflow/dags/examplo_dag_run_operator.py
[2024-07-25T00:08:11.951+0000] {processor.py:753} INFO - DAG(s) dict_keys(['examplo_dag_run_operator']) retrieved from /opt/airflow/dags/examplo_dag_run_operator.py
[2024-07-25T00:08:11.974+0000] {logging_mixin.py:137} INFO - [2024-07-25T00:08:11.974+0000] {dag.py:2690} INFO - Sync 1 DAGs
[2024-07-25T00:08:11.989+0000] {logging_mixin.py:137} INFO - [2024-07-25T00:08:11.989+0000] {dag.py:3441} INFO - Setting next_dagrun for examplo_dag_run_operator to None, run_after=None
[2024-07-25T00:08:12.000+0000] {processor.py:175} INFO - Processing /opt/airflow/dags/examplo_dag_run_operator.py took 0.105 seconds
[2024-07-25T00:08:17.490+0000] {processor.py:153} INFO - Started process (PID=94923) to work on /opt/airflow/dags/examplo_dag_run_operator.py
[2024-07-25T00:08:17.491+0000] {processor.py:743} INFO - Processing file /opt/airflow/dags/examplo_dag_run_operator.py for tasks to queue
[2024-07-25T00:08:17.492+0000] {logging_mixin.py:137} INFO - [2024-07-25T00:08:17.492+0000] {dagbag.py:538} INFO - Filling up the DagBag from /opt/airflow/dags/examplo_dag_run_operator.py
[2024-07-25T00:08:17.513+0000] {processor.py:753} INFO - DAG(s) dict_keys(['examplo_dag_run_operator']) retrieved from /opt/airflow/dags/examplo_dag_run_operator.py
[2024-07-25T00:08:17.528+0000] {logging_mixin.py:137} INFO - [2024-07-25T00:08:17.528+0000] {dag.py:2690} INFO - Sync 1 DAGs
[2024-07-25T00:08:17.542+0000] {logging_mixin.py:137} INFO - [2024-07-25T00:08:17.542+0000] {dag.py:3441} INFO - Setting next_dagrun for examplo_dag_run_operator to None, run_after=None
[2024-07-25T00:08:17.551+0000] {processor.py:175} INFO - Processing /opt/airflow/dags/examplo_dag_run_operator.py took 0.065 seconds
[2024-07-25T00:08:22.970+0000] {processor.py:153} INFO - Started process (PID=94950) to work on /opt/airflow/dags/examplo_dag_run_operator.py
[2024-07-25T00:08:22.971+0000] {processor.py:743} INFO - Processing file /opt/airflow/dags/examplo_dag_run_operator.py for tasks to queue
[2024-07-25T00:08:22.972+0000] {logging_mixin.py:137} INFO - [2024-07-25T00:08:22.972+0000] {dagbag.py:538} INFO - Filling up the DagBag from /opt/airflow/dags/examplo_dag_run_operator.py
[2024-07-25T00:08:22.996+0000] {processor.py:753} INFO - DAG(s) dict_keys(['examplo_dag_run_operator']) retrieved from /opt/airflow/dags/examplo_dag_run_operator.py
[2024-07-25T00:08:23.020+0000] {logging_mixin.py:137} INFO - [2024-07-25T00:08:23.019+0000] {dag.py:2690} INFO - Sync 1 DAGs
[2024-07-25T00:08:23.033+0000] {logging_mixin.py:137} INFO - [2024-07-25T00:08:23.033+0000] {dag.py:3441} INFO - Setting next_dagrun for examplo_dag_run_operator to None, run_after=None
[2024-07-25T00:08:23.042+0000] {processor.py:175} INFO - Processing /opt/airflow/dags/examplo_dag_run_operator.py took 0.076 seconds
[2024-07-25T00:08:28.553+0000] {processor.py:153} INFO - Started process (PID=94962) to work on /opt/airflow/dags/examplo_dag_run_operator.py
[2024-07-25T00:08:28.553+0000] {processor.py:743} INFO - Processing file /opt/airflow/dags/examplo_dag_run_operator.py for tasks to queue
[2024-07-25T00:08:28.554+0000] {logging_mixin.py:137} INFO - [2024-07-25T00:08:28.554+0000] {dagbag.py:538} INFO - Filling up the DagBag from /opt/airflow/dags/examplo_dag_run_operator.py
[2024-07-25T00:08:28.571+0000] {processor.py:753} INFO - DAG(s) dict_keys(['examplo_dag_run_operator']) retrieved from /opt/airflow/dags/examplo_dag_run_operator.py
[2024-07-25T00:08:28.585+0000] {logging_mixin.py:137} INFO - [2024-07-25T00:08:28.585+0000] {dag.py:2690} INFO - Sync 1 DAGs
[2024-07-25T00:08:28.598+0000] {logging_mixin.py:137} INFO - [2024-07-25T00:08:28.598+0000] {dag.py:3441} INFO - Setting next_dagrun for examplo_dag_run_operator to None, run_after=None
[2024-07-25T00:08:28.606+0000] {processor.py:175} INFO - Processing /opt/airflow/dags/examplo_dag_run_operator.py took 0.055 seconds
[2024-07-25T00:08:34.110+0000] {processor.py:153} INFO - Started process (PID=94989) to work on /opt/airflow/dags/examplo_dag_run_operator.py
[2024-07-25T00:08:34.110+0000] {processor.py:743} INFO - Processing file /opt/airflow/dags/examplo_dag_run_operator.py for tasks to queue
[2024-07-25T00:08:34.111+0000] {logging_mixin.py:137} INFO - [2024-07-25T00:08:34.111+0000] {dagbag.py:538} INFO - Filling up the DagBag from /opt/airflow/dags/examplo_dag_run_operator.py
[2024-07-25T00:08:34.121+0000] {processor.py:753} INFO - DAG(s) dict_keys(['examplo_dag_run_operator']) retrieved from /opt/airflow/dags/examplo_dag_run_operator.py
[2024-07-25T00:08:34.134+0000] {logging_mixin.py:137} INFO - [2024-07-25T00:08:34.134+0000] {dag.py:2690} INFO - Sync 1 DAGs
[2024-07-25T00:08:34.147+0000] {logging_mixin.py:137} INFO - [2024-07-25T00:08:34.147+0000] {dag.py:3441} INFO - Setting next_dagrun for examplo_dag_run_operator to None, run_after=None
[2024-07-25T00:08:34.155+0000] {processor.py:175} INFO - Processing /opt/airflow/dags/examplo_dag_run_operator.py took 0.047 seconds
[2024-07-25T00:08:39.543+0000] {processor.py:153} INFO - Started process (PID=95001) to work on /opt/airflow/dags/examplo_dag_run_operator.py
[2024-07-25T00:08:39.544+0000] {processor.py:743} INFO - Processing file /opt/airflow/dags/examplo_dag_run_operator.py for tasks to queue
[2024-07-25T00:08:39.544+0000] {logging_mixin.py:137} INFO - [2024-07-25T00:08:39.544+0000] {dagbag.py:538} INFO - Filling up the DagBag from /opt/airflow/dags/examplo_dag_run_operator.py
[2024-07-25T00:08:39.560+0000] {processor.py:753} INFO - DAG(s) dict_keys(['examplo_dag_run_operator']) retrieved from /opt/airflow/dags/examplo_dag_run_operator.py
[2024-07-25T00:08:39.579+0000] {logging_mixin.py:137} INFO - [2024-07-25T00:08:39.579+0000] {dag.py:2690} INFO - Sync 1 DAGs
[2024-07-25T00:08:39.643+0000] {logging_mixin.py:137} INFO - [2024-07-25T00:08:39.643+0000] {dag.py:3441} INFO - Setting next_dagrun for examplo_dag_run_operator to None, run_after=None
[2024-07-25T00:08:39.653+0000] {processor.py:175} INFO - Processing /opt/airflow/dags/examplo_dag_run_operator.py took 0.114 seconds
[2024-07-25T00:08:45.488+0000] {processor.py:153} INFO - Started process (PID=95029) to work on /opt/airflow/dags/examplo_dag_run_operator.py
[2024-07-25T00:08:45.489+0000] {processor.py:743} INFO - Processing file /opt/airflow/dags/examplo_dag_run_operator.py for tasks to queue
[2024-07-25T00:08:45.490+0000] {logging_mixin.py:137} INFO - [2024-07-25T00:08:45.490+0000] {dagbag.py:538} INFO - Filling up the DagBag from /opt/airflow/dags/examplo_dag_run_operator.py
[2024-07-25T00:08:45.506+0000] {processor.py:753} INFO - DAG(s) dict_keys(['examplo_dag_run_operator']) retrieved from /opt/airflow/dags/examplo_dag_run_operator.py
[2024-07-25T00:08:45.529+0000] {logging_mixin.py:137} INFO - [2024-07-25T00:08:45.529+0000] {dag.py:2690} INFO - Sync 1 DAGs
[2024-07-25T00:08:45.547+0000] {logging_mixin.py:137} INFO - [2024-07-25T00:08:45.547+0000] {dag.py:3441} INFO - Setting next_dagrun for examplo_dag_run_operator to None, run_after=None
[2024-07-25T00:08:45.557+0000] {processor.py:175} INFO - Processing /opt/airflow/dags/examplo_dag_run_operator.py took 0.072 seconds
[2024-07-25T00:08:51.035+0000] {processor.py:153} INFO - Started process (PID=95041) to work on /opt/airflow/dags/examplo_dag_run_operator.py
[2024-07-25T00:08:51.037+0000] {processor.py:743} INFO - Processing file /opt/airflow/dags/examplo_dag_run_operator.py for tasks to queue
[2024-07-25T00:08:51.038+0000] {logging_mixin.py:137} INFO - [2024-07-25T00:08:51.038+0000] {dagbag.py:538} INFO - Filling up the DagBag from /opt/airflow/dags/examplo_dag_run_operator.py
[2024-07-25T00:08:51.062+0000] {processor.py:753} INFO - DAG(s) dict_keys(['examplo_dag_run_operator']) retrieved from /opt/airflow/dags/examplo_dag_run_operator.py
[2024-07-25T00:08:51.082+0000] {logging_mixin.py:137} INFO - [2024-07-25T00:08:51.082+0000] {dag.py:2690} INFO - Sync 1 DAGs
[2024-07-25T00:08:51.098+0000] {logging_mixin.py:137} INFO - [2024-07-25T00:08:51.097+0000] {dag.py:3441} INFO - Setting next_dagrun for examplo_dag_run_operator to None, run_after=None
[2024-07-25T00:08:51.108+0000] {processor.py:175} INFO - Processing /opt/airflow/dags/examplo_dag_run_operator.py took 0.078 seconds
[2024-07-25T00:08:56.768+0000] {processor.py:153} INFO - Started process (PID=95069) to work on /opt/airflow/dags/examplo_dag_run_operator.py
[2024-07-25T00:08:56.769+0000] {processor.py:743} INFO - Processing file /opt/airflow/dags/examplo_dag_run_operator.py for tasks to queue
[2024-07-25T00:08:56.770+0000] {logging_mixin.py:137} INFO - [2024-07-25T00:08:56.770+0000] {dagbag.py:538} INFO - Filling up the DagBag from /opt/airflow/dags/examplo_dag_run_operator.py
[2024-07-25T00:08:56.789+0000] {processor.py:753} INFO - DAG(s) dict_keys(['examplo_dag_run_operator']) retrieved from /opt/airflow/dags/examplo_dag_run_operator.py
[2024-07-25T00:08:56.804+0000] {logging_mixin.py:137} INFO - [2024-07-25T00:08:56.804+0000] {dag.py:2690} INFO - Sync 1 DAGs
[2024-07-25T00:08:56.818+0000] {logging_mixin.py:137} INFO - [2024-07-25T00:08:56.818+0000] {dag.py:3441} INFO - Setting next_dagrun for examplo_dag_run_operator to None, run_after=None
[2024-07-25T00:08:56.827+0000] {processor.py:175} INFO - Processing /opt/airflow/dags/examplo_dag_run_operator.py took 0.064 seconds
[2024-07-25T00:09:02.311+0000] {processor.py:153} INFO - Started process (PID=95081) to work on /opt/airflow/dags/examplo_dag_run_operator.py
[2024-07-25T00:09:02.312+0000] {processor.py:743} INFO - Processing file /opt/airflow/dags/examplo_dag_run_operator.py for tasks to queue
[2024-07-25T00:09:02.313+0000] {logging_mixin.py:137} INFO - [2024-07-25T00:09:02.313+0000] {dagbag.py:538} INFO - Filling up the DagBag from /opt/airflow/dags/examplo_dag_run_operator.py
[2024-07-25T00:09:02.331+0000] {processor.py:753} INFO - DAG(s) dict_keys(['examplo_dag_run_operator']) retrieved from /opt/airflow/dags/examplo_dag_run_operator.py
[2024-07-25T00:09:02.347+0000] {logging_mixin.py:137} INFO - [2024-07-25T00:09:02.347+0000] {dag.py:2690} INFO - Sync 1 DAGs
[2024-07-25T00:09:02.359+0000] {logging_mixin.py:137} INFO - [2024-07-25T00:09:02.359+0000] {dag.py:3441} INFO - Setting next_dagrun for examplo_dag_run_operator to None, run_after=None
[2024-07-25T00:09:02.367+0000] {processor.py:175} INFO - Processing /opt/airflow/dags/examplo_dag_run_operator.py took 0.060 seconds
[2024-07-25T00:09:07.863+0000] {processor.py:153} INFO - Started process (PID=95108) to work on /opt/airflow/dags/examplo_dag_run_operator.py
[2024-07-25T00:09:07.864+0000] {processor.py:743} INFO - Processing file /opt/airflow/dags/examplo_dag_run_operator.py for tasks to queue
[2024-07-25T00:09:07.865+0000] {logging_mixin.py:137} INFO - [2024-07-25T00:09:07.865+0000] {dagbag.py:538} INFO - Filling up the DagBag from /opt/airflow/dags/examplo_dag_run_operator.py
[2024-07-25T00:09:07.886+0000] {processor.py:753} INFO - DAG(s) dict_keys(['examplo_dag_run_operator']) retrieved from /opt/airflow/dags/examplo_dag_run_operator.py
[2024-07-25T00:09:07.901+0000] {logging_mixin.py:137} INFO - [2024-07-25T00:09:07.901+0000] {dag.py:2690} INFO - Sync 1 DAGs
[2024-07-25T00:09:07.914+0000] {logging_mixin.py:137} INFO - [2024-07-25T00:09:07.914+0000] {dag.py:3441} INFO - Setting next_dagrun for examplo_dag_run_operator to None, run_after=None
[2024-07-25T00:09:07.922+0000] {processor.py:175} INFO - Processing /opt/airflow/dags/examplo_dag_run_operator.py took 0.064 seconds
[2024-07-25T00:09:13.390+0000] {processor.py:153} INFO - Started process (PID=95120) to work on /opt/airflow/dags/examplo_dag_run_operator.py
[2024-07-25T00:09:13.391+0000] {processor.py:743} INFO - Processing file /opt/airflow/dags/examplo_dag_run_operator.py for tasks to queue
[2024-07-25T00:09:13.392+0000] {logging_mixin.py:137} INFO - [2024-07-25T00:09:13.392+0000] {dagbag.py:538} INFO - Filling up the DagBag from /opt/airflow/dags/examplo_dag_run_operator.py
[2024-07-25T00:09:13.422+0000] {processor.py:753} INFO - DAG(s) dict_keys(['examplo_dag_run_operator']) retrieved from /opt/airflow/dags/examplo_dag_run_operator.py
[2024-07-25T00:09:13.442+0000] {logging_mixin.py:137} INFO - [2024-07-25T00:09:13.442+0000] {dag.py:2690} INFO - Sync 1 DAGs
[2024-07-25T00:09:13.455+0000] {logging_mixin.py:137} INFO - [2024-07-25T00:09:13.455+0000] {dag.py:3441} INFO - Setting next_dagrun for examplo_dag_run_operator to None, run_after=None
[2024-07-25T00:09:13.463+0000] {processor.py:175} INFO - Processing /opt/airflow/dags/examplo_dag_run_operator.py took 0.077 seconds
[2024-07-25T00:09:18.991+0000] {processor.py:153} INFO - Started process (PID=95148) to work on /opt/airflow/dags/examplo_dag_run_operator.py
[2024-07-25T00:09:18.992+0000] {processor.py:743} INFO - Processing file /opt/airflow/dags/examplo_dag_run_operator.py for tasks to queue
[2024-07-25T00:09:18.993+0000] {logging_mixin.py:137} INFO - [2024-07-25T00:09:18.993+0000] {dagbag.py:538} INFO - Filling up the DagBag from /opt/airflow/dags/examplo_dag_run_operator.py
[2024-07-25T00:09:19.013+0000] {processor.py:753} INFO - DAG(s) dict_keys(['examplo_dag_run_operator']) retrieved from /opt/airflow/dags/examplo_dag_run_operator.py
[2024-07-25T00:09:19.034+0000] {logging_mixin.py:137} INFO - [2024-07-25T00:09:19.034+0000] {dag.py:2690} INFO - Sync 1 DAGs
[2024-07-25T00:09:19.049+0000] {logging_mixin.py:137} INFO - [2024-07-25T00:09:19.049+0000] {dag.py:3441} INFO - Setting next_dagrun for examplo_dag_run_operator to None, run_after=None
[2024-07-25T00:09:19.068+0000] {processor.py:175} INFO - Processing /opt/airflow/dags/examplo_dag_run_operator.py took 0.081 seconds
[2024-07-25T00:09:24.573+0000] {processor.py:153} INFO - Started process (PID=95160) to work on /opt/airflow/dags/examplo_dag_run_operator.py
[2024-07-25T00:09:24.575+0000] {processor.py:743} INFO - Processing file /opt/airflow/dags/examplo_dag_run_operator.py for tasks to queue
[2024-07-25T00:09:24.576+0000] {logging_mixin.py:137} INFO - [2024-07-25T00:09:24.575+0000] {dagbag.py:538} INFO - Filling up the DagBag from /opt/airflow/dags/examplo_dag_run_operator.py
[2024-07-25T00:09:24.595+0000] {processor.py:753} INFO - DAG(s) dict_keys(['examplo_dag_run_operator']) retrieved from /opt/airflow/dags/examplo_dag_run_operator.py
[2024-07-25T00:09:24.619+0000] {logging_mixin.py:137} INFO - [2024-07-25T00:09:24.619+0000] {dag.py:2690} INFO - Sync 1 DAGs
[2024-07-25T00:09:24.633+0000] {logging_mixin.py:137} INFO - [2024-07-25T00:09:24.633+0000] {dag.py:3441} INFO - Setting next_dagrun for examplo_dag_run_operator to None, run_after=None
[2024-07-25T00:09:24.643+0000] {processor.py:175} INFO - Processing /opt/airflow/dags/examplo_dag_run_operator.py took 0.074 seconds
[2024-07-25T00:09:30.226+0000] {processor.py:153} INFO - Started process (PID=95188) to work on /opt/airflow/dags/examplo_dag_run_operator.py
[2024-07-25T00:09:30.226+0000] {processor.py:743} INFO - Processing file /opt/airflow/dags/examplo_dag_run_operator.py for tasks to queue
[2024-07-25T00:09:30.227+0000] {logging_mixin.py:137} INFO - [2024-07-25T00:09:30.227+0000] {dagbag.py:538} INFO - Filling up the DagBag from /opt/airflow/dags/examplo_dag_run_operator.py
[2024-07-25T00:09:30.239+0000] {processor.py:753} INFO - DAG(s) dict_keys(['examplo_dag_run_operator']) retrieved from /opt/airflow/dags/examplo_dag_run_operator.py
[2024-07-25T00:09:30.254+0000] {logging_mixin.py:137} INFO - [2024-07-25T00:09:30.254+0000] {dag.py:2690} INFO - Sync 1 DAGs
[2024-07-25T00:09:30.270+0000] {logging_mixin.py:137} INFO - [2024-07-25T00:09:30.270+0000] {dag.py:3441} INFO - Setting next_dagrun for examplo_dag_run_operator to None, run_after=None
[2024-07-25T00:09:30.280+0000] {processor.py:175} INFO - Processing /opt/airflow/dags/examplo_dag_run_operator.py took 0.058 seconds
