[2024-07-25T00:04:50.048+0000] {processor.py:153} INFO - Started process (PID=94207) to work on /opt/airflow/dags/examplo_dag_run_dag.py
[2024-07-25T00:04:50.048+0000] {processor.py:743} INFO - Processing file /opt/airflow/dags/examplo_dag_run_dag.py for tasks to queue
[2024-07-25T00:04:50.049+0000] {logging_mixin.py:137} INFO - [2024-07-25T00:04:50.049+0000] {dagbag.py:538} INFO - Filling up the DagBag from /opt/airflow/dags/examplo_dag_run_dag.py
[2024-07-25T00:04:50.065+0000] {processor.py:753} INFO - DAG(s) dict_keys(['examplo_dag_run_dag']) retrieved from /opt/airflow/dags/examplo_dag_run_dag.py
[2024-07-25T00:04:50.177+0000] {logging_mixin.py:137} INFO - [2024-07-25T00:04:50.177+0000] {manager.py:504} INFO - Created Permission View: can read on DAG:examplo_dag_run_dag
[2024-07-25T00:04:50.181+0000] {logging_mixin.py:137} INFO - [2024-07-25T00:04:50.181+0000] {manager.py:504} INFO - Created Permission View: can edit on DAG:examplo_dag_run_dag
[2024-07-25T00:04:50.184+0000] {logging_mixin.py:137} INFO - [2024-07-25T00:04:50.184+0000] {manager.py:504} INFO - Created Permission View: can delete on DAG:examplo_dag_run_dag
[2024-07-25T00:04:50.184+0000] {logging_mixin.py:137} INFO - [2024-07-25T00:04:50.184+0000] {dag.py:2690} INFO - Sync 1 DAGs
[2024-07-25T00:04:50.191+0000] {logging_mixin.py:137} INFO - [2024-07-25T00:04:50.191+0000] {dag.py:2711} INFO - Creating ORM DAG for examplo_dag_run_dag
[2024-07-25T00:04:50.198+0000] {logging_mixin.py:137} INFO - [2024-07-25T00:04:50.198+0000] {dag.py:3441} INFO - Setting next_dagrun for examplo_dag_run_dag to None, run_after=None
[2024-07-25T00:04:50.206+0000] {processor.py:175} INFO - Processing /opt/airflow/dags/examplo_dag_run_dag.py took 0.161 seconds
[2024-07-25T00:04:55.616+0000] {processor.py:153} INFO - Started process (PID=94219) to work on /opt/airflow/dags/examplo_dag_run_dag.py
[2024-07-25T00:04:55.618+0000] {processor.py:743} INFO - Processing file /opt/airflow/dags/examplo_dag_run_dag.py for tasks to queue
[2024-07-25T00:04:55.618+0000] {logging_mixin.py:137} INFO - [2024-07-25T00:04:55.618+0000] {dagbag.py:538} INFO - Filling up the DagBag from /opt/airflow/dags/examplo_dag_run_dag.py
[2024-07-25T00:04:55.641+0000] {processor.py:753} INFO - DAG(s) dict_keys(['examplo_dag_run_dag']) retrieved from /opt/airflow/dags/examplo_dag_run_dag.py
[2024-07-25T00:04:55.656+0000] {logging_mixin.py:137} INFO - [2024-07-25T00:04:55.656+0000] {dag.py:2690} INFO - Sync 1 DAGs
[2024-07-25T00:04:55.671+0000] {logging_mixin.py:137} INFO - [2024-07-25T00:04:55.671+0000] {dag.py:3441} INFO - Setting next_dagrun for examplo_dag_run_dag to None, run_after=None
[2024-07-25T00:04:55.680+0000] {processor.py:175} INFO - Processing /opt/airflow/dags/examplo_dag_run_dag.py took 0.069 seconds
[2024-07-25T00:05:01.094+0000] {processor.py:153} INFO - Started process (PID=94246) to work on /opt/airflow/dags/examplo_dag_run_dag.py
[2024-07-25T00:05:01.095+0000] {processor.py:743} INFO - Processing file /opt/airflow/dags/examplo_dag_run_dag.py for tasks to queue
[2024-07-25T00:05:01.095+0000] {logging_mixin.py:137} INFO - [2024-07-25T00:05:01.095+0000] {dagbag.py:538} INFO - Filling up the DagBag from /opt/airflow/dags/examplo_dag_run_dag.py
[2024-07-25T00:05:01.111+0000] {processor.py:753} INFO - DAG(s) dict_keys(['examplo_dag_run_dag']) retrieved from /opt/airflow/dags/examplo_dag_run_dag.py
[2024-07-25T00:05:01.132+0000] {logging_mixin.py:137} INFO - [2024-07-25T00:05:01.132+0000] {dag.py:2690} INFO - Sync 1 DAGs
[2024-07-25T00:05:01.150+0000] {logging_mixin.py:137} INFO - [2024-07-25T00:05:01.150+0000] {dag.py:3441} INFO - Setting next_dagrun for examplo_dag_run_dag to None, run_after=None
[2024-07-25T00:05:01.161+0000] {processor.py:175} INFO - Processing /opt/airflow/dags/examplo_dag_run_dag.py took 0.071 seconds
[2024-07-25T00:05:06.668+0000] {processor.py:153} INFO - Started process (PID=94258) to work on /opt/airflow/dags/examplo_dag_run_dag.py
[2024-07-25T00:05:06.670+0000] {processor.py:743} INFO - Processing file /opt/airflow/dags/examplo_dag_run_dag.py for tasks to queue
[2024-07-25T00:05:06.671+0000] {logging_mixin.py:137} INFO - [2024-07-25T00:05:06.671+0000] {dagbag.py:538} INFO - Filling up the DagBag from /opt/airflow/dags/examplo_dag_run_dag.py
[2024-07-25T00:05:06.695+0000] {processor.py:753} INFO - DAG(s) dict_keys(['examplo_dag_run_dag']) retrieved from /opt/airflow/dags/examplo_dag_run_dag.py
[2024-07-25T00:05:06.709+0000] {logging_mixin.py:137} INFO - [2024-07-25T00:05:06.709+0000] {dag.py:2690} INFO - Sync 1 DAGs
[2024-07-25T00:05:06.731+0000] {logging_mixin.py:137} INFO - [2024-07-25T00:05:06.731+0000] {dag.py:3441} INFO - Setting next_dagrun for examplo_dag_run_dag to None, run_after=None
[2024-07-25T00:05:06.742+0000] {processor.py:175} INFO - Processing /opt/airflow/dags/examplo_dag_run_dag.py took 0.078 seconds
[2024-07-25T00:05:12.282+0000] {processor.py:153} INFO - Started process (PID=94279) to work on /opt/airflow/dags/examplo_dag_run_dag.py
[2024-07-25T00:05:12.283+0000] {processor.py:743} INFO - Processing file /opt/airflow/dags/examplo_dag_run_dag.py for tasks to queue
[2024-07-25T00:05:12.283+0000] {logging_mixin.py:137} INFO - [2024-07-25T00:05:12.283+0000] {dagbag.py:538} INFO - Filling up the DagBag from /opt/airflow/dags/examplo_dag_run_dag.py
[2024-07-25T00:05:12.299+0000] {processor.py:753} INFO - DAG(s) dict_keys(['examplo_dag_run_dag']) retrieved from /opt/airflow/dags/examplo_dag_run_dag.py
[2024-07-25T00:05:12.308+0000] {logging_mixin.py:137} INFO - [2024-07-25T00:05:12.308+0000] {dag.py:2690} INFO - Sync 1 DAGs
[2024-07-25T00:05:12.324+0000] {logging_mixin.py:137} INFO - [2024-07-25T00:05:12.324+0000] {dag.py:3441} INFO - Setting next_dagrun for examplo_dag_run_dag to None, run_after=None
[2024-07-25T00:05:12.334+0000] {processor.py:175} INFO - Processing /opt/airflow/dags/examplo_dag_run_dag.py took 0.055 seconds
[2024-07-25T00:05:17.771+0000] {processor.py:153} INFO - Started process (PID=94298) to work on /opt/airflow/dags/examplo_dag_run_dag.py
[2024-07-25T00:05:17.772+0000] {processor.py:743} INFO - Processing file /opt/airflow/dags/examplo_dag_run_dag.py for tasks to queue
[2024-07-25T00:05:17.772+0000] {logging_mixin.py:137} INFO - [2024-07-25T00:05:17.772+0000] {dagbag.py:538} INFO - Filling up the DagBag from /opt/airflow/dags/examplo_dag_run_dag.py
[2024-07-25T00:05:17.789+0000] {processor.py:753} INFO - DAG(s) dict_keys(['examplo_dag_run_dag']) retrieved from /opt/airflow/dags/examplo_dag_run_dag.py
[2024-07-25T00:05:17.803+0000] {logging_mixin.py:137} INFO - [2024-07-25T00:05:17.803+0000] {dag.py:2690} INFO - Sync 1 DAGs
[2024-07-25T00:05:17.820+0000] {logging_mixin.py:137} INFO - [2024-07-25T00:05:17.820+0000] {dag.py:3441} INFO - Setting next_dagrun for examplo_dag_run_dag to None, run_after=None
[2024-07-25T00:05:17.830+0000] {processor.py:175} INFO - Processing /opt/airflow/dags/examplo_dag_run_dag.py took 0.063 seconds
[2024-07-25T00:05:23.255+0000] {processor.py:153} INFO - Started process (PID=94310) to work on /opt/airflow/dags/examplo_dag_run_dag.py
[2024-07-25T00:05:23.256+0000] {processor.py:743} INFO - Processing file /opt/airflow/dags/examplo_dag_run_dag.py for tasks to queue
[2024-07-25T00:05:23.257+0000] {logging_mixin.py:137} INFO - [2024-07-25T00:05:23.256+0000] {dagbag.py:538} INFO - Filling up the DagBag from /opt/airflow/dags/examplo_dag_run_dag.py
[2024-07-25T00:05:23.269+0000] {processor.py:753} INFO - DAG(s) dict_keys(['examplo_dag_run_dag']) retrieved from /opt/airflow/dags/examplo_dag_run_dag.py
[2024-07-25T00:05:23.283+0000] {logging_mixin.py:137} INFO - [2024-07-25T00:05:23.283+0000] {dag.py:2690} INFO - Sync 1 DAGs
[2024-07-25T00:05:23.296+0000] {logging_mixin.py:137} INFO - [2024-07-25T00:05:23.296+0000] {dag.py:3441} INFO - Setting next_dagrun for examplo_dag_run_dag to None, run_after=None
[2024-07-25T00:05:23.304+0000] {processor.py:175} INFO - Processing /opt/airflow/dags/examplo_dag_run_dag.py took 0.051 seconds
[2024-07-25T00:05:28.781+0000] {processor.py:153} INFO - Started process (PID=94338) to work on /opt/airflow/dags/examplo_dag_run_dag.py
[2024-07-25T00:05:28.782+0000] {processor.py:743} INFO - Processing file /opt/airflow/dags/examplo_dag_run_dag.py for tasks to queue
[2024-07-25T00:05:28.783+0000] {logging_mixin.py:137} INFO - [2024-07-25T00:05:28.783+0000] {dagbag.py:538} INFO - Filling up the DagBag from /opt/airflow/dags/examplo_dag_run_dag.py
[2024-07-25T00:05:28.802+0000] {processor.py:753} INFO - DAG(s) dict_keys(['examplo_dag_run_dag']) retrieved from /opt/airflow/dags/examplo_dag_run_dag.py
[2024-07-25T00:05:28.827+0000] {logging_mixin.py:137} INFO - [2024-07-25T00:05:28.827+0000] {dag.py:2690} INFO - Sync 1 DAGs
[2024-07-25T00:05:28.839+0000] {logging_mixin.py:137} INFO - [2024-07-25T00:05:28.839+0000] {dag.py:3441} INFO - Setting next_dagrun for examplo_dag_run_dag to None, run_after=None
[2024-07-25T00:05:28.847+0000] {processor.py:175} INFO - Processing /opt/airflow/dags/examplo_dag_run_dag.py took 0.070 seconds
[2024-07-25T00:05:34.325+0000] {processor.py:153} INFO - Started process (PID=94350) to work on /opt/airflow/dags/examplo_dag_run_dag.py
[2024-07-25T00:05:34.326+0000] {processor.py:743} INFO - Processing file /opt/airflow/dags/examplo_dag_run_dag.py for tasks to queue
[2024-07-25T00:05:34.326+0000] {logging_mixin.py:137} INFO - [2024-07-25T00:05:34.326+0000] {dagbag.py:538} INFO - Filling up the DagBag from /opt/airflow/dags/examplo_dag_run_dag.py
[2024-07-25T00:05:34.338+0000] {processor.py:753} INFO - DAG(s) dict_keys(['examplo_dag_run_dag']) retrieved from /opt/airflow/dags/examplo_dag_run_dag.py
[2024-07-25T00:05:34.352+0000] {logging_mixin.py:137} INFO - [2024-07-25T00:05:34.352+0000] {dag.py:2690} INFO - Sync 1 DAGs
[2024-07-25T00:05:34.365+0000] {logging_mixin.py:137} INFO - [2024-07-25T00:05:34.365+0000] {dag.py:3441} INFO - Setting next_dagrun for examplo_dag_run_dag to None, run_after=None
[2024-07-25T00:05:34.373+0000] {processor.py:175} INFO - Processing /opt/airflow/dags/examplo_dag_run_dag.py took 0.050 seconds
[2024-07-25T00:05:40.079+0000] {processor.py:153} INFO - Started process (PID=94378) to work on /opt/airflow/dags/examplo_dag_run_dag.py
[2024-07-25T00:05:40.080+0000] {processor.py:743} INFO - Processing file /opt/airflow/dags/examplo_dag_run_dag.py for tasks to queue
[2024-07-25T00:05:40.081+0000] {logging_mixin.py:137} INFO - [2024-07-25T00:05:40.081+0000] {dagbag.py:538} INFO - Filling up the DagBag from /opt/airflow/dags/examplo_dag_run_dag.py
[2024-07-25T00:05:40.103+0000] {processor.py:753} INFO - DAG(s) dict_keys(['examplo_dag_run_dag']) retrieved from /opt/airflow/dags/examplo_dag_run_dag.py
[2024-07-25T00:05:40.128+0000] {logging_mixin.py:137} INFO - [2024-07-25T00:05:40.128+0000] {dag.py:2690} INFO - Sync 1 DAGs
[2024-07-25T00:05:40.144+0000] {logging_mixin.py:137} INFO - [2024-07-25T00:05:40.144+0000] {dag.py:3441} INFO - Setting next_dagrun for examplo_dag_run_dag to None, run_after=None
[2024-07-25T00:05:40.154+0000] {processor.py:175} INFO - Processing /opt/airflow/dags/examplo_dag_run_dag.py took 0.080 seconds
[2024-07-25T00:05:45.683+0000] {processor.py:153} INFO - Started process (PID=94390) to work on /opt/airflow/dags/examplo_dag_run_dag.py
[2024-07-25T00:05:45.684+0000] {processor.py:743} INFO - Processing file /opt/airflow/dags/examplo_dag_run_dag.py for tasks to queue
[2024-07-25T00:05:45.685+0000] {logging_mixin.py:137} INFO - [2024-07-25T00:05:45.685+0000] {dagbag.py:538} INFO - Filling up the DagBag from /opt/airflow/dags/examplo_dag_run_dag.py
[2024-07-25T00:05:45.698+0000] {processor.py:753} INFO - DAG(s) dict_keys(['examplo_dag_run_dag']) retrieved from /opt/airflow/dags/examplo_dag_run_dag.py
[2024-07-25T00:05:45.714+0000] {logging_mixin.py:137} INFO - [2024-07-25T00:05:45.714+0000] {dag.py:2690} INFO - Sync 1 DAGs
[2024-07-25T00:05:45.728+0000] {logging_mixin.py:137} INFO - [2024-07-25T00:05:45.727+0000] {dag.py:3441} INFO - Setting next_dagrun for examplo_dag_run_dag to None, run_after=None
[2024-07-25T00:05:45.738+0000] {processor.py:175} INFO - Processing /opt/airflow/dags/examplo_dag_run_dag.py took 0.060 seconds
[2024-07-25T00:05:49.276+0000] {processor.py:153} INFO - Started process (PID=94418) to work on /opt/airflow/dags/examplo_dag_run_dag.py
[2024-07-25T00:05:49.277+0000] {processor.py:743} INFO - Processing file /opt/airflow/dags/examplo_dag_run_dag.py for tasks to queue
[2024-07-25T00:05:49.278+0000] {logging_mixin.py:137} INFO - [2024-07-25T00:05:49.278+0000] {dagbag.py:538} INFO - Filling up the DagBag from /opt/airflow/dags/examplo_dag_run_dag.py
[2024-07-25T00:05:49.292+0000] {processor.py:753} INFO - DAG(s) dict_keys(['examplo_dag_run_dag']) retrieved from /opt/airflow/dags/examplo_dag_run_dag.py
[2024-07-25T00:05:49.328+0000] {logging_mixin.py:137} INFO - [2024-07-25T00:05:49.328+0000] {dag.py:2690} INFO - Sync 1 DAGs
[2024-07-25T00:05:49.339+0000] {logging_mixin.py:137} INFO - [2024-07-25T00:05:49.339+0000] {dag.py:3441} INFO - Setting next_dagrun for examplo_dag_run_dag to None, run_after=None
[2024-07-25T00:05:49.352+0000] {processor.py:175} INFO - Processing /opt/airflow/dags/examplo_dag_run_dag.py took 0.078 seconds
[2024-07-25T00:05:51.348+0000] {processor.py:153} INFO - Started process (PID=94419) to work on /opt/airflow/dags/examplo_dag_run_dag.py
[2024-07-25T00:05:51.348+0000] {processor.py:743} INFO - Processing file /opt/airflow/dags/examplo_dag_run_dag.py for tasks to queue
[2024-07-25T00:05:51.349+0000] {logging_mixin.py:137} INFO - [2024-07-25T00:05:51.349+0000] {dagbag.py:538} INFO - Filling up the DagBag from /opt/airflow/dags/examplo_dag_run_dag.py
[2024-07-25T00:05:51.361+0000] {processor.py:753} INFO - DAG(s) dict_keys(['examplo_dag_run_dag']) retrieved from /opt/airflow/dags/examplo_dag_run_dag.py
[2024-07-25T00:05:51.371+0000] {logging_mixin.py:137} INFO - [2024-07-25T00:05:51.371+0000] {dag.py:2690} INFO - Sync 1 DAGs
[2024-07-25T00:05:51.385+0000] {logging_mixin.py:137} INFO - [2024-07-25T00:05:51.385+0000] {dag.py:3441} INFO - Setting next_dagrun for examplo_dag_run_dag to None, run_after=None
[2024-07-25T00:05:51.395+0000] {processor.py:175} INFO - Processing /opt/airflow/dags/examplo_dag_run_dag.py took 0.049 seconds
[2024-07-25T00:05:56.922+0000] {processor.py:153} INFO - Started process (PID=94431) to work on /opt/airflow/dags/examplo_dag_run_dag.py
[2024-07-25T00:05:56.924+0000] {processor.py:743} INFO - Processing file /opt/airflow/dags/examplo_dag_run_dag.py for tasks to queue
[2024-07-25T00:05:56.924+0000] {logging_mixin.py:137} INFO - [2024-07-25T00:05:56.924+0000] {dagbag.py:538} INFO - Filling up the DagBag from /opt/airflow/dags/examplo_dag_run_dag.py
[2024-07-25T00:05:56.945+0000] {processor.py:753} INFO - DAG(s) dict_keys(['examplo_dag_run_dag']) retrieved from /opt/airflow/dags/examplo_dag_run_dag.py
[2024-07-25T00:05:56.959+0000] {logging_mixin.py:137} INFO - [2024-07-25T00:05:56.959+0000] {dag.py:2690} INFO - Sync 1 DAGs
[2024-07-25T00:05:56.975+0000] {logging_mixin.py:137} INFO - [2024-07-25T00:05:56.975+0000] {dag.py:3441} INFO - Setting next_dagrun for examplo_dag_run_dag to None, run_after=None
[2024-07-25T00:05:56.985+0000] {processor.py:175} INFO - Processing /opt/airflow/dags/examplo_dag_run_dag.py took 0.068 seconds
[2024-07-25T00:05:58.001+0000] {processor.py:153} INFO - Started process (PID=94432) to work on /opt/airflow/dags/examplo_dag_run_dag.py
[2024-07-25T00:05:58.004+0000] {processor.py:743} INFO - Processing file /opt/airflow/dags/examplo_dag_run_dag.py for tasks to queue
[2024-07-25T00:05:58.006+0000] {logging_mixin.py:137} INFO - [2024-07-25T00:05:58.005+0000] {dagbag.py:538} INFO - Filling up the DagBag from /opt/airflow/dags/examplo_dag_run_dag.py
[2024-07-25T00:05:58.033+0000] {processor.py:753} INFO - DAG(s) dict_keys(['examplo_dag_run_dag']) retrieved from /opt/airflow/dags/examplo_dag_run_dag.py
[2024-07-25T00:05:58.043+0000] {logging_mixin.py:137} INFO - [2024-07-25T00:05:58.043+0000] {dag.py:2690} INFO - Sync 1 DAGs
[2024-07-25T00:05:58.066+0000] {logging_mixin.py:137} INFO - [2024-07-25T00:05:58.066+0000] {dag.py:3441} INFO - Setting next_dagrun for examplo_dag_run_dag to None, run_after=None
[2024-07-25T00:05:58.081+0000] {processor.py:175} INFO - Processing /opt/airflow/dags/examplo_dag_run_dag.py took 0.086 seconds
[2024-07-25T00:06:03.573+0000] {processor.py:153} INFO - Started process (PID=94460) to work on /opt/airflow/dags/examplo_dag_run_dag.py
[2024-07-25T00:06:03.574+0000] {processor.py:743} INFO - Processing file /opt/airflow/dags/examplo_dag_run_dag.py for tasks to queue
[2024-07-25T00:06:03.575+0000] {logging_mixin.py:137} INFO - [2024-07-25T00:06:03.575+0000] {dagbag.py:538} INFO - Filling up the DagBag from /opt/airflow/dags/examplo_dag_run_dag.py
[2024-07-25T00:06:03.588+0000] {processor.py:753} INFO - DAG(s) dict_keys(['examplo_dag_run_dag']) retrieved from /opt/airflow/dags/examplo_dag_run_dag.py
[2024-07-25T00:06:03.596+0000] {logging_mixin.py:137} INFO - [2024-07-25T00:06:03.596+0000] {dag.py:2690} INFO - Sync 1 DAGs
[2024-07-25T00:06:03.611+0000] {logging_mixin.py:137} INFO - [2024-07-25T00:06:03.610+0000] {dag.py:3441} INFO - Setting next_dagrun for examplo_dag_run_dag to None, run_after=None
[2024-07-25T00:06:03.621+0000] {processor.py:175} INFO - Processing /opt/airflow/dags/examplo_dag_run_dag.py took 0.052 seconds
[2024-07-25T00:06:09.100+0000] {processor.py:153} INFO - Started process (PID=94473) to work on /opt/airflow/dags/examplo_dag_run_dag.py
[2024-07-25T00:06:09.100+0000] {processor.py:743} INFO - Processing file /opt/airflow/dags/examplo_dag_run_dag.py for tasks to queue
[2024-07-25T00:06:09.101+0000] {logging_mixin.py:137} INFO - [2024-07-25T00:06:09.101+0000] {dagbag.py:538} INFO - Filling up the DagBag from /opt/airflow/dags/examplo_dag_run_dag.py
[2024-07-25T00:06:09.113+0000] {processor.py:753} INFO - DAG(s) dict_keys(['examplo_dag_run_dag']) retrieved from /opt/airflow/dags/examplo_dag_run_dag.py
[2024-07-25T00:06:09.123+0000] {logging_mixin.py:137} INFO - [2024-07-25T00:06:09.123+0000] {dag.py:2690} INFO - Sync 1 DAGs
[2024-07-25T00:06:09.136+0000] {logging_mixin.py:137} INFO - [2024-07-25T00:06:09.136+0000] {dag.py:3441} INFO - Setting next_dagrun for examplo_dag_run_dag to None, run_after=None
[2024-07-25T00:06:09.146+0000] {processor.py:175} INFO - Processing /opt/airflow/dags/examplo_dag_run_dag.py took 0.049 seconds
[2024-07-25T00:06:14.974+0000] {processor.py:153} INFO - Started process (PID=94501) to work on /opt/airflow/dags/examplo_dag_run_dag.py
[2024-07-25T00:06:14.975+0000] {processor.py:743} INFO - Processing file /opt/airflow/dags/examplo_dag_run_dag.py for tasks to queue
[2024-07-25T00:06:14.976+0000] {logging_mixin.py:137} INFO - [2024-07-25T00:06:14.976+0000] {dagbag.py:538} INFO - Filling up the DagBag from /opt/airflow/dags/examplo_dag_run_dag.py
[2024-07-25T00:06:15.006+0000] {processor.py:753} INFO - DAG(s) dict_keys(['examplo_dag_run_dag']) retrieved from /opt/airflow/dags/examplo_dag_run_dag.py
[2024-07-25T00:06:15.020+0000] {logging_mixin.py:137} INFO - [2024-07-25T00:06:15.019+0000] {dag.py:2690} INFO - Sync 1 DAGs
[2024-07-25T00:06:15.038+0000] {logging_mixin.py:137} INFO - [2024-07-25T00:06:15.038+0000] {dag.py:3441} INFO - Setting next_dagrun for examplo_dag_run_dag to None, run_after=None
[2024-07-25T00:06:15.049+0000] {processor.py:175} INFO - Processing /opt/airflow/dags/examplo_dag_run_dag.py took 0.081 seconds
[2024-07-25T00:06:20.560+0000] {processor.py:153} INFO - Started process (PID=94513) to work on /opt/airflow/dags/examplo_dag_run_dag.py
[2024-07-25T00:06:20.561+0000] {processor.py:743} INFO - Processing file /opt/airflow/dags/examplo_dag_run_dag.py for tasks to queue
[2024-07-25T00:06:20.562+0000] {logging_mixin.py:137} INFO - [2024-07-25T00:06:20.562+0000] {dagbag.py:538} INFO - Filling up the DagBag from /opt/airflow/dags/examplo_dag_run_dag.py
[2024-07-25T00:06:20.584+0000] {processor.py:753} INFO - DAG(s) dict_keys(['examplo_dag_run_dag']) retrieved from /opt/airflow/dags/examplo_dag_run_dag.py
[2024-07-25T00:06:20.629+0000] {logging_mixin.py:137} INFO - [2024-07-25T00:06:20.628+0000] {dag.py:2690} INFO - Sync 1 DAGs
[2024-07-25T00:06:20.640+0000] {logging_mixin.py:137} INFO - [2024-07-25T00:06:20.640+0000] {dag.py:3441} INFO - Setting next_dagrun for examplo_dag_run_dag to None, run_after=None
[2024-07-25T00:06:20.649+0000] {processor.py:175} INFO - Processing /opt/airflow/dags/examplo_dag_run_dag.py took 0.094 seconds
[2024-07-25T00:06:26.619+0000] {processor.py:153} INFO - Started process (PID=94540) to work on /opt/airflow/dags/examplo_dag_run_dag.py
[2024-07-25T00:06:26.621+0000] {processor.py:743} INFO - Processing file /opt/airflow/dags/examplo_dag_run_dag.py for tasks to queue
[2024-07-25T00:06:26.623+0000] {logging_mixin.py:137} INFO - [2024-07-25T00:06:26.622+0000] {dagbag.py:538} INFO - Filling up the DagBag from /opt/airflow/dags/examplo_dag_run_dag.py
[2024-07-25T00:06:26.651+0000] {processor.py:753} INFO - DAG(s) dict_keys(['examplo_dag_run_dag']) retrieved from /opt/airflow/dags/examplo_dag_run_dag.py
[2024-07-25T00:06:26.664+0000] {logging_mixin.py:137} INFO - [2024-07-25T00:06:26.664+0000] {dag.py:2690} INFO - Sync 1 DAGs
[2024-07-25T00:06:26.682+0000] {logging_mixin.py:137} INFO - [2024-07-25T00:06:26.682+0000] {dag.py:3441} INFO - Setting next_dagrun for examplo_dag_run_dag to None, run_after=None
[2024-07-25T00:06:26.693+0000] {processor.py:175} INFO - Processing /opt/airflow/dags/examplo_dag_run_dag.py took 0.084 seconds
[2024-07-25T00:06:32.251+0000] {processor.py:153} INFO - Started process (PID=94553) to work on /opt/airflow/dags/examplo_dag_run_dag.py
[2024-07-25T00:06:32.252+0000] {processor.py:743} INFO - Processing file /opt/airflow/dags/examplo_dag_run_dag.py for tasks to queue
[2024-07-25T00:06:32.252+0000] {logging_mixin.py:137} INFO - [2024-07-25T00:06:32.252+0000] {dagbag.py:538} INFO - Filling up the DagBag from /opt/airflow/dags/examplo_dag_run_dag.py
[2024-07-25T00:06:32.265+0000] {processor.py:753} INFO - DAG(s) dict_keys(['examplo_dag_run_dag']) retrieved from /opt/airflow/dags/examplo_dag_run_dag.py
[2024-07-25T00:06:32.273+0000] {logging_mixin.py:137} INFO - [2024-07-25T00:06:32.273+0000] {dag.py:2690} INFO - Sync 1 DAGs
[2024-07-25T00:06:32.289+0000] {logging_mixin.py:137} INFO - [2024-07-25T00:06:32.289+0000] {dag.py:3441} INFO - Setting next_dagrun for examplo_dag_run_dag to None, run_after=None
[2024-07-25T00:06:32.305+0000] {processor.py:175} INFO - Processing /opt/airflow/dags/examplo_dag_run_dag.py took 0.056 seconds
[2024-07-25T00:06:37.982+0000] {processor.py:153} INFO - Started process (PID=94581) to work on /opt/airflow/dags/examplo_dag_run_dag.py
[2024-07-25T00:06:37.984+0000] {processor.py:743} INFO - Processing file /opt/airflow/dags/examplo_dag_run_dag.py for tasks to queue
[2024-07-25T00:06:37.986+0000] {logging_mixin.py:137} INFO - [2024-07-25T00:06:37.986+0000] {dagbag.py:538} INFO - Filling up the DagBag from /opt/airflow/dags/examplo_dag_run_dag.py
[2024-07-25T00:06:38.003+0000] {processor.py:753} INFO - DAG(s) dict_keys(['examplo_dag_run_dag']) retrieved from /opt/airflow/dags/examplo_dag_run_dag.py
[2024-07-25T00:06:38.014+0000] {logging_mixin.py:137} INFO - [2024-07-25T00:06:38.013+0000] {dag.py:2690} INFO - Sync 1 DAGs
[2024-07-25T00:06:38.029+0000] {logging_mixin.py:137} INFO - [2024-07-25T00:06:38.029+0000] {dag.py:3441} INFO - Setting next_dagrun for examplo_dag_run_dag to None, run_after=None
[2024-07-25T00:06:38.045+0000] {processor.py:175} INFO - Processing /opt/airflow/dags/examplo_dag_run_dag.py took 0.067 seconds
[2024-07-25T00:06:43.483+0000] {processor.py:153} INFO - Started process (PID=94593) to work on /opt/airflow/dags/examplo_dag_run_dag.py
[2024-07-25T00:06:43.485+0000] {processor.py:743} INFO - Processing file /opt/airflow/dags/examplo_dag_run_dag.py for tasks to queue
[2024-07-25T00:06:43.492+0000] {logging_mixin.py:137} INFO - [2024-07-25T00:06:43.491+0000] {dagbag.py:538} INFO - Filling up the DagBag from /opt/airflow/dags/examplo_dag_run_dag.py
[2024-07-25T00:06:43.532+0000] {processor.py:753} INFO - DAG(s) dict_keys(['examplo_dag_run_dag']) retrieved from /opt/airflow/dags/examplo_dag_run_dag.py
[2024-07-25T00:06:43.546+0000] {logging_mixin.py:137} INFO - [2024-07-25T00:06:43.544+0000] {dag.py:2690} INFO - Sync 1 DAGs
[2024-07-25T00:06:43.575+0000] {logging_mixin.py:137} INFO - [2024-07-25T00:06:43.575+0000] {dag.py:3441} INFO - Setting next_dagrun for examplo_dag_run_dag to None, run_after=None
[2024-07-25T00:06:43.591+0000] {processor.py:175} INFO - Processing /opt/airflow/dags/examplo_dag_run_dag.py took 0.111 seconds
[2024-07-25T00:06:49.069+0000] {processor.py:153} INFO - Started process (PID=94621) to work on /opt/airflow/dags/examplo_dag_run_dag.py
[2024-07-25T00:06:49.070+0000] {processor.py:743} INFO - Processing file /opt/airflow/dags/examplo_dag_run_dag.py for tasks to queue
[2024-07-25T00:06:49.070+0000] {logging_mixin.py:137} INFO - [2024-07-25T00:06:49.070+0000] {dagbag.py:538} INFO - Filling up the DagBag from /opt/airflow/dags/examplo_dag_run_dag.py
[2024-07-25T00:06:49.081+0000] {processor.py:753} INFO - DAG(s) dict_keys(['examplo_dag_run_dag']) retrieved from /opt/airflow/dags/examplo_dag_run_dag.py
[2024-07-25T00:06:49.092+0000] {logging_mixin.py:137} INFO - [2024-07-25T00:06:49.092+0000] {dag.py:2690} INFO - Sync 1 DAGs
[2024-07-25T00:06:49.105+0000] {logging_mixin.py:137} INFO - [2024-07-25T00:06:49.105+0000] {dag.py:3441} INFO - Setting next_dagrun for examplo_dag_run_dag to None, run_after=None
[2024-07-25T00:06:49.115+0000] {processor.py:175} INFO - Processing /opt/airflow/dags/examplo_dag_run_dag.py took 0.049 seconds
[2024-07-25T00:06:54.614+0000] {processor.py:153} INFO - Started process (PID=94633) to work on /opt/airflow/dags/examplo_dag_run_dag.py
[2024-07-25T00:06:54.615+0000] {processor.py:743} INFO - Processing file /opt/airflow/dags/examplo_dag_run_dag.py for tasks to queue
[2024-07-25T00:06:54.616+0000] {logging_mixin.py:137} INFO - [2024-07-25T00:06:54.615+0000] {dagbag.py:538} INFO - Filling up the DagBag from /opt/airflow/dags/examplo_dag_run_dag.py
[2024-07-25T00:06:54.633+0000] {processor.py:753} INFO - DAG(s) dict_keys(['examplo_dag_run_dag']) retrieved from /opt/airflow/dags/examplo_dag_run_dag.py
[2024-07-25T00:06:54.652+0000] {logging_mixin.py:137} INFO - [2024-07-25T00:06:54.652+0000] {dag.py:2690} INFO - Sync 1 DAGs
[2024-07-25T00:06:54.666+0000] {logging_mixin.py:137} INFO - [2024-07-25T00:06:54.666+0000] {dag.py:3441} INFO - Setting next_dagrun for examplo_dag_run_dag to None, run_after=None
[2024-07-25T00:06:54.679+0000] {processor.py:175} INFO - Processing /opt/airflow/dags/examplo_dag_run_dag.py took 0.070 seconds
[2024-07-25T00:07:00.103+0000] {processor.py:153} INFO - Started process (PID=94661) to work on /opt/airflow/dags/examplo_dag_run_dag.py
[2024-07-25T00:07:00.104+0000] {processor.py:743} INFO - Processing file /opt/airflow/dags/examplo_dag_run_dag.py for tasks to queue
[2024-07-25T00:07:00.105+0000] {logging_mixin.py:137} INFO - [2024-07-25T00:07:00.105+0000] {dagbag.py:538} INFO - Filling up the DagBag from /opt/airflow/dags/examplo_dag_run_dag.py
[2024-07-25T00:07:00.122+0000] {processor.py:753} INFO - DAG(s) dict_keys(['examplo_dag_run_dag']) retrieved from /opt/airflow/dags/examplo_dag_run_dag.py
[2024-07-25T00:07:00.136+0000] {logging_mixin.py:137} INFO - [2024-07-25T00:07:00.136+0000] {dag.py:2690} INFO - Sync 1 DAGs
[2024-07-25T00:07:00.152+0000] {logging_mixin.py:137} INFO - [2024-07-25T00:07:00.152+0000] {dag.py:3441} INFO - Setting next_dagrun for examplo_dag_run_dag to None, run_after=None
[2024-07-25T00:07:00.163+0000] {processor.py:175} INFO - Processing /opt/airflow/dags/examplo_dag_run_dag.py took 0.065 seconds
[2024-07-25T00:07:05.567+0000] {processor.py:153} INFO - Started process (PID=94673) to work on /opt/airflow/dags/examplo_dag_run_dag.py
[2024-07-25T00:07:05.575+0000] {processor.py:743} INFO - Processing file /opt/airflow/dags/examplo_dag_run_dag.py for tasks to queue
[2024-07-25T00:07:05.578+0000] {logging_mixin.py:137} INFO - [2024-07-25T00:07:05.578+0000] {dagbag.py:538} INFO - Filling up the DagBag from /opt/airflow/dags/examplo_dag_run_dag.py
[2024-07-25T00:07:05.596+0000] {processor.py:753} INFO - DAG(s) dict_keys(['examplo_dag_run_dag']) retrieved from /opt/airflow/dags/examplo_dag_run_dag.py
[2024-07-25T00:07:05.616+0000] {logging_mixin.py:137} INFO - [2024-07-25T00:07:05.616+0000] {dag.py:2690} INFO - Sync 1 DAGs
[2024-07-25T00:07:05.633+0000] {logging_mixin.py:137} INFO - [2024-07-25T00:07:05.632+0000] {dag.py:3441} INFO - Setting next_dagrun for examplo_dag_run_dag to None, run_after=None
[2024-07-25T00:07:05.648+0000] {processor.py:175} INFO - Processing /opt/airflow/dags/examplo_dag_run_dag.py took 0.086 seconds
[2024-07-25T00:07:11.106+0000] {processor.py:153} INFO - Started process (PID=94700) to work on /opt/airflow/dags/examplo_dag_run_dag.py
[2024-07-25T00:07:11.107+0000] {processor.py:743} INFO - Processing file /opt/airflow/dags/examplo_dag_run_dag.py for tasks to queue
[2024-07-25T00:07:11.108+0000] {logging_mixin.py:137} INFO - [2024-07-25T00:07:11.108+0000] {dagbag.py:538} INFO - Filling up the DagBag from /opt/airflow/dags/examplo_dag_run_dag.py
[2024-07-25T00:07:11.124+0000] {processor.py:753} INFO - DAG(s) dict_keys(['examplo_dag_run_dag']) retrieved from /opt/airflow/dags/examplo_dag_run_dag.py
[2024-07-25T00:07:11.140+0000] {logging_mixin.py:137} INFO - [2024-07-25T00:07:11.140+0000] {dag.py:2690} INFO - Sync 1 DAGs
[2024-07-25T00:07:11.153+0000] {logging_mixin.py:137} INFO - [2024-07-25T00:07:11.153+0000] {dag.py:3441} INFO - Setting next_dagrun for examplo_dag_run_dag to None, run_after=None
[2024-07-25T00:07:11.166+0000] {processor.py:175} INFO - Processing /opt/airflow/dags/examplo_dag_run_dag.py took 0.062 seconds
[2024-07-25T00:07:16.636+0000] {processor.py:153} INFO - Started process (PID=94712) to work on /opt/airflow/dags/examplo_dag_run_dag.py
[2024-07-25T00:07:16.637+0000] {processor.py:743} INFO - Processing file /opt/airflow/dags/examplo_dag_run_dag.py for tasks to queue
[2024-07-25T00:07:16.638+0000] {logging_mixin.py:137} INFO - [2024-07-25T00:07:16.637+0000] {dagbag.py:538} INFO - Filling up the DagBag from /opt/airflow/dags/examplo_dag_run_dag.py
[2024-07-25T00:07:16.653+0000] {processor.py:753} INFO - DAG(s) dict_keys(['examplo_dag_run_dag']) retrieved from /opt/airflow/dags/examplo_dag_run_dag.py
[2024-07-25T00:07:16.671+0000] {logging_mixin.py:137} INFO - [2024-07-25T00:07:16.671+0000] {dag.py:2690} INFO - Sync 1 DAGs
[2024-07-25T00:07:16.687+0000] {logging_mixin.py:137} INFO - [2024-07-25T00:07:16.687+0000] {dag.py:3441} INFO - Setting next_dagrun for examplo_dag_run_dag to None, run_after=None
[2024-07-25T00:07:16.700+0000] {processor.py:175} INFO - Processing /opt/airflow/dags/examplo_dag_run_dag.py took 0.067 seconds
[2024-07-25T00:07:21.121+0000] {processor.py:153} INFO - Started process (PID=94739) to work on /opt/airflow/dags/examplo_dag_run_dag.py
[2024-07-25T00:07:21.123+0000] {processor.py:743} INFO - Processing file /opt/airflow/dags/examplo_dag_run_dag.py for tasks to queue
[2024-07-25T00:07:21.134+0000] {logging_mixin.py:137} INFO - [2024-07-25T00:07:21.134+0000] {dagbag.py:538} INFO - Filling up the DagBag from /opt/airflow/dags/examplo_dag_run_dag.py
[2024-07-25T00:07:21.151+0000] {processor.py:753} INFO - DAG(s) dict_keys(['examplo_dag_run_dag']) retrieved from /opt/airflow/dags/examplo_dag_run_dag.py
[2024-07-25T00:07:21.192+0000] {logging_mixin.py:137} INFO - [2024-07-25T00:07:21.192+0000] {dag.py:2690} INFO - Sync 1 DAGs
[2024-07-25T00:07:21.208+0000] {logging_mixin.py:137} INFO - [2024-07-25T00:07:21.208+0000] {dag.py:3441} INFO - Setting next_dagrun for examplo_dag_run_dag to None, run_after=None
[2024-07-25T00:07:21.223+0000] {processor.py:175} INFO - Processing /opt/airflow/dags/examplo_dag_run_dag.py took 0.106 seconds
[2024-07-25T00:07:24.531+0000] {processor.py:153} INFO - Started process (PID=94751) to work on /opt/airflow/dags/examplo_dag_run_dag.py
[2024-07-25T00:07:24.532+0000] {processor.py:743} INFO - Processing file /opt/airflow/dags/examplo_dag_run_dag.py for tasks to queue
[2024-07-25T00:07:24.532+0000] {logging_mixin.py:137} INFO - [2024-07-25T00:07:24.532+0000] {dagbag.py:538} INFO - Filling up the DagBag from /opt/airflow/dags/examplo_dag_run_dag.py
[2024-07-25T00:07:24.542+0000] {processor.py:753} INFO - DAG(s) dict_keys(['examplo_dag_run_dag']) retrieved from /opt/airflow/dags/examplo_dag_run_dag.py
[2024-07-25T00:07:24.550+0000] {logging_mixin.py:137} INFO - [2024-07-25T00:07:24.550+0000] {dag.py:2690} INFO - Sync 1 DAGs
[2024-07-25T00:07:24.563+0000] {logging_mixin.py:137} INFO - [2024-07-25T00:07:24.563+0000] {dag.py:3441} INFO - Setting next_dagrun for examplo_dag_run_dag to None, run_after=None
[2024-07-25T00:07:24.572+0000] {processor.py:175} INFO - Processing /opt/airflow/dags/examplo_dag_run_dag.py took 0.043 seconds
[2024-07-25T00:07:26.572+0000] {processor.py:153} INFO - Started process (PID=94752) to work on /opt/airflow/dags/examplo_dag_run_dag.py
[2024-07-25T00:07:26.574+0000] {processor.py:743} INFO - Processing file /opt/airflow/dags/examplo_dag_run_dag.py for tasks to queue
[2024-07-25T00:07:26.575+0000] {logging_mixin.py:137} INFO - [2024-07-25T00:07:26.574+0000] {dagbag.py:538} INFO - Filling up the DagBag from /opt/airflow/dags/examplo_dag_run_dag.py
[2024-07-25T00:07:26.596+0000] {processor.py:753} INFO - DAG(s) dict_keys(['examplo_dag_run_dag']) retrieved from /opt/airflow/dags/examplo_dag_run_dag.py
[2024-07-25T00:07:26.605+0000] {logging_mixin.py:137} INFO - [2024-07-25T00:07:26.605+0000] {dag.py:2690} INFO - Sync 1 DAGs
[2024-07-25T00:07:26.620+0000] {logging_mixin.py:137} INFO - [2024-07-25T00:07:26.619+0000] {dag.py:3441} INFO - Setting next_dagrun for examplo_dag_run_dag to None, run_after=None
[2024-07-25T00:07:26.629+0000] {processor.py:175} INFO - Processing /opt/airflow/dags/examplo_dag_run_dag.py took 0.062 seconds
[2024-07-25T00:07:32.137+0000] {processor.py:153} INFO - Started process (PID=94772) to work on /opt/airflow/dags/examplo_dag_run_dag.py
[2024-07-25T00:07:32.138+0000] {processor.py:743} INFO - Processing file /opt/airflow/dags/examplo_dag_run_dag.py for tasks to queue
[2024-07-25T00:07:32.139+0000] {logging_mixin.py:137} INFO - [2024-07-25T00:07:32.139+0000] {dagbag.py:538} INFO - Filling up the DagBag from /opt/airflow/dags/examplo_dag_run_dag.py
[2024-07-25T00:07:32.160+0000] {processor.py:753} INFO - DAG(s) dict_keys(['examplo_dag_run_dag']) retrieved from /opt/airflow/dags/examplo_dag_run_dag.py
[2024-07-25T00:07:32.172+0000] {logging_mixin.py:137} INFO - [2024-07-25T00:07:32.172+0000] {dag.py:2690} INFO - Sync 1 DAGs
[2024-07-25T00:07:32.199+0000] {logging_mixin.py:137} INFO - [2024-07-25T00:07:32.199+0000] {dag.py:3441} INFO - Setting next_dagrun for examplo_dag_run_dag to None, run_after=None
[2024-07-25T00:07:32.213+0000] {processor.py:175} INFO - Processing /opt/airflow/dags/examplo_dag_run_dag.py took 0.079 seconds
[2024-07-25T00:07:37.687+0000] {processor.py:153} INFO - Started process (PID=94791) to work on /opt/airflow/dags/examplo_dag_run_dag.py
[2024-07-25T00:07:37.689+0000] {processor.py:743} INFO - Processing file /opt/airflow/dags/examplo_dag_run_dag.py for tasks to queue
[2024-07-25T00:07:37.690+0000] {logging_mixin.py:137} INFO - [2024-07-25T00:07:37.690+0000] {dagbag.py:538} INFO - Filling up the DagBag from /opt/airflow/dags/examplo_dag_run_dag.py
[2024-07-25T00:07:37.708+0000] {processor.py:753} INFO - DAG(s) dict_keys(['examplo_dag_run_dag']) retrieved from /opt/airflow/dags/examplo_dag_run_dag.py
[2024-07-25T00:07:37.717+0000] {logging_mixin.py:137} INFO - [2024-07-25T00:07:37.717+0000] {dag.py:2690} INFO - Sync 1 DAGs
[2024-07-25T00:07:37.732+0000] {logging_mixin.py:137} INFO - [2024-07-25T00:07:37.732+0000] {dag.py:3441} INFO - Setting next_dagrun for examplo_dag_run_dag to None, run_after=None
[2024-07-25T00:07:37.741+0000] {processor.py:175} INFO - Processing /opt/airflow/dags/examplo_dag_run_dag.py took 0.059 seconds
[2024-07-25T00:07:43.150+0000] {processor.py:153} INFO - Started process (PID=94803) to work on /opt/airflow/dags/examplo_dag_run_dag.py
[2024-07-25T00:07:43.152+0000] {processor.py:743} INFO - Processing file /opt/airflow/dags/examplo_dag_run_dag.py for tasks to queue
[2024-07-25T00:07:43.153+0000] {logging_mixin.py:137} INFO - [2024-07-25T00:07:43.153+0000] {dagbag.py:538} INFO - Filling up the DagBag from /opt/airflow/dags/examplo_dag_run_dag.py
[2024-07-25T00:07:43.171+0000] {processor.py:753} INFO - DAG(s) dict_keys(['examplo_dag_run_dag']) retrieved from /opt/airflow/dags/examplo_dag_run_dag.py
[2024-07-25T00:07:43.180+0000] {logging_mixin.py:137} INFO - [2024-07-25T00:07:43.180+0000] {dag.py:2690} INFO - Sync 1 DAGs
[2024-07-25T00:07:43.196+0000] {logging_mixin.py:137} INFO - [2024-07-25T00:07:43.196+0000] {dag.py:3441} INFO - Setting next_dagrun for examplo_dag_run_dag to None, run_after=None
[2024-07-25T00:07:43.205+0000] {processor.py:175} INFO - Processing /opt/airflow/dags/examplo_dag_run_dag.py took 0.059 seconds
[2024-07-25T00:07:48.669+0000] {processor.py:153} INFO - Started process (PID=94830) to work on /opt/airflow/dags/examplo_dag_run_dag.py
[2024-07-25T00:07:48.671+0000] {processor.py:743} INFO - Processing file /opt/airflow/dags/examplo_dag_run_dag.py for tasks to queue
[2024-07-25T00:07:48.672+0000] {logging_mixin.py:137} INFO - [2024-07-25T00:07:48.672+0000] {dagbag.py:538} INFO - Filling up the DagBag from /opt/airflow/dags/examplo_dag_run_dag.py
[2024-07-25T00:07:48.693+0000] {processor.py:753} INFO - DAG(s) dict_keys(['examplo_dag_run_dag']) retrieved from /opt/airflow/dags/examplo_dag_run_dag.py
[2024-07-25T00:07:48.709+0000] {logging_mixin.py:137} INFO - [2024-07-25T00:07:48.709+0000] {dag.py:2690} INFO - Sync 1 DAGs
[2024-07-25T00:07:48.727+0000] {logging_mixin.py:137} INFO - [2024-07-25T00:07:48.727+0000] {dag.py:3441} INFO - Setting next_dagrun for examplo_dag_run_dag to None, run_after=None
[2024-07-25T00:07:48.737+0000] {processor.py:175} INFO - Processing /opt/airflow/dags/examplo_dag_run_dag.py took 0.074 seconds
[2024-07-25T00:07:54.361+0000] {processor.py:153} INFO - Started process (PID=94842) to work on /opt/airflow/dags/examplo_dag_run_dag.py
[2024-07-25T00:07:54.361+0000] {processor.py:743} INFO - Processing file /opt/airflow/dags/examplo_dag_run_dag.py for tasks to queue
[2024-07-25T00:07:54.362+0000] {logging_mixin.py:137} INFO - [2024-07-25T00:07:54.362+0000] {dagbag.py:538} INFO - Filling up the DagBag from /opt/airflow/dags/examplo_dag_run_dag.py
[2024-07-25T00:07:54.380+0000] {processor.py:753} INFO - DAG(s) dict_keys(['examplo_dag_run_dag']) retrieved from /opt/airflow/dags/examplo_dag_run_dag.py
[2024-07-25T00:07:54.421+0000] {logging_mixin.py:137} INFO - [2024-07-25T00:07:54.421+0000] {dag.py:2690} INFO - Sync 1 DAGs
[2024-07-25T00:07:54.435+0000] {logging_mixin.py:137} INFO - [2024-07-25T00:07:54.434+0000] {dag.py:3441} INFO - Setting next_dagrun for examplo_dag_run_dag to None, run_after=None
[2024-07-25T00:07:54.447+0000] {processor.py:175} INFO - Processing /opt/airflow/dags/examplo_dag_run_dag.py took 0.088 seconds
[2024-07-25T00:07:59.837+0000] {processor.py:153} INFO - Started process (PID=94870) to work on /opt/airflow/dags/examplo_dag_run_dag.py
[2024-07-25T00:07:59.838+0000] {processor.py:743} INFO - Processing file /opt/airflow/dags/examplo_dag_run_dag.py for tasks to queue
[2024-07-25T00:07:59.840+0000] {logging_mixin.py:137} INFO - [2024-07-25T00:07:59.839+0000] {dagbag.py:538} INFO - Filling up the DagBag from /opt/airflow/dags/examplo_dag_run_dag.py
[2024-07-25T00:07:59.862+0000] {processor.py:753} INFO - DAG(s) dict_keys(['examplo_dag_run_dag']) retrieved from /opt/airflow/dags/examplo_dag_run_dag.py
[2024-07-25T00:07:59.877+0000] {logging_mixin.py:137} INFO - [2024-07-25T00:07:59.877+0000] {dag.py:2690} INFO - Sync 1 DAGs
[2024-07-25T00:07:59.895+0000] {logging_mixin.py:137} INFO - [2024-07-25T00:07:59.894+0000] {dag.py:3441} INFO - Setting next_dagrun for examplo_dag_run_dag to None, run_after=None
[2024-07-25T00:07:59.905+0000] {processor.py:175} INFO - Processing /opt/airflow/dags/examplo_dag_run_dag.py took 0.072 seconds
[2024-07-25T00:08:05.398+0000] {processor.py:153} INFO - Started process (PID=94882) to work on /opt/airflow/dags/examplo_dag_run_dag.py
[2024-07-25T00:08:05.400+0000] {processor.py:743} INFO - Processing file /opt/airflow/dags/examplo_dag_run_dag.py for tasks to queue
[2024-07-25T00:08:05.401+0000] {logging_mixin.py:137} INFO - [2024-07-25T00:08:05.400+0000] {dagbag.py:538} INFO - Filling up the DagBag from /opt/airflow/dags/examplo_dag_run_dag.py
[2024-07-25T00:08:05.425+0000] {processor.py:753} INFO - DAG(s) dict_keys(['examplo_dag_run_dag']) retrieved from /opt/airflow/dags/examplo_dag_run_dag.py
[2024-07-25T00:08:05.439+0000] {logging_mixin.py:137} INFO - [2024-07-25T00:08:05.439+0000] {dag.py:2690} INFO - Sync 1 DAGs
[2024-07-25T00:08:05.456+0000] {logging_mixin.py:137} INFO - [2024-07-25T00:08:05.455+0000] {dag.py:3441} INFO - Setting next_dagrun for examplo_dag_run_dag to None, run_after=None
[2024-07-25T00:08:05.466+0000] {processor.py:175} INFO - Processing /opt/airflow/dags/examplo_dag_run_dag.py took 0.073 seconds
[2024-07-25T00:08:10.878+0000] {processor.py:153} INFO - Started process (PID=94910) to work on /opt/airflow/dags/examplo_dag_run_dag.py
[2024-07-25T00:08:10.879+0000] {processor.py:743} INFO - Processing file /opt/airflow/dags/examplo_dag_run_dag.py for tasks to queue
[2024-07-25T00:08:10.880+0000] {logging_mixin.py:137} INFO - [2024-07-25T00:08:10.880+0000] {dagbag.py:538} INFO - Filling up the DagBag from /opt/airflow/dags/examplo_dag_run_dag.py
[2024-07-25T00:08:10.901+0000] {processor.py:753} INFO - DAG(s) dict_keys(['examplo_dag_run_dag']) retrieved from /opt/airflow/dags/examplo_dag_run_dag.py
[2024-07-25T00:08:10.918+0000] {logging_mixin.py:137} INFO - [2024-07-25T00:08:10.918+0000] {dag.py:2690} INFO - Sync 1 DAGs
[2024-07-25T00:08:10.937+0000] {logging_mixin.py:137} INFO - [2024-07-25T00:08:10.937+0000] {dag.py:3441} INFO - Setting next_dagrun for examplo_dag_run_dag to None, run_after=None
[2024-07-25T00:08:10.950+0000] {processor.py:175} INFO - Processing /opt/airflow/dags/examplo_dag_run_dag.py took 0.076 seconds
[2024-07-25T00:08:16.442+0000] {processor.py:153} INFO - Started process (PID=94922) to work on /opt/airflow/dags/examplo_dag_run_dag.py
[2024-07-25T00:08:16.443+0000] {processor.py:743} INFO - Processing file /opt/airflow/dags/examplo_dag_run_dag.py for tasks to queue
[2024-07-25T00:08:16.444+0000] {logging_mixin.py:137} INFO - [2024-07-25T00:08:16.444+0000] {dagbag.py:538} INFO - Filling up the DagBag from /opt/airflow/dags/examplo_dag_run_dag.py
[2024-07-25T00:08:16.456+0000] {processor.py:753} INFO - DAG(s) dict_keys(['examplo_dag_run_dag']) retrieved from /opt/airflow/dags/examplo_dag_run_dag.py
[2024-07-25T00:08:16.467+0000] {logging_mixin.py:137} INFO - [2024-07-25T00:08:16.467+0000] {dag.py:2690} INFO - Sync 1 DAGs
[2024-07-25T00:08:16.487+0000] {logging_mixin.py:137} INFO - [2024-07-25T00:08:16.487+0000] {dag.py:3441} INFO - Setting next_dagrun for examplo_dag_run_dag to None, run_after=None
[2024-07-25T00:08:16.498+0000] {processor.py:175} INFO - Processing /opt/airflow/dags/examplo_dag_run_dag.py took 0.058 seconds
[2024-07-25T00:08:21.946+0000] {processor.py:153} INFO - Started process (PID=94949) to work on /opt/airflow/dags/examplo_dag_run_dag.py
[2024-07-25T00:08:21.948+0000] {processor.py:743} INFO - Processing file /opt/airflow/dags/examplo_dag_run_dag.py for tasks to queue
[2024-07-25T00:08:21.950+0000] {logging_mixin.py:137} INFO - [2024-07-25T00:08:21.949+0000] {dagbag.py:538} INFO - Filling up the DagBag from /opt/airflow/dags/examplo_dag_run_dag.py
[2024-07-25T00:08:21.967+0000] {processor.py:753} INFO - DAG(s) dict_keys(['examplo_dag_run_dag']) retrieved from /opt/airflow/dags/examplo_dag_run_dag.py
[2024-07-25T00:08:21.978+0000] {logging_mixin.py:137} INFO - [2024-07-25T00:08:21.978+0000] {dag.py:2690} INFO - Sync 1 DAGs
[2024-07-25T00:08:21.994+0000] {logging_mixin.py:137} INFO - [2024-07-25T00:08:21.994+0000] {dag.py:3441} INFO - Setting next_dagrun for examplo_dag_run_dag to None, run_after=None
[2024-07-25T00:08:22.003+0000] {processor.py:175} INFO - Processing /opt/airflow/dags/examplo_dag_run_dag.py took 0.064 seconds
[2024-07-25T00:08:27.537+0000] {processor.py:153} INFO - Started process (PID=94961) to work on /opt/airflow/dags/examplo_dag_run_dag.py
[2024-07-25T00:08:27.538+0000] {processor.py:743} INFO - Processing file /opt/airflow/dags/examplo_dag_run_dag.py for tasks to queue
[2024-07-25T00:08:27.540+0000] {logging_mixin.py:137} INFO - [2024-07-25T00:08:27.539+0000] {dagbag.py:538} INFO - Filling up the DagBag from /opt/airflow/dags/examplo_dag_run_dag.py
[2024-07-25T00:08:27.564+0000] {processor.py:753} INFO - DAG(s) dict_keys(['examplo_dag_run_dag']) retrieved from /opt/airflow/dags/examplo_dag_run_dag.py
[2024-07-25T00:08:27.589+0000] {logging_mixin.py:137} INFO - [2024-07-25T00:08:27.589+0000] {dag.py:2690} INFO - Sync 1 DAGs
[2024-07-25T00:08:27.606+0000] {logging_mixin.py:137} INFO - [2024-07-25T00:08:27.606+0000] {dag.py:3441} INFO - Setting next_dagrun for examplo_dag_run_dag to None, run_after=None
[2024-07-25T00:08:27.617+0000] {processor.py:175} INFO - Processing /opt/airflow/dags/examplo_dag_run_dag.py took 0.085 seconds
[2024-07-25T00:08:33.033+0000] {processor.py:153} INFO - Started process (PID=94988) to work on /opt/airflow/dags/examplo_dag_run_dag.py
[2024-07-25T00:08:33.034+0000] {processor.py:743} INFO - Processing file /opt/airflow/dags/examplo_dag_run_dag.py for tasks to queue
[2024-07-25T00:08:33.035+0000] {logging_mixin.py:137} INFO - [2024-07-25T00:08:33.035+0000] {dagbag.py:538} INFO - Filling up the DagBag from /opt/airflow/dags/examplo_dag_run_dag.py
[2024-07-25T00:08:33.053+0000] {processor.py:753} INFO - DAG(s) dict_keys(['examplo_dag_run_dag']) retrieved from /opt/airflow/dags/examplo_dag_run_dag.py
[2024-07-25T00:08:33.068+0000] {logging_mixin.py:137} INFO - [2024-07-25T00:08:33.068+0000] {dag.py:2690} INFO - Sync 1 DAGs
[2024-07-25T00:08:33.081+0000] {logging_mixin.py:137} INFO - [2024-07-25T00:08:33.081+0000] {dag.py:3441} INFO - Setting next_dagrun for examplo_dag_run_dag to None, run_after=None
[2024-07-25T00:08:33.089+0000] {processor.py:175} INFO - Processing /opt/airflow/dags/examplo_dag_run_dag.py took 0.062 seconds
[2024-07-25T00:08:38.475+0000] {processor.py:153} INFO - Started process (PID=95000) to work on /opt/airflow/dags/examplo_dag_run_dag.py
[2024-07-25T00:08:38.476+0000] {processor.py:743} INFO - Processing file /opt/airflow/dags/examplo_dag_run_dag.py for tasks to queue
[2024-07-25T00:08:38.476+0000] {logging_mixin.py:137} INFO - [2024-07-25T00:08:38.476+0000] {dagbag.py:538} INFO - Filling up the DagBag from /opt/airflow/dags/examplo_dag_run_dag.py
[2024-07-25T00:08:38.490+0000] {processor.py:753} INFO - DAG(s) dict_keys(['examplo_dag_run_dag']) retrieved from /opt/airflow/dags/examplo_dag_run_dag.py
[2024-07-25T00:08:38.509+0000] {logging_mixin.py:137} INFO - [2024-07-25T00:08:38.509+0000] {dag.py:2690} INFO - Sync 1 DAGs
[2024-07-25T00:08:38.526+0000] {logging_mixin.py:137} INFO - [2024-07-25T00:08:38.526+0000] {dag.py:3441} INFO - Setting next_dagrun for examplo_dag_run_dag to None, run_after=None
[2024-07-25T00:08:38.538+0000] {processor.py:175} INFO - Processing /opt/airflow/dags/examplo_dag_run_dag.py took 0.066 seconds
[2024-07-25T00:08:44.397+0000] {processor.py:153} INFO - Started process (PID=95028) to work on /opt/airflow/dags/examplo_dag_run_dag.py
[2024-07-25T00:08:44.398+0000] {processor.py:743} INFO - Processing file /opt/airflow/dags/examplo_dag_run_dag.py for tasks to queue
[2024-07-25T00:08:44.399+0000] {logging_mixin.py:137} INFO - [2024-07-25T00:08:44.399+0000] {dagbag.py:538} INFO - Filling up the DagBag from /opt/airflow/dags/examplo_dag_run_dag.py
[2024-07-25T00:08:44.422+0000] {processor.py:753} INFO - DAG(s) dict_keys(['examplo_dag_run_dag']) retrieved from /opt/airflow/dags/examplo_dag_run_dag.py
[2024-07-25T00:08:44.445+0000] {logging_mixin.py:137} INFO - [2024-07-25T00:08:44.445+0000] {dag.py:2690} INFO - Sync 1 DAGs
[2024-07-25T00:08:44.458+0000] {logging_mixin.py:137} INFO - [2024-07-25T00:08:44.458+0000] {dag.py:3441} INFO - Setting next_dagrun for examplo_dag_run_dag to None, run_after=None
[2024-07-25T00:08:44.467+0000] {processor.py:175} INFO - Processing /opt/airflow/dags/examplo_dag_run_dag.py took 0.075 seconds
[2024-07-25T00:08:49.997+0000] {processor.py:153} INFO - Started process (PID=95040) to work on /opt/airflow/dags/examplo_dag_run_dag.py
[2024-07-25T00:08:49.998+0000] {processor.py:743} INFO - Processing file /opt/airflow/dags/examplo_dag_run_dag.py for tasks to queue
[2024-07-25T00:08:49.999+0000] {logging_mixin.py:137} INFO - [2024-07-25T00:08:49.999+0000] {dagbag.py:538} INFO - Filling up the DagBag from /opt/airflow/dags/examplo_dag_run_dag.py
[2024-07-25T00:08:50.022+0000] {processor.py:753} INFO - DAG(s) dict_keys(['examplo_dag_run_dag']) retrieved from /opt/airflow/dags/examplo_dag_run_dag.py
[2024-07-25T00:08:50.040+0000] {logging_mixin.py:137} INFO - [2024-07-25T00:08:50.040+0000] {dag.py:2690} INFO - Sync 1 DAGs
[2024-07-25T00:08:50.056+0000] {logging_mixin.py:137} INFO - [2024-07-25T00:08:50.056+0000] {dag.py:3441} INFO - Setting next_dagrun for examplo_dag_run_dag to None, run_after=None
[2024-07-25T00:08:50.067+0000] {processor.py:175} INFO - Processing /opt/airflow/dags/examplo_dag_run_dag.py took 0.073 seconds
[2024-07-25T00:08:55.731+0000] {processor.py:153} INFO - Started process (PID=95068) to work on /opt/airflow/dags/examplo_dag_run_dag.py
[2024-07-25T00:08:55.732+0000] {processor.py:743} INFO - Processing file /opt/airflow/dags/examplo_dag_run_dag.py for tasks to queue
[2024-07-25T00:08:55.732+0000] {logging_mixin.py:137} INFO - [2024-07-25T00:08:55.732+0000] {dagbag.py:538} INFO - Filling up the DagBag from /opt/airflow/dags/examplo_dag_run_dag.py
[2024-07-25T00:08:55.744+0000] {processor.py:753} INFO - DAG(s) dict_keys(['examplo_dag_run_dag']) retrieved from /opt/airflow/dags/examplo_dag_run_dag.py
[2024-07-25T00:08:55.759+0000] {logging_mixin.py:137} INFO - [2024-07-25T00:08:55.759+0000] {dag.py:2690} INFO - Sync 1 DAGs
[2024-07-25T00:08:55.773+0000] {logging_mixin.py:137} INFO - [2024-07-25T00:08:55.773+0000] {dag.py:3441} INFO - Setting next_dagrun for examplo_dag_run_dag to None, run_after=None
[2024-07-25T00:08:55.782+0000] {processor.py:175} INFO - Processing /opt/airflow/dags/examplo_dag_run_dag.py took 0.053 seconds
[2024-07-25T00:09:01.233+0000] {processor.py:153} INFO - Started process (PID=95080) to work on /opt/airflow/dags/examplo_dag_run_dag.py
[2024-07-25T00:09:01.234+0000] {processor.py:743} INFO - Processing file /opt/airflow/dags/examplo_dag_run_dag.py for tasks to queue
[2024-07-25T00:09:01.234+0000] {logging_mixin.py:137} INFO - [2024-07-25T00:09:01.234+0000] {dagbag.py:538} INFO - Filling up the DagBag from /opt/airflow/dags/examplo_dag_run_dag.py
[2024-07-25T00:09:01.252+0000] {processor.py:753} INFO - DAG(s) dict_keys(['examplo_dag_run_dag']) retrieved from /opt/airflow/dags/examplo_dag_run_dag.py
[2024-07-25T00:09:01.271+0000] {logging_mixin.py:137} INFO - [2024-07-25T00:09:01.271+0000] {dag.py:2690} INFO - Sync 1 DAGs
[2024-07-25T00:09:01.286+0000] {logging_mixin.py:137} INFO - [2024-07-25T00:09:01.286+0000] {dag.py:3441} INFO - Setting next_dagrun for examplo_dag_run_dag to None, run_after=None
[2024-07-25T00:09:01.295+0000] {processor.py:175} INFO - Processing /opt/airflow/dags/examplo_dag_run_dag.py took 0.066 seconds
[2024-07-25T00:09:06.796+0000] {processor.py:153} INFO - Started process (PID=95107) to work on /opt/airflow/dags/examplo_dag_run_dag.py
[2024-07-25T00:09:06.797+0000] {processor.py:743} INFO - Processing file /opt/airflow/dags/examplo_dag_run_dag.py for tasks to queue
[2024-07-25T00:09:06.798+0000] {logging_mixin.py:137} INFO - [2024-07-25T00:09:06.798+0000] {dagbag.py:538} INFO - Filling up the DagBag from /opt/airflow/dags/examplo_dag_run_dag.py
[2024-07-25T00:09:06.813+0000] {processor.py:753} INFO - DAG(s) dict_keys(['examplo_dag_run_dag']) retrieved from /opt/airflow/dags/examplo_dag_run_dag.py
[2024-07-25T00:09:06.832+0000] {logging_mixin.py:137} INFO - [2024-07-25T00:09:06.832+0000] {dag.py:2690} INFO - Sync 1 DAGs
[2024-07-25T00:09:06.846+0000] {logging_mixin.py:137} INFO - [2024-07-25T00:09:06.846+0000] {dag.py:3441} INFO - Setting next_dagrun for examplo_dag_run_dag to None, run_after=None
[2024-07-25T00:09:06.855+0000] {processor.py:175} INFO - Processing /opt/airflow/dags/examplo_dag_run_dag.py took 0.062 seconds
[2024-07-25T00:09:12.362+0000] {processor.py:153} INFO - Started process (PID=95119) to work on /opt/airflow/dags/examplo_dag_run_dag.py
[2024-07-25T00:09:12.363+0000] {processor.py:743} INFO - Processing file /opt/airflow/dags/examplo_dag_run_dag.py for tasks to queue
[2024-07-25T00:09:12.364+0000] {logging_mixin.py:137} INFO - [2024-07-25T00:09:12.364+0000] {dagbag.py:538} INFO - Filling up the DagBag from /opt/airflow/dags/examplo_dag_run_dag.py
[2024-07-25T00:09:12.383+0000] {processor.py:753} INFO - DAG(s) dict_keys(['examplo_dag_run_dag']) retrieved from /opt/airflow/dags/examplo_dag_run_dag.py
[2024-07-25T00:09:12.403+0000] {logging_mixin.py:137} INFO - [2024-07-25T00:09:12.403+0000] {dag.py:2690} INFO - Sync 1 DAGs
[2024-07-25T00:09:12.416+0000] {logging_mixin.py:137} INFO - [2024-07-25T00:09:12.416+0000] {dag.py:3441} INFO - Setting next_dagrun for examplo_dag_run_dag to None, run_after=None
[2024-07-25T00:09:12.424+0000] {processor.py:175} INFO - Processing /opt/airflow/dags/examplo_dag_run_dag.py took 0.065 seconds
[2024-07-25T00:09:17.950+0000] {processor.py:153} INFO - Started process (PID=95147) to work on /opt/airflow/dags/examplo_dag_run_dag.py
[2024-07-25T00:09:17.951+0000] {processor.py:743} INFO - Processing file /opt/airflow/dags/examplo_dag_run_dag.py for tasks to queue
[2024-07-25T00:09:17.951+0000] {logging_mixin.py:137} INFO - [2024-07-25T00:09:17.951+0000] {dagbag.py:538} INFO - Filling up the DagBag from /opt/airflow/dags/examplo_dag_run_dag.py
[2024-07-25T00:09:17.964+0000] {processor.py:753} INFO - DAG(s) dict_keys(['examplo_dag_run_dag']) retrieved from /opt/airflow/dags/examplo_dag_run_dag.py
[2024-07-25T00:09:17.982+0000] {logging_mixin.py:137} INFO - [2024-07-25T00:09:17.982+0000] {dag.py:2690} INFO - Sync 1 DAGs
[2024-07-25T00:09:17.996+0000] {logging_mixin.py:137} INFO - [2024-07-25T00:09:17.996+0000] {dag.py:3441} INFO - Setting next_dagrun for examplo_dag_run_dag to None, run_after=None
[2024-07-25T00:09:18.009+0000] {processor.py:175} INFO - Processing /opt/airflow/dags/examplo_dag_run_dag.py took 0.062 seconds
[2024-07-25T00:09:23.537+0000] {processor.py:153} INFO - Started process (PID=95159) to work on /opt/airflow/dags/examplo_dag_run_dag.py
[2024-07-25T00:09:23.538+0000] {processor.py:743} INFO - Processing file /opt/airflow/dags/examplo_dag_run_dag.py for tasks to queue
[2024-07-25T00:09:23.539+0000] {logging_mixin.py:137} INFO - [2024-07-25T00:09:23.539+0000] {dagbag.py:538} INFO - Filling up the DagBag from /opt/airflow/dags/examplo_dag_run_dag.py
[2024-07-25T00:09:23.557+0000] {processor.py:753} INFO - DAG(s) dict_keys(['examplo_dag_run_dag']) retrieved from /opt/airflow/dags/examplo_dag_run_dag.py
[2024-07-25T00:09:23.602+0000] {logging_mixin.py:137} INFO - [2024-07-25T00:09:23.602+0000] {dag.py:2690} INFO - Sync 1 DAGs
[2024-07-25T00:09:23.616+0000] {logging_mixin.py:137} INFO - [2024-07-25T00:09:23.616+0000] {dag.py:3441} INFO - Setting next_dagrun for examplo_dag_run_dag to None, run_after=None
[2024-07-25T00:09:23.627+0000] {processor.py:175} INFO - Processing /opt/airflow/dags/examplo_dag_run_dag.py took 0.093 seconds
[2024-07-25T00:09:27.154+0000] {processor.py:153} INFO - Started process (PID=95171) to work on /opt/airflow/dags/examplo_dag_run_dag.py
[2024-07-25T00:09:27.155+0000] {processor.py:743} INFO - Processing file /opt/airflow/dags/examplo_dag_run_dag.py for tasks to queue
[2024-07-25T00:09:27.155+0000] {logging_mixin.py:137} INFO - [2024-07-25T00:09:27.155+0000] {dagbag.py:538} INFO - Filling up the DagBag from /opt/airflow/dags/examplo_dag_run_dag.py
[2024-07-25T00:09:27.165+0000] {processor.py:753} INFO - DAG(s) dict_keys(['examplo_dag_run_dag']) retrieved from /opt/airflow/dags/examplo_dag_run_dag.py
[2024-07-25T00:09:27.174+0000] {logging_mixin.py:137} INFO - [2024-07-25T00:09:27.174+0000] {dag.py:2690} INFO - Sync 1 DAGs
[2024-07-25T00:09:27.188+0000] {logging_mixin.py:137} INFO - [2024-07-25T00:09:27.188+0000] {dag.py:3441} INFO - Setting next_dagrun for examplo_dag_run_dag to None, run_after=None
[2024-07-25T00:09:27.200+0000] {processor.py:175} INFO - Processing /opt/airflow/dags/examplo_dag_run_dag.py took 0.049 seconds
[2024-07-25T00:09:32.261+0000] {processor.py:153} INFO - Started process (PID=95189) to work on /opt/airflow/dags/examplo_dag_run_dag.py
[2024-07-25T00:09:32.262+0000] {processor.py:743} INFO - Processing file /opt/airflow/dags/examplo_dag_run_dag.py for tasks to queue
[2024-07-25T00:09:32.263+0000] {logging_mixin.py:137} INFO - [2024-07-25T00:09:32.263+0000] {dagbag.py:538} INFO - Filling up the DagBag from /opt/airflow/dags/examplo_dag_run_dag.py
[2024-07-25T00:09:32.289+0000] {processor.py:753} INFO - DAG(s) dict_keys(['examplo_dag_run_dag']) retrieved from /opt/airflow/dags/examplo_dag_run_dag.py
[2024-07-25T00:09:32.304+0000] {logging_mixin.py:137} INFO - [2024-07-25T00:09:32.304+0000] {dag.py:2690} INFO - Sync 1 DAGs
[2024-07-25T00:09:32.326+0000] {logging_mixin.py:137} INFO - [2024-07-25T00:09:32.326+0000] {dag.py:3441} INFO - Setting next_dagrun for examplo_dag_run_dag to None, run_after=None
[2024-07-25T00:09:32.342+0000] {processor.py:175} INFO - Processing /opt/airflow/dags/examplo_dag_run_dag.py took 0.085 seconds
[2024-07-25T00:09:37.835+0000] {processor.py:153} INFO - Started process (PID=95201) to work on /opt/airflow/dags/examplo_dag_run_dag.py
[2024-07-25T00:09:37.836+0000] {processor.py:743} INFO - Processing file /opt/airflow/dags/examplo_dag_run_dag.py for tasks to queue
[2024-07-25T00:09:37.837+0000] {logging_mixin.py:137} INFO - [2024-07-25T00:09:37.837+0000] {dagbag.py:538} INFO - Filling up the DagBag from /opt/airflow/dags/examplo_dag_run_dag.py
[2024-07-25T00:09:37.859+0000] {processor.py:753} INFO - DAG(s) dict_keys(['examplo_dag_run_dag']) retrieved from /opt/airflow/dags/examplo_dag_run_dag.py
[2024-07-25T00:09:37.869+0000] {logging_mixin.py:137} INFO - [2024-07-25T00:09:37.869+0000] {dag.py:2690} INFO - Sync 1 DAGs
[2024-07-25T00:09:37.886+0000] {logging_mixin.py:137} INFO - [2024-07-25T00:09:37.886+0000] {dag.py:3441} INFO - Setting next_dagrun for examplo_dag_run_dag to None, run_after=None
[2024-07-25T00:09:37.901+0000] {processor.py:175} INFO - Processing /opt/airflow/dags/examplo_dag_run_dag.py took 0.071 seconds
[2024-07-25T00:09:43.345+0000] {processor.py:153} INFO - Started process (PID=95228) to work on /opt/airflow/dags/examplo_dag_run_dag.py
[2024-07-25T00:09:43.347+0000] {processor.py:743} INFO - Processing file /opt/airflow/dags/examplo_dag_run_dag.py for tasks to queue
[2024-07-25T00:09:43.349+0000] {logging_mixin.py:137} INFO - [2024-07-25T00:09:43.349+0000] {dagbag.py:538} INFO - Filling up the DagBag from /opt/airflow/dags/examplo_dag_run_dag.py
[2024-07-25T00:09:43.364+0000] {processor.py:753} INFO - DAG(s) dict_keys(['examplo_dag_run_dag']) retrieved from /opt/airflow/dags/examplo_dag_run_dag.py
[2024-07-25T00:09:43.374+0000] {logging_mixin.py:137} INFO - [2024-07-25T00:09:43.374+0000] {dag.py:2690} INFO - Sync 1 DAGs
[2024-07-25T00:09:43.394+0000] {logging_mixin.py:137} INFO - [2024-07-25T00:09:43.394+0000] {dag.py:3441} INFO - Setting next_dagrun for examplo_dag_run_dag to None, run_after=None
[2024-07-25T00:09:43.410+0000] {processor.py:175} INFO - Processing /opt/airflow/dags/examplo_dag_run_dag.py took 0.070 seconds
[2024-07-25T00:09:48.847+0000] {processor.py:153} INFO - Started process (PID=95240) to work on /opt/airflow/dags/examplo_dag_run_dag.py
[2024-07-25T00:09:48.849+0000] {processor.py:743} INFO - Processing file /opt/airflow/dags/examplo_dag_run_dag.py for tasks to queue
[2024-07-25T00:09:48.850+0000] {logging_mixin.py:137} INFO - [2024-07-25T00:09:48.850+0000] {dagbag.py:538} INFO - Filling up the DagBag from /opt/airflow/dags/examplo_dag_run_dag.py
[2024-07-25T00:09:48.869+0000] {processor.py:753} INFO - DAG(s) dict_keys(['examplo_dag_run_dag']) retrieved from /opt/airflow/dags/examplo_dag_run_dag.py
[2024-07-25T00:09:48.879+0000] {logging_mixin.py:137} INFO - [2024-07-25T00:09:48.879+0000] {dag.py:2690} INFO - Sync 1 DAGs
[2024-07-25T00:09:48.899+0000] {logging_mixin.py:137} INFO - [2024-07-25T00:09:48.899+0000] {dag.py:3441} INFO - Setting next_dagrun for examplo_dag_run_dag to None, run_after=None
[2024-07-25T00:09:48.911+0000] {processor.py:175} INFO - Processing /opt/airflow/dags/examplo_dag_run_dag.py took 0.069 seconds
[2024-07-25T00:09:54.339+0000] {processor.py:153} INFO - Started process (PID=95268) to work on /opt/airflow/dags/examplo_dag_run_dag.py
[2024-07-25T00:09:54.341+0000] {processor.py:743} INFO - Processing file /opt/airflow/dags/examplo_dag_run_dag.py for tasks to queue
[2024-07-25T00:09:54.341+0000] {logging_mixin.py:137} INFO - [2024-07-25T00:09:54.341+0000] {dagbag.py:538} INFO - Filling up the DagBag from /opt/airflow/dags/examplo_dag_run_dag.py
[2024-07-25T00:09:54.360+0000] {processor.py:753} INFO - DAG(s) dict_keys(['examplo_dag_run_dag']) retrieved from /opt/airflow/dags/examplo_dag_run_dag.py
[2024-07-25T00:09:54.399+0000] {logging_mixin.py:137} INFO - [2024-07-25T00:09:54.399+0000] {dag.py:2690} INFO - Sync 1 DAGs
[2024-07-25T00:09:54.414+0000] {logging_mixin.py:137} INFO - [2024-07-25T00:09:54.414+0000] {dag.py:3441} INFO - Setting next_dagrun for examplo_dag_run_dag to None, run_after=None
[2024-07-25T00:09:54.425+0000] {processor.py:175} INFO - Processing /opt/airflow/dags/examplo_dag_run_dag.py took 0.091 seconds
[2024-07-25T00:09:59.769+0000] {processor.py:153} INFO - Started process (PID=95280) to work on /opt/airflow/dags/examplo_dag_run_dag.py
[2024-07-25T00:09:59.770+0000] {processor.py:743} INFO - Processing file /opt/airflow/dags/examplo_dag_run_dag.py for tasks to queue
[2024-07-25T00:09:59.771+0000] {logging_mixin.py:137} INFO - [2024-07-25T00:09:59.771+0000] {dagbag.py:538} INFO - Filling up the DagBag from /opt/airflow/dags/examplo_dag_run_dag.py
[2024-07-25T00:09:59.786+0000] {processor.py:753} INFO - DAG(s) dict_keys(['examplo_dag_run_dag']) retrieved from /opt/airflow/dags/examplo_dag_run_dag.py
[2024-07-25T00:09:59.798+0000] {logging_mixin.py:137} INFO - [2024-07-25T00:09:59.798+0000] {dag.py:2690} INFO - Sync 1 DAGs
[2024-07-25T00:09:59.813+0000] {logging_mixin.py:137} INFO - [2024-07-25T00:09:59.813+0000] {dag.py:3441} INFO - Setting next_dagrun for examplo_dag_run_dag to None, run_after=None
[2024-07-25T00:09:59.825+0000] {processor.py:175} INFO - Processing /opt/airflow/dags/examplo_dag_run_dag.py took 0.058 seconds
[2024-07-25T00:10:05.207+0000] {processor.py:153} INFO - Started process (PID=95307) to work on /opt/airflow/dags/examplo_dag_run_dag.py
[2024-07-25T00:10:05.211+0000] {processor.py:743} INFO - Processing file /opt/airflow/dags/examplo_dag_run_dag.py for tasks to queue
[2024-07-25T00:10:05.213+0000] {logging_mixin.py:137} INFO - [2024-07-25T00:10:05.212+0000] {dagbag.py:538} INFO - Filling up the DagBag from /opt/airflow/dags/examplo_dag_run_dag.py
[2024-07-25T00:10:05.228+0000] {processor.py:753} INFO - DAG(s) dict_keys(['examplo_dag_run_dag']) retrieved from /opt/airflow/dags/examplo_dag_run_dag.py
[2024-07-25T00:10:05.237+0000] {logging_mixin.py:137} INFO - [2024-07-25T00:10:05.237+0000] {dag.py:2690} INFO - Sync 1 DAGs
[2024-07-25T00:10:05.252+0000] {logging_mixin.py:137} INFO - [2024-07-25T00:10:05.252+0000] {dag.py:3441} INFO - Setting next_dagrun for examplo_dag_run_dag to None, run_after=None
[2024-07-25T00:10:05.262+0000] {processor.py:175} INFO - Processing /opt/airflow/dags/examplo_dag_run_dag.py took 0.059 seconds
[2024-07-25T00:10:10.653+0000] {processor.py:153} INFO - Started process (PID=95318) to work on /opt/airflow/dags/examplo_dag_run_dag.py
[2024-07-25T00:10:10.654+0000] {processor.py:743} INFO - Processing file /opt/airflow/dags/examplo_dag_run_dag.py for tasks to queue
[2024-07-25T00:10:10.655+0000] {logging_mixin.py:137} INFO - [2024-07-25T00:10:10.655+0000] {dagbag.py:538} INFO - Filling up the DagBag from /opt/airflow/dags/examplo_dag_run_dag.py
[2024-07-25T00:10:10.669+0000] {processor.py:753} INFO - DAG(s) dict_keys(['examplo_dag_run_dag']) retrieved from /opt/airflow/dags/examplo_dag_run_dag.py
[2024-07-25T00:10:10.678+0000] {logging_mixin.py:137} INFO - [2024-07-25T00:10:10.678+0000] {dag.py:2690} INFO - Sync 1 DAGs
[2024-07-25T00:10:10.697+0000] {logging_mixin.py:137} INFO - [2024-07-25T00:10:10.697+0000] {dag.py:3441} INFO - Setting next_dagrun for examplo_dag_run_dag to None, run_after=None
[2024-07-25T00:10:10.707+0000] {processor.py:175} INFO - Processing /opt/airflow/dags/examplo_dag_run_dag.py took 0.056 seconds
