[2024-07-25T00:00:04.938+0000] {processor.py:153} INFO - Started process (PID=93239) to work on /opt/airflow/dags/examplo_dag_run_operator1.py
[2024-07-25T00:00:04.938+0000] {processor.py:743} INFO - Processing file /opt/airflow/dags/examplo_dag_run_operator1.py for tasks to queue
[2024-07-25T00:00:04.939+0000] {logging_mixin.py:137} INFO - [2024-07-25T00:00:04.939+0000] {dagbag.py:538} INFO - Filling up the DagBag from /opt/airflow/dags/examplo_dag_run_operator1.py
[2024-07-25T00:00:04.955+0000] {processor.py:753} INFO - DAG(s) dict_keys(['examplo_dag_run_operator1']) retrieved from /opt/airflow/dags/examplo_dag_run_operator1.py
[2024-07-25T00:00:04.979+0000] {logging_mixin.py:137} INFO - [2024-07-25T00:00:04.979+0000] {dag.py:2690} INFO - Sync 1 DAGs
[2024-07-25T00:00:04.993+0000] {logging_mixin.py:137} INFO - [2024-07-25T00:00:04.993+0000] {dag.py:3441} INFO - Setting next_dagrun for examplo_dag_run_operator1 to None, run_after=None
[2024-07-25T00:00:05.007+0000] {processor.py:175} INFO - Processing /opt/airflow/dags/examplo_dag_run_operator1.py took 0.071 seconds
[2024-07-25T00:00:10.427+0000] {processor.py:153} INFO - Started process (PID=93250) to work on /opt/airflow/dags/examplo_dag_run_operator1.py
[2024-07-25T00:00:10.428+0000] {processor.py:743} INFO - Processing file /opt/airflow/dags/examplo_dag_run_operator1.py for tasks to queue
[2024-07-25T00:00:10.429+0000] {logging_mixin.py:137} INFO - [2024-07-25T00:00:10.428+0000] {dagbag.py:538} INFO - Filling up the DagBag from /opt/airflow/dags/examplo_dag_run_operator1.py
[2024-07-25T00:00:10.445+0000] {processor.py:753} INFO - DAG(s) dict_keys(['examplo_dag_run_operator1']) retrieved from /opt/airflow/dags/examplo_dag_run_operator1.py
[2024-07-25T00:00:10.469+0000] {logging_mixin.py:137} INFO - [2024-07-25T00:00:10.469+0000] {dag.py:2690} INFO - Sync 1 DAGs
[2024-07-25T00:00:10.492+0000] {logging_mixin.py:137} INFO - [2024-07-25T00:00:10.492+0000] {dag.py:3441} INFO - Setting next_dagrun for examplo_dag_run_operator1 to None, run_after=None
[2024-07-25T00:00:10.511+0000] {processor.py:175} INFO - Processing /opt/airflow/dags/examplo_dag_run_operator1.py took 0.086 seconds
[2024-07-25T00:00:16.045+0000] {processor.py:153} INFO - Started process (PID=93277) to work on /opt/airflow/dags/examplo_dag_run_operator1.py
[2024-07-25T00:00:16.046+0000] {processor.py:743} INFO - Processing file /opt/airflow/dags/examplo_dag_run_operator1.py for tasks to queue
[2024-07-25T00:00:16.047+0000] {logging_mixin.py:137} INFO - [2024-07-25T00:00:16.047+0000] {dagbag.py:538} INFO - Filling up the DagBag from /opt/airflow/dags/examplo_dag_run_operator1.py
[2024-07-25T00:00:16.068+0000] {processor.py:753} INFO - DAG(s) dict_keys(['examplo_dag_run_operator1']) retrieved from /opt/airflow/dags/examplo_dag_run_operator1.py
[2024-07-25T00:00:16.088+0000] {logging_mixin.py:137} INFO - [2024-07-25T00:00:16.088+0000] {dag.py:2690} INFO - Sync 1 DAGs
[2024-07-25T00:00:16.104+0000] {logging_mixin.py:137} INFO - [2024-07-25T00:00:16.104+0000] {dag.py:3441} INFO - Setting next_dagrun for examplo_dag_run_operator1 to None, run_after=None
[2024-07-25T00:00:16.118+0000] {processor.py:175} INFO - Processing /opt/airflow/dags/examplo_dag_run_operator1.py took 0.077 seconds
[2024-07-25T00:00:21.556+0000] {processor.py:153} INFO - Started process (PID=93288) to work on /opt/airflow/dags/examplo_dag_run_operator1.py
[2024-07-25T00:00:21.556+0000] {processor.py:743} INFO - Processing file /opt/airflow/dags/examplo_dag_run_operator1.py for tasks to queue
[2024-07-25T00:00:21.557+0000] {logging_mixin.py:137} INFO - [2024-07-25T00:00:21.557+0000] {dagbag.py:538} INFO - Filling up the DagBag from /opt/airflow/dags/examplo_dag_run_operator1.py
[2024-07-25T00:00:21.570+0000] {processor.py:753} INFO - DAG(s) dict_keys(['examplo_dag_run_operator1']) retrieved from /opt/airflow/dags/examplo_dag_run_operator1.py
[2024-07-25T00:00:21.586+0000] {logging_mixin.py:137} INFO - [2024-07-25T00:00:21.586+0000] {dag.py:2690} INFO - Sync 1 DAGs
[2024-07-25T00:00:21.600+0000] {logging_mixin.py:137} INFO - [2024-07-25T00:00:21.599+0000] {dag.py:3441} INFO - Setting next_dagrun for examplo_dag_run_operator1 to None, run_after=None
[2024-07-25T00:00:21.616+0000] {processor.py:175} INFO - Processing /opt/airflow/dags/examplo_dag_run_operator1.py took 0.063 seconds
[2024-07-25T00:00:27.150+0000] {processor.py:153} INFO - Started process (PID=93315) to work on /opt/airflow/dags/examplo_dag_run_operator1.py
[2024-07-25T00:00:27.152+0000] {processor.py:743} INFO - Processing file /opt/airflow/dags/examplo_dag_run_operator1.py for tasks to queue
[2024-07-25T00:00:27.153+0000] {logging_mixin.py:137} INFO - [2024-07-25T00:00:27.153+0000] {dagbag.py:538} INFO - Filling up the DagBag from /opt/airflow/dags/examplo_dag_run_operator1.py
[2024-07-25T00:00:27.170+0000] {processor.py:753} INFO - DAG(s) dict_keys(['examplo_dag_run_operator1']) retrieved from /opt/airflow/dags/examplo_dag_run_operator1.py
[2024-07-25T00:00:27.189+0000] {logging_mixin.py:137} INFO - [2024-07-25T00:00:27.189+0000] {dag.py:2690} INFO - Sync 1 DAGs
[2024-07-25T00:00:27.205+0000] {logging_mixin.py:137} INFO - [2024-07-25T00:00:27.205+0000] {dag.py:3441} INFO - Setting next_dagrun for examplo_dag_run_operator1 to None, run_after=None
[2024-07-25T00:00:27.220+0000] {processor.py:175} INFO - Processing /opt/airflow/dags/examplo_dag_run_operator1.py took 0.074 seconds
[2024-07-25T00:00:32.663+0000] {processor.py:153} INFO - Started process (PID=93326) to work on /opt/airflow/dags/examplo_dag_run_operator1.py
[2024-07-25T00:00:32.664+0000] {processor.py:743} INFO - Processing file /opt/airflow/dags/examplo_dag_run_operator1.py for tasks to queue
[2024-07-25T00:00:32.665+0000] {logging_mixin.py:137} INFO - [2024-07-25T00:00:32.665+0000] {dagbag.py:538} INFO - Filling up the DagBag from /opt/airflow/dags/examplo_dag_run_operator1.py
[2024-07-25T00:00:32.676+0000] {processor.py:753} INFO - DAG(s) dict_keys(['examplo_dag_run_operator1']) retrieved from /opt/airflow/dags/examplo_dag_run_operator1.py
[2024-07-25T00:00:32.693+0000] {logging_mixin.py:137} INFO - [2024-07-25T00:00:32.693+0000] {dag.py:2690} INFO - Sync 1 DAGs
[2024-07-25T00:00:32.707+0000] {logging_mixin.py:137} INFO - [2024-07-25T00:00:32.707+0000] {dag.py:3441} INFO - Setting next_dagrun for examplo_dag_run_operator1 to None, run_after=None
[2024-07-25T00:00:32.722+0000] {processor.py:175} INFO - Processing /opt/airflow/dags/examplo_dag_run_operator1.py took 0.061 seconds
[2024-07-25T00:00:38.225+0000] {processor.py:153} INFO - Started process (PID=93353) to work on /opt/airflow/dags/examplo_dag_run_operator1.py
[2024-07-25T00:00:38.227+0000] {processor.py:743} INFO - Processing file /opt/airflow/dags/examplo_dag_run_operator1.py for tasks to queue
[2024-07-25T00:00:38.228+0000] {logging_mixin.py:137} INFO - [2024-07-25T00:00:38.228+0000] {dagbag.py:538} INFO - Filling up the DagBag from /opt/airflow/dags/examplo_dag_run_operator1.py
[2024-07-25T00:00:38.246+0000] {processor.py:753} INFO - DAG(s) dict_keys(['examplo_dag_run_operator1']) retrieved from /opt/airflow/dags/examplo_dag_run_operator1.py
[2024-07-25T00:00:38.264+0000] {logging_mixin.py:137} INFO - [2024-07-25T00:00:38.264+0000] {dag.py:2690} INFO - Sync 1 DAGs
[2024-07-25T00:00:38.280+0000] {logging_mixin.py:137} INFO - [2024-07-25T00:00:38.279+0000] {dag.py:3441} INFO - Setting next_dagrun for examplo_dag_run_operator1 to None, run_after=None
[2024-07-25T00:00:38.295+0000] {processor.py:175} INFO - Processing /opt/airflow/dags/examplo_dag_run_operator1.py took 0.075 seconds
[2024-07-25T00:00:43.750+0000] {processor.py:153} INFO - Started process (PID=93364) to work on /opt/airflow/dags/examplo_dag_run_operator1.py
[2024-07-25T00:00:43.751+0000] {processor.py:743} INFO - Processing file /opt/airflow/dags/examplo_dag_run_operator1.py for tasks to queue
[2024-07-25T00:00:43.751+0000] {logging_mixin.py:137} INFO - [2024-07-25T00:00:43.751+0000] {dagbag.py:538} INFO - Filling up the DagBag from /opt/airflow/dags/examplo_dag_run_operator1.py
[2024-07-25T00:00:43.766+0000] {processor.py:753} INFO - DAG(s) dict_keys(['examplo_dag_run_operator1']) retrieved from /opt/airflow/dags/examplo_dag_run_operator1.py
[2024-07-25T00:00:43.786+0000] {logging_mixin.py:137} INFO - [2024-07-25T00:00:43.786+0000] {dag.py:2690} INFO - Sync 1 DAGs
[2024-07-25T00:00:43.800+0000] {logging_mixin.py:137} INFO - [2024-07-25T00:00:43.800+0000] {dag.py:3441} INFO - Setting next_dagrun for examplo_dag_run_operator1 to None, run_after=None
[2024-07-25T00:00:43.813+0000] {processor.py:175} INFO - Processing /opt/airflow/dags/examplo_dag_run_operator1.py took 0.065 seconds
[2024-07-25T00:00:49.394+0000] {processor.py:153} INFO - Started process (PID=93391) to work on /opt/airflow/dags/examplo_dag_run_operator1.py
[2024-07-25T00:00:49.396+0000] {processor.py:743} INFO - Processing file /opt/airflow/dags/examplo_dag_run_operator1.py for tasks to queue
[2024-07-25T00:00:49.397+0000] {logging_mixin.py:137} INFO - [2024-07-25T00:00:49.397+0000] {dagbag.py:538} INFO - Filling up the DagBag from /opt/airflow/dags/examplo_dag_run_operator1.py
[2024-07-25T00:00:49.423+0000] {processor.py:753} INFO - DAG(s) dict_keys(['examplo_dag_run_operator1']) retrieved from /opt/airflow/dags/examplo_dag_run_operator1.py
[2024-07-25T00:00:49.452+0000] {logging_mixin.py:137} INFO - [2024-07-25T00:00:49.452+0000] {dag.py:2690} INFO - Sync 1 DAGs
[2024-07-25T00:00:49.470+0000] {logging_mixin.py:137} INFO - [2024-07-25T00:00:49.470+0000] {dag.py:3441} INFO - Setting next_dagrun for examplo_dag_run_operator1 to None, run_after=None
[2024-07-25T00:00:49.484+0000] {processor.py:175} INFO - Processing /opt/airflow/dags/examplo_dag_run_operator1.py took 0.096 seconds
[2024-07-25T00:00:54.898+0000] {processor.py:153} INFO - Started process (PID=93402) to work on /opt/airflow/dags/examplo_dag_run_operator1.py
[2024-07-25T00:00:54.899+0000] {processor.py:743} INFO - Processing file /opt/airflow/dags/examplo_dag_run_operator1.py for tasks to queue
[2024-07-25T00:00:54.900+0000] {logging_mixin.py:137} INFO - [2024-07-25T00:00:54.900+0000] {dagbag.py:538} INFO - Filling up the DagBag from /opt/airflow/dags/examplo_dag_run_operator1.py
[2024-07-25T00:00:54.914+0000] {processor.py:753} INFO - DAG(s) dict_keys(['examplo_dag_run_operator1']) retrieved from /opt/airflow/dags/examplo_dag_run_operator1.py
[2024-07-25T00:00:54.937+0000] {logging_mixin.py:137} INFO - [2024-07-25T00:00:54.937+0000] {dag.py:2690} INFO - Sync 1 DAGs
[2024-07-25T00:00:54.955+0000] {logging_mixin.py:137} INFO - [2024-07-25T00:00:54.955+0000] {dag.py:3441} INFO - Setting next_dagrun for examplo_dag_run_operator1 to None, run_after=None
[2024-07-25T00:00:54.972+0000] {processor.py:175} INFO - Processing /opt/airflow/dags/examplo_dag_run_operator1.py took 0.076 seconds
[2024-07-25T00:01:00.458+0000] {processor.py:153} INFO - Started process (PID=93429) to work on /opt/airflow/dags/examplo_dag_run_operator1.py
[2024-07-25T00:01:00.459+0000] {processor.py:743} INFO - Processing file /opt/airflow/dags/examplo_dag_run_operator1.py for tasks to queue
[2024-07-25T00:01:00.460+0000] {logging_mixin.py:137} INFO - [2024-07-25T00:01:00.460+0000] {dagbag.py:538} INFO - Filling up the DagBag from /opt/airflow/dags/examplo_dag_run_operator1.py
[2024-07-25T00:01:00.477+0000] {processor.py:753} INFO - DAG(s) dict_keys(['examplo_dag_run_operator1']) retrieved from /opt/airflow/dags/examplo_dag_run_operator1.py
[2024-07-25T00:01:00.497+0000] {logging_mixin.py:137} INFO - [2024-07-25T00:01:00.496+0000] {dag.py:2690} INFO - Sync 1 DAGs
[2024-07-25T00:01:00.515+0000] {logging_mixin.py:137} INFO - [2024-07-25T00:01:00.514+0000] {dag.py:3441} INFO - Setting next_dagrun for examplo_dag_run_operator1 to None, run_after=None
[2024-07-25T00:01:00.531+0000] {processor.py:175} INFO - Processing /opt/airflow/dags/examplo_dag_run_operator1.py took 0.076 seconds
[2024-07-25T00:01:05.958+0000] {processor.py:153} INFO - Started process (PID=93440) to work on /opt/airflow/dags/examplo_dag_run_operator1.py
[2024-07-25T00:01:05.959+0000] {processor.py:743} INFO - Processing file /opt/airflow/dags/examplo_dag_run_operator1.py for tasks to queue
[2024-07-25T00:01:05.959+0000] {logging_mixin.py:137} INFO - [2024-07-25T00:01:05.959+0000] {dagbag.py:538} INFO - Filling up the DagBag from /opt/airflow/dags/examplo_dag_run_operator1.py
[2024-07-25T00:01:05.972+0000] {processor.py:753} INFO - DAG(s) dict_keys(['examplo_dag_run_operator1']) retrieved from /opt/airflow/dags/examplo_dag_run_operator1.py
[2024-07-25T00:01:05.986+0000] {logging_mixin.py:137} INFO - [2024-07-25T00:01:05.986+0000] {dag.py:2690} INFO - Sync 1 DAGs
[2024-07-25T00:01:05.998+0000] {logging_mixin.py:137} INFO - [2024-07-25T00:01:05.998+0000] {dag.py:3441} INFO - Setting next_dagrun for examplo_dag_run_operator1 to None, run_after=None
[2024-07-25T00:01:06.008+0000] {processor.py:175} INFO - Processing /opt/airflow/dags/examplo_dag_run_operator1.py took 0.052 seconds
[2024-07-25T00:01:11.486+0000] {processor.py:153} INFO - Started process (PID=93467) to work on /opt/airflow/dags/examplo_dag_run_operator1.py
[2024-07-25T00:01:11.488+0000] {processor.py:743} INFO - Processing file /opt/airflow/dags/examplo_dag_run_operator1.py for tasks to queue
[2024-07-25T00:01:11.488+0000] {logging_mixin.py:137} INFO - [2024-07-25T00:01:11.488+0000] {dagbag.py:538} INFO - Filling up the DagBag from /opt/airflow/dags/examplo_dag_run_operator1.py
[2024-07-25T00:01:11.510+0000] {processor.py:753} INFO - DAG(s) dict_keys(['examplo_dag_run_operator1']) retrieved from /opt/airflow/dags/examplo_dag_run_operator1.py
[2024-07-25T00:01:11.530+0000] {logging_mixin.py:137} INFO - [2024-07-25T00:01:11.529+0000] {dag.py:2690} INFO - Sync 1 DAGs
[2024-07-25T00:01:11.545+0000] {logging_mixin.py:137} INFO - [2024-07-25T00:01:11.545+0000] {dag.py:3441} INFO - Setting next_dagrun for examplo_dag_run_operator1 to None, run_after=None
[2024-07-25T00:01:11.556+0000] {processor.py:175} INFO - Processing /opt/airflow/dags/examplo_dag_run_operator1.py took 0.074 seconds
[2024-07-25T00:01:16.927+0000] {processor.py:153} INFO - Started process (PID=93478) to work on /opt/airflow/dags/examplo_dag_run_operator1.py
[2024-07-25T00:01:16.930+0000] {processor.py:743} INFO - Processing file /opt/airflow/dags/examplo_dag_run_operator1.py for tasks to queue
[2024-07-25T00:01:16.931+0000] {logging_mixin.py:137} INFO - [2024-07-25T00:01:16.930+0000] {dagbag.py:538} INFO - Filling up the DagBag from /opt/airflow/dags/examplo_dag_run_operator1.py
[2024-07-25T00:01:16.943+0000] {processor.py:753} INFO - DAG(s) dict_keys(['examplo_dag_run_operator1']) retrieved from /opt/airflow/dags/examplo_dag_run_operator1.py
[2024-07-25T00:01:16.961+0000] {logging_mixin.py:137} INFO - [2024-07-25T00:01:16.961+0000] {dag.py:2690} INFO - Sync 1 DAGs
[2024-07-25T00:01:16.979+0000] {logging_mixin.py:137} INFO - [2024-07-25T00:01:16.979+0000] {dag.py:3441} INFO - Setting next_dagrun for examplo_dag_run_operator1 to None, run_after=None
[2024-07-25T00:01:16.993+0000] {processor.py:175} INFO - Processing /opt/airflow/dags/examplo_dag_run_operator1.py took 0.068 seconds
[2024-07-25T00:01:22.433+0000] {processor.py:153} INFO - Started process (PID=93505) to work on /opt/airflow/dags/examplo_dag_run_operator1.py
[2024-07-25T00:01:22.434+0000] {processor.py:743} INFO - Processing file /opt/airflow/dags/examplo_dag_run_operator1.py for tasks to queue
[2024-07-25T00:01:22.435+0000] {logging_mixin.py:137} INFO - [2024-07-25T00:01:22.435+0000] {dagbag.py:538} INFO - Filling up the DagBag from /opt/airflow/dags/examplo_dag_run_operator1.py
[2024-07-25T00:01:22.453+0000] {processor.py:753} INFO - DAG(s) dict_keys(['examplo_dag_run_operator1']) retrieved from /opt/airflow/dags/examplo_dag_run_operator1.py
[2024-07-25T00:01:22.476+0000] {logging_mixin.py:137} INFO - [2024-07-25T00:01:22.475+0000] {dag.py:2690} INFO - Sync 1 DAGs
[2024-07-25T00:01:22.493+0000] {logging_mixin.py:137} INFO - [2024-07-25T00:01:22.493+0000] {dag.py:3441} INFO - Setting next_dagrun for examplo_dag_run_operator1 to None, run_after=None
[2024-07-25T00:01:22.506+0000] {processor.py:175} INFO - Processing /opt/airflow/dags/examplo_dag_run_operator1.py took 0.077 seconds
[2024-07-25T00:01:27.983+0000] {processor.py:153} INFO - Started process (PID=93516) to work on /opt/airflow/dags/examplo_dag_run_operator1.py
[2024-07-25T00:01:27.984+0000] {processor.py:743} INFO - Processing file /opt/airflow/dags/examplo_dag_run_operator1.py for tasks to queue
[2024-07-25T00:01:27.985+0000] {logging_mixin.py:137} INFO - [2024-07-25T00:01:27.985+0000] {dagbag.py:538} INFO - Filling up the DagBag from /opt/airflow/dags/examplo_dag_run_operator1.py
[2024-07-25T00:01:28.005+0000] {processor.py:753} INFO - DAG(s) dict_keys(['examplo_dag_run_operator1']) retrieved from /opt/airflow/dags/examplo_dag_run_operator1.py
[2024-07-25T00:01:28.029+0000] {logging_mixin.py:137} INFO - [2024-07-25T00:01:28.029+0000] {dag.py:2690} INFO - Sync 1 DAGs
[2024-07-25T00:01:28.046+0000] {logging_mixin.py:137} INFO - [2024-07-25T00:01:28.046+0000] {dag.py:3441} INFO - Setting next_dagrun for examplo_dag_run_operator1 to None, run_after=None
[2024-07-25T00:01:28.059+0000] {processor.py:175} INFO - Processing /opt/airflow/dags/examplo_dag_run_operator1.py took 0.080 seconds
[2024-07-25T00:01:33.493+0000] {processor.py:153} INFO - Started process (PID=93543) to work on /opt/airflow/dags/examplo_dag_run_operator1.py
[2024-07-25T00:01:33.495+0000] {processor.py:743} INFO - Processing file /opt/airflow/dags/examplo_dag_run_operator1.py for tasks to queue
[2024-07-25T00:01:33.498+0000] {logging_mixin.py:137} INFO - [2024-07-25T00:01:33.498+0000] {dagbag.py:538} INFO - Filling up the DagBag from /opt/airflow/dags/examplo_dag_run_operator1.py
[2024-07-25T00:01:33.528+0000] {processor.py:753} INFO - DAG(s) dict_keys(['examplo_dag_run_operator1']) retrieved from /opt/airflow/dags/examplo_dag_run_operator1.py
[2024-07-25T00:01:33.575+0000] {logging_mixin.py:137} INFO - [2024-07-25T00:01:33.575+0000] {dag.py:2690} INFO - Sync 1 DAGs
[2024-07-25T00:01:33.601+0000] {logging_mixin.py:137} INFO - [2024-07-25T00:01:33.601+0000] {dag.py:3441} INFO - Setting next_dagrun for examplo_dag_run_operator1 to None, run_after=None
[2024-07-25T00:01:33.621+0000] {processor.py:175} INFO - Processing /opt/airflow/dags/examplo_dag_run_operator1.py took 0.134 seconds
[2024-07-25T00:01:39.136+0000] {processor.py:153} INFO - Started process (PID=93554) to work on /opt/airflow/dags/examplo_dag_run_operator1.py
[2024-07-25T00:01:39.138+0000] {processor.py:743} INFO - Processing file /opt/airflow/dags/examplo_dag_run_operator1.py for tasks to queue
[2024-07-25T00:01:39.140+0000] {logging_mixin.py:137} INFO - [2024-07-25T00:01:39.140+0000] {dagbag.py:538} INFO - Filling up the DagBag from /opt/airflow/dags/examplo_dag_run_operator1.py
[2024-07-25T00:01:39.157+0000] {processor.py:753} INFO - DAG(s) dict_keys(['examplo_dag_run_operator1']) retrieved from /opt/airflow/dags/examplo_dag_run_operator1.py
[2024-07-25T00:01:39.177+0000] {logging_mixin.py:137} INFO - [2024-07-25T00:01:39.177+0000] {dag.py:2690} INFO - Sync 1 DAGs
[2024-07-25T00:01:39.195+0000] {logging_mixin.py:137} INFO - [2024-07-25T00:01:39.195+0000] {dag.py:3441} INFO - Setting next_dagrun for examplo_dag_run_operator1 to None, run_after=None
[2024-07-25T00:01:39.212+0000] {processor.py:175} INFO - Processing /opt/airflow/dags/examplo_dag_run_operator1.py took 0.078 seconds
[2024-07-25T00:01:44.665+0000] {processor.py:153} INFO - Started process (PID=93581) to work on /opt/airflow/dags/examplo_dag_run_operator1.py
[2024-07-25T00:01:44.666+0000] {processor.py:743} INFO - Processing file /opt/airflow/dags/examplo_dag_run_operator1.py for tasks to queue
[2024-07-25T00:01:44.667+0000] {logging_mixin.py:137} INFO - [2024-07-25T00:01:44.667+0000] {dagbag.py:538} INFO - Filling up the DagBag from /opt/airflow/dags/examplo_dag_run_operator1.py
[2024-07-25T00:01:44.685+0000] {processor.py:753} INFO - DAG(s) dict_keys(['examplo_dag_run_operator1']) retrieved from /opt/airflow/dags/examplo_dag_run_operator1.py
[2024-07-25T00:01:44.706+0000] {logging_mixin.py:137} INFO - [2024-07-25T00:01:44.706+0000] {dag.py:2690} INFO - Sync 1 DAGs
[2024-07-25T00:01:44.721+0000] {logging_mixin.py:137} INFO - [2024-07-25T00:01:44.721+0000] {dag.py:3441} INFO - Setting next_dagrun for examplo_dag_run_operator1 to None, run_after=None
[2024-07-25T00:01:44.736+0000] {processor.py:175} INFO - Processing /opt/airflow/dags/examplo_dag_run_operator1.py took 0.074 seconds
[2024-07-25T00:01:50.211+0000] {processor.py:153} INFO - Started process (PID=93592) to work on /opt/airflow/dags/examplo_dag_run_operator1.py
[2024-07-25T00:01:50.212+0000] {processor.py:743} INFO - Processing file /opt/airflow/dags/examplo_dag_run_operator1.py for tasks to queue
[2024-07-25T00:01:50.213+0000] {logging_mixin.py:137} INFO - [2024-07-25T00:01:50.213+0000] {dagbag.py:538} INFO - Filling up the DagBag from /opt/airflow/dags/examplo_dag_run_operator1.py
[2024-07-25T00:01:50.226+0000] {processor.py:753} INFO - DAG(s) dict_keys(['examplo_dag_run_operator1']) retrieved from /opt/airflow/dags/examplo_dag_run_operator1.py
[2024-07-25T00:01:50.244+0000] {logging_mixin.py:137} INFO - [2024-07-25T00:01:50.244+0000] {dag.py:2690} INFO - Sync 1 DAGs
[2024-07-25T00:01:50.258+0000] {logging_mixin.py:137} INFO - [2024-07-25T00:01:50.258+0000] {dag.py:3441} INFO - Setting next_dagrun for examplo_dag_run_operator1 to None, run_after=None
[2024-07-25T00:01:50.274+0000] {processor.py:175} INFO - Processing /opt/airflow/dags/examplo_dag_run_operator1.py took 0.066 seconds
[2024-07-25T00:01:56.080+0000] {processor.py:153} INFO - Started process (PID=93612) to work on /opt/airflow/dags/examplo_dag_run_operator1.py
[2024-07-25T00:01:56.081+0000] {processor.py:743} INFO - Processing file /opt/airflow/dags/examplo_dag_run_operator1.py for tasks to queue
[2024-07-25T00:01:56.082+0000] {logging_mixin.py:137} INFO - [2024-07-25T00:01:56.081+0000] {dagbag.py:538} INFO - Filling up the DagBag from /opt/airflow/dags/examplo_dag_run_operator1.py
[2024-07-25T00:01:56.141+0000] {processor.py:753} INFO - DAG(s) dict_keys(['examplo_dag_run_operator1']) retrieved from /opt/airflow/dags/examplo_dag_run_operator1.py
[2024-07-25T00:01:56.282+0000] {logging_mixin.py:137} INFO - [2024-07-25T00:01:56.281+0000] {dag.py:2690} INFO - Sync 1 DAGs
[2024-07-25T00:01:56.314+0000] {logging_mixin.py:137} INFO - [2024-07-25T00:01:56.314+0000] {dag.py:3441} INFO - Setting next_dagrun for examplo_dag_run_operator1 to None, run_after=None
[2024-07-25T00:01:56.368+0000] {processor.py:175} INFO - Processing /opt/airflow/dags/examplo_dag_run_operator1.py took 0.294 seconds
[2024-07-25T00:02:02.122+0000] {processor.py:153} INFO - Started process (PID=93630) to work on /opt/airflow/dags/examplo_dag_run_operator1.py
[2024-07-25T00:02:02.123+0000] {processor.py:743} INFO - Processing file /opt/airflow/dags/examplo_dag_run_operator1.py for tasks to queue
[2024-07-25T00:02:02.124+0000] {logging_mixin.py:137} INFO - [2024-07-25T00:02:02.124+0000] {dagbag.py:538} INFO - Filling up the DagBag from /opt/airflow/dags/examplo_dag_run_operator1.py
[2024-07-25T00:02:02.144+0000] {processor.py:753} INFO - DAG(s) dict_keys(['examplo_dag_run_operator1']) retrieved from /opt/airflow/dags/examplo_dag_run_operator1.py
[2024-07-25T00:02:02.165+0000] {logging_mixin.py:137} INFO - [2024-07-25T00:02:02.165+0000] {dag.py:2690} INFO - Sync 1 DAGs
[2024-07-25T00:02:02.181+0000] {logging_mixin.py:137} INFO - [2024-07-25T00:02:02.181+0000] {dag.py:3441} INFO - Setting next_dagrun for examplo_dag_run_operator1 to None, run_after=None
[2024-07-25T00:02:02.195+0000] {processor.py:175} INFO - Processing /opt/airflow/dags/examplo_dag_run_operator1.py took 0.079 seconds
[2024-07-25T00:02:07.636+0000] {processor.py:153} INFO - Started process (PID=93650) to work on /opt/airflow/dags/examplo_dag_run_operator1.py
[2024-07-25T00:02:07.636+0000] {processor.py:743} INFO - Processing file /opt/airflow/dags/examplo_dag_run_operator1.py for tasks to queue
[2024-07-25T00:02:07.637+0000] {logging_mixin.py:137} INFO - [2024-07-25T00:02:07.637+0000] {dagbag.py:538} INFO - Filling up the DagBag from /opt/airflow/dags/examplo_dag_run_operator1.py
[2024-07-25T00:02:07.648+0000] {processor.py:753} INFO - DAG(s) dict_keys(['examplo_dag_run_operator1']) retrieved from /opt/airflow/dags/examplo_dag_run_operator1.py
[2024-07-25T00:02:07.667+0000] {logging_mixin.py:137} INFO - [2024-07-25T00:02:07.667+0000] {dag.py:2690} INFO - Sync 1 DAGs
[2024-07-25T00:02:07.685+0000] {logging_mixin.py:137} INFO - [2024-07-25T00:02:07.685+0000] {dag.py:3441} INFO - Setting next_dagrun for examplo_dag_run_operator1 to None, run_after=None
[2024-07-25T00:02:07.702+0000] {processor.py:175} INFO - Processing /opt/airflow/dags/examplo_dag_run_operator1.py took 0.068 seconds
[2024-07-25T00:02:13.279+0000] {processor.py:153} INFO - Started process (PID=93668) to work on /opt/airflow/dags/examplo_dag_run_operator1.py
[2024-07-25T00:02:13.281+0000] {processor.py:743} INFO - Processing file /opt/airflow/dags/examplo_dag_run_operator1.py for tasks to queue
[2024-07-25T00:02:13.281+0000] {logging_mixin.py:137} INFO - [2024-07-25T00:02:13.281+0000] {dagbag.py:538} INFO - Filling up the DagBag from /opt/airflow/dags/examplo_dag_run_operator1.py
[2024-07-25T00:02:13.304+0000] {processor.py:753} INFO - DAG(s) dict_keys(['examplo_dag_run_operator1']) retrieved from /opt/airflow/dags/examplo_dag_run_operator1.py
[2024-07-25T00:02:13.326+0000] {logging_mixin.py:137} INFO - [2024-07-25T00:02:13.326+0000] {dag.py:2690} INFO - Sync 1 DAGs
[2024-07-25T00:02:13.340+0000] {logging_mixin.py:137} INFO - [2024-07-25T00:02:13.340+0000] {dag.py:3441} INFO - Setting next_dagrun for examplo_dag_run_operator1 to None, run_after=None
[2024-07-25T00:02:13.353+0000] {processor.py:175} INFO - Processing /opt/airflow/dags/examplo_dag_run_operator1.py took 0.078 seconds
[2024-07-25T00:02:18.729+0000] {processor.py:153} INFO - Started process (PID=93679) to work on /opt/airflow/dags/examplo_dag_run_operator1.py
[2024-07-25T00:02:18.730+0000] {processor.py:743} INFO - Processing file /opt/airflow/dags/examplo_dag_run_operator1.py for tasks to queue
[2024-07-25T00:02:18.731+0000] {logging_mixin.py:137} INFO - [2024-07-25T00:02:18.731+0000] {dagbag.py:538} INFO - Filling up the DagBag from /opt/airflow/dags/examplo_dag_run_operator1.py
[2024-07-25T00:02:18.747+0000] {processor.py:753} INFO - DAG(s) dict_keys(['examplo_dag_run_operator1']) retrieved from /opt/airflow/dags/examplo_dag_run_operator1.py
[2024-07-25T00:02:18.769+0000] {logging_mixin.py:137} INFO - [2024-07-25T00:02:18.768+0000] {dag.py:2690} INFO - Sync 1 DAGs
[2024-07-25T00:02:18.786+0000] {logging_mixin.py:137} INFO - [2024-07-25T00:02:18.786+0000] {dag.py:3441} INFO - Setting next_dagrun for examplo_dag_run_operator1 to None, run_after=None
[2024-07-25T00:02:18.802+0000] {processor.py:175} INFO - Processing /opt/airflow/dags/examplo_dag_run_operator1.py took 0.077 seconds
[2024-07-25T00:02:24.272+0000] {processor.py:153} INFO - Started process (PID=93706) to work on /opt/airflow/dags/examplo_dag_run_operator1.py
[2024-07-25T00:02:24.274+0000] {processor.py:743} INFO - Processing file /opt/airflow/dags/examplo_dag_run_operator1.py for tasks to queue
[2024-07-25T00:02:24.275+0000] {logging_mixin.py:137} INFO - [2024-07-25T00:02:24.275+0000] {dagbag.py:538} INFO - Filling up the DagBag from /opt/airflow/dags/examplo_dag_run_operator1.py
[2024-07-25T00:02:24.296+0000] {processor.py:753} INFO - DAG(s) dict_keys(['examplo_dag_run_operator1']) retrieved from /opt/airflow/dags/examplo_dag_run_operator1.py
[2024-07-25T00:02:24.313+0000] {logging_mixin.py:137} INFO - [2024-07-25T00:02:24.313+0000] {dag.py:2690} INFO - Sync 1 DAGs
[2024-07-25T00:02:24.328+0000] {logging_mixin.py:137} INFO - [2024-07-25T00:02:24.328+0000] {dag.py:3441} INFO - Setting next_dagrun for examplo_dag_run_operator1 to None, run_after=None
[2024-07-25T00:02:24.349+0000] {processor.py:175} INFO - Processing /opt/airflow/dags/examplo_dag_run_operator1.py took 0.080 seconds
[2024-07-25T00:02:29.855+0000] {processor.py:153} INFO - Started process (PID=93717) to work on /opt/airflow/dags/examplo_dag_run_operator1.py
[2024-07-25T00:02:29.857+0000] {processor.py:743} INFO - Processing file /opt/airflow/dags/examplo_dag_run_operator1.py for tasks to queue
[2024-07-25T00:02:29.857+0000] {logging_mixin.py:137} INFO - [2024-07-25T00:02:29.857+0000] {dagbag.py:538} INFO - Filling up the DagBag from /opt/airflow/dags/examplo_dag_run_operator1.py
[2024-07-25T00:02:29.876+0000] {processor.py:753} INFO - DAG(s) dict_keys(['examplo_dag_run_operator1']) retrieved from /opt/airflow/dags/examplo_dag_run_operator1.py
[2024-07-25T00:02:29.896+0000] {logging_mixin.py:137} INFO - [2024-07-25T00:02:29.896+0000] {dag.py:2690} INFO - Sync 1 DAGs
[2024-07-25T00:02:29.916+0000] {logging_mixin.py:137} INFO - [2024-07-25T00:02:29.916+0000] {dag.py:3441} INFO - Setting next_dagrun for examplo_dag_run_operator1 to None, run_after=None
[2024-07-25T00:02:29.930+0000] {processor.py:175} INFO - Processing /opt/airflow/dags/examplo_dag_run_operator1.py took 0.079 seconds
[2024-07-25T00:02:35.327+0000] {processor.py:153} INFO - Started process (PID=93744) to work on /opt/airflow/dags/examplo_dag_run_operator1.py
[2024-07-25T00:02:35.328+0000] {processor.py:743} INFO - Processing file /opt/airflow/dags/examplo_dag_run_operator1.py for tasks to queue
[2024-07-25T00:02:35.329+0000] {logging_mixin.py:137} INFO - [2024-07-25T00:02:35.329+0000] {dagbag.py:538} INFO - Filling up the DagBag from /opt/airflow/dags/examplo_dag_run_operator1.py
[2024-07-25T00:02:35.349+0000] {processor.py:753} INFO - DAG(s) dict_keys(['examplo_dag_run_operator1']) retrieved from /opt/airflow/dags/examplo_dag_run_operator1.py
[2024-07-25T00:02:35.370+0000] {logging_mixin.py:137} INFO - [2024-07-25T00:02:35.370+0000] {dag.py:2690} INFO - Sync 1 DAGs
[2024-07-25T00:02:35.386+0000] {logging_mixin.py:137} INFO - [2024-07-25T00:02:35.386+0000] {dag.py:3441} INFO - Setting next_dagrun for examplo_dag_run_operator1 to None, run_after=None
[2024-07-25T00:02:35.399+0000] {processor.py:175} INFO - Processing /opt/airflow/dags/examplo_dag_run_operator1.py took 0.077 seconds
[2024-07-25T00:02:40.820+0000] {processor.py:153} INFO - Started process (PID=93755) to work on /opt/airflow/dags/examplo_dag_run_operator1.py
[2024-07-25T00:02:40.822+0000] {processor.py:743} INFO - Processing file /opt/airflow/dags/examplo_dag_run_operator1.py for tasks to queue
[2024-07-25T00:02:40.823+0000] {logging_mixin.py:137} INFO - [2024-07-25T00:02:40.823+0000] {dagbag.py:538} INFO - Filling up the DagBag from /opt/airflow/dags/examplo_dag_run_operator1.py
[2024-07-25T00:02:40.841+0000] {processor.py:753} INFO - DAG(s) dict_keys(['examplo_dag_run_operator1']) retrieved from /opt/airflow/dags/examplo_dag_run_operator1.py
[2024-07-25T00:02:40.863+0000] {logging_mixin.py:137} INFO - [2024-07-25T00:02:40.863+0000] {dag.py:2690} INFO - Sync 1 DAGs
[2024-07-25T00:02:40.882+0000] {logging_mixin.py:137} INFO - [2024-07-25T00:02:40.882+0000] {dag.py:3441} INFO - Setting next_dagrun for examplo_dag_run_operator1 to None, run_after=None
[2024-07-25T00:02:40.901+0000] {processor.py:175} INFO - Processing /opt/airflow/dags/examplo_dag_run_operator1.py took 0.085 seconds
[2024-07-25T00:02:46.318+0000] {processor.py:153} INFO - Started process (PID=93782) to work on /opt/airflow/dags/examplo_dag_run_operator1.py
[2024-07-25T00:02:46.319+0000] {processor.py:743} INFO - Processing file /opt/airflow/dags/examplo_dag_run_operator1.py for tasks to queue
[2024-07-25T00:02:46.320+0000] {logging_mixin.py:137} INFO - [2024-07-25T00:02:46.320+0000] {dagbag.py:538} INFO - Filling up the DagBag from /opt/airflow/dags/examplo_dag_run_operator1.py
[2024-07-25T00:02:46.345+0000] {processor.py:753} INFO - DAG(s) dict_keys(['examplo_dag_run_operator1']) retrieved from /opt/airflow/dags/examplo_dag_run_operator1.py
[2024-07-25T00:02:46.361+0000] {logging_mixin.py:137} INFO - [2024-07-25T00:02:46.361+0000] {dag.py:2690} INFO - Sync 1 DAGs
[2024-07-25T00:02:46.375+0000] {logging_mixin.py:137} INFO - [2024-07-25T00:02:46.375+0000] {dag.py:3441} INFO - Setting next_dagrun for examplo_dag_run_operator1 to None, run_after=None
[2024-07-25T00:02:46.388+0000] {processor.py:175} INFO - Processing /opt/airflow/dags/examplo_dag_run_operator1.py took 0.075 seconds
[2024-07-25T00:02:51.801+0000] {processor.py:153} INFO - Started process (PID=93793) to work on /opt/airflow/dags/examplo_dag_run_operator1.py
[2024-07-25T00:02:51.802+0000] {processor.py:743} INFO - Processing file /opt/airflow/dags/examplo_dag_run_operator1.py for tasks to queue
[2024-07-25T00:02:51.804+0000] {logging_mixin.py:137} INFO - [2024-07-25T00:02:51.804+0000] {dagbag.py:538} INFO - Filling up the DagBag from /opt/airflow/dags/examplo_dag_run_operator1.py
[2024-07-25T00:02:51.826+0000] {processor.py:753} INFO - DAG(s) dict_keys(['examplo_dag_run_operator1']) retrieved from /opt/airflow/dags/examplo_dag_run_operator1.py
[2024-07-25T00:02:51.847+0000] {logging_mixin.py:137} INFO - [2024-07-25T00:02:51.847+0000] {dag.py:2690} INFO - Sync 1 DAGs
[2024-07-25T00:02:51.864+0000] {logging_mixin.py:137} INFO - [2024-07-25T00:02:51.864+0000] {dag.py:3441} INFO - Setting next_dagrun for examplo_dag_run_operator1 to None, run_after=None
[2024-07-25T00:02:51.879+0000] {processor.py:175} INFO - Processing /opt/airflow/dags/examplo_dag_run_operator1.py took 0.083 seconds
[2024-07-25T00:02:57.270+0000] {processor.py:153} INFO - Started process (PID=93820) to work on /opt/airflow/dags/examplo_dag_run_operator1.py
[2024-07-25T00:02:57.271+0000] {processor.py:743} INFO - Processing file /opt/airflow/dags/examplo_dag_run_operator1.py for tasks to queue
[2024-07-25T00:02:57.272+0000] {logging_mixin.py:137} INFO - [2024-07-25T00:02:57.272+0000] {dagbag.py:538} INFO - Filling up the DagBag from /opt/airflow/dags/examplo_dag_run_operator1.py
[2024-07-25T00:02:57.288+0000] {processor.py:753} INFO - DAG(s) dict_keys(['examplo_dag_run_operator1']) retrieved from /opt/airflow/dags/examplo_dag_run_operator1.py
[2024-07-25T00:02:57.308+0000] {logging_mixin.py:137} INFO - [2024-07-25T00:02:57.308+0000] {dag.py:2690} INFO - Sync 1 DAGs
[2024-07-25T00:02:57.324+0000] {logging_mixin.py:137} INFO - [2024-07-25T00:02:57.324+0000] {dag.py:3441} INFO - Setting next_dagrun for examplo_dag_run_operator1 to None, run_after=None
[2024-07-25T00:02:57.339+0000] {processor.py:175} INFO - Processing /opt/airflow/dags/examplo_dag_run_operator1.py took 0.072 seconds
[2024-07-25T00:03:02.768+0000] {processor.py:153} INFO - Started process (PID=93831) to work on /opt/airflow/dags/examplo_dag_run_operator1.py
[2024-07-25T00:03:02.769+0000] {processor.py:743} INFO - Processing file /opt/airflow/dags/examplo_dag_run_operator1.py for tasks to queue
[2024-07-25T00:03:02.771+0000] {logging_mixin.py:137} INFO - [2024-07-25T00:03:02.771+0000] {dagbag.py:538} INFO - Filling up the DagBag from /opt/airflow/dags/examplo_dag_run_operator1.py
[2024-07-25T00:03:02.788+0000] {processor.py:753} INFO - DAG(s) dict_keys(['examplo_dag_run_operator1']) retrieved from /opt/airflow/dags/examplo_dag_run_operator1.py
[2024-07-25T00:03:02.806+0000] {logging_mixin.py:137} INFO - [2024-07-25T00:03:02.806+0000] {dag.py:2690} INFO - Sync 1 DAGs
[2024-07-25T00:03:02.821+0000] {logging_mixin.py:137} INFO - [2024-07-25T00:03:02.821+0000] {dag.py:3441} INFO - Setting next_dagrun for examplo_dag_run_operator1 to None, run_after=None
[2024-07-25T00:03:02.834+0000] {processor.py:175} INFO - Processing /opt/airflow/dags/examplo_dag_run_operator1.py took 0.070 seconds
[2024-07-25T00:03:08.277+0000] {processor.py:153} INFO - Started process (PID=93858) to work on /opt/airflow/dags/examplo_dag_run_operator1.py
[2024-07-25T00:03:08.278+0000] {processor.py:743} INFO - Processing file /opt/airflow/dags/examplo_dag_run_operator1.py for tasks to queue
[2024-07-25T00:03:08.278+0000] {logging_mixin.py:137} INFO - [2024-07-25T00:03:08.278+0000] {dagbag.py:538} INFO - Filling up the DagBag from /opt/airflow/dags/examplo_dag_run_operator1.py
[2024-07-25T00:03:08.295+0000] {processor.py:753} INFO - DAG(s) dict_keys(['examplo_dag_run_operator1']) retrieved from /opt/airflow/dags/examplo_dag_run_operator1.py
[2024-07-25T00:03:08.312+0000] {logging_mixin.py:137} INFO - [2024-07-25T00:03:08.312+0000] {dag.py:2690} INFO - Sync 1 DAGs
[2024-07-25T00:03:08.333+0000] {logging_mixin.py:137} INFO - [2024-07-25T00:03:08.333+0000] {dag.py:3441} INFO - Setting next_dagrun for examplo_dag_run_operator1 to None, run_after=None
[2024-07-25T00:03:08.348+0000] {processor.py:175} INFO - Processing /opt/airflow/dags/examplo_dag_run_operator1.py took 0.074 seconds
[2024-07-25T00:03:13.766+0000] {processor.py:153} INFO - Started process (PID=93869) to work on /opt/airflow/dags/examplo_dag_run_operator1.py
[2024-07-25T00:03:13.768+0000] {processor.py:743} INFO - Processing file /opt/airflow/dags/examplo_dag_run_operator1.py for tasks to queue
[2024-07-25T00:03:13.770+0000] {logging_mixin.py:137} INFO - [2024-07-25T00:03:13.770+0000] {dagbag.py:538} INFO - Filling up the DagBag from /opt/airflow/dags/examplo_dag_run_operator1.py
[2024-07-25T00:03:13.790+0000] {processor.py:753} INFO - DAG(s) dict_keys(['examplo_dag_run_operator1']) retrieved from /opt/airflow/dags/examplo_dag_run_operator1.py
[2024-07-25T00:03:13.810+0000] {logging_mixin.py:137} INFO - [2024-07-25T00:03:13.810+0000] {dag.py:2690} INFO - Sync 1 DAGs
[2024-07-25T00:03:13.826+0000] {logging_mixin.py:137} INFO - [2024-07-25T00:03:13.826+0000] {dag.py:3441} INFO - Setting next_dagrun for examplo_dag_run_operator1 to None, run_after=None
[2024-07-25T00:03:13.840+0000] {processor.py:175} INFO - Processing /opt/airflow/dags/examplo_dag_run_operator1.py took 0.079 seconds
[2024-07-25T00:03:19.289+0000] {processor.py:153} INFO - Started process (PID=93896) to work on /opt/airflow/dags/examplo_dag_run_operator1.py
[2024-07-25T00:03:19.292+0000] {processor.py:743} INFO - Processing file /opt/airflow/dags/examplo_dag_run_operator1.py for tasks to queue
[2024-07-25T00:03:19.293+0000] {logging_mixin.py:137} INFO - [2024-07-25T00:03:19.293+0000] {dagbag.py:538} INFO - Filling up the DagBag from /opt/airflow/dags/examplo_dag_run_operator1.py
[2024-07-25T00:03:19.317+0000] {processor.py:753} INFO - DAG(s) dict_keys(['examplo_dag_run_operator1']) retrieved from /opt/airflow/dags/examplo_dag_run_operator1.py
[2024-07-25T00:03:19.339+0000] {logging_mixin.py:137} INFO - [2024-07-25T00:03:19.339+0000] {dag.py:2690} INFO - Sync 1 DAGs
[2024-07-25T00:03:19.354+0000] {logging_mixin.py:137} INFO - [2024-07-25T00:03:19.354+0000] {dag.py:3441} INFO - Setting next_dagrun for examplo_dag_run_operator1 to None, run_after=None
[2024-07-25T00:03:19.368+0000] {processor.py:175} INFO - Processing /opt/airflow/dags/examplo_dag_run_operator1.py took 0.083 seconds
[2024-07-25T00:03:24.755+0000] {processor.py:153} INFO - Started process (PID=93907) to work on /opt/airflow/dags/examplo_dag_run_operator1.py
[2024-07-25T00:03:24.756+0000] {processor.py:743} INFO - Processing file /opt/airflow/dags/examplo_dag_run_operator1.py for tasks to queue
[2024-07-25T00:03:24.757+0000] {logging_mixin.py:137} INFO - [2024-07-25T00:03:24.757+0000] {dagbag.py:538} INFO - Filling up the DagBag from /opt/airflow/dags/examplo_dag_run_operator1.py
[2024-07-25T00:03:24.784+0000] {processor.py:753} INFO - DAG(s) dict_keys(['examplo_dag_run_operator1']) retrieved from /opt/airflow/dags/examplo_dag_run_operator1.py
[2024-07-25T00:03:24.808+0000] {logging_mixin.py:137} INFO - [2024-07-25T00:03:24.807+0000] {dag.py:2690} INFO - Sync 1 DAGs
[2024-07-25T00:03:24.828+0000] {logging_mixin.py:137} INFO - [2024-07-25T00:03:24.828+0000] {dag.py:3441} INFO - Setting next_dagrun for examplo_dag_run_operator1 to None, run_after=None
[2024-07-25T00:03:24.846+0000] {processor.py:175} INFO - Processing /opt/airflow/dags/examplo_dag_run_operator1.py took 0.095 seconds
[2024-07-25T00:03:30.282+0000] {processor.py:153} INFO - Started process (PID=93934) to work on /opt/airflow/dags/examplo_dag_run_operator1.py
[2024-07-25T00:03:30.285+0000] {processor.py:743} INFO - Processing file /opt/airflow/dags/examplo_dag_run_operator1.py for tasks to queue
[2024-07-25T00:03:30.286+0000] {logging_mixin.py:137} INFO - [2024-07-25T00:03:30.286+0000] {dagbag.py:538} INFO - Filling up the DagBag from /opt/airflow/dags/examplo_dag_run_operator1.py
[2024-07-25T00:03:30.305+0000] {processor.py:753} INFO - DAG(s) dict_keys(['examplo_dag_run_operator1']) retrieved from /opt/airflow/dags/examplo_dag_run_operator1.py
[2024-07-25T00:03:30.322+0000] {logging_mixin.py:137} INFO - [2024-07-25T00:03:30.322+0000] {dag.py:2690} INFO - Sync 1 DAGs
[2024-07-25T00:03:30.336+0000] {logging_mixin.py:137} INFO - [2024-07-25T00:03:30.336+0000] {dag.py:3441} INFO - Setting next_dagrun for examplo_dag_run_operator1 to None, run_after=None
[2024-07-25T00:03:30.350+0000] {processor.py:175} INFO - Processing /opt/airflow/dags/examplo_dag_run_operator1.py took 0.073 seconds
[2024-07-25T00:03:35.749+0000] {processor.py:153} INFO - Started process (PID=93945) to work on /opt/airflow/dags/examplo_dag_run_operator1.py
[2024-07-25T00:03:35.750+0000] {processor.py:743} INFO - Processing file /opt/airflow/dags/examplo_dag_run_operator1.py for tasks to queue
[2024-07-25T00:03:35.752+0000] {logging_mixin.py:137} INFO - [2024-07-25T00:03:35.751+0000] {dagbag.py:538} INFO - Filling up the DagBag from /opt/airflow/dags/examplo_dag_run_operator1.py
[2024-07-25T00:03:35.771+0000] {processor.py:753} INFO - DAG(s) dict_keys(['examplo_dag_run_operator1']) retrieved from /opt/airflow/dags/examplo_dag_run_operator1.py
[2024-07-25T00:03:35.787+0000] {logging_mixin.py:137} INFO - [2024-07-25T00:03:35.787+0000] {dag.py:2690} INFO - Sync 1 DAGs
[2024-07-25T00:03:35.807+0000] {logging_mixin.py:137} INFO - [2024-07-25T00:03:35.807+0000] {dag.py:3441} INFO - Setting next_dagrun for examplo_dag_run_operator1 to None, run_after=None
[2024-07-25T00:03:35.819+0000] {processor.py:175} INFO - Processing /opt/airflow/dags/examplo_dag_run_operator1.py took 0.076 seconds
[2024-07-25T00:03:41.214+0000] {processor.py:153} INFO - Started process (PID=93971) to work on /opt/airflow/dags/examplo_dag_run_operator1.py
[2024-07-25T00:03:41.215+0000] {processor.py:743} INFO - Processing file /opt/airflow/dags/examplo_dag_run_operator1.py for tasks to queue
[2024-07-25T00:03:41.216+0000] {logging_mixin.py:137} INFO - [2024-07-25T00:03:41.216+0000] {dagbag.py:538} INFO - Filling up the DagBag from /opt/airflow/dags/examplo_dag_run_operator1.py
[2024-07-25T00:03:41.230+0000] {processor.py:753} INFO - DAG(s) dict_keys(['examplo_dag_run_operator1']) retrieved from /opt/airflow/dags/examplo_dag_run_operator1.py
[2024-07-25T00:03:41.246+0000] {logging_mixin.py:137} INFO - [2024-07-25T00:03:41.246+0000] {dag.py:2690} INFO - Sync 1 DAGs
[2024-07-25T00:03:41.261+0000] {logging_mixin.py:137} INFO - [2024-07-25T00:03:41.261+0000] {dag.py:3441} INFO - Setting next_dagrun for examplo_dag_run_operator1 to None, run_after=None
[2024-07-25T00:03:41.274+0000] {processor.py:175} INFO - Processing /opt/airflow/dags/examplo_dag_run_operator1.py took 0.063 seconds
[2024-07-25T00:03:46.780+0000] {processor.py:153} INFO - Started process (PID=93982) to work on /opt/airflow/dags/examplo_dag_run_operator1.py
[2024-07-25T00:03:46.781+0000] {processor.py:743} INFO - Processing file /opt/airflow/dags/examplo_dag_run_operator1.py for tasks to queue
[2024-07-25T00:03:46.782+0000] {logging_mixin.py:137} INFO - [2024-07-25T00:03:46.782+0000] {dagbag.py:538} INFO - Filling up the DagBag from /opt/airflow/dags/examplo_dag_run_operator1.py
[2024-07-25T00:03:46.809+0000] {processor.py:753} INFO - DAG(s) dict_keys(['examplo_dag_run_operator1']) retrieved from /opt/airflow/dags/examplo_dag_run_operator1.py
[2024-07-25T00:03:46.828+0000] {logging_mixin.py:137} INFO - [2024-07-25T00:03:46.828+0000] {dag.py:2690} INFO - Sync 1 DAGs
[2024-07-25T00:03:46.844+0000] {logging_mixin.py:137} INFO - [2024-07-25T00:03:46.843+0000] {dag.py:3441} INFO - Setting next_dagrun for examplo_dag_run_operator1 to None, run_after=None
[2024-07-25T00:03:46.856+0000] {processor.py:175} INFO - Processing /opt/airflow/dags/examplo_dag_run_operator1.py took 0.084 seconds
[2024-07-25T00:03:52.358+0000] {processor.py:153} INFO - Started process (PID=94009) to work on /opt/airflow/dags/examplo_dag_run_operator1.py
[2024-07-25T00:03:52.364+0000] {processor.py:743} INFO - Processing file /opt/airflow/dags/examplo_dag_run_operator1.py for tasks to queue
[2024-07-25T00:03:52.366+0000] {logging_mixin.py:137} INFO - [2024-07-25T00:03:52.365+0000] {dagbag.py:538} INFO - Filling up the DagBag from /opt/airflow/dags/examplo_dag_run_operator1.py
[2024-07-25T00:03:52.388+0000] {processor.py:753} INFO - DAG(s) dict_keys(['examplo_dag_run_operator1']) retrieved from /opt/airflow/dags/examplo_dag_run_operator1.py
[2024-07-25T00:03:52.425+0000] {logging_mixin.py:137} INFO - [2024-07-25T00:03:52.425+0000] {dag.py:2690} INFO - Sync 1 DAGs
[2024-07-25T00:03:52.456+0000] {logging_mixin.py:137} INFO - [2024-07-25T00:03:52.456+0000] {dag.py:3441} INFO - Setting next_dagrun for examplo_dag_run_operator1 to None, run_after=None
[2024-07-25T00:03:52.477+0000] {processor.py:175} INFO - Processing /opt/airflow/dags/examplo_dag_run_operator1.py took 0.127 seconds
