[2024-07-25T00:10:36.327+0000] {processor.py:153} INFO - Started process (PID=95406) to work on /opt/airflow/dags/exemplo_run_dag_operator_2.py
[2024-07-25T00:10:36.329+0000] {processor.py:743} INFO - Processing file /opt/airflow/dags/exemplo_run_dag_operator_2.py for tasks to queue
[2024-07-25T00:10:36.330+0000] {logging_mixin.py:137} INFO - [2024-07-25T00:10:36.330+0000] {dagbag.py:538} INFO - Filling up the DagBag from /opt/airflow/dags/exemplo_run_dag_operator_2.py
[2024-07-25T00:10:36.346+0000] {processor.py:753} INFO - DAG(s) dict_keys(['exemplo_run_dag_operator_2']) retrieved from /opt/airflow/dags/exemplo_run_dag_operator_2.py
[2024-07-25T00:10:36.422+0000] {logging_mixin.py:137} INFO - [2024-07-25T00:10:36.422+0000] {manager.py:504} INFO - Created Permission View: can read on DAG:exemplo_run_dag_operator_2
[2024-07-25T00:10:36.428+0000] {logging_mixin.py:137} INFO - [2024-07-25T00:10:36.428+0000] {manager.py:504} INFO - Created Permission View: can edit on DAG:exemplo_run_dag_operator_2
[2024-07-25T00:10:36.433+0000] {logging_mixin.py:137} INFO - [2024-07-25T00:10:36.433+0000] {manager.py:504} INFO - Created Permission View: can delete on DAG:exemplo_run_dag_operator_2
[2024-07-25T00:10:36.434+0000] {logging_mixin.py:137} INFO - [2024-07-25T00:10:36.434+0000] {dag.py:2690} INFO - Sync 1 DAGs
[2024-07-25T00:10:36.442+0000] {logging_mixin.py:137} INFO - [2024-07-25T00:10:36.442+0000] {dag.py:2711} INFO - Creating ORM DAG for exemplo_run_dag_operator_2
[2024-07-25T00:10:36.450+0000] {logging_mixin.py:137} INFO - [2024-07-25T00:10:36.450+0000] {dag.py:3441} INFO - Setting next_dagrun for exemplo_run_dag_operator_2 to None, run_after=None
[2024-07-25T00:10:36.466+0000] {processor.py:175} INFO - Processing /opt/airflow/dags/exemplo_run_dag_operator_2.py took 0.141 seconds
[2024-07-25T00:10:41.943+0000] {processor.py:153} INFO - Started process (PID=95434) to work on /opt/airflow/dags/exemplo_run_dag_operator_2.py
[2024-07-25T00:10:41.944+0000] {processor.py:743} INFO - Processing file /opt/airflow/dags/exemplo_run_dag_operator_2.py for tasks to queue
[2024-07-25T00:10:41.945+0000] {logging_mixin.py:137} INFO - [2024-07-25T00:10:41.945+0000] {dagbag.py:538} INFO - Filling up the DagBag from /opt/airflow/dags/exemplo_run_dag_operator_2.py
[2024-07-25T00:10:41.964+0000] {processor.py:753} INFO - DAG(s) dict_keys(['exemplo_run_dag_operator_2']) retrieved from /opt/airflow/dags/exemplo_run_dag_operator_2.py
[2024-07-25T00:10:41.973+0000] {logging_mixin.py:137} INFO - [2024-07-25T00:10:41.973+0000] {dag.py:2690} INFO - Sync 1 DAGs
[2024-07-25T00:10:41.987+0000] {logging_mixin.py:137} INFO - [2024-07-25T00:10:41.987+0000] {dag.py:3441} INFO - Setting next_dagrun for exemplo_run_dag_operator_2 to None, run_after=None
[2024-07-25T00:10:42.002+0000] {processor.py:175} INFO - Processing /opt/airflow/dags/exemplo_run_dag_operator_2.py took 0.063 seconds
[2024-07-25T00:10:47.620+0000] {processor.py:153} INFO - Started process (PID=95446) to work on /opt/airflow/dags/exemplo_run_dag_operator_2.py
[2024-07-25T00:10:47.621+0000] {processor.py:743} INFO - Processing file /opt/airflow/dags/exemplo_run_dag_operator_2.py for tasks to queue
[2024-07-25T00:10:47.622+0000] {logging_mixin.py:137} INFO - [2024-07-25T00:10:47.622+0000] {dagbag.py:538} INFO - Filling up the DagBag from /opt/airflow/dags/exemplo_run_dag_operator_2.py
[2024-07-25T00:10:47.641+0000] {processor.py:753} INFO - DAG(s) dict_keys(['exemplo_run_dag_operator_2']) retrieved from /opt/airflow/dags/exemplo_run_dag_operator_2.py
[2024-07-25T00:10:47.656+0000] {logging_mixin.py:137} INFO - [2024-07-25T00:10:47.656+0000] {dag.py:2690} INFO - Sync 1 DAGs
[2024-07-25T00:10:47.675+0000] {logging_mixin.py:137} INFO - [2024-07-25T00:10:47.675+0000] {dag.py:3441} INFO - Setting next_dagrun for exemplo_run_dag_operator_2 to None, run_after=None
[2024-07-25T00:10:47.689+0000] {processor.py:175} INFO - Processing /opt/airflow/dags/exemplo_run_dag_operator_2.py took 0.073 seconds
[2024-07-25T00:10:53.084+0000] {processor.py:153} INFO - Started process (PID=95473) to work on /opt/airflow/dags/exemplo_run_dag_operator_2.py
[2024-07-25T00:10:53.086+0000] {processor.py:743} INFO - Processing file /opt/airflow/dags/exemplo_run_dag_operator_2.py for tasks to queue
[2024-07-25T00:10:53.087+0000] {logging_mixin.py:137} INFO - [2024-07-25T00:10:53.086+0000] {dagbag.py:538} INFO - Filling up the DagBag from /opt/airflow/dags/exemplo_run_dag_operator_2.py
[2024-07-25T00:10:53.107+0000] {processor.py:753} INFO - DAG(s) dict_keys(['exemplo_run_dag_operator_2']) retrieved from /opt/airflow/dags/exemplo_run_dag_operator_2.py
[2024-07-25T00:10:53.120+0000] {logging_mixin.py:137} INFO - [2024-07-25T00:10:53.120+0000] {dag.py:2690} INFO - Sync 1 DAGs
[2024-07-25T00:10:53.135+0000] {logging_mixin.py:137} INFO - [2024-07-25T00:10:53.135+0000] {dag.py:3441} INFO - Setting next_dagrun for exemplo_run_dag_operator_2 to None, run_after=None
[2024-07-25T00:10:53.145+0000] {processor.py:175} INFO - Processing /opt/airflow/dags/exemplo_run_dag_operator_2.py took 0.065 seconds
[2024-07-25T00:10:58.756+0000] {processor.py:153} INFO - Started process (PID=95485) to work on /opt/airflow/dags/exemplo_run_dag_operator_2.py
[2024-07-25T00:10:58.757+0000] {processor.py:743} INFO - Processing file /opt/airflow/dags/exemplo_run_dag_operator_2.py for tasks to queue
[2024-07-25T00:10:58.758+0000] {logging_mixin.py:137} INFO - [2024-07-25T00:10:58.757+0000] {dagbag.py:538} INFO - Filling up the DagBag from /opt/airflow/dags/exemplo_run_dag_operator_2.py
[2024-07-25T00:10:58.773+0000] {processor.py:753} INFO - DAG(s) dict_keys(['exemplo_run_dag_operator_2']) retrieved from /opt/airflow/dags/exemplo_run_dag_operator_2.py
[2024-07-25T00:10:58.784+0000] {logging_mixin.py:137} INFO - [2024-07-25T00:10:58.784+0000] {dag.py:2690} INFO - Sync 1 DAGs
[2024-07-25T00:10:58.801+0000] {logging_mixin.py:137} INFO - [2024-07-25T00:10:58.801+0000] {dag.py:3441} INFO - Setting next_dagrun for exemplo_run_dag_operator_2 to None, run_after=None
[2024-07-25T00:10:58.813+0000] {processor.py:175} INFO - Processing /opt/airflow/dags/exemplo_run_dag_operator_2.py took 0.060 seconds
[2024-07-25T00:11:04.363+0000] {processor.py:153} INFO - Started process (PID=95513) to work on /opt/airflow/dags/exemplo_run_dag_operator_2.py
[2024-07-25T00:11:04.364+0000] {processor.py:743} INFO - Processing file /opt/airflow/dags/exemplo_run_dag_operator_2.py for tasks to queue
[2024-07-25T00:11:04.364+0000] {logging_mixin.py:137} INFO - [2024-07-25T00:11:04.364+0000] {dagbag.py:538} INFO - Filling up the DagBag from /opt/airflow/dags/exemplo_run_dag_operator_2.py
[2024-07-25T00:11:04.378+0000] {processor.py:753} INFO - DAG(s) dict_keys(['exemplo_run_dag_operator_2']) retrieved from /opt/airflow/dags/exemplo_run_dag_operator_2.py
[2024-07-25T00:11:04.389+0000] {logging_mixin.py:137} INFO - [2024-07-25T00:11:04.389+0000] {dag.py:2690} INFO - Sync 1 DAGs
[2024-07-25T00:11:04.406+0000] {logging_mixin.py:137} INFO - [2024-07-25T00:11:04.406+0000] {dag.py:3441} INFO - Setting next_dagrun for exemplo_run_dag_operator_2 to None, run_after=None
[2024-07-25T00:11:04.422+0000] {processor.py:175} INFO - Processing /opt/airflow/dags/exemplo_run_dag_operator_2.py took 0.062 seconds
[2024-07-25T00:11:09.955+0000] {processor.py:153} INFO - Started process (PID=95525) to work on /opt/airflow/dags/exemplo_run_dag_operator_2.py
[2024-07-25T00:11:09.956+0000] {processor.py:743} INFO - Processing file /opt/airflow/dags/exemplo_run_dag_operator_2.py for tasks to queue
[2024-07-25T00:11:09.957+0000] {logging_mixin.py:137} INFO - [2024-07-25T00:11:09.957+0000] {dagbag.py:538} INFO - Filling up the DagBag from /opt/airflow/dags/exemplo_run_dag_operator_2.py
[2024-07-25T00:11:09.973+0000] {processor.py:753} INFO - DAG(s) dict_keys(['exemplo_run_dag_operator_2']) retrieved from /opt/airflow/dags/exemplo_run_dag_operator_2.py
[2024-07-25T00:11:09.995+0000] {logging_mixin.py:137} INFO - [2024-07-25T00:11:09.995+0000] {dag.py:2690} INFO - Sync 1 DAGs
[2024-07-25T00:11:10.013+0000] {logging_mixin.py:137} INFO - [2024-07-25T00:11:10.013+0000] {dag.py:3441} INFO - Setting next_dagrun for exemplo_run_dag_operator_2 to None, run_after=None
[2024-07-25T00:11:10.024+0000] {processor.py:175} INFO - Processing /opt/airflow/dags/exemplo_run_dag_operator_2.py took 0.072 seconds
[2024-07-25T00:11:15.606+0000] {processor.py:153} INFO - Started process (PID=95552) to work on /opt/airflow/dags/exemplo_run_dag_operator_2.py
[2024-07-25T00:11:15.607+0000] {processor.py:743} INFO - Processing file /opt/airflow/dags/exemplo_run_dag_operator_2.py for tasks to queue
[2024-07-25T00:11:15.608+0000] {logging_mixin.py:137} INFO - [2024-07-25T00:11:15.608+0000] {dagbag.py:538} INFO - Filling up the DagBag from /opt/airflow/dags/exemplo_run_dag_operator_2.py
[2024-07-25T00:11:15.625+0000] {processor.py:753} INFO - DAG(s) dict_keys(['exemplo_run_dag_operator_2']) retrieved from /opt/airflow/dags/exemplo_run_dag_operator_2.py
[2024-07-25T00:11:15.643+0000] {logging_mixin.py:137} INFO - [2024-07-25T00:11:15.643+0000] {dag.py:2690} INFO - Sync 1 DAGs
[2024-07-25T00:11:15.658+0000] {logging_mixin.py:137} INFO - [2024-07-25T00:11:15.657+0000] {dag.py:3441} INFO - Setting next_dagrun for exemplo_run_dag_operator_2 to None, run_after=None
[2024-07-25T00:11:15.667+0000] {processor.py:175} INFO - Processing /opt/airflow/dags/exemplo_run_dag_operator_2.py took 0.064 seconds
[2024-07-25T00:11:21.219+0000] {processor.py:153} INFO - Started process (PID=95564) to work on /opt/airflow/dags/exemplo_run_dag_operator_2.py
[2024-07-25T00:11:21.220+0000] {processor.py:743} INFO - Processing file /opt/airflow/dags/exemplo_run_dag_operator_2.py for tasks to queue
[2024-07-25T00:11:21.221+0000] {logging_mixin.py:137} INFO - [2024-07-25T00:11:21.221+0000] {dagbag.py:538} INFO - Filling up the DagBag from /opt/airflow/dags/exemplo_run_dag_operator_2.py
[2024-07-25T00:11:21.241+0000] {processor.py:753} INFO - DAG(s) dict_keys(['exemplo_run_dag_operator_2']) retrieved from /opt/airflow/dags/exemplo_run_dag_operator_2.py
[2024-07-25T00:11:21.259+0000] {logging_mixin.py:137} INFO - [2024-07-25T00:11:21.259+0000] {dag.py:2690} INFO - Sync 1 DAGs
[2024-07-25T00:11:21.274+0000] {logging_mixin.py:137} INFO - [2024-07-25T00:11:21.274+0000] {dag.py:3441} INFO - Setting next_dagrun for exemplo_run_dag_operator_2 to None, run_after=None
[2024-07-25T00:11:21.286+0000] {processor.py:175} INFO - Processing /opt/airflow/dags/exemplo_run_dag_operator_2.py took 0.072 seconds
[2024-07-25T00:11:26.910+0000] {processor.py:153} INFO - Started process (PID=95592) to work on /opt/airflow/dags/exemplo_run_dag_operator_2.py
[2024-07-25T00:11:26.911+0000] {processor.py:743} INFO - Processing file /opt/airflow/dags/exemplo_run_dag_operator_2.py for tasks to queue
[2024-07-25T00:11:26.912+0000] {logging_mixin.py:137} INFO - [2024-07-25T00:11:26.911+0000] {dagbag.py:538} INFO - Filling up the DagBag from /opt/airflow/dags/exemplo_run_dag_operator_2.py
[2024-07-25T00:11:26.929+0000] {processor.py:753} INFO - DAG(s) dict_keys(['exemplo_run_dag_operator_2']) retrieved from /opt/airflow/dags/exemplo_run_dag_operator_2.py
[2024-07-25T00:11:26.948+0000] {logging_mixin.py:137} INFO - [2024-07-25T00:11:26.948+0000] {dag.py:2690} INFO - Sync 1 DAGs
[2024-07-25T00:11:26.961+0000] {logging_mixin.py:137} INFO - [2024-07-25T00:11:26.961+0000] {dag.py:3441} INFO - Setting next_dagrun for exemplo_run_dag_operator_2 to None, run_after=None
[2024-07-25T00:11:26.970+0000] {processor.py:175} INFO - Processing /opt/airflow/dags/exemplo_run_dag_operator_2.py took 0.064 seconds
[2024-07-25T00:11:32.522+0000] {processor.py:153} INFO - Started process (PID=95605) to work on /opt/airflow/dags/exemplo_run_dag_operator_2.py
[2024-07-25T00:11:32.523+0000] {processor.py:743} INFO - Processing file /opt/airflow/dags/exemplo_run_dag_operator_2.py for tasks to queue
[2024-07-25T00:11:32.524+0000] {logging_mixin.py:137} INFO - [2024-07-25T00:11:32.524+0000] {dagbag.py:538} INFO - Filling up the DagBag from /opt/airflow/dags/exemplo_run_dag_operator_2.py
[2024-07-25T00:11:32.543+0000] {processor.py:753} INFO - DAG(s) dict_keys(['exemplo_run_dag_operator_2']) retrieved from /opt/airflow/dags/exemplo_run_dag_operator_2.py
[2024-07-25T00:11:32.565+0000] {logging_mixin.py:137} INFO - [2024-07-25T00:11:32.564+0000] {dag.py:2690} INFO - Sync 1 DAGs
[2024-07-25T00:11:32.577+0000] {logging_mixin.py:137} INFO - [2024-07-25T00:11:32.577+0000] {dag.py:3441} INFO - Setting next_dagrun for exemplo_run_dag_operator_2 to None, run_after=None
[2024-07-25T00:11:32.586+0000] {processor.py:175} INFO - Processing /opt/airflow/dags/exemplo_run_dag_operator_2.py took 0.069 seconds
[2024-07-25T00:11:38.088+0000] {processor.py:153} INFO - Started process (PID=95633) to work on /opt/airflow/dags/exemplo_run_dag_operator_2.py
[2024-07-25T00:11:38.089+0000] {processor.py:743} INFO - Processing file /opt/airflow/dags/exemplo_run_dag_operator_2.py for tasks to queue
[2024-07-25T00:11:38.090+0000] {logging_mixin.py:137} INFO - [2024-07-25T00:11:38.090+0000] {dagbag.py:538} INFO - Filling up the DagBag from /opt/airflow/dags/exemplo_run_dag_operator_2.py
[2024-07-25T00:11:38.108+0000] {processor.py:753} INFO - DAG(s) dict_keys(['exemplo_run_dag_operator_2']) retrieved from /opt/airflow/dags/exemplo_run_dag_operator_2.py
[2024-07-25T00:11:38.128+0000] {logging_mixin.py:137} INFO - [2024-07-25T00:11:38.128+0000] {dag.py:2690} INFO - Sync 1 DAGs
[2024-07-25T00:11:38.147+0000] {logging_mixin.py:137} INFO - [2024-07-25T00:11:38.147+0000] {dag.py:3441} INFO - Setting next_dagrun for exemplo_run_dag_operator_2 to None, run_after=None
[2024-07-25T00:11:38.159+0000] {processor.py:175} INFO - Processing /opt/airflow/dags/exemplo_run_dag_operator_2.py took 0.075 seconds
[2024-07-25T00:11:43.546+0000] {processor.py:153} INFO - Started process (PID=95645) to work on /opt/airflow/dags/exemplo_run_dag_operator_2.py
[2024-07-25T00:11:43.547+0000] {processor.py:743} INFO - Processing file /opt/airflow/dags/exemplo_run_dag_operator_2.py for tasks to queue
[2024-07-25T00:11:43.547+0000] {logging_mixin.py:137} INFO - [2024-07-25T00:11:43.547+0000] {dagbag.py:538} INFO - Filling up the DagBag from /opt/airflow/dags/exemplo_run_dag_operator_2.py
[2024-07-25T00:11:43.562+0000] {processor.py:753} INFO - DAG(s) dict_keys(['exemplo_run_dag_operator_2']) retrieved from /opt/airflow/dags/exemplo_run_dag_operator_2.py
[2024-07-25T00:11:43.578+0000] {logging_mixin.py:137} INFO - [2024-07-25T00:11:43.577+0000] {dag.py:2690} INFO - Sync 1 DAGs
[2024-07-25T00:11:43.592+0000] {logging_mixin.py:137} INFO - [2024-07-25T00:11:43.592+0000] {dag.py:3441} INFO - Setting next_dagrun for exemplo_run_dag_operator_2 to None, run_after=None
[2024-07-25T00:11:43.602+0000] {processor.py:175} INFO - Processing /opt/airflow/dags/exemplo_run_dag_operator_2.py took 0.060 seconds
[2024-07-25T00:11:49.113+0000] {processor.py:153} INFO - Started process (PID=95673) to work on /opt/airflow/dags/exemplo_run_dag_operator_2.py
[2024-07-25T00:11:49.114+0000] {processor.py:743} INFO - Processing file /opt/airflow/dags/exemplo_run_dag_operator_2.py for tasks to queue
[2024-07-25T00:11:49.115+0000] {logging_mixin.py:137} INFO - [2024-07-25T00:11:49.115+0000] {dagbag.py:538} INFO - Filling up the DagBag from /opt/airflow/dags/exemplo_run_dag_operator_2.py
[2024-07-25T00:11:49.142+0000] {processor.py:753} INFO - DAG(s) dict_keys(['exemplo_run_dag_operator_2']) retrieved from /opt/airflow/dags/exemplo_run_dag_operator_2.py
[2024-07-25T00:11:49.170+0000] {logging_mixin.py:137} INFO - [2024-07-25T00:11:49.170+0000] {dag.py:2690} INFO - Sync 1 DAGs
[2024-07-25T00:11:49.192+0000] {logging_mixin.py:137} INFO - [2024-07-25T00:11:49.192+0000] {dag.py:3441} INFO - Setting next_dagrun for exemplo_run_dag_operator_2 to None, run_after=None
[2024-07-25T00:11:49.205+0000] {processor.py:175} INFO - Processing /opt/airflow/dags/exemplo_run_dag_operator_2.py took 0.096 seconds
[2024-07-25T00:11:54.620+0000] {processor.py:153} INFO - Started process (PID=95685) to work on /opt/airflow/dags/exemplo_run_dag_operator_2.py
[2024-07-25T00:11:54.622+0000] {processor.py:743} INFO - Processing file /opt/airflow/dags/exemplo_run_dag_operator_2.py for tasks to queue
[2024-07-25T00:11:54.623+0000] {logging_mixin.py:137} INFO - [2024-07-25T00:11:54.623+0000] {dagbag.py:538} INFO - Filling up the DagBag from /opt/airflow/dags/exemplo_run_dag_operator_2.py
[2024-07-25T00:11:54.640+0000] {processor.py:753} INFO - DAG(s) dict_keys(['exemplo_run_dag_operator_2']) retrieved from /opt/airflow/dags/exemplo_run_dag_operator_2.py
[2024-07-25T00:11:54.659+0000] {logging_mixin.py:137} INFO - [2024-07-25T00:11:54.659+0000] {dag.py:2690} INFO - Sync 1 DAGs
[2024-07-25T00:11:54.676+0000] {logging_mixin.py:137} INFO - [2024-07-25T00:11:54.675+0000] {dag.py:3441} INFO - Setting next_dagrun for exemplo_run_dag_operator_2 to None, run_after=None
[2024-07-25T00:11:54.688+0000] {processor.py:175} INFO - Processing /opt/airflow/dags/exemplo_run_dag_operator_2.py took 0.071 seconds
[2024-07-25T00:12:00.060+0000] {processor.py:153} INFO - Started process (PID=95713) to work on /opt/airflow/dags/exemplo_run_dag_operator_2.py
[2024-07-25T00:12:00.062+0000] {processor.py:743} INFO - Processing file /opt/airflow/dags/exemplo_run_dag_operator_2.py for tasks to queue
[2024-07-25T00:12:00.064+0000] {logging_mixin.py:137} INFO - [2024-07-25T00:12:00.064+0000] {dagbag.py:538} INFO - Filling up the DagBag from /opt/airflow/dags/exemplo_run_dag_operator_2.py
[2024-07-25T00:12:00.089+0000] {processor.py:753} INFO - DAG(s) dict_keys(['exemplo_run_dag_operator_2']) retrieved from /opt/airflow/dags/exemplo_run_dag_operator_2.py
[2024-07-25T00:12:00.108+0000] {logging_mixin.py:137} INFO - [2024-07-25T00:12:00.108+0000] {dag.py:2690} INFO - Sync 1 DAGs
[2024-07-25T00:12:00.121+0000] {logging_mixin.py:137} INFO - [2024-07-25T00:12:00.121+0000] {dag.py:3441} INFO - Setting next_dagrun for exemplo_run_dag_operator_2 to None, run_after=None
[2024-07-25T00:12:00.129+0000] {processor.py:175} INFO - Processing /opt/airflow/dags/exemplo_run_dag_operator_2.py took 0.073 seconds
[2024-07-25T00:12:05.509+0000] {processor.py:153} INFO - Started process (PID=95725) to work on /opt/airflow/dags/exemplo_run_dag_operator_2.py
[2024-07-25T00:12:05.510+0000] {processor.py:743} INFO - Processing file /opt/airflow/dags/exemplo_run_dag_operator_2.py for tasks to queue
[2024-07-25T00:12:05.511+0000] {logging_mixin.py:137} INFO - [2024-07-25T00:12:05.511+0000] {dagbag.py:538} INFO - Filling up the DagBag from /opt/airflow/dags/exemplo_run_dag_operator_2.py
[2024-07-25T00:12:05.529+0000] {processor.py:753} INFO - DAG(s) dict_keys(['exemplo_run_dag_operator_2']) retrieved from /opt/airflow/dags/exemplo_run_dag_operator_2.py
[2024-07-25T00:12:05.546+0000] {logging_mixin.py:137} INFO - [2024-07-25T00:12:05.546+0000] {dag.py:2690} INFO - Sync 1 DAGs
[2024-07-25T00:12:05.561+0000] {logging_mixin.py:137} INFO - [2024-07-25T00:12:05.561+0000] {dag.py:3441} INFO - Setting next_dagrun for exemplo_run_dag_operator_2 to None, run_after=None
[2024-07-25T00:12:05.570+0000] {processor.py:175} INFO - Processing /opt/airflow/dags/exemplo_run_dag_operator_2.py took 0.066 seconds
[2024-07-25T00:12:10.922+0000] {processor.py:153} INFO - Started process (PID=95753) to work on /opt/airflow/dags/exemplo_run_dag_operator_2.py
[2024-07-25T00:12:10.924+0000] {processor.py:743} INFO - Processing file /opt/airflow/dags/exemplo_run_dag_operator_2.py for tasks to queue
[2024-07-25T00:12:10.925+0000] {logging_mixin.py:137} INFO - [2024-07-25T00:12:10.925+0000] {dagbag.py:538} INFO - Filling up the DagBag from /opt/airflow/dags/exemplo_run_dag_operator_2.py
[2024-07-25T00:12:10.935+0000] {processor.py:753} INFO - DAG(s) dict_keys(['exemplo_run_dag_operator_2']) retrieved from /opt/airflow/dags/exemplo_run_dag_operator_2.py
[2024-07-25T00:12:10.949+0000] {logging_mixin.py:137} INFO - [2024-07-25T00:12:10.949+0000] {dag.py:2690} INFO - Sync 1 DAGs
[2024-07-25T00:12:10.964+0000] {logging_mixin.py:137} INFO - [2024-07-25T00:12:10.963+0000] {dag.py:3441} INFO - Setting next_dagrun for exemplo_run_dag_operator_2 to None, run_after=None
[2024-07-25T00:12:10.973+0000] {processor.py:175} INFO - Processing /opt/airflow/dags/exemplo_run_dag_operator_2.py took 0.053 seconds
[2024-07-25T00:12:16.332+0000] {processor.py:153} INFO - Started process (PID=95765) to work on /opt/airflow/dags/exemplo_run_dag_operator_2.py
[2024-07-25T00:12:16.333+0000] {processor.py:743} INFO - Processing file /opt/airflow/dags/exemplo_run_dag_operator_2.py for tasks to queue
[2024-07-25T00:12:16.334+0000] {logging_mixin.py:137} INFO - [2024-07-25T00:12:16.334+0000] {dagbag.py:538} INFO - Filling up the DagBag from /opt/airflow/dags/exemplo_run_dag_operator_2.py
[2024-07-25T00:12:16.353+0000] {processor.py:753} INFO - DAG(s) dict_keys(['exemplo_run_dag_operator_2']) retrieved from /opt/airflow/dags/exemplo_run_dag_operator_2.py
[2024-07-25T00:12:16.372+0000] {logging_mixin.py:137} INFO - [2024-07-25T00:12:16.372+0000] {dag.py:2690} INFO - Sync 1 DAGs
[2024-07-25T00:12:16.388+0000] {logging_mixin.py:137} INFO - [2024-07-25T00:12:16.388+0000] {dag.py:3441} INFO - Setting next_dagrun for exemplo_run_dag_operator_2 to None, run_after=None
[2024-07-25T00:12:16.402+0000] {processor.py:175} INFO - Processing /opt/airflow/dags/exemplo_run_dag_operator_2.py took 0.073 seconds
[2024-07-25T00:12:21.861+0000] {processor.py:153} INFO - Started process (PID=95792) to work on /opt/airflow/dags/exemplo_run_dag_operator_2.py
[2024-07-25T00:12:21.862+0000] {processor.py:743} INFO - Processing file /opt/airflow/dags/exemplo_run_dag_operator_2.py for tasks to queue
[2024-07-25T00:12:21.862+0000] {logging_mixin.py:137} INFO - [2024-07-25T00:12:21.862+0000] {dagbag.py:538} INFO - Filling up the DagBag from /opt/airflow/dags/exemplo_run_dag_operator_2.py
[2024-07-25T00:12:21.876+0000] {processor.py:753} INFO - DAG(s) dict_keys(['exemplo_run_dag_operator_2']) retrieved from /opt/airflow/dags/exemplo_run_dag_operator_2.py
[2024-07-25T00:12:21.890+0000] {logging_mixin.py:137} INFO - [2024-07-25T00:12:21.890+0000] {dag.py:2690} INFO - Sync 1 DAGs
[2024-07-25T00:12:21.905+0000] {logging_mixin.py:137} INFO - [2024-07-25T00:12:21.904+0000] {dag.py:3441} INFO - Setting next_dagrun for exemplo_run_dag_operator_2 to None, run_after=None
[2024-07-25T00:12:21.914+0000] {processor.py:175} INFO - Processing /opt/airflow/dags/exemplo_run_dag_operator_2.py took 0.055 seconds
[2024-07-25T00:12:27.362+0000] {processor.py:153} INFO - Started process (PID=95804) to work on /opt/airflow/dags/exemplo_run_dag_operator_2.py
[2024-07-25T00:12:27.363+0000] {processor.py:743} INFO - Processing file /opt/airflow/dags/exemplo_run_dag_operator_2.py for tasks to queue
[2024-07-25T00:12:27.364+0000] {logging_mixin.py:137} INFO - [2024-07-25T00:12:27.364+0000] {dagbag.py:538} INFO - Filling up the DagBag from /opt/airflow/dags/exemplo_run_dag_operator_2.py
[2024-07-25T00:12:27.378+0000] {processor.py:753} INFO - DAG(s) dict_keys(['exemplo_run_dag_operator_2']) retrieved from /opt/airflow/dags/exemplo_run_dag_operator_2.py
[2024-07-25T00:12:27.396+0000] {logging_mixin.py:137} INFO - [2024-07-25T00:12:27.396+0000] {dag.py:2690} INFO - Sync 1 DAGs
[2024-07-25T00:12:27.410+0000] {logging_mixin.py:137} INFO - [2024-07-25T00:12:27.410+0000] {dag.py:3441} INFO - Setting next_dagrun for exemplo_run_dag_operator_2 to None, run_after=None
[2024-07-25T00:12:27.420+0000] {processor.py:175} INFO - Processing /opt/airflow/dags/exemplo_run_dag_operator_2.py took 0.061 seconds
[2024-07-25T00:12:32.921+0000] {processor.py:153} INFO - Started process (PID=95833) to work on /opt/airflow/dags/exemplo_run_dag_operator_2.py
[2024-07-25T00:12:32.928+0000] {processor.py:743} INFO - Processing file /opt/airflow/dags/exemplo_run_dag_operator_2.py for tasks to queue
[2024-07-25T00:12:32.932+0000] {logging_mixin.py:137} INFO - [2024-07-25T00:12:32.932+0000] {dagbag.py:538} INFO - Filling up the DagBag from /opt/airflow/dags/exemplo_run_dag_operator_2.py
[2024-07-25T00:12:32.964+0000] {processor.py:753} INFO - DAG(s) dict_keys(['exemplo_run_dag_operator_2']) retrieved from /opt/airflow/dags/exemplo_run_dag_operator_2.py
[2024-07-25T00:12:33.052+0000] {logging_mixin.py:137} INFO - [2024-07-25T00:12:33.052+0000] {dag.py:2690} INFO - Sync 1 DAGs
[2024-07-25T00:12:33.086+0000] {logging_mixin.py:137} INFO - [2024-07-25T00:12:33.085+0000] {dag.py:3441} INFO - Setting next_dagrun for exemplo_run_dag_operator_2 to None, run_after=None
[2024-07-25T00:12:33.115+0000] {processor.py:175} INFO - Processing /opt/airflow/dags/exemplo_run_dag_operator_2.py took 0.198 seconds
[2024-07-25T00:12:38.576+0000] {processor.py:153} INFO - Started process (PID=95845) to work on /opt/airflow/dags/exemplo_run_dag_operator_2.py
[2024-07-25T00:12:38.577+0000] {processor.py:743} INFO - Processing file /opt/airflow/dags/exemplo_run_dag_operator_2.py for tasks to queue
[2024-07-25T00:12:38.578+0000] {logging_mixin.py:137} INFO - [2024-07-25T00:12:38.578+0000] {dagbag.py:538} INFO - Filling up the DagBag from /opt/airflow/dags/exemplo_run_dag_operator_2.py
[2024-07-25T00:12:38.595+0000] {processor.py:753} INFO - DAG(s) dict_keys(['exemplo_run_dag_operator_2']) retrieved from /opt/airflow/dags/exemplo_run_dag_operator_2.py
[2024-07-25T00:12:38.613+0000] {logging_mixin.py:137} INFO - [2024-07-25T00:12:38.613+0000] {dag.py:2690} INFO - Sync 1 DAGs
[2024-07-25T00:12:38.629+0000] {logging_mixin.py:137} INFO - [2024-07-25T00:12:38.629+0000] {dag.py:3441} INFO - Setting next_dagrun for exemplo_run_dag_operator_2 to None, run_after=None
[2024-07-25T00:12:38.645+0000] {processor.py:175} INFO - Processing /opt/airflow/dags/exemplo_run_dag_operator_2.py took 0.073 seconds
[2024-07-25T00:12:44.055+0000] {processor.py:153} INFO - Started process (PID=95873) to work on /opt/airflow/dags/exemplo_run_dag_operator_2.py
[2024-07-25T00:12:44.058+0000] {processor.py:743} INFO - Processing file /opt/airflow/dags/exemplo_run_dag_operator_2.py for tasks to queue
[2024-07-25T00:12:44.059+0000] {logging_mixin.py:137} INFO - [2024-07-25T00:12:44.059+0000] {dagbag.py:538} INFO - Filling up the DagBag from /opt/airflow/dags/exemplo_run_dag_operator_2.py
[2024-07-25T00:12:44.082+0000] {processor.py:753} INFO - DAG(s) dict_keys(['exemplo_run_dag_operator_2']) retrieved from /opt/airflow/dags/exemplo_run_dag_operator_2.py
[2024-07-25T00:12:44.107+0000] {logging_mixin.py:137} INFO - [2024-07-25T00:12:44.107+0000] {dag.py:2690} INFO - Sync 1 DAGs
[2024-07-25T00:12:44.126+0000] {logging_mixin.py:137} INFO - [2024-07-25T00:12:44.125+0000] {dag.py:3441} INFO - Setting next_dagrun for exemplo_run_dag_operator_2 to None, run_after=None
[2024-07-25T00:12:44.143+0000] {processor.py:175} INFO - Processing /opt/airflow/dags/exemplo_run_dag_operator_2.py took 0.103 seconds
[2024-07-25T00:12:49.472+0000] {processor.py:153} INFO - Started process (PID=95885) to work on /opt/airflow/dags/exemplo_run_dag_operator_2.py
[2024-07-25T00:12:49.473+0000] {processor.py:743} INFO - Processing file /opt/airflow/dags/exemplo_run_dag_operator_2.py for tasks to queue
[2024-07-25T00:12:49.473+0000] {logging_mixin.py:137} INFO - [2024-07-25T00:12:49.473+0000] {dagbag.py:538} INFO - Filling up the DagBag from /opt/airflow/dags/exemplo_run_dag_operator_2.py
[2024-07-25T00:12:49.491+0000] {processor.py:753} INFO - DAG(s) dict_keys(['exemplo_run_dag_operator_2']) retrieved from /opt/airflow/dags/exemplo_run_dag_operator_2.py
[2024-07-25T00:12:49.510+0000] {logging_mixin.py:137} INFO - [2024-07-25T00:12:49.510+0000] {dag.py:2690} INFO - Sync 1 DAGs
[2024-07-25T00:12:49.524+0000] {logging_mixin.py:137} INFO - [2024-07-25T00:12:49.524+0000] {dag.py:3441} INFO - Setting next_dagrun for exemplo_run_dag_operator_2 to None, run_after=None
[2024-07-25T00:12:49.534+0000] {processor.py:175} INFO - Processing /opt/airflow/dags/exemplo_run_dag_operator_2.py took 0.066 seconds
[2024-07-25T00:12:54.827+0000] {processor.py:153} INFO - Started process (PID=95897) to work on /opt/airflow/dags/exemplo_run_dag_operator_2.py
[2024-07-25T00:12:54.827+0000] {processor.py:743} INFO - Processing file /opt/airflow/dags/exemplo_run_dag_operator_2.py for tasks to queue
[2024-07-25T00:12:54.827+0000] {logging_mixin.py:137} INFO - [2024-07-25T00:12:54.827+0000] {dagbag.py:538} INFO - Filling up the DagBag from /opt/airflow/dags/exemplo_run_dag_operator_2.py
[2024-07-25T00:12:54.841+0000] {processor.py:753} INFO - DAG(s) dict_keys(['exemplo_run_dag_operator_2']) retrieved from /opt/airflow/dags/exemplo_run_dag_operator_2.py
[2024-07-25T00:12:54.858+0000] {logging_mixin.py:137} INFO - [2024-07-25T00:12:54.858+0000] {dag.py:2690} INFO - Sync 1 DAGs
[2024-07-25T00:12:54.871+0000] {logging_mixin.py:137} INFO - [2024-07-25T00:12:54.871+0000] {dag.py:3441} INFO - Setting next_dagrun for exemplo_run_dag_operator_2 to None, run_after=None
[2024-07-25T00:12:54.884+0000] {processor.py:175} INFO - Processing /opt/airflow/dags/exemplo_run_dag_operator_2.py took 0.059 seconds
[2024-07-25T00:13:00.230+0000] {processor.py:153} INFO - Started process (PID=95925) to work on /opt/airflow/dags/exemplo_run_dag_operator_2.py
[2024-07-25T00:13:00.230+0000] {processor.py:743} INFO - Processing file /opt/airflow/dags/exemplo_run_dag_operator_2.py for tasks to queue
[2024-07-25T00:13:00.231+0000] {logging_mixin.py:137} INFO - [2024-07-25T00:13:00.231+0000] {dagbag.py:538} INFO - Filling up the DagBag from /opt/airflow/dags/exemplo_run_dag_operator_2.py
[2024-07-25T00:13:00.250+0000] {processor.py:753} INFO - DAG(s) dict_keys(['exemplo_run_dag_operator_2']) retrieved from /opt/airflow/dags/exemplo_run_dag_operator_2.py
[2024-07-25T00:13:00.267+0000] {logging_mixin.py:137} INFO - [2024-07-25T00:13:00.267+0000] {dag.py:2690} INFO - Sync 1 DAGs
[2024-07-25T00:13:00.282+0000] {logging_mixin.py:137} INFO - [2024-07-25T00:13:00.282+0000] {dag.py:3441} INFO - Setting next_dagrun for exemplo_run_dag_operator_2 to None, run_after=None
[2024-07-25T00:13:00.294+0000] {processor.py:175} INFO - Processing /opt/airflow/dags/exemplo_run_dag_operator_2.py took 0.068 seconds
[2024-07-25T00:13:05.673+0000] {processor.py:153} INFO - Started process (PID=95937) to work on /opt/airflow/dags/exemplo_run_dag_operator_2.py
[2024-07-25T00:13:05.677+0000] {processor.py:743} INFO - Processing file /opt/airflow/dags/exemplo_run_dag_operator_2.py for tasks to queue
[2024-07-25T00:13:05.680+0000] {logging_mixin.py:137} INFO - [2024-07-25T00:13:05.680+0000] {dagbag.py:538} INFO - Filling up the DagBag from /opt/airflow/dags/exemplo_run_dag_operator_2.py
[2024-07-25T00:13:05.691+0000] {processor.py:753} INFO - DAG(s) dict_keys(['exemplo_run_dag_operator_2']) retrieved from /opt/airflow/dags/exemplo_run_dag_operator_2.py
[2024-07-25T00:13:05.705+0000] {logging_mixin.py:137} INFO - [2024-07-25T00:13:05.705+0000] {dag.py:2690} INFO - Sync 1 DAGs
[2024-07-25T00:13:05.722+0000] {logging_mixin.py:137} INFO - [2024-07-25T00:13:05.722+0000] {dag.py:3441} INFO - Setting next_dagrun for exemplo_run_dag_operator_2 to None, run_after=None
[2024-07-25T00:13:05.734+0000] {processor.py:175} INFO - Processing /opt/airflow/dags/exemplo_run_dag_operator_2.py took 0.064 seconds
[2024-07-25T00:13:11.048+0000] {processor.py:153} INFO - Started process (PID=95965) to work on /opt/airflow/dags/exemplo_run_dag_operator_2.py
[2024-07-25T00:13:11.050+0000] {processor.py:743} INFO - Processing file /opt/airflow/dags/exemplo_run_dag_operator_2.py for tasks to queue
[2024-07-25T00:13:11.050+0000] {logging_mixin.py:137} INFO - [2024-07-25T00:13:11.050+0000] {dagbag.py:538} INFO - Filling up the DagBag from /opt/airflow/dags/exemplo_run_dag_operator_2.py
[2024-07-25T00:13:11.069+0000] {processor.py:753} INFO - DAG(s) dict_keys(['exemplo_run_dag_operator_2']) retrieved from /opt/airflow/dags/exemplo_run_dag_operator_2.py
[2024-07-25T00:13:11.086+0000] {logging_mixin.py:137} INFO - [2024-07-25T00:13:11.086+0000] {dag.py:2690} INFO - Sync 1 DAGs
[2024-07-25T00:13:11.100+0000] {logging_mixin.py:137} INFO - [2024-07-25T00:13:11.100+0000] {dag.py:3441} INFO - Setting next_dagrun for exemplo_run_dag_operator_2 to None, run_after=None
[2024-07-25T00:13:11.115+0000] {processor.py:175} INFO - Processing /opt/airflow/dags/exemplo_run_dag_operator_2.py took 0.070 seconds
[2024-07-25T00:13:16.546+0000] {processor.py:153} INFO - Started process (PID=95977) to work on /opt/airflow/dags/exemplo_run_dag_operator_2.py
[2024-07-25T00:13:16.547+0000] {processor.py:743} INFO - Processing file /opt/airflow/dags/exemplo_run_dag_operator_2.py for tasks to queue
[2024-07-25T00:13:16.548+0000] {logging_mixin.py:137} INFO - [2024-07-25T00:13:16.548+0000] {dagbag.py:538} INFO - Filling up the DagBag from /opt/airflow/dags/exemplo_run_dag_operator_2.py
[2024-07-25T00:13:16.574+0000] {processor.py:753} INFO - DAG(s) dict_keys(['exemplo_run_dag_operator_2']) retrieved from /opt/airflow/dags/exemplo_run_dag_operator_2.py
[2024-07-25T00:13:16.591+0000] {logging_mixin.py:137} INFO - [2024-07-25T00:13:16.591+0000] {dag.py:2690} INFO - Sync 1 DAGs
[2024-07-25T00:13:16.604+0000] {logging_mixin.py:137} INFO - [2024-07-25T00:13:16.604+0000] {dag.py:3441} INFO - Setting next_dagrun for exemplo_run_dag_operator_2 to None, run_after=None
[2024-07-25T00:13:16.618+0000] {processor.py:175} INFO - Processing /opt/airflow/dags/exemplo_run_dag_operator_2.py took 0.075 seconds
[2024-07-25T00:13:21.885+0000] {processor.py:153} INFO - Started process (PID=96005) to work on /opt/airflow/dags/exemplo_run_dag_operator_2.py
[2024-07-25T00:13:21.888+0000] {processor.py:743} INFO - Processing file /opt/airflow/dags/exemplo_run_dag_operator_2.py for tasks to queue
[2024-07-25T00:13:21.889+0000] {logging_mixin.py:137} INFO - [2024-07-25T00:13:21.889+0000] {dagbag.py:538} INFO - Filling up the DagBag from /opt/airflow/dags/exemplo_run_dag_operator_2.py
[2024-07-25T00:13:21.906+0000] {processor.py:753} INFO - DAG(s) dict_keys(['exemplo_run_dag_operator_2']) retrieved from /opt/airflow/dags/exemplo_run_dag_operator_2.py
[2024-07-25T00:13:21.925+0000] {logging_mixin.py:137} INFO - [2024-07-25T00:13:21.925+0000] {dag.py:2690} INFO - Sync 1 DAGs
[2024-07-25T00:13:21.939+0000] {logging_mixin.py:137} INFO - [2024-07-25T00:13:21.939+0000] {dag.py:3441} INFO - Setting next_dagrun for exemplo_run_dag_operator_2 to None, run_after=None
[2024-07-25T00:13:21.960+0000] {processor.py:175} INFO - Processing /opt/airflow/dags/exemplo_run_dag_operator_2.py took 0.077 seconds
[2024-07-25T00:13:27.403+0000] {processor.py:153} INFO - Started process (PID=96017) to work on /opt/airflow/dags/exemplo_run_dag_operator_2.py
[2024-07-25T00:13:27.405+0000] {processor.py:743} INFO - Processing file /opt/airflow/dags/exemplo_run_dag_operator_2.py for tasks to queue
[2024-07-25T00:13:27.406+0000] {logging_mixin.py:137} INFO - [2024-07-25T00:13:27.406+0000] {dagbag.py:538} INFO - Filling up the DagBag from /opt/airflow/dags/exemplo_run_dag_operator_2.py
[2024-07-25T00:13:27.424+0000] {processor.py:753} INFO - DAG(s) dict_keys(['exemplo_run_dag_operator_2']) retrieved from /opt/airflow/dags/exemplo_run_dag_operator_2.py
[2024-07-25T00:13:27.441+0000] {logging_mixin.py:137} INFO - [2024-07-25T00:13:27.441+0000] {dag.py:2690} INFO - Sync 1 DAGs
[2024-07-25T00:13:27.456+0000] {logging_mixin.py:137} INFO - [2024-07-25T00:13:27.456+0000] {dag.py:3441} INFO - Setting next_dagrun for exemplo_run_dag_operator_2 to None, run_after=None
[2024-07-25T00:13:27.471+0000] {processor.py:175} INFO - Processing /opt/airflow/dags/exemplo_run_dag_operator_2.py took 0.071 seconds
[2024-07-25T00:13:32.873+0000] {processor.py:153} INFO - Started process (PID=96045) to work on /opt/airflow/dags/exemplo_run_dag_operator_2.py
[2024-07-25T00:13:32.874+0000] {processor.py:743} INFO - Processing file /opt/airflow/dags/exemplo_run_dag_operator_2.py for tasks to queue
[2024-07-25T00:13:32.874+0000] {logging_mixin.py:137} INFO - [2024-07-25T00:13:32.874+0000] {dagbag.py:538} INFO - Filling up the DagBag from /opt/airflow/dags/exemplo_run_dag_operator_2.py
[2024-07-25T00:13:32.889+0000] {processor.py:753} INFO - DAG(s) dict_keys(['exemplo_run_dag_operator_2']) retrieved from /opt/airflow/dags/exemplo_run_dag_operator_2.py
[2024-07-25T00:13:32.906+0000] {logging_mixin.py:137} INFO - [2024-07-25T00:13:32.906+0000] {dag.py:2690} INFO - Sync 1 DAGs
[2024-07-25T00:13:32.924+0000] {logging_mixin.py:137} INFO - [2024-07-25T00:13:32.923+0000] {dag.py:3441} INFO - Setting next_dagrun for exemplo_run_dag_operator_2 to None, run_after=None
[2024-07-25T00:13:32.939+0000] {processor.py:175} INFO - Processing /opt/airflow/dags/exemplo_run_dag_operator_2.py took 0.067 seconds
[2024-07-25T00:13:38.394+0000] {processor.py:153} INFO - Started process (PID=96057) to work on /opt/airflow/dags/exemplo_run_dag_operator_2.py
[2024-07-25T00:13:38.395+0000] {processor.py:743} INFO - Processing file /opt/airflow/dags/exemplo_run_dag_operator_2.py for tasks to queue
[2024-07-25T00:13:38.400+0000] {logging_mixin.py:137} INFO - [2024-07-25T00:13:38.399+0000] {dagbag.py:538} INFO - Filling up the DagBag from /opt/airflow/dags/exemplo_run_dag_operator_2.py
[2024-07-25T00:13:38.421+0000] {processor.py:753} INFO - DAG(s) dict_keys(['exemplo_run_dag_operator_2']) retrieved from /opt/airflow/dags/exemplo_run_dag_operator_2.py
[2024-07-25T00:13:38.439+0000] {logging_mixin.py:137} INFO - [2024-07-25T00:13:38.439+0000] {dag.py:2690} INFO - Sync 1 DAGs
[2024-07-25T00:13:38.457+0000] {logging_mixin.py:137} INFO - [2024-07-25T00:13:38.457+0000] {dag.py:3441} INFO - Setting next_dagrun for exemplo_run_dag_operator_2 to None, run_after=None
[2024-07-25T00:13:38.471+0000] {processor.py:175} INFO - Processing /opt/airflow/dags/exemplo_run_dag_operator_2.py took 0.081 seconds
[2024-07-25T00:13:43.860+0000] {processor.py:153} INFO - Started process (PID=96085) to work on /opt/airflow/dags/exemplo_run_dag_operator_2.py
[2024-07-25T00:13:43.861+0000] {processor.py:743} INFO - Processing file /opt/airflow/dags/exemplo_run_dag_operator_2.py for tasks to queue
[2024-07-25T00:13:43.862+0000] {logging_mixin.py:137} INFO - [2024-07-25T00:13:43.862+0000] {dagbag.py:538} INFO - Filling up the DagBag from /opt/airflow/dags/exemplo_run_dag_operator_2.py
[2024-07-25T00:13:43.882+0000] {processor.py:753} INFO - DAG(s) dict_keys(['exemplo_run_dag_operator_2']) retrieved from /opt/airflow/dags/exemplo_run_dag_operator_2.py
[2024-07-25T00:13:43.903+0000] {logging_mixin.py:137} INFO - [2024-07-25T00:13:43.903+0000] {dag.py:2690} INFO - Sync 1 DAGs
[2024-07-25T00:13:43.920+0000] {logging_mixin.py:137} INFO - [2024-07-25T00:13:43.920+0000] {dag.py:3441} INFO - Setting next_dagrun for exemplo_run_dag_operator_2 to None, run_after=None
[2024-07-25T00:13:43.935+0000] {processor.py:175} INFO - Processing /opt/airflow/dags/exemplo_run_dag_operator_2.py took 0.078 seconds
[2024-07-25T00:13:49.356+0000] {processor.py:153} INFO - Started process (PID=96097) to work on /opt/airflow/dags/exemplo_run_dag_operator_2.py
[2024-07-25T00:13:49.357+0000] {processor.py:743} INFO - Processing file /opt/airflow/dags/exemplo_run_dag_operator_2.py for tasks to queue
[2024-07-25T00:13:49.358+0000] {logging_mixin.py:137} INFO - [2024-07-25T00:13:49.358+0000] {dagbag.py:538} INFO - Filling up the DagBag from /opt/airflow/dags/exemplo_run_dag_operator_2.py
[2024-07-25T00:13:49.378+0000] {processor.py:753} INFO - DAG(s) dict_keys(['exemplo_run_dag_operator_2']) retrieved from /opt/airflow/dags/exemplo_run_dag_operator_2.py
[2024-07-25T00:13:49.397+0000] {logging_mixin.py:137} INFO - [2024-07-25T00:13:49.397+0000] {dag.py:2690} INFO - Sync 1 DAGs
[2024-07-25T00:13:49.410+0000] {logging_mixin.py:137} INFO - [2024-07-25T00:13:49.410+0000] {dag.py:3441} INFO - Setting next_dagrun for exemplo_run_dag_operator_2 to None, run_after=None
[2024-07-25T00:13:49.422+0000] {processor.py:175} INFO - Processing /opt/airflow/dags/exemplo_run_dag_operator_2.py took 0.071 seconds
[2024-07-25T00:13:54.959+0000] {processor.py:153} INFO - Started process (PID=96125) to work on /opt/airflow/dags/exemplo_run_dag_operator_2.py
[2024-07-25T00:13:54.960+0000] {processor.py:743} INFO - Processing file /opt/airflow/dags/exemplo_run_dag_operator_2.py for tasks to queue
[2024-07-25T00:13:54.960+0000] {logging_mixin.py:137} INFO - [2024-07-25T00:13:54.960+0000] {dagbag.py:538} INFO - Filling up the DagBag from /opt/airflow/dags/exemplo_run_dag_operator_2.py
[2024-07-25T00:13:54.978+0000] {processor.py:753} INFO - DAG(s) dict_keys(['exemplo_run_dag_operator_2']) retrieved from /opt/airflow/dags/exemplo_run_dag_operator_2.py
[2024-07-25T00:13:54.999+0000] {logging_mixin.py:137} INFO - [2024-07-25T00:13:54.998+0000] {dag.py:2690} INFO - Sync 1 DAGs
[2024-07-25T00:13:55.014+0000] {logging_mixin.py:137} INFO - [2024-07-25T00:13:55.014+0000] {dag.py:3441} INFO - Setting next_dagrun for exemplo_run_dag_operator_2 to None, run_after=None
[2024-07-25T00:13:55.030+0000] {processor.py:175} INFO - Processing /opt/airflow/dags/exemplo_run_dag_operator_2.py took 0.073 seconds
[2024-07-25T00:14:00.432+0000] {processor.py:153} INFO - Started process (PID=96137) to work on /opt/airflow/dags/exemplo_run_dag_operator_2.py
[2024-07-25T00:14:00.434+0000] {processor.py:743} INFO - Processing file /opt/airflow/dags/exemplo_run_dag_operator_2.py for tasks to queue
[2024-07-25T00:14:00.435+0000] {logging_mixin.py:137} INFO - [2024-07-25T00:14:00.435+0000] {dagbag.py:538} INFO - Filling up the DagBag from /opt/airflow/dags/exemplo_run_dag_operator_2.py
[2024-07-25T00:14:00.467+0000] {processor.py:753} INFO - DAG(s) dict_keys(['exemplo_run_dag_operator_2']) retrieved from /opt/airflow/dags/exemplo_run_dag_operator_2.py
[2024-07-25T00:14:00.493+0000] {logging_mixin.py:137} INFO - [2024-07-25T00:14:00.493+0000] {dag.py:2690} INFO - Sync 1 DAGs
[2024-07-25T00:14:00.519+0000] {logging_mixin.py:137} INFO - [2024-07-25T00:14:00.519+0000] {dag.py:3441} INFO - Setting next_dagrun for exemplo_run_dag_operator_2 to None, run_after=None
[2024-07-25T00:14:00.545+0000] {processor.py:175} INFO - Processing /opt/airflow/dags/exemplo_run_dag_operator_2.py took 0.119 seconds
[2024-07-25T00:14:06.146+0000] {processor.py:153} INFO - Started process (PID=96165) to work on /opt/airflow/dags/exemplo_run_dag_operator_2.py
[2024-07-25T00:14:06.150+0000] {processor.py:743} INFO - Processing file /opt/airflow/dags/exemplo_run_dag_operator_2.py for tasks to queue
[2024-07-25T00:14:06.153+0000] {logging_mixin.py:137} INFO - [2024-07-25T00:14:06.153+0000] {dagbag.py:538} INFO - Filling up the DagBag from /opt/airflow/dags/exemplo_run_dag_operator_2.py
[2024-07-25T00:14:06.170+0000] {processor.py:753} INFO - DAG(s) dict_keys(['exemplo_run_dag_operator_2']) retrieved from /opt/airflow/dags/exemplo_run_dag_operator_2.py
[2024-07-25T00:14:06.188+0000] {logging_mixin.py:137} INFO - [2024-07-25T00:14:06.187+0000] {dag.py:2690} INFO - Sync 1 DAGs
[2024-07-25T00:14:06.203+0000] {logging_mixin.py:137} INFO - [2024-07-25T00:14:06.203+0000] {dag.py:3441} INFO - Setting next_dagrun for exemplo_run_dag_operator_2 to None, run_after=None
[2024-07-25T00:14:06.220+0000] {processor.py:175} INFO - Processing /opt/airflow/dags/exemplo_run_dag_operator_2.py took 0.077 seconds
[2024-07-25T00:14:11.694+0000] {processor.py:153} INFO - Started process (PID=96177) to work on /opt/airflow/dags/exemplo_run_dag_operator_2.py
[2024-07-25T00:14:11.697+0000] {processor.py:743} INFO - Processing file /opt/airflow/dags/exemplo_run_dag_operator_2.py for tasks to queue
[2024-07-25T00:14:11.701+0000] {logging_mixin.py:137} INFO - [2024-07-25T00:14:11.701+0000] {dagbag.py:538} INFO - Filling up the DagBag from /opt/airflow/dags/exemplo_run_dag_operator_2.py
[2024-07-25T00:14:11.718+0000] {processor.py:753} INFO - DAG(s) dict_keys(['exemplo_run_dag_operator_2']) retrieved from /opt/airflow/dags/exemplo_run_dag_operator_2.py
[2024-07-25T00:14:11.739+0000] {logging_mixin.py:137} INFO - [2024-07-25T00:14:11.738+0000] {dag.py:2690} INFO - Sync 1 DAGs
[2024-07-25T00:14:11.752+0000] {logging_mixin.py:137} INFO - [2024-07-25T00:14:11.752+0000] {dag.py:3441} INFO - Setting next_dagrun for exemplo_run_dag_operator_2 to None, run_after=None
[2024-07-25T00:14:11.767+0000] {processor.py:175} INFO - Processing /opt/airflow/dags/exemplo_run_dag_operator_2.py took 0.077 seconds
[2024-07-25T00:14:17.218+0000] {processor.py:153} INFO - Started process (PID=96205) to work on /opt/airflow/dags/exemplo_run_dag_operator_2.py
[2024-07-25T00:14:17.219+0000] {processor.py:743} INFO - Processing file /opt/airflow/dags/exemplo_run_dag_operator_2.py for tasks to queue
[2024-07-25T00:14:17.220+0000] {logging_mixin.py:137} INFO - [2024-07-25T00:14:17.219+0000] {dagbag.py:538} INFO - Filling up the DagBag from /opt/airflow/dags/exemplo_run_dag_operator_2.py
[2024-07-25T00:14:17.233+0000] {processor.py:753} INFO - DAG(s) dict_keys(['exemplo_run_dag_operator_2']) retrieved from /opt/airflow/dags/exemplo_run_dag_operator_2.py
[2024-07-25T00:14:17.256+0000] {logging_mixin.py:137} INFO - [2024-07-25T00:14:17.256+0000] {dag.py:2690} INFO - Sync 1 DAGs
[2024-07-25T00:14:17.277+0000] {logging_mixin.py:137} INFO - [2024-07-25T00:14:17.276+0000] {dag.py:3441} INFO - Setting next_dagrun for exemplo_run_dag_operator_2 to None, run_after=None
[2024-07-25T00:14:17.293+0000] {processor.py:175} INFO - Processing /opt/airflow/dags/exemplo_run_dag_operator_2.py took 0.077 seconds
[2024-07-25T00:14:22.765+0000] {processor.py:153} INFO - Started process (PID=96217) to work on /opt/airflow/dags/exemplo_run_dag_operator_2.py
[2024-07-25T00:14:22.767+0000] {processor.py:743} INFO - Processing file /opt/airflow/dags/exemplo_run_dag_operator_2.py for tasks to queue
[2024-07-25T00:14:22.769+0000] {logging_mixin.py:137} INFO - [2024-07-25T00:14:22.769+0000] {dagbag.py:538} INFO - Filling up the DagBag from /opt/airflow/dags/exemplo_run_dag_operator_2.py
[2024-07-25T00:14:22.797+0000] {processor.py:753} INFO - DAG(s) dict_keys(['exemplo_run_dag_operator_2']) retrieved from /opt/airflow/dags/exemplo_run_dag_operator_2.py
[2024-07-25T00:14:22.815+0000] {logging_mixin.py:137} INFO - [2024-07-25T00:14:22.815+0000] {dag.py:2690} INFO - Sync 1 DAGs
[2024-07-25T00:14:22.832+0000] {logging_mixin.py:137} INFO - [2024-07-25T00:14:22.832+0000] {dag.py:3441} INFO - Setting next_dagrun for exemplo_run_dag_operator_2 to None, run_after=None
[2024-07-25T00:14:22.846+0000] {processor.py:175} INFO - Processing /opt/airflow/dags/exemplo_run_dag_operator_2.py took 0.085 seconds
[2024-07-25T00:14:28.182+0000] {processor.py:153} INFO - Started process (PID=96245) to work on /opt/airflow/dags/exemplo_run_dag_operator_2.py
[2024-07-25T00:14:28.186+0000] {processor.py:743} INFO - Processing file /opt/airflow/dags/exemplo_run_dag_operator_2.py for tasks to queue
[2024-07-25T00:14:28.186+0000] {logging_mixin.py:137} INFO - [2024-07-25T00:14:28.186+0000] {dagbag.py:538} INFO - Filling up the DagBag from /opt/airflow/dags/exemplo_run_dag_operator_2.py
[2024-07-25T00:14:28.202+0000] {processor.py:753} INFO - DAG(s) dict_keys(['exemplo_run_dag_operator_2']) retrieved from /opt/airflow/dags/exemplo_run_dag_operator_2.py
[2024-07-25T00:14:28.220+0000] {logging_mixin.py:137} INFO - [2024-07-25T00:14:28.220+0000] {dag.py:2690} INFO - Sync 1 DAGs
[2024-07-25T00:14:28.260+0000] {logging_mixin.py:137} INFO - [2024-07-25T00:14:28.260+0000] {dag.py:3441} INFO - Setting next_dagrun for exemplo_run_dag_operator_2 to None, run_after=None
[2024-07-25T00:14:28.295+0000] {processor.py:175} INFO - Processing /opt/airflow/dags/exemplo_run_dag_operator_2.py took 0.114 seconds
[2024-07-25T00:14:33.748+0000] {processor.py:153} INFO - Started process (PID=96257) to work on /opt/airflow/dags/exemplo_run_dag_operator_2.py
[2024-07-25T00:14:33.750+0000] {processor.py:743} INFO - Processing file /opt/airflow/dags/exemplo_run_dag_operator_2.py for tasks to queue
[2024-07-25T00:14:33.751+0000] {logging_mixin.py:137} INFO - [2024-07-25T00:14:33.751+0000] {dagbag.py:538} INFO - Filling up the DagBag from /opt/airflow/dags/exemplo_run_dag_operator_2.py
[2024-07-25T00:14:33.774+0000] {processor.py:753} INFO - DAG(s) dict_keys(['exemplo_run_dag_operator_2']) retrieved from /opt/airflow/dags/exemplo_run_dag_operator_2.py
[2024-07-25T00:14:33.790+0000] {logging_mixin.py:137} INFO - [2024-07-25T00:14:33.790+0000] {dag.py:2690} INFO - Sync 1 DAGs
[2024-07-25T00:14:33.805+0000] {logging_mixin.py:137} INFO - [2024-07-25T00:14:33.805+0000] {dag.py:3441} INFO - Setting next_dagrun for exemplo_run_dag_operator_2 to None, run_after=None
[2024-07-25T00:14:33.818+0000] {processor.py:175} INFO - Processing /opt/airflow/dags/exemplo_run_dag_operator_2.py took 0.075 seconds
[2024-07-25T00:14:39.257+0000] {processor.py:153} INFO - Started process (PID=96285) to work on /opt/airflow/dags/exemplo_run_dag_operator_2.py
[2024-07-25T00:14:39.258+0000] {processor.py:743} INFO - Processing file /opt/airflow/dags/exemplo_run_dag_operator_2.py for tasks to queue
[2024-07-25T00:14:39.259+0000] {logging_mixin.py:137} INFO - [2024-07-25T00:14:39.259+0000] {dagbag.py:538} INFO - Filling up the DagBag from /opt/airflow/dags/exemplo_run_dag_operator_2.py
[2024-07-25T00:14:39.274+0000] {processor.py:753} INFO - DAG(s) dict_keys(['exemplo_run_dag_operator_2']) retrieved from /opt/airflow/dags/exemplo_run_dag_operator_2.py
[2024-07-25T00:14:39.293+0000] {logging_mixin.py:137} INFO - [2024-07-25T00:14:39.292+0000] {dag.py:2690} INFO - Sync 1 DAGs
[2024-07-25T00:14:39.307+0000] {logging_mixin.py:137} INFO - [2024-07-25T00:14:39.307+0000] {dag.py:3441} INFO - Setting next_dagrun for exemplo_run_dag_operator_2 to None, run_after=None
[2024-07-25T00:14:39.322+0000] {processor.py:175} INFO - Processing /opt/airflow/dags/exemplo_run_dag_operator_2.py took 0.068 seconds
[2024-07-25T00:14:44.764+0000] {processor.py:153} INFO - Started process (PID=96297) to work on /opt/airflow/dags/exemplo_run_dag_operator_2.py
[2024-07-25T00:14:44.765+0000] {processor.py:743} INFO - Processing file /opt/airflow/dags/exemplo_run_dag_operator_2.py for tasks to queue
[2024-07-25T00:14:44.766+0000] {logging_mixin.py:137} INFO - [2024-07-25T00:14:44.766+0000] {dagbag.py:538} INFO - Filling up the DagBag from /opt/airflow/dags/exemplo_run_dag_operator_2.py
[2024-07-25T00:14:44.788+0000] {processor.py:753} INFO - DAG(s) dict_keys(['exemplo_run_dag_operator_2']) retrieved from /opt/airflow/dags/exemplo_run_dag_operator_2.py
[2024-07-25T00:14:44.811+0000] {logging_mixin.py:137} INFO - [2024-07-25T00:14:44.810+0000] {dag.py:2690} INFO - Sync 1 DAGs
[2024-07-25T00:14:44.825+0000] {logging_mixin.py:137} INFO - [2024-07-25T00:14:44.825+0000] {dag.py:3441} INFO - Setting next_dagrun for exemplo_run_dag_operator_2 to None, run_after=None
[2024-07-25T00:14:44.839+0000] {processor.py:175} INFO - Processing /opt/airflow/dags/exemplo_run_dag_operator_2.py took 0.079 seconds
[2024-07-25T00:14:50.146+0000] {processor.py:153} INFO - Started process (PID=96325) to work on /opt/airflow/dags/exemplo_run_dag_operator_2.py
[2024-07-25T00:14:50.147+0000] {processor.py:743} INFO - Processing file /opt/airflow/dags/exemplo_run_dag_operator_2.py for tasks to queue
[2024-07-25T00:14:50.149+0000] {logging_mixin.py:137} INFO - [2024-07-25T00:14:50.149+0000] {dagbag.py:538} INFO - Filling up the DagBag from /opt/airflow/dags/exemplo_run_dag_operator_2.py
[2024-07-25T00:14:50.168+0000] {processor.py:753} INFO - DAG(s) dict_keys(['exemplo_run_dag_operator_2']) retrieved from /opt/airflow/dags/exemplo_run_dag_operator_2.py
[2024-07-25T00:14:50.190+0000] {logging_mixin.py:137} INFO - [2024-07-25T00:14:50.190+0000] {dag.py:2690} INFO - Sync 1 DAGs
[2024-07-25T00:14:50.205+0000] {logging_mixin.py:137} INFO - [2024-07-25T00:14:50.205+0000] {dag.py:3441} INFO - Setting next_dagrun for exemplo_run_dag_operator_2 to None, run_after=None
[2024-07-25T00:14:50.219+0000] {processor.py:175} INFO - Processing /opt/airflow/dags/exemplo_run_dag_operator_2.py took 0.075 seconds
[2024-07-25T00:14:55.667+0000] {processor.py:153} INFO - Started process (PID=96337) to work on /opt/airflow/dags/exemplo_run_dag_operator_2.py
[2024-07-25T00:14:55.668+0000] {processor.py:743} INFO - Processing file /opt/airflow/dags/exemplo_run_dag_operator_2.py for tasks to queue
[2024-07-25T00:14:55.669+0000] {logging_mixin.py:137} INFO - [2024-07-25T00:14:55.669+0000] {dagbag.py:538} INFO - Filling up the DagBag from /opt/airflow/dags/exemplo_run_dag_operator_2.py
[2024-07-25T00:14:55.689+0000] {processor.py:753} INFO - DAG(s) dict_keys(['exemplo_run_dag_operator_2']) retrieved from /opt/airflow/dags/exemplo_run_dag_operator_2.py
[2024-07-25T00:14:55.706+0000] {logging_mixin.py:137} INFO - [2024-07-25T00:14:55.706+0000] {dag.py:2690} INFO - Sync 1 DAGs
[2024-07-25T00:14:55.725+0000] {logging_mixin.py:137} INFO - [2024-07-25T00:14:55.725+0000] {dag.py:3441} INFO - Setting next_dagrun for exemplo_run_dag_operator_2 to None, run_after=None
[2024-07-25T00:14:55.740+0000] {processor.py:175} INFO - Processing /opt/airflow/dags/exemplo_run_dag_operator_2.py took 0.077 seconds
[2024-07-25T00:15:01.325+0000] {processor.py:153} INFO - Started process (PID=96365) to work on /opt/airflow/dags/exemplo_run_dag_operator_2.py
[2024-07-25T00:15:01.326+0000] {processor.py:743} INFO - Processing file /opt/airflow/dags/exemplo_run_dag_operator_2.py for tasks to queue
[2024-07-25T00:15:01.327+0000] {logging_mixin.py:137} INFO - [2024-07-25T00:15:01.327+0000] {dagbag.py:538} INFO - Filling up the DagBag from /opt/airflow/dags/exemplo_run_dag_operator_2.py
[2024-07-25T00:15:01.349+0000] {processor.py:753} INFO - DAG(s) dict_keys(['exemplo_run_dag_operator_2']) retrieved from /opt/airflow/dags/exemplo_run_dag_operator_2.py
[2024-07-25T00:15:01.375+0000] {logging_mixin.py:137} INFO - [2024-07-25T00:15:01.375+0000] {dag.py:2690} INFO - Sync 1 DAGs
[2024-07-25T00:15:01.405+0000] {logging_mixin.py:137} INFO - [2024-07-25T00:15:01.405+0000] {dag.py:3441} INFO - Setting next_dagrun for exemplo_run_dag_operator_2 to None, run_after=None
[2024-07-25T00:15:01.423+0000] {processor.py:175} INFO - Processing /opt/airflow/dags/exemplo_run_dag_operator_2.py took 0.103 seconds
[2024-07-25T00:15:06.867+0000] {processor.py:153} INFO - Started process (PID=96377) to work on /opt/airflow/dags/exemplo_run_dag_operator_2.py
[2024-07-25T00:15:06.868+0000] {processor.py:743} INFO - Processing file /opt/airflow/dags/exemplo_run_dag_operator_2.py for tasks to queue
[2024-07-25T00:15:06.870+0000] {logging_mixin.py:137} INFO - [2024-07-25T00:15:06.869+0000] {dagbag.py:538} INFO - Filling up the DagBag from /opt/airflow/dags/exemplo_run_dag_operator_2.py
[2024-07-25T00:15:06.892+0000] {processor.py:753} INFO - DAG(s) dict_keys(['exemplo_run_dag_operator_2']) retrieved from /opt/airflow/dags/exemplo_run_dag_operator_2.py
[2024-07-25T00:15:06.910+0000] {logging_mixin.py:137} INFO - [2024-07-25T00:15:06.910+0000] {dag.py:2690} INFO - Sync 1 DAGs
[2024-07-25T00:15:06.925+0000] {logging_mixin.py:137} INFO - [2024-07-25T00:15:06.925+0000] {dag.py:3441} INFO - Setting next_dagrun for exemplo_run_dag_operator_2 to None, run_after=None
[2024-07-25T00:15:06.941+0000] {processor.py:175} INFO - Processing /opt/airflow/dags/exemplo_run_dag_operator_2.py took 0.079 seconds
[2024-07-25T00:15:12.404+0000] {processor.py:153} INFO - Started process (PID=96398) to work on /opt/airflow/dags/exemplo_run_dag_operator_2.py
[2024-07-25T00:15:12.404+0000] {processor.py:743} INFO - Processing file /opt/airflow/dags/exemplo_run_dag_operator_2.py for tasks to queue
[2024-07-25T00:15:12.405+0000] {logging_mixin.py:137} INFO - [2024-07-25T00:15:12.405+0000] {dagbag.py:538} INFO - Filling up the DagBag from /opt/airflow/dags/exemplo_run_dag_operator_2.py
[2024-07-25T00:15:12.420+0000] {processor.py:753} INFO - DAG(s) dict_keys(['exemplo_run_dag_operator_2']) retrieved from /opt/airflow/dags/exemplo_run_dag_operator_2.py
[2024-07-25T00:15:12.438+0000] {logging_mixin.py:137} INFO - [2024-07-25T00:15:12.438+0000] {dag.py:2690} INFO - Sync 1 DAGs
[2024-07-25T00:15:12.452+0000] {logging_mixin.py:137} INFO - [2024-07-25T00:15:12.452+0000] {dag.py:3441} INFO - Setting next_dagrun for exemplo_run_dag_operator_2 to None, run_after=None
[2024-07-25T00:15:12.467+0000] {processor.py:175} INFO - Processing /opt/airflow/dags/exemplo_run_dag_operator_2.py took 0.065 seconds
[2024-07-25T00:15:17.916+0000] {processor.py:153} INFO - Started process (PID=96417) to work on /opt/airflow/dags/exemplo_run_dag_operator_2.py
[2024-07-25T00:15:17.922+0000] {processor.py:743} INFO - Processing file /opt/airflow/dags/exemplo_run_dag_operator_2.py for tasks to queue
[2024-07-25T00:15:17.925+0000] {logging_mixin.py:137} INFO - [2024-07-25T00:15:17.925+0000] {dagbag.py:538} INFO - Filling up the DagBag from /opt/airflow/dags/exemplo_run_dag_operator_2.py
[2024-07-25T00:15:17.937+0000] {processor.py:753} INFO - DAG(s) dict_keys(['exemplo_run_dag_operator_2']) retrieved from /opt/airflow/dags/exemplo_run_dag_operator_2.py
[2024-07-25T00:15:17.952+0000] {logging_mixin.py:137} INFO - [2024-07-25T00:15:17.952+0000] {dag.py:2690} INFO - Sync 1 DAGs
[2024-07-25T00:15:17.965+0000] {logging_mixin.py:137} INFO - [2024-07-25T00:15:17.965+0000] {dag.py:3441} INFO - Setting next_dagrun for exemplo_run_dag_operator_2 to None, run_after=None
[2024-07-25T00:15:17.976+0000] {processor.py:175} INFO - Processing /opt/airflow/dags/exemplo_run_dag_operator_2.py took 0.063 seconds
[2024-07-25T00:15:23.445+0000] {processor.py:153} INFO - Started process (PID=96429) to work on /opt/airflow/dags/exemplo_run_dag_operator_2.py
[2024-07-25T00:15:23.445+0000] {processor.py:743} INFO - Processing file /opt/airflow/dags/exemplo_run_dag_operator_2.py for tasks to queue
[2024-07-25T00:15:23.446+0000] {logging_mixin.py:137} INFO - [2024-07-25T00:15:23.446+0000] {dagbag.py:538} INFO - Filling up the DagBag from /opt/airflow/dags/exemplo_run_dag_operator_2.py
[2024-07-25T00:15:23.462+0000] {processor.py:753} INFO - DAG(s) dict_keys(['exemplo_run_dag_operator_2']) retrieved from /opt/airflow/dags/exemplo_run_dag_operator_2.py
[2024-07-25T00:15:23.477+0000] {logging_mixin.py:137} INFO - [2024-07-25T00:15:23.477+0000] {dag.py:2690} INFO - Sync 1 DAGs
[2024-07-25T00:15:23.496+0000] {logging_mixin.py:137} INFO - [2024-07-25T00:15:23.496+0000] {dag.py:3441} INFO - Setting next_dagrun for exemplo_run_dag_operator_2 to None, run_after=None
[2024-07-25T00:15:23.514+0000] {processor.py:175} INFO - Processing /opt/airflow/dags/exemplo_run_dag_operator_2.py took 0.071 seconds
[2024-07-25T00:15:28.927+0000] {processor.py:153} INFO - Started process (PID=96457) to work on /opt/airflow/dags/exemplo_run_dag_operator_2.py
[2024-07-25T00:15:28.928+0000] {processor.py:743} INFO - Processing file /opt/airflow/dags/exemplo_run_dag_operator_2.py for tasks to queue
[2024-07-25T00:15:28.929+0000] {logging_mixin.py:137} INFO - [2024-07-25T00:15:28.929+0000] {dagbag.py:538} INFO - Filling up the DagBag from /opt/airflow/dags/exemplo_run_dag_operator_2.py
[2024-07-25T00:15:28.963+0000] {processor.py:753} INFO - DAG(s) dict_keys(['exemplo_run_dag_operator_2']) retrieved from /opt/airflow/dags/exemplo_run_dag_operator_2.py
[2024-07-25T00:15:28.985+0000] {logging_mixin.py:137} INFO - [2024-07-25T00:15:28.985+0000] {dag.py:2690} INFO - Sync 1 DAGs
[2024-07-25T00:15:29.003+0000] {logging_mixin.py:137} INFO - [2024-07-25T00:15:29.003+0000] {dag.py:3441} INFO - Setting next_dagrun for exemplo_run_dag_operator_2 to None, run_after=None
[2024-07-25T00:15:29.016+0000] {processor.py:175} INFO - Processing /opt/airflow/dags/exemplo_run_dag_operator_2.py took 0.095 seconds
[2024-07-25T00:15:34.482+0000] {processor.py:153} INFO - Started process (PID=96469) to work on /opt/airflow/dags/exemplo_run_dag_operator_2.py
[2024-07-25T00:15:34.483+0000] {processor.py:743} INFO - Processing file /opt/airflow/dags/exemplo_run_dag_operator_2.py for tasks to queue
[2024-07-25T00:15:34.485+0000] {logging_mixin.py:137} INFO - [2024-07-25T00:15:34.485+0000] {dagbag.py:538} INFO - Filling up the DagBag from /opt/airflow/dags/exemplo_run_dag_operator_2.py
[2024-07-25T00:15:34.507+0000] {processor.py:753} INFO - DAG(s) dict_keys(['exemplo_run_dag_operator_2']) retrieved from /opt/airflow/dags/exemplo_run_dag_operator_2.py
[2024-07-25T00:15:34.524+0000] {logging_mixin.py:137} INFO - [2024-07-25T00:15:34.524+0000] {dag.py:2690} INFO - Sync 1 DAGs
[2024-07-25T00:15:34.540+0000] {logging_mixin.py:137} INFO - [2024-07-25T00:15:34.539+0000] {dag.py:3441} INFO - Setting next_dagrun for exemplo_run_dag_operator_2 to None, run_after=None
[2024-07-25T00:15:34.557+0000] {processor.py:175} INFO - Processing /opt/airflow/dags/exemplo_run_dag_operator_2.py took 0.079 seconds
[2024-07-25T00:15:39.995+0000] {processor.py:153} INFO - Started process (PID=96496) to work on /opt/airflow/dags/exemplo_run_dag_operator_2.py
[2024-07-25T00:15:39.999+0000] {processor.py:743} INFO - Processing file /opt/airflow/dags/exemplo_run_dag_operator_2.py for tasks to queue
[2024-07-25T00:15:40.001+0000] {logging_mixin.py:137} INFO - [2024-07-25T00:15:40.001+0000] {dagbag.py:538} INFO - Filling up the DagBag from /opt/airflow/dags/exemplo_run_dag_operator_2.py
[2024-07-25T00:15:40.019+0000] {processor.py:753} INFO - DAG(s) dict_keys(['exemplo_run_dag_operator_2']) retrieved from /opt/airflow/dags/exemplo_run_dag_operator_2.py
[2024-07-25T00:15:40.038+0000] {logging_mixin.py:137} INFO - [2024-07-25T00:15:40.038+0000] {dag.py:2690} INFO - Sync 1 DAGs
[2024-07-25T00:15:40.054+0000] {logging_mixin.py:137} INFO - [2024-07-25T00:15:40.054+0000] {dag.py:3441} INFO - Setting next_dagrun for exemplo_run_dag_operator_2 to None, run_after=None
[2024-07-25T00:15:40.069+0000] {processor.py:175} INFO - Processing /opt/airflow/dags/exemplo_run_dag_operator_2.py took 0.078 seconds
[2024-07-25T00:15:45.419+0000] {processor.py:153} INFO - Started process (PID=96508) to work on /opt/airflow/dags/exemplo_run_dag_operator_2.py
[2024-07-25T00:15:45.420+0000] {processor.py:743} INFO - Processing file /opt/airflow/dags/exemplo_run_dag_operator_2.py for tasks to queue
[2024-07-25T00:15:45.422+0000] {logging_mixin.py:137} INFO - [2024-07-25T00:15:45.422+0000] {dagbag.py:538} INFO - Filling up the DagBag from /opt/airflow/dags/exemplo_run_dag_operator_2.py
[2024-07-25T00:15:45.445+0000] {processor.py:753} INFO - DAG(s) dict_keys(['exemplo_run_dag_operator_2']) retrieved from /opt/airflow/dags/exemplo_run_dag_operator_2.py
[2024-07-25T00:15:45.463+0000] {logging_mixin.py:137} INFO - [2024-07-25T00:15:45.463+0000] {dag.py:2690} INFO - Sync 1 DAGs
[2024-07-25T00:15:45.479+0000] {logging_mixin.py:137} INFO - [2024-07-25T00:15:45.479+0000] {dag.py:3441} INFO - Setting next_dagrun for exemplo_run_dag_operator_2 to None, run_after=None
[2024-07-25T00:15:45.494+0000] {processor.py:175} INFO - Processing /opt/airflow/dags/exemplo_run_dag_operator_2.py took 0.080 seconds
[2024-07-25T00:15:50.902+0000] {processor.py:153} INFO - Started process (PID=96535) to work on /opt/airflow/dags/exemplo_run_dag_operator_2.py
[2024-07-25T00:15:50.903+0000] {processor.py:743} INFO - Processing file /opt/airflow/dags/exemplo_run_dag_operator_2.py for tasks to queue
[2024-07-25T00:15:50.904+0000] {logging_mixin.py:137} INFO - [2024-07-25T00:15:50.903+0000] {dagbag.py:538} INFO - Filling up the DagBag from /opt/airflow/dags/exemplo_run_dag_operator_2.py
[2024-07-25T00:15:50.927+0000] {processor.py:753} INFO - DAG(s) dict_keys(['exemplo_run_dag_operator_2']) retrieved from /opt/airflow/dags/exemplo_run_dag_operator_2.py
[2024-07-25T00:15:50.943+0000] {logging_mixin.py:137} INFO - [2024-07-25T00:15:50.943+0000] {dag.py:2690} INFO - Sync 1 DAGs
[2024-07-25T00:15:50.959+0000] {logging_mixin.py:137} INFO - [2024-07-25T00:15:50.959+0000] {dag.py:3441} INFO - Setting next_dagrun for exemplo_run_dag_operator_2 to None, run_after=None
[2024-07-25T00:15:50.974+0000] {processor.py:175} INFO - Processing /opt/airflow/dags/exemplo_run_dag_operator_2.py took 0.076 seconds
[2024-07-25T00:15:56.449+0000] {processor.py:153} INFO - Started process (PID=96547) to work on /opt/airflow/dags/exemplo_run_dag_operator_2.py
[2024-07-25T00:15:56.453+0000] {processor.py:743} INFO - Processing file /opt/airflow/dags/exemplo_run_dag_operator_2.py for tasks to queue
[2024-07-25T00:15:56.456+0000] {logging_mixin.py:137} INFO - [2024-07-25T00:15:56.456+0000] {dagbag.py:538} INFO - Filling up the DagBag from /opt/airflow/dags/exemplo_run_dag_operator_2.py
[2024-07-25T00:15:56.469+0000] {processor.py:753} INFO - DAG(s) dict_keys(['exemplo_run_dag_operator_2']) retrieved from /opt/airflow/dags/exemplo_run_dag_operator_2.py
[2024-07-25T00:15:56.489+0000] {logging_mixin.py:137} INFO - [2024-07-25T00:15:56.489+0000] {dag.py:2690} INFO - Sync 1 DAGs
[2024-07-25T00:15:56.507+0000] {logging_mixin.py:137} INFO - [2024-07-25T00:15:56.507+0000] {dag.py:3441} INFO - Setting next_dagrun for exemplo_run_dag_operator_2 to None, run_after=None
[2024-07-25T00:15:56.523+0000] {processor.py:175} INFO - Processing /opt/airflow/dags/exemplo_run_dag_operator_2.py took 0.077 seconds
[2024-07-25T00:16:02.081+0000] {processor.py:153} INFO - Started process (PID=96575) to work on /opt/airflow/dags/exemplo_run_dag_operator_2.py
[2024-07-25T00:16:02.082+0000] {processor.py:743} INFO - Processing file /opt/airflow/dags/exemplo_run_dag_operator_2.py for tasks to queue
[2024-07-25T00:16:02.086+0000] {logging_mixin.py:137} INFO - [2024-07-25T00:16:02.086+0000] {dagbag.py:538} INFO - Filling up the DagBag from /opt/airflow/dags/exemplo_run_dag_operator_2.py
[2024-07-25T00:16:02.102+0000] {processor.py:753} INFO - DAG(s) dict_keys(['exemplo_run_dag_operator_2']) retrieved from /opt/airflow/dags/exemplo_run_dag_operator_2.py
[2024-07-25T00:16:02.130+0000] {logging_mixin.py:137} INFO - [2024-07-25T00:16:02.130+0000] {dag.py:2690} INFO - Sync 1 DAGs
[2024-07-25T00:16:02.147+0000] {logging_mixin.py:137} INFO - [2024-07-25T00:16:02.147+0000] {dag.py:3441} INFO - Setting next_dagrun for exemplo_run_dag_operator_2 to None, run_after=None
[2024-07-25T00:16:02.159+0000] {processor.py:175} INFO - Processing /opt/airflow/dags/exemplo_run_dag_operator_2.py took 0.084 seconds
[2024-07-25T00:16:07.498+0000] {processor.py:153} INFO - Started process (PID=96587) to work on /opt/airflow/dags/exemplo_run_dag_operator_2.py
[2024-07-25T00:16:07.500+0000] {processor.py:743} INFO - Processing file /opt/airflow/dags/exemplo_run_dag_operator_2.py for tasks to queue
[2024-07-25T00:16:07.501+0000] {logging_mixin.py:137} INFO - [2024-07-25T00:16:07.501+0000] {dagbag.py:538} INFO - Filling up the DagBag from /opt/airflow/dags/exemplo_run_dag_operator_2.py
[2024-07-25T00:16:07.527+0000] {processor.py:753} INFO - DAG(s) dict_keys(['exemplo_run_dag_operator_2']) retrieved from /opt/airflow/dags/exemplo_run_dag_operator_2.py
[2024-07-25T00:16:07.545+0000] {logging_mixin.py:137} INFO - [2024-07-25T00:16:07.545+0000] {dag.py:2690} INFO - Sync 1 DAGs
[2024-07-25T00:16:07.558+0000] {logging_mixin.py:137} INFO - [2024-07-25T00:16:07.558+0000] {dag.py:3441} INFO - Setting next_dagrun for exemplo_run_dag_operator_2 to None, run_after=None
[2024-07-25T00:16:07.573+0000] {processor.py:175} INFO - Processing /opt/airflow/dags/exemplo_run_dag_operator_2.py took 0.081 seconds
[2024-07-25T00:16:13.276+0000] {processor.py:153} INFO - Started process (PID=96614) to work on /opt/airflow/dags/exemplo_run_dag_operator_2.py
[2024-07-25T00:16:13.277+0000] {processor.py:743} INFO - Processing file /opt/airflow/dags/exemplo_run_dag_operator_2.py for tasks to queue
[2024-07-25T00:16:13.279+0000] {logging_mixin.py:137} INFO - [2024-07-25T00:16:13.278+0000] {dagbag.py:538} INFO - Filling up the DagBag from /opt/airflow/dags/exemplo_run_dag_operator_2.py
[2024-07-25T00:16:13.303+0000] {processor.py:753} INFO - DAG(s) dict_keys(['exemplo_run_dag_operator_2']) retrieved from /opt/airflow/dags/exemplo_run_dag_operator_2.py
[2024-07-25T00:16:13.320+0000] {logging_mixin.py:137} INFO - [2024-07-25T00:16:13.320+0000] {dag.py:2690} INFO - Sync 1 DAGs
[2024-07-25T00:16:13.336+0000] {logging_mixin.py:137} INFO - [2024-07-25T00:16:13.336+0000] {dag.py:3441} INFO - Setting next_dagrun for exemplo_run_dag_operator_2 to None, run_after=None
[2024-07-25T00:16:13.346+0000] {processor.py:175} INFO - Processing /opt/airflow/dags/exemplo_run_dag_operator_2.py took 0.075 seconds
[2024-07-25T00:16:18.798+0000] {processor.py:153} INFO - Started process (PID=96625) to work on /opt/airflow/dags/exemplo_run_dag_operator_2.py
[2024-07-25T00:16:18.799+0000] {processor.py:743} INFO - Processing file /opt/airflow/dags/exemplo_run_dag_operator_2.py for tasks to queue
[2024-07-25T00:16:18.800+0000] {logging_mixin.py:137} INFO - [2024-07-25T00:16:18.800+0000] {dagbag.py:538} INFO - Filling up the DagBag from /opt/airflow/dags/exemplo_run_dag_operator_2.py
[2024-07-25T00:16:18.820+0000] {processor.py:753} INFO - DAG(s) dict_keys(['exemplo_run_dag_operator_2']) retrieved from /opt/airflow/dags/exemplo_run_dag_operator_2.py
[2024-07-25T00:16:18.837+0000] {logging_mixin.py:137} INFO - [2024-07-25T00:16:18.837+0000] {dag.py:2690} INFO - Sync 1 DAGs
[2024-07-25T00:16:18.852+0000] {logging_mixin.py:137} INFO - [2024-07-25T00:16:18.852+0000] {dag.py:3441} INFO - Setting next_dagrun for exemplo_run_dag_operator_2 to None, run_after=None
[2024-07-25T00:16:18.861+0000] {processor.py:175} INFO - Processing /opt/airflow/dags/exemplo_run_dag_operator_2.py took 0.067 seconds
