[2024-07-25T00:10:16.192+0000] {processor.py:153} INFO - Started process (PID=95345) to work on /opt/airflow/dags/exemplo_dag_run_operator_2.py
[2024-07-25T00:10:16.193+0000] {processor.py:743} INFO - Processing file /opt/airflow/dags/exemplo_dag_run_operator_2.py for tasks to queue
[2024-07-25T00:10:16.194+0000] {logging_mixin.py:137} INFO - [2024-07-25T00:10:16.193+0000] {dagbag.py:538} INFO - Filling up the DagBag from /opt/airflow/dags/exemplo_dag_run_operator_2.py
[2024-07-25T00:10:16.213+0000] {processor.py:753} INFO - DAG(s) dict_keys(['exemplo_dag_run_operator_2']) retrieved from /opt/airflow/dags/exemplo_dag_run_operator_2.py
[2024-07-25T00:10:16.287+0000] {logging_mixin.py:137} INFO - [2024-07-25T00:10:16.287+0000] {manager.py:504} INFO - Created Permission View: can read on DAG:exemplo_dag_run_operator_2
[2024-07-25T00:10:16.294+0000] {logging_mixin.py:137} INFO - [2024-07-25T00:10:16.294+0000] {manager.py:504} INFO - Created Permission View: can edit on DAG:exemplo_dag_run_operator_2
[2024-07-25T00:10:16.298+0000] {logging_mixin.py:137} INFO - [2024-07-25T00:10:16.298+0000] {manager.py:504} INFO - Created Permission View: can delete on DAG:exemplo_dag_run_operator_2
[2024-07-25T00:10:16.298+0000] {logging_mixin.py:137} INFO - [2024-07-25T00:10:16.298+0000] {dag.py:2690} INFO - Sync 1 DAGs
[2024-07-25T00:10:16.307+0000] {logging_mixin.py:137} INFO - [2024-07-25T00:10:16.307+0000] {dag.py:2711} INFO - Creating ORM DAG for exemplo_dag_run_operator_2
[2024-07-25T00:10:16.318+0000] {logging_mixin.py:137} INFO - [2024-07-25T00:10:16.318+0000] {dag.py:3441} INFO - Setting next_dagrun for exemplo_dag_run_operator_2 to None, run_after=None
[2024-07-25T00:10:16.334+0000] {processor.py:175} INFO - Processing /opt/airflow/dags/exemplo_dag_run_operator_2.py took 0.144 seconds
[2024-07-25T00:10:21.794+0000] {processor.py:153} INFO - Started process (PID=95357) to work on /opt/airflow/dags/exemplo_dag_run_operator_2.py
[2024-07-25T00:10:21.795+0000] {processor.py:743} INFO - Processing file /opt/airflow/dags/exemplo_dag_run_operator_2.py for tasks to queue
[2024-07-25T00:10:21.796+0000] {logging_mixin.py:137} INFO - [2024-07-25T00:10:21.795+0000] {dagbag.py:538} INFO - Filling up the DagBag from /opt/airflow/dags/exemplo_dag_run_operator_2.py
[2024-07-25T00:10:21.810+0000] {processor.py:753} INFO - DAG(s) dict_keys(['exemplo_dag_run_operator_2']) retrieved from /opt/airflow/dags/exemplo_dag_run_operator_2.py
[2024-07-25T00:10:21.823+0000] {logging_mixin.py:137} INFO - [2024-07-25T00:10:21.823+0000] {dag.py:2690} INFO - Sync 1 DAGs
[2024-07-25T00:10:21.841+0000] {logging_mixin.py:137} INFO - [2024-07-25T00:10:21.841+0000] {dag.py:3441} INFO - Setting next_dagrun for exemplo_dag_run_operator_2 to None, run_after=None
[2024-07-25T00:10:21.859+0000] {processor.py:175} INFO - Processing /opt/airflow/dags/exemplo_dag_run_operator_2.py took 0.067 seconds
[2024-07-25T00:10:27.359+0000] {processor.py:153} INFO - Started process (PID=95385) to work on /opt/airflow/dags/exemplo_dag_run_operator_2.py
[2024-07-25T00:10:27.361+0000] {processor.py:743} INFO - Processing file /opt/airflow/dags/exemplo_dag_run_operator_2.py for tasks to queue
[2024-07-25T00:10:27.362+0000] {logging_mixin.py:137} INFO - [2024-07-25T00:10:27.361+0000] {dagbag.py:538} INFO - Filling up the DagBag from /opt/airflow/dags/exemplo_dag_run_operator_2.py
[2024-07-25T00:10:27.385+0000] {processor.py:753} INFO - DAG(s) dict_keys(['exemplo_dag_run_operator_2']) retrieved from /opt/airflow/dags/exemplo_dag_run_operator_2.py
[2024-07-25T00:10:27.397+0000] {logging_mixin.py:137} INFO - [2024-07-25T00:10:27.397+0000] {dag.py:2690} INFO - Sync 1 DAGs
[2024-07-25T00:10:27.411+0000] {logging_mixin.py:137} INFO - [2024-07-25T00:10:27.411+0000] {dag.py:3441} INFO - Setting next_dagrun for exemplo_dag_run_operator_2 to None, run_after=None
[2024-07-25T00:10:27.425+0000] {processor.py:175} INFO - Processing /opt/airflow/dags/exemplo_dag_run_operator_2.py took 0.072 seconds
