[2024-07-25T00:09:35.796+0000] {processor.py:153} INFO - Started process (PID=95200) to work on /opt/airflow/dags/exemplo_dag_run_operator.py
[2024-07-25T00:09:35.797+0000] {processor.py:743} INFO - Processing file /opt/airflow/dags/exemplo_dag_run_operator.py for tasks to queue
[2024-07-25T00:09:35.797+0000] {logging_mixin.py:137} INFO - [2024-07-25T00:09:35.797+0000] {dagbag.py:538} INFO - Filling up the DagBag from /opt/airflow/dags/exemplo_dag_run_operator.py
[2024-07-25T00:09:35.809+0000] {processor.py:753} INFO - DAG(s) dict_keys(['exemplo_dag_run_operator']) retrieved from /opt/airflow/dags/exemplo_dag_run_operator.py
[2024-07-25T00:09:35.875+0000] {logging_mixin.py:137} INFO - [2024-07-25T00:09:35.875+0000] {manager.py:504} INFO - Created Permission View: can read on DAG:exemplo_dag_run_operator
[2024-07-25T00:09:35.879+0000] {logging_mixin.py:137} INFO - [2024-07-25T00:09:35.879+0000] {manager.py:504} INFO - Created Permission View: can edit on DAG:exemplo_dag_run_operator
[2024-07-25T00:09:35.882+0000] {logging_mixin.py:137} INFO - [2024-07-25T00:09:35.882+0000] {manager.py:504} INFO - Created Permission View: can delete on DAG:exemplo_dag_run_operator
[2024-07-25T00:09:35.883+0000] {logging_mixin.py:137} INFO - [2024-07-25T00:09:35.882+0000] {dag.py:2690} INFO - Sync 1 DAGs
[2024-07-25T00:09:35.889+0000] {logging_mixin.py:137} INFO - [2024-07-25T00:09:35.889+0000] {dag.py:2711} INFO - Creating ORM DAG for exemplo_dag_run_operator
[2024-07-25T00:09:35.895+0000] {logging_mixin.py:137} INFO - [2024-07-25T00:09:35.895+0000] {dag.py:3441} INFO - Setting next_dagrun for exemplo_dag_run_operator to None, run_after=None
[2024-07-25T00:09:35.904+0000] {processor.py:175} INFO - Processing /opt/airflow/dags/exemplo_dag_run_operator.py took 0.110 seconds
[2024-07-25T00:09:41.273+0000] {processor.py:153} INFO - Started process (PID=95227) to work on /opt/airflow/dags/exemplo_dag_run_operator.py
[2024-07-25T00:09:41.275+0000] {processor.py:743} INFO - Processing file /opt/airflow/dags/exemplo_dag_run_operator.py for tasks to queue
[2024-07-25T00:09:41.275+0000] {logging_mixin.py:137} INFO - [2024-07-25T00:09:41.275+0000] {dagbag.py:538} INFO - Filling up the DagBag from /opt/airflow/dags/exemplo_dag_run_operator.py
[2024-07-25T00:09:41.293+0000] {processor.py:753} INFO - DAG(s) dict_keys(['exemplo_dag_run_operator']) retrieved from /opt/airflow/dags/exemplo_dag_run_operator.py
[2024-07-25T00:09:41.305+0000] {logging_mixin.py:137} INFO - [2024-07-25T00:09:41.305+0000] {dag.py:2690} INFO - Sync 1 DAGs
[2024-07-25T00:09:41.321+0000] {logging_mixin.py:137} INFO - [2024-07-25T00:09:41.321+0000] {dag.py:3441} INFO - Setting next_dagrun for exemplo_dag_run_operator to None, run_after=None
[2024-07-25T00:09:41.330+0000] {processor.py:175} INFO - Processing /opt/airflow/dags/exemplo_dag_run_operator.py took 0.061 seconds
[2024-07-25T00:09:46.792+0000] {processor.py:153} INFO - Started process (PID=95239) to work on /opt/airflow/dags/exemplo_dag_run_operator.py
[2024-07-25T00:09:46.794+0000] {processor.py:743} INFO - Processing file /opt/airflow/dags/exemplo_dag_run_operator.py for tasks to queue
[2024-07-25T00:09:46.795+0000] {logging_mixin.py:137} INFO - [2024-07-25T00:09:46.795+0000] {dagbag.py:538} INFO - Filling up the DagBag from /opt/airflow/dags/exemplo_dag_run_operator.py
[2024-07-25T00:09:46.813+0000] {processor.py:753} INFO - DAG(s) dict_keys(['exemplo_dag_run_operator']) retrieved from /opt/airflow/dags/exemplo_dag_run_operator.py
[2024-07-25T00:09:46.821+0000] {logging_mixin.py:137} INFO - [2024-07-25T00:09:46.821+0000] {dag.py:2690} INFO - Sync 1 DAGs
[2024-07-25T00:09:46.835+0000] {logging_mixin.py:137} INFO - [2024-07-25T00:09:46.835+0000] {dag.py:3441} INFO - Setting next_dagrun for exemplo_dag_run_operator to None, run_after=None
[2024-07-25T00:09:46.844+0000] {processor.py:175} INFO - Processing /opt/airflow/dags/exemplo_dag_run_operator.py took 0.056 seconds
[2024-07-25T00:09:52.262+0000] {processor.py:153} INFO - Started process (PID=95267) to work on /opt/airflow/dags/exemplo_dag_run_operator.py
[2024-07-25T00:09:52.262+0000] {processor.py:743} INFO - Processing file /opt/airflow/dags/exemplo_dag_run_operator.py for tasks to queue
[2024-07-25T00:09:52.263+0000] {logging_mixin.py:137} INFO - [2024-07-25T00:09:52.263+0000] {dagbag.py:538} INFO - Filling up the DagBag from /opt/airflow/dags/exemplo_dag_run_operator.py
[2024-07-25T00:09:52.272+0000] {processor.py:753} INFO - DAG(s) dict_keys(['exemplo_dag_run_operator']) retrieved from /opt/airflow/dags/exemplo_dag_run_operator.py
[2024-07-25T00:09:52.280+0000] {logging_mixin.py:137} INFO - [2024-07-25T00:09:52.279+0000] {dag.py:2690} INFO - Sync 1 DAGs
[2024-07-25T00:09:52.292+0000] {logging_mixin.py:137} INFO - [2024-07-25T00:09:52.292+0000] {dag.py:3441} INFO - Setting next_dagrun for exemplo_dag_run_operator to None, run_after=None
[2024-07-25T00:09:52.301+0000] {processor.py:175} INFO - Processing /opt/airflow/dags/exemplo_dag_run_operator.py took 0.041 seconds
[2024-07-25T00:09:57.746+0000] {processor.py:153} INFO - Started process (PID=95279) to work on /opt/airflow/dags/exemplo_dag_run_operator.py
[2024-07-25T00:09:57.748+0000] {processor.py:743} INFO - Processing file /opt/airflow/dags/exemplo_dag_run_operator.py for tasks to queue
[2024-07-25T00:09:57.748+0000] {logging_mixin.py:137} INFO - [2024-07-25T00:09:57.748+0000] {dagbag.py:538} INFO - Filling up the DagBag from /opt/airflow/dags/exemplo_dag_run_operator.py
[2024-07-25T00:09:57.768+0000] {processor.py:753} INFO - DAG(s) dict_keys(['exemplo_dag_run_operator']) retrieved from /opt/airflow/dags/exemplo_dag_run_operator.py
[2024-07-25T00:09:57.783+0000] {logging_mixin.py:137} INFO - [2024-07-25T00:09:57.783+0000] {dag.py:2690} INFO - Sync 1 DAGs
[2024-07-25T00:09:57.798+0000] {logging_mixin.py:137} INFO - [2024-07-25T00:09:57.798+0000] {dag.py:3441} INFO - Setting next_dagrun for exemplo_dag_run_operator to None, run_after=None
[2024-07-25T00:09:57.807+0000] {processor.py:175} INFO - Processing /opt/airflow/dags/exemplo_dag_run_operator.py took 0.065 seconds
