[2024-07-25T00:11:16.723+0000] {processor.py:153} INFO - Started process (PID=95553) to work on /opt/airflow/dags/exemplo_run_dag_operator_1.py
[2024-07-25T00:11:16.724+0000] {processor.py:743} INFO - Processing file /opt/airflow/dags/exemplo_run_dag_operator_1.py for tasks to queue
[2024-07-25T00:11:16.724+0000] {logging_mixin.py:137} INFO - [2024-07-25T00:11:16.724+0000] {dagbag.py:538} INFO - Filling up the DagBag from /opt/airflow/dags/exemplo_run_dag_operator_1.py
[2024-07-25T00:11:16.742+0000] {processor.py:753} INFO - DAG(s) dict_keys(['exemplo_run_dag_operator_1']) retrieved from /opt/airflow/dags/exemplo_run_dag_operator_1.py
[2024-07-25T00:11:16.818+0000] {logging_mixin.py:137} INFO - [2024-07-25T00:11:16.818+0000] {manager.py:504} INFO - Created Permission View: can read on DAG:exemplo_run_dag_operator_1
[2024-07-25T00:11:16.829+0000] {logging_mixin.py:137} INFO - [2024-07-25T00:11:16.828+0000] {manager.py:504} INFO - Created Permission View: can edit on DAG:exemplo_run_dag_operator_1
[2024-07-25T00:11:16.835+0000] {logging_mixin.py:137} INFO - [2024-07-25T00:11:16.835+0000] {manager.py:504} INFO - Created Permission View: can delete on DAG:exemplo_run_dag_operator_1
[2024-07-25T00:11:16.837+0000] {logging_mixin.py:137} INFO - [2024-07-25T00:11:16.837+0000] {dag.py:2690} INFO - Sync 1 DAGs
[2024-07-25T00:11:16.846+0000] {logging_mixin.py:137} INFO - [2024-07-25T00:11:16.846+0000] {dag.py:2711} INFO - Creating ORM DAG for exemplo_run_dag_operator_1
[2024-07-25T00:11:16.856+0000] {logging_mixin.py:137} INFO - [2024-07-25T00:11:16.856+0000] {dag.py:3441} INFO - Setting next_dagrun for exemplo_run_dag_operator_1 to None, run_after=None
[2024-07-25T00:11:16.869+0000] {processor.py:175} INFO - Processing /opt/airflow/dags/exemplo_run_dag_operator_1.py took 0.149 seconds
[2024-07-25T00:11:22.271+0000] {processor.py:153} INFO - Started process (PID=95565) to work on /opt/airflow/dags/exemplo_run_dag_operator_1.py
[2024-07-25T00:11:22.272+0000] {processor.py:743} INFO - Processing file /opt/airflow/dags/exemplo_run_dag_operator_1.py for tasks to queue
[2024-07-25T00:11:22.273+0000] {logging_mixin.py:137} INFO - [2024-07-25T00:11:22.273+0000] {dagbag.py:538} INFO - Filling up the DagBag from /opt/airflow/dags/exemplo_run_dag_operator_1.py
[2024-07-25T00:11:22.289+0000] {processor.py:753} INFO - DAG(s) dict_keys(['exemplo_run_dag_operator_1']) retrieved from /opt/airflow/dags/exemplo_run_dag_operator_1.py
[2024-07-25T00:11:22.302+0000] {logging_mixin.py:137} INFO - [2024-07-25T00:11:22.302+0000] {dag.py:2690} INFO - Sync 1 DAGs
[2024-07-25T00:11:22.322+0000] {logging_mixin.py:137} INFO - [2024-07-25T00:11:22.322+0000] {dag.py:3441} INFO - Setting next_dagrun for exemplo_run_dag_operator_1 to None, run_after=None
[2024-07-25T00:11:22.339+0000] {processor.py:175} INFO - Processing /opt/airflow/dags/exemplo_run_dag_operator_1.py took 0.071 seconds
[2024-07-25T00:11:27.959+0000] {processor.py:153} INFO - Started process (PID=95593) to work on /opt/airflow/dags/exemplo_run_dag_operator_1.py
[2024-07-25T00:11:27.960+0000] {processor.py:743} INFO - Processing file /opt/airflow/dags/exemplo_run_dag_operator_1.py for tasks to queue
[2024-07-25T00:11:27.960+0000] {logging_mixin.py:137} INFO - [2024-07-25T00:11:27.960+0000] {dagbag.py:538} INFO - Filling up the DagBag from /opt/airflow/dags/exemplo_run_dag_operator_1.py
[2024-07-25T00:11:27.976+0000] {processor.py:753} INFO - DAG(s) dict_keys(['exemplo_run_dag_operator_1']) retrieved from /opt/airflow/dags/exemplo_run_dag_operator_1.py
[2024-07-25T00:11:27.990+0000] {logging_mixin.py:137} INFO - [2024-07-25T00:11:27.990+0000] {dag.py:2690} INFO - Sync 1 DAGs
[2024-07-25T00:11:28.009+0000] {logging_mixin.py:137} INFO - [2024-07-25T00:11:28.009+0000] {dag.py:3441} INFO - Setting next_dagrun for exemplo_run_dag_operator_1 to None, run_after=None
[2024-07-25T00:11:28.027+0000] {processor.py:175} INFO - Processing /opt/airflow/dags/exemplo_run_dag_operator_1.py took 0.071 seconds
[2024-07-25T00:11:33.582+0000] {processor.py:153} INFO - Started process (PID=95606) to work on /opt/airflow/dags/exemplo_run_dag_operator_1.py
[2024-07-25T00:11:33.583+0000] {processor.py:743} INFO - Processing file /opt/airflow/dags/exemplo_run_dag_operator_1.py for tasks to queue
[2024-07-25T00:11:33.584+0000] {logging_mixin.py:137} INFO - [2024-07-25T00:11:33.584+0000] {dagbag.py:538} INFO - Filling up the DagBag from /opt/airflow/dags/exemplo_run_dag_operator_1.py
[2024-07-25T00:11:33.600+0000] {processor.py:753} INFO - DAG(s) dict_keys(['exemplo_run_dag_operator_1']) retrieved from /opt/airflow/dags/exemplo_run_dag_operator_1.py
[2024-07-25T00:11:33.610+0000] {logging_mixin.py:137} INFO - [2024-07-25T00:11:33.609+0000] {dag.py:2690} INFO - Sync 1 DAGs
[2024-07-25T00:11:33.624+0000] {logging_mixin.py:137} INFO - [2024-07-25T00:11:33.623+0000] {dag.py:3441} INFO - Setting next_dagrun for exemplo_run_dag_operator_1 to None, run_after=None
[2024-07-25T00:11:33.637+0000] {processor.py:175} INFO - Processing /opt/airflow/dags/exemplo_run_dag_operator_1.py took 0.058 seconds
[2024-07-25T00:11:39.121+0000] {processor.py:153} INFO - Started process (PID=95634) to work on /opt/airflow/dags/exemplo_run_dag_operator_1.py
[2024-07-25T00:11:39.122+0000] {processor.py:743} INFO - Processing file /opt/airflow/dags/exemplo_run_dag_operator_1.py for tasks to queue
[2024-07-25T00:11:39.123+0000] {logging_mixin.py:137} INFO - [2024-07-25T00:11:39.122+0000] {dagbag.py:538} INFO - Filling up the DagBag from /opt/airflow/dags/exemplo_run_dag_operator_1.py
[2024-07-25T00:11:39.144+0000] {processor.py:753} INFO - DAG(s) dict_keys(['exemplo_run_dag_operator_1']) retrieved from /opt/airflow/dags/exemplo_run_dag_operator_1.py
[2024-07-25T00:11:39.173+0000] {logging_mixin.py:137} INFO - [2024-07-25T00:11:39.172+0000] {dag.py:2690} INFO - Sync 1 DAGs
[2024-07-25T00:11:39.192+0000] {logging_mixin.py:137} INFO - [2024-07-25T00:11:39.192+0000] {dag.py:3441} INFO - Setting next_dagrun for exemplo_run_dag_operator_1 to None, run_after=None
[2024-07-25T00:11:39.206+0000] {processor.py:175} INFO - Processing /opt/airflow/dags/exemplo_run_dag_operator_1.py took 0.088 seconds
[2024-07-25T00:11:44.565+0000] {processor.py:153} INFO - Started process (PID=95646) to work on /opt/airflow/dags/exemplo_run_dag_operator_1.py
[2024-07-25T00:11:44.566+0000] {processor.py:743} INFO - Processing file /opt/airflow/dags/exemplo_run_dag_operator_1.py for tasks to queue
[2024-07-25T00:11:44.567+0000] {logging_mixin.py:137} INFO - [2024-07-25T00:11:44.567+0000] {dagbag.py:538} INFO - Filling up the DagBag from /opt/airflow/dags/exemplo_run_dag_operator_1.py
[2024-07-25T00:11:44.587+0000] {processor.py:753} INFO - DAG(s) dict_keys(['exemplo_run_dag_operator_1']) retrieved from /opt/airflow/dags/exemplo_run_dag_operator_1.py
[2024-07-25T00:11:44.598+0000] {logging_mixin.py:137} INFO - [2024-07-25T00:11:44.598+0000] {dag.py:2690} INFO - Sync 1 DAGs
[2024-07-25T00:11:44.617+0000] {logging_mixin.py:137} INFO - [2024-07-25T00:11:44.617+0000] {dag.py:3441} INFO - Setting next_dagrun for exemplo_run_dag_operator_1 to None, run_after=None
[2024-07-25T00:11:44.633+0000] {processor.py:175} INFO - Processing /opt/airflow/dags/exemplo_run_dag_operator_1.py took 0.072 seconds
[2024-07-25T00:11:50.145+0000] {processor.py:153} INFO - Started process (PID=95674) to work on /opt/airflow/dags/exemplo_run_dag_operator_1.py
[2024-07-25T00:11:50.146+0000] {processor.py:743} INFO - Processing file /opt/airflow/dags/exemplo_run_dag_operator_1.py for tasks to queue
[2024-07-25T00:11:50.147+0000] {logging_mixin.py:137} INFO - [2024-07-25T00:11:50.147+0000] {dagbag.py:538} INFO - Filling up the DagBag from /opt/airflow/dags/exemplo_run_dag_operator_1.py
[2024-07-25T00:11:50.163+0000] {processor.py:753} INFO - DAG(s) dict_keys(['exemplo_run_dag_operator_1']) retrieved from /opt/airflow/dags/exemplo_run_dag_operator_1.py
[2024-07-25T00:11:50.184+0000] {logging_mixin.py:137} INFO - [2024-07-25T00:11:50.184+0000] {dag.py:2690} INFO - Sync 1 DAGs
[2024-07-25T00:11:50.201+0000] {logging_mixin.py:137} INFO - [2024-07-25T00:11:50.201+0000] {dag.py:3441} INFO - Setting next_dagrun for exemplo_run_dag_operator_1 to None, run_after=None
[2024-07-25T00:11:50.213+0000] {processor.py:175} INFO - Processing /opt/airflow/dags/exemplo_run_dag_operator_1.py took 0.072 seconds
[2024-07-25T00:11:55.632+0000] {processor.py:153} INFO - Started process (PID=95686) to work on /opt/airflow/dags/exemplo_run_dag_operator_1.py
[2024-07-25T00:11:55.633+0000] {processor.py:743} INFO - Processing file /opt/airflow/dags/exemplo_run_dag_operator_1.py for tasks to queue
[2024-07-25T00:11:55.633+0000] {logging_mixin.py:137} INFO - [2024-07-25T00:11:55.633+0000] {dagbag.py:538} INFO - Filling up the DagBag from /opt/airflow/dags/exemplo_run_dag_operator_1.py
[2024-07-25T00:11:55.644+0000] {processor.py:753} INFO - DAG(s) dict_keys(['exemplo_run_dag_operator_1']) retrieved from /opt/airflow/dags/exemplo_run_dag_operator_1.py
[2024-07-25T00:11:55.659+0000] {logging_mixin.py:137} INFO - [2024-07-25T00:11:55.658+0000] {dag.py:2690} INFO - Sync 1 DAGs
[2024-07-25T00:11:55.679+0000] {logging_mixin.py:137} INFO - [2024-07-25T00:11:55.679+0000] {dag.py:3441} INFO - Setting next_dagrun for exemplo_run_dag_operator_1 to None, run_after=None
[2024-07-25T00:11:55.696+0000] {processor.py:175} INFO - Processing /opt/airflow/dags/exemplo_run_dag_operator_1.py took 0.065 seconds
[2024-07-25T00:12:01.115+0000] {processor.py:153} INFO - Started process (PID=95714) to work on /opt/airflow/dags/exemplo_run_dag_operator_1.py
[2024-07-25T00:12:01.116+0000] {processor.py:743} INFO - Processing file /opt/airflow/dags/exemplo_run_dag_operator_1.py for tasks to queue
[2024-07-25T00:12:01.116+0000] {logging_mixin.py:137} INFO - [2024-07-25T00:12:01.116+0000] {dagbag.py:538} INFO - Filling up the DagBag from /opt/airflow/dags/exemplo_run_dag_operator_1.py
[2024-07-25T00:12:01.127+0000] {processor.py:753} INFO - DAG(s) dict_keys(['exemplo_run_dag_operator_1']) retrieved from /opt/airflow/dags/exemplo_run_dag_operator_1.py
[2024-07-25T00:12:01.144+0000] {logging_mixin.py:137} INFO - [2024-07-25T00:12:01.144+0000] {dag.py:2690} INFO - Sync 1 DAGs
[2024-07-25T00:12:01.159+0000] {logging_mixin.py:137} INFO - [2024-07-25T00:12:01.159+0000] {dag.py:3441} INFO - Setting next_dagrun for exemplo_run_dag_operator_1 to None, run_after=None
[2024-07-25T00:12:01.172+0000] {processor.py:175} INFO - Processing /opt/airflow/dags/exemplo_run_dag_operator_1.py took 0.059 seconds
[2024-07-25T00:12:06.574+0000] {processor.py:153} INFO - Started process (PID=95726) to work on /opt/airflow/dags/exemplo_run_dag_operator_1.py
[2024-07-25T00:12:06.576+0000] {processor.py:743} INFO - Processing file /opt/airflow/dags/exemplo_run_dag_operator_1.py for tasks to queue
[2024-07-25T00:12:06.577+0000] {logging_mixin.py:137} INFO - [2024-07-25T00:12:06.577+0000] {dagbag.py:538} INFO - Filling up the DagBag from /opt/airflow/dags/exemplo_run_dag_operator_1.py
[2024-07-25T00:12:06.596+0000] {processor.py:753} INFO - DAG(s) dict_keys(['exemplo_run_dag_operator_1']) retrieved from /opt/airflow/dags/exemplo_run_dag_operator_1.py
[2024-07-25T00:12:06.613+0000] {logging_mixin.py:137} INFO - [2024-07-25T00:12:06.613+0000] {dag.py:2690} INFO - Sync 1 DAGs
[2024-07-25T00:12:06.629+0000] {logging_mixin.py:137} INFO - [2024-07-25T00:12:06.629+0000] {dag.py:3441} INFO - Setting next_dagrun for exemplo_run_dag_operator_1 to None, run_after=None
[2024-07-25T00:12:06.639+0000] {processor.py:175} INFO - Processing /opt/airflow/dags/exemplo_run_dag_operator_1.py took 0.069 seconds
[2024-07-25T00:12:11.945+0000] {processor.py:153} INFO - Started process (PID=95754) to work on /opt/airflow/dags/exemplo_run_dag_operator_1.py
[2024-07-25T00:12:11.946+0000] {processor.py:743} INFO - Processing file /opt/airflow/dags/exemplo_run_dag_operator_1.py for tasks to queue
[2024-07-25T00:12:11.947+0000] {logging_mixin.py:137} INFO - [2024-07-25T00:12:11.947+0000] {dagbag.py:538} INFO - Filling up the DagBag from /opt/airflow/dags/exemplo_run_dag_operator_1.py
[2024-07-25T00:12:11.959+0000] {processor.py:753} INFO - DAG(s) dict_keys(['exemplo_run_dag_operator_1']) retrieved from /opt/airflow/dags/exemplo_run_dag_operator_1.py
[2024-07-25T00:12:11.974+0000] {logging_mixin.py:137} INFO - [2024-07-25T00:12:11.973+0000] {dag.py:2690} INFO - Sync 1 DAGs
[2024-07-25T00:12:11.987+0000] {logging_mixin.py:137} INFO - [2024-07-25T00:12:11.987+0000] {dag.py:3441} INFO - Setting next_dagrun for exemplo_run_dag_operator_1 to None, run_after=None
[2024-07-25T00:12:11.996+0000] {processor.py:175} INFO - Processing /opt/airflow/dags/exemplo_run_dag_operator_1.py took 0.053 seconds
[2024-07-25T00:12:17.436+0000] {processor.py:153} INFO - Started process (PID=95766) to work on /opt/airflow/dags/exemplo_run_dag_operator_1.py
[2024-07-25T00:12:17.439+0000] {processor.py:743} INFO - Processing file /opt/airflow/dags/exemplo_run_dag_operator_1.py for tasks to queue
[2024-07-25T00:12:17.440+0000] {logging_mixin.py:137} INFO - [2024-07-25T00:12:17.440+0000] {dagbag.py:538} INFO - Filling up the DagBag from /opt/airflow/dags/exemplo_run_dag_operator_1.py
[2024-07-25T00:12:17.454+0000] {processor.py:753} INFO - DAG(s) dict_keys(['exemplo_run_dag_operator_1']) retrieved from /opt/airflow/dags/exemplo_run_dag_operator_1.py
[2024-07-25T00:12:17.469+0000] {logging_mixin.py:137} INFO - [2024-07-25T00:12:17.468+0000] {dag.py:2690} INFO - Sync 1 DAGs
[2024-07-25T00:12:17.483+0000] {logging_mixin.py:137} INFO - [2024-07-25T00:12:17.483+0000] {dag.py:3441} INFO - Setting next_dagrun for exemplo_run_dag_operator_1 to None, run_after=None
[2024-07-25T00:12:17.493+0000] {processor.py:175} INFO - Processing /opt/airflow/dags/exemplo_run_dag_operator_1.py took 0.060 seconds
[2024-07-25T00:12:22.871+0000] {processor.py:153} INFO - Started process (PID=95793) to work on /opt/airflow/dags/exemplo_run_dag_operator_1.py
[2024-07-25T00:12:22.872+0000] {processor.py:743} INFO - Processing file /opt/airflow/dags/exemplo_run_dag_operator_1.py for tasks to queue
[2024-07-25T00:12:22.873+0000] {logging_mixin.py:137} INFO - [2024-07-25T00:12:22.873+0000] {dagbag.py:538} INFO - Filling up the DagBag from /opt/airflow/dags/exemplo_run_dag_operator_1.py
[2024-07-25T00:12:22.891+0000] {processor.py:753} INFO - DAG(s) dict_keys(['exemplo_run_dag_operator_1']) retrieved from /opt/airflow/dags/exemplo_run_dag_operator_1.py
[2024-07-25T00:12:22.911+0000] {logging_mixin.py:137} INFO - [2024-07-25T00:12:22.911+0000] {dag.py:2690} INFO - Sync 1 DAGs
[2024-07-25T00:12:22.927+0000] {logging_mixin.py:137} INFO - [2024-07-25T00:12:22.927+0000] {dag.py:3441} INFO - Setting next_dagrun for exemplo_run_dag_operator_1 to None, run_after=None
[2024-07-25T00:12:22.940+0000] {processor.py:175} INFO - Processing /opt/airflow/dags/exemplo_run_dag_operator_1.py took 0.071 seconds
[2024-07-25T00:12:27.507+0000] {processor.py:153} INFO - Started process (PID=95805) to work on /opt/airflow/dags/exemplo_run_dag_operator_1.py
[2024-07-25T00:12:27.507+0000] {processor.py:743} INFO - Processing file /opt/airflow/dags/exemplo_run_dag_operator_1.py for tasks to queue
[2024-07-25T00:12:27.508+0000] {logging_mixin.py:137} INFO - [2024-07-25T00:12:27.508+0000] {dagbag.py:538} INFO - Filling up the DagBag from /opt/airflow/dags/exemplo_run_dag_operator_1.py
[2024-07-25T00:12:27.518+0000] {processor.py:753} INFO - DAG(s) dict_keys(['exemplo_run_dag_operator_1']) retrieved from /opt/airflow/dags/exemplo_run_dag_operator_1.py
[2024-07-25T00:12:27.537+0000] {logging_mixin.py:137} INFO - [2024-07-25T00:12:27.537+0000] {taskinstance.py:1770} ERROR - {'DAG Id': 'exemplo_run_dag_operator_1', 'Task Id': 'tsk2', 'Run Id': 'manual__2024-07-25T00:12:10.278475+00:00', 'Hostname': '448a9c84d52e', 'External Executor Id': '6c965d1c-d638-4849-8280-3d0681404f92'}
[2024-07-25T00:12:27.548+0000] {logging_mixin.py:137} INFO - [2024-07-25T00:12:27.548+0000] {taskinstance.py:1323} INFO - Marking task as FAILED. dag_id=exemplo_run_dag_operator_1, task_id=tsk2, execution_date=20240725T001210, start_date=20240725T001217, end_date=20240725T001227
[2024-07-25T00:12:27.553+0000] {processor.py:713} INFO - Executed failure callback for <TaskInstance: exemplo_run_dag_operator_1.tsk2 manual__2024-07-25T00:12:10.278475+00:00 [failed]> in state failed
[2024-07-25T00:12:27.561+0000] {logging_mixin.py:137} INFO - [2024-07-25T00:12:27.561+0000] {dag.py:2690} INFO - Sync 1 DAGs
[2024-07-25T00:12:27.572+0000] {logging_mixin.py:137} INFO - [2024-07-25T00:12:27.572+0000] {dag.py:3441} INFO - Setting next_dagrun for exemplo_run_dag_operator_1 to None, run_after=None
[2024-07-25T00:12:27.581+0000] {processor.py:175} INFO - Processing /opt/airflow/dags/exemplo_run_dag_operator_1.py took 0.077 seconds
[2024-07-25T00:12:32.914+0000] {processor.py:153} INFO - Started process (PID=95832) to work on /opt/airflow/dags/exemplo_run_dag_operator_1.py
[2024-07-25T00:12:32.915+0000] {processor.py:743} INFO - Processing file /opt/airflow/dags/exemplo_run_dag_operator_1.py for tasks to queue
[2024-07-25T00:12:32.916+0000] {logging_mixin.py:137} INFO - [2024-07-25T00:12:32.915+0000] {dagbag.py:538} INFO - Filling up the DagBag from /opt/airflow/dags/exemplo_run_dag_operator_1.py
[2024-07-25T00:12:32.941+0000] {processor.py:753} INFO - DAG(s) dict_keys(['exemplo_run_dag_operator_1']) retrieved from /opt/airflow/dags/exemplo_run_dag_operator_1.py
[2024-07-25T00:12:33.082+0000] {logging_mixin.py:137} INFO - [2024-07-25T00:12:33.081+0000] {dag.py:2690} INFO - Sync 1 DAGs
[2024-07-25T00:12:33.104+0000] {logging_mixin.py:137} INFO - [2024-07-25T00:12:33.104+0000] {dag.py:3441} INFO - Setting next_dagrun for exemplo_run_dag_operator_1 to None, run_after=None
[2024-07-25T00:12:33.129+0000] {processor.py:175} INFO - Processing /opt/airflow/dags/exemplo_run_dag_operator_1.py took 0.221 seconds
[2024-07-25T00:12:38.575+0000] {processor.py:153} INFO - Started process (PID=95844) to work on /opt/airflow/dags/exemplo_run_dag_operator_1.py
[2024-07-25T00:12:38.577+0000] {processor.py:743} INFO - Processing file /opt/airflow/dags/exemplo_run_dag_operator_1.py for tasks to queue
[2024-07-25T00:12:38.578+0000] {logging_mixin.py:137} INFO - [2024-07-25T00:12:38.578+0000] {dagbag.py:538} INFO - Filling up the DagBag from /opt/airflow/dags/exemplo_run_dag_operator_1.py
[2024-07-25T00:12:38.595+0000] {processor.py:753} INFO - DAG(s) dict_keys(['exemplo_run_dag_operator_1']) retrieved from /opt/airflow/dags/exemplo_run_dag_operator_1.py
[2024-07-25T00:12:38.604+0000] {logging_mixin.py:137} INFO - [2024-07-25T00:12:38.604+0000] {dag.py:2690} INFO - Sync 1 DAGs
[2024-07-25T00:12:38.624+0000] {logging_mixin.py:137} INFO - [2024-07-25T00:12:38.624+0000] {dag.py:3441} INFO - Setting next_dagrun for exemplo_run_dag_operator_1 to None, run_after=None
[2024-07-25T00:12:38.642+0000] {processor.py:175} INFO - Processing /opt/airflow/dags/exemplo_run_dag_operator_1.py took 0.072 seconds
[2024-07-25T00:12:44.042+0000] {processor.py:153} INFO - Started process (PID=95872) to work on /opt/airflow/dags/exemplo_run_dag_operator_1.py
[2024-07-25T00:12:44.051+0000] {processor.py:743} INFO - Processing file /opt/airflow/dags/exemplo_run_dag_operator_1.py for tasks to queue
[2024-07-25T00:12:44.055+0000] {logging_mixin.py:137} INFO - [2024-07-25T00:12:44.055+0000] {dagbag.py:538} INFO - Filling up the DagBag from /opt/airflow/dags/exemplo_run_dag_operator_1.py
[2024-07-25T00:12:44.082+0000] {processor.py:753} INFO - DAG(s) dict_keys(['exemplo_run_dag_operator_1']) retrieved from /opt/airflow/dags/exemplo_run_dag_operator_1.py
[2024-07-25T00:12:44.097+0000] {logging_mixin.py:137} INFO - [2024-07-25T00:12:44.097+0000] {dag.py:2690} INFO - Sync 1 DAGs
[2024-07-25T00:12:44.119+0000] {logging_mixin.py:137} INFO - [2024-07-25T00:12:44.119+0000] {dag.py:3441} INFO - Setting next_dagrun for exemplo_run_dag_operator_1 to None, run_after=None
[2024-07-25T00:12:44.134+0000] {processor.py:175} INFO - Processing /opt/airflow/dags/exemplo_run_dag_operator_1.py took 0.103 seconds
[2024-07-25T00:12:49.469+0000] {processor.py:153} INFO - Started process (PID=95884) to work on /opt/airflow/dags/exemplo_run_dag_operator_1.py
[2024-07-25T00:12:49.470+0000] {processor.py:743} INFO - Processing file /opt/airflow/dags/exemplo_run_dag_operator_1.py for tasks to queue
[2024-07-25T00:12:49.471+0000] {logging_mixin.py:137} INFO - [2024-07-25T00:12:49.471+0000] {dagbag.py:538} INFO - Filling up the DagBag from /opt/airflow/dags/exemplo_run_dag_operator_1.py
[2024-07-25T00:12:49.491+0000] {processor.py:753} INFO - DAG(s) dict_keys(['exemplo_run_dag_operator_1']) retrieved from /opt/airflow/dags/exemplo_run_dag_operator_1.py
[2024-07-25T00:12:49.502+0000] {logging_mixin.py:137} INFO - [2024-07-25T00:12:49.502+0000] {dag.py:2690} INFO - Sync 1 DAGs
[2024-07-25T00:12:49.519+0000] {logging_mixin.py:137} INFO - [2024-07-25T00:12:49.519+0000] {dag.py:3441} INFO - Setting next_dagrun for exemplo_run_dag_operator_1 to None, run_after=None
[2024-07-25T00:12:49.529+0000] {processor.py:175} INFO - Processing /opt/airflow/dags/exemplo_run_dag_operator_1.py took 0.064 seconds
[2024-07-25T00:12:54.826+0000] {processor.py:153} INFO - Started process (PID=95896) to work on /opt/airflow/dags/exemplo_run_dag_operator_1.py
[2024-07-25T00:12:54.826+0000] {processor.py:743} INFO - Processing file /opt/airflow/dags/exemplo_run_dag_operator_1.py for tasks to queue
[2024-07-25T00:12:54.827+0000] {logging_mixin.py:137} INFO - [2024-07-25T00:12:54.827+0000] {dagbag.py:538} INFO - Filling up the DagBag from /opt/airflow/dags/exemplo_run_dag_operator_1.py
[2024-07-25T00:12:54.841+0000] {processor.py:753} INFO - DAG(s) dict_keys(['exemplo_run_dag_operator_1']) retrieved from /opt/airflow/dags/exemplo_run_dag_operator_1.py
[2024-07-25T00:12:54.850+0000] {logging_mixin.py:137} INFO - [2024-07-25T00:12:54.850+0000] {dag.py:2690} INFO - Sync 1 DAGs
[2024-07-25T00:12:54.866+0000] {logging_mixin.py:137} INFO - [2024-07-25T00:12:54.866+0000] {dag.py:3441} INFO - Setting next_dagrun for exemplo_run_dag_operator_1 to None, run_after=None
[2024-07-25T00:12:54.877+0000] {processor.py:175} INFO - Processing /opt/airflow/dags/exemplo_run_dag_operator_1.py took 0.054 seconds
[2024-07-25T00:13:00.227+0000] {processor.py:153} INFO - Started process (PID=95924) to work on /opt/airflow/dags/exemplo_run_dag_operator_1.py
[2024-07-25T00:13:00.229+0000] {processor.py:743} INFO - Processing file /opt/airflow/dags/exemplo_run_dag_operator_1.py for tasks to queue
[2024-07-25T00:13:00.229+0000] {logging_mixin.py:137} INFO - [2024-07-25T00:13:00.229+0000] {dagbag.py:538} INFO - Filling up the DagBag from /opt/airflow/dags/exemplo_run_dag_operator_1.py
[2024-07-25T00:13:00.249+0000] {processor.py:753} INFO - DAG(s) dict_keys(['exemplo_run_dag_operator_1']) retrieved from /opt/airflow/dags/exemplo_run_dag_operator_1.py
[2024-07-25T00:13:00.259+0000] {logging_mixin.py:137} INFO - [2024-07-25T00:13:00.259+0000] {dag.py:2690} INFO - Sync 1 DAGs
[2024-07-25T00:13:00.273+0000] {logging_mixin.py:137} INFO - [2024-07-25T00:13:00.273+0000] {dag.py:3441} INFO - Setting next_dagrun for exemplo_run_dag_operator_1 to None, run_after=None
[2024-07-25T00:13:00.285+0000] {processor.py:175} INFO - Processing /opt/airflow/dags/exemplo_run_dag_operator_1.py took 0.062 seconds
[2024-07-25T00:13:05.669+0000] {processor.py:153} INFO - Started process (PID=95936) to work on /opt/airflow/dags/exemplo_run_dag_operator_1.py
[2024-07-25T00:13:05.670+0000] {processor.py:743} INFO - Processing file /opt/airflow/dags/exemplo_run_dag_operator_1.py for tasks to queue
[2024-07-25T00:13:05.670+0000] {logging_mixin.py:137} INFO - [2024-07-25T00:13:05.670+0000] {dagbag.py:538} INFO - Filling up the DagBag from /opt/airflow/dags/exemplo_run_dag_operator_1.py
[2024-07-25T00:13:05.686+0000] {processor.py:753} INFO - DAG(s) dict_keys(['exemplo_run_dag_operator_1']) retrieved from /opt/airflow/dags/exemplo_run_dag_operator_1.py
[2024-07-25T00:13:05.704+0000] {logging_mixin.py:137} INFO - [2024-07-25T00:13:05.704+0000] {dag.py:2690} INFO - Sync 1 DAGs
[2024-07-25T00:13:05.717+0000] {logging_mixin.py:137} INFO - [2024-07-25T00:13:05.717+0000] {dag.py:3441} INFO - Setting next_dagrun for exemplo_run_dag_operator_1 to None, run_after=None
[2024-07-25T00:13:05.729+0000] {processor.py:175} INFO - Processing /opt/airflow/dags/exemplo_run_dag_operator_1.py took 0.062 seconds
[2024-07-25T00:13:11.047+0000] {processor.py:153} INFO - Started process (PID=95964) to work on /opt/airflow/dags/exemplo_run_dag_operator_1.py
[2024-07-25T00:13:11.048+0000] {processor.py:743} INFO - Processing file /opt/airflow/dags/exemplo_run_dag_operator_1.py for tasks to queue
[2024-07-25T00:13:11.049+0000] {logging_mixin.py:137} INFO - [2024-07-25T00:13:11.049+0000] {dagbag.py:538} INFO - Filling up the DagBag from /opt/airflow/dags/exemplo_run_dag_operator_1.py
[2024-07-25T00:13:11.069+0000] {processor.py:753} INFO - DAG(s) dict_keys(['exemplo_run_dag_operator_1']) retrieved from /opt/airflow/dags/exemplo_run_dag_operator_1.py
[2024-07-25T00:13:11.086+0000] {logging_mixin.py:137} INFO - [2024-07-25T00:13:11.086+0000] {dag.py:2690} INFO - Sync 1 DAGs
[2024-07-25T00:13:11.100+0000] {logging_mixin.py:137} INFO - [2024-07-25T00:13:11.100+0000] {dag.py:3441} INFO - Setting next_dagrun for exemplo_run_dag_operator_1 to None, run_after=None
[2024-07-25T00:13:11.113+0000] {processor.py:175} INFO - Processing /opt/airflow/dags/exemplo_run_dag_operator_1.py took 0.071 seconds
[2024-07-25T00:13:16.544+0000] {processor.py:153} INFO - Started process (PID=95976) to work on /opt/airflow/dags/exemplo_run_dag_operator_1.py
[2024-07-25T00:13:16.545+0000] {processor.py:743} INFO - Processing file /opt/airflow/dags/exemplo_run_dag_operator_1.py for tasks to queue
[2024-07-25T00:13:16.546+0000] {logging_mixin.py:137} INFO - [2024-07-25T00:13:16.546+0000] {dagbag.py:538} INFO - Filling up the DagBag from /opt/airflow/dags/exemplo_run_dag_operator_1.py
[2024-07-25T00:13:16.568+0000] {processor.py:753} INFO - DAG(s) dict_keys(['exemplo_run_dag_operator_1']) retrieved from /opt/airflow/dags/exemplo_run_dag_operator_1.py
[2024-07-25T00:13:16.585+0000] {logging_mixin.py:137} INFO - [2024-07-25T00:13:16.585+0000] {dag.py:2690} INFO - Sync 1 DAGs
[2024-07-25T00:13:16.604+0000] {logging_mixin.py:137} INFO - [2024-07-25T00:13:16.604+0000] {dag.py:3441} INFO - Setting next_dagrun for exemplo_run_dag_operator_1 to None, run_after=None
[2024-07-25T00:13:16.617+0000] {processor.py:175} INFO - Processing /opt/airflow/dags/exemplo_run_dag_operator_1.py took 0.078 seconds
[2024-07-25T00:13:21.881+0000] {processor.py:153} INFO - Started process (PID=96004) to work on /opt/airflow/dags/exemplo_run_dag_operator_1.py
[2024-07-25T00:13:21.882+0000] {processor.py:743} INFO - Processing file /opt/airflow/dags/exemplo_run_dag_operator_1.py for tasks to queue
[2024-07-25T00:13:21.882+0000] {logging_mixin.py:137} INFO - [2024-07-25T00:13:21.882+0000] {dagbag.py:538} INFO - Filling up the DagBag from /opt/airflow/dags/exemplo_run_dag_operator_1.py
[2024-07-25T00:13:21.892+0000] {processor.py:753} INFO - DAG(s) dict_keys(['exemplo_run_dag_operator_1']) retrieved from /opt/airflow/dags/exemplo_run_dag_operator_1.py
[2024-07-25T00:13:21.912+0000] {logging_mixin.py:137} INFO - [2024-07-25T00:13:21.912+0000] {dag.py:2690} INFO - Sync 1 DAGs
[2024-07-25T00:13:21.929+0000] {logging_mixin.py:137} INFO - [2024-07-25T00:13:21.929+0000] {dag.py:3441} INFO - Setting next_dagrun for exemplo_run_dag_operator_1 to None, run_after=None
[2024-07-25T00:13:21.948+0000] {processor.py:175} INFO - Processing /opt/airflow/dags/exemplo_run_dag_operator_1.py took 0.069 seconds
[2024-07-25T00:13:27.403+0000] {processor.py:153} INFO - Started process (PID=96016) to work on /opt/airflow/dags/exemplo_run_dag_operator_1.py
[2024-07-25T00:13:27.405+0000] {processor.py:743} INFO - Processing file /opt/airflow/dags/exemplo_run_dag_operator_1.py for tasks to queue
[2024-07-25T00:13:27.406+0000] {logging_mixin.py:137} INFO - [2024-07-25T00:13:27.406+0000] {dagbag.py:538} INFO - Filling up the DagBag from /opt/airflow/dags/exemplo_run_dag_operator_1.py
[2024-07-25T00:13:27.424+0000] {processor.py:753} INFO - DAG(s) dict_keys(['exemplo_run_dag_operator_1']) retrieved from /opt/airflow/dags/exemplo_run_dag_operator_1.py
[2024-07-25T00:13:27.444+0000] {logging_mixin.py:137} INFO - [2024-07-25T00:13:27.444+0000] {dag.py:2690} INFO - Sync 1 DAGs
[2024-07-25T00:13:27.461+0000] {logging_mixin.py:137} INFO - [2024-07-25T00:13:27.461+0000] {dag.py:3441} INFO - Setting next_dagrun for exemplo_run_dag_operator_1 to None, run_after=None
[2024-07-25T00:13:27.474+0000] {processor.py:175} INFO - Processing /opt/airflow/dags/exemplo_run_dag_operator_1.py took 0.075 seconds
[2024-07-25T00:13:32.872+0000] {processor.py:153} INFO - Started process (PID=96044) to work on /opt/airflow/dags/exemplo_run_dag_operator_1.py
[2024-07-25T00:13:32.873+0000] {processor.py:743} INFO - Processing file /opt/airflow/dags/exemplo_run_dag_operator_1.py for tasks to queue
[2024-07-25T00:13:32.874+0000] {logging_mixin.py:137} INFO - [2024-07-25T00:13:32.873+0000] {dagbag.py:538} INFO - Filling up the DagBag from /opt/airflow/dags/exemplo_run_dag_operator_1.py
[2024-07-25T00:13:32.888+0000] {processor.py:753} INFO - DAG(s) dict_keys(['exemplo_run_dag_operator_1']) retrieved from /opt/airflow/dags/exemplo_run_dag_operator_1.py
[2024-07-25T00:13:32.904+0000] {logging_mixin.py:137} INFO - [2024-07-25T00:13:32.904+0000] {dag.py:2690} INFO - Sync 1 DAGs
[2024-07-25T00:13:32.918+0000] {logging_mixin.py:137} INFO - [2024-07-25T00:13:32.918+0000] {dag.py:3441} INFO - Setting next_dagrun for exemplo_run_dag_operator_1 to None, run_after=None
[2024-07-25T00:13:32.933+0000] {processor.py:175} INFO - Processing /opt/airflow/dags/exemplo_run_dag_operator_1.py took 0.063 seconds
[2024-07-25T00:13:38.390+0000] {processor.py:153} INFO - Started process (PID=96056) to work on /opt/airflow/dags/exemplo_run_dag_operator_1.py
[2024-07-25T00:13:38.391+0000] {processor.py:743} INFO - Processing file /opt/airflow/dags/exemplo_run_dag_operator_1.py for tasks to queue
[2024-07-25T00:13:38.392+0000] {logging_mixin.py:137} INFO - [2024-07-25T00:13:38.391+0000] {dagbag.py:538} INFO - Filling up the DagBag from /opt/airflow/dags/exemplo_run_dag_operator_1.py
[2024-07-25T00:13:38.423+0000] {processor.py:753} INFO - DAG(s) dict_keys(['exemplo_run_dag_operator_1']) retrieved from /opt/airflow/dags/exemplo_run_dag_operator_1.py
[2024-07-25T00:13:38.443+0000] {logging_mixin.py:137} INFO - [2024-07-25T00:13:38.443+0000] {dag.py:2690} INFO - Sync 1 DAGs
[2024-07-25T00:13:38.461+0000] {logging_mixin.py:137} INFO - [2024-07-25T00:13:38.461+0000] {dag.py:3441} INFO - Setting next_dagrun for exemplo_run_dag_operator_1 to None, run_after=None
[2024-07-25T00:13:38.475+0000] {processor.py:175} INFO - Processing /opt/airflow/dags/exemplo_run_dag_operator_1.py took 0.090 seconds
[2024-07-25T00:13:43.864+0000] {processor.py:153} INFO - Started process (PID=96084) to work on /opt/airflow/dags/exemplo_run_dag_operator_1.py
[2024-07-25T00:13:43.865+0000] {processor.py:743} INFO - Processing file /opt/airflow/dags/exemplo_run_dag_operator_1.py for tasks to queue
[2024-07-25T00:13:43.866+0000] {logging_mixin.py:137} INFO - [2024-07-25T00:13:43.866+0000] {dagbag.py:538} INFO - Filling up the DagBag from /opt/airflow/dags/exemplo_run_dag_operator_1.py
[2024-07-25T00:13:43.882+0000] {processor.py:753} INFO - DAG(s) dict_keys(['exemplo_run_dag_operator_1']) retrieved from /opt/airflow/dags/exemplo_run_dag_operator_1.py
[2024-07-25T00:13:43.904+0000] {logging_mixin.py:137} INFO - [2024-07-25T00:13:43.904+0000] {dag.py:2690} INFO - Sync 1 DAGs
[2024-07-25T00:13:43.925+0000] {logging_mixin.py:137} INFO - [2024-07-25T00:13:43.925+0000] {dag.py:3441} INFO - Setting next_dagrun for exemplo_run_dag_operator_1 to None, run_after=None
[2024-07-25T00:13:43.940+0000] {processor.py:175} INFO - Processing /opt/airflow/dags/exemplo_run_dag_operator_1.py took 0.079 seconds
[2024-07-25T00:13:49.356+0000] {processor.py:153} INFO - Started process (PID=96096) to work on /opt/airflow/dags/exemplo_run_dag_operator_1.py
[2024-07-25T00:13:49.357+0000] {processor.py:743} INFO - Processing file /opt/airflow/dags/exemplo_run_dag_operator_1.py for tasks to queue
[2024-07-25T00:13:49.359+0000] {logging_mixin.py:137} INFO - [2024-07-25T00:13:49.359+0000] {dagbag.py:538} INFO - Filling up the DagBag from /opt/airflow/dags/exemplo_run_dag_operator_1.py
[2024-07-25T00:13:49.377+0000] {processor.py:753} INFO - DAG(s) dict_keys(['exemplo_run_dag_operator_1']) retrieved from /opt/airflow/dags/exemplo_run_dag_operator_1.py
[2024-07-25T00:13:49.397+0000] {logging_mixin.py:137} INFO - [2024-07-25T00:13:49.396+0000] {dag.py:2690} INFO - Sync 1 DAGs
[2024-07-25T00:13:49.412+0000] {logging_mixin.py:137} INFO - [2024-07-25T00:13:49.412+0000] {dag.py:3441} INFO - Setting next_dagrun for exemplo_run_dag_operator_1 to None, run_after=None
[2024-07-25T00:13:49.427+0000] {processor.py:175} INFO - Processing /opt/airflow/dags/exemplo_run_dag_operator_1.py took 0.076 seconds
[2024-07-25T00:13:54.956+0000] {processor.py:153} INFO - Started process (PID=96124) to work on /opt/airflow/dags/exemplo_run_dag_operator_1.py
[2024-07-25T00:13:54.958+0000] {processor.py:743} INFO - Processing file /opt/airflow/dags/exemplo_run_dag_operator_1.py for tasks to queue
[2024-07-25T00:13:54.959+0000] {logging_mixin.py:137} INFO - [2024-07-25T00:13:54.959+0000] {dagbag.py:538} INFO - Filling up the DagBag from /opt/airflow/dags/exemplo_run_dag_operator_1.py
[2024-07-25T00:13:54.972+0000] {processor.py:753} INFO - DAG(s) dict_keys(['exemplo_run_dag_operator_1']) retrieved from /opt/airflow/dags/exemplo_run_dag_operator_1.py
[2024-07-25T00:13:54.990+0000] {logging_mixin.py:137} INFO - [2024-07-25T00:13:54.990+0000] {dag.py:2690} INFO - Sync 1 DAGs
[2024-07-25T00:13:55.005+0000] {logging_mixin.py:137} INFO - [2024-07-25T00:13:55.005+0000] {dag.py:3441} INFO - Setting next_dagrun for exemplo_run_dag_operator_1 to None, run_after=None
[2024-07-25T00:13:55.021+0000] {processor.py:175} INFO - Processing /opt/airflow/dags/exemplo_run_dag_operator_1.py took 0.068 seconds
[2024-07-25T00:14:00.432+0000] {processor.py:153} INFO - Started process (PID=96136) to work on /opt/airflow/dags/exemplo_run_dag_operator_1.py
[2024-07-25T00:14:00.434+0000] {processor.py:743} INFO - Processing file /opt/airflow/dags/exemplo_run_dag_operator_1.py for tasks to queue
[2024-07-25T00:14:00.435+0000] {logging_mixin.py:137} INFO - [2024-07-25T00:14:00.435+0000] {dagbag.py:538} INFO - Filling up the DagBag from /opt/airflow/dags/exemplo_run_dag_operator_1.py
[2024-07-25T00:14:00.467+0000] {processor.py:753} INFO - DAG(s) dict_keys(['exemplo_run_dag_operator_1']) retrieved from /opt/airflow/dags/exemplo_run_dag_operator_1.py
[2024-07-25T00:14:00.496+0000] {logging_mixin.py:137} INFO - [2024-07-25T00:14:00.495+0000] {dag.py:2690} INFO - Sync 1 DAGs
[2024-07-25T00:14:00.518+0000] {logging_mixin.py:137} INFO - [2024-07-25T00:14:00.518+0000] {dag.py:3441} INFO - Setting next_dagrun for exemplo_run_dag_operator_1 to None, run_after=None
[2024-07-25T00:14:00.542+0000] {processor.py:175} INFO - Processing /opt/airflow/dags/exemplo_run_dag_operator_1.py took 0.117 seconds
[2024-07-25T00:14:06.141+0000] {processor.py:153} INFO - Started process (PID=96164) to work on /opt/airflow/dags/exemplo_run_dag_operator_1.py
[2024-07-25T00:14:06.142+0000] {processor.py:743} INFO - Processing file /opt/airflow/dags/exemplo_run_dag_operator_1.py for tasks to queue
[2024-07-25T00:14:06.143+0000] {logging_mixin.py:137} INFO - [2024-07-25T00:14:06.142+0000] {dagbag.py:538} INFO - Filling up the DagBag from /opt/airflow/dags/exemplo_run_dag_operator_1.py
[2024-07-25T00:14:06.154+0000] {processor.py:753} INFO - DAG(s) dict_keys(['exemplo_run_dag_operator_1']) retrieved from /opt/airflow/dags/exemplo_run_dag_operator_1.py
[2024-07-25T00:14:06.173+0000] {logging_mixin.py:137} INFO - [2024-07-25T00:14:06.173+0000] {dag.py:2690} INFO - Sync 1 DAGs
[2024-07-25T00:14:06.198+0000] {logging_mixin.py:137} INFO - [2024-07-25T00:14:06.198+0000] {dag.py:3441} INFO - Setting next_dagrun for exemplo_run_dag_operator_1 to None, run_after=None
[2024-07-25T00:14:06.216+0000] {processor.py:175} INFO - Processing /opt/airflow/dags/exemplo_run_dag_operator_1.py took 0.078 seconds
[2024-07-25T00:14:11.686+0000] {processor.py:153} INFO - Started process (PID=96176) to work on /opt/airflow/dags/exemplo_run_dag_operator_1.py
[2024-07-25T00:14:11.688+0000] {processor.py:743} INFO - Processing file /opt/airflow/dags/exemplo_run_dag_operator_1.py for tasks to queue
[2024-07-25T00:14:11.689+0000] {logging_mixin.py:137} INFO - [2024-07-25T00:14:11.689+0000] {dagbag.py:538} INFO - Filling up the DagBag from /opt/airflow/dags/exemplo_run_dag_operator_1.py
[2024-07-25T00:14:11.710+0000] {processor.py:753} INFO - DAG(s) dict_keys(['exemplo_run_dag_operator_1']) retrieved from /opt/airflow/dags/exemplo_run_dag_operator_1.py
[2024-07-25T00:14:11.732+0000] {logging_mixin.py:137} INFO - [2024-07-25T00:14:11.732+0000] {dag.py:2690} INFO - Sync 1 DAGs
[2024-07-25T00:14:11.747+0000] {logging_mixin.py:137} INFO - [2024-07-25T00:14:11.747+0000] {dag.py:3441} INFO - Setting next_dagrun for exemplo_run_dag_operator_1 to None, run_after=None
[2024-07-25T00:14:11.760+0000] {processor.py:175} INFO - Processing /opt/airflow/dags/exemplo_run_dag_operator_1.py took 0.079 seconds
[2024-07-25T00:14:17.218+0000] {processor.py:153} INFO - Started process (PID=96204) to work on /opt/airflow/dags/exemplo_run_dag_operator_1.py
[2024-07-25T00:14:17.218+0000] {processor.py:743} INFO - Processing file /opt/airflow/dags/exemplo_run_dag_operator_1.py for tasks to queue
[2024-07-25T00:14:17.219+0000] {logging_mixin.py:137} INFO - [2024-07-25T00:14:17.219+0000] {dagbag.py:538} INFO - Filling up the DagBag from /opt/airflow/dags/exemplo_run_dag_operator_1.py
[2024-07-25T00:14:17.233+0000] {processor.py:753} INFO - DAG(s) dict_keys(['exemplo_run_dag_operator_1']) retrieved from /opt/airflow/dags/exemplo_run_dag_operator_1.py
[2024-07-25T00:14:17.252+0000] {logging_mixin.py:137} INFO - [2024-07-25T00:14:17.252+0000] {dag.py:2690} INFO - Sync 1 DAGs
[2024-07-25T00:14:17.268+0000] {logging_mixin.py:137} INFO - [2024-07-25T00:14:17.268+0000] {dag.py:3441} INFO - Setting next_dagrun for exemplo_run_dag_operator_1 to None, run_after=None
[2024-07-25T00:14:17.285+0000] {processor.py:175} INFO - Processing /opt/airflow/dags/exemplo_run_dag_operator_1.py took 0.070 seconds
[2024-07-25T00:14:22.765+0000] {processor.py:153} INFO - Started process (PID=96216) to work on /opt/airflow/dags/exemplo_run_dag_operator_1.py
[2024-07-25T00:14:22.768+0000] {processor.py:743} INFO - Processing file /opt/airflow/dags/exemplo_run_dag_operator_1.py for tasks to queue
[2024-07-25T00:14:22.769+0000] {logging_mixin.py:137} INFO - [2024-07-25T00:14:22.769+0000] {dagbag.py:538} INFO - Filling up the DagBag from /opt/airflow/dags/exemplo_run_dag_operator_1.py
[2024-07-25T00:14:22.798+0000] {processor.py:753} INFO - DAG(s) dict_keys(['exemplo_run_dag_operator_1']) retrieved from /opt/airflow/dags/exemplo_run_dag_operator_1.py
[2024-07-25T00:14:22.816+0000] {logging_mixin.py:137} INFO - [2024-07-25T00:14:22.816+0000] {dag.py:2690} INFO - Sync 1 DAGs
[2024-07-25T00:14:22.835+0000] {logging_mixin.py:137} INFO - [2024-07-25T00:14:22.835+0000] {dag.py:3441} INFO - Setting next_dagrun for exemplo_run_dag_operator_1 to None, run_after=None
[2024-07-25T00:14:22.850+0000] {processor.py:175} INFO - Processing /opt/airflow/dags/exemplo_run_dag_operator_1.py took 0.090 seconds
[2024-07-25T00:14:28.181+0000] {processor.py:153} INFO - Started process (PID=96244) to work on /opt/airflow/dags/exemplo_run_dag_operator_1.py
[2024-07-25T00:14:28.182+0000] {processor.py:743} INFO - Processing file /opt/airflow/dags/exemplo_run_dag_operator_1.py for tasks to queue
[2024-07-25T00:14:28.185+0000] {logging_mixin.py:137} INFO - [2024-07-25T00:14:28.185+0000] {dagbag.py:538} INFO - Filling up the DagBag from /opt/airflow/dags/exemplo_run_dag_operator_1.py
[2024-07-25T00:14:28.200+0000] {processor.py:753} INFO - DAG(s) dict_keys(['exemplo_run_dag_operator_1']) retrieved from /opt/airflow/dags/exemplo_run_dag_operator_1.py
[2024-07-25T00:14:28.220+0000] {logging_mixin.py:137} INFO - [2024-07-25T00:14:28.219+0000] {dag.py:2690} INFO - Sync 1 DAGs
[2024-07-25T00:14:28.255+0000] {logging_mixin.py:137} INFO - [2024-07-25T00:14:28.255+0000] {dag.py:3441} INFO - Setting next_dagrun for exemplo_run_dag_operator_1 to None, run_after=None
[2024-07-25T00:14:28.281+0000] {processor.py:175} INFO - Processing /opt/airflow/dags/exemplo_run_dag_operator_1.py took 0.102 seconds
[2024-07-25T00:14:33.746+0000] {processor.py:153} INFO - Started process (PID=96256) to work on /opt/airflow/dags/exemplo_run_dag_operator_1.py
[2024-07-25T00:14:33.748+0000] {processor.py:743} INFO - Processing file /opt/airflow/dags/exemplo_run_dag_operator_1.py for tasks to queue
[2024-07-25T00:14:33.749+0000] {logging_mixin.py:137} INFO - [2024-07-25T00:14:33.749+0000] {dagbag.py:538} INFO - Filling up the DagBag from /opt/airflow/dags/exemplo_run_dag_operator_1.py
[2024-07-25T00:14:33.771+0000] {processor.py:753} INFO - DAG(s) dict_keys(['exemplo_run_dag_operator_1']) retrieved from /opt/airflow/dags/exemplo_run_dag_operator_1.py
[2024-07-25T00:14:33.790+0000] {logging_mixin.py:137} INFO - [2024-07-25T00:14:33.789+0000] {dag.py:2690} INFO - Sync 1 DAGs
[2024-07-25T00:14:33.804+0000] {logging_mixin.py:137} INFO - [2024-07-25T00:14:33.804+0000] {dag.py:3441} INFO - Setting next_dagrun for exemplo_run_dag_operator_1 to None, run_after=None
[2024-07-25T00:14:33.818+0000] {processor.py:175} INFO - Processing /opt/airflow/dags/exemplo_run_dag_operator_1.py took 0.078 seconds
[2024-07-25T00:14:39.257+0000] {processor.py:153} INFO - Started process (PID=96284) to work on /opt/airflow/dags/exemplo_run_dag_operator_1.py
[2024-07-25T00:14:39.258+0000] {processor.py:743} INFO - Processing file /opt/airflow/dags/exemplo_run_dag_operator_1.py for tasks to queue
[2024-07-25T00:14:39.258+0000] {logging_mixin.py:137} INFO - [2024-07-25T00:14:39.258+0000] {dagbag.py:538} INFO - Filling up the DagBag from /opt/airflow/dags/exemplo_run_dag_operator_1.py
[2024-07-25T00:14:39.274+0000] {processor.py:753} INFO - DAG(s) dict_keys(['exemplo_run_dag_operator_1']) retrieved from /opt/airflow/dags/exemplo_run_dag_operator_1.py
[2024-07-25T00:14:39.295+0000] {logging_mixin.py:137} INFO - [2024-07-25T00:14:39.295+0000] {dag.py:2690} INFO - Sync 1 DAGs
[2024-07-25T00:14:39.313+0000] {logging_mixin.py:137} INFO - [2024-07-25T00:14:39.313+0000] {dag.py:3441} INFO - Setting next_dagrun for exemplo_run_dag_operator_1 to None, run_after=None
[2024-07-25T00:14:39.328+0000] {processor.py:175} INFO - Processing /opt/airflow/dags/exemplo_run_dag_operator_1.py took 0.073 seconds
[2024-07-25T00:14:44.761+0000] {processor.py:153} INFO - Started process (PID=96296) to work on /opt/airflow/dags/exemplo_run_dag_operator_1.py
[2024-07-25T00:14:44.763+0000] {processor.py:743} INFO - Processing file /opt/airflow/dags/exemplo_run_dag_operator_1.py for tasks to queue
[2024-07-25T00:14:44.763+0000] {logging_mixin.py:137} INFO - [2024-07-25T00:14:44.763+0000] {dagbag.py:538} INFO - Filling up the DagBag from /opt/airflow/dags/exemplo_run_dag_operator_1.py
[2024-07-25T00:14:44.788+0000] {processor.py:753} INFO - DAG(s) dict_keys(['exemplo_run_dag_operator_1']) retrieved from /opt/airflow/dags/exemplo_run_dag_operator_1.py
[2024-07-25T00:14:44.811+0000] {logging_mixin.py:137} INFO - [2024-07-25T00:14:44.811+0000] {dag.py:2690} INFO - Sync 1 DAGs
[2024-07-25T00:14:44.825+0000] {logging_mixin.py:137} INFO - [2024-07-25T00:14:44.825+0000] {dag.py:3441} INFO - Setting next_dagrun for exemplo_run_dag_operator_1 to None, run_after=None
[2024-07-25T00:14:44.840+0000] {processor.py:175} INFO - Processing /opt/airflow/dags/exemplo_run_dag_operator_1.py took 0.083 seconds
[2024-07-25T00:14:50.144+0000] {processor.py:153} INFO - Started process (PID=96324) to work on /opt/airflow/dags/exemplo_run_dag_operator_1.py
[2024-07-25T00:14:50.147+0000] {processor.py:743} INFO - Processing file /opt/airflow/dags/exemplo_run_dag_operator_1.py for tasks to queue
[2024-07-25T00:14:50.149+0000] {logging_mixin.py:137} INFO - [2024-07-25T00:14:50.148+0000] {dagbag.py:538} INFO - Filling up the DagBag from /opt/airflow/dags/exemplo_run_dag_operator_1.py
[2024-07-25T00:14:50.166+0000] {processor.py:753} INFO - DAG(s) dict_keys(['exemplo_run_dag_operator_1']) retrieved from /opt/airflow/dags/exemplo_run_dag_operator_1.py
[2024-07-25T00:14:50.194+0000] {logging_mixin.py:137} INFO - [2024-07-25T00:14:50.194+0000] {dag.py:2690} INFO - Sync 1 DAGs
[2024-07-25T00:14:50.211+0000] {logging_mixin.py:137} INFO - [2024-07-25T00:14:50.211+0000] {dag.py:3441} INFO - Setting next_dagrun for exemplo_run_dag_operator_1 to None, run_after=None
[2024-07-25T00:14:50.226+0000] {processor.py:175} INFO - Processing /opt/airflow/dags/exemplo_run_dag_operator_1.py took 0.085 seconds
[2024-07-25T00:14:55.664+0000] {processor.py:153} INFO - Started process (PID=96336) to work on /opt/airflow/dags/exemplo_run_dag_operator_1.py
[2024-07-25T00:14:55.666+0000] {processor.py:743} INFO - Processing file /opt/airflow/dags/exemplo_run_dag_operator_1.py for tasks to queue
[2024-07-25T00:14:55.667+0000] {logging_mixin.py:137} INFO - [2024-07-25T00:14:55.667+0000] {dagbag.py:538} INFO - Filling up the DagBag from /opt/airflow/dags/exemplo_run_dag_operator_1.py
[2024-07-25T00:14:55.689+0000] {processor.py:753} INFO - DAG(s) dict_keys(['exemplo_run_dag_operator_1']) retrieved from /opt/airflow/dags/exemplo_run_dag_operator_1.py
[2024-07-25T00:14:55.708+0000] {logging_mixin.py:137} INFO - [2024-07-25T00:14:55.708+0000] {dag.py:2690} INFO - Sync 1 DAGs
[2024-07-25T00:14:55.728+0000] {logging_mixin.py:137} INFO - [2024-07-25T00:14:55.728+0000] {dag.py:3441} INFO - Setting next_dagrun for exemplo_run_dag_operator_1 to None, run_after=None
[2024-07-25T00:14:55.742+0000] {processor.py:175} INFO - Processing /opt/airflow/dags/exemplo_run_dag_operator_1.py took 0.082 seconds
[2024-07-25T00:15:01.325+0000] {processor.py:153} INFO - Started process (PID=96364) to work on /opt/airflow/dags/exemplo_run_dag_operator_1.py
[2024-07-25T00:15:01.326+0000] {processor.py:743} INFO - Processing file /opt/airflow/dags/exemplo_run_dag_operator_1.py for tasks to queue
[2024-07-25T00:15:01.326+0000] {logging_mixin.py:137} INFO - [2024-07-25T00:15:01.326+0000] {dagbag.py:538} INFO - Filling up the DagBag from /opt/airflow/dags/exemplo_run_dag_operator_1.py
[2024-07-25T00:15:01.348+0000] {processor.py:753} INFO - DAG(s) dict_keys(['exemplo_run_dag_operator_1']) retrieved from /opt/airflow/dags/exemplo_run_dag_operator_1.py
[2024-07-25T00:15:01.373+0000] {logging_mixin.py:137} INFO - [2024-07-25T00:15:01.373+0000] {dag.py:2690} INFO - Sync 1 DAGs
[2024-07-25T00:15:01.398+0000] {logging_mixin.py:137} INFO - [2024-07-25T00:15:01.397+0000] {dag.py:3441} INFO - Setting next_dagrun for exemplo_run_dag_operator_1 to None, run_after=None
[2024-07-25T00:15:01.416+0000] {processor.py:175} INFO - Processing /opt/airflow/dags/exemplo_run_dag_operator_1.py took 0.095 seconds
[2024-07-25T00:15:06.867+0000] {processor.py:153} INFO - Started process (PID=96376) to work on /opt/airflow/dags/exemplo_run_dag_operator_1.py
[2024-07-25T00:15:06.869+0000] {processor.py:743} INFO - Processing file /opt/airflow/dags/exemplo_run_dag_operator_1.py for tasks to queue
[2024-07-25T00:15:06.870+0000] {logging_mixin.py:137} INFO - [2024-07-25T00:15:06.870+0000] {dagbag.py:538} INFO - Filling up the DagBag from /opt/airflow/dags/exemplo_run_dag_operator_1.py
[2024-07-25T00:15:06.892+0000] {processor.py:753} INFO - DAG(s) dict_keys(['exemplo_run_dag_operator_1']) retrieved from /opt/airflow/dags/exemplo_run_dag_operator_1.py
[2024-07-25T00:15:06.911+0000] {logging_mixin.py:137} INFO - [2024-07-25T00:15:06.910+0000] {dag.py:2690} INFO - Sync 1 DAGs
[2024-07-25T00:15:06.928+0000] {logging_mixin.py:137} INFO - [2024-07-25T00:15:06.928+0000] {dag.py:3441} INFO - Setting next_dagrun for exemplo_run_dag_operator_1 to None, run_after=None
[2024-07-25T00:15:06.941+0000] {processor.py:175} INFO - Processing /opt/airflow/dags/exemplo_run_dag_operator_1.py took 0.079 seconds
[2024-07-25T00:15:12.404+0000] {processor.py:153} INFO - Started process (PID=96397) to work on /opt/airflow/dags/exemplo_run_dag_operator_1.py
[2024-07-25T00:15:12.405+0000] {processor.py:743} INFO - Processing file /opt/airflow/dags/exemplo_run_dag_operator_1.py for tasks to queue
[2024-07-25T00:15:12.406+0000] {logging_mixin.py:137} INFO - [2024-07-25T00:15:12.406+0000] {dagbag.py:538} INFO - Filling up the DagBag from /opt/airflow/dags/exemplo_run_dag_operator_1.py
[2024-07-25T00:15:12.418+0000] {processor.py:753} INFO - DAG(s) dict_keys(['exemplo_run_dag_operator_1']) retrieved from /opt/airflow/dags/exemplo_run_dag_operator_1.py
[2024-07-25T00:15:12.439+0000] {logging_mixin.py:137} INFO - [2024-07-25T00:15:12.439+0000] {dag.py:2690} INFO - Sync 1 DAGs
[2024-07-25T00:15:12.459+0000] {logging_mixin.py:137} INFO - [2024-07-25T00:15:12.459+0000] {dag.py:3441} INFO - Setting next_dagrun for exemplo_run_dag_operator_1 to None, run_after=None
[2024-07-25T00:15:12.474+0000] {processor.py:175} INFO - Processing /opt/airflow/dags/exemplo_run_dag_operator_1.py took 0.073 seconds
[2024-07-25T00:15:17.912+0000] {processor.py:153} INFO - Started process (PID=96416) to work on /opt/airflow/dags/exemplo_run_dag_operator_1.py
[2024-07-25T00:15:17.913+0000] {processor.py:743} INFO - Processing file /opt/airflow/dags/exemplo_run_dag_operator_1.py for tasks to queue
[2024-07-25T00:15:17.914+0000] {logging_mixin.py:137} INFO - [2024-07-25T00:15:17.914+0000] {dagbag.py:538} INFO - Filling up the DagBag from /opt/airflow/dags/exemplo_run_dag_operator_1.py
[2024-07-25T00:15:17.926+0000] {processor.py:753} INFO - DAG(s) dict_keys(['exemplo_run_dag_operator_1']) retrieved from /opt/airflow/dags/exemplo_run_dag_operator_1.py
[2024-07-25T00:15:17.941+0000] {logging_mixin.py:137} INFO - [2024-07-25T00:15:17.941+0000] {dag.py:2690} INFO - Sync 1 DAGs
[2024-07-25T00:15:17.956+0000] {logging_mixin.py:137} INFO - [2024-07-25T00:15:17.956+0000] {dag.py:3441} INFO - Setting next_dagrun for exemplo_run_dag_operator_1 to None, run_after=None
[2024-07-25T00:15:17.968+0000] {processor.py:175} INFO - Processing /opt/airflow/dags/exemplo_run_dag_operator_1.py took 0.058 seconds
[2024-07-25T00:15:23.443+0000] {processor.py:153} INFO - Started process (PID=96428) to work on /opt/airflow/dags/exemplo_run_dag_operator_1.py
[2024-07-25T00:15:23.444+0000] {processor.py:743} INFO - Processing file /opt/airflow/dags/exemplo_run_dag_operator_1.py for tasks to queue
[2024-07-25T00:15:23.444+0000] {logging_mixin.py:137} INFO - [2024-07-25T00:15:23.444+0000] {dagbag.py:538} INFO - Filling up the DagBag from /opt/airflow/dags/exemplo_run_dag_operator_1.py
[2024-07-25T00:15:23.457+0000] {processor.py:753} INFO - DAG(s) dict_keys(['exemplo_run_dag_operator_1']) retrieved from /opt/airflow/dags/exemplo_run_dag_operator_1.py
[2024-07-25T00:15:23.477+0000] {logging_mixin.py:137} INFO - [2024-07-25T00:15:23.477+0000] {dag.py:2690} INFO - Sync 1 DAGs
[2024-07-25T00:15:23.498+0000] {logging_mixin.py:137} INFO - [2024-07-25T00:15:23.498+0000] {dag.py:3441} INFO - Setting next_dagrun for exemplo_run_dag_operator_1 to None, run_after=None
[2024-07-25T00:15:23.514+0000] {processor.py:175} INFO - Processing /opt/airflow/dags/exemplo_run_dag_operator_1.py took 0.073 seconds
[2024-07-25T00:15:28.925+0000] {processor.py:153} INFO - Started process (PID=96456) to work on /opt/airflow/dags/exemplo_run_dag_operator_1.py
[2024-07-25T00:15:28.926+0000] {processor.py:743} INFO - Processing file /opt/airflow/dags/exemplo_run_dag_operator_1.py for tasks to queue
[2024-07-25T00:15:28.927+0000] {logging_mixin.py:137} INFO - [2024-07-25T00:15:28.927+0000] {dagbag.py:538} INFO - Filling up the DagBag from /opt/airflow/dags/exemplo_run_dag_operator_1.py
[2024-07-25T00:15:28.950+0000] {processor.py:753} INFO - DAG(s) dict_keys(['exemplo_run_dag_operator_1']) retrieved from /opt/airflow/dags/exemplo_run_dag_operator_1.py
[2024-07-25T00:15:28.974+0000] {logging_mixin.py:137} INFO - [2024-07-25T00:15:28.974+0000] {dag.py:2690} INFO - Sync 1 DAGs
[2024-07-25T00:15:28.991+0000] {logging_mixin.py:137} INFO - [2024-07-25T00:15:28.991+0000] {dag.py:3441} INFO - Setting next_dagrun for exemplo_run_dag_operator_1 to None, run_after=None
[2024-07-25T00:15:29.008+0000] {processor.py:175} INFO - Processing /opt/airflow/dags/exemplo_run_dag_operator_1.py took 0.090 seconds
[2024-07-25T00:15:34.481+0000] {processor.py:153} INFO - Started process (PID=96468) to work on /opt/airflow/dags/exemplo_run_dag_operator_1.py
[2024-07-25T00:15:34.483+0000] {processor.py:743} INFO - Processing file /opt/airflow/dags/exemplo_run_dag_operator_1.py for tasks to queue
[2024-07-25T00:15:34.484+0000] {logging_mixin.py:137} INFO - [2024-07-25T00:15:34.484+0000] {dagbag.py:538} INFO - Filling up the DagBag from /opt/airflow/dags/exemplo_run_dag_operator_1.py
[2024-07-25T00:15:34.507+0000] {processor.py:753} INFO - DAG(s) dict_keys(['exemplo_run_dag_operator_1']) retrieved from /opt/airflow/dags/exemplo_run_dag_operator_1.py
[2024-07-25T00:15:34.527+0000] {logging_mixin.py:137} INFO - [2024-07-25T00:15:34.526+0000] {dag.py:2690} INFO - Sync 1 DAGs
[2024-07-25T00:15:34.544+0000] {logging_mixin.py:137} INFO - [2024-07-25T00:15:34.543+0000] {dag.py:3441} INFO - Setting next_dagrun for exemplo_run_dag_operator_1 to None, run_after=None
[2024-07-25T00:15:34.558+0000] {processor.py:175} INFO - Processing /opt/airflow/dags/exemplo_run_dag_operator_1.py took 0.082 seconds
[2024-07-25T00:15:39.989+0000] {processor.py:153} INFO - Started process (PID=96495) to work on /opt/airflow/dags/exemplo_run_dag_operator_1.py
[2024-07-25T00:15:39.990+0000] {processor.py:743} INFO - Processing file /opt/airflow/dags/exemplo_run_dag_operator_1.py for tasks to queue
[2024-07-25T00:15:39.990+0000] {logging_mixin.py:137} INFO - [2024-07-25T00:15:39.990+0000] {dagbag.py:538} INFO - Filling up the DagBag from /opt/airflow/dags/exemplo_run_dag_operator_1.py
[2024-07-25T00:15:40.011+0000] {processor.py:753} INFO - DAG(s) dict_keys(['exemplo_run_dag_operator_1']) retrieved from /opt/airflow/dags/exemplo_run_dag_operator_1.py
[2024-07-25T00:15:40.034+0000] {logging_mixin.py:137} INFO - [2024-07-25T00:15:40.034+0000] {dag.py:2690} INFO - Sync 1 DAGs
[2024-07-25T00:15:40.052+0000] {logging_mixin.py:137} INFO - [2024-07-25T00:15:40.052+0000] {dag.py:3441} INFO - Setting next_dagrun for exemplo_run_dag_operator_1 to None, run_after=None
[2024-07-25T00:15:40.066+0000] {processor.py:175} INFO - Processing /opt/airflow/dags/exemplo_run_dag_operator_1.py took 0.081 seconds
[2024-07-25T00:15:45.419+0000] {processor.py:153} INFO - Started process (PID=96507) to work on /opt/airflow/dags/exemplo_run_dag_operator_1.py
[2024-07-25T00:15:45.421+0000] {processor.py:743} INFO - Processing file /opt/airflow/dags/exemplo_run_dag_operator_1.py for tasks to queue
[2024-07-25T00:15:45.422+0000] {logging_mixin.py:137} INFO - [2024-07-25T00:15:45.422+0000] {dagbag.py:538} INFO - Filling up the DagBag from /opt/airflow/dags/exemplo_run_dag_operator_1.py
[2024-07-25T00:15:45.446+0000] {processor.py:753} INFO - DAG(s) dict_keys(['exemplo_run_dag_operator_1']) retrieved from /opt/airflow/dags/exemplo_run_dag_operator_1.py
[2024-07-25T00:15:45.467+0000] {logging_mixin.py:137} INFO - [2024-07-25T00:15:45.466+0000] {dag.py:2690} INFO - Sync 1 DAGs
[2024-07-25T00:15:45.485+0000] {logging_mixin.py:137} INFO - [2024-07-25T00:15:45.485+0000] {dag.py:3441} INFO - Setting next_dagrun for exemplo_run_dag_operator_1 to None, run_after=None
[2024-07-25T00:15:45.500+0000] {processor.py:175} INFO - Processing /opt/airflow/dags/exemplo_run_dag_operator_1.py took 0.086 seconds
[2024-07-25T00:15:50.899+0000] {processor.py:153} INFO - Started process (PID=96534) to work on /opt/airflow/dags/exemplo_run_dag_operator_1.py
[2024-07-25T00:15:50.901+0000] {processor.py:743} INFO - Processing file /opt/airflow/dags/exemplo_run_dag_operator_1.py for tasks to queue
[2024-07-25T00:15:50.902+0000] {logging_mixin.py:137} INFO - [2024-07-25T00:15:50.901+0000] {dagbag.py:538} INFO - Filling up the DagBag from /opt/airflow/dags/exemplo_run_dag_operator_1.py
[2024-07-25T00:15:50.926+0000] {processor.py:753} INFO - DAG(s) dict_keys(['exemplo_run_dag_operator_1']) retrieved from /opt/airflow/dags/exemplo_run_dag_operator_1.py
[2024-07-25T00:15:50.943+0000] {logging_mixin.py:137} INFO - [2024-07-25T00:15:50.943+0000] {dag.py:2690} INFO - Sync 1 DAGs
[2024-07-25T00:15:50.958+0000] {logging_mixin.py:137} INFO - [2024-07-25T00:15:50.958+0000] {dag.py:3441} INFO - Setting next_dagrun for exemplo_run_dag_operator_1 to None, run_after=None
[2024-07-25T00:15:50.974+0000] {processor.py:175} INFO - Processing /opt/airflow/dags/exemplo_run_dag_operator_1.py took 0.079 seconds
[2024-07-25T00:15:56.443+0000] {processor.py:153} INFO - Started process (PID=96546) to work on /opt/airflow/dags/exemplo_run_dag_operator_1.py
[2024-07-25T00:15:56.445+0000] {processor.py:743} INFO - Processing file /opt/airflow/dags/exemplo_run_dag_operator_1.py for tasks to queue
[2024-07-25T00:15:56.446+0000] {logging_mixin.py:137} INFO - [2024-07-25T00:15:56.446+0000] {dagbag.py:538} INFO - Filling up the DagBag from /opt/airflow/dags/exemplo_run_dag_operator_1.py
[2024-07-25T00:15:56.462+0000] {processor.py:753} INFO - DAG(s) dict_keys(['exemplo_run_dag_operator_1']) retrieved from /opt/airflow/dags/exemplo_run_dag_operator_1.py
[2024-07-25T00:15:56.489+0000] {logging_mixin.py:137} INFO - [2024-07-25T00:15:56.489+0000] {dag.py:2690} INFO - Sync 1 DAGs
[2024-07-25T00:15:56.509+0000] {logging_mixin.py:137} INFO - [2024-07-25T00:15:56.509+0000] {dag.py:3441} INFO - Setting next_dagrun for exemplo_run_dag_operator_1 to None, run_after=None
[2024-07-25T00:15:56.524+0000] {processor.py:175} INFO - Processing /opt/airflow/dags/exemplo_run_dag_operator_1.py took 0.083 seconds
[2024-07-25T00:16:02.077+0000] {processor.py:153} INFO - Started process (PID=96574) to work on /opt/airflow/dags/exemplo_run_dag_operator_1.py
[2024-07-25T00:16:02.078+0000] {processor.py:743} INFO - Processing file /opt/airflow/dags/exemplo_run_dag_operator_1.py for tasks to queue
[2024-07-25T00:16:02.079+0000] {logging_mixin.py:137} INFO - [2024-07-25T00:16:02.079+0000] {dagbag.py:538} INFO - Filling up the DagBag from /opt/airflow/dags/exemplo_run_dag_operator_1.py
[2024-07-25T00:16:02.100+0000] {processor.py:753} INFO - DAG(s) dict_keys(['exemplo_run_dag_operator_1']) retrieved from /opt/airflow/dags/exemplo_run_dag_operator_1.py
[2024-07-25T00:16:02.130+0000] {logging_mixin.py:137} INFO - [2024-07-25T00:16:02.130+0000] {dag.py:2690} INFO - Sync 1 DAGs
[2024-07-25T00:16:02.151+0000] {logging_mixin.py:137} INFO - [2024-07-25T00:16:02.151+0000] {dag.py:3441} INFO - Setting next_dagrun for exemplo_run_dag_operator_1 to None, run_after=None
[2024-07-25T00:16:02.163+0000] {processor.py:175} INFO - Processing /opt/airflow/dags/exemplo_run_dag_operator_1.py took 0.092 seconds
[2024-07-25T00:16:07.498+0000] {processor.py:153} INFO - Started process (PID=96586) to work on /opt/airflow/dags/exemplo_run_dag_operator_1.py
[2024-07-25T00:16:07.500+0000] {processor.py:743} INFO - Processing file /opt/airflow/dags/exemplo_run_dag_operator_1.py for tasks to queue
[2024-07-25T00:16:07.501+0000] {logging_mixin.py:137} INFO - [2024-07-25T00:16:07.501+0000] {dagbag.py:538} INFO - Filling up the DagBag from /opt/airflow/dags/exemplo_run_dag_operator_1.py
[2024-07-25T00:16:07.523+0000] {processor.py:753} INFO - DAG(s) dict_keys(['exemplo_run_dag_operator_1']) retrieved from /opt/airflow/dags/exemplo_run_dag_operator_1.py
[2024-07-25T00:16:07.542+0000] {logging_mixin.py:137} INFO - [2024-07-25T00:16:07.541+0000] {dag.py:2690} INFO - Sync 1 DAGs
[2024-07-25T00:16:07.559+0000] {logging_mixin.py:137} INFO - [2024-07-25T00:16:07.559+0000] {dag.py:3441} INFO - Setting next_dagrun for exemplo_run_dag_operator_1 to None, run_after=None
[2024-07-25T00:16:07.573+0000] {processor.py:175} INFO - Processing /opt/airflow/dags/exemplo_run_dag_operator_1.py took 0.080 seconds
