[2024-07-25T02:16:02.610+0000] {taskinstance.py:1083} INFO - Dependencies all met for <TaskInstance: exemplo_dag_group.tsk4 manual__2024-07-25T02:15:54.686135+00:00 [queued]>
[2024-07-25T02:16:02.620+0000] {taskinstance.py:1083} INFO - Dependencies all met for <TaskInstance: exemplo_dag_group.tsk4 manual__2024-07-25T02:15:54.686135+00:00 [queued]>
[2024-07-25T02:16:02.620+0000] {taskinstance.py:1279} INFO - 
--------------------------------------------------------------------------------
[2024-07-25T02:16:02.622+0000] {taskinstance.py:1280} INFO - Starting attempt 1 of 1
[2024-07-25T02:16:02.623+0000] {taskinstance.py:1281} INFO - 
--------------------------------------------------------------------------------
[2024-07-25T02:16:02.644+0000] {taskinstance.py:1300} INFO - Executing <Task(BashOperator): tsk4> on 2024-07-25 02:15:54.686135+00:00
[2024-07-25T02:16:02.653+0000] {standard_task_runner.py:55} INFO - Started process 31073 to run task
[2024-07-25T02:16:02.659+0000] {standard_task_runner.py:82} INFO - Running: ['***', 'tasks', 'run', 'exemplo_dag_group', 'tsk4', 'manual__2024-07-25T02:15:54.686135+00:00', '--job-id', '1357', '--raw', '--subdir', 'DAGS_FOLDER/exemplo_dag_group.py', '--cfg-path', '/tmp/tmpsew0hx78']
[2024-07-25T02:16:02.670+0000] {standard_task_runner.py:83} INFO - Job 1357: Subtask tsk4
[2024-07-25T02:16:02.728+0000] {task_command.py:388} INFO - Running <TaskInstance: exemplo_dag_group.tsk4 manual__2024-07-25T02:15:54.686135+00:00 [running]> on host 448a9c84d52e
[2024-07-25T02:16:02.875+0000] {taskinstance.py:1509} INFO - Exporting the following env vars:
AIRFLOW_CTX_DAG_OWNER=***
AIRFLOW_CTX_DAG_ID=exemplo_dag_group
AIRFLOW_CTX_TASK_ID=tsk4
AIRFLOW_CTX_EXECUTION_DATE=2024-07-25T02:15:54.686135+00:00
AIRFLOW_CTX_TRY_NUMBER=1
AIRFLOW_CTX_DAG_RUN_ID=manual__2024-07-25T02:15:54.686135+00:00
[2024-07-25T02:16:02.878+0000] {subprocess.py:63} INFO - Tmp dir root location: 
 /tmp
[2024-07-25T02:16:02.879+0000] {subprocess.py:75} INFO - Running command: ['/bin/bash', '-c', 'sleep 5']
[2024-07-25T02:16:02.891+0000] {subprocess.py:86} INFO - Output:
[2024-07-25T02:16:07.900+0000] {subprocess.py:97} INFO - Command exited with return code 0
[2024-07-25T02:16:08.196+0000] {taskinstance.py:1323} INFO - Marking task as SUCCESS. dag_id=exemplo_dag_group, task_id=tsk4, execution_date=20240725T021554, start_date=20240725T021602, end_date=20240725T021608
[2024-07-25T02:16:08.338+0000] {local_task_job.py:208} INFO - Task exited with return code 0
[2024-07-25T02:16:08.553+0000] {taskinstance.py:2578} INFO - 0 downstream tasks scheduled from follow-on schedule check
