[2024-07-26T00:00:10.382+0000] {taskinstance.py:1083} INFO - Dependencies all met for <TaskInstance: exemplo_defaultargs.tsk2 scheduled__2024-07-25T23:00:00+00:00 [queued]>
[2024-07-26T00:00:10.396+0000] {taskinstance.py:1083} INFO - Dependencies all met for <TaskInstance: exemplo_defaultargs.tsk2 scheduled__2024-07-25T23:00:00+00:00 [queued]>
[2024-07-26T00:00:10.397+0000] {taskinstance.py:1279} INFO - 
--------------------------------------------------------------------------------
[2024-07-26T00:00:10.398+0000] {taskinstance.py:1280} INFO - Starting attempt 1 of 2
[2024-07-26T00:00:10.399+0000] {taskinstance.py:1281} INFO - 
--------------------------------------------------------------------------------
[2024-07-26T00:00:10.416+0000] {taskinstance.py:1300} INFO - Executing <Task(BashOperator): tsk2> on 2024-07-25 23:00:00+00:00
[2024-07-26T00:00:10.425+0000] {standard_task_runner.py:55} INFO - Started process 92596 to run task
[2024-07-26T00:00:10.459+0000] {standard_task_runner.py:82} INFO - Running: ['***', 'tasks', 'run', 'exemplo_defaultargs', 'tsk2', 'scheduled__2024-07-25T23:00:00+00:00', '--job-id', '1453', '--raw', '--subdir', 'DAGS_FOLDER/exemplo_defaultargs.py', '--cfg-path', '/tmp/tmpmrhsg9e0']
[2024-07-26T00:00:10.462+0000] {standard_task_runner.py:83} INFO - Job 1453: Subtask tsk2
[2024-07-26T00:00:10.674+0000] {task_command.py:388} INFO - Running <TaskInstance: exemplo_defaultargs.tsk2 scheduled__2024-07-25T23:00:00+00:00 [running]> on host 448a9c84d52e
[2024-07-26T00:00:10.843+0000] {taskinstance.py:1509} INFO - Exporting the following env vars:
AIRFLOW_CTX_DAG_EMAIL=test@test.com
AIRFLOW_CTX_DAG_OWNER=***
AIRFLOW_CTX_DAG_ID=exemplo_defaultargs
AIRFLOW_CTX_TASK_ID=tsk2
AIRFLOW_CTX_EXECUTION_DATE=2024-07-25T23:00:00+00:00
AIRFLOW_CTX_TRY_NUMBER=1
AIRFLOW_CTX_DAG_RUN_ID=scheduled__2024-07-25T23:00:00+00:00
[2024-07-26T00:00:10.846+0000] {subprocess.py:63} INFO - Tmp dir root location: 
 /tmp
[2024-07-26T00:00:10.849+0000] {subprocess.py:75} INFO - Running command: ['/bin/bash', '-c', 'sleep 5']
[2024-07-26T00:00:11.201+0000] {subprocess.py:86} INFO - Output:
[2024-07-26T00:00:16.307+0000] {subprocess.py:97} INFO - Command exited with return code 0
[2024-07-26T00:00:17.211+0000] {taskinstance.py:1323} INFO - Marking task as SUCCESS. dag_id=exemplo_defaultargs, task_id=tsk2, execution_date=20240725T230000, start_date=20240726T000010, end_date=20240726T000017
[2024-07-26T00:00:17.525+0000] {local_task_job.py:208} INFO - Task exited with return code 0
[2024-07-26T00:00:17.680+0000] {taskinstance.py:2578} INFO - 1 downstream tasks scheduled from follow-on schedule check
