[2024-07-22T02:34:30.627+0000] {taskinstance.py:1083} INFO - Dependencies all met for <TaskInstance: example_dynamic_task_mapping.add_one scheduled__2022-10-01T00:00:00+00:00 map_index=0 [queued]>
[2024-07-22T02:34:30.642+0000] {taskinstance.py:1083} INFO - Dependencies all met for <TaskInstance: example_dynamic_task_mapping.add_one scheduled__2022-10-01T00:00:00+00:00 map_index=0 [queued]>
[2024-07-22T02:34:30.643+0000] {taskinstance.py:1279} INFO - 
--------------------------------------------------------------------------------
[2024-07-22T02:34:30.644+0000] {taskinstance.py:1280} INFO - Starting attempt 1 of 1
[2024-07-22T02:34:30.647+0000] {taskinstance.py:1281} INFO - 
--------------------------------------------------------------------------------
[2024-07-22T02:34:30.658+0000] {taskinstance.py:1300} INFO - Executing <Mapped(_PythonDecoratedOperator): add_one> on 2022-10-01 00:00:00+00:00
[2024-07-22T02:34:30.663+0000] {standard_task_runner.py:55} INFO - Started process 2509 to run task
[2024-07-22T02:34:30.668+0000] {standard_task_runner.py:82} INFO - Running: ['***', 'tasks', 'run', 'example_dynamic_task_mapping', 'add_one', 'scheduled__2022-10-01T00:00:00+00:00', '--job-id', '878', '--raw', '--subdir', '/home/***/.local/lib/python3.7/site-packages/***/example_dags/example_dynamic_task_mapping.py', '--cfg-path', '/tmp/tmp2dq0ewse', '--map-index', '0']
[2024-07-22T02:34:30.669+0000] {standard_task_runner.py:83} INFO - Job 878: Subtask add_one
[2024-07-22T02:34:30.839+0000] {task_command.py:388} INFO - Running <TaskInstance: example_dynamic_task_mapping.add_one scheduled__2022-10-01T00:00:00+00:00 map_index=0 [running]> on host 06eaaebc2caa
[2024-07-22T02:34:30.948+0000] {taskinstance.py:1509} INFO - Exporting the following env vars:
AIRFLOW_CTX_DAG_OWNER=***
AIRFLOW_CTX_DAG_ID=example_dynamic_task_mapping
AIRFLOW_CTX_TASK_ID=add_one
AIRFLOW_CTX_EXECUTION_DATE=2022-10-01T00:00:00+00:00
AIRFLOW_CTX_TRY_NUMBER=1
AIRFLOW_CTX_DAG_RUN_ID=scheduled__2022-10-01T00:00:00+00:00
[2024-07-22T02:34:30.952+0000] {python.py:177} INFO - Done. Returned value was: 2
[2024-07-22T02:34:30.984+0000] {taskinstance.py:1323} INFO - Marking task as SUCCESS. dag_id=example_dynamic_task_mapping, task_id=add_one, map_index=0, execution_date=20221001T000000, start_date=20240722T023430, end_date=20240722T023430
[2024-07-22T02:34:31.021+0000] {local_task_job.py:208} INFO - Task exited with return code 0
[2024-07-22T02:34:31.045+0000] {taskinstance.py:2578} INFO - 0 downstream tasks scheduled from follow-on schedule check
