[2024-07-25T02:16:13.342+0000] {taskinstance.py:1083} INFO - Dependencies all met for <TaskInstance: exemplo_defaultargs.tsk3 manual__2024-07-25T02:15:56.819661+00:00 [queued]>
[2024-07-25T02:16:13.355+0000] {taskinstance.py:1083} INFO - Dependencies all met for <TaskInstance: exemplo_defaultargs.tsk3 manual__2024-07-25T02:15:56.819661+00:00 [queued]>
[2024-07-25T02:16:13.356+0000] {taskinstance.py:1279} INFO - 
--------------------------------------------------------------------------------
[2024-07-25T02:16:13.356+0000] {taskinstance.py:1280} INFO - Starting attempt 1 of 2
[2024-07-25T02:16:13.357+0000] {taskinstance.py:1281} INFO - 
--------------------------------------------------------------------------------
[2024-07-25T02:16:13.368+0000] {taskinstance.py:1300} INFO - Executing <Task(BashOperator): tsk3> on 2024-07-25 02:15:56.819661+00:00
[2024-07-25T02:16:13.372+0000] {standard_task_runner.py:55} INFO - Started process 31125 to run task
[2024-07-25T02:16:13.376+0000] {standard_task_runner.py:82} INFO - Running: ['***', 'tasks', 'run', 'exemplo_defaultargs', 'tsk3', 'manual__2024-07-25T02:15:56.819661+00:00', '--job-id', '1372', '--raw', '--subdir', 'DAGS_FOLDER/exemplo_defaultargs.py', '--cfg-path', '/tmp/tmp1kd_3i9u']
[2024-07-25T02:16:13.377+0000] {standard_task_runner.py:83} INFO - Job 1372: Subtask tsk3
[2024-07-25T02:16:13.454+0000] {task_command.py:388} INFO - Running <TaskInstance: exemplo_defaultargs.tsk3 manual__2024-07-25T02:15:56.819661+00:00 [running]> on host 448a9c84d52e
[2024-07-25T02:16:13.517+0000] {taskinstance.py:1509} INFO - Exporting the following env vars:
AIRFLOW_CTX_DAG_EMAIL=test@test.com
AIRFLOW_CTX_DAG_OWNER=***
AIRFLOW_CTX_DAG_ID=exemplo_defaultargs
AIRFLOW_CTX_TASK_ID=tsk3
AIRFLOW_CTX_EXECUTION_DATE=2024-07-25T02:15:56.819661+00:00
AIRFLOW_CTX_TRY_NUMBER=1
AIRFLOW_CTX_DAG_RUN_ID=manual__2024-07-25T02:15:56.819661+00:00
[2024-07-25T02:16:13.518+0000] {subprocess.py:63} INFO - Tmp dir root location: 
 /tmp
[2024-07-25T02:16:13.519+0000] {subprocess.py:75} INFO - Running command: ['/bin/bash', '-c', 'sleep 5']
[2024-07-25T02:16:13.548+0000] {subprocess.py:86} INFO - Output:
[2024-07-25T02:16:18.562+0000] {subprocess.py:97} INFO - Command exited with return code 0
[2024-07-25T02:16:18.718+0000] {taskinstance.py:1323} INFO - Marking task as SUCCESS. dag_id=exemplo_defaultargs, task_id=tsk3, execution_date=20240725T021556, start_date=20240725T021613, end_date=20240725T021618
[2024-07-25T02:16:18.821+0000] {local_task_job.py:208} INFO - Task exited with return code 0
[2024-07-25T02:16:18.884+0000] {taskinstance.py:2578} INFO - 0 downstream tasks scheduled from follow-on schedule check
