[2024-07-23T03:29:33.430+0000] {taskinstance.py:1083} INFO - Dependencies all met for <TaskInstance: exemplo_dag_complexa.tsk9 manual__2024-07-23T03:29:14.144099+00:00 [queued]>
[2024-07-23T03:29:33.436+0000] {taskinstance.py:1083} INFO - Dependencies all met for <TaskInstance: exemplo_dag_complexa.tsk9 manual__2024-07-23T03:29:14.144099+00:00 [queued]>
[2024-07-23T03:29:33.436+0000] {taskinstance.py:1279} INFO - 
--------------------------------------------------------------------------------
[2024-07-23T03:29:33.436+0000] {taskinstance.py:1280} INFO - Starting attempt 1 of 1
[2024-07-23T03:29:33.437+0000] {taskinstance.py:1281} INFO - 
--------------------------------------------------------------------------------
[2024-07-23T03:29:33.444+0000] {taskinstance.py:1300} INFO - Executing <Task(BashOperator): tsk9> on 2024-07-23 03:29:14.144099+00:00
[2024-07-23T03:29:33.446+0000] {standard_task_runner.py:55} INFO - Started process 7379 to run task
[2024-07-23T03:29:33.448+0000] {standard_task_runner.py:82} INFO - Running: ['***', 'tasks', 'run', 'exemplo_dag_complexa', 'tsk9', 'manual__2024-07-23T03:29:14.144099+00:00', '--job-id', '1317', '--raw', '--subdir', 'DAGS_FOLDER/exemplo_dag_complexa.py', '--cfg-path', '/tmp/tmprjdygz25']
[2024-07-23T03:29:33.449+0000] {standard_task_runner.py:83} INFO - Job 1317: Subtask tsk9
[2024-07-23T03:29:33.480+0000] {task_command.py:388} INFO - Running <TaskInstance: exemplo_dag_complexa.tsk9 manual__2024-07-23T03:29:14.144099+00:00 [running]> on host 448a9c84d52e
[2024-07-23T03:29:33.515+0000] {taskinstance.py:1509} INFO - Exporting the following env vars:
AIRFLOW_CTX_DAG_OWNER=***
AIRFLOW_CTX_DAG_ID=exemplo_dag_complexa
AIRFLOW_CTX_TASK_ID=tsk9
AIRFLOW_CTX_EXECUTION_DATE=2024-07-23T03:29:14.144099+00:00
AIRFLOW_CTX_TRY_NUMBER=1
AIRFLOW_CTX_DAG_RUN_ID=manual__2024-07-23T03:29:14.144099+00:00
[2024-07-23T03:29:33.516+0000] {subprocess.py:63} INFO - Tmp dir root location: 
 /tmp
[2024-07-23T03:29:33.516+0000] {subprocess.py:75} INFO - Running command: ['/bin/bash', '-c', 'sleep 5']
[2024-07-23T03:29:33.522+0000] {subprocess.py:86} INFO - Output:
[2024-07-23T03:29:38.525+0000] {subprocess.py:97} INFO - Command exited with return code 0
[2024-07-23T03:29:38.549+0000] {taskinstance.py:1323} INFO - Marking task as SUCCESS. dag_id=exemplo_dag_complexa, task_id=tsk9, execution_date=20240723T032914, start_date=20240723T032933, end_date=20240723T032938
[2024-07-23T03:29:38.585+0000] {local_task_job.py:208} INFO - Task exited with return code 0
[2024-07-23T03:29:38.597+0000] {taskinstance.py:2578} INFO - 0 downstream tasks scheduled from follow-on schedule check
