[2024-07-22T02:35:21.731+0000] {taskinstance.py:1083} INFO - Dependencies all met for <TaskInstance: example_dynamic_task_mapping.sum_it scheduled__2022-11-22T00:00:00+00:00 [queued]>
[2024-07-22T02:35:21.738+0000] {taskinstance.py:1083} INFO - Dependencies all met for <TaskInstance: example_dynamic_task_mapping.sum_it scheduled__2022-11-22T00:00:00+00:00 [queued]>
[2024-07-22T02:35:21.738+0000] {taskinstance.py:1279} INFO - 
--------------------------------------------------------------------------------
[2024-07-22T02:35:21.738+0000] {taskinstance.py:1280} INFO - Starting attempt 1 of 1
[2024-07-22T02:35:21.738+0000] {taskinstance.py:1281} INFO - 
--------------------------------------------------------------------------------
[2024-07-22T02:35:21.747+0000] {taskinstance.py:1300} INFO - Executing <Task(_PythonDecoratedOperator): sum_it> on 2022-11-22 00:00:00+00:00
[2024-07-22T02:35:21.751+0000] {standard_task_runner.py:55} INFO - Started process 2996 to run task
[2024-07-22T02:35:21.756+0000] {standard_task_runner.py:82} INFO - Running: ['***', 'tasks', 'run', 'example_dynamic_task_mapping', 'sum_it', 'scheduled__2022-11-22T00:00:00+00:00', '--job-id', '1087', '--raw', '--subdir', '/home/***/.local/lib/python3.7/site-packages/***/example_dags/example_dynamic_task_mapping.py', '--cfg-path', '/tmp/tmp6ezvi78l']
[2024-07-22T02:35:21.756+0000] {standard_task_runner.py:83} INFO - Job 1087: Subtask sum_it
[2024-07-22T02:35:21.800+0000] {task_command.py:388} INFO - Running <TaskInstance: example_dynamic_task_mapping.sum_it scheduled__2022-11-22T00:00:00+00:00 [running]> on host 06eaaebc2caa
[2024-07-22T02:35:21.870+0000] {taskinstance.py:1509} INFO - Exporting the following env vars:
AIRFLOW_CTX_DAG_OWNER=***
AIRFLOW_CTX_DAG_ID=example_dynamic_task_mapping
AIRFLOW_CTX_TASK_ID=sum_it
AIRFLOW_CTX_EXECUTION_DATE=2022-11-22T00:00:00+00:00
AIRFLOW_CTX_TRY_NUMBER=1
AIRFLOW_CTX_DAG_RUN_ID=scheduled__2022-11-22T00:00:00+00:00
[2024-07-22T02:35:21.877+0000] {logging_mixin.py:137} INFO - Total was 9
[2024-07-22T02:35:21.878+0000] {python.py:177} INFO - Done. Returned value was: None
[2024-07-22T02:35:21.884+0000] {taskinstance.py:1323} INFO - Marking task as SUCCESS. dag_id=example_dynamic_task_mapping, task_id=sum_it, execution_date=20221122T000000, start_date=20240722T023521, end_date=20240722T023521
[2024-07-22T02:35:21.897+0000] {local_task_job.py:208} INFO - Task exited with return code 0
[2024-07-22T02:35:21.909+0000] {taskinstance.py:2578} INFO - 0 downstream tasks scheduled from follow-on schedule check
