[2024-07-22T02:31:15.712+0000] {taskinstance.py:1083} INFO - Dependencies all met for <TaskInstance: example_complex.get_entry_group_result manual__2024-07-22T02:31:06.388108+00:00 [queued]>
[2024-07-22T02:31:15.724+0000] {taskinstance.py:1083} INFO - Dependencies all met for <TaskInstance: example_complex.get_entry_group_result manual__2024-07-22T02:31:06.388108+00:00 [queued]>
[2024-07-22T02:31:15.724+0000] {taskinstance.py:1279} INFO - 
--------------------------------------------------------------------------------
[2024-07-22T02:31:15.725+0000] {taskinstance.py:1280} INFO - Starting attempt 1 of 1
[2024-07-22T02:31:15.725+0000] {taskinstance.py:1281} INFO - 
--------------------------------------------------------------------------------
[2024-07-22T02:31:15.736+0000] {taskinstance.py:1300} INFO - Executing <Task(BashOperator): get_entry_group_result> on 2024-07-22 02:31:06.388108+00:00
[2024-07-22T02:31:15.740+0000] {standard_task_runner.py:55} INFO - Started process 749 to run task
[2024-07-22T02:31:15.743+0000] {standard_task_runner.py:82} INFO - Running: ['***', 'tasks', 'run', 'example_complex', 'get_entry_group_result', 'manual__2024-07-22T02:31:06.388108+00:00', '--job-id', '137', '--raw', '--subdir', '/home/***/.local/lib/python3.7/site-packages/***/example_dags/example_complex.py', '--cfg-path', '/tmp/tmph2_2fai6']
[2024-07-22T02:31:15.744+0000] {standard_task_runner.py:83} INFO - Job 137: Subtask get_entry_group_result
[2024-07-22T02:31:15.786+0000] {task_command.py:388} INFO - Running <TaskInstance: example_complex.get_entry_group_result manual__2024-07-22T02:31:06.388108+00:00 [running]> on host 06eaaebc2caa
[2024-07-22T02:31:16.006+0000] {taskinstance.py:1509} INFO - Exporting the following env vars:
AIRFLOW_CTX_DAG_OWNER=***
AIRFLOW_CTX_DAG_ID=example_complex
AIRFLOW_CTX_TASK_ID=get_entry_group_result
AIRFLOW_CTX_EXECUTION_DATE=2024-07-22T02:31:06.388108+00:00
AIRFLOW_CTX_TRY_NUMBER=1
AIRFLOW_CTX_DAG_RUN_ID=manual__2024-07-22T02:31:06.388108+00:00
[2024-07-22T02:31:16.008+0000] {subprocess.py:63} INFO - Tmp dir root location: 
 /tmp
[2024-07-22T02:31:16.008+0000] {subprocess.py:75} INFO - Running command: ['/bin/bash', '-c', 'echo get_entry_group_result']
[2024-07-22T02:31:16.017+0000] {subprocess.py:86} INFO - Output:
[2024-07-22T02:31:16.019+0000] {subprocess.py:93} INFO - get_entry_group_result
[2024-07-22T02:31:16.019+0000] {subprocess.py:97} INFO - Command exited with return code 0
[2024-07-22T02:31:16.040+0000] {taskinstance.py:1323} INFO - Marking task as SUCCESS. dag_id=example_complex, task_id=get_entry_group_result, execution_date=20240722T023106, start_date=20240722T023115, end_date=20240722T023116
[2024-07-22T02:31:16.074+0000] {local_task_job.py:208} INFO - Task exited with return code 0
[2024-07-22T02:31:16.086+0000] {taskinstance.py:2578} INFO - 0 downstream tasks scheduled from follow-on schedule check
