[2024-07-27T04:15:25.055+0000] {taskinstance.py:1083} INFO - Dependencies all met for <TaskInstance: exemplo_python_operator.clean_data manual__2024-07-27T04:15:23.687670+00:00 [queued]>
[2024-07-27T04:15:25.061+0000] {taskinstance.py:1083} INFO - Dependencies all met for <TaskInstance: exemplo_python_operator.clean_data manual__2024-07-27T04:15:23.687670+00:00 [queued]>
[2024-07-27T04:15:25.061+0000] {taskinstance.py:1279} INFO - 
--------------------------------------------------------------------------------
[2024-07-27T04:15:25.061+0000] {taskinstance.py:1280} INFO - Starting attempt 1 of 1
[2024-07-27T04:15:25.061+0000] {taskinstance.py:1281} INFO - 
--------------------------------------------------------------------------------
[2024-07-27T04:15:25.068+0000] {taskinstance.py:1300} INFO - Executing <Task(PythonOperator): clean_data> on 2024-07-27 04:15:23.687670+00:00
[2024-07-27T04:15:25.073+0000] {standard_task_runner.py:55} INFO - Started process 605 to run task
[2024-07-27T04:15:25.075+0000] {standard_task_runner.py:82} INFO - Running: ['***', 'tasks', 'run', 'exemplo_python_operator', 'clean_data', 'manual__2024-07-27T04:15:23.687670+00:00', '--job-id', '1787', '--raw', '--subdir', 'DAGS_FOLDER/exemplo_python_operator.py', '--cfg-path', '/tmp/tmpdf11z747']
[2024-07-27T04:15:25.076+0000] {standard_task_runner.py:83} INFO - Job 1787: Subtask clean_data
[2024-07-27T04:15:25.109+0000] {task_command.py:388} INFO - Running <TaskInstance: exemplo_python_operator.clean_data manual__2024-07-27T04:15:23.687670+00:00 [running]> on host ec0bbc56d6ed
[2024-07-27T04:15:25.145+0000] {taskinstance.py:1509} INFO - Exporting the following env vars:
AIRFLOW_CTX_DAG_OWNER=***
AIRFLOW_CTX_DAG_ID=exemplo_python_operator
AIRFLOW_CTX_TASK_ID=clean_data
AIRFLOW_CTX_EXECUTION_DATE=2024-07-27T04:15:23.687670+00:00
AIRFLOW_CTX_TRY_NUMBER=1
AIRFLOW_CTX_DAG_RUN_ID=manual__2024-07-27T04:15:23.687670+00:00
[2024-07-27T04:15:25.161+0000] {python.py:177} INFO - Done. Returned value was: None
[2024-07-27T04:15:25.167+0000] {taskinstance.py:1323} INFO - Marking task as SUCCESS. dag_id=exemplo_python_operator, task_id=clean_data, execution_date=20240727T041523, start_date=20240727T041525, end_date=20240727T041525
[2024-07-27T04:15:25.217+0000] {local_task_job.py:208} INFO - Task exited with return code 0
[2024-07-27T04:15:25.227+0000] {taskinstance.py:2578} INFO - 0 downstream tasks scheduled from follow-on schedule check
