[2024-07-23T00:00:03.047+0000] {taskinstance.py:1083} INFO - Dependencies all met for <TaskInstance: example_bash_operator.run_after_loop scheduled__2024-07-22T00:00:00+00:00 [queued]>
[2024-07-23T00:00:03.053+0000] {taskinstance.py:1083} INFO - Dependencies all met for <TaskInstance: example_bash_operator.run_after_loop scheduled__2024-07-22T00:00:00+00:00 [queued]>
[2024-07-23T00:00:03.053+0000] {taskinstance.py:1279} INFO - 
--------------------------------------------------------------------------------
[2024-07-23T00:00:03.054+0000] {taskinstance.py:1280} INFO - Starting attempt 1 of 1
[2024-07-23T00:00:03.054+0000] {taskinstance.py:1281} INFO - 
--------------------------------------------------------------------------------
[2024-07-23T00:00:03.062+0000] {taskinstance.py:1300} INFO - Executing <Task(BashOperator): run_after_loop> on 2024-07-22 00:00:00+00:00
[2024-07-23T00:00:03.064+0000] {standard_task_runner.py:55} INFO - Started process 74158 to run task
[2024-07-23T00:00:03.066+0000] {standard_task_runner.py:82} INFO - Running: ['***', 'tasks', 'run', 'example_bash_operator', 'run_after_loop', 'scheduled__2024-07-22T00:00:00+00:00', '--job-id', '1261', '--raw', '--subdir', '/home/***/.local/lib/python3.7/site-packages/***/example_dags/example_bash_operator.py', '--cfg-path', '/tmp/tmpo84l9jhc']
[2024-07-23T00:00:03.066+0000] {standard_task_runner.py:83} INFO - Job 1261: Subtask run_after_loop
[2024-07-23T00:00:03.102+0000] {task_command.py:388} INFO - Running <TaskInstance: example_bash_operator.run_after_loop scheduled__2024-07-22T00:00:00+00:00 [running]> on host 06eaaebc2caa
[2024-07-23T00:00:03.141+0000] {taskinstance.py:1509} INFO - Exporting the following env vars:
AIRFLOW_CTX_DAG_OWNER=***
AIRFLOW_CTX_DAG_ID=example_bash_operator
AIRFLOW_CTX_TASK_ID=run_after_loop
AIRFLOW_CTX_EXECUTION_DATE=2024-07-22T00:00:00+00:00
AIRFLOW_CTX_TRY_NUMBER=1
AIRFLOW_CTX_DAG_RUN_ID=scheduled__2024-07-22T00:00:00+00:00
[2024-07-23T00:00:03.143+0000] {subprocess.py:63} INFO - Tmp dir root location: 
 /tmp
[2024-07-23T00:00:03.143+0000] {subprocess.py:75} INFO - Running command: ['/bin/bash', '-c', 'echo 1']
[2024-07-23T00:00:03.150+0000] {subprocess.py:86} INFO - Output:
[2024-07-23T00:00:03.151+0000] {subprocess.py:93} INFO - 1
[2024-07-23T00:00:03.151+0000] {subprocess.py:97} INFO - Command exited with return code 0
[2024-07-23T00:00:03.166+0000] {taskinstance.py:1323} INFO - Marking task as SUCCESS. dag_id=example_bash_operator, task_id=run_after_loop, execution_date=20240722T000000, start_date=20240723T000003, end_date=20240723T000003
[2024-07-23T00:00:03.207+0000] {local_task_job.py:208} INFO - Task exited with return code 0
[2024-07-23T00:00:03.219+0000] {taskinstance.py:2578} INFO - 0 downstream tasks scheduled from follow-on schedule check
