[2024-07-26T12:10:31.045+0000] {taskinstance.py:1083} INFO - Dependencies all met for <TaskInstance: exemplo_defaultargs.tsk3 scheduled__2024-07-26T11:00:00+00:00 [queued]>
[2024-07-26T12:10:31.055+0000] {taskinstance.py:1083} INFO - Dependencies all met for <TaskInstance: exemplo_defaultargs.tsk3 scheduled__2024-07-26T11:00:00+00:00 [queued]>
[2024-07-26T12:10:31.055+0000] {taskinstance.py:1279} INFO - 
--------------------------------------------------------------------------------
[2024-07-26T12:10:31.057+0000] {taskinstance.py:1280} INFO - Starting attempt 1 of 2
[2024-07-26T12:10:31.057+0000] {taskinstance.py:1281} INFO - 
--------------------------------------------------------------------------------
[2024-07-26T12:10:31.065+0000] {taskinstance.py:1300} INFO - Executing <Task(BashOperator): tsk3> on 2024-07-26 11:00:00+00:00
[2024-07-26T12:10:31.068+0000] {standard_task_runner.py:55} INFO - Started process 12772 to run task
[2024-07-26T12:10:31.070+0000] {standard_task_runner.py:82} INFO - Running: ['***', 'tasks', 'run', 'exemplo_defaultargs', 'tsk3', 'scheduled__2024-07-26T11:00:00+00:00', '--job-id', '1598', '--raw', '--subdir', 'DAGS_FOLDER/exemplo_defaultargs.py', '--cfg-path', '/tmp/tmp191qhpmd']
[2024-07-26T12:10:31.071+0000] {standard_task_runner.py:83} INFO - Job 1598: Subtask tsk3
[2024-07-26T12:10:31.114+0000] {task_command.py:388} INFO - Running <TaskInstance: exemplo_defaultargs.tsk3 scheduled__2024-07-26T11:00:00+00:00 [running]> on host 029011c5aea1
[2024-07-26T12:10:31.158+0000] {taskinstance.py:1509} INFO - Exporting the following env vars:
AIRFLOW_CTX_DAG_EMAIL=test@test.com
AIRFLOW_CTX_DAG_OWNER=***
AIRFLOW_CTX_DAG_ID=exemplo_defaultargs
AIRFLOW_CTX_TASK_ID=tsk3
AIRFLOW_CTX_EXECUTION_DATE=2024-07-26T11:00:00+00:00
AIRFLOW_CTX_TRY_NUMBER=1
AIRFLOW_CTX_DAG_RUN_ID=scheduled__2024-07-26T11:00:00+00:00
[2024-07-26T12:10:31.159+0000] {subprocess.py:63} INFO - Tmp dir root location: 
 /tmp
[2024-07-26T12:10:31.159+0000] {subprocess.py:75} INFO - Running command: ['/bin/bash', '-c', 'sleep 5']
[2024-07-26T12:10:31.168+0000] {subprocess.py:86} INFO - Output:
[2024-07-26T12:10:36.173+0000] {subprocess.py:97} INFO - Command exited with return code 0
[2024-07-26T12:10:36.201+0000] {taskinstance.py:1323} INFO - Marking task as SUCCESS. dag_id=exemplo_defaultargs, task_id=tsk3, execution_date=20240726T110000, start_date=20240726T121031, end_date=20240726T121036
[2024-07-26T12:10:36.223+0000] {local_task_job.py:208} INFO - Task exited with return code 0
[2024-07-26T12:10:36.237+0000] {taskinstance.py:2578} INFO - 0 downstream tasks scheduled from follow-on schedule check
