[2024-07-25T02:16:24.630+0000] {taskinstance.py:1083} INFO - Dependencies all met for <TaskInstance: exemplo_triggerdagrun_operator_2.tsk2 manual__2024-07-25T02:16:16.459473+00:00 [queued]>
[2024-07-25T02:16:24.636+0000] {taskinstance.py:1083} INFO - Dependencies all met for <TaskInstance: exemplo_triggerdagrun_operator_2.tsk2 manual__2024-07-25T02:16:16.459473+00:00 [queued]>
[2024-07-25T02:16:24.636+0000] {taskinstance.py:1279} INFO - 
--------------------------------------------------------------------------------
[2024-07-25T02:16:24.636+0000] {taskinstance.py:1280} INFO - Starting attempt 1 of 1
[2024-07-25T02:16:24.637+0000] {taskinstance.py:1281} INFO - 
--------------------------------------------------------------------------------
[2024-07-25T02:16:24.643+0000] {taskinstance.py:1300} INFO - Executing <Task(BashOperator): tsk2> on 2024-07-25 02:16:16.459473+00:00
[2024-07-25T02:16:24.646+0000] {standard_task_runner.py:55} INFO - Started process 31188 to run task
[2024-07-25T02:16:24.649+0000] {standard_task_runner.py:82} INFO - Running: ['***', 'tasks', 'run', 'exemplo_triggerdagrun_operator_2', 'tsk2', 'manual__2024-07-25T02:16:16.459473+00:00', '--job-id', '1387', '--raw', '--subdir', 'DAGS_FOLDER/exemplo_triggerdagrun_operator_2.py', '--cfg-path', '/tmp/tmpbf2q4y3c']
[2024-07-25T02:16:24.649+0000] {standard_task_runner.py:83} INFO - Job 1387: Subtask tsk2
[2024-07-25T02:16:24.701+0000] {task_command.py:388} INFO - Running <TaskInstance: exemplo_triggerdagrun_operator_2.tsk2 manual__2024-07-25T02:16:16.459473+00:00 [running]> on host 448a9c84d52e
[2024-07-25T02:16:24.744+0000] {taskinstance.py:1509} INFO - Exporting the following env vars:
AIRFLOW_CTX_DAG_OWNER=***
AIRFLOW_CTX_DAG_ID=exemplo_triggerdagrun_operator_2
AIRFLOW_CTX_TASK_ID=tsk2
AIRFLOW_CTX_EXECUTION_DATE=2024-07-25T02:16:16.459473+00:00
AIRFLOW_CTX_TRY_NUMBER=1
AIRFLOW_CTX_DAG_RUN_ID=manual__2024-07-25T02:16:16.459473+00:00
[2024-07-25T02:16:24.745+0000] {subprocess.py:63} INFO - Tmp dir root location: 
 /tmp
[2024-07-25T02:16:24.745+0000] {subprocess.py:75} INFO - Running command: ['/bin/bash', '-c', 'sleep 5']
[2024-07-25T02:16:24.752+0000] {subprocess.py:86} INFO - Output:
[2024-07-25T02:16:29.758+0000] {subprocess.py:97} INFO - Command exited with return code 0
[2024-07-25T02:16:29.778+0000] {taskinstance.py:1323} INFO - Marking task as SUCCESS. dag_id=exemplo_triggerdagrun_operator_2, task_id=tsk2, execution_date=20240725T021616, start_date=20240725T021624, end_date=20240725T021629
[2024-07-25T02:16:29.811+0000] {local_task_job.py:208} INFO - Task exited with return code 0
[2024-07-25T02:16:29.821+0000] {taskinstance.py:2578} INFO - 0 downstream tasks scheduled from follow-on schedule check
