[2024-07-22T02:34:12.487+0000] {taskinstance.py:1083} INFO - Dependencies all met for <TaskInstance: tutorial_taskflow_api_virtualenv.transform manual__2024-07-22T02:34:03.612348+00:00 [queued]>
[2024-07-22T02:34:12.508+0000] {taskinstance.py:1083} INFO - Dependencies all met for <TaskInstance: tutorial_taskflow_api_virtualenv.transform manual__2024-07-22T02:34:03.612348+00:00 [queued]>
[2024-07-22T02:34:12.508+0000] {taskinstance.py:1279} INFO - 
--------------------------------------------------------------------------------
[2024-07-22T02:34:12.509+0000] {taskinstance.py:1280} INFO - Starting attempt 1 of 1
[2024-07-22T02:34:12.509+0000] {taskinstance.py:1281} INFO - 
--------------------------------------------------------------------------------
[2024-07-22T02:34:12.538+0000] {taskinstance.py:1300} INFO - Executing <Task(_PythonDecoratedOperator): transform> on 2024-07-22 02:34:03.612348+00:00
[2024-07-22T02:34:12.551+0000] {standard_task_runner.py:55} INFO - Started process 2346 to run task
[2024-07-22T02:34:12.556+0000] {standard_task_runner.py:82} INFO - Running: ['***', 'tasks', 'run', 'tutorial_taskflow_api_virtualenv', 'transform', 'manual__2024-07-22T02:34:03.612348+00:00', '--job-id', '803', '--raw', '--subdir', '/home/***/.local/lib/python3.7/site-packages/***/example_dags/tutorial_taskflow_api_virtualenv.py', '--cfg-path', '/tmp/tmpmr3107f_']
[2024-07-22T02:34:12.560+0000] {standard_task_runner.py:83} INFO - Job 803: Subtask transform
[2024-07-22T02:34:12.668+0000] {task_command.py:388} INFO - Running <TaskInstance: tutorial_taskflow_api_virtualenv.transform manual__2024-07-22T02:34:03.612348+00:00 [running]> on host 06eaaebc2caa
[2024-07-22T02:34:12.769+0000] {taskinstance.py:1509} INFO - Exporting the following env vars:
AIRFLOW_CTX_DAG_OWNER=***
AIRFLOW_CTX_DAG_ID=tutorial_taskflow_api_virtualenv
AIRFLOW_CTX_TASK_ID=transform
AIRFLOW_CTX_EXECUTION_DATE=2024-07-22T02:34:03.612348+00:00
AIRFLOW_CTX_TRY_NUMBER=1
AIRFLOW_CTX_DAG_RUN_ID=manual__2024-07-22T02:34:03.612348+00:00
[2024-07-22T02:34:12.771+0000] {python.py:177} INFO - Done. Returned value was: {'total_order_value': 1236.7}
[2024-07-22T02:34:12.906+0000] {taskinstance.py:1323} INFO - Marking task as SUCCESS. dag_id=tutorial_taskflow_api_virtualenv, task_id=transform, execution_date=20240722T023403, start_date=20240722T023412, end_date=20240722T023412
[2024-07-22T02:34:12.988+0000] {local_task_job.py:208} INFO - Task exited with return code 0
[2024-07-22T02:34:13.033+0000] {taskinstance.py:2578} INFO - 1 downstream tasks scheduled from follow-on schedule check
