[2024-07-27T06:11:56.177+0000] {taskinstance.py:1083} INFO - Dependencies all met for <TaskInstance: exemplo_defaultargs.tsk1 scheduled__2024-07-27T05:00:00+00:00 [queued]>
[2024-07-27T06:11:56.192+0000] {taskinstance.py:1083} INFO - Dependencies all met for <TaskInstance: exemplo_defaultargs.tsk1 scheduled__2024-07-27T05:00:00+00:00 [queued]>
[2024-07-27T06:11:56.192+0000] {taskinstance.py:1279} INFO - 
--------------------------------------------------------------------------------
[2024-07-27T06:11:56.193+0000] {taskinstance.py:1280} INFO - Starting attempt 1 of 4
[2024-07-27T06:11:56.193+0000] {taskinstance.py:1281} INFO - 
--------------------------------------------------------------------------------
[2024-07-27T06:11:56.210+0000] {taskinstance.py:1300} INFO - Executing <Task(BashOperator): tsk1> on 2024-07-27 05:00:00+00:00
[2024-07-27T06:11:56.217+0000] {standard_task_runner.py:55} INFO - Started process 5780 to run task
[2024-07-27T06:11:56.222+0000] {standard_task_runner.py:82} INFO - Running: ['***', 'tasks', 'run', 'exemplo_defaultargs', 'tsk1', 'scheduled__2024-07-27T05:00:00+00:00', '--job-id', '1793', '--raw', '--subdir', 'DAGS_FOLDER/exemplo_defaultargs.py', '--cfg-path', '/tmp/tmppsxn5v_v']
[2024-07-27T06:11:56.227+0000] {standard_task_runner.py:83} INFO - Job 1793: Subtask tsk1
[2024-07-27T06:11:56.276+0000] {task_command.py:388} INFO - Running <TaskInstance: exemplo_defaultargs.tsk1 scheduled__2024-07-27T05:00:00+00:00 [running]> on host ec0bbc56d6ed
[2024-07-27T06:11:56.324+0000] {taskinstance.py:1509} INFO - Exporting the following env vars:
AIRFLOW_CTX_DAG_EMAIL=test@test.com
AIRFLOW_CTX_DAG_OWNER=***
AIRFLOW_CTX_DAG_ID=exemplo_defaultargs
AIRFLOW_CTX_TASK_ID=tsk1
AIRFLOW_CTX_EXECUTION_DATE=2024-07-27T05:00:00+00:00
AIRFLOW_CTX_TRY_NUMBER=1
AIRFLOW_CTX_DAG_RUN_ID=scheduled__2024-07-27T05:00:00+00:00
[2024-07-27T06:11:56.325+0000] {subprocess.py:63} INFO - Tmp dir root location: 
 /tmp
[2024-07-27T06:11:56.326+0000] {subprocess.py:75} INFO - Running command: ['/bin/bash', '-c', 'sleep 5']
[2024-07-27T06:11:56.336+0000] {subprocess.py:86} INFO - Output:
[2024-07-27T06:12:01.344+0000] {subprocess.py:97} INFO - Command exited with return code 0
[2024-07-27T06:12:01.364+0000] {taskinstance.py:1323} INFO - Marking task as SUCCESS. dag_id=exemplo_defaultargs, task_id=tsk1, execution_date=20240727T050000, start_date=20240727T061156, end_date=20240727T061201
[2024-07-27T06:12:01.384+0000] {local_task_job.py:208} INFO - Task exited with return code 0
[2024-07-27T06:12:01.399+0000] {taskinstance.py:2578} INFO - 1 downstream tasks scheduled from follow-on schedule check
