[2024-07-22T02:32:19.724+0000] {taskinstance.py:1083} INFO - Dependencies all met for <TaskInstance: example_dynamic_task_mapping.sum_it scheduled__2022-05-31T00:00:00+00:00 [queued]>
[2024-07-22T02:32:19.730+0000] {taskinstance.py:1083} INFO - Dependencies all met for <TaskInstance: example_dynamic_task_mapping.sum_it scheduled__2022-05-31T00:00:00+00:00 [queued]>
[2024-07-22T02:32:19.731+0000] {taskinstance.py:1279} INFO - 
--------------------------------------------------------------------------------
[2024-07-22T02:32:19.731+0000] {taskinstance.py:1280} INFO - Starting attempt 1 of 1
[2024-07-22T02:32:19.731+0000] {taskinstance.py:1281} INFO - 
--------------------------------------------------------------------------------
[2024-07-22T02:32:19.740+0000] {taskinstance.py:1300} INFO - Executing <Task(_PythonDecoratedOperator): sum_it> on 2022-05-31 00:00:00+00:00
[2024-07-22T02:32:19.744+0000] {standard_task_runner.py:55} INFO - Started process 1359 to run task
[2024-07-22T02:32:19.747+0000] {standard_task_runner.py:82} INFO - Running: ['***', 'tasks', 'run', 'example_dynamic_task_mapping', 'sum_it', 'scheduled__2022-05-31T00:00:00+00:00', '--job-id', '399', '--raw', '--subdir', '/home/***/.local/lib/python3.7/site-packages/***/example_dags/example_dynamic_task_mapping.py', '--cfg-path', '/tmp/tmpzd2kisfs']
[2024-07-22T02:32:19.747+0000] {standard_task_runner.py:83} INFO - Job 399: Subtask sum_it
[2024-07-22T02:32:19.792+0000] {task_command.py:388} INFO - Running <TaskInstance: example_dynamic_task_mapping.sum_it scheduled__2022-05-31T00:00:00+00:00 [running]> on host 06eaaebc2caa
[2024-07-22T02:32:19.848+0000] {taskinstance.py:1509} INFO - Exporting the following env vars:
AIRFLOW_CTX_DAG_OWNER=***
AIRFLOW_CTX_DAG_ID=example_dynamic_task_mapping
AIRFLOW_CTX_TASK_ID=sum_it
AIRFLOW_CTX_EXECUTION_DATE=2022-05-31T00:00:00+00:00
AIRFLOW_CTX_TRY_NUMBER=1
AIRFLOW_CTX_DAG_RUN_ID=scheduled__2022-05-31T00:00:00+00:00
[2024-07-22T02:32:19.853+0000] {logging_mixin.py:137} INFO - Total was 9
[2024-07-22T02:32:19.854+0000] {python.py:177} INFO - Done. Returned value was: None
[2024-07-22T02:32:19.860+0000] {taskinstance.py:1323} INFO - Marking task as SUCCESS. dag_id=example_dynamic_task_mapping, task_id=sum_it, execution_date=20220531T000000, start_date=20240722T023219, end_date=20240722T023219
[2024-07-22T02:32:19.887+0000] {local_task_job.py:208} INFO - Task exited with return code 0
[2024-07-22T02:32:19.900+0000] {taskinstance.py:2578} INFO - 0 downstream tasks scheduled from follow-on schedule check
