[2024-07-22T02:32:07.427+0000] {taskinstance.py:1083} INFO - Dependencies all met for <TaskInstance: example_xcom.bash_push scheduled__2021-01-01T00:00:00+00:00 [queued]>
[2024-07-22T02:32:07.441+0000] {taskinstance.py:1083} INFO - Dependencies all met for <TaskInstance: example_xcom.bash_push scheduled__2021-01-01T00:00:00+00:00 [queued]>
[2024-07-22T02:32:07.442+0000] {taskinstance.py:1279} INFO - 
--------------------------------------------------------------------------------
[2024-07-22T02:32:07.443+0000] {taskinstance.py:1280} INFO - Starting attempt 1 of 1
[2024-07-22T02:32:07.443+0000] {taskinstance.py:1281} INFO - 
--------------------------------------------------------------------------------
[2024-07-22T02:32:07.458+0000] {taskinstance.py:1300} INFO - Executing <Task(BashOperator): bash_push> on 2021-01-01 00:00:00+00:00
[2024-07-22T02:32:07.463+0000] {standard_task_runner.py:55} INFO - Started process 1235 to run task
[2024-07-22T02:32:07.467+0000] {standard_task_runner.py:82} INFO - Running: ['***', 'tasks', 'run', 'example_xcom', 'bash_push', 'scheduled__2021-01-01T00:00:00+00:00', '--job-id', '346', '--raw', '--subdir', '/home/***/.local/lib/python3.7/site-packages/***/example_dags/example_xcom.py', '--cfg-path', '/tmp/tmpmlyrc_ss']
[2024-07-22T02:32:07.472+0000] {standard_task_runner.py:83} INFO - Job 346: Subtask bash_push
[2024-07-22T02:32:07.549+0000] {task_command.py:388} INFO - Running <TaskInstance: example_xcom.bash_push scheduled__2021-01-01T00:00:00+00:00 [running]> on host 06eaaebc2caa
[2024-07-22T02:32:07.822+0000] {taskinstance.py:1509} INFO - Exporting the following env vars:
AIRFLOW_CTX_DAG_OWNER=***
AIRFLOW_CTX_DAG_ID=example_xcom
AIRFLOW_CTX_TASK_ID=bash_push
AIRFLOW_CTX_EXECUTION_DATE=2021-01-01T00:00:00+00:00
AIRFLOW_CTX_TRY_NUMBER=1
AIRFLOW_CTX_DAG_RUN_ID=scheduled__2021-01-01T00:00:00+00:00
[2024-07-22T02:32:07.826+0000] {subprocess.py:63} INFO - Tmp dir root location: 
 /tmp
[2024-07-22T02:32:07.832+0000] {subprocess.py:75} INFO - Running command: ['/bin/bash', '-c', 'echo "bash_push demo"  && echo "Manually set xcom value None" && echo "value_by_return"']
[2024-07-22T02:32:07.847+0000] {subprocess.py:86} INFO - Output:
[2024-07-22T02:32:07.857+0000] {subprocess.py:93} INFO - bash_push demo
[2024-07-22T02:32:07.862+0000] {subprocess.py:93} INFO - Manually set xcom value None
[2024-07-22T02:32:07.865+0000] {subprocess.py:93} INFO - value_by_return
[2024-07-22T02:32:07.874+0000] {subprocess.py:97} INFO - Command exited with return code 0
[2024-07-22T02:32:07.909+0000] {taskinstance.py:1323} INFO - Marking task as SUCCESS. dag_id=example_xcom, task_id=bash_push, execution_date=20210101T000000, start_date=20240722T023207, end_date=20240722T023207
[2024-07-22T02:32:07.980+0000] {local_task_job.py:208} INFO - Task exited with return code 0
[2024-07-22T02:32:08.113+0000] {taskinstance.py:2578} INFO - 2 downstream tasks scheduled from follow-on schedule check
