[2024-07-26T00:00:33.742+0000] {taskinstance.py:1083} INFO - Dependencies all met for <TaskInstance: exemplo_defaultargs.tsk3 scheduled__2024-07-25T23:00:00+00:00 [queued]>
[2024-07-26T00:00:33.857+0000] {taskinstance.py:1083} INFO - Dependencies all met for <TaskInstance: exemplo_defaultargs.tsk3 scheduled__2024-07-25T23:00:00+00:00 [queued]>
[2024-07-26T00:00:33.860+0000] {taskinstance.py:1279} INFO - 
--------------------------------------------------------------------------------
[2024-07-26T00:00:33.861+0000] {taskinstance.py:1280} INFO - Starting attempt 2 of 2
[2024-07-26T00:00:33.862+0000] {taskinstance.py:1281} INFO - 
--------------------------------------------------------------------------------
[2024-07-26T00:00:33.884+0000] {taskinstance.py:1300} INFO - Executing <Task(BashOperator): tsk3> on 2024-07-25 23:00:00+00:00
[2024-07-26T00:00:33.921+0000] {standard_task_runner.py:55} INFO - Started process 92624 to run task
[2024-07-26T00:00:34.002+0000] {standard_task_runner.py:82} INFO - Running: ['***', 'tasks', 'run', 'exemplo_defaultargs', 'tsk3', 'scheduled__2024-07-25T23:00:00+00:00', '--job-id', '1455', '--raw', '--subdir', 'DAGS_FOLDER/exemplo_defaultargs.py', '--cfg-path', '/tmp/tmpydwoe_r7']
[2024-07-26T00:00:34.044+0000] {standard_task_runner.py:83} INFO - Job 1455: Subtask tsk3
[2024-07-26T00:00:34.225+0000] {task_command.py:388} INFO - Running <TaskInstance: exemplo_defaultargs.tsk3 scheduled__2024-07-25T23:00:00+00:00 [running]> on host 448a9c84d52e
[2024-07-26T00:00:34.451+0000] {taskinstance.py:1509} INFO - Exporting the following env vars:
AIRFLOW_CTX_DAG_EMAIL=test@test.com
AIRFLOW_CTX_DAG_OWNER=***
AIRFLOW_CTX_DAG_ID=exemplo_defaultargs
AIRFLOW_CTX_TASK_ID=tsk3
AIRFLOW_CTX_EXECUTION_DATE=2024-07-25T23:00:00+00:00
AIRFLOW_CTX_TRY_NUMBER=2
AIRFLOW_CTX_DAG_RUN_ID=scheduled__2024-07-25T23:00:00+00:00
[2024-07-26T00:00:34.455+0000] {subprocess.py:63} INFO - Tmp dir root location: 
 /tmp
[2024-07-26T00:00:34.457+0000] {subprocess.py:75} INFO - Running command: ['/bin/bash', '-c', 'sleep 5']
[2024-07-26T00:00:34.509+0000] {subprocess.py:86} INFO - Output:
[2024-07-26T00:00:39.542+0000] {subprocess.py:97} INFO - Command exited with return code 0
[2024-07-26T00:00:39.652+0000] {taskinstance.py:1323} INFO - Marking task as SUCCESS. dag_id=exemplo_defaultargs, task_id=tsk3, execution_date=20240725T230000, start_date=20240726T000033, end_date=20240726T000039
[2024-07-26T00:00:39.711+0000] {local_task_job.py:208} INFO - Task exited with return code 0
[2024-07-26T00:00:39.738+0000] {taskinstance.py:2578} INFO - 0 downstream tasks scheduled from follow-on schedule check
