[2024-07-26T03:16:25.751+0000] {taskinstance.py:1083} INFO - Dependencies all met for <TaskInstance: exemplo_variaveis_ambiente.tsk1 manual__2024-07-26T03:16:25.297906+00:00 [queued]>
[2024-07-26T03:16:25.757+0000] {taskinstance.py:1083} INFO - Dependencies all met for <TaskInstance: exemplo_variaveis_ambiente.tsk1 manual__2024-07-26T03:16:25.297906+00:00 [queued]>
[2024-07-26T03:16:25.757+0000] {taskinstance.py:1279} INFO - 
--------------------------------------------------------------------------------
[2024-07-26T03:16:25.758+0000] {taskinstance.py:1280} INFO - Starting attempt 1 of 1
[2024-07-26T03:16:25.758+0000] {taskinstance.py:1281} INFO - 
--------------------------------------------------------------------------------
[2024-07-26T03:16:25.767+0000] {taskinstance.py:1300} INFO - Executing <Task(PythonOperator): tsk1> on 2024-07-26 03:16:25.297906+00:00
[2024-07-26T03:16:25.770+0000] {standard_task_runner.py:55} INFO - Started process 2699 to run task
[2024-07-26T03:16:25.772+0000] {standard_task_runner.py:82} INFO - Running: ['***', 'tasks', 'run', 'exemplo_variaveis_ambiente', 'tsk1', 'manual__2024-07-26T03:16:25.297906+00:00', '--job-id', '1518', '--raw', '--subdir', 'DAGS_FOLDER/exemplo_variaveis_ambiente.py', '--cfg-path', '/tmp/tmpit15f_cv']
[2024-07-26T03:16:25.773+0000] {standard_task_runner.py:83} INFO - Job 1518: Subtask tsk1
[2024-07-26T03:16:25.813+0000] {task_command.py:388} INFO - Running <TaskInstance: exemplo_variaveis_ambiente.tsk1 manual__2024-07-26T03:16:25.297906+00:00 [running]> on host 029011c5aea1
[2024-07-26T03:16:25.853+0000] {taskinstance.py:1509} INFO - Exporting the following env vars:
AIRFLOW_CTX_DAG_OWNER=***
AIRFLOW_CTX_DAG_ID=exemplo_variaveis_ambiente
AIRFLOW_CTX_TASK_ID=tsk1
AIRFLOW_CTX_EXECUTION_DATE=2024-07-26T03:16:25.297906+00:00
AIRFLOW_CTX_TRY_NUMBER=1
AIRFLOW_CTX_DAG_RUN_ID=manual__2024-07-26T03:16:25.297906+00:00
[2024-07-26T03:16:25.858+0000] {logging_mixin.py:137} INFO - O valor da variável é: doca
[2024-07-26T03:16:25.858+0000] {python.py:177} INFO - Done. Returned value was: None
[2024-07-26T03:16:25.864+0000] {taskinstance.py:1323} INFO - Marking task as SUCCESS. dag_id=exemplo_variaveis_ambiente, task_id=tsk1, execution_date=20240726T031625, start_date=20240726T031625, end_date=20240726T031625
[2024-07-26T03:16:25.913+0000] {local_task_job.py:208} INFO - Task exited with return code 0
[2024-07-26T03:16:25.926+0000] {taskinstance.py:2578} INFO - 0 downstream tasks scheduled from follow-on schedule check
