[2024-07-27T19:42:30.192+0000] {taskinstance.py:1083} INFO - Dependencies all met for <TaskInstance: exemplo_dataset_consumer.tsk1 dataset_triggered__2024-07-27T19:42:29.416725+00:00 [queued]>
[2024-07-27T19:42:30.201+0000] {taskinstance.py:1083} INFO - Dependencies all met for <TaskInstance: exemplo_dataset_consumer.tsk1 dataset_triggered__2024-07-27T19:42:29.416725+00:00 [queued]>
[2024-07-27T19:42:30.203+0000] {taskinstance.py:1279} INFO - 
--------------------------------------------------------------------------------
[2024-07-27T19:42:30.203+0000] {taskinstance.py:1280} INFO - Starting attempt 1 of 1
[2024-07-27T19:42:30.205+0000] {taskinstance.py:1281} INFO - 
--------------------------------------------------------------------------------
[2024-07-27T19:42:30.220+0000] {taskinstance.py:1300} INFO - Executing <Task(PythonOperator): tsk1> on 2024-07-27 19:42:29.416725+00:00
[2024-07-27T19:42:30.223+0000] {standard_task_runner.py:55} INFO - Started process 28152 to run task
[2024-07-27T19:42:30.226+0000] {standard_task_runner.py:82} INFO - Running: ['***', 'tasks', 'run', 'exemplo_dataset_consumer', 'tsk1', 'dataset_triggered__2024-07-27T19:42:29.416725+00:00', '--job-id', '1840', '--raw', '--subdir', 'DAGS_FOLDER/exemplo_dataset_consumer.py', '--cfg-path', '/tmp/tmptrlamlyg']
[2024-07-27T19:42:30.227+0000] {standard_task_runner.py:83} INFO - Job 1840: Subtask tsk1
[2024-07-27T19:42:30.265+0000] {task_command.py:388} INFO - Running <TaskInstance: exemplo_dataset_consumer.tsk1 dataset_triggered__2024-07-27T19:42:29.416725+00:00 [running]> on host ec0bbc56d6ed
[2024-07-27T19:42:30.311+0000] {taskinstance.py:1509} INFO - Exporting the following env vars:
AIRFLOW_CTX_DAG_OWNER=***
AIRFLOW_CTX_DAG_ID=exemplo_dataset_consumer
AIRFLOW_CTX_TASK_ID=tsk1
AIRFLOW_CTX_EXECUTION_DATE=2024-07-27T19:42:29.416725+00:00
AIRFLOW_CTX_TRY_NUMBER=1
AIRFLOW_CTX_DAG_RUN_ID=dataset_triggered__2024-07-27T19:42:29.416725+00:00
[2024-07-27T19:42:30.326+0000] {python.py:177} INFO - Done. Returned value was: None
[2024-07-27T19:42:30.339+0000] {taskinstance.py:1323} INFO - Marking task as SUCCESS. dag_id=exemplo_dataset_consumer, task_id=tsk1, execution_date=20240727T194229, start_date=20240727T194230, end_date=20240727T194230
[2024-07-27T19:42:30.364+0000] {local_task_job.py:208} INFO - Task exited with return code 0
[2024-07-27T19:42:30.376+0000] {taskinstance.py:2578} INFO - 0 downstream tasks scheduled from follow-on schedule check
