[2024-07-25T00:12:10.190+0000] {taskinstance.py:1083} INFO - Dependencies all met for <TaskInstance: exemplo_run_dag_operator_1.tsk2 manual__2024-07-25T00:12:02.347339+00:00 [queued]>
[2024-07-25T00:12:10.195+0000] {taskinstance.py:1083} INFO - Dependencies all met for <TaskInstance: exemplo_run_dag_operator_1.tsk2 manual__2024-07-25T00:12:02.347339+00:00 [queued]>
[2024-07-25T00:12:10.195+0000] {taskinstance.py:1279} INFO - 
--------------------------------------------------------------------------------
[2024-07-25T00:12:10.196+0000] {taskinstance.py:1280} INFO - Starting attempt 1 of 1
[2024-07-25T00:12:10.196+0000] {taskinstance.py:1281} INFO - 
--------------------------------------------------------------------------------
[2024-07-25T00:12:10.202+0000] {taskinstance.py:1300} INFO - Executing <Task(TriggerDagRunOperator): tsk2> on 2024-07-25 00:12:02.347339+00:00
[2024-07-25T00:12:10.205+0000] {standard_task_runner.py:55} INFO - Started process 27376 to run task
[2024-07-25T00:12:10.207+0000] {standard_task_runner.py:82} INFO - Running: ['***', 'tasks', 'run', 'exemplo_run_dag_operator_1', 'tsk2', 'manual__2024-07-25T00:12:02.347339+00:00', '--job-id', '1331', '--raw', '--subdir', 'DAGS_FOLDER/exemplo_run_dag_operator_1.py', '--cfg-path', '/tmp/tmpxdn4myb3']
[2024-07-25T00:12:10.207+0000] {standard_task_runner.py:83} INFO - Job 1331: Subtask tsk2
[2024-07-25T00:12:10.241+0000] {task_command.py:388} INFO - Running <TaskInstance: exemplo_run_dag_operator_1.tsk2 manual__2024-07-25T00:12:02.347339+00:00 [running]> on host 448a9c84d52e
[2024-07-25T00:12:10.278+0000] {taskinstance.py:1509} INFO - Exporting the following env vars:
AIRFLOW_CTX_DAG_OWNER=***
AIRFLOW_CTX_DAG_ID=exemplo_run_dag_operator_1
AIRFLOW_CTX_TASK_ID=tsk2
AIRFLOW_CTX_EXECUTION_DATE=2024-07-25T00:12:02.347339+00:00
AIRFLOW_CTX_TRY_NUMBER=1
AIRFLOW_CTX_DAG_RUN_ID=manual__2024-07-25T00:12:02.347339+00:00
[2024-07-25T00:12:10.958+0000] {taskinstance.py:1323} INFO - Marking task as SUCCESS. dag_id=exemplo_run_dag_operator_1, task_id=tsk2, execution_date=20240725T001202, start_date=20240725T001210, end_date=20240725T001210
[2024-07-25T00:12:11.006+0000] {local_task_job.py:208} INFO - Task exited with return code 0
[2024-07-25T00:12:11.022+0000] {taskinstance.py:2578} INFO - 0 downstream tasks scheduled from follow-on schedule check
