[2024-07-26T21:00:28.031+0000] {taskinstance.py:1083} INFO - Dependencies all met for <TaskInstance: exemplo_defaultargs.tsk2 scheduled__2024-07-26T20:00:00+00:00 [queued]>
[2024-07-26T21:00:28.038+0000] {taskinstance.py:1083} INFO - Dependencies all met for <TaskInstance: exemplo_defaultargs.tsk2 scheduled__2024-07-26T20:00:00+00:00 [queued]>
[2024-07-26T21:00:28.039+0000] {taskinstance.py:1279} INFO - 
--------------------------------------------------------------------------------
[2024-07-26T21:00:28.039+0000] {taskinstance.py:1280} INFO - Starting attempt 1 of 2
[2024-07-26T21:00:28.039+0000] {taskinstance.py:1281} INFO - 
--------------------------------------------------------------------------------
[2024-07-26T21:00:28.049+0000] {taskinstance.py:1300} INFO - Executing <Task(BashOperator): tsk2> on 2024-07-26 20:00:00+00:00
[2024-07-26T21:00:28.052+0000] {standard_task_runner.py:55} INFO - Started process 52435 to run task
[2024-07-26T21:00:28.055+0000] {standard_task_runner.py:82} INFO - Running: ['***', 'tasks', 'run', 'exemplo_defaultargs', 'tsk2', 'scheduled__2024-07-26T20:00:00+00:00', '--job-id', '1683', '--raw', '--subdir', 'DAGS_FOLDER/exemplo_defaultargs.py', '--cfg-path', '/tmp/tmppzyvhr5x']
[2024-07-26T21:00:28.055+0000] {standard_task_runner.py:83} INFO - Job 1683: Subtask tsk2
[2024-07-26T21:00:28.129+0000] {task_command.py:388} INFO - Running <TaskInstance: exemplo_defaultargs.tsk2 scheduled__2024-07-26T20:00:00+00:00 [running]> on host 029011c5aea1
[2024-07-26T21:00:28.184+0000] {taskinstance.py:1509} INFO - Exporting the following env vars:
AIRFLOW_CTX_DAG_EMAIL=test@test.com
AIRFLOW_CTX_DAG_OWNER=***
AIRFLOW_CTX_DAG_ID=exemplo_defaultargs
AIRFLOW_CTX_TASK_ID=tsk2
AIRFLOW_CTX_EXECUTION_DATE=2024-07-26T20:00:00+00:00
AIRFLOW_CTX_TRY_NUMBER=1
AIRFLOW_CTX_DAG_RUN_ID=scheduled__2024-07-26T20:00:00+00:00
[2024-07-26T21:00:28.186+0000] {subprocess.py:63} INFO - Tmp dir root location: 
 /tmp
[2024-07-26T21:00:28.192+0000] {subprocess.py:75} INFO - Running command: ['/bin/bash', '-c', 'sleep 5']
[2024-07-26T21:00:28.214+0000] {subprocess.py:86} INFO - Output:
[2024-07-26T21:00:33.233+0000] {subprocess.py:97} INFO - Command exited with return code 0
[2024-07-26T21:00:33.275+0000] {taskinstance.py:1323} INFO - Marking task as SUCCESS. dag_id=exemplo_defaultargs, task_id=tsk2, execution_date=20240726T200000, start_date=20240726T210028, end_date=20240726T210033
[2024-07-26T21:00:33.314+0000] {local_task_job.py:208} INFO - Task exited with return code 0
[2024-07-26T21:00:33.347+0000] {taskinstance.py:2578} INFO - 1 downstream tasks scheduled from follow-on schedule check
