[2024-07-22T02:32:12.264+0000] {taskinstance.py:1083} INFO - Dependencies all met for <TaskInstance: latest_only_with_trigger.latest_only scheduled__2024-07-21T22:32:10.129769+00:00 [queued]>
[2024-07-22T02:32:12.274+0000] {taskinstance.py:1083} INFO - Dependencies all met for <TaskInstance: latest_only_with_trigger.latest_only scheduled__2024-07-21T22:32:10.129769+00:00 [queued]>
[2024-07-22T02:32:12.276+0000] {taskinstance.py:1279} INFO - 
--------------------------------------------------------------------------------
[2024-07-22T02:32:12.277+0000] {taskinstance.py:1280} INFO - Starting attempt 1 of 1
[2024-07-22T02:32:12.277+0000] {taskinstance.py:1281} INFO - 
--------------------------------------------------------------------------------
[2024-07-22T02:32:12.303+0000] {taskinstance.py:1300} INFO - Executing <Task(LatestOnlyOperator): latest_only> on 2024-07-21 22:32:10.129769+00:00
[2024-07-22T02:32:12.308+0000] {standard_task_runner.py:55} INFO - Started process 1292 to run task
[2024-07-22T02:32:12.310+0000] {standard_task_runner.py:82} INFO - Running: ['***', 'tasks', 'run', 'latest_only_with_trigger', 'latest_only', 'scheduled__2024-07-21T22:32:10.129769+00:00', '--job-id', '372', '--raw', '--subdir', '/home/***/.local/lib/python3.7/site-packages/***/example_dags/example_latest_only_with_trigger.py', '--cfg-path', '/tmp/tmpdav6johv']
[2024-07-22T02:32:12.314+0000] {standard_task_runner.py:83} INFO - Job 372: Subtask latest_only
[2024-07-22T02:32:12.381+0000] {task_command.py:388} INFO - Running <TaskInstance: latest_only_with_trigger.latest_only scheduled__2024-07-21T22:32:10.129769+00:00 [running]> on host 06eaaebc2caa
[2024-07-22T02:32:12.463+0000] {taskinstance.py:1509} INFO - Exporting the following env vars:
AIRFLOW_CTX_DAG_OWNER=***
AIRFLOW_CTX_DAG_ID=latest_only_with_trigger
AIRFLOW_CTX_TASK_ID=latest_only
AIRFLOW_CTX_EXECUTION_DATE=2024-07-21T22:32:10.129769+00:00
AIRFLOW_CTX_TRY_NUMBER=1
AIRFLOW_CTX_DAG_RUN_ID=scheduled__2024-07-21T22:32:10.129769+00:00
[2024-07-22T02:32:12.465+0000] {latest_only.py:70} INFO - Checking latest only with left_window: 2024-07-22T02:32:10.129769+00:00 right_window: 2024-07-22T06:32:10.129769+00:00 now: 2024-07-22T02:32:12.465320+00:00
[2024-07-22T02:32:12.466+0000] {latest_only.py:79} INFO - Latest, allowing execution to proceed.
[2024-07-22T02:32:12.467+0000] {skipmixin.py:155} INFO - Following branch ['task1']
[2024-07-22T02:32:12.467+0000] {skipmixin.py:211} INFO - Skipping tasks []
[2024-07-22T02:32:12.502+0000] {taskinstance.py:1323} INFO - Marking task as SUCCESS. dag_id=latest_only_with_trigger, task_id=latest_only, execution_date=20240721T223210, start_date=20240722T023212, end_date=20240722T023212
[2024-07-22T02:32:12.584+0000] {local_task_job.py:208} INFO - Task exited with return code 0
[2024-07-22T02:32:12.665+0000] {taskinstance.py:2578} INFO - 1 downstream tasks scheduled from follow-on schedule check
