[2024-07-25T00:11:53.100+0000] {taskinstance.py:1083} INFO - Dependencies all met for <TaskInstance: exemplo_run_dag_operator_1.tsk2 manual__2024-07-25T00:11:47.012925+00:00 [queued]>
[2024-07-25T00:11:53.105+0000] {taskinstance.py:1083} INFO - Dependencies all met for <TaskInstance: exemplo_run_dag_operator_1.tsk2 manual__2024-07-25T00:11:47.012925+00:00 [queued]>
[2024-07-25T00:11:53.105+0000] {taskinstance.py:1279} INFO - 
--------------------------------------------------------------------------------
[2024-07-25T00:11:53.106+0000] {taskinstance.py:1280} INFO - Starting attempt 1 of 1
[2024-07-25T00:11:53.106+0000] {taskinstance.py:1281} INFO - 
--------------------------------------------------------------------------------
[2024-07-25T00:11:53.112+0000] {taskinstance.py:1300} INFO - Executing <Task(TriggerDagRunOperator): tsk2> on 2024-07-25 00:11:47.012925+00:00
[2024-07-25T00:11:53.114+0000] {standard_task_runner.py:55} INFO - Started process 27348 to run task
[2024-07-25T00:11:53.116+0000] {standard_task_runner.py:82} INFO - Running: ['***', 'tasks', 'run', 'exemplo_run_dag_operator_1', 'tsk2', 'manual__2024-07-25T00:11:47.012925+00:00', '--job-id', '1327', '--raw', '--subdir', 'DAGS_FOLDER/exemplo_run_dag_operator_1.py', '--cfg-path', '/tmp/tmpxctvlivz']
[2024-07-25T00:11:53.116+0000] {standard_task_runner.py:83} INFO - Job 1327: Subtask tsk2
[2024-07-25T00:11:53.145+0000] {task_command.py:388} INFO - Running <TaskInstance: exemplo_run_dag_operator_1.tsk2 manual__2024-07-25T00:11:47.012925+00:00 [running]> on host 448a9c84d52e
[2024-07-25T00:11:53.182+0000] {taskinstance.py:1509} INFO - Exporting the following env vars:
AIRFLOW_CTX_DAG_OWNER=***
AIRFLOW_CTX_DAG_ID=exemplo_run_dag_operator_1
AIRFLOW_CTX_TASK_ID=tsk2
AIRFLOW_CTX_EXECUTION_DATE=2024-07-25T00:11:47.012925+00:00
AIRFLOW_CTX_TRY_NUMBER=1
AIRFLOW_CTX_DAG_RUN_ID=manual__2024-07-25T00:11:47.012925+00:00
[2024-07-25T00:11:55.689+0000] {taskinstance.py:1323} INFO - Marking task as SUCCESS. dag_id=exemplo_run_dag_operator_1, task_id=tsk2, execution_date=20240725T001147, start_date=20240725T001153, end_date=20240725T001155
[2024-07-25T00:11:55.733+0000] {local_task_job.py:208} INFO - Task exited with return code 0
[2024-07-25T00:11:55.749+0000] {taskinstance.py:2578} INFO - 0 downstream tasks scheduled from follow-on schedule check
