[2024-07-22T02:36:07.315+0000] {taskinstance.py:1083} INFO - Dependencies all met for <TaskInstance: example_dynamic_task_mapping.add_one scheduled__2022-12-31T00:00:00+00:00 map_index=0 [queued]>
[2024-07-22T02:36:07.326+0000] {taskinstance.py:1083} INFO - Dependencies all met for <TaskInstance: example_dynamic_task_mapping.add_one scheduled__2022-12-31T00:00:00+00:00 map_index=0 [queued]>
[2024-07-22T02:36:07.329+0000] {taskinstance.py:1279} INFO - 
--------------------------------------------------------------------------------
[2024-07-22T02:36:07.331+0000] {taskinstance.py:1280} INFO - Starting attempt 1 of 1
[2024-07-22T02:36:07.332+0000] {taskinstance.py:1281} INFO - 
--------------------------------------------------------------------------------
[2024-07-22T02:36:07.360+0000] {taskinstance.py:1300} INFO - Executing <Mapped(_PythonDecoratedOperator): add_one> on 2022-12-31 00:00:00+00:00
[2024-07-22T02:36:07.367+0000] {standard_task_runner.py:55} INFO - Started process 3347 to run task
[2024-07-22T02:36:07.371+0000] {standard_task_runner.py:82} INFO - Running: ['***', 'tasks', 'run', 'example_dynamic_task_mapping', 'add_one', 'scheduled__2022-12-31T00:00:00+00:00', '--job-id', '1232', '--raw', '--subdir', '/home/***/.local/lib/python3.7/site-packages/***/example_dags/example_dynamic_task_mapping.py', '--cfg-path', '/tmp/tmp02qddut4', '--map-index', '0']
[2024-07-22T02:36:07.373+0000] {standard_task_runner.py:83} INFO - Job 1232: Subtask add_one
[2024-07-22T02:36:07.477+0000] {task_command.py:388} INFO - Running <TaskInstance: example_dynamic_task_mapping.add_one scheduled__2022-12-31T00:00:00+00:00 map_index=0 [running]> on host 06eaaebc2caa
[2024-07-22T02:36:07.539+0000] {taskinstance.py:1509} INFO - Exporting the following env vars:
AIRFLOW_CTX_DAG_OWNER=***
AIRFLOW_CTX_DAG_ID=example_dynamic_task_mapping
AIRFLOW_CTX_TASK_ID=add_one
AIRFLOW_CTX_EXECUTION_DATE=2022-12-31T00:00:00+00:00
AIRFLOW_CTX_TRY_NUMBER=1
AIRFLOW_CTX_DAG_RUN_ID=scheduled__2022-12-31T00:00:00+00:00
[2024-07-22T02:36:07.541+0000] {python.py:177} INFO - Done. Returned value was: 2
[2024-07-22T02:36:07.592+0000] {taskinstance.py:1323} INFO - Marking task as SUCCESS. dag_id=example_dynamic_task_mapping, task_id=add_one, map_index=0, execution_date=20221231T000000, start_date=20240722T023607, end_date=20240722T023607
[2024-07-22T02:36:07.644+0000] {local_task_job.py:208} INFO - Task exited with return code 0
[2024-07-22T02:36:07.748+0000] {taskinstance.py:2578} INFO - 1 downstream tasks scheduled from follow-on schedule check
