[2024-07-27T02:47:42.095+0000] {taskinstance.py:1083} INFO - Dependencies all met for <TaskInstance: exemplo_pools.tsk4 manual__2024-07-27T02:47:34.853731+00:00 [queued]>
[2024-07-27T02:47:42.102+0000] {taskinstance.py:1083} INFO - Dependencies all met for <TaskInstance: exemplo_pools.tsk4 manual__2024-07-27T02:47:34.853731+00:00 [queued]>
[2024-07-27T02:47:42.102+0000] {taskinstance.py:1279} INFO - 
--------------------------------------------------------------------------------
[2024-07-27T02:47:42.102+0000] {taskinstance.py:1280} INFO - Starting attempt 1 of 1
[2024-07-27T02:47:42.102+0000] {taskinstance.py:1281} INFO - 
--------------------------------------------------------------------------------
[2024-07-27T02:47:42.116+0000] {taskinstance.py:1300} INFO - Executing <Task(BashOperator): tsk4> on 2024-07-27 02:47:34.853731+00:00
[2024-07-27T02:47:42.119+0000] {standard_task_runner.py:55} INFO - Started process 78232 to run task
[2024-07-27T02:47:42.121+0000] {standard_task_runner.py:82} INFO - Running: ['***', 'tasks', 'run', 'exemplo_pools', 'tsk4', 'manual__2024-07-27T02:47:34.853731+00:00', '--job-id', '1737', '--raw', '--subdir', 'DAGS_FOLDER/exemplo_pools.py', '--cfg-path', '/tmp/tmp9cusloq5']
[2024-07-27T02:47:42.121+0000] {standard_task_runner.py:83} INFO - Job 1737: Subtask tsk4
[2024-07-27T02:47:42.158+0000] {task_command.py:388} INFO - Running <TaskInstance: exemplo_pools.tsk4 manual__2024-07-27T02:47:34.853731+00:00 [running]> on host 029011c5aea1
[2024-07-27T02:47:42.198+0000] {taskinstance.py:1509} INFO - Exporting the following env vars:
AIRFLOW_CTX_DAG_OWNER=***
AIRFLOW_CTX_DAG_ID=exemplo_pools
AIRFLOW_CTX_TASK_ID=tsk4
AIRFLOW_CTX_EXECUTION_DATE=2024-07-27T02:47:34.853731+00:00
AIRFLOW_CTX_TRY_NUMBER=1
AIRFLOW_CTX_DAG_RUN_ID=manual__2024-07-27T02:47:34.853731+00:00
[2024-07-27T02:47:42.199+0000] {subprocess.py:63} INFO - Tmp dir root location: 
 /tmp
[2024-07-27T02:47:42.199+0000] {subprocess.py:75} INFO - Running command: ['/bin/bash', '-c', 'sleep 5']
[2024-07-27T02:47:42.207+0000] {subprocess.py:86} INFO - Output:
[2024-07-27T02:47:47.212+0000] {subprocess.py:97} INFO - Command exited with return code 0
[2024-07-27T02:47:47.243+0000] {taskinstance.py:1323} INFO - Marking task as SUCCESS. dag_id=exemplo_pools, task_id=tsk4, execution_date=20240727T024734, start_date=20240727T024742, end_date=20240727T024747
[2024-07-27T02:47:47.278+0000] {local_task_job.py:208} INFO - Task exited with return code 0
[2024-07-27T02:47:47.315+0000] {taskinstance.py:2578} INFO - 0 downstream tasks scheduled from follow-on schedule check
