[2024-07-25T02:16:21.330+0000] {taskinstance.py:1083} INFO - Dependencies all met for <TaskInstance: exemplo_triggerule_onefailed.tsk1 manual__2024-07-25T02:16:19.739192+00:00 [queued]>
[2024-07-25T02:16:21.341+0000] {taskinstance.py:1083} INFO - Dependencies all met for <TaskInstance: exemplo_triggerule_onefailed.tsk1 manual__2024-07-25T02:16:19.739192+00:00 [queued]>
[2024-07-25T02:16:21.342+0000] {taskinstance.py:1279} INFO - 
--------------------------------------------------------------------------------
[2024-07-25T02:16:21.344+0000] {taskinstance.py:1280} INFO - Starting attempt 1 of 1
[2024-07-25T02:16:21.346+0000] {taskinstance.py:1281} INFO - 
--------------------------------------------------------------------------------
[2024-07-25T02:16:21.377+0000] {taskinstance.py:1300} INFO - Executing <Task(BashOperator): tsk1> on 2024-07-25 02:16:19.739192+00:00
[2024-07-25T02:16:21.389+0000] {standard_task_runner.py:55} INFO - Started process 31181 to run task
[2024-07-25T02:16:21.393+0000] {standard_task_runner.py:82} INFO - Running: ['***', 'tasks', 'run', 'exemplo_triggerule_onefailed', 'tsk1', 'manual__2024-07-25T02:16:19.739192+00:00', '--job-id', '1384', '--raw', '--subdir', 'DAGS_FOLDER/exemplo_triggerule_onefailed.py', '--cfg-path', '/tmp/tmppayixm7b']
[2024-07-25T02:16:21.396+0000] {standard_task_runner.py:83} INFO - Job 1384: Subtask tsk1
[2024-07-25T02:16:21.454+0000] {task_command.py:388} INFO - Running <TaskInstance: exemplo_triggerule_onefailed.tsk1 manual__2024-07-25T02:16:19.739192+00:00 [running]> on host 448a9c84d52e
[2024-07-25T02:16:21.517+0000] {taskinstance.py:1509} INFO - Exporting the following env vars:
AIRFLOW_CTX_DAG_OWNER=***
AIRFLOW_CTX_DAG_ID=exemplo_triggerule_onefailed
AIRFLOW_CTX_TASK_ID=tsk1
AIRFLOW_CTX_EXECUTION_DATE=2024-07-25T02:16:19.739192+00:00
AIRFLOW_CTX_TRY_NUMBER=1
AIRFLOW_CTX_DAG_RUN_ID=manual__2024-07-25T02:16:19.739192+00:00
[2024-07-25T02:16:21.518+0000] {subprocess.py:63} INFO - Tmp dir root location: 
 /tmp
[2024-07-25T02:16:21.520+0000] {subprocess.py:75} INFO - Running command: ['/bin/bash', '-c', 'exit 1']
[2024-07-25T02:16:21.535+0000] {subprocess.py:86} INFO - Output:
[2024-07-25T02:16:21.536+0000] {subprocess.py:97} INFO - Command exited with return code 1
[2024-07-25T02:16:21.546+0000] {taskinstance.py:1768} ERROR - Task failed with exception
Traceback (most recent call last):
  File "/home/airflow/.local/lib/python3.7/site-packages/airflow/operators/bash.py", line 197, in execute
    f"Bash command failed. The command returned a non-zero exit code {result.exit_code}."
airflow.exceptions.AirflowException: Bash command failed. The command returned a non-zero exit code 1.
[2024-07-25T02:16:21.550+0000] {taskinstance.py:1323} INFO - Marking task as FAILED. dag_id=exemplo_triggerule_onefailed, task_id=tsk1, execution_date=20240725T021619, start_date=20240725T021621, end_date=20240725T021621
[2024-07-25T02:16:21.560+0000] {standard_task_runner.py:105} ERROR - Failed to execute job 1384 for task tsk1 (Bash command failed. The command returned a non-zero exit code 1.; 31181)
[2024-07-25T02:16:21.577+0000] {local_task_job.py:208} INFO - Task exited with return code 1
[2024-07-25T02:16:21.600+0000] {taskinstance.py:2578} INFO - 1 downstream tasks scheduled from follow-on schedule check
