[2024-07-22T02:32:06.747+0000] {taskinstance.py:1083} INFO - Dependencies all met for <TaskInstance: example_weekday_branch_operator.make_choice scheduled__2024-07-21T00:00:00+00:00 [queued]>
[2024-07-22T02:32:06.763+0000] {taskinstance.py:1083} INFO - Dependencies all met for <TaskInstance: example_weekday_branch_operator.make_choice scheduled__2024-07-21T00:00:00+00:00 [queued]>
[2024-07-22T02:32:06.767+0000] {taskinstance.py:1279} INFO - 
--------------------------------------------------------------------------------
[2024-07-22T02:32:06.773+0000] {taskinstance.py:1280} INFO - Starting attempt 1 of 1
[2024-07-22T02:32:06.776+0000] {taskinstance.py:1281} INFO - 
--------------------------------------------------------------------------------
[2024-07-22T02:32:06.861+0000] {taskinstance.py:1300} INFO - Executing <Task(BranchDayOfWeekOperator): make_choice> on 2024-07-21 00:00:00+00:00
[2024-07-22T02:32:06.871+0000] {standard_task_runner.py:55} INFO - Started process 1230 to run task
[2024-07-22T02:32:06.878+0000] {standard_task_runner.py:82} INFO - Running: ['***', 'tasks', 'run', 'example_weekday_branch_operator', 'make_choice', 'scheduled__2024-07-21T00:00:00+00:00', '--job-id', '343', '--raw', '--subdir', '/home/***/.local/lib/python3.7/site-packages/***/example_dags/example_branch_day_of_week_operator.py', '--cfg-path', '/tmp/tmprhmzuspf']
[2024-07-22T02:32:06.879+0000] {standard_task_runner.py:83} INFO - Job 343: Subtask make_choice
[2024-07-22T02:32:06.990+0000] {task_command.py:388} INFO - Running <TaskInstance: example_weekday_branch_operator.make_choice scheduled__2024-07-21T00:00:00+00:00 [running]> on host 06eaaebc2caa
[2024-07-22T02:32:07.093+0000] {taskinstance.py:1509} INFO - Exporting the following env vars:
AIRFLOW_CTX_DAG_OWNER=***
AIRFLOW_CTX_DAG_ID=example_weekday_branch_operator
AIRFLOW_CTX_TASK_ID=make_choice
AIRFLOW_CTX_EXECUTION_DATE=2024-07-21T00:00:00+00:00
AIRFLOW_CTX_TRY_NUMBER=1
AIRFLOW_CTX_DAG_RUN_ID=scheduled__2024-07-21T00:00:00+00:00
[2024-07-22T02:32:07.095+0000] {skipmixin.py:155} INFO - Following branch branch_true
[2024-07-22T02:32:07.098+0000] {skipmixin.py:211} INFO - Skipping tasks ['branch_false']
[2024-07-22T02:32:07.165+0000] {taskinstance.py:1323} INFO - Marking task as SUCCESS. dag_id=example_weekday_branch_operator, task_id=make_choice, execution_date=20240721T000000, start_date=20240722T023206, end_date=20240722T023207
[2024-07-22T02:32:07.235+0000] {local_task_job.py:208} INFO - Task exited with return code 0
[2024-07-22T02:32:07.288+0000] {taskinstance.py:2578} INFO - 1 downstream tasks scheduled from follow-on schedule check
