[2024-07-25T03:00:23.273+0000] {taskinstance.py:1083} INFO - Dependencies all met for <TaskInstance: exemplo_defaultargs.tsk2 scheduled__2024-07-25T02:00:00+00:00 [queued]>
[2024-07-25T03:00:23.279+0000] {taskinstance.py:1083} INFO - Dependencies all met for <TaskInstance: exemplo_defaultargs.tsk2 scheduled__2024-07-25T02:00:00+00:00 [queued]>
[2024-07-25T03:00:23.280+0000] {taskinstance.py:1279} INFO - 
--------------------------------------------------------------------------------
[2024-07-25T03:00:23.280+0000] {taskinstance.py:1280} INFO - Starting attempt 2 of 2
[2024-07-25T03:00:23.280+0000] {taskinstance.py:1281} INFO - 
--------------------------------------------------------------------------------
[2024-07-25T03:00:23.290+0000] {taskinstance.py:1300} INFO - Executing <Task(BashOperator): tsk2> on 2024-07-25 02:00:00+00:00
[2024-07-25T03:00:23.293+0000] {standard_task_runner.py:55} INFO - Started process 34821 to run task
[2024-07-25T03:00:23.296+0000] {standard_task_runner.py:82} INFO - Running: ['***', 'tasks', 'run', 'exemplo_defaultargs', 'tsk2', 'scheduled__2024-07-25T02:00:00+00:00', '--job-id', '1390', '--raw', '--subdir', 'DAGS_FOLDER/exemplo_defaultargs.py', '--cfg-path', '/tmp/tmpryiluu32']
[2024-07-25T03:00:23.297+0000] {standard_task_runner.py:83} INFO - Job 1390: Subtask tsk2
[2024-07-25T03:00:23.350+0000] {task_command.py:388} INFO - Running <TaskInstance: exemplo_defaultargs.tsk2 scheduled__2024-07-25T02:00:00+00:00 [running]> on host 448a9c84d52e
[2024-07-25T03:00:23.400+0000] {taskinstance.py:1509} INFO - Exporting the following env vars:
AIRFLOW_CTX_DAG_EMAIL=test@test.com
AIRFLOW_CTX_DAG_OWNER=***
AIRFLOW_CTX_DAG_ID=exemplo_defaultargs
AIRFLOW_CTX_TASK_ID=tsk2
AIRFLOW_CTX_EXECUTION_DATE=2024-07-25T02:00:00+00:00
AIRFLOW_CTX_TRY_NUMBER=2
AIRFLOW_CTX_DAG_RUN_ID=scheduled__2024-07-25T02:00:00+00:00
[2024-07-25T03:00:23.401+0000] {subprocess.py:63} INFO - Tmp dir root location: 
 /tmp
[2024-07-25T03:00:23.402+0000] {subprocess.py:75} INFO - Running command: ['/bin/bash', '-c', 'sleep 5']
[2024-07-25T03:00:23.410+0000] {subprocess.py:86} INFO - Output:
[2024-07-25T03:00:28.424+0000] {subprocess.py:97} INFO - Command exited with return code 0
[2024-07-25T03:00:28.447+0000] {taskinstance.py:1323} INFO - Marking task as SUCCESS. dag_id=exemplo_defaultargs, task_id=tsk2, execution_date=20240725T020000, start_date=20240725T030023, end_date=20240725T030028
[2024-07-25T03:00:28.500+0000] {local_task_job.py:208} INFO - Task exited with return code 0
[2024-07-25T03:00:28.515+0000] {taskinstance.py:2578} INFO - 1 downstream tasks scheduled from follow-on schedule check
