[2024-07-26T03:08:03.788+0000] {taskinstance.py:1083} INFO - Dependencies all met for <TaskInstance: exemplo_dummy_operator.tsk5 manual__2024-07-26T03:08:00.953050+00:00 [queued]>
[2024-07-26T03:08:03.801+0000] {taskinstance.py:1083} INFO - Dependencies all met for <TaskInstance: exemplo_dummy_operator.tsk5 manual__2024-07-26T03:08:00.953050+00:00 [queued]>
[2024-07-26T03:08:03.802+0000] {taskinstance.py:1279} INFO - 
--------------------------------------------------------------------------------
[2024-07-26T03:08:03.802+0000] {taskinstance.py:1280} INFO - Starting attempt 1 of 1
[2024-07-26T03:08:03.802+0000] {taskinstance.py:1281} INFO - 
--------------------------------------------------------------------------------
[2024-07-26T03:08:03.817+0000] {taskinstance.py:1300} INFO - Executing <Task(BashOperator): tsk5> on 2024-07-26 03:08:00.953050+00:00
[2024-07-26T03:08:03.822+0000] {standard_task_runner.py:55} INFO - Started process 1976 to run task
[2024-07-26T03:08:03.826+0000] {standard_task_runner.py:82} INFO - Running: ['***', 'tasks', 'run', 'exemplo_dummy_operator', 'tsk5', 'manual__2024-07-26T03:08:00.953050+00:00', '--job-id', '1517', '--raw', '--subdir', 'DAGS_FOLDER/exemplo_dummy_operator.py', '--cfg-path', '/tmp/tmphi7d6gj8']
[2024-07-26T03:08:03.827+0000] {standard_task_runner.py:83} INFO - Job 1517: Subtask tsk5
[2024-07-26T03:08:03.874+0000] {task_command.py:388} INFO - Running <TaskInstance: exemplo_dummy_operator.tsk5 manual__2024-07-26T03:08:00.953050+00:00 [running]> on host 029011c5aea1
[2024-07-26T03:08:03.911+0000] {taskinstance.py:1509} INFO - Exporting the following env vars:
AIRFLOW_CTX_DAG_OWNER=***
AIRFLOW_CTX_DAG_ID=exemplo_dummy_operator
AIRFLOW_CTX_TASK_ID=tsk5
AIRFLOW_CTX_EXECUTION_DATE=2024-07-26T03:08:00.953050+00:00
AIRFLOW_CTX_TRY_NUMBER=1
AIRFLOW_CTX_DAG_RUN_ID=manual__2024-07-26T03:08:00.953050+00:00
[2024-07-26T03:08:03.912+0000] {subprocess.py:63} INFO - Tmp dir root location: 
 /tmp
[2024-07-26T03:08:03.913+0000] {subprocess.py:75} INFO - Running command: ['/bin/bash', '-c', 'sleep 1']
[2024-07-26T03:08:03.920+0000] {subprocess.py:86} INFO - Output:
[2024-07-26T03:08:04.927+0000] {subprocess.py:97} INFO - Command exited with return code 0
[2024-07-26T03:08:04.951+0000] {taskinstance.py:1323} INFO - Marking task as SUCCESS. dag_id=exemplo_dummy_operator, task_id=tsk5, execution_date=20240726T030800, start_date=20240726T030803, end_date=20240726T030804
[2024-07-26T03:08:04.987+0000] {local_task_job.py:208} INFO - Task exited with return code 0
[2024-07-26T03:08:05.006+0000] {taskinstance.py:2578} INFO - 0 downstream tasks scheduled from follow-on schedule check
