[2024-07-25T02:16:02.479+0000] {taskinstance.py:1083} INFO - Dependencies all met for <TaskInstance: exemplo_precedencia.tsk2 manual__2024-07-25T02:16:00.783075+00:00 [queued]>
[2024-07-25T02:16:02.514+0000] {taskinstance.py:1083} INFO - Dependencies all met for <TaskInstance: exemplo_precedencia.tsk2 manual__2024-07-25T02:16:00.783075+00:00 [queued]>
[2024-07-25T02:16:02.516+0000] {taskinstance.py:1279} INFO - 
--------------------------------------------------------------------------------
[2024-07-25T02:16:02.517+0000] {taskinstance.py:1280} INFO - Starting attempt 1 of 1
[2024-07-25T02:16:02.522+0000] {taskinstance.py:1281} INFO - 
--------------------------------------------------------------------------------
[2024-07-25T02:16:02.588+0000] {taskinstance.py:1300} INFO - Executing <Task(BashOperator): tsk2> on 2024-07-25 02:16:00.783075+00:00
[2024-07-25T02:16:02.604+0000] {standard_task_runner.py:55} INFO - Started process 31071 to run task
[2024-07-25T02:16:02.612+0000] {standard_task_runner.py:82} INFO - Running: ['***', 'tasks', 'run', 'exemplo_precedencia', 'tsk2', 'manual__2024-07-25T02:16:00.783075+00:00', '--job-id', '1355', '--raw', '--subdir', 'DAGS_FOLDER/exemplo_precedencia.py', '--cfg-path', '/tmp/tmp_blifzlb']
[2024-07-25T02:16:02.613+0000] {standard_task_runner.py:83} INFO - Job 1355: Subtask tsk2
[2024-07-25T02:16:02.689+0000] {task_command.py:388} INFO - Running <TaskInstance: exemplo_precedencia.tsk2 manual__2024-07-25T02:16:00.783075+00:00 [running]> on host 448a9c84d52e
[2024-07-25T02:16:02.823+0000] {taskinstance.py:1509} INFO - Exporting the following env vars:
AIRFLOW_CTX_DAG_OWNER=***
AIRFLOW_CTX_DAG_ID=exemplo_precedencia
AIRFLOW_CTX_TASK_ID=tsk2
AIRFLOW_CTX_EXECUTION_DATE=2024-07-25T02:16:00.783075+00:00
AIRFLOW_CTX_TRY_NUMBER=1
AIRFLOW_CTX_DAG_RUN_ID=manual__2024-07-25T02:16:00.783075+00:00
[2024-07-25T02:16:02.824+0000] {subprocess.py:63} INFO - Tmp dir root location: 
 /tmp
[2024-07-25T02:16:02.828+0000] {subprocess.py:75} INFO - Running command: ['/bin/bash', '-c', 'sleep 5']
[2024-07-25T02:16:02.859+0000] {subprocess.py:86} INFO - Output:
[2024-07-25T02:16:07.908+0000] {subprocess.py:97} INFO - Command exited with return code 0
[2024-07-25T02:16:08.184+0000] {taskinstance.py:1323} INFO - Marking task as SUCCESS. dag_id=exemplo_precedencia, task_id=tsk2, execution_date=20240725T021600, start_date=20240725T021602, end_date=20240725T021608
[2024-07-25T02:16:08.436+0000] {local_task_job.py:208} INFO - Task exited with return code 0
[2024-07-25T02:16:08.525+0000] {taskinstance.py:2578} INFO - 0 downstream tasks scheduled from follow-on schedule check
