[2024-07-27T03:10:16.562+0000] {taskinstance.py:1083} INFO - Dependencies all met for <TaskInstance: exemplo_branch.odd manual__2024-07-27T03:10:13.740901+00:00 [queued]>
[2024-07-27T03:10:16.570+0000] {taskinstance.py:1083} INFO - Dependencies all met for <TaskInstance: exemplo_branch.odd manual__2024-07-27T03:10:13.740901+00:00 [queued]>
[2024-07-27T03:10:16.571+0000] {taskinstance.py:1279} INFO - 
--------------------------------------------------------------------------------
[2024-07-27T03:10:16.571+0000] {taskinstance.py:1280} INFO - Starting attempt 1 of 1
[2024-07-27T03:10:16.571+0000] {taskinstance.py:1281} INFO - 
--------------------------------------------------------------------------------
[2024-07-27T03:10:16.580+0000] {taskinstance.py:1300} INFO - Executing <Task(BashOperator): odd> on 2024-07-27 03:10:13.740901+00:00
[2024-07-27T03:10:16.584+0000] {standard_task_runner.py:55} INFO - Started process 80183 to run task
[2024-07-27T03:10:16.587+0000] {standard_task_runner.py:82} INFO - Running: ['***', 'tasks', 'run', 'exemplo_branch', 'odd', 'manual__2024-07-27T03:10:13.740901+00:00', '--job-id', '1769', '--raw', '--subdir', 'DAGS_FOLDER/__pycache__/exemplo_branch.py', '--cfg-path', '/tmp/tmp06o2zdj5']
[2024-07-27T03:10:16.589+0000] {standard_task_runner.py:83} INFO - Job 1769: Subtask odd
[2024-07-27T03:10:16.630+0000] {task_command.py:388} INFO - Running <TaskInstance: exemplo_branch.odd manual__2024-07-27T03:10:13.740901+00:00 [running]> on host 029011c5aea1
[2024-07-27T03:10:16.666+0000] {taskinstance.py:1509} INFO - Exporting the following env vars:
AIRFLOW_CTX_DAG_OWNER=***
AIRFLOW_CTX_DAG_ID=exemplo_branch
AIRFLOW_CTX_TASK_ID=odd
AIRFLOW_CTX_EXECUTION_DATE=2024-07-27T03:10:13.740901+00:00
AIRFLOW_CTX_TRY_NUMBER=1
AIRFLOW_CTX_DAG_RUN_ID=manual__2024-07-27T03:10:13.740901+00:00
[2024-07-27T03:10:16.667+0000] {subprocess.py:63} INFO - Tmp dir root location: 
 /tmp
[2024-07-27T03:10:16.668+0000] {subprocess.py:75} INFO - Running command: ['/bin/bash', '-c', "echo 'Odd Number'"]
[2024-07-27T03:10:16.676+0000] {subprocess.py:86} INFO - Output:
[2024-07-27T03:10:16.680+0000] {subprocess.py:93} INFO - Odd Number
[2024-07-27T03:10:16.680+0000] {subprocess.py:97} INFO - Command exited with return code 0
[2024-07-27T03:10:16.694+0000] {taskinstance.py:1323} INFO - Marking task as SUCCESS. dag_id=exemplo_branch, task_id=odd, execution_date=20240727T031013, start_date=20240727T031016, end_date=20240727T031016
[2024-07-27T03:10:16.729+0000] {local_task_job.py:208} INFO - Task exited with return code 0
[2024-07-27T03:10:16.739+0000] {taskinstance.py:2578} INFO - 0 downstream tasks scheduled from follow-on schedule check
