[2024-07-23T00:27:29.809+0000] {taskinstance.py:1083} INFO - Dependencies all met for <TaskInstance: segunda_dag.tsk3 manual__2024-07-23T00:27:23.180452+00:00 [queued]>
[2024-07-23T00:27:29.816+0000] {taskinstance.py:1083} INFO - Dependencies all met for <TaskInstance: segunda_dag.tsk3 manual__2024-07-23T00:27:23.180452+00:00 [queued]>
[2024-07-23T00:27:29.816+0000] {taskinstance.py:1279} INFO - 
--------------------------------------------------------------------------------
[2024-07-23T00:27:29.816+0000] {taskinstance.py:1280} INFO - Starting attempt 1 of 1
[2024-07-23T00:27:29.817+0000] {taskinstance.py:1281} INFO - 
--------------------------------------------------------------------------------
[2024-07-23T00:27:29.824+0000] {taskinstance.py:1300} INFO - Executing <Task(BashOperator): tsk3> on 2024-07-23 00:27:23.180452+00:00
[2024-07-23T00:27:29.826+0000] {standard_task_runner.py:55} INFO - Started process 1311 to run task
[2024-07-23T00:27:29.828+0000] {standard_task_runner.py:82} INFO - Running: ['***', 'tasks', 'run', 'segunda_dag', 'tsk3', 'manual__2024-07-23T00:27:23.180452+00:00', '--job-id', '1274', '--raw', '--subdir', 'DAGS_FOLDER/segunda_dag.py', '--cfg-path', '/tmp/tmpghr4aaty']
[2024-07-23T00:27:29.829+0000] {standard_task_runner.py:83} INFO - Job 1274: Subtask tsk3
[2024-07-23T00:27:29.862+0000] {task_command.py:388} INFO - Running <TaskInstance: segunda_dag.tsk3 manual__2024-07-23T00:27:23.180452+00:00 [running]> on host 448a9c84d52e
[2024-07-23T00:27:29.899+0000] {taskinstance.py:1509} INFO - Exporting the following env vars:
AIRFLOW_CTX_DAG_OWNER=***
AIRFLOW_CTX_DAG_ID=segunda_dag
AIRFLOW_CTX_TASK_ID=tsk3
AIRFLOW_CTX_EXECUTION_DATE=2024-07-23T00:27:23.180452+00:00
AIRFLOW_CTX_TRY_NUMBER=1
AIRFLOW_CTX_DAG_RUN_ID=manual__2024-07-23T00:27:23.180452+00:00
[2024-07-23T00:27:29.900+0000] {subprocess.py:63} INFO - Tmp dir root location: 
 /tmp
[2024-07-23T00:27:29.900+0000] {subprocess.py:75} INFO - Running command: ['/bin/bash', '-c', 'sleep 5']
[2024-07-23T00:27:29.905+0000] {subprocess.py:86} INFO - Output:
[2024-07-23T00:27:34.908+0000] {subprocess.py:97} INFO - Command exited with return code 0
[2024-07-23T00:27:34.928+0000] {taskinstance.py:1323} INFO - Marking task as SUCCESS. dag_id=segunda_dag, task_id=tsk3, execution_date=20240723T002723, start_date=20240723T002729, end_date=20240723T002734
[2024-07-23T00:27:34.952+0000] {local_task_job.py:208} INFO - Task exited with return code 0
[2024-07-23T00:27:34.963+0000] {taskinstance.py:2578} INFO - 0 downstream tasks scheduled from follow-on schedule check
