[2024-07-26T09:01:40.165+0000] {taskinstance.py:1083} INFO - Dependencies all met for <TaskInstance: exemplo_email_operator.2-Bash scheduled__2024-07-26T08:00:00+00:00 [queued]>
[2024-07-26T09:01:40.175+0000] {taskinstance.py:1083} INFO - Dependencies all met for <TaskInstance: exemplo_email_operator.2-Bash scheduled__2024-07-26T08:00:00+00:00 [queued]>
[2024-07-26T09:01:40.176+0000] {taskinstance.py:1279} INFO - 
--------------------------------------------------------------------------------
[2024-07-26T09:01:40.176+0000] {taskinstance.py:1280} INFO - Starting attempt 1 of 2
[2024-07-26T09:01:40.179+0000] {taskinstance.py:1281} INFO - 
--------------------------------------------------------------------------------
[2024-07-26T09:01:40.216+0000] {taskinstance.py:1300} INFO - Executing <Task(BashOperator): 2-Bash> on 2024-07-26 08:00:00+00:00
[2024-07-26T09:01:40.226+0000] {standard_task_runner.py:55} INFO - Started process 8295 to run task
[2024-07-26T09:01:40.239+0000] {standard_task_runner.py:82} INFO - Running: ['***', 'tasks', 'run', 'exemplo_email_operator', '2-Bash', 'scheduled__2024-07-26T08:00:00+00:00', '--job-id', '1566', '--raw', '--subdir', 'DAGS_FOLDER/exemplo_email_operator.py', '--cfg-path', '/tmp/tmpisp0d8a8']
[2024-07-26T09:01:40.242+0000] {standard_task_runner.py:83} INFO - Job 1566: Subtask 2-Bash
[2024-07-26T09:01:40.333+0000] {task_command.py:388} INFO - Running <TaskInstance: exemplo_email_operator.2-Bash scheduled__2024-07-26T08:00:00+00:00 [running]> on host 029011c5aea1
[2024-07-26T09:01:40.385+0000] {taskinstance.py:1509} INFO - Exporting the following env vars:
AIRFLOW_CTX_DAG_EMAIL=caue.ausec@gmail.com
AIRFLOW_CTX_DAG_OWNER=***
AIRFLOW_CTX_DAG_ID=exemplo_email_operator
AIRFLOW_CTX_TASK_ID=2-Bash
AIRFLOW_CTX_EXECUTION_DATE=2024-07-26T08:00:00+00:00
AIRFLOW_CTX_TRY_NUMBER=1
AIRFLOW_CTX_DAG_RUN_ID=scheduled__2024-07-26T08:00:00+00:00
[2024-07-26T09:01:40.386+0000] {subprocess.py:63} INFO - Tmp dir root location: 
 /tmp
[2024-07-26T09:01:40.387+0000] {subprocess.py:75} INFO - Running command: ['/bin/bash', '-c', 'sleep 1']
[2024-07-26T09:01:40.394+0000] {subprocess.py:86} INFO - Output:
[2024-07-26T09:01:41.402+0000] {subprocess.py:97} INFO - Command exited with return code 0
[2024-07-26T09:01:41.425+0000] {taskinstance.py:1323} INFO - Marking task as SUCCESS. dag_id=exemplo_email_operator, task_id=2-Bash, execution_date=20240726T080000, start_date=20240726T090140, end_date=20240726T090141
[2024-07-26T09:01:41.477+0000] {local_task_job.py:208} INFO - Task exited with return code 0
[2024-07-26T09:01:41.492+0000] {taskinstance.py:2578} INFO - 0 downstream tasks scheduled from follow-on schedule check
