[2024-07-23T00:00:01.102+0000] {taskinstance.py:1083} INFO - Dependencies all met for <TaskInstance: example_bash_operator.also_run_this scheduled__2024-07-22T00:00:00+00:00 [queued]>
[2024-07-23T00:00:01.108+0000] {taskinstance.py:1083} INFO - Dependencies all met for <TaskInstance: example_bash_operator.also_run_this scheduled__2024-07-22T00:00:00+00:00 [queued]>
[2024-07-23T00:00:01.109+0000] {taskinstance.py:1279} INFO - 
--------------------------------------------------------------------------------
[2024-07-23T00:00:01.109+0000] {taskinstance.py:1280} INFO - Starting attempt 1 of 1
[2024-07-23T00:00:01.109+0000] {taskinstance.py:1281} INFO - 
--------------------------------------------------------------------------------
[2024-07-23T00:00:01.119+0000] {taskinstance.py:1300} INFO - Executing <Task(BashOperator): also_run_this> on 2024-07-22 00:00:00+00:00
[2024-07-23T00:00:01.123+0000] {standard_task_runner.py:55} INFO - Started process 74140 to run task
[2024-07-23T00:00:01.127+0000] {standard_task_runner.py:82} INFO - Running: ['***', 'tasks', 'run', 'example_bash_operator', 'also_run_this', 'scheduled__2024-07-22T00:00:00+00:00', '--job-id', '1258', '--raw', '--subdir', '/home/***/.local/lib/python3.7/site-packages/***/example_dags/example_bash_operator.py', '--cfg-path', '/tmp/tmpieqghzo5']
[2024-07-23T00:00:01.132+0000] {standard_task_runner.py:83} INFO - Job 1258: Subtask also_run_this
[2024-07-23T00:00:01.193+0000] {task_command.py:388} INFO - Running <TaskInstance: example_bash_operator.also_run_this scheduled__2024-07-22T00:00:00+00:00 [running]> on host 06eaaebc2caa
[2024-07-23T00:00:01.246+0000] {taskinstance.py:1509} INFO - Exporting the following env vars:
AIRFLOW_CTX_DAG_OWNER=***
AIRFLOW_CTX_DAG_ID=example_bash_operator
AIRFLOW_CTX_TASK_ID=also_run_this
AIRFLOW_CTX_EXECUTION_DATE=2024-07-22T00:00:00+00:00
AIRFLOW_CTX_TRY_NUMBER=1
AIRFLOW_CTX_DAG_RUN_ID=scheduled__2024-07-22T00:00:00+00:00
[2024-07-23T00:00:01.247+0000] {subprocess.py:63} INFO - Tmp dir root location: 
 /tmp
[2024-07-23T00:00:01.248+0000] {subprocess.py:75} INFO - Running command: ['/bin/bash', '-c', 'echo "ti_key=example_bash_operator__also_run_this__20240722"']
[2024-07-23T00:00:01.256+0000] {subprocess.py:86} INFO - Output:
[2024-07-23T00:00:01.257+0000] {subprocess.py:93} INFO - ti_key=example_bash_operator__also_run_this__20240722
[2024-07-23T00:00:01.257+0000] {subprocess.py:97} INFO - Command exited with return code 0
[2024-07-23T00:00:01.275+0000] {taskinstance.py:1323} INFO - Marking task as SUCCESS. dag_id=example_bash_operator, task_id=also_run_this, execution_date=20240722T000000, start_date=20240723T000001, end_date=20240723T000001
[2024-07-23T00:00:01.311+0000] {local_task_job.py:208} INFO - Task exited with return code 0
[2024-07-23T00:00:01.327+0000] {taskinstance.py:2578} INFO - 0 downstream tasks scheduled from follow-on schedule check
