[2024-07-27T03:09:33.800+0000] {taskinstance.py:1083} INFO - Dependencies all met for <TaskInstance: exemplo_branch.even manual__2024-07-27T03:09:30.893792+00:00 [queued]>
[2024-07-27T03:09:33.807+0000] {taskinstance.py:1083} INFO - Dependencies all met for <TaskInstance: exemplo_branch.even manual__2024-07-27T03:09:30.893792+00:00 [queued]>
[2024-07-27T03:09:33.808+0000] {taskinstance.py:1279} INFO - 
--------------------------------------------------------------------------------
[2024-07-27T03:09:33.808+0000] {taskinstance.py:1280} INFO - Starting attempt 1 of 1
[2024-07-27T03:09:33.808+0000] {taskinstance.py:1281} INFO - 
--------------------------------------------------------------------------------
[2024-07-27T03:09:33.814+0000] {taskinstance.py:1300} INFO - Executing <Task(BashOperator): even> on 2024-07-27 03:09:30.893792+00:00
[2024-07-27T03:09:33.817+0000] {standard_task_runner.py:55} INFO - Started process 80117 to run task
[2024-07-27T03:09:33.819+0000] {standard_task_runner.py:82} INFO - Running: ['***', 'tasks', 'run', 'exemplo_branch', 'even', 'manual__2024-07-27T03:09:30.893792+00:00', '--job-id', '1761', '--raw', '--subdir', 'DAGS_FOLDER/__pycache__/exemplo_branch.py', '--cfg-path', '/tmp/tmpewfsz4nz']
[2024-07-27T03:09:33.819+0000] {standard_task_runner.py:83} INFO - Job 1761: Subtask even
[2024-07-27T03:09:33.852+0000] {task_command.py:388} INFO - Running <TaskInstance: exemplo_branch.even manual__2024-07-27T03:09:30.893792+00:00 [running]> on host 029011c5aea1
[2024-07-27T03:09:33.887+0000] {taskinstance.py:1509} INFO - Exporting the following env vars:
AIRFLOW_CTX_DAG_OWNER=***
AIRFLOW_CTX_DAG_ID=exemplo_branch
AIRFLOW_CTX_TASK_ID=even
AIRFLOW_CTX_EXECUTION_DATE=2024-07-27T03:09:30.893792+00:00
AIRFLOW_CTX_TRY_NUMBER=1
AIRFLOW_CTX_DAG_RUN_ID=manual__2024-07-27T03:09:30.893792+00:00
[2024-07-27T03:09:33.888+0000] {subprocess.py:63} INFO - Tmp dir root location: 
 /tmp
[2024-07-27T03:09:33.888+0000] {subprocess.py:75} INFO - Running command: ['/bin/bash', '-c', "echo 'Even Number'"]
[2024-07-27T03:09:33.898+0000] {subprocess.py:86} INFO - Output:
[2024-07-27T03:09:33.902+0000] {subprocess.py:93} INFO - Even Number
[2024-07-27T03:09:33.902+0000] {subprocess.py:97} INFO - Command exited with return code 0
[2024-07-27T03:09:33.916+0000] {taskinstance.py:1323} INFO - Marking task as SUCCESS. dag_id=exemplo_branch, task_id=even, execution_date=20240727T030930, start_date=20240727T030933, end_date=20240727T030933
[2024-07-27T03:09:33.964+0000] {local_task_job.py:208} INFO - Task exited with return code 0
[2024-07-27T03:09:33.975+0000] {taskinstance.py:2578} INFO - 0 downstream tasks scheduled from follow-on schedule check
