[2024-07-25T00:12:02.242+0000] {taskinstance.py:1083} INFO - Dependencies all met for <TaskInstance: exemplo_run_dag_operator_1.tsk2 manual__2024-07-25T00:11:53.182836+00:00 [queued]>
[2024-07-25T00:12:02.248+0000] {taskinstance.py:1083} INFO - Dependencies all met for <TaskInstance: exemplo_run_dag_operator_1.tsk2 manual__2024-07-25T00:11:53.182836+00:00 [queued]>
[2024-07-25T00:12:02.248+0000] {taskinstance.py:1279} INFO - 
--------------------------------------------------------------------------------
[2024-07-25T00:12:02.249+0000] {taskinstance.py:1280} INFO - Starting attempt 1 of 1
[2024-07-25T00:12:02.249+0000] {taskinstance.py:1281} INFO - 
--------------------------------------------------------------------------------
[2024-07-25T00:12:02.258+0000] {taskinstance.py:1300} INFO - Executing <Task(TriggerDagRunOperator): tsk2> on 2024-07-25 00:11:53.182836+00:00
[2024-07-25T00:12:02.261+0000] {standard_task_runner.py:55} INFO - Started process 27354 to run task
[2024-07-25T00:12:02.263+0000] {standard_task_runner.py:82} INFO - Running: ['***', 'tasks', 'run', 'exemplo_run_dag_operator_1', 'tsk2', 'manual__2024-07-25T00:11:53.182836+00:00', '--job-id', '1329', '--raw', '--subdir', 'DAGS_FOLDER/exemplo_run_dag_operator_1.py', '--cfg-path', '/tmp/tmpu5289pcy']
[2024-07-25T00:12:02.263+0000] {standard_task_runner.py:83} INFO - Job 1329: Subtask tsk2
[2024-07-25T00:12:02.302+0000] {task_command.py:388} INFO - Running <TaskInstance: exemplo_run_dag_operator_1.tsk2 manual__2024-07-25T00:11:53.182836+00:00 [running]> on host 448a9c84d52e
[2024-07-25T00:12:02.346+0000] {taskinstance.py:1509} INFO - Exporting the following env vars:
AIRFLOW_CTX_DAG_OWNER=***
AIRFLOW_CTX_DAG_ID=exemplo_run_dag_operator_1
AIRFLOW_CTX_TASK_ID=tsk2
AIRFLOW_CTX_EXECUTION_DATE=2024-07-25T00:11:53.182836+00:00
AIRFLOW_CTX_TRY_NUMBER=1
AIRFLOW_CTX_DAG_RUN_ID=manual__2024-07-25T00:11:53.182836+00:00
[2024-07-25T00:12:03.092+0000] {taskinstance.py:1323} INFO - Marking task as SUCCESS. dag_id=exemplo_run_dag_operator_1, task_id=tsk2, execution_date=20240725T001153, start_date=20240725T001202, end_date=20240725T001203
[2024-07-25T00:12:03.145+0000] {local_task_job.py:208} INFO - Task exited with return code 0
[2024-07-25T00:12:03.156+0000] {taskinstance.py:2578} INFO - 0 downstream tasks scheduled from follow-on schedule check
