[2024-07-26T10:00:13.046+0000] {taskinstance.py:1083} INFO - Dependencies all met for <TaskInstance: exemplo_defaultargs.tsk3 scheduled__2024-07-26T09:00:00+00:00 [queued]>
[2024-07-26T10:00:13.056+0000] {taskinstance.py:1083} INFO - Dependencies all met for <TaskInstance: exemplo_defaultargs.tsk3 scheduled__2024-07-26T09:00:00+00:00 [queued]>
[2024-07-26T10:00:13.057+0000] {taskinstance.py:1279} INFO - 
--------------------------------------------------------------------------------
[2024-07-26T10:00:13.057+0000] {taskinstance.py:1280} INFO - Starting attempt 1 of 2
[2024-07-26T10:00:13.057+0000] {taskinstance.py:1281} INFO - 
--------------------------------------------------------------------------------
[2024-07-26T10:00:13.064+0000] {taskinstance.py:1300} INFO - Executing <Task(BashOperator): tsk3> on 2024-07-26 09:00:00+00:00
[2024-07-26T10:00:13.067+0000] {standard_task_runner.py:55} INFO - Started process 10642 to run task
[2024-07-26T10:00:13.070+0000] {standard_task_runner.py:82} INFO - Running: ['***', 'tasks', 'run', 'exemplo_defaultargs', 'tsk3', 'scheduled__2024-07-26T09:00:00+00:00', '--job-id', '1580', '--raw', '--subdir', 'DAGS_FOLDER/exemplo_defaultargs.py', '--cfg-path', '/tmp/tmpp9e4v3fe']
[2024-07-26T10:00:13.070+0000] {standard_task_runner.py:83} INFO - Job 1580: Subtask tsk3
[2024-07-26T10:00:13.105+0000] {task_command.py:388} INFO - Running <TaskInstance: exemplo_defaultargs.tsk3 scheduled__2024-07-26T09:00:00+00:00 [running]> on host 029011c5aea1
[2024-07-26T10:00:13.142+0000] {taskinstance.py:1509} INFO - Exporting the following env vars:
AIRFLOW_CTX_DAG_EMAIL=test@test.com
AIRFLOW_CTX_DAG_OWNER=***
AIRFLOW_CTX_DAG_ID=exemplo_defaultargs
AIRFLOW_CTX_TASK_ID=tsk3
AIRFLOW_CTX_EXECUTION_DATE=2024-07-26T09:00:00+00:00
AIRFLOW_CTX_TRY_NUMBER=1
AIRFLOW_CTX_DAG_RUN_ID=scheduled__2024-07-26T09:00:00+00:00
[2024-07-26T10:00:13.142+0000] {subprocess.py:63} INFO - Tmp dir root location: 
 /tmp
[2024-07-26T10:00:13.143+0000] {subprocess.py:75} INFO - Running command: ['/bin/bash', '-c', 'sleep 5']
[2024-07-26T10:00:13.148+0000] {subprocess.py:86} INFO - Output:
[2024-07-26T10:00:18.153+0000] {subprocess.py:97} INFO - Command exited with return code 0
[2024-07-26T10:00:18.174+0000] {taskinstance.py:1323} INFO - Marking task as SUCCESS. dag_id=exemplo_defaultargs, task_id=tsk3, execution_date=20240726T090000, start_date=20240726T100013, end_date=20240726T100018
[2024-07-26T10:00:18.204+0000] {local_task_job.py:208} INFO - Task exited with return code 0
[2024-07-26T10:00:18.214+0000] {taskinstance.py:2578} INFO - 0 downstream tasks scheduled from follow-on schedule check
