[2024-07-23T03:06:51.741+0000] {processor.py:153} INFO - Started process (PID=7967) to work on /opt/airflow/dags/dag_sequencial.py
[2024-07-23T03:06:51.742+0000] {processor.py:743} INFO - Processing file /opt/airflow/dags/dag_sequencial.py for tasks to queue
[2024-07-23T03:06:51.743+0000] {logging_mixin.py:137} INFO - [2024-07-23T03:06:51.743+0000] {dagbag.py:538} INFO - Filling up the DagBag from /opt/airflow/dags/dag_sequencial.py
[2024-07-23T03:06:51.763+0000] {processor.py:753} INFO - DAG(s) dict_keys(['primeira_dag']) retrieved from /opt/airflow/dags/dag_sequencial.py
[2024-07-23T03:06:51.801+0000] {logging_mixin.py:137} INFO - [2024-07-23T03:06:51.801+0000] {dag.py:2690} INFO - Sync 1 DAGs
[2024-07-23T03:06:51.814+0000] {logging_mixin.py:137} INFO - [2024-07-23T03:06:51.814+0000] {dag.py:3441} INFO - Setting next_dagrun for primeira_dag to None, run_after=None
[2024-07-23T03:06:51.825+0000] {processor.py:175} INFO - Processing /opt/airflow/dags/dag_sequencial.py took 0.086 seconds
[2024-07-23T03:06:56.981+0000] {processor.py:153} INFO - Started process (PID=7990) to work on /opt/airflow/dags/dag_sequencial.py
[2024-07-23T03:06:56.981+0000] {processor.py:743} INFO - Processing file /opt/airflow/dags/dag_sequencial.py for tasks to queue
[2024-07-23T03:06:56.982+0000] {logging_mixin.py:137} INFO - [2024-07-23T03:06:56.982+0000] {dagbag.py:538} INFO - Filling up the DagBag from /opt/airflow/dags/dag_sequencial.py
[2024-07-23T03:06:57.002+0000] {processor.py:753} INFO - DAG(s) dict_keys(['primeira_dag']) retrieved from /opt/airflow/dags/dag_sequencial.py
[2024-07-23T03:06:57.011+0000] {logging_mixin.py:137} INFO - [2024-07-23T03:06:57.011+0000] {dag.py:2690} INFO - Sync 1 DAGs
[2024-07-23T03:06:57.027+0000] {logging_mixin.py:137} INFO - [2024-07-23T03:06:57.027+0000] {dag.py:3441} INFO - Setting next_dagrun for primeira_dag to None, run_after=None
[2024-07-23T03:06:57.041+0000] {processor.py:175} INFO - Processing /opt/airflow/dags/dag_sequencial.py took 0.063 seconds
[2024-07-23T03:07:02.284+0000] {processor.py:153} INFO - Started process (PID=7996) to work on /opt/airflow/dags/dag_sequencial.py
[2024-07-23T03:07:02.286+0000] {processor.py:743} INFO - Processing file /opt/airflow/dags/dag_sequencial.py for tasks to queue
[2024-07-23T03:07:02.287+0000] {logging_mixin.py:137} INFO - [2024-07-23T03:07:02.287+0000] {dagbag.py:538} INFO - Filling up the DagBag from /opt/airflow/dags/dag_sequencial.py
[2024-07-23T03:07:02.304+0000] {processor.py:753} INFO - DAG(s) dict_keys(['primeira_dag']) retrieved from /opt/airflow/dags/dag_sequencial.py
[2024-07-23T03:07:02.320+0000] {logging_mixin.py:137} INFO - [2024-07-23T03:07:02.319+0000] {dag.py:2690} INFO - Sync 1 DAGs
[2024-07-23T03:07:02.336+0000] {logging_mixin.py:137} INFO - [2024-07-23T03:07:02.336+0000] {dag.py:3441} INFO - Setting next_dagrun for primeira_dag to None, run_after=None
[2024-07-23T03:07:02.346+0000] {processor.py:175} INFO - Processing /opt/airflow/dags/dag_sequencial.py took 0.065 seconds
[2024-07-23T03:07:07.494+0000] {processor.py:153} INFO - Started process (PID=8018) to work on /opt/airflow/dags/dag_sequencial.py
[2024-07-23T03:07:07.495+0000] {processor.py:743} INFO - Processing file /opt/airflow/dags/dag_sequencial.py for tasks to queue
[2024-07-23T03:07:07.496+0000] {logging_mixin.py:137} INFO - [2024-07-23T03:07:07.496+0000] {dagbag.py:538} INFO - Filling up the DagBag from /opt/airflow/dags/dag_sequencial.py
[2024-07-23T03:07:07.510+0000] {processor.py:753} INFO - DAG(s) dict_keys(['primeira_dag']) retrieved from /opt/airflow/dags/dag_sequencial.py
[2024-07-23T03:07:07.520+0000] {logging_mixin.py:137} INFO - [2024-07-23T03:07:07.520+0000] {dag.py:2690} INFO - Sync 1 DAGs
[2024-07-23T03:07:07.537+0000] {logging_mixin.py:137} INFO - [2024-07-23T03:07:07.537+0000] {dag.py:3441} INFO - Setting next_dagrun for primeira_dag to None, run_after=None
[2024-07-23T03:07:07.548+0000] {processor.py:175} INFO - Processing /opt/airflow/dags/dag_sequencial.py took 0.056 seconds
[2024-07-23T03:07:12.754+0000] {processor.py:153} INFO - Started process (PID=8025) to work on /opt/airflow/dags/dag_sequencial.py
[2024-07-23T03:07:12.755+0000] {processor.py:743} INFO - Processing file /opt/airflow/dags/dag_sequencial.py for tasks to queue
[2024-07-23T03:07:12.755+0000] {logging_mixin.py:137} INFO - [2024-07-23T03:07:12.755+0000] {dagbag.py:538} INFO - Filling up the DagBag from /opt/airflow/dags/dag_sequencial.py
[2024-07-23T03:07:12.767+0000] {processor.py:753} INFO - DAG(s) dict_keys(['primeira_dag']) retrieved from /opt/airflow/dags/dag_sequencial.py
[2024-07-23T03:07:12.776+0000] {logging_mixin.py:137} INFO - [2024-07-23T03:07:12.776+0000] {dag.py:2690} INFO - Sync 1 DAGs
[2024-07-23T03:07:12.791+0000] {logging_mixin.py:137} INFO - [2024-07-23T03:07:12.791+0000] {dag.py:3441} INFO - Setting next_dagrun for primeira_dag to None, run_after=None
[2024-07-23T03:07:12.801+0000] {processor.py:175} INFO - Processing /opt/airflow/dags/dag_sequencial.py took 0.050 seconds
[2024-07-23T03:07:17.949+0000] {processor.py:153} INFO - Started process (PID=8047) to work on /opt/airflow/dags/dag_sequencial.py
[2024-07-23T03:07:17.950+0000] {processor.py:743} INFO - Processing file /opt/airflow/dags/dag_sequencial.py for tasks to queue
[2024-07-23T03:07:17.951+0000] {logging_mixin.py:137} INFO - [2024-07-23T03:07:17.951+0000] {dagbag.py:538} INFO - Filling up the DagBag from /opt/airflow/dags/dag_sequencial.py
[2024-07-23T03:07:17.963+0000] {processor.py:753} INFO - DAG(s) dict_keys(['primeira_dag']) retrieved from /opt/airflow/dags/dag_sequencial.py
[2024-07-23T03:07:17.973+0000] {logging_mixin.py:137} INFO - [2024-07-23T03:07:17.973+0000] {dag.py:2690} INFO - Sync 1 DAGs
[2024-07-23T03:07:17.989+0000] {logging_mixin.py:137} INFO - [2024-07-23T03:07:17.989+0000] {dag.py:3441} INFO - Setting next_dagrun for primeira_dag to None, run_after=None
[2024-07-23T03:07:18.001+0000] {processor.py:175} INFO - Processing /opt/airflow/dags/dag_sequencial.py took 0.055 seconds
[2024-07-23T03:07:23.182+0000] {processor.py:153} INFO - Started process (PID=8053) to work on /opt/airflow/dags/dag_sequencial.py
[2024-07-23T03:07:23.183+0000] {processor.py:743} INFO - Processing file /opt/airflow/dags/dag_sequencial.py for tasks to queue
[2024-07-23T03:07:23.184+0000] {logging_mixin.py:137} INFO - [2024-07-23T03:07:23.184+0000] {dagbag.py:538} INFO - Filling up the DagBag from /opt/airflow/dags/dag_sequencial.py
[2024-07-23T03:07:23.201+0000] {processor.py:753} INFO - DAG(s) dict_keys(['primeira_dag']) retrieved from /opt/airflow/dags/dag_sequencial.py
[2024-07-23T03:07:23.223+0000] {logging_mixin.py:137} INFO - [2024-07-23T03:07:23.223+0000] {dag.py:2690} INFO - Sync 1 DAGs
[2024-07-23T03:07:23.237+0000] {logging_mixin.py:137} INFO - [2024-07-23T03:07:23.237+0000] {dag.py:3441} INFO - Setting next_dagrun for primeira_dag to None, run_after=None
[2024-07-23T03:07:23.247+0000] {processor.py:175} INFO - Processing /opt/airflow/dags/dag_sequencial.py took 0.069 seconds
