[2024-07-23T03:07:11.736+0000] {processor.py:153} INFO - Started process (PID=8023) to work on /opt/airflow/dags/dag_precedencia.py
[2024-07-23T03:07:11.737+0000] {processor.py:743} INFO - Processing file /opt/airflow/dags/dag_precedencia.py for tasks to queue
[2024-07-23T03:07:11.737+0000] {logging_mixin.py:137} INFO - [2024-07-23T03:07:11.737+0000] {dagbag.py:538} INFO - Filling up the DagBag from /opt/airflow/dags/dag_precedencia.py
[2024-07-23T03:07:11.749+0000] {processor.py:753} INFO - DAG(s) dict_keys(['terceira_dag']) retrieved from /opt/airflow/dags/dag_precedencia.py
[2024-07-23T03:07:11.785+0000] {logging_mixin.py:137} INFO - [2024-07-23T03:07:11.785+0000] {dag.py:2690} INFO - Sync 1 DAGs
[2024-07-23T03:07:11.797+0000] {logging_mixin.py:137} INFO - [2024-07-23T03:07:11.797+0000] {dag.py:3441} INFO - Setting next_dagrun for terceira_dag to None, run_after=None
[2024-07-23T03:07:11.813+0000] {processor.py:175} INFO - Processing /opt/airflow/dags/dag_precedencia.py took 0.078 seconds
[2024-07-23T03:07:16.910+0000] {processor.py:153} INFO - Started process (PID=8046) to work on /opt/airflow/dags/dag_precedencia.py
[2024-07-23T03:07:16.912+0000] {processor.py:743} INFO - Processing file /opt/airflow/dags/dag_precedencia.py for tasks to queue
[2024-07-23T03:07:16.913+0000] {logging_mixin.py:137} INFO - [2024-07-23T03:07:16.913+0000] {dagbag.py:538} INFO - Filling up the DagBag from /opt/airflow/dags/dag_precedencia.py
[2024-07-23T03:07:16.931+0000] {processor.py:753} INFO - DAG(s) dict_keys(['terceira_dag']) retrieved from /opt/airflow/dags/dag_precedencia.py
[2024-07-23T03:07:16.940+0000] {logging_mixin.py:137} INFO - [2024-07-23T03:07:16.940+0000] {dag.py:2690} INFO - Sync 1 DAGs
[2024-07-23T03:07:16.959+0000] {logging_mixin.py:137} INFO - [2024-07-23T03:07:16.959+0000] {dag.py:3441} INFO - Setting next_dagrun for terceira_dag to None, run_after=None
[2024-07-23T03:07:16.974+0000] {processor.py:175} INFO - Processing /opt/airflow/dags/dag_precedencia.py took 0.068 seconds
[2024-07-23T03:07:22.140+0000] {processor.py:153} INFO - Started process (PID=8052) to work on /opt/airflow/dags/dag_precedencia.py
[2024-07-23T03:07:22.142+0000] {processor.py:743} INFO - Processing file /opt/airflow/dags/dag_precedencia.py for tasks to queue
[2024-07-23T03:07:22.142+0000] {logging_mixin.py:137} INFO - [2024-07-23T03:07:22.142+0000] {dagbag.py:538} INFO - Filling up the DagBag from /opt/airflow/dags/dag_precedencia.py
[2024-07-23T03:07:22.160+0000] {processor.py:753} INFO - DAG(s) dict_keys(['terceira_dag']) retrieved from /opt/airflow/dags/dag_precedencia.py
[2024-07-23T03:07:22.170+0000] {logging_mixin.py:137} INFO - [2024-07-23T03:07:22.170+0000] {dag.py:2690} INFO - Sync 1 DAGs
[2024-07-23T03:07:22.184+0000] {logging_mixin.py:137} INFO - [2024-07-23T03:07:22.184+0000] {dag.py:3441} INFO - Setting next_dagrun for terceira_dag to None, run_after=None
[2024-07-23T03:07:22.198+0000] {processor.py:175} INFO - Processing /opt/airflow/dags/dag_precedencia.py took 0.060 seconds
[2024-07-23T03:07:27.360+0000] {processor.py:153} INFO - Started process (PID=8074) to work on /opt/airflow/dags/dag_precedencia.py
[2024-07-23T03:07:27.363+0000] {processor.py:743} INFO - Processing file /opt/airflow/dags/dag_precedencia.py for tasks to queue
[2024-07-23T03:07:27.365+0000] {logging_mixin.py:137} INFO - [2024-07-23T03:07:27.365+0000] {dagbag.py:538} INFO - Filling up the DagBag from /opt/airflow/dags/dag_precedencia.py
[2024-07-23T03:07:27.378+0000] {processor.py:753} INFO - DAG(s) dict_keys(['terceira_dag']) retrieved from /opt/airflow/dags/dag_precedencia.py
[2024-07-23T03:07:27.388+0000] {logging_mixin.py:137} INFO - [2024-07-23T03:07:27.388+0000] {dag.py:2690} INFO - Sync 1 DAGs
[2024-07-23T03:07:27.403+0000] {logging_mixin.py:137} INFO - [2024-07-23T03:07:27.403+0000] {dag.py:3441} INFO - Setting next_dagrun for terceira_dag to None, run_after=None
[2024-07-23T03:07:27.418+0000] {processor.py:175} INFO - Processing /opt/airflow/dags/dag_precedencia.py took 0.060 seconds
[2024-07-23T03:07:32.543+0000] {processor.py:153} INFO - Started process (PID=8079) to work on /opt/airflow/dags/dag_precedencia.py
[2024-07-23T03:07:32.543+0000] {processor.py:743} INFO - Processing file /opt/airflow/dags/dag_precedencia.py for tasks to queue
[2024-07-23T03:07:32.544+0000] {logging_mixin.py:137} INFO - [2024-07-23T03:07:32.544+0000] {dagbag.py:538} INFO - Filling up the DagBag from /opt/airflow/dags/dag_precedencia.py
[2024-07-23T03:07:32.556+0000] {processor.py:753} INFO - DAG(s) dict_keys(['terceira_dag']) retrieved from /opt/airflow/dags/dag_precedencia.py
[2024-07-23T03:07:32.568+0000] {logging_mixin.py:137} INFO - [2024-07-23T03:07:32.568+0000] {dag.py:2690} INFO - Sync 1 DAGs
[2024-07-23T03:07:32.587+0000] {logging_mixin.py:137} INFO - [2024-07-23T03:07:32.587+0000] {dag.py:3441} INFO - Setting next_dagrun for terceira_dag to None, run_after=None
[2024-07-23T03:07:32.603+0000] {processor.py:175} INFO - Processing /opt/airflow/dags/dag_precedencia.py took 0.063 seconds
