[2024-07-23T03:07:32.663+0000] {processor.py:153} INFO - Started process (PID=8081) to work on /opt/airflow/dags/exemplo_sequencia.py
[2024-07-23T03:07:32.664+0000] {processor.py:743} INFO - Processing file /opt/airflow/dags/exemplo_sequencia.py for tasks to queue
[2024-07-23T03:07:32.664+0000] {logging_mixin.py:137} INFO - [2024-07-23T03:07:32.664+0000] {dagbag.py:538} INFO - Filling up the DagBag from /opt/airflow/dags/exemplo_sequencia.py
[2024-07-23T03:07:32.673+0000] {processor.py:753} INFO - DAG(s) dict_keys(['primeira_dag']) retrieved from /opt/airflow/dags/exemplo_sequencia.py
[2024-07-23T03:07:32.706+0000] {logging_mixin.py:137} INFO - [2024-07-23T03:07:32.706+0000] {dag.py:2690} INFO - Sync 1 DAGs
[2024-07-23T03:07:32.717+0000] {logging_mixin.py:137} INFO - [2024-07-23T03:07:32.717+0000] {dag.py:3441} INFO - Setting next_dagrun for primeira_dag to None, run_after=None
[2024-07-23T03:07:32.727+0000] {processor.py:175} INFO - Processing /opt/airflow/dags/exemplo_sequencia.py took 0.065 seconds
[2024-07-23T03:07:37.903+0000] {processor.py:153} INFO - Started process (PID=8094) to work on /opt/airflow/dags/exemplo_sequencia.py
[2024-07-23T03:07:37.903+0000] {processor.py:743} INFO - Processing file /opt/airflow/dags/exemplo_sequencia.py for tasks to queue
[2024-07-23T03:07:37.904+0000] {logging_mixin.py:137} INFO - [2024-07-23T03:07:37.904+0000] {dagbag.py:538} INFO - Filling up the DagBag from /opt/airflow/dags/exemplo_sequencia.py
[2024-07-23T03:07:37.912+0000] {processor.py:753} INFO - DAG(s) dict_keys(['primeira_dag']) retrieved from /opt/airflow/dags/exemplo_sequencia.py
[2024-07-23T03:07:37.919+0000] {logging_mixin.py:137} INFO - [2024-07-23T03:07:37.919+0000] {dag.py:2690} INFO - Sync 1 DAGs
[2024-07-23T03:07:37.932+0000] {logging_mixin.py:137} INFO - [2024-07-23T03:07:37.932+0000] {dag.py:3441} INFO - Setting next_dagrun for primeira_dag to None, run_after=None
[2024-07-23T03:07:37.940+0000] {processor.py:175} INFO - Processing /opt/airflow/dags/exemplo_sequencia.py took 0.039 seconds
[2024-07-23T03:07:43.145+0000] {processor.py:153} INFO - Started process (PID=8109) to work on /opt/airflow/dags/exemplo_sequencia.py
[2024-07-23T03:07:43.145+0000] {processor.py:743} INFO - Processing file /opt/airflow/dags/exemplo_sequencia.py for tasks to queue
[2024-07-23T03:07:43.146+0000] {logging_mixin.py:137} INFO - [2024-07-23T03:07:43.146+0000] {dagbag.py:538} INFO - Filling up the DagBag from /opt/airflow/dags/exemplo_sequencia.py
[2024-07-23T03:07:43.155+0000] {processor.py:753} INFO - DAG(s) dict_keys(['primeira_dag']) retrieved from /opt/airflow/dags/exemplo_sequencia.py
[2024-07-23T03:07:43.162+0000] {logging_mixin.py:137} INFO - [2024-07-23T03:07:43.162+0000] {dag.py:2690} INFO - Sync 1 DAGs
[2024-07-23T03:07:43.174+0000] {logging_mixin.py:137} INFO - [2024-07-23T03:07:43.174+0000] {dag.py:3441} INFO - Setting next_dagrun for primeira_dag to None, run_after=None
[2024-07-23T03:07:43.182+0000] {processor.py:175} INFO - Processing /opt/airflow/dags/exemplo_sequencia.py took 0.039 seconds
[2024-07-23T03:07:48.327+0000] {processor.py:153} INFO - Started process (PID=8114) to work on /opt/airflow/dags/exemplo_sequencia.py
[2024-07-23T03:07:48.328+0000] {processor.py:743} INFO - Processing file /opt/airflow/dags/exemplo_sequencia.py for tasks to queue
[2024-07-23T03:07:48.329+0000] {logging_mixin.py:137} INFO - [2024-07-23T03:07:48.329+0000] {dagbag.py:538} INFO - Filling up the DagBag from /opt/airflow/dags/exemplo_sequencia.py
[2024-07-23T03:07:48.343+0000] {processor.py:753} INFO - DAG(s) dict_keys(['primeira_dag']) retrieved from /opt/airflow/dags/exemplo_sequencia.py
[2024-07-23T03:07:48.353+0000] {logging_mixin.py:137} INFO - [2024-07-23T03:07:48.353+0000] {dag.py:2690} INFO - Sync 1 DAGs
[2024-07-23T03:07:48.368+0000] {logging_mixin.py:137} INFO - [2024-07-23T03:07:48.368+0000] {dag.py:3441} INFO - Setting next_dagrun for primeira_dag to None, run_after=None
[2024-07-23T03:07:48.380+0000] {processor.py:175} INFO - Processing /opt/airflow/dags/exemplo_sequencia.py took 0.056 seconds
[2024-07-23T03:07:53.596+0000] {processor.py:153} INFO - Started process (PID=8137) to work on /opt/airflow/dags/exemplo_sequencia.py
[2024-07-23T03:07:53.596+0000] {processor.py:743} INFO - Processing file /opt/airflow/dags/exemplo_sequencia.py for tasks to queue
[2024-07-23T03:07:53.597+0000] {logging_mixin.py:137} INFO - [2024-07-23T03:07:53.597+0000] {dagbag.py:538} INFO - Filling up the DagBag from /opt/airflow/dags/exemplo_sequencia.py
[2024-07-23T03:07:53.605+0000] {processor.py:753} INFO - DAG(s) dict_keys(['primeira_dag']) retrieved from /opt/airflow/dags/exemplo_sequencia.py
[2024-07-23T03:07:53.612+0000] {logging_mixin.py:137} INFO - [2024-07-23T03:07:53.612+0000] {dag.py:2690} INFO - Sync 1 DAGs
[2024-07-23T03:07:53.624+0000] {logging_mixin.py:137} INFO - [2024-07-23T03:07:53.624+0000] {dag.py:3441} INFO - Setting next_dagrun for primeira_dag to None, run_after=None
[2024-07-23T03:07:53.632+0000] {processor.py:175} INFO - Processing /opt/airflow/dags/exemplo_sequencia.py took 0.037 seconds
[2024-07-23T03:07:58.825+0000] {processor.py:153} INFO - Started process (PID=8143) to work on /opt/airflow/dags/exemplo_sequencia.py
[2024-07-23T03:07:58.826+0000] {processor.py:743} INFO - Processing file /opt/airflow/dags/exemplo_sequencia.py for tasks to queue
[2024-07-23T03:07:58.826+0000] {logging_mixin.py:137} INFO - [2024-07-23T03:07:58.826+0000] {dagbag.py:538} INFO - Filling up the DagBag from /opt/airflow/dags/exemplo_sequencia.py
[2024-07-23T03:07:58.835+0000] {processor.py:753} INFO - DAG(s) dict_keys(['primeira_dag']) retrieved from /opt/airflow/dags/exemplo_sequencia.py
[2024-07-23T03:07:58.842+0000] {logging_mixin.py:137} INFO - [2024-07-23T03:07:58.842+0000] {dag.py:2690} INFO - Sync 1 DAGs
[2024-07-23T03:07:58.855+0000] {logging_mixin.py:137} INFO - [2024-07-23T03:07:58.855+0000] {dag.py:3441} INFO - Setting next_dagrun for primeira_dag to None, run_after=None
[2024-07-23T03:07:58.863+0000] {processor.py:175} INFO - Processing /opt/airflow/dags/exemplo_sequencia.py took 0.039 seconds
[2024-07-23T03:08:04.111+0000] {processor.py:153} INFO - Started process (PID=8165) to work on /opt/airflow/dags/exemplo_sequencia.py
[2024-07-23T03:08:04.111+0000] {processor.py:743} INFO - Processing file /opt/airflow/dags/exemplo_sequencia.py for tasks to queue
[2024-07-23T03:08:04.112+0000] {logging_mixin.py:137} INFO - [2024-07-23T03:08:04.112+0000] {dagbag.py:538} INFO - Filling up the DagBag from /opt/airflow/dags/exemplo_sequencia.py
[2024-07-23T03:08:04.122+0000] {processor.py:753} INFO - DAG(s) dict_keys(['primeira_dag']) retrieved from /opt/airflow/dags/exemplo_sequencia.py
[2024-07-23T03:08:04.136+0000] {logging_mixin.py:137} INFO - [2024-07-23T03:08:04.136+0000] {dag.py:2690} INFO - Sync 1 DAGs
[2024-07-23T03:08:04.149+0000] {logging_mixin.py:137} INFO - [2024-07-23T03:08:04.149+0000] {dag.py:3441} INFO - Setting next_dagrun for primeira_dag to None, run_after=None
[2024-07-23T03:08:04.158+0000] {processor.py:175} INFO - Processing /opt/airflow/dags/exemplo_sequencia.py took 0.050 seconds
[2024-07-23T03:08:09.380+0000] {processor.py:153} INFO - Started process (PID=8171) to work on /opt/airflow/dags/exemplo_sequencia.py
[2024-07-23T03:08:09.381+0000] {processor.py:743} INFO - Processing file /opt/airflow/dags/exemplo_sequencia.py for tasks to queue
[2024-07-23T03:08:09.381+0000] {logging_mixin.py:137} INFO - [2024-07-23T03:08:09.381+0000] {dagbag.py:538} INFO - Filling up the DagBag from /opt/airflow/dags/exemplo_sequencia.py
[2024-07-23T03:08:09.390+0000] {processor.py:753} INFO - DAG(s) dict_keys(['primeira_dag']) retrieved from /opt/airflow/dags/exemplo_sequencia.py
[2024-07-23T03:08:09.404+0000] {logging_mixin.py:137} INFO - [2024-07-23T03:08:09.403+0000] {dag.py:2690} INFO - Sync 1 DAGs
[2024-07-23T03:08:09.417+0000] {logging_mixin.py:137} INFO - [2024-07-23T03:08:09.417+0000] {dag.py:3441} INFO - Setting next_dagrun for primeira_dag to None, run_after=None
[2024-07-23T03:08:09.425+0000] {processor.py:175} INFO - Processing /opt/airflow/dags/exemplo_sequencia.py took 0.047 seconds
[2024-07-23T03:08:14.611+0000] {processor.py:153} INFO - Started process (PID=8194) to work on /opt/airflow/dags/exemplo_sequencia.py
[2024-07-23T03:08:14.611+0000] {processor.py:743} INFO - Processing file /opt/airflow/dags/exemplo_sequencia.py for tasks to queue
[2024-07-23T03:08:14.612+0000] {logging_mixin.py:137} INFO - [2024-07-23T03:08:14.611+0000] {dagbag.py:538} INFO - Filling up the DagBag from /opt/airflow/dags/exemplo_sequencia.py
[2024-07-23T03:08:14.620+0000] {processor.py:753} INFO - DAG(s) dict_keys(['primeira_dag']) retrieved from /opt/airflow/dags/exemplo_sequencia.py
[2024-07-23T03:08:14.632+0000] {logging_mixin.py:137} INFO - [2024-07-23T03:08:14.632+0000] {dag.py:2690} INFO - Sync 1 DAGs
[2024-07-23T03:08:14.644+0000] {logging_mixin.py:137} INFO - [2024-07-23T03:08:14.644+0000] {dag.py:3441} INFO - Setting next_dagrun for primeira_dag to None, run_after=None
[2024-07-23T03:08:14.653+0000] {processor.py:175} INFO - Processing /opt/airflow/dags/exemplo_sequencia.py took 0.044 seconds
[2024-07-23T03:08:19.894+0000] {processor.py:153} INFO - Started process (PID=8201) to work on /opt/airflow/dags/exemplo_sequencia.py
[2024-07-23T03:08:19.895+0000] {processor.py:743} INFO - Processing file /opt/airflow/dags/exemplo_sequencia.py for tasks to queue
[2024-07-23T03:08:19.895+0000] {logging_mixin.py:137} INFO - [2024-07-23T03:08:19.895+0000] {dagbag.py:538} INFO - Filling up the DagBag from /opt/airflow/dags/exemplo_sequencia.py
[2024-07-23T03:08:19.904+0000] {processor.py:753} INFO - DAG(s) dict_keys(['primeira_dag']) retrieved from /opt/airflow/dags/exemplo_sequencia.py
[2024-07-23T03:08:19.916+0000] {logging_mixin.py:137} INFO - [2024-07-23T03:08:19.916+0000] {dag.py:2690} INFO - Sync 1 DAGs
[2024-07-23T03:08:19.928+0000] {logging_mixin.py:137} INFO - [2024-07-23T03:08:19.928+0000] {dag.py:3441} INFO - Setting next_dagrun for primeira_dag to None, run_after=None
[2024-07-23T03:08:19.935+0000] {processor.py:175} INFO - Processing /opt/airflow/dags/exemplo_sequencia.py took 0.043 seconds
[2024-07-23T03:08:25.198+0000] {processor.py:153} INFO - Started process (PID=8224) to work on /opt/airflow/dags/exemplo_sequencia.py
[2024-07-23T03:08:25.198+0000] {processor.py:743} INFO - Processing file /opt/airflow/dags/exemplo_sequencia.py for tasks to queue
[2024-07-23T03:08:25.199+0000] {logging_mixin.py:137} INFO - [2024-07-23T03:08:25.199+0000] {dagbag.py:538} INFO - Filling up the DagBag from /opt/airflow/dags/exemplo_sequencia.py
[2024-07-23T03:08:25.207+0000] {processor.py:753} INFO - DAG(s) dict_keys(['primeira_dag']) retrieved from /opt/airflow/dags/exemplo_sequencia.py
[2024-07-23T03:08:25.220+0000] {logging_mixin.py:137} INFO - [2024-07-23T03:08:25.220+0000] {dag.py:2690} INFO - Sync 1 DAGs
[2024-07-23T03:08:25.232+0000] {logging_mixin.py:137} INFO - [2024-07-23T03:08:25.232+0000] {dag.py:3441} INFO - Setting next_dagrun for primeira_dag to None, run_after=None
[2024-07-23T03:08:25.240+0000] {processor.py:175} INFO - Processing /opt/airflow/dags/exemplo_sequencia.py took 0.044 seconds
[2024-07-23T03:08:30.478+0000] {processor.py:153} INFO - Started process (PID=8231) to work on /opt/airflow/dags/exemplo_sequencia.py
[2024-07-23T03:08:30.479+0000] {processor.py:743} INFO - Processing file /opt/airflow/dags/exemplo_sequencia.py for tasks to queue
[2024-07-23T03:08:30.479+0000] {logging_mixin.py:137} INFO - [2024-07-23T03:08:30.479+0000] {dagbag.py:538} INFO - Filling up the DagBag from /opt/airflow/dags/exemplo_sequencia.py
[2024-07-23T03:08:30.487+0000] {processor.py:753} INFO - DAG(s) dict_keys(['primeira_dag']) retrieved from /opt/airflow/dags/exemplo_sequencia.py
[2024-07-23T03:08:30.499+0000] {logging_mixin.py:137} INFO - [2024-07-23T03:08:30.499+0000] {dag.py:2690} INFO - Sync 1 DAGs
[2024-07-23T03:08:30.510+0000] {logging_mixin.py:137} INFO - [2024-07-23T03:08:30.510+0000] {dag.py:3441} INFO - Setting next_dagrun for primeira_dag to None, run_after=None
[2024-07-23T03:08:30.519+0000] {processor.py:175} INFO - Processing /opt/airflow/dags/exemplo_sequencia.py took 0.042 seconds
[2024-07-23T03:08:35.797+0000] {processor.py:153} INFO - Started process (PID=8254) to work on /opt/airflow/dags/exemplo_sequencia.py
[2024-07-23T03:08:35.798+0000] {processor.py:743} INFO - Processing file /opt/airflow/dags/exemplo_sequencia.py for tasks to queue
[2024-07-23T03:08:35.798+0000] {logging_mixin.py:137} INFO - [2024-07-23T03:08:35.798+0000] {dagbag.py:538} INFO - Filling up the DagBag from /opt/airflow/dags/exemplo_sequencia.py
[2024-07-23T03:08:35.807+0000] {processor.py:753} INFO - DAG(s) dict_keys(['primeira_dag']) retrieved from /opt/airflow/dags/exemplo_sequencia.py
[2024-07-23T03:08:35.819+0000] {logging_mixin.py:137} INFO - [2024-07-23T03:08:35.819+0000] {dag.py:2690} INFO - Sync 1 DAGs
[2024-07-23T03:08:35.831+0000] {logging_mixin.py:137} INFO - [2024-07-23T03:08:35.831+0000] {dag.py:3441} INFO - Setting next_dagrun for primeira_dag to None, run_after=None
[2024-07-23T03:08:35.839+0000] {processor.py:175} INFO - Processing /opt/airflow/dags/exemplo_sequencia.py took 0.044 seconds
[2024-07-23T03:08:41.110+0000] {processor.py:153} INFO - Started process (PID=8261) to work on /opt/airflow/dags/exemplo_sequencia.py
[2024-07-23T03:08:41.114+0000] {processor.py:743} INFO - Processing file /opt/airflow/dags/exemplo_sequencia.py for tasks to queue
[2024-07-23T03:08:41.115+0000] {logging_mixin.py:137} INFO - [2024-07-23T03:08:41.115+0000] {dagbag.py:538} INFO - Filling up the DagBag from /opt/airflow/dags/exemplo_sequencia.py
[2024-07-23T03:08:41.126+0000] {processor.py:753} INFO - DAG(s) dict_keys(['primeira_dag']) retrieved from /opt/airflow/dags/exemplo_sequencia.py
[2024-07-23T03:08:41.142+0000] {logging_mixin.py:137} INFO - [2024-07-23T03:08:41.142+0000] {dag.py:2690} INFO - Sync 1 DAGs
[2024-07-23T03:08:41.156+0000] {logging_mixin.py:137} INFO - [2024-07-23T03:08:41.156+0000] {dag.py:3441} INFO - Setting next_dagrun for primeira_dag to None, run_after=None
[2024-07-23T03:08:41.172+0000] {processor.py:175} INFO - Processing /opt/airflow/dags/exemplo_sequencia.py took 0.064 seconds
[2024-07-23T03:08:46.403+0000] {processor.py:153} INFO - Started process (PID=8284) to work on /opt/airflow/dags/exemplo_sequencia.py
[2024-07-23T03:08:46.404+0000] {processor.py:743} INFO - Processing file /opt/airflow/dags/exemplo_sequencia.py for tasks to queue
[2024-07-23T03:08:46.404+0000] {logging_mixin.py:137} INFO - [2024-07-23T03:08:46.404+0000] {dagbag.py:538} INFO - Filling up the DagBag from /opt/airflow/dags/exemplo_sequencia.py
[2024-07-23T03:08:46.413+0000] {processor.py:753} INFO - DAG(s) dict_keys(['primeira_dag']) retrieved from /opt/airflow/dags/exemplo_sequencia.py
[2024-07-23T03:08:46.426+0000] {logging_mixin.py:137} INFO - [2024-07-23T03:08:46.426+0000] {dag.py:2690} INFO - Sync 1 DAGs
[2024-07-23T03:08:46.440+0000] {logging_mixin.py:137} INFO - [2024-07-23T03:08:46.440+0000] {dag.py:3441} INFO - Setting next_dagrun for primeira_dag to None, run_after=None
[2024-07-23T03:08:46.452+0000] {processor.py:175} INFO - Processing /opt/airflow/dags/exemplo_sequencia.py took 0.051 seconds
[2024-07-23T03:08:51.687+0000] {processor.py:153} INFO - Started process (PID=8291) to work on /opt/airflow/dags/exemplo_sequencia.py
[2024-07-23T03:08:51.688+0000] {processor.py:743} INFO - Processing file /opt/airflow/dags/exemplo_sequencia.py for tasks to queue
[2024-07-23T03:08:51.688+0000] {logging_mixin.py:137} INFO - [2024-07-23T03:08:51.688+0000] {dagbag.py:538} INFO - Filling up the DagBag from /opt/airflow/dags/exemplo_sequencia.py
[2024-07-23T03:08:51.697+0000] {processor.py:753} INFO - DAG(s) dict_keys(['primeira_dag']) retrieved from /opt/airflow/dags/exemplo_sequencia.py
[2024-07-23T03:08:51.711+0000] {logging_mixin.py:137} INFO - [2024-07-23T03:08:51.711+0000] {dag.py:2690} INFO - Sync 1 DAGs
[2024-07-23T03:08:51.724+0000] {logging_mixin.py:137} INFO - [2024-07-23T03:08:51.724+0000] {dag.py:3441} INFO - Setting next_dagrun for primeira_dag to None, run_after=None
[2024-07-23T03:08:51.732+0000] {processor.py:175} INFO - Processing /opt/airflow/dags/exemplo_sequencia.py took 0.047 seconds
[2024-07-23T03:08:56.960+0000] {processor.py:153} INFO - Started process (PID=8307) to work on /opt/airflow/dags/exemplo_sequencia.py
[2024-07-23T03:08:56.961+0000] {processor.py:743} INFO - Processing file /opt/airflow/dags/exemplo_sequencia.py for tasks to queue
[2024-07-23T03:08:56.962+0000] {logging_mixin.py:137} INFO - [2024-07-23T03:08:56.962+0000] {dagbag.py:538} INFO - Filling up the DagBag from /opt/airflow/dags/exemplo_sequencia.py
[2024-07-23T03:08:56.971+0000] {processor.py:753} INFO - DAG(s) dict_keys(['primeira_dag']) retrieved from /opt/airflow/dags/exemplo_sequencia.py
[2024-07-23T03:08:56.984+0000] {logging_mixin.py:137} INFO - [2024-07-23T03:08:56.984+0000] {dag.py:2690} INFO - Sync 1 DAGs
[2024-07-23T03:08:56.997+0000] {logging_mixin.py:137} INFO - [2024-07-23T03:08:56.997+0000] {dag.py:3441} INFO - Setting next_dagrun for primeira_dag to None, run_after=None
[2024-07-23T03:08:57.006+0000] {processor.py:175} INFO - Processing /opt/airflow/dags/exemplo_sequencia.py took 0.048 seconds
[2024-07-23T03:09:02.282+0000] {processor.py:153} INFO - Started process (PID=8321) to work on /opt/airflow/dags/exemplo_sequencia.py
[2024-07-23T03:09:02.282+0000] {processor.py:743} INFO - Processing file /opt/airflow/dags/exemplo_sequencia.py for tasks to queue
[2024-07-23T03:09:02.283+0000] {logging_mixin.py:137} INFO - [2024-07-23T03:09:02.283+0000] {dagbag.py:538} INFO - Filling up the DagBag from /opt/airflow/dags/exemplo_sequencia.py
[2024-07-23T03:09:02.291+0000] {processor.py:753} INFO - DAG(s) dict_keys(['primeira_dag']) retrieved from /opt/airflow/dags/exemplo_sequencia.py
[2024-07-23T03:09:02.305+0000] {logging_mixin.py:137} INFO - [2024-07-23T03:09:02.305+0000] {dag.py:2690} INFO - Sync 1 DAGs
[2024-07-23T03:09:02.319+0000] {logging_mixin.py:137} INFO - [2024-07-23T03:09:02.319+0000] {dag.py:3441} INFO - Setting next_dagrun for primeira_dag to None, run_after=None
[2024-07-23T03:09:02.328+0000] {processor.py:175} INFO - Processing /opt/airflow/dags/exemplo_sequencia.py took 0.048 seconds
[2024-07-23T03:09:07.561+0000] {processor.py:153} INFO - Started process (PID=8328) to work on /opt/airflow/dags/exemplo_sequencia.py
[2024-07-23T03:09:07.562+0000] {processor.py:743} INFO - Processing file /opt/airflow/dags/exemplo_sequencia.py for tasks to queue
[2024-07-23T03:09:07.562+0000] {logging_mixin.py:137} INFO - [2024-07-23T03:09:07.562+0000] {dagbag.py:538} INFO - Filling up the DagBag from /opt/airflow/dags/exemplo_sequencia.py
[2024-07-23T03:09:07.570+0000] {processor.py:753} INFO - DAG(s) dict_keys(['primeira_dag']) retrieved from /opt/airflow/dags/exemplo_sequencia.py
[2024-07-23T03:09:07.582+0000] {logging_mixin.py:137} INFO - [2024-07-23T03:09:07.582+0000] {dag.py:2690} INFO - Sync 1 DAGs
[2024-07-23T03:09:07.594+0000] {logging_mixin.py:137} INFO - [2024-07-23T03:09:07.594+0000] {dag.py:3441} INFO - Setting next_dagrun for primeira_dag to None, run_after=None
[2024-07-23T03:09:07.602+0000] {processor.py:175} INFO - Processing /opt/airflow/dags/exemplo_sequencia.py took 0.043 seconds
[2024-07-23T03:09:12.793+0000] {processor.py:153} INFO - Started process (PID=8350) to work on /opt/airflow/dags/exemplo_sequencia.py
[2024-07-23T03:09:12.794+0000] {processor.py:743} INFO - Processing file /opt/airflow/dags/exemplo_sequencia.py for tasks to queue
[2024-07-23T03:09:12.794+0000] {logging_mixin.py:137} INFO - [2024-07-23T03:09:12.794+0000] {dagbag.py:538} INFO - Filling up the DagBag from /opt/airflow/dags/exemplo_sequencia.py
[2024-07-23T03:09:12.804+0000] {processor.py:753} INFO - DAG(s) dict_keys(['primeira_dag']) retrieved from /opt/airflow/dags/exemplo_sequencia.py
[2024-07-23T03:09:12.817+0000] {logging_mixin.py:137} INFO - [2024-07-23T03:09:12.817+0000] {dag.py:2690} INFO - Sync 1 DAGs
[2024-07-23T03:09:12.831+0000] {logging_mixin.py:137} INFO - [2024-07-23T03:09:12.831+0000] {dag.py:3441} INFO - Setting next_dagrun for primeira_dag to None, run_after=None
[2024-07-23T03:09:12.839+0000] {processor.py:175} INFO - Processing /opt/airflow/dags/exemplo_sequencia.py took 0.048 seconds
[2024-07-23T03:09:18.103+0000] {processor.py:153} INFO - Started process (PID=8357) to work on /opt/airflow/dags/exemplo_sequencia.py
[2024-07-23T03:09:18.104+0000] {processor.py:743} INFO - Processing file /opt/airflow/dags/exemplo_sequencia.py for tasks to queue
[2024-07-23T03:09:18.104+0000] {logging_mixin.py:137} INFO - [2024-07-23T03:09:18.104+0000] {dagbag.py:538} INFO - Filling up the DagBag from /opt/airflow/dags/exemplo_sequencia.py
[2024-07-23T03:09:18.112+0000] {processor.py:753} INFO - DAG(s) dict_keys(['primeira_dag']) retrieved from /opt/airflow/dags/exemplo_sequencia.py
[2024-07-23T03:09:18.126+0000] {logging_mixin.py:137} INFO - [2024-07-23T03:09:18.126+0000] {dag.py:2690} INFO - Sync 1 DAGs
[2024-07-23T03:09:18.139+0000] {logging_mixin.py:137} INFO - [2024-07-23T03:09:18.139+0000] {dag.py:3441} INFO - Setting next_dagrun for primeira_dag to None, run_after=None
[2024-07-23T03:09:18.147+0000] {processor.py:175} INFO - Processing /opt/airflow/dags/exemplo_sequencia.py took 0.046 seconds
[2024-07-23T03:09:23.328+0000] {processor.py:153} INFO - Started process (PID=8380) to work on /opt/airflow/dags/exemplo_sequencia.py
[2024-07-23T03:09:23.329+0000] {processor.py:743} INFO - Processing file /opt/airflow/dags/exemplo_sequencia.py for tasks to queue
[2024-07-23T03:09:23.329+0000] {logging_mixin.py:137} INFO - [2024-07-23T03:09:23.329+0000] {dagbag.py:538} INFO - Filling up the DagBag from /opt/airflow/dags/exemplo_sequencia.py
[2024-07-23T03:09:23.338+0000] {processor.py:753} INFO - DAG(s) dict_keys(['primeira_dag']) retrieved from /opt/airflow/dags/exemplo_sequencia.py
[2024-07-23T03:09:23.356+0000] {logging_mixin.py:137} INFO - [2024-07-23T03:09:23.355+0000] {dag.py:2690} INFO - Sync 1 DAGs
[2024-07-23T03:09:23.368+0000] {logging_mixin.py:137} INFO - [2024-07-23T03:09:23.368+0000] {dag.py:3441} INFO - Setting next_dagrun for primeira_dag to None, run_after=None
[2024-07-23T03:09:23.377+0000] {processor.py:175} INFO - Processing /opt/airflow/dags/exemplo_sequencia.py took 0.051 seconds
[2024-07-23T03:09:28.633+0000] {processor.py:153} INFO - Started process (PID=8387) to work on /opt/airflow/dags/exemplo_sequencia.py
[2024-07-23T03:09:28.633+0000] {processor.py:743} INFO - Processing file /opt/airflow/dags/exemplo_sequencia.py for tasks to queue
[2024-07-23T03:09:28.634+0000] {logging_mixin.py:137} INFO - [2024-07-23T03:09:28.634+0000] {dagbag.py:538} INFO - Filling up the DagBag from /opt/airflow/dags/exemplo_sequencia.py
[2024-07-23T03:09:28.642+0000] {processor.py:753} INFO - DAG(s) dict_keys(['primeira_dag']) retrieved from /opt/airflow/dags/exemplo_sequencia.py
[2024-07-23T03:09:28.654+0000] {logging_mixin.py:137} INFO - [2024-07-23T03:09:28.654+0000] {dag.py:2690} INFO - Sync 1 DAGs
[2024-07-23T03:09:28.666+0000] {logging_mixin.py:137} INFO - [2024-07-23T03:09:28.666+0000] {dag.py:3441} INFO - Setting next_dagrun for primeira_dag to None, run_after=None
[2024-07-23T03:09:28.674+0000] {processor.py:175} INFO - Processing /opt/airflow/dags/exemplo_sequencia.py took 0.043 seconds
[2024-07-23T03:09:34.830+0000] {processor.py:153} INFO - Started process (PID=8410) to work on /opt/airflow/dags/exemplo_sequencia.py
[2024-07-23T03:09:34.831+0000] {processor.py:743} INFO - Processing file /opt/airflow/dags/exemplo_sequencia.py for tasks to queue
[2024-07-23T03:09:34.831+0000] {logging_mixin.py:137} INFO - [2024-07-23T03:09:34.831+0000] {dagbag.py:538} INFO - Filling up the DagBag from /opt/airflow/dags/exemplo_sequencia.py
[2024-07-23T03:09:34.846+0000] {processor.py:753} INFO - DAG(s) dict_keys(['primeira_dag']) retrieved from /opt/airflow/dags/exemplo_sequencia.py
[2024-07-23T03:09:34.866+0000] {logging_mixin.py:137} INFO - [2024-07-23T03:09:34.866+0000] {dag.py:2690} INFO - Sync 1 DAGs
[2024-07-23T03:09:34.880+0000] {logging_mixin.py:137} INFO - [2024-07-23T03:09:34.880+0000] {dag.py:3441} INFO - Setting next_dagrun for primeira_dag to None, run_after=None
[2024-07-23T03:09:34.890+0000] {processor.py:175} INFO - Processing /opt/airflow/dags/exemplo_sequencia.py took 0.064 seconds
[2024-07-23T03:09:40.139+0000] {processor.py:153} INFO - Started process (PID=8417) to work on /opt/airflow/dags/exemplo_sequencia.py
[2024-07-23T03:09:40.140+0000] {processor.py:743} INFO - Processing file /opt/airflow/dags/exemplo_sequencia.py for tasks to queue
[2024-07-23T03:09:40.141+0000] {logging_mixin.py:137} INFO - [2024-07-23T03:09:40.141+0000] {dagbag.py:538} INFO - Filling up the DagBag from /opt/airflow/dags/exemplo_sequencia.py
[2024-07-23T03:09:40.160+0000] {processor.py:753} INFO - DAG(s) dict_keys(['primeira_dag']) retrieved from /opt/airflow/dags/exemplo_sequencia.py
[2024-07-23T03:09:40.180+0000] {logging_mixin.py:137} INFO - [2024-07-23T03:09:40.180+0000] {dag.py:2690} INFO - Sync 1 DAGs
[2024-07-23T03:09:40.194+0000] {logging_mixin.py:137} INFO - [2024-07-23T03:09:40.193+0000] {dag.py:3441} INFO - Setting next_dagrun for primeira_dag to None, run_after=None
[2024-07-23T03:09:40.208+0000] {processor.py:175} INFO - Processing /opt/airflow/dags/exemplo_sequencia.py took 0.072 seconds
[2024-07-23T03:09:45.338+0000] {processor.py:153} INFO - Started process (PID=8438) to work on /opt/airflow/dags/exemplo_sequencia.py
[2024-07-23T03:09:45.340+0000] {processor.py:743} INFO - Processing file /opt/airflow/dags/exemplo_sequencia.py for tasks to queue
[2024-07-23T03:09:45.341+0000] {logging_mixin.py:137} INFO - [2024-07-23T03:09:45.340+0000] {dagbag.py:538} INFO - Filling up the DagBag from /opt/airflow/dags/exemplo_sequencia.py
[2024-07-23T03:09:45.358+0000] {processor.py:753} INFO - DAG(s) dict_keys(['primeira_dag']) retrieved from /opt/airflow/dags/exemplo_sequencia.py
[2024-07-23T03:09:45.383+0000] {logging_mixin.py:137} INFO - [2024-07-23T03:09:45.383+0000] {dag.py:2690} INFO - Sync 1 DAGs
[2024-07-23T03:09:45.397+0000] {logging_mixin.py:137} INFO - [2024-07-23T03:09:45.397+0000] {dag.py:3441} INFO - Setting next_dagrun for primeira_dag to None, run_after=None
[2024-07-23T03:09:45.406+0000] {processor.py:175} INFO - Processing /opt/airflow/dags/exemplo_sequencia.py took 0.072 seconds
[2024-07-23T03:09:50.494+0000] {processor.py:153} INFO - Started process (PID=8443) to work on /opt/airflow/dags/exemplo_sequencia.py
[2024-07-23T03:09:50.495+0000] {processor.py:743} INFO - Processing file /opt/airflow/dags/exemplo_sequencia.py for tasks to queue
[2024-07-23T03:09:50.495+0000] {logging_mixin.py:137} INFO - [2024-07-23T03:09:50.495+0000] {dagbag.py:538} INFO - Filling up the DagBag from /opt/airflow/dags/exemplo_sequencia.py
[2024-07-23T03:09:50.514+0000] {processor.py:753} INFO - DAG(s) dict_keys(['primeira_dag']) retrieved from /opt/airflow/dags/exemplo_sequencia.py
[2024-07-23T03:09:50.536+0000] {logging_mixin.py:137} INFO - [2024-07-23T03:09:50.536+0000] {dag.py:2690} INFO - Sync 1 DAGs
[2024-07-23T03:09:50.548+0000] {logging_mixin.py:137} INFO - [2024-07-23T03:09:50.548+0000] {dag.py:3441} INFO - Setting next_dagrun for primeira_dag to None, run_after=None
[2024-07-23T03:09:50.556+0000] {processor.py:175} INFO - Processing /opt/airflow/dags/exemplo_sequencia.py took 0.066 seconds
[2024-07-23T03:09:55.829+0000] {processor.py:153} INFO - Started process (PID=8466) to work on /opt/airflow/dags/exemplo_sequencia.py
[2024-07-23T03:09:55.831+0000] {processor.py:743} INFO - Processing file /opt/airflow/dags/exemplo_sequencia.py for tasks to queue
[2024-07-23T03:09:55.831+0000] {logging_mixin.py:137} INFO - [2024-07-23T03:09:55.831+0000] {dagbag.py:538} INFO - Filling up the DagBag from /opt/airflow/dags/exemplo_sequencia.py
[2024-07-23T03:09:55.843+0000] {processor.py:753} INFO - DAG(s) dict_keys(['primeira_dag']) retrieved from /opt/airflow/dags/exemplo_sequencia.py
[2024-07-23T03:09:55.864+0000] {logging_mixin.py:137} INFO - [2024-07-23T03:09:55.863+0000] {dag.py:2690} INFO - Sync 1 DAGs
[2024-07-23T03:09:55.878+0000] {logging_mixin.py:137} INFO - [2024-07-23T03:09:55.878+0000] {dag.py:3441} INFO - Setting next_dagrun for primeira_dag to None, run_after=None
[2024-07-23T03:09:55.888+0000] {processor.py:175} INFO - Processing /opt/airflow/dags/exemplo_sequencia.py took 0.062 seconds
[2024-07-23T03:10:01.118+0000] {processor.py:153} INFO - Started process (PID=8473) to work on /opt/airflow/dags/exemplo_sequencia.py
[2024-07-23T03:10:01.119+0000] {processor.py:743} INFO - Processing file /opt/airflow/dags/exemplo_sequencia.py for tasks to queue
[2024-07-23T03:10:01.120+0000] {logging_mixin.py:137} INFO - [2024-07-23T03:10:01.120+0000] {dagbag.py:538} INFO - Filling up the DagBag from /opt/airflow/dags/exemplo_sequencia.py
[2024-07-23T03:10:01.134+0000] {processor.py:753} INFO - DAG(s) dict_keys(['primeira_dag']) retrieved from /opt/airflow/dags/exemplo_sequencia.py
[2024-07-23T03:10:01.153+0000] {logging_mixin.py:137} INFO - [2024-07-23T03:10:01.153+0000] {dag.py:2690} INFO - Sync 1 DAGs
[2024-07-23T03:10:01.169+0000] {logging_mixin.py:137} INFO - [2024-07-23T03:10:01.169+0000] {dag.py:3441} INFO - Setting next_dagrun for primeira_dag to None, run_after=None
[2024-07-23T03:10:01.178+0000] {processor.py:175} INFO - Processing /opt/airflow/dags/exemplo_sequencia.py took 0.064 seconds
[2024-07-23T03:10:06.404+0000] {processor.py:153} INFO - Started process (PID=8496) to work on /opt/airflow/dags/exemplo_sequencia.py
[2024-07-23T03:10:06.405+0000] {processor.py:743} INFO - Processing file /opt/airflow/dags/exemplo_sequencia.py for tasks to queue
[2024-07-23T03:10:06.406+0000] {logging_mixin.py:137} INFO - [2024-07-23T03:10:06.406+0000] {dagbag.py:538} INFO - Filling up the DagBag from /opt/airflow/dags/exemplo_sequencia.py
[2024-07-23T03:10:06.421+0000] {processor.py:753} INFO - DAG(s) dict_keys(['primeira_dag']) retrieved from /opt/airflow/dags/exemplo_sequencia.py
[2024-07-23T03:10:06.435+0000] {logging_mixin.py:137} INFO - [2024-07-23T03:10:06.435+0000] {dag.py:2690} INFO - Sync 1 DAGs
[2024-07-23T03:10:06.447+0000] {logging_mixin.py:137} INFO - [2024-07-23T03:10:06.447+0000] {dag.py:3441} INFO - Setting next_dagrun for primeira_dag to None, run_after=None
[2024-07-23T03:10:06.456+0000] {processor.py:175} INFO - Processing /opt/airflow/dags/exemplo_sequencia.py took 0.055 seconds
[2024-07-23T03:10:11.667+0000] {processor.py:153} INFO - Started process (PID=8503) to work on /opt/airflow/dags/exemplo_sequencia.py
[2024-07-23T03:10:11.668+0000] {processor.py:743} INFO - Processing file /opt/airflow/dags/exemplo_sequencia.py for tasks to queue
[2024-07-23T03:10:11.668+0000] {logging_mixin.py:137} INFO - [2024-07-23T03:10:11.668+0000] {dagbag.py:538} INFO - Filling up the DagBag from /opt/airflow/dags/exemplo_sequencia.py
[2024-07-23T03:10:11.680+0000] {processor.py:753} INFO - DAG(s) dict_keys(['primeira_dag']) retrieved from /opt/airflow/dags/exemplo_sequencia.py
[2024-07-23T03:10:11.698+0000] {logging_mixin.py:137} INFO - [2024-07-23T03:10:11.698+0000] {dag.py:2690} INFO - Sync 1 DAGs
[2024-07-23T03:10:11.715+0000] {logging_mixin.py:137} INFO - [2024-07-23T03:10:11.714+0000] {dag.py:3441} INFO - Setting next_dagrun for primeira_dag to None, run_after=None
[2024-07-23T03:10:11.724+0000] {processor.py:175} INFO - Processing /opt/airflow/dags/exemplo_sequencia.py took 0.058 seconds
[2024-07-23T03:10:17.033+0000] {processor.py:153} INFO - Started process (PID=8526) to work on /opt/airflow/dags/exemplo_sequencia.py
[2024-07-23T03:10:17.033+0000] {processor.py:743} INFO - Processing file /opt/airflow/dags/exemplo_sequencia.py for tasks to queue
[2024-07-23T03:10:17.034+0000] {logging_mixin.py:137} INFO - [2024-07-23T03:10:17.034+0000] {dagbag.py:538} INFO - Filling up the DagBag from /opt/airflow/dags/exemplo_sequencia.py
[2024-07-23T03:10:17.044+0000] {processor.py:753} INFO - DAG(s) dict_keys(['primeira_dag']) retrieved from /opt/airflow/dags/exemplo_sequencia.py
[2024-07-23T03:10:17.057+0000] {logging_mixin.py:137} INFO - [2024-07-23T03:10:17.057+0000] {dag.py:2690} INFO - Sync 1 DAGs
[2024-07-23T03:10:17.071+0000] {logging_mixin.py:137} INFO - [2024-07-23T03:10:17.071+0000] {dag.py:3441} INFO - Setting next_dagrun for primeira_dag to None, run_after=None
[2024-07-23T03:10:17.081+0000] {processor.py:175} INFO - Processing /opt/airflow/dags/exemplo_sequencia.py took 0.051 seconds
[2024-07-23T03:10:22.305+0000] {processor.py:153} INFO - Started process (PID=8532) to work on /opt/airflow/dags/exemplo_sequencia.py
[2024-07-23T03:10:22.306+0000] {processor.py:743} INFO - Processing file /opt/airflow/dags/exemplo_sequencia.py for tasks to queue
[2024-07-23T03:10:22.307+0000] {logging_mixin.py:137} INFO - [2024-07-23T03:10:22.307+0000] {dagbag.py:538} INFO - Filling up the DagBag from /opt/airflow/dags/exemplo_sequencia.py
[2024-07-23T03:10:22.322+0000] {processor.py:753} INFO - DAG(s) dict_keys(['primeira_dag']) retrieved from /opt/airflow/dags/exemplo_sequencia.py
[2024-07-23T03:10:22.344+0000] {logging_mixin.py:137} INFO - [2024-07-23T03:10:22.344+0000] {dag.py:2690} INFO - Sync 1 DAGs
[2024-07-23T03:10:22.359+0000] {logging_mixin.py:137} INFO - [2024-07-23T03:10:22.359+0000] {dag.py:3441} INFO - Setting next_dagrun for primeira_dag to None, run_after=None
[2024-07-23T03:10:22.369+0000] {processor.py:175} INFO - Processing /opt/airflow/dags/exemplo_sequencia.py took 0.069 seconds
[2024-07-23T03:10:27.555+0000] {processor.py:153} INFO - Started process (PID=8553) to work on /opt/airflow/dags/exemplo_sequencia.py
[2024-07-23T03:10:27.556+0000] {processor.py:743} INFO - Processing file /opt/airflow/dags/exemplo_sequencia.py for tasks to queue
[2024-07-23T03:10:27.556+0000] {logging_mixin.py:137} INFO - [2024-07-23T03:10:27.556+0000] {dagbag.py:538} INFO - Filling up the DagBag from /opt/airflow/dags/exemplo_sequencia.py
[2024-07-23T03:10:27.566+0000] {processor.py:753} INFO - DAG(s) dict_keys(['primeira_dag']) retrieved from /opt/airflow/dags/exemplo_sequencia.py
[2024-07-23T03:10:27.582+0000] {logging_mixin.py:137} INFO - [2024-07-23T03:10:27.582+0000] {dag.py:2690} INFO - Sync 1 DAGs
[2024-07-23T03:10:27.598+0000] {logging_mixin.py:137} INFO - [2024-07-23T03:10:27.597+0000] {dag.py:3441} INFO - Setting next_dagrun for primeira_dag to None, run_after=None
[2024-07-23T03:10:27.611+0000] {processor.py:175} INFO - Processing /opt/airflow/dags/exemplo_sequencia.py took 0.058 seconds
