[2024-07-23T03:09:54.667+0000] {processor.py:153} INFO - Started process (PID=8463) to work on /opt/airflow/dags/exemplo_bitwise_e_setstream.py
[2024-07-23T03:09:54.668+0000] {processor.py:743} INFO - Processing file /opt/airflow/dags/exemplo_bitwise_e_setstream.py for tasks to queue
[2024-07-23T03:09:54.669+0000] {logging_mixin.py:137} INFO - [2024-07-23T03:09:54.669+0000] {dagbag.py:538} INFO - Filling up the DagBag from /opt/airflow/dags/exemplo_bitwise_e_setstream.py
[2024-07-23T03:09:54.682+0000] {processor.py:753} INFO - DAG(s) dict_keys(['downstream_dag']) retrieved from /opt/airflow/dags/exemplo_bitwise_e_setstream.py
[2024-07-23T03:09:54.724+0000] {logging_mixin.py:137} INFO - [2024-07-23T03:09:54.724+0000] {dag.py:2690} INFO - Sync 1 DAGs
[2024-07-23T03:09:54.738+0000] {logging_mixin.py:137} INFO - [2024-07-23T03:09:54.738+0000] {dag.py:3441} INFO - Setting next_dagrun for downstream_dag to None, run_after=None
[2024-07-23T03:09:54.765+0000] {processor.py:175} INFO - Processing /opt/airflow/dags/exemplo_bitwise_e_setstream.py took 0.100 seconds
[2024-07-23T03:09:59.993+0000] {processor.py:153} INFO - Started process (PID=8470) to work on /opt/airflow/dags/exemplo_bitwise_e_setstream.py
[2024-07-23T03:09:59.993+0000] {processor.py:743} INFO - Processing file /opt/airflow/dags/exemplo_bitwise_e_setstream.py for tasks to queue
[2024-07-23T03:09:59.994+0000] {logging_mixin.py:137} INFO - [2024-07-23T03:09:59.994+0000] {dagbag.py:538} INFO - Filling up the DagBag from /opt/airflow/dags/exemplo_bitwise_e_setstream.py
[2024-07-23T03:10:00.003+0000] {processor.py:753} INFO - DAG(s) dict_keys(['downstream_dag']) retrieved from /opt/airflow/dags/exemplo_bitwise_e_setstream.py
[2024-07-23T03:10:00.013+0000] {logging_mixin.py:137} INFO - [2024-07-23T03:10:00.013+0000] {dag.py:2690} INFO - Sync 1 DAGs
[2024-07-23T03:10:00.029+0000] {logging_mixin.py:137} INFO - [2024-07-23T03:10:00.028+0000] {dag.py:3441} INFO - Setting next_dagrun for downstream_dag to None, run_after=None
[2024-07-23T03:10:00.039+0000] {processor.py:175} INFO - Processing /opt/airflow/dags/exemplo_bitwise_e_setstream.py took 0.048 seconds
[2024-07-23T03:10:05.280+0000] {processor.py:153} INFO - Started process (PID=8493) to work on /opt/airflow/dags/exemplo_bitwise_e_setstream.py
[2024-07-23T03:10:05.281+0000] {processor.py:743} INFO - Processing file /opt/airflow/dags/exemplo_bitwise_e_setstream.py for tasks to queue
[2024-07-23T03:10:05.282+0000] {logging_mixin.py:137} INFO - [2024-07-23T03:10:05.282+0000] {dagbag.py:538} INFO - Filling up the DagBag from /opt/airflow/dags/exemplo_bitwise_e_setstream.py
[2024-07-23T03:10:05.295+0000] {processor.py:753} INFO - DAG(s) dict_keys(['downstream_dag']) retrieved from /opt/airflow/dags/exemplo_bitwise_e_setstream.py
[2024-07-23T03:10:05.307+0000] {logging_mixin.py:137} INFO - [2024-07-23T03:10:05.307+0000] {dag.py:2690} INFO - Sync 1 DAGs
[2024-07-23T03:10:05.323+0000] {logging_mixin.py:137} INFO - [2024-07-23T03:10:05.323+0000] {dag.py:3441} INFO - Setting next_dagrun for downstream_dag to None, run_after=None
[2024-07-23T03:10:05.341+0000] {processor.py:175} INFO - Processing /opt/airflow/dags/exemplo_bitwise_e_setstream.py took 0.065 seconds
[2024-07-23T03:10:10.553+0000] {processor.py:153} INFO - Started process (PID=8500) to work on /opt/airflow/dags/exemplo_bitwise_e_setstream.py
[2024-07-23T03:10:10.557+0000] {processor.py:743} INFO - Processing file /opt/airflow/dags/exemplo_bitwise_e_setstream.py for tasks to queue
[2024-07-23T03:10:10.558+0000] {logging_mixin.py:137} INFO - [2024-07-23T03:10:10.558+0000] {dagbag.py:538} INFO - Filling up the DagBag from /opt/airflow/dags/exemplo_bitwise_e_setstream.py
[2024-07-23T03:10:10.573+0000] {processor.py:753} INFO - DAG(s) dict_keys(['downstream_dag']) retrieved from /opt/airflow/dags/exemplo_bitwise_e_setstream.py
[2024-07-23T03:10:10.584+0000] {logging_mixin.py:137} INFO - [2024-07-23T03:10:10.584+0000] {dag.py:2690} INFO - Sync 1 DAGs
[2024-07-23T03:10:10.597+0000] {logging_mixin.py:137} INFO - [2024-07-23T03:10:10.597+0000] {dag.py:3441} INFO - Setting next_dagrun for downstream_dag to None, run_after=None
[2024-07-23T03:10:10.614+0000] {processor.py:175} INFO - Processing /opt/airflow/dags/exemplo_bitwise_e_setstream.py took 0.063 seconds
[2024-07-23T03:10:15.823+0000] {processor.py:153} INFO - Started process (PID=8516) to work on /opt/airflow/dags/exemplo_bitwise_e_setstream.py
[2024-07-23T03:10:15.825+0000] {processor.py:743} INFO - Processing file /opt/airflow/dags/exemplo_bitwise_e_setstream.py for tasks to queue
[2024-07-23T03:10:15.825+0000] {logging_mixin.py:137} INFO - [2024-07-23T03:10:15.825+0000] {dagbag.py:538} INFO - Filling up the DagBag from /opt/airflow/dags/exemplo_bitwise_e_setstream.py
[2024-07-23T03:10:15.838+0000] {processor.py:753} INFO - DAG(s) dict_keys(['downstream_dag']) retrieved from /opt/airflow/dags/exemplo_bitwise_e_setstream.py
[2024-07-23T03:10:15.846+0000] {logging_mixin.py:137} INFO - [2024-07-23T03:10:15.846+0000] {dag.py:2690} INFO - Sync 1 DAGs
[2024-07-23T03:10:15.862+0000] {logging_mixin.py:137} INFO - [2024-07-23T03:10:15.862+0000] {dag.py:3441} INFO - Setting next_dagrun for downstream_dag to None, run_after=None
[2024-07-23T03:10:15.893+0000] {processor.py:175} INFO - Processing /opt/airflow/dags/exemplo_bitwise_e_setstream.py took 0.072 seconds
