[2024-07-23T03:10:34.851+0000] {processor.py:153} INFO - Started process (PID=8560) to work on /opt/airflow/dags/exemplo_bitwise.py
[2024-07-23T03:10:34.852+0000] {processor.py:743} INFO - Processing file /opt/airflow/dags/exemplo_bitwise.py for tasks to queue
[2024-07-23T03:10:34.852+0000] {logging_mixin.py:137} INFO - [2024-07-23T03:10:34.852+0000] {dagbag.py:538} INFO - Filling up the DagBag from /opt/airflow/dags/exemplo_bitwise.py
[2024-07-23T03:10:34.865+0000] {processor.py:753} INFO - DAG(s) dict_keys(['primeira_dag']) retrieved from /opt/airflow/dags/exemplo_bitwise.py
[2024-07-23T03:10:34.902+0000] {logging_mixin.py:137} INFO - [2024-07-23T03:10:34.902+0000] {dag.py:2690} INFO - Sync 1 DAGs
[2024-07-23T03:10:34.915+0000] {logging_mixin.py:137} INFO - [2024-07-23T03:10:34.915+0000] {dag.py:3441} INFO - Setting next_dagrun for primeira_dag to None, run_after=None
[2024-07-23T03:10:34.932+0000] {processor.py:175} INFO - Processing /opt/airflow/dags/exemplo_bitwise.py took 0.083 seconds
[2024-07-23T03:10:40.052+0000] {processor.py:153} INFO - Started process (PID=8583) to work on /opt/airflow/dags/exemplo_bitwise.py
[2024-07-23T03:10:40.053+0000] {processor.py:743} INFO - Processing file /opt/airflow/dags/exemplo_bitwise.py for tasks to queue
[2024-07-23T03:10:40.054+0000] {logging_mixin.py:137} INFO - [2024-07-23T03:10:40.054+0000] {dagbag.py:538} INFO - Filling up the DagBag from /opt/airflow/dags/exemplo_bitwise.py
[2024-07-23T03:10:40.073+0000] {processor.py:753} INFO - DAG(s) dict_keys(['primeira_dag']) retrieved from /opt/airflow/dags/exemplo_bitwise.py
[2024-07-23T03:10:40.083+0000] {logging_mixin.py:137} INFO - [2024-07-23T03:10:40.082+0000] {dag.py:2690} INFO - Sync 1 DAGs
[2024-07-23T03:10:40.099+0000] {logging_mixin.py:137} INFO - [2024-07-23T03:10:40.099+0000] {dag.py:3441} INFO - Setting next_dagrun for primeira_dag to None, run_after=None
[2024-07-23T03:10:40.113+0000] {processor.py:175} INFO - Processing /opt/airflow/dags/exemplo_bitwise.py took 0.065 seconds
[2024-07-23T03:10:45.321+0000] {processor.py:153} INFO - Started process (PID=8590) to work on /opt/airflow/dags/exemplo_bitwise.py
[2024-07-23T03:10:45.322+0000] {processor.py:743} INFO - Processing file /opt/airflow/dags/exemplo_bitwise.py for tasks to queue
[2024-07-23T03:10:45.323+0000] {logging_mixin.py:137} INFO - [2024-07-23T03:10:45.323+0000] {dagbag.py:538} INFO - Filling up the DagBag from /opt/airflow/dags/exemplo_bitwise.py
[2024-07-23T03:10:45.343+0000] {processor.py:753} INFO - DAG(s) dict_keys(['primeira_dag']) retrieved from /opt/airflow/dags/exemplo_bitwise.py
[2024-07-23T03:10:45.357+0000] {logging_mixin.py:137} INFO - [2024-07-23T03:10:45.357+0000] {dag.py:2690} INFO - Sync 1 DAGs
[2024-07-23T03:10:45.378+0000] {logging_mixin.py:137} INFO - [2024-07-23T03:10:45.378+0000] {dag.py:3441} INFO - Setting next_dagrun for primeira_dag to None, run_after=None
[2024-07-23T03:10:45.395+0000] {processor.py:175} INFO - Processing /opt/airflow/dags/exemplo_bitwise.py took 0.078 seconds
[2024-07-23T03:10:50.500+0000] {processor.py:153} INFO - Started process (PID=8613) to work on /opt/airflow/dags/exemplo_bitwise.py
[2024-07-23T03:10:50.502+0000] {processor.py:743} INFO - Processing file /opt/airflow/dags/exemplo_bitwise.py for tasks to queue
[2024-07-23T03:10:50.503+0000] {logging_mixin.py:137} INFO - [2024-07-23T03:10:50.503+0000] {dagbag.py:538} INFO - Filling up the DagBag from /opt/airflow/dags/exemplo_bitwise.py
[2024-07-23T03:10:50.523+0000] {processor.py:753} INFO - DAG(s) dict_keys(['primeira_dag']) retrieved from /opt/airflow/dags/exemplo_bitwise.py
[2024-07-23T03:10:50.540+0000] {logging_mixin.py:137} INFO - [2024-07-23T03:10:50.540+0000] {dag.py:2690} INFO - Sync 1 DAGs
[2024-07-23T03:10:50.564+0000] {logging_mixin.py:137} INFO - [2024-07-23T03:10:50.564+0000] {dag.py:3441} INFO - Setting next_dagrun for primeira_dag to None, run_after=None
[2024-07-23T03:10:50.584+0000] {processor.py:175} INFO - Processing /opt/airflow/dags/exemplo_bitwise.py took 0.089 seconds
[2024-07-23T03:10:55.774+0000] {processor.py:153} INFO - Started process (PID=8620) to work on /opt/airflow/dags/exemplo_bitwise.py
[2024-07-23T03:10:55.775+0000] {processor.py:743} INFO - Processing file /opt/airflow/dags/exemplo_bitwise.py for tasks to queue
[2024-07-23T03:10:55.776+0000] {logging_mixin.py:137} INFO - [2024-07-23T03:10:55.776+0000] {dagbag.py:538} INFO - Filling up the DagBag from /opt/airflow/dags/exemplo_bitwise.py
[2024-07-23T03:10:55.795+0000] {processor.py:753} INFO - DAG(s) dict_keys(['primeira_dag']) retrieved from /opt/airflow/dags/exemplo_bitwise.py
[2024-07-23T03:10:55.809+0000] {logging_mixin.py:137} INFO - [2024-07-23T03:10:55.809+0000] {dag.py:2690} INFO - Sync 1 DAGs
[2024-07-23T03:10:55.829+0000] {logging_mixin.py:137} INFO - [2024-07-23T03:10:55.829+0000] {dag.py:3441} INFO - Setting next_dagrun for primeira_dag to None, run_after=None
[2024-07-23T03:10:55.844+0000] {processor.py:175} INFO - Processing /opt/airflow/dags/exemplo_bitwise.py took 0.074 seconds
[2024-07-23T03:11:01.048+0000] {processor.py:153} INFO - Started process (PID=8637) to work on /opt/airflow/dags/exemplo_bitwise.py
[2024-07-23T03:11:01.050+0000] {processor.py:743} INFO - Processing file /opt/airflow/dags/exemplo_bitwise.py for tasks to queue
[2024-07-23T03:11:01.053+0000] {logging_mixin.py:137} INFO - [2024-07-23T03:11:01.052+0000] {dagbag.py:538} INFO - Filling up the DagBag from /opt/airflow/dags/exemplo_bitwise.py
[2024-07-23T03:11:01.071+0000] {processor.py:753} INFO - DAG(s) dict_keys(['primeira_dag']) retrieved from /opt/airflow/dags/exemplo_bitwise.py
[2024-07-23T03:11:01.089+0000] {logging_mixin.py:137} INFO - [2024-07-23T03:11:01.088+0000] {dag.py:2690} INFO - Sync 1 DAGs
[2024-07-23T03:11:01.108+0000] {logging_mixin.py:137} INFO - [2024-07-23T03:11:01.107+0000] {dag.py:3441} INFO - Setting next_dagrun for primeira_dag to None, run_after=None
[2024-07-23T03:11:01.126+0000] {processor.py:175} INFO - Processing /opt/airflow/dags/exemplo_bitwise.py took 0.079 seconds
[2024-07-23T03:11:06.309+0000] {processor.py:153} INFO - Started process (PID=8651) to work on /opt/airflow/dags/exemplo_bitwise.py
[2024-07-23T03:11:06.310+0000] {processor.py:743} INFO - Processing file /opt/airflow/dags/exemplo_bitwise.py for tasks to queue
[2024-07-23T03:11:06.311+0000] {logging_mixin.py:137} INFO - [2024-07-23T03:11:06.311+0000] {dagbag.py:538} INFO - Filling up the DagBag from /opt/airflow/dags/exemplo_bitwise.py
[2024-07-23T03:11:06.324+0000] {processor.py:753} INFO - DAG(s) dict_keys(['primeira_dag']) retrieved from /opt/airflow/dags/exemplo_bitwise.py
[2024-07-23T03:11:06.341+0000] {logging_mixin.py:137} INFO - [2024-07-23T03:11:06.341+0000] {dag.py:2690} INFO - Sync 1 DAGs
[2024-07-23T03:11:06.356+0000] {logging_mixin.py:137} INFO - [2024-07-23T03:11:06.356+0000] {dag.py:3441} INFO - Setting next_dagrun for primeira_dag to None, run_after=None
[2024-07-23T03:11:06.369+0000] {processor.py:175} INFO - Processing /opt/airflow/dags/exemplo_bitwise.py took 0.064 seconds
[2024-07-23T03:11:11.540+0000] {processor.py:153} INFO - Started process (PID=8658) to work on /opt/airflow/dags/exemplo_bitwise.py
[2024-07-23T03:11:11.541+0000] {processor.py:743} INFO - Processing file /opt/airflow/dags/exemplo_bitwise.py for tasks to queue
[2024-07-23T03:11:11.541+0000] {logging_mixin.py:137} INFO - [2024-07-23T03:11:11.541+0000] {dagbag.py:538} INFO - Filling up the DagBag from /opt/airflow/dags/exemplo_bitwise.py
[2024-07-23T03:11:11.559+0000] {processor.py:753} INFO - DAG(s) dict_keys(['primeira_dag']) retrieved from /opt/airflow/dags/exemplo_bitwise.py
[2024-07-23T03:11:11.579+0000] {logging_mixin.py:137} INFO - [2024-07-23T03:11:11.578+0000] {dag.py:2690} INFO - Sync 1 DAGs
[2024-07-23T03:11:11.594+0000] {logging_mixin.py:137} INFO - [2024-07-23T03:11:11.593+0000] {dag.py:3441} INFO - Setting next_dagrun for primeira_dag to None, run_after=None
[2024-07-23T03:11:11.609+0000] {processor.py:175} INFO - Processing /opt/airflow/dags/exemplo_bitwise.py took 0.072 seconds
[2024-07-23T03:11:16.823+0000] {processor.py:153} INFO - Started process (PID=8682) to work on /opt/airflow/dags/exemplo_bitwise.py
[2024-07-23T03:11:16.824+0000] {processor.py:743} INFO - Processing file /opt/airflow/dags/exemplo_bitwise.py for tasks to queue
[2024-07-23T03:11:16.825+0000] {logging_mixin.py:137} INFO - [2024-07-23T03:11:16.825+0000] {dagbag.py:538} INFO - Filling up the DagBag from /opt/airflow/dags/exemplo_bitwise.py
[2024-07-23T03:11:16.839+0000] {processor.py:753} INFO - DAG(s) dict_keys(['primeira_dag']) retrieved from /opt/airflow/dags/exemplo_bitwise.py
[2024-07-23T03:11:16.861+0000] {logging_mixin.py:137} INFO - [2024-07-23T03:11:16.861+0000] {dag.py:2690} INFO - Sync 1 DAGs
[2024-07-23T03:11:16.878+0000] {logging_mixin.py:137} INFO - [2024-07-23T03:11:16.878+0000] {dag.py:3441} INFO - Setting next_dagrun for primeira_dag to None, run_after=None
[2024-07-23T03:11:16.891+0000] {processor.py:175} INFO - Processing /opt/airflow/dags/exemplo_bitwise.py took 0.071 seconds
[2024-07-23T03:11:22.045+0000] {processor.py:153} INFO - Started process (PID=8689) to work on /opt/airflow/dags/exemplo_bitwise.py
[2024-07-23T03:11:22.047+0000] {processor.py:743} INFO - Processing file /opt/airflow/dags/exemplo_bitwise.py for tasks to queue
[2024-07-23T03:11:22.048+0000] {logging_mixin.py:137} INFO - [2024-07-23T03:11:22.048+0000] {dagbag.py:538} INFO - Filling up the DagBag from /opt/airflow/dags/exemplo_bitwise.py
[2024-07-23T03:11:22.073+0000] {processor.py:753} INFO - DAG(s) dict_keys(['primeira_dag']) retrieved from /opt/airflow/dags/exemplo_bitwise.py
[2024-07-23T03:11:22.087+0000] {logging_mixin.py:137} INFO - [2024-07-23T03:11:22.087+0000] {dag.py:2690} INFO - Sync 1 DAGs
[2024-07-23T03:11:22.100+0000] {logging_mixin.py:137} INFO - [2024-07-23T03:11:22.100+0000] {dag.py:3441} INFO - Setting next_dagrun for primeira_dag to None, run_after=None
[2024-07-23T03:11:22.113+0000] {processor.py:175} INFO - Processing /opt/airflow/dags/exemplo_bitwise.py took 0.072 seconds
[2024-07-23T03:11:27.241+0000] {processor.py:153} INFO - Started process (PID=8712) to work on /opt/airflow/dags/exemplo_bitwise.py
[2024-07-23T03:11:27.242+0000] {processor.py:743} INFO - Processing file /opt/airflow/dags/exemplo_bitwise.py for tasks to queue
[2024-07-23T03:11:27.243+0000] {logging_mixin.py:137} INFO - [2024-07-23T03:11:27.243+0000] {dagbag.py:538} INFO - Filling up the DagBag from /opt/airflow/dags/exemplo_bitwise.py
[2024-07-23T03:11:27.260+0000] {processor.py:753} INFO - DAG(s) dict_keys(['primeira_dag']) retrieved from /opt/airflow/dags/exemplo_bitwise.py
[2024-07-23T03:11:27.277+0000] {logging_mixin.py:137} INFO - [2024-07-23T03:11:27.277+0000] {dag.py:2690} INFO - Sync 1 DAGs
[2024-07-23T03:11:27.290+0000] {logging_mixin.py:137} INFO - [2024-07-23T03:11:27.290+0000] {dag.py:3441} INFO - Setting next_dagrun for primeira_dag to None, run_after=None
[2024-07-23T03:11:27.306+0000] {processor.py:175} INFO - Processing /opt/airflow/dags/exemplo_bitwise.py took 0.069 seconds
[2024-07-23T03:11:32.439+0000] {processor.py:153} INFO - Started process (PID=8719) to work on /opt/airflow/dags/exemplo_bitwise.py
[2024-07-23T03:11:32.441+0000] {processor.py:743} INFO - Processing file /opt/airflow/dags/exemplo_bitwise.py for tasks to queue
[2024-07-23T03:11:32.442+0000] {logging_mixin.py:137} INFO - [2024-07-23T03:11:32.442+0000] {dagbag.py:538} INFO - Filling up the DagBag from /opt/airflow/dags/exemplo_bitwise.py
[2024-07-23T03:11:32.457+0000] {processor.py:753} INFO - DAG(s) dict_keys(['primeira_dag']) retrieved from /opt/airflow/dags/exemplo_bitwise.py
[2024-07-23T03:11:32.475+0000] {logging_mixin.py:137} INFO - [2024-07-23T03:11:32.475+0000] {dag.py:2690} INFO - Sync 1 DAGs
[2024-07-23T03:11:32.490+0000] {logging_mixin.py:137} INFO - [2024-07-23T03:11:32.490+0000] {dag.py:3441} INFO - Setting next_dagrun for primeira_dag to None, run_after=None
[2024-07-23T03:11:32.504+0000] {processor.py:175} INFO - Processing /opt/airflow/dags/exemplo_bitwise.py took 0.067 seconds
[2024-07-23T03:11:37.641+0000] {processor.py:153} INFO - Started process (PID=8742) to work on /opt/airflow/dags/exemplo_bitwise.py
[2024-07-23T03:11:37.642+0000] {processor.py:743} INFO - Processing file /opt/airflow/dags/exemplo_bitwise.py for tasks to queue
[2024-07-23T03:11:37.644+0000] {logging_mixin.py:137} INFO - [2024-07-23T03:11:37.644+0000] {dagbag.py:538} INFO - Filling up the DagBag from /opt/airflow/dags/exemplo_bitwise.py
[2024-07-23T03:11:37.661+0000] {processor.py:753} INFO - DAG(s) dict_keys(['primeira_dag']) retrieved from /opt/airflow/dags/exemplo_bitwise.py
[2024-07-23T03:11:37.679+0000] {logging_mixin.py:137} INFO - [2024-07-23T03:11:37.679+0000] {dag.py:2690} INFO - Sync 1 DAGs
[2024-07-23T03:11:37.701+0000] {logging_mixin.py:137} INFO - [2024-07-23T03:11:37.700+0000] {dag.py:3441} INFO - Setting next_dagrun for primeira_dag to None, run_after=None
[2024-07-23T03:11:37.714+0000] {processor.py:175} INFO - Processing /opt/airflow/dags/exemplo_bitwise.py took 0.076 seconds
[2024-07-23T03:11:42.835+0000] {processor.py:153} INFO - Started process (PID=8749) to work on /opt/airflow/dags/exemplo_bitwise.py
[2024-07-23T03:11:42.836+0000] {processor.py:743} INFO - Processing file /opt/airflow/dags/exemplo_bitwise.py for tasks to queue
[2024-07-23T03:11:42.836+0000] {logging_mixin.py:137} INFO - [2024-07-23T03:11:42.836+0000] {dagbag.py:538} INFO - Filling up the DagBag from /opt/airflow/dags/exemplo_bitwise.py
[2024-07-23T03:11:42.854+0000] {processor.py:753} INFO - DAG(s) dict_keys(['primeira_dag']) retrieved from /opt/airflow/dags/exemplo_bitwise.py
[2024-07-23T03:11:42.872+0000] {logging_mixin.py:137} INFO - [2024-07-23T03:11:42.871+0000] {dag.py:2690} INFO - Sync 1 DAGs
[2024-07-23T03:11:42.887+0000] {logging_mixin.py:137} INFO - [2024-07-23T03:11:42.887+0000] {dag.py:3441} INFO - Setting next_dagrun for primeira_dag to None, run_after=None
[2024-07-23T03:11:42.901+0000] {processor.py:175} INFO - Processing /opt/airflow/dags/exemplo_bitwise.py took 0.069 seconds
[2024-07-23T03:11:48.062+0000] {processor.py:153} INFO - Started process (PID=8772) to work on /opt/airflow/dags/exemplo_bitwise.py
[2024-07-23T03:11:48.063+0000] {processor.py:743} INFO - Processing file /opt/airflow/dags/exemplo_bitwise.py for tasks to queue
[2024-07-23T03:11:48.064+0000] {logging_mixin.py:137} INFO - [2024-07-23T03:11:48.064+0000] {dagbag.py:538} INFO - Filling up the DagBag from /opt/airflow/dags/exemplo_bitwise.py
[2024-07-23T03:11:48.081+0000] {processor.py:753} INFO - DAG(s) dict_keys(['primeira_dag']) retrieved from /opt/airflow/dags/exemplo_bitwise.py
[2024-07-23T03:11:48.099+0000] {logging_mixin.py:137} INFO - [2024-07-23T03:11:48.098+0000] {dag.py:2690} INFO - Sync 1 DAGs
[2024-07-23T03:11:48.113+0000] {logging_mixin.py:137} INFO - [2024-07-23T03:11:48.113+0000] {dag.py:3441} INFO - Setting next_dagrun for primeira_dag to None, run_after=None
[2024-07-23T03:11:48.128+0000] {processor.py:175} INFO - Processing /opt/airflow/dags/exemplo_bitwise.py took 0.069 seconds
[2024-07-23T03:11:53.338+0000] {processor.py:153} INFO - Started process (PID=8780) to work on /opt/airflow/dags/exemplo_bitwise.py
[2024-07-23T03:11:53.340+0000] {processor.py:743} INFO - Processing file /opt/airflow/dags/exemplo_bitwise.py for tasks to queue
[2024-07-23T03:11:53.341+0000] {logging_mixin.py:137} INFO - [2024-07-23T03:11:53.341+0000] {dagbag.py:538} INFO - Filling up the DagBag from /opt/airflow/dags/exemplo_bitwise.py
[2024-07-23T03:11:53.365+0000] {processor.py:753} INFO - DAG(s) dict_keys(['primeira_dag']) retrieved from /opt/airflow/dags/exemplo_bitwise.py
[2024-07-23T03:11:53.387+0000] {logging_mixin.py:137} INFO - [2024-07-23T03:11:53.387+0000] {dag.py:2690} INFO - Sync 1 DAGs
[2024-07-23T03:11:53.414+0000] {logging_mixin.py:137} INFO - [2024-07-23T03:11:53.414+0000] {dag.py:3441} INFO - Setting next_dagrun for primeira_dag to None, run_after=None
[2024-07-23T03:11:53.429+0000] {processor.py:175} INFO - Processing /opt/airflow/dags/exemplo_bitwise.py took 0.094 seconds
[2024-07-23T03:11:58.528+0000] {processor.py:153} INFO - Started process (PID=8803) to work on /opt/airflow/dags/exemplo_bitwise.py
[2024-07-23T03:11:58.530+0000] {processor.py:743} INFO - Processing file /opt/airflow/dags/exemplo_bitwise.py for tasks to queue
[2024-07-23T03:11:58.530+0000] {logging_mixin.py:137} INFO - [2024-07-23T03:11:58.530+0000] {dagbag.py:538} INFO - Filling up the DagBag from /opt/airflow/dags/exemplo_bitwise.py
[2024-07-23T03:11:58.546+0000] {processor.py:753} INFO - DAG(s) dict_keys(['primeira_dag']) retrieved from /opt/airflow/dags/exemplo_bitwise.py
[2024-07-23T03:11:58.564+0000] {logging_mixin.py:137} INFO - [2024-07-23T03:11:58.564+0000] {dag.py:2690} INFO - Sync 1 DAGs
[2024-07-23T03:11:58.576+0000] {logging_mixin.py:137} INFO - [2024-07-23T03:11:58.576+0000] {dag.py:3441} INFO - Setting next_dagrun for primeira_dag to None, run_after=None
[2024-07-23T03:11:58.589+0000] {processor.py:175} INFO - Processing /opt/airflow/dags/exemplo_bitwise.py took 0.063 seconds
[2024-07-23T03:12:03.773+0000] {processor.py:153} INFO - Started process (PID=8810) to work on /opt/airflow/dags/exemplo_bitwise.py
[2024-07-23T03:12:03.774+0000] {processor.py:743} INFO - Processing file /opt/airflow/dags/exemplo_bitwise.py for tasks to queue
[2024-07-23T03:12:03.775+0000] {logging_mixin.py:137} INFO - [2024-07-23T03:12:03.775+0000] {dagbag.py:538} INFO - Filling up the DagBag from /opt/airflow/dags/exemplo_bitwise.py
[2024-07-23T03:12:03.792+0000] {processor.py:753} INFO - DAG(s) dict_keys(['primeira_dag']) retrieved from /opt/airflow/dags/exemplo_bitwise.py
[2024-07-23T03:12:03.812+0000] {logging_mixin.py:137} INFO - [2024-07-23T03:12:03.812+0000] {dag.py:2690} INFO - Sync 1 DAGs
[2024-07-23T03:12:03.828+0000] {logging_mixin.py:137} INFO - [2024-07-23T03:12:03.828+0000] {dag.py:3441} INFO - Setting next_dagrun for primeira_dag to None, run_after=None
[2024-07-23T03:12:03.843+0000] {processor.py:175} INFO - Processing /opt/airflow/dags/exemplo_bitwise.py took 0.074 seconds
[2024-07-23T03:12:08.970+0000] {processor.py:153} INFO - Started process (PID=8826) to work on /opt/airflow/dags/exemplo_bitwise.py
[2024-07-23T03:12:08.971+0000] {processor.py:743} INFO - Processing file /opt/airflow/dags/exemplo_bitwise.py for tasks to queue
[2024-07-23T03:12:08.972+0000] {logging_mixin.py:137} INFO - [2024-07-23T03:12:08.972+0000] {dagbag.py:538} INFO - Filling up the DagBag from /opt/airflow/dags/exemplo_bitwise.py
[2024-07-23T03:12:08.989+0000] {processor.py:753} INFO - DAG(s) dict_keys(['primeira_dag']) retrieved from /opt/airflow/dags/exemplo_bitwise.py
[2024-07-23T03:12:09.013+0000] {logging_mixin.py:137} INFO - [2024-07-23T03:12:09.013+0000] {dag.py:2690} INFO - Sync 1 DAGs
[2024-07-23T03:12:09.031+0000] {logging_mixin.py:137} INFO - [2024-07-23T03:12:09.031+0000] {dag.py:3441} INFO - Setting next_dagrun for primeira_dag to None, run_after=None
[2024-07-23T03:12:09.050+0000] {processor.py:175} INFO - Processing /opt/airflow/dags/exemplo_bitwise.py took 0.083 seconds
[2024-07-23T03:12:14.172+0000] {processor.py:153} INFO - Started process (PID=8840) to work on /opt/airflow/dags/exemplo_bitwise.py
[2024-07-23T03:12:14.173+0000] {processor.py:743} INFO - Processing file /opt/airflow/dags/exemplo_bitwise.py for tasks to queue
[2024-07-23T03:12:14.175+0000] {logging_mixin.py:137} INFO - [2024-07-23T03:12:14.175+0000] {dagbag.py:538} INFO - Filling up the DagBag from /opt/airflow/dags/exemplo_bitwise.py
[2024-07-23T03:12:14.191+0000] {processor.py:753} INFO - DAG(s) dict_keys(['primeira_dag']) retrieved from /opt/airflow/dags/exemplo_bitwise.py
[2024-07-23T03:12:14.208+0000] {logging_mixin.py:137} INFO - [2024-07-23T03:12:14.208+0000] {dag.py:2690} INFO - Sync 1 DAGs
[2024-07-23T03:12:14.227+0000] {logging_mixin.py:137} INFO - [2024-07-23T03:12:14.227+0000] {dag.py:3441} INFO - Setting next_dagrun for primeira_dag to None, run_after=None
[2024-07-23T03:12:14.242+0000] {processor.py:175} INFO - Processing /opt/airflow/dags/exemplo_bitwise.py took 0.073 seconds
[2024-07-23T03:12:19.386+0000] {processor.py:153} INFO - Started process (PID=8847) to work on /opt/airflow/dags/exemplo_bitwise.py
[2024-07-23T03:12:19.387+0000] {processor.py:743} INFO - Processing file /opt/airflow/dags/exemplo_bitwise.py for tasks to queue
[2024-07-23T03:12:19.387+0000] {logging_mixin.py:137} INFO - [2024-07-23T03:12:19.387+0000] {dagbag.py:538} INFO - Filling up the DagBag from /opt/airflow/dags/exemplo_bitwise.py
[2024-07-23T03:12:19.402+0000] {processor.py:753} INFO - DAG(s) dict_keys(['primeira_dag']) retrieved from /opt/airflow/dags/exemplo_bitwise.py
[2024-07-23T03:12:19.420+0000] {logging_mixin.py:137} INFO - [2024-07-23T03:12:19.420+0000] {dag.py:2690} INFO - Sync 1 DAGs
[2024-07-23T03:12:19.436+0000] {logging_mixin.py:137} INFO - [2024-07-23T03:12:19.436+0000] {dag.py:3441} INFO - Setting next_dagrun for primeira_dag to None, run_after=None
[2024-07-23T03:12:19.449+0000] {processor.py:175} INFO - Processing /opt/airflow/dags/exemplo_bitwise.py took 0.066 seconds
[2024-07-23T03:12:24.598+0000] {processor.py:153} INFO - Started process (PID=8869) to work on /opt/airflow/dags/exemplo_bitwise.py
[2024-07-23T03:12:24.599+0000] {processor.py:743} INFO - Processing file /opt/airflow/dags/exemplo_bitwise.py for tasks to queue
[2024-07-23T03:12:24.599+0000] {logging_mixin.py:137} INFO - [2024-07-23T03:12:24.599+0000] {dagbag.py:538} INFO - Filling up the DagBag from /opt/airflow/dags/exemplo_bitwise.py
[2024-07-23T03:12:24.615+0000] {processor.py:753} INFO - DAG(s) dict_keys(['primeira_dag']) retrieved from /opt/airflow/dags/exemplo_bitwise.py
[2024-07-23T03:12:24.652+0000] {logging_mixin.py:137} INFO - [2024-07-23T03:12:24.652+0000] {dag.py:2690} INFO - Sync 1 DAGs
[2024-07-23T03:12:24.668+0000] {logging_mixin.py:137} INFO - [2024-07-23T03:12:24.668+0000] {dag.py:3441} INFO - Setting next_dagrun for primeira_dag to None, run_after=None
[2024-07-23T03:12:24.681+0000] {processor.py:175} INFO - Processing /opt/airflow/dags/exemplo_bitwise.py took 0.085 seconds
[2024-07-23T03:12:29.850+0000] {processor.py:153} INFO - Started process (PID=8876) to work on /opt/airflow/dags/exemplo_bitwise.py
[2024-07-23T03:12:29.851+0000] {processor.py:743} INFO - Processing file /opt/airflow/dags/exemplo_bitwise.py for tasks to queue
[2024-07-23T03:12:29.851+0000] {logging_mixin.py:137} INFO - [2024-07-23T03:12:29.851+0000] {dagbag.py:538} INFO - Filling up the DagBag from /opt/airflow/dags/exemplo_bitwise.py
[2024-07-23T03:12:29.868+0000] {processor.py:753} INFO - DAG(s) dict_keys(['primeira_dag']) retrieved from /opt/airflow/dags/exemplo_bitwise.py
[2024-07-23T03:12:29.875+0000] {logging_mixin.py:137} INFO - [2024-07-23T03:12:29.875+0000] {dag.py:2690} INFO - Sync 1 DAGs
[2024-07-23T03:12:29.891+0000] {logging_mixin.py:137} INFO - [2024-07-23T03:12:29.891+0000] {dag.py:3441} INFO - Setting next_dagrun for primeira_dag to None, run_after=None
[2024-07-23T03:12:29.901+0000] {processor.py:175} INFO - Processing /opt/airflow/dags/exemplo_bitwise.py took 0.055 seconds
[2024-07-23T03:12:34.977+0000] {processor.py:153} INFO - Started process (PID=8899) to work on /opt/airflow/dags/exemplo_bitwise.py
[2024-07-23T03:12:34.978+0000] {processor.py:743} INFO - Processing file /opt/airflow/dags/exemplo_bitwise.py for tasks to queue
[2024-07-23T03:12:34.979+0000] {logging_mixin.py:137} INFO - [2024-07-23T03:12:34.979+0000] {dagbag.py:538} INFO - Filling up the DagBag from /opt/airflow/dags/exemplo_bitwise.py
[2024-07-23T03:12:34.991+0000] {logging_mixin.py:137} INFO - [2024-07-23T03:12:34.989+0000] {dagbag.py:343} ERROR - Failed to import: /opt/airflow/dags/exemplo_bitwise.py
Traceback (most recent call last):
  File "/home/airflow/.local/lib/python3.7/site-packages/airflow/models/dagbag.py", line 339, in parse
    loader.exec_module(new_module)
  File "<frozen importlib._bootstrap_external>", line 728, in exec_module
  File "<frozen importlib._bootstrap>", line 219, in _call_with_frames_removed
  File "/opt/airflow/dags/exemplo_bitwise.py", line 10, in <module>
    catchup=False,
  File "/home/airflow/.local/lib/python3.7/site-packages/airflow/models/dag.py", line 443, in __init__
    validate_key(dag_id)
  File "/home/airflow/.local/lib/python3.7/site-packages/airflow/utils/helpers.py", line 56, in validate_key
    f"The key {k!r} has to be made of alphanumeric characters, dashes, "
airflow.exceptions.AirflowException: The key 'Exemplo Bash' has to be made of alphanumeric characters, dashes, dots and underscores exclusively
[2024-07-23T03:12:34.991+0000] {processor.py:755} WARNING - No viable dags retrieved from /opt/airflow/dags/exemplo_bitwise.py
[2024-07-23T03:12:35.004+0000] {processor.py:175} INFO - Processing /opt/airflow/dags/exemplo_bitwise.py took 0.032 seconds
[2024-07-23T03:12:39.227+0000] {processor.py:153} INFO - Started process (PID=8906) to work on /opt/airflow/dags/exemplo_bitwise.py
[2024-07-23T03:12:39.228+0000] {processor.py:743} INFO - Processing file /opt/airflow/dags/exemplo_bitwise.py for tasks to queue
[2024-07-23T03:12:39.228+0000] {logging_mixin.py:137} INFO - [2024-07-23T03:12:39.228+0000] {dagbag.py:538} INFO - Filling up the DagBag from /opt/airflow/dags/exemplo_bitwise.py
[2024-07-23T03:12:39.235+0000] {logging_mixin.py:137} INFO - [2024-07-23T03:12:39.234+0000] {dagbag.py:343} ERROR - Failed to import: /opt/airflow/dags/exemplo_bitwise.py
Traceback (most recent call last):
  File "/home/airflow/.local/lib/python3.7/site-packages/airflow/models/dagbag.py", line 339, in parse
    loader.exec_module(new_module)
  File "<frozen importlib._bootstrap_external>", line 728, in exec_module
  File "<frozen importlib._bootstrap>", line 219, in _call_with_frames_removed
  File "/opt/airflow/dags/exemplo_bitwise.py", line 10, in <module>
    catchup=False,
  File "/home/airflow/.local/lib/python3.7/site-packages/airflow/models/dag.py", line 443, in __init__
    validate_key(dag_id)
  File "/home/airflow/.local/lib/python3.7/site-packages/airflow/utils/helpers.py", line 56, in validate_key
    f"The key {k!r} has to be made of alphanumeric characters, dashes, "
airflow.exceptions.AirflowException: The key 'Exemplo Bash Operator' has to be made of alphanumeric characters, dashes, dots and underscores exclusively
[2024-07-23T03:12:39.236+0000] {processor.py:755} WARNING - No viable dags retrieved from /opt/airflow/dags/exemplo_bitwise.py
[2024-07-23T03:12:39.247+0000] {processor.py:175} INFO - Processing /opt/airflow/dags/exemplo_bitwise.py took 0.022 seconds
[2024-07-23T03:12:44.384+0000] {processor.py:153} INFO - Started process (PID=8929) to work on /opt/airflow/dags/exemplo_bitwise.py
[2024-07-23T03:12:44.384+0000] {processor.py:743} INFO - Processing file /opt/airflow/dags/exemplo_bitwise.py for tasks to queue
[2024-07-23T03:12:44.385+0000] {logging_mixin.py:137} INFO - [2024-07-23T03:12:44.385+0000] {dagbag.py:538} INFO - Filling up the DagBag from /opt/airflow/dags/exemplo_bitwise.py
[2024-07-23T03:12:44.394+0000] {logging_mixin.py:137} INFO - [2024-07-23T03:12:44.392+0000] {dagbag.py:343} ERROR - Failed to import: /opt/airflow/dags/exemplo_bitwise.py
Traceback (most recent call last):
  File "/home/airflow/.local/lib/python3.7/site-packages/airflow/models/dagbag.py", line 339, in parse
    loader.exec_module(new_module)
  File "<frozen importlib._bootstrap_external>", line 728, in exec_module
  File "<frozen importlib._bootstrap>", line 219, in _call_with_frames_removed
  File "/opt/airflow/dags/exemplo_bitwise.py", line 10, in <module>
    catchup=False,
  File "/home/airflow/.local/lib/python3.7/site-packages/airflow/models/dag.py", line 443, in __init__
    validate_key(dag_id)
  File "/home/airflow/.local/lib/python3.7/site-packages/airflow/utils/helpers.py", line 56, in validate_key
    f"The key {k!r} has to be made of alphanumeric characters, dashes, "
airflow.exceptions.AirflowException: The key 'Exemplo Bash Operator' has to be made of alphanumeric characters, dashes, dots and underscores exclusively
[2024-07-23T03:12:44.394+0000] {processor.py:755} WARNING - No viable dags retrieved from /opt/airflow/dags/exemplo_bitwise.py
[2024-07-23T03:12:44.408+0000] {processor.py:175} INFO - Processing /opt/airflow/dags/exemplo_bitwise.py took 0.027 seconds
[2024-07-23T03:12:49.606+0000] {processor.py:153} INFO - Started process (PID=8936) to work on /opt/airflow/dags/exemplo_bitwise.py
[2024-07-23T03:12:49.607+0000] {processor.py:743} INFO - Processing file /opt/airflow/dags/exemplo_bitwise.py for tasks to queue
[2024-07-23T03:12:49.608+0000] {logging_mixin.py:137} INFO - [2024-07-23T03:12:49.608+0000] {dagbag.py:538} INFO - Filling up the DagBag from /opt/airflow/dags/exemplo_bitwise.py
[2024-07-23T03:12:49.618+0000] {logging_mixin.py:137} INFO - [2024-07-23T03:12:49.616+0000] {dagbag.py:343} ERROR - Failed to import: /opt/airflow/dags/exemplo_bitwise.py
Traceback (most recent call last):
  File "/home/airflow/.local/lib/python3.7/site-packages/airflow/models/dagbag.py", line 339, in parse
    loader.exec_module(new_module)
  File "<frozen importlib._bootstrap_external>", line 728, in exec_module
  File "<frozen importlib._bootstrap>", line 219, in _call_with_frames_removed
  File "/opt/airflow/dags/exemplo_bitwise.py", line 10, in <module>
    catchup=False,
  File "/home/airflow/.local/lib/python3.7/site-packages/airflow/models/dag.py", line 443, in __init__
    validate_key(dag_id)
  File "/home/airflow/.local/lib/python3.7/site-packages/airflow/utils/helpers.py", line 56, in validate_key
    f"The key {k!r} has to be made of alphanumeric characters, dashes, "
airflow.exceptions.AirflowException: The key 'Exemplo Bash Operator' has to be made of alphanumeric characters, dashes, dots and underscores exclusively
[2024-07-23T03:12:49.619+0000] {processor.py:755} WARNING - No viable dags retrieved from /opt/airflow/dags/exemplo_bitwise.py
[2024-07-23T03:12:49.635+0000] {processor.py:175} INFO - Processing /opt/airflow/dags/exemplo_bitwise.py took 0.033 seconds
