[2024-07-23T03:07:53.464+0000] {processor.py:153} INFO - Started process (PID=8134) to work on /opt/airflow/dags/exemplo_set_downstream.py
[2024-07-23T03:07:53.465+0000] {processor.py:743} INFO - Processing file /opt/airflow/dags/exemplo_set_downstream.py for tasks to queue
[2024-07-23T03:07:53.465+0000] {logging_mixin.py:137} INFO - [2024-07-23T03:07:53.465+0000] {dagbag.py:538} INFO - Filling up the DagBag from /opt/airflow/dags/exemplo_set_downstream.py
[2024-07-23T03:07:53.478+0000] {processor.py:753} INFO - DAG(s) dict_keys(['downstream_dag']) retrieved from /opt/airflow/dags/exemplo_set_downstream.py
[2024-07-23T03:07:53.513+0000] {logging_mixin.py:137} INFO - [2024-07-23T03:07:53.513+0000] {dag.py:2690} INFO - Sync 1 DAGs
[2024-07-23T03:07:53.526+0000] {logging_mixin.py:137} INFO - [2024-07-23T03:07:53.526+0000] {dag.py:3441} INFO - Setting next_dagrun for downstream_dag to None, run_after=None
[2024-07-23T03:07:53.540+0000] {processor.py:175} INFO - Processing /opt/airflow/dags/exemplo_set_downstream.py took 0.078 seconds
[2024-07-23T03:08:13.498+0000] {processor.py:153} INFO - Started process (PID=8190) to work on /opt/airflow/dags/exemplo_set_downstream.py
[2024-07-23T03:08:13.499+0000] {processor.py:743} INFO - Processing file /opt/airflow/dags/exemplo_set_downstream.py for tasks to queue
[2024-07-23T03:08:13.499+0000] {logging_mixin.py:137} INFO - [2024-07-23T03:08:13.499+0000] {dagbag.py:538} INFO - Filling up the DagBag from /opt/airflow/dags/exemplo_set_downstream.py
[2024-07-23T03:08:13.507+0000] {processor.py:753} INFO - DAG(s) dict_keys(['downstream_dag']) retrieved from /opt/airflow/dags/exemplo_set_downstream.py
[2024-07-23T03:08:13.514+0000] {logging_mixin.py:137} INFO - [2024-07-23T03:08:13.514+0000] {dag.py:2690} INFO - Sync 1 DAGs
[2024-07-23T03:08:13.526+0000] {logging_mixin.py:137} INFO - [2024-07-23T03:08:13.526+0000] {dag.py:3441} INFO - Setting next_dagrun for downstream_dag to None, run_after=None
[2024-07-23T03:08:13.534+0000] {processor.py:175} INFO - Processing /opt/airflow/dags/exemplo_set_downstream.py took 0.038 seconds
[2024-07-23T03:08:18.756+0000] {processor.py:153} INFO - Started process (PID=8198) to work on /opt/airflow/dags/exemplo_set_downstream.py
[2024-07-23T03:08:18.757+0000] {processor.py:743} INFO - Processing file /opt/airflow/dags/exemplo_set_downstream.py for tasks to queue
[2024-07-23T03:08:18.758+0000] {logging_mixin.py:137} INFO - [2024-07-23T03:08:18.758+0000] {dagbag.py:538} INFO - Filling up the DagBag from /opt/airflow/dags/exemplo_set_downstream.py
[2024-07-23T03:08:18.767+0000] {processor.py:753} INFO - DAG(s) dict_keys(['downstream_dag']) retrieved from /opt/airflow/dags/exemplo_set_downstream.py
[2024-07-23T03:08:18.778+0000] {logging_mixin.py:137} INFO - [2024-07-23T03:08:18.778+0000] {dag.py:2690} INFO - Sync 1 DAGs
[2024-07-23T03:08:18.793+0000] {logging_mixin.py:137} INFO - [2024-07-23T03:08:18.793+0000] {dag.py:3441} INFO - Setting next_dagrun for downstream_dag to None, run_after=None
[2024-07-23T03:08:18.801+0000] {processor.py:175} INFO - Processing /opt/airflow/dags/exemplo_set_downstream.py took 0.047 seconds
[2024-07-23T03:08:24.039+0000] {processor.py:153} INFO - Started process (PID=8221) to work on /opt/airflow/dags/exemplo_set_downstream.py
[2024-07-23T03:08:24.040+0000] {processor.py:743} INFO - Processing file /opt/airflow/dags/exemplo_set_downstream.py for tasks to queue
[2024-07-23T03:08:24.043+0000] {logging_mixin.py:137} INFO - [2024-07-23T03:08:24.043+0000] {dagbag.py:538} INFO - Filling up the DagBag from /opt/airflow/dags/exemplo_set_downstream.py
[2024-07-23T03:08:24.053+0000] {processor.py:753} INFO - DAG(s) dict_keys(['downstream_dag']) retrieved from /opt/airflow/dags/exemplo_set_downstream.py
[2024-07-23T03:08:24.070+0000] {logging_mixin.py:137} INFO - [2024-07-23T03:08:24.070+0000] {dag.py:2690} INFO - Sync 1 DAGs
[2024-07-23T03:08:24.083+0000] {logging_mixin.py:137} INFO - [2024-07-23T03:08:24.083+0000] {dag.py:3441} INFO - Setting next_dagrun for downstream_dag to None, run_after=None
[2024-07-23T03:08:24.091+0000] {processor.py:175} INFO - Processing /opt/airflow/dags/exemplo_set_downstream.py took 0.054 seconds
[2024-07-23T03:08:29.342+0000] {processor.py:153} INFO - Started process (PID=8228) to work on /opt/airflow/dags/exemplo_set_downstream.py
[2024-07-23T03:08:29.344+0000] {processor.py:743} INFO - Processing file /opt/airflow/dags/exemplo_set_downstream.py for tasks to queue
[2024-07-23T03:08:29.347+0000] {logging_mixin.py:137} INFO - [2024-07-23T03:08:29.347+0000] {dagbag.py:538} INFO - Filling up the DagBag from /opt/airflow/dags/exemplo_set_downstream.py
[2024-07-23T03:08:29.356+0000] {processor.py:753} INFO - DAG(s) dict_keys(['downstream_dag']) retrieved from /opt/airflow/dags/exemplo_set_downstream.py
[2024-07-23T03:08:29.372+0000] {logging_mixin.py:137} INFO - [2024-07-23T03:08:29.372+0000] {dag.py:2690} INFO - Sync 1 DAGs
[2024-07-23T03:08:29.386+0000] {logging_mixin.py:137} INFO - [2024-07-23T03:08:29.386+0000] {dag.py:3441} INFO - Setting next_dagrun for downstream_dag to None, run_after=None
[2024-07-23T03:08:29.395+0000] {processor.py:175} INFO - Processing /opt/airflow/dags/exemplo_set_downstream.py took 0.055 seconds
