[2024-07-23T03:09:13.860+0000] {processor.py:153} INFO - Started process (PID=8351) to work on /opt/airflow/dags/exemplo_bitwise_e_set_stream.py
[2024-07-23T03:09:13.862+0000] {processor.py:743} INFO - Processing file /opt/airflow/dags/exemplo_bitwise_e_set_stream.py for tasks to queue
[2024-07-23T03:09:13.862+0000] {logging_mixin.py:137} INFO - [2024-07-23T03:09:13.862+0000] {dagbag.py:538} INFO - Filling up the DagBag from /opt/airflow/dags/exemplo_bitwise_e_set_stream.py
[2024-07-23T03:09:13.875+0000] {processor.py:753} INFO - DAG(s) dict_keys(['downstream_dag']) retrieved from /opt/airflow/dags/exemplo_bitwise_e_set_stream.py
[2024-07-23T03:09:13.910+0000] {logging_mixin.py:137} INFO - [2024-07-23T03:09:13.910+0000] {dag.py:2690} INFO - Sync 1 DAGs
[2024-07-23T03:09:13.922+0000] {logging_mixin.py:137} INFO - [2024-07-23T03:09:13.922+0000] {dag.py:3441} INFO - Setting next_dagrun for downstream_dag to None, run_after=None
[2024-07-23T03:09:13.933+0000] {processor.py:175} INFO - Processing /opt/airflow/dags/exemplo_bitwise_e_set_stream.py took 0.076 seconds
[2024-07-23T03:09:19.109+0000] {processor.py:153} INFO - Started process (PID=8365) to work on /opt/airflow/dags/exemplo_bitwise_e_set_stream.py
[2024-07-23T03:09:19.114+0000] {processor.py:743} INFO - Processing file /opt/airflow/dags/exemplo_bitwise_e_set_stream.py for tasks to queue
[2024-07-23T03:09:19.117+0000] {logging_mixin.py:137} INFO - [2024-07-23T03:09:19.117+0000] {dagbag.py:538} INFO - Filling up the DagBag from /opt/airflow/dags/exemplo_bitwise_e_set_stream.py
[2024-07-23T03:09:19.127+0000] {processor.py:753} INFO - DAG(s) dict_keys(['downstream_dag']) retrieved from /opt/airflow/dags/exemplo_bitwise_e_set_stream.py
[2024-07-23T03:09:19.135+0000] {logging_mixin.py:137} INFO - [2024-07-23T03:09:19.134+0000] {dag.py:2690} INFO - Sync 1 DAGs
[2024-07-23T03:09:19.148+0000] {logging_mixin.py:137} INFO - [2024-07-23T03:09:19.148+0000] {dag.py:3441} INFO - Setting next_dagrun for downstream_dag to None, run_after=None
[2024-07-23T03:09:19.157+0000] {processor.py:175} INFO - Processing /opt/airflow/dags/exemplo_bitwise_e_set_stream.py took 0.050 seconds
[2024-07-23T03:09:24.355+0000] {processor.py:153} INFO - Started process (PID=8381) to work on /opt/airflow/dags/exemplo_bitwise_e_set_stream.py
[2024-07-23T03:09:24.356+0000] {processor.py:743} INFO - Processing file /opt/airflow/dags/exemplo_bitwise_e_set_stream.py for tasks to queue
[2024-07-23T03:09:24.357+0000] {logging_mixin.py:137} INFO - [2024-07-23T03:09:24.357+0000] {dagbag.py:538} INFO - Filling up the DagBag from /opt/airflow/dags/exemplo_bitwise_e_set_stream.py
[2024-07-23T03:09:24.373+0000] {processor.py:753} INFO - DAG(s) dict_keys(['downstream_dag']) retrieved from /opt/airflow/dags/exemplo_bitwise_e_set_stream.py
[2024-07-23T03:09:24.385+0000] {logging_mixin.py:137} INFO - [2024-07-23T03:09:24.385+0000] {dag.py:2690} INFO - Sync 1 DAGs
[2024-07-23T03:09:24.400+0000] {logging_mixin.py:137} INFO - [2024-07-23T03:09:24.400+0000] {dag.py:3441} INFO - Setting next_dagrun for downstream_dag to None, run_after=None
[2024-07-23T03:09:24.410+0000] {processor.py:175} INFO - Processing /opt/airflow/dags/exemplo_bitwise_e_set_stream.py took 0.058 seconds
[2024-07-23T03:09:29.660+0000] {processor.py:153} INFO - Started process (PID=8388) to work on /opt/airflow/dags/exemplo_bitwise_e_set_stream.py
[2024-07-23T03:09:29.662+0000] {processor.py:743} INFO - Processing file /opt/airflow/dags/exemplo_bitwise_e_set_stream.py for tasks to queue
[2024-07-23T03:09:29.662+0000] {logging_mixin.py:137} INFO - [2024-07-23T03:09:29.662+0000] {dagbag.py:538} INFO - Filling up the DagBag from /opt/airflow/dags/exemplo_bitwise_e_set_stream.py
[2024-07-23T03:09:29.679+0000] {processor.py:753} INFO - DAG(s) dict_keys(['downstream_dag']) retrieved from /opt/airflow/dags/exemplo_bitwise_e_set_stream.py
[2024-07-23T03:09:29.690+0000] {logging_mixin.py:137} INFO - [2024-07-23T03:09:29.690+0000] {dag.py:2690} INFO - Sync 1 DAGs
[2024-07-23T03:09:29.704+0000] {logging_mixin.py:137} INFO - [2024-07-23T03:09:29.704+0000] {dag.py:3441} INFO - Setting next_dagrun for downstream_dag to None, run_after=None
[2024-07-23T03:09:29.713+0000] {processor.py:175} INFO - Processing /opt/airflow/dags/exemplo_bitwise_e_set_stream.py took 0.057 seconds
[2024-07-23T03:09:34.886+0000] {processor.py:153} INFO - Started process (PID=8411) to work on /opt/airflow/dags/exemplo_bitwise_e_set_stream.py
[2024-07-23T03:09:34.886+0000] {processor.py:743} INFO - Processing file /opt/airflow/dags/exemplo_bitwise_e_set_stream.py for tasks to queue
[2024-07-23T03:09:34.887+0000] {logging_mixin.py:137} INFO - [2024-07-23T03:09:34.887+0000] {dagbag.py:538} INFO - Filling up the DagBag from /opt/airflow/dags/exemplo_bitwise_e_set_stream.py
[2024-07-23T03:09:34.897+0000] {processor.py:753} INFO - DAG(s) dict_keys(['downstream_dag']) retrieved from /opt/airflow/dags/exemplo_bitwise_e_set_stream.py
[2024-07-23T03:09:34.905+0000] {logging_mixin.py:137} INFO - [2024-07-23T03:09:34.904+0000] {dag.py:2690} INFO - Sync 1 DAGs
[2024-07-23T03:09:34.917+0000] {logging_mixin.py:137} INFO - [2024-07-23T03:09:34.917+0000] {dag.py:3441} INFO - Setting next_dagrun for downstream_dag to None, run_after=None
[2024-07-23T03:09:34.926+0000] {processor.py:175} INFO - Processing /opt/airflow/dags/exemplo_bitwise_e_set_stream.py took 0.042 seconds
[2024-07-23T03:09:40.139+0000] {processor.py:153} INFO - Started process (PID=8416) to work on /opt/airflow/dags/exemplo_bitwise_e_set_stream.py
[2024-07-23T03:09:40.140+0000] {processor.py:743} INFO - Processing file /opt/airflow/dags/exemplo_bitwise_e_set_stream.py for tasks to queue
[2024-07-23T03:09:40.141+0000] {logging_mixin.py:137} INFO - [2024-07-23T03:09:40.141+0000] {dagbag.py:538} INFO - Filling up the DagBag from /opt/airflow/dags/exemplo_bitwise_e_set_stream.py
[2024-07-23T03:09:40.160+0000] {processor.py:753} INFO - DAG(s) dict_keys(['downstream_dag']) retrieved from /opt/airflow/dags/exemplo_bitwise_e_set_stream.py
[2024-07-23T03:09:40.171+0000] {logging_mixin.py:137} INFO - [2024-07-23T03:09:40.171+0000] {dag.py:2690} INFO - Sync 1 DAGs
[2024-07-23T03:09:40.188+0000] {logging_mixin.py:137} INFO - [2024-07-23T03:09:40.188+0000] {dag.py:3441} INFO - Setting next_dagrun for downstream_dag to None, run_after=None
[2024-07-23T03:09:40.204+0000] {processor.py:175} INFO - Processing /opt/airflow/dags/exemplo_bitwise_e_set_stream.py took 0.070 seconds
