[2024-07-23T03:01:44.328+0000] {processor.py:153} INFO - Started process (PID=7151) to work on /opt/airflow/dags/quinta_dag.py
[2024-07-23T03:01:44.329+0000] {processor.py:743} INFO - Processing file /opt/airflow/dags/quinta_dag.py for tasks to queue
[2024-07-23T03:01:44.330+0000] {logging_mixin.py:137} INFO - [2024-07-23T03:01:44.330+0000] {dagbag.py:538} INFO - Filling up the DagBag from /opt/airflow/dags/quinta_dag.py
[2024-07-23T03:01:44.349+0000] {processor.py:753} INFO - DAG(s) dict_keys(['quinta_dag']) retrieved from /opt/airflow/dags/quinta_dag.py
[2024-07-23T03:01:44.414+0000] {logging_mixin.py:137} INFO - [2024-07-23T03:01:44.414+0000] {manager.py:504} INFO - Created Permission View: can read on DAG:quinta_dag
[2024-07-23T03:01:44.420+0000] {logging_mixin.py:137} INFO - [2024-07-23T03:01:44.420+0000] {manager.py:504} INFO - Created Permission View: can edit on DAG:quinta_dag
[2024-07-23T03:01:44.425+0000] {logging_mixin.py:137} INFO - [2024-07-23T03:01:44.425+0000] {manager.py:504} INFO - Created Permission View: can delete on DAG:quinta_dag
[2024-07-23T03:01:44.425+0000] {logging_mixin.py:137} INFO - [2024-07-23T03:01:44.425+0000] {dag.py:2690} INFO - Sync 1 DAGs
[2024-07-23T03:01:44.433+0000] {logging_mixin.py:137} INFO - [2024-07-23T03:01:44.432+0000] {dag.py:2711} INFO - Creating ORM DAG for quinta_dag
[2024-07-23T03:01:44.440+0000] {logging_mixin.py:137} INFO - [2024-07-23T03:01:44.440+0000] {dag.py:3441} INFO - Setting next_dagrun for quinta_dag to None, run_after=None
[2024-07-23T03:01:44.450+0000] {processor.py:175} INFO - Processing /opt/airflow/dags/quinta_dag.py took 0.126 seconds
[2024-07-23T03:01:49.553+0000] {processor.py:153} INFO - Started process (PID=7173) to work on /opt/airflow/dags/quinta_dag.py
[2024-07-23T03:01:49.554+0000] {processor.py:743} INFO - Processing file /opt/airflow/dags/quinta_dag.py for tasks to queue
[2024-07-23T03:01:49.555+0000] {logging_mixin.py:137} INFO - [2024-07-23T03:01:49.555+0000] {dagbag.py:538} INFO - Filling up the DagBag from /opt/airflow/dags/quinta_dag.py
[2024-07-23T03:01:49.574+0000] {processor.py:753} INFO - DAG(s) dict_keys(['quinta_dag']) retrieved from /opt/airflow/dags/quinta_dag.py
[2024-07-23T03:01:49.591+0000] {logging_mixin.py:137} INFO - [2024-07-23T03:01:49.591+0000] {dag.py:2690} INFO - Sync 1 DAGs
[2024-07-23T03:01:49.607+0000] {logging_mixin.py:137} INFO - [2024-07-23T03:01:49.607+0000] {dag.py:3441} INFO - Setting next_dagrun for quinta_dag to None, run_after=None
[2024-07-23T03:01:49.618+0000] {processor.py:175} INFO - Processing /opt/airflow/dags/quinta_dag.py took 0.069 seconds
[2024-07-23T03:01:51.598+0000] {processor.py:153} INFO - Started process (PID=7174) to work on /opt/airflow/dags/quinta_dag.py
[2024-07-23T03:01:51.599+0000] {processor.py:743} INFO - Processing file /opt/airflow/dags/quinta_dag.py for tasks to queue
[2024-07-23T03:01:51.600+0000] {logging_mixin.py:137} INFO - [2024-07-23T03:01:51.600+0000] {dagbag.py:538} INFO - Filling up the DagBag from /opt/airflow/dags/quinta_dag.py
[2024-07-23T03:01:51.624+0000] {processor.py:753} INFO - DAG(s) dict_keys(['quinta_dag']) retrieved from /opt/airflow/dags/quinta_dag.py
[2024-07-23T03:01:51.640+0000] {logging_mixin.py:137} INFO - [2024-07-23T03:01:51.640+0000] {dag.py:2690} INFO - Sync 1 DAGs
[2024-07-23T03:01:51.658+0000] {logging_mixin.py:137} INFO - [2024-07-23T03:01:51.658+0000] {dag.py:3441} INFO - Setting next_dagrun for quinta_dag to None, run_after=None
[2024-07-23T03:01:51.673+0000] {processor.py:175} INFO - Processing /opt/airflow/dags/quinta_dag.py took 0.079 seconds
[2024-07-23T03:01:52.790+0000] {processor.py:153} INFO - Started process (PID=7178) to work on /opt/airflow/dags/quinta_dag.py
[2024-07-23T03:01:52.792+0000] {processor.py:743} INFO - Processing file /opt/airflow/dags/quinta_dag.py for tasks to queue
[2024-07-23T03:01:52.793+0000] {logging_mixin.py:137} INFO - [2024-07-23T03:01:52.793+0000] {dagbag.py:538} INFO - Filling up the DagBag from /opt/airflow/dags/quinta_dag.py
[2024-07-23T03:01:52.813+0000] {processor.py:753} INFO - DAG(s) dict_keys(['quinta_dag']) retrieved from /opt/airflow/dags/quinta_dag.py
[2024-07-23T03:01:52.828+0000] {logging_mixin.py:137} INFO - [2024-07-23T03:01:52.827+0000] {dag.py:2690} INFO - Sync 1 DAGs
[2024-07-23T03:01:52.845+0000] {logging_mixin.py:137} INFO - [2024-07-23T03:01:52.845+0000] {dag.py:3441} INFO - Setting next_dagrun for quinta_dag to None, run_after=None
[2024-07-23T03:01:52.862+0000] {processor.py:175} INFO - Processing /opt/airflow/dags/quinta_dag.py took 0.076 seconds
[2024-07-23T03:01:58.024+0000] {processor.py:153} INFO - Started process (PID=7184) to work on /opt/airflow/dags/quinta_dag.py
[2024-07-23T03:01:58.024+0000] {processor.py:743} INFO - Processing file /opt/airflow/dags/quinta_dag.py for tasks to queue
[2024-07-23T03:01:58.025+0000] {logging_mixin.py:137} INFO - [2024-07-23T03:01:58.025+0000] {dagbag.py:538} INFO - Filling up the DagBag from /opt/airflow/dags/quinta_dag.py
[2024-07-23T03:01:58.036+0000] {processor.py:753} INFO - DAG(s) dict_keys(['quinta_dag']) retrieved from /opt/airflow/dags/quinta_dag.py
[2024-07-23T03:01:58.046+0000] {logging_mixin.py:137} INFO - [2024-07-23T03:01:58.046+0000] {dag.py:2690} INFO - Sync 1 DAGs
[2024-07-23T03:01:58.065+0000] {logging_mixin.py:137} INFO - [2024-07-23T03:01:58.065+0000] {dag.py:3441} INFO - Setting next_dagrun for quinta_dag to None, run_after=None
[2024-07-23T03:01:58.078+0000] {processor.py:175} INFO - Processing /opt/airflow/dags/quinta_dag.py took 0.056 seconds
[2024-07-23T03:02:03.234+0000] {processor.py:153} INFO - Started process (PID=7206) to work on /opt/airflow/dags/quinta_dag.py
[2024-07-23T03:02:03.234+0000] {processor.py:743} INFO - Processing file /opt/airflow/dags/quinta_dag.py for tasks to queue
[2024-07-23T03:02:03.235+0000] {logging_mixin.py:137} INFO - [2024-07-23T03:02:03.235+0000] {dagbag.py:538} INFO - Filling up the DagBag from /opt/airflow/dags/quinta_dag.py
[2024-07-23T03:02:03.246+0000] {processor.py:753} INFO - DAG(s) dict_keys(['quinta_dag']) retrieved from /opt/airflow/dags/quinta_dag.py
[2024-07-23T03:02:03.257+0000] {logging_mixin.py:137} INFO - [2024-07-23T03:02:03.257+0000] {dag.py:2690} INFO - Sync 1 DAGs
[2024-07-23T03:02:03.271+0000] {logging_mixin.py:137} INFO - [2024-07-23T03:02:03.271+0000] {dag.py:3441} INFO - Setting next_dagrun for quinta_dag to None, run_after=None
[2024-07-23T03:02:03.283+0000] {processor.py:175} INFO - Processing /opt/airflow/dags/quinta_dag.py took 0.052 seconds
[2024-07-23T03:02:07.395+0000] {processor.py:153} INFO - Started process (PID=7209) to work on /opt/airflow/dags/quinta_dag.py
[2024-07-23T03:02:07.397+0000] {processor.py:743} INFO - Processing file /opt/airflow/dags/quinta_dag.py for tasks to queue
[2024-07-23T03:02:07.399+0000] {logging_mixin.py:137} INFO - [2024-07-23T03:02:07.398+0000] {dagbag.py:538} INFO - Filling up the DagBag from /opt/airflow/dags/quinta_dag.py
[2024-07-23T03:02:07.419+0000] {processor.py:753} INFO - DAG(s) dict_keys(['quinta_dag']) retrieved from /opt/airflow/dags/quinta_dag.py
[2024-07-23T03:02:07.430+0000] {logging_mixin.py:137} INFO - [2024-07-23T03:02:07.430+0000] {dag.py:2690} INFO - Sync 1 DAGs
[2024-07-23T03:02:07.448+0000] {logging_mixin.py:137} INFO - [2024-07-23T03:02:07.448+0000] {dag.py:3441} INFO - Setting next_dagrun for quinta_dag to None, run_after=None
[2024-07-23T03:02:07.462+0000] {processor.py:175} INFO - Processing /opt/airflow/dags/quinta_dag.py took 0.071 seconds
[2024-07-23T03:02:12.642+0000] {processor.py:153} INFO - Started process (PID=7231) to work on /opt/airflow/dags/quinta_dag.py
[2024-07-23T03:02:12.643+0000] {processor.py:743} INFO - Processing file /opt/airflow/dags/quinta_dag.py for tasks to queue
[2024-07-23T03:02:12.644+0000] {logging_mixin.py:137} INFO - [2024-07-23T03:02:12.644+0000] {dagbag.py:538} INFO - Filling up the DagBag from /opt/airflow/dags/quinta_dag.py
[2024-07-23T03:02:12.661+0000] {processor.py:753} INFO - DAG(s) dict_keys(['quinta_dag']) retrieved from /opt/airflow/dags/quinta_dag.py
[2024-07-23T03:02:12.670+0000] {logging_mixin.py:137} INFO - [2024-07-23T03:02:12.670+0000] {dag.py:2690} INFO - Sync 1 DAGs
[2024-07-23T03:02:12.685+0000] {logging_mixin.py:137} INFO - [2024-07-23T03:02:12.685+0000] {dag.py:3441} INFO - Setting next_dagrun for quinta_dag to None, run_after=None
[2024-07-23T03:02:12.694+0000] {processor.py:175} INFO - Processing /opt/airflow/dags/quinta_dag.py took 0.057 seconds
[2024-07-23T03:02:17.920+0000] {processor.py:153} INFO - Started process (PID=7237) to work on /opt/airflow/dags/quinta_dag.py
[2024-07-23T03:02:17.921+0000] {processor.py:743} INFO - Processing file /opt/airflow/dags/quinta_dag.py for tasks to queue
[2024-07-23T03:02:17.922+0000] {logging_mixin.py:137} INFO - [2024-07-23T03:02:17.922+0000] {dagbag.py:538} INFO - Filling up the DagBag from /opt/airflow/dags/quinta_dag.py
[2024-07-23T03:02:17.939+0000] {processor.py:753} INFO - DAG(s) dict_keys(['quinta_dag']) retrieved from /opt/airflow/dags/quinta_dag.py
[2024-07-23T03:02:17.980+0000] {logging_mixin.py:137} INFO - [2024-07-23T03:02:17.980+0000] {dag.py:2690} INFO - Sync 1 DAGs
[2024-07-23T03:02:17.993+0000] {logging_mixin.py:137} INFO - [2024-07-23T03:02:17.993+0000] {dag.py:3441} INFO - Setting next_dagrun for quinta_dag to None, run_after=None
[2024-07-23T03:02:18.006+0000] {processor.py:175} INFO - Processing /opt/airflow/dags/quinta_dag.py took 0.090 seconds
[2024-07-23T03:02:19.085+0000] {processor.py:153} INFO - Started process (PID=7241) to work on /opt/airflow/dags/quinta_dag.py
[2024-07-23T03:02:19.086+0000] {processor.py:743} INFO - Processing file /opt/airflow/dags/quinta_dag.py for tasks to queue
[2024-07-23T03:02:19.087+0000] {logging_mixin.py:137} INFO - [2024-07-23T03:02:19.087+0000] {dagbag.py:538} INFO - Filling up the DagBag from /opt/airflow/dags/quinta_dag.py
[2024-07-23T03:02:19.091+0000] {logging_mixin.py:137} INFO - [2024-07-23T03:02:19.090+0000] {dagbag.py:343} ERROR - Failed to import: /opt/airflow/dags/quinta_dag.py
Traceback (most recent call last):
  File "/home/airflow/.local/lib/python3.7/site-packages/airflow/models/dagbag.py", line 339, in parse
    loader.exec_module(new_module)
  File "<frozen importlib._bootstrap_external>", line 724, in exec_module
  File "<frozen importlib._bootstrap_external>", line 860, in get_code
  File "<frozen importlib._bootstrap_external>", line 791, in source_to_code
  File "<frozen importlib._bootstrap>", line 219, in _call_with_frames_removed
  File "/opt/airflow/dags/quinta_dag.py", line 15
    task3 = BashOperator(task_id="tsk3", bash_command="sleep 5", dag=dag, trigger)
                                                                         ^
SyntaxError: positional argument follows keyword argument
[2024-07-23T03:02:19.091+0000] {processor.py:755} WARNING - No viable dags retrieved from /opt/airflow/dags/quinta_dag.py
[2024-07-23T03:02:19.106+0000] {processor.py:175} INFO - Processing /opt/airflow/dags/quinta_dag.py took 0.026 seconds
[2024-07-23T03:02:23.188+0000] {processor.py:153} INFO - Started process (PID=7260) to work on /opt/airflow/dags/quinta_dag.py
[2024-07-23T03:02:23.189+0000] {processor.py:743} INFO - Processing file /opt/airflow/dags/quinta_dag.py for tasks to queue
[2024-07-23T03:02:23.190+0000] {logging_mixin.py:137} INFO - [2024-07-23T03:02:23.190+0000] {dagbag.py:538} INFO - Filling up the DagBag from /opt/airflow/dags/quinta_dag.py
[2024-07-23T03:02:23.206+0000] {logging_mixin.py:137} INFO - [2024-07-23T03:02:23.202+0000] {dagbag.py:343} ERROR - Failed to import: /opt/airflow/dags/quinta_dag.py
Traceback (most recent call last):
  File "/home/airflow/.local/lib/python3.7/site-packages/airflow/models/dagbag.py", line 339, in parse
    loader.exec_module(new_module)
  File "<frozen importlib._bootstrap_external>", line 728, in exec_module
  File "<frozen importlib._bootstrap>", line 219, in _call_with_frames_removed
  File "/opt/airflow/dags/quinta_dag.py", line 15, in <module>
    task3 = BashOperator(task_id="tsk3", bash_command="sleep 5", dag=dag, trigger_rule = 'all_')
  File "/home/airflow/.local/lib/python3.7/site-packages/airflow/models/baseoperator.py", line 394, in apply_defaults
    result = func(self, **kwargs, default_args=default_args)
  File "/home/airflow/.local/lib/python3.7/site-packages/airflow/operators/bash.py", line 147, in __init__
    super().__init__(**kwargs)
  File "/home/airflow/.local/lib/python3.7/site-packages/airflow/models/baseoperator.py", line 394, in apply_defaults
    result = func(self, **kwargs, default_args=default_args)
  File "/home/airflow/.local/lib/python3.7/site-packages/airflow/models/baseoperator.py", line 818, in __init__
    f"The trigger_rule must be one of {TriggerRule.all_triggers()},"
airflow.exceptions.AirflowException: The trigger_rule must be one of {<TriggerRule.DUMMY: 'dummy'>, <TriggerRule.NONE_FAILED_OR_SKIPPED: 'none_failed_or_skipped'>, <TriggerRule.NONE_FAILED_MIN_ONE_SUCCESS: 'none_failed_min_one_success'>, <TriggerRule.ALL_FAILED: 'all_failed'>, <TriggerRule.ONE_FAILED: 'one_failed'>, <TriggerRule.ALL_SKIPPED: 'all_skipped'>, <TriggerRule.NONE_FAILED: 'none_failed'>, <TriggerRule.ALL_DONE: 'all_done'>, <TriggerRule.ONE_DONE: 'one_done'>, <TriggerRule.NONE_SKIPPED: 'none_skipped'>, <TriggerRule.ONE_SUCCESS: 'one_success'>, <TriggerRule.ALWAYS: 'always'>, <TriggerRule.ALL_SUCCESS: 'all_success'>},'quinta_dag.tsk3'; received 'all_'.
[2024-07-23T03:02:23.218+0000] {processor.py:755} WARNING - No viable dags retrieved from /opt/airflow/dags/quinta_dag.py
[2024-07-23T03:02:23.236+0000] {processor.py:175} INFO - Processing /opt/airflow/dags/quinta_dag.py took 0.050 seconds
[2024-07-23T03:02:27.395+0000] {processor.py:153} INFO - Started process (PID=7266) to work on /opt/airflow/dags/quinta_dag.py
[2024-07-23T03:02:27.396+0000] {processor.py:743} INFO - Processing file /opt/airflow/dags/quinta_dag.py for tasks to queue
[2024-07-23T03:02:27.397+0000] {logging_mixin.py:137} INFO - [2024-07-23T03:02:27.397+0000] {dagbag.py:538} INFO - Filling up the DagBag from /opt/airflow/dags/quinta_dag.py
[2024-07-23T03:02:27.410+0000] {processor.py:753} INFO - DAG(s) dict_keys(['quinta_dag']) retrieved from /opt/airflow/dags/quinta_dag.py
[2024-07-23T03:02:27.420+0000] {logging_mixin.py:137} INFO - [2024-07-23T03:02:27.420+0000] {dag.py:2690} INFO - Sync 1 DAGs
[2024-07-23T03:02:27.435+0000] {logging_mixin.py:137} INFO - [2024-07-23T03:02:27.435+0000] {dag.py:3441} INFO - Setting next_dagrun for quinta_dag to None, run_after=None
[2024-07-23T03:02:27.446+0000] {processor.py:175} INFO - Processing /opt/airflow/dags/quinta_dag.py took 0.054 seconds
[2024-07-23T03:02:32.697+0000] {processor.py:153} INFO - Started process (PID=7272) to work on /opt/airflow/dags/quinta_dag.py
[2024-07-23T03:02:32.697+0000] {processor.py:743} INFO - Processing file /opt/airflow/dags/quinta_dag.py for tasks to queue
[2024-07-23T03:02:32.698+0000] {logging_mixin.py:137} INFO - [2024-07-23T03:02:32.698+0000] {dagbag.py:538} INFO - Filling up the DagBag from /opt/airflow/dags/quinta_dag.py
[2024-07-23T03:02:32.713+0000] {processor.py:753} INFO - DAG(s) dict_keys(['quinta_dag']) retrieved from /opt/airflow/dags/quinta_dag.py
[2024-07-23T03:02:32.725+0000] {logging_mixin.py:137} INFO - [2024-07-23T03:02:32.725+0000] {dag.py:2690} INFO - Sync 1 DAGs
[2024-07-23T03:02:32.744+0000] {logging_mixin.py:137} INFO - [2024-07-23T03:02:32.744+0000] {dag.py:3441} INFO - Setting next_dagrun for quinta_dag to None, run_after=None
[2024-07-23T03:02:32.756+0000] {processor.py:175} INFO - Processing /opt/airflow/dags/quinta_dag.py took 0.063 seconds
[2024-07-23T03:02:33.719+0000] {processor.py:153} INFO - Started process (PID=7289) to work on /opt/airflow/dags/quinta_dag.py
[2024-07-23T03:02:33.720+0000] {processor.py:743} INFO - Processing file /opt/airflow/dags/quinta_dag.py for tasks to queue
[2024-07-23T03:02:33.720+0000] {logging_mixin.py:137} INFO - [2024-07-23T03:02:33.720+0000] {dagbag.py:538} INFO - Filling up the DagBag from /opt/airflow/dags/quinta_dag.py
[2024-07-23T03:02:33.740+0000] {processor.py:753} INFO - DAG(s) dict_keys(['quinta_dag']) retrieved from /opt/airflow/dags/quinta_dag.py
[2024-07-23T03:02:33.751+0000] {logging_mixin.py:137} INFO - [2024-07-23T03:02:33.751+0000] {dag.py:2690} INFO - Sync 1 DAGs
[2024-07-23T03:02:33.766+0000] {logging_mixin.py:137} INFO - [2024-07-23T03:02:33.766+0000] {dag.py:3441} INFO - Setting next_dagrun for quinta_dag to None, run_after=None
[2024-07-23T03:02:33.785+0000] {processor.py:175} INFO - Processing /opt/airflow/dags/quinta_dag.py took 0.068 seconds
[2024-07-23T03:02:34.884+0000] {processor.py:153} INFO - Started process (PID=7293) to work on /opt/airflow/dags/quinta_dag.py
[2024-07-23T03:02:34.887+0000] {processor.py:743} INFO - Processing file /opt/airflow/dags/quinta_dag.py for tasks to queue
[2024-07-23T03:02:34.888+0000] {logging_mixin.py:137} INFO - [2024-07-23T03:02:34.888+0000] {dagbag.py:538} INFO - Filling up the DagBag from /opt/airflow/dags/quinta_dag.py
[2024-07-23T03:02:34.912+0000] {processor.py:753} INFO - DAG(s) dict_keys(['quinta_dag']) retrieved from /opt/airflow/dags/quinta_dag.py
[2024-07-23T03:02:34.922+0000] {logging_mixin.py:137} INFO - [2024-07-23T03:02:34.922+0000] {dag.py:2690} INFO - Sync 1 DAGs
[2024-07-23T03:02:34.938+0000] {logging_mixin.py:137} INFO - [2024-07-23T03:02:34.938+0000] {dag.py:3441} INFO - Setting next_dagrun for quinta_dag to None, run_after=None
[2024-07-23T03:02:34.954+0000] {processor.py:175} INFO - Processing /opt/airflow/dags/quinta_dag.py took 0.073 seconds
[2024-07-23T03:02:38.022+0000] {processor.py:153} INFO - Started process (PID=7296) to work on /opt/airflow/dags/quinta_dag.py
[2024-07-23T03:02:38.023+0000] {processor.py:743} INFO - Processing file /opt/airflow/dags/quinta_dag.py for tasks to queue
[2024-07-23T03:02:38.024+0000] {logging_mixin.py:137} INFO - [2024-07-23T03:02:38.024+0000] {dagbag.py:538} INFO - Filling up the DagBag from /opt/airflow/dags/quinta_dag.py
[2024-07-23T03:02:38.042+0000] {processor.py:753} INFO - DAG(s) dict_keys(['quinta_dag']) retrieved from /opt/airflow/dags/quinta_dag.py
[2024-07-23T03:02:38.055+0000] {logging_mixin.py:137} INFO - [2024-07-23T03:02:38.055+0000] {dag.py:2690} INFO - Sync 1 DAGs
[2024-07-23T03:02:38.072+0000] {logging_mixin.py:137} INFO - [2024-07-23T03:02:38.071+0000] {dag.py:3441} INFO - Setting next_dagrun for quinta_dag to None, run_after=None
[2024-07-23T03:02:38.083+0000] {processor.py:175} INFO - Processing /opt/airflow/dags/quinta_dag.py took 0.066 seconds
[2024-07-23T03:02:43.252+0000] {processor.py:153} INFO - Started process (PID=7302) to work on /opt/airflow/dags/quinta_dag.py
[2024-07-23T03:02:43.252+0000] {processor.py:743} INFO - Processing file /opt/airflow/dags/quinta_dag.py for tasks to queue
[2024-07-23T03:02:43.253+0000] {logging_mixin.py:137} INFO - [2024-07-23T03:02:43.253+0000] {dagbag.py:538} INFO - Filling up the DagBag from /opt/airflow/dags/quinta_dag.py
[2024-07-23T03:02:43.262+0000] {processor.py:753} INFO - DAG(s) dict_keys(['quinta_dag']) retrieved from /opt/airflow/dags/quinta_dag.py
[2024-07-23T03:02:43.269+0000] {logging_mixin.py:137} INFO - [2024-07-23T03:02:43.269+0000] {dag.py:2690} INFO - Sync 1 DAGs
[2024-07-23T03:02:43.282+0000] {logging_mixin.py:137} INFO - [2024-07-23T03:02:43.282+0000] {dag.py:3441} INFO - Setting next_dagrun for quinta_dag to None, run_after=None
[2024-07-23T03:02:43.291+0000] {processor.py:175} INFO - Processing /opt/airflow/dags/quinta_dag.py took 0.042 seconds
[2024-07-23T03:02:48.506+0000] {processor.py:153} INFO - Started process (PID=7324) to work on /opt/airflow/dags/quinta_dag.py
[2024-07-23T03:02:48.508+0000] {processor.py:743} INFO - Processing file /opt/airflow/dags/quinta_dag.py for tasks to queue
[2024-07-23T03:02:48.508+0000] {logging_mixin.py:137} INFO - [2024-07-23T03:02:48.508+0000] {dagbag.py:538} INFO - Filling up the DagBag from /opt/airflow/dags/quinta_dag.py
[2024-07-23T03:02:48.527+0000] {processor.py:753} INFO - DAG(s) dict_keys(['quinta_dag']) retrieved from /opt/airflow/dags/quinta_dag.py
[2024-07-23T03:02:48.570+0000] {logging_mixin.py:137} INFO - [2024-07-23T03:02:48.570+0000] {dag.py:2690} INFO - Sync 1 DAGs
[2024-07-23T03:02:48.582+0000] {logging_mixin.py:137} INFO - [2024-07-23T03:02:48.582+0000] {dag.py:3441} INFO - Setting next_dagrun for quinta_dag to None, run_after=None
[2024-07-23T03:02:48.593+0000] {processor.py:175} INFO - Processing /opt/airflow/dags/quinta_dag.py took 0.090 seconds
[2024-07-23T03:02:53.707+0000] {processor.py:153} INFO - Started process (PID=7330) to work on /opt/airflow/dags/quinta_dag.py
[2024-07-23T03:02:53.708+0000] {processor.py:743} INFO - Processing file /opt/airflow/dags/quinta_dag.py for tasks to queue
[2024-07-23T03:02:53.708+0000] {logging_mixin.py:137} INFO - [2024-07-23T03:02:53.708+0000] {dagbag.py:538} INFO - Filling up the DagBag from /opt/airflow/dags/quinta_dag.py
[2024-07-23T03:02:53.717+0000] {processor.py:753} INFO - DAG(s) dict_keys(['quinta_dag']) retrieved from /opt/airflow/dags/quinta_dag.py
[2024-07-23T03:02:53.727+0000] {logging_mixin.py:137} INFO - [2024-07-23T03:02:53.727+0000] {dag.py:2690} INFO - Sync 1 DAGs
[2024-07-23T03:02:53.742+0000] {logging_mixin.py:137} INFO - [2024-07-23T03:02:53.742+0000] {dag.py:3441} INFO - Setting next_dagrun for quinta_dag to None, run_after=None
[2024-07-23T03:02:53.751+0000] {processor.py:175} INFO - Processing /opt/airflow/dags/quinta_dag.py took 0.046 seconds
[2024-07-23T03:02:54.742+0000] {processor.py:153} INFO - Started process (PID=7331) to work on /opt/airflow/dags/quinta_dag.py
[2024-07-23T03:02:54.743+0000] {processor.py:743} INFO - Processing file /opt/airflow/dags/quinta_dag.py for tasks to queue
[2024-07-23T03:02:54.744+0000] {logging_mixin.py:137} INFO - [2024-07-23T03:02:54.744+0000] {dagbag.py:538} INFO - Filling up the DagBag from /opt/airflow/dags/quinta_dag.py
[2024-07-23T03:02:54.767+0000] {processor.py:753} INFO - DAG(s) dict_keys(['quinta_dag']) retrieved from /opt/airflow/dags/quinta_dag.py
[2024-07-23T03:02:54.777+0000] {logging_mixin.py:137} INFO - [2024-07-23T03:02:54.777+0000] {dag.py:2690} INFO - Sync 1 DAGs
[2024-07-23T03:02:54.792+0000] {logging_mixin.py:137} INFO - [2024-07-23T03:02:54.792+0000] {dag.py:3441} INFO - Setting next_dagrun for quinta_dag to None, run_after=None
[2024-07-23T03:02:54.808+0000] {processor.py:175} INFO - Processing /opt/airflow/dags/quinta_dag.py took 0.072 seconds
[2024-07-23T03:03:00.001+0000] {processor.py:153} INFO - Started process (PID=7353) to work on /opt/airflow/dags/quinta_dag.py
[2024-07-23T03:03:00.001+0000] {processor.py:743} INFO - Processing file /opt/airflow/dags/quinta_dag.py for tasks to queue
[2024-07-23T03:03:00.002+0000] {logging_mixin.py:137} INFO - [2024-07-23T03:03:00.002+0000] {dagbag.py:538} INFO - Filling up the DagBag from /opt/airflow/dags/quinta_dag.py
[2024-07-23T03:03:00.023+0000] {processor.py:753} INFO - DAG(s) dict_keys(['quinta_dag']) retrieved from /opt/airflow/dags/quinta_dag.py
[2024-07-23T03:03:00.043+0000] {logging_mixin.py:137} INFO - [2024-07-23T03:03:00.042+0000] {dag.py:2690} INFO - Sync 1 DAGs
[2024-07-23T03:03:00.066+0000] {logging_mixin.py:137} INFO - [2024-07-23T03:03:00.066+0000] {dag.py:3441} INFO - Setting next_dagrun for quinta_dag to None, run_after=None
[2024-07-23T03:03:00.093+0000] {processor.py:175} INFO - Processing /opt/airflow/dags/quinta_dag.py took 0.095 seconds
[2024-07-23T03:03:05.380+0000] {processor.py:153} INFO - Started process (PID=7359) to work on /opt/airflow/dags/quinta_dag.py
[2024-07-23T03:03:05.380+0000] {processor.py:743} INFO - Processing file /opt/airflow/dags/quinta_dag.py for tasks to queue
[2024-07-23T03:03:05.381+0000] {logging_mixin.py:137} INFO - [2024-07-23T03:03:05.381+0000] {dagbag.py:538} INFO - Filling up the DagBag from /opt/airflow/dags/quinta_dag.py
[2024-07-23T03:03:05.392+0000] {processor.py:753} INFO - DAG(s) dict_keys(['quinta_dag']) retrieved from /opt/airflow/dags/quinta_dag.py
[2024-07-23T03:03:05.401+0000] {logging_mixin.py:137} INFO - [2024-07-23T03:03:05.401+0000] {dag.py:2690} INFO - Sync 1 DAGs
[2024-07-23T03:03:05.414+0000] {logging_mixin.py:137} INFO - [2024-07-23T03:03:05.414+0000] {dag.py:3441} INFO - Setting next_dagrun for quinta_dag to None, run_after=None
[2024-07-23T03:03:05.423+0000] {processor.py:175} INFO - Processing /opt/airflow/dags/quinta_dag.py took 0.046 seconds
[2024-07-23T03:03:10.634+0000] {processor.py:153} INFO - Started process (PID=7385) to work on /opt/airflow/dags/quinta_dag.py
[2024-07-23T03:03:10.635+0000] {processor.py:743} INFO - Processing file /opt/airflow/dags/quinta_dag.py for tasks to queue
[2024-07-23T03:03:10.635+0000] {logging_mixin.py:137} INFO - [2024-07-23T03:03:10.635+0000] {dagbag.py:538} INFO - Filling up the DagBag from /opt/airflow/dags/quinta_dag.py
[2024-07-23T03:03:10.646+0000] {processor.py:753} INFO - DAG(s) dict_keys(['quinta_dag']) retrieved from /opt/airflow/dags/quinta_dag.py
[2024-07-23T03:03:10.655+0000] {logging_mixin.py:137} INFO - [2024-07-23T03:03:10.655+0000] {dag.py:2690} INFO - Sync 1 DAGs
[2024-07-23T03:03:10.670+0000] {logging_mixin.py:137} INFO - [2024-07-23T03:03:10.670+0000] {dag.py:3441} INFO - Setting next_dagrun for quinta_dag to None, run_after=None
[2024-07-23T03:03:10.680+0000] {processor.py:175} INFO - Processing /opt/airflow/dags/quinta_dag.py took 0.049 seconds
[2024-07-23T03:03:15.814+0000] {processor.py:153} INFO - Started process (PID=7391) to work on /opt/airflow/dags/quinta_dag.py
[2024-07-23T03:03:15.815+0000] {processor.py:743} INFO - Processing file /opt/airflow/dags/quinta_dag.py for tasks to queue
[2024-07-23T03:03:15.816+0000] {logging_mixin.py:137} INFO - [2024-07-23T03:03:15.816+0000] {dagbag.py:538} INFO - Filling up the DagBag from /opt/airflow/dags/quinta_dag.py
[2024-07-23T03:03:15.824+0000] {processor.py:753} INFO - DAG(s) dict_keys(['quinta_dag']) retrieved from /opt/airflow/dags/quinta_dag.py
[2024-07-23T03:03:15.832+0000] {logging_mixin.py:137} INFO - [2024-07-23T03:03:15.832+0000] {dag.py:2690} INFO - Sync 1 DAGs
[2024-07-23T03:03:15.846+0000] {logging_mixin.py:137} INFO - [2024-07-23T03:03:15.846+0000] {dag.py:3441} INFO - Setting next_dagrun for quinta_dag to None, run_after=None
[2024-07-23T03:03:15.855+0000] {processor.py:175} INFO - Processing /opt/airflow/dags/quinta_dag.py took 0.043 seconds
[2024-07-23T03:03:21.068+0000] {processor.py:153} INFO - Started process (PID=7413) to work on /opt/airflow/dags/quinta_dag.py
[2024-07-23T03:03:21.070+0000] {processor.py:743} INFO - Processing file /opt/airflow/dags/quinta_dag.py for tasks to queue
[2024-07-23T03:03:21.071+0000] {logging_mixin.py:137} INFO - [2024-07-23T03:03:21.071+0000] {dagbag.py:538} INFO - Filling up the DagBag from /opt/airflow/dags/quinta_dag.py
[2024-07-23T03:03:21.090+0000] {processor.py:753} INFO - DAG(s) dict_keys(['quinta_dag']) retrieved from /opt/airflow/dags/quinta_dag.py
[2024-07-23T03:03:21.110+0000] {logging_mixin.py:137} INFO - [2024-07-23T03:03:21.110+0000] {dag.py:2690} INFO - Sync 1 DAGs
[2024-07-23T03:03:21.126+0000] {logging_mixin.py:137} INFO - [2024-07-23T03:03:21.126+0000] {dag.py:3441} INFO - Setting next_dagrun for quinta_dag to None, run_after=None
[2024-07-23T03:03:21.139+0000] {processor.py:175} INFO - Processing /opt/airflow/dags/quinta_dag.py took 0.077 seconds
[2024-07-23T03:03:26.412+0000] {processor.py:153} INFO - Started process (PID=7419) to work on /opt/airflow/dags/quinta_dag.py
[2024-07-23T03:03:26.413+0000] {processor.py:743} INFO - Processing file /opt/airflow/dags/quinta_dag.py for tasks to queue
[2024-07-23T03:03:26.414+0000] {logging_mixin.py:137} INFO - [2024-07-23T03:03:26.414+0000] {dagbag.py:538} INFO - Filling up the DagBag from /opt/airflow/dags/quinta_dag.py
[2024-07-23T03:03:26.430+0000] {processor.py:753} INFO - DAG(s) dict_keys(['quinta_dag']) retrieved from /opt/airflow/dags/quinta_dag.py
[2024-07-23T03:03:26.450+0000] {logging_mixin.py:137} INFO - [2024-07-23T03:03:26.450+0000] {dag.py:2690} INFO - Sync 1 DAGs
[2024-07-23T03:03:26.465+0000] {logging_mixin.py:137} INFO - [2024-07-23T03:03:26.465+0000] {dag.py:3441} INFO - Setting next_dagrun for quinta_dag to None, run_after=None
[2024-07-23T03:03:26.480+0000] {processor.py:175} INFO - Processing /opt/airflow/dags/quinta_dag.py took 0.073 seconds
[2024-07-23T03:03:31.685+0000] {processor.py:153} INFO - Started process (PID=7441) to work on /opt/airflow/dags/quinta_dag.py
[2024-07-23T03:03:31.686+0000] {processor.py:743} INFO - Processing file /opt/airflow/dags/quinta_dag.py for tasks to queue
[2024-07-23T03:03:31.686+0000] {logging_mixin.py:137} INFO - [2024-07-23T03:03:31.686+0000] {dagbag.py:538} INFO - Filling up the DagBag from /opt/airflow/dags/quinta_dag.py
[2024-07-23T03:03:31.699+0000] {processor.py:753} INFO - DAG(s) dict_keys(['quinta_dag']) retrieved from /opt/airflow/dags/quinta_dag.py
[2024-07-23T03:03:31.721+0000] {logging_mixin.py:137} INFO - [2024-07-23T03:03:31.720+0000] {dag.py:2690} INFO - Sync 1 DAGs
[2024-07-23T03:03:31.735+0000] {logging_mixin.py:137} INFO - [2024-07-23T03:03:31.735+0000] {dag.py:3441} INFO - Setting next_dagrun for quinta_dag to None, run_after=None
[2024-07-23T03:03:31.752+0000] {processor.py:175} INFO - Processing /opt/airflow/dags/quinta_dag.py took 0.070 seconds
[2024-07-23T03:04:28.101+0000] {processor.py:153} INFO - Started process (PID=7581) to work on /opt/airflow/dags/quinta_dag.py
[2024-07-23T03:04:28.103+0000] {processor.py:743} INFO - Processing file /opt/airflow/dags/quinta_dag.py for tasks to queue
[2024-07-23T03:04:28.104+0000] {logging_mixin.py:137} INFO - [2024-07-23T03:04:28.104+0000] {dagbag.py:538} INFO - Filling up the DagBag from /opt/airflow/dags/quinta_dag.py
[2024-07-23T03:04:28.117+0000] {processor.py:753} INFO - DAG(s) dict_keys(['quinta_dag']) retrieved from /opt/airflow/dags/quinta_dag.py
[2024-07-23T03:04:28.157+0000] {logging_mixin.py:137} INFO - [2024-07-23T03:04:28.157+0000] {dag.py:2690} INFO - Sync 1 DAGs
[2024-07-23T03:04:28.170+0000] {logging_mixin.py:137} INFO - [2024-07-23T03:04:28.170+0000] {dag.py:3441} INFO - Setting next_dagrun for quinta_dag to None, run_after=None
[2024-07-23T03:04:28.180+0000] {processor.py:175} INFO - Processing /opt/airflow/dags/quinta_dag.py took 0.080 seconds
[2024-07-23T03:04:33.291+0000] {processor.py:153} INFO - Started process (PID=7587) to work on /opt/airflow/dags/quinta_dag.py
[2024-07-23T03:04:33.291+0000] {processor.py:743} INFO - Processing file /opt/airflow/dags/quinta_dag.py for tasks to queue
[2024-07-23T03:04:33.292+0000] {logging_mixin.py:137} INFO - [2024-07-23T03:04:33.292+0000] {dagbag.py:538} INFO - Filling up the DagBag from /opt/airflow/dags/quinta_dag.py
[2024-07-23T03:04:33.302+0000] {processor.py:753} INFO - DAG(s) dict_keys(['quinta_dag']) retrieved from /opt/airflow/dags/quinta_dag.py
[2024-07-23T03:04:33.311+0000] {logging_mixin.py:137} INFO - [2024-07-23T03:04:33.311+0000] {dag.py:2690} INFO - Sync 1 DAGs
[2024-07-23T03:04:33.325+0000] {logging_mixin.py:137} INFO - [2024-07-23T03:04:33.324+0000] {dag.py:3441} INFO - Setting next_dagrun for quinta_dag to None, run_after=None
[2024-07-23T03:04:33.334+0000] {processor.py:175} INFO - Processing /opt/airflow/dags/quinta_dag.py took 0.045 seconds
[2024-07-23T03:04:38.470+0000] {processor.py:153} INFO - Started process (PID=7609) to work on /opt/airflow/dags/quinta_dag.py
[2024-07-23T03:04:38.471+0000] {processor.py:743} INFO - Processing file /opt/airflow/dags/quinta_dag.py for tasks to queue
[2024-07-23T03:04:38.471+0000] {logging_mixin.py:137} INFO - [2024-07-23T03:04:38.471+0000] {dagbag.py:538} INFO - Filling up the DagBag from /opt/airflow/dags/quinta_dag.py
[2024-07-23T03:04:38.485+0000] {processor.py:753} INFO - DAG(s) dict_keys(['quinta_dag']) retrieved from /opt/airflow/dags/quinta_dag.py
[2024-07-23T03:04:38.493+0000] {logging_mixin.py:137} INFO - [2024-07-23T03:04:38.493+0000] {dag.py:2690} INFO - Sync 1 DAGs
[2024-07-23T03:04:38.508+0000] {logging_mixin.py:137} INFO - [2024-07-23T03:04:38.508+0000] {dag.py:3441} INFO - Setting next_dagrun for quinta_dag to None, run_after=None
[2024-07-23T03:04:38.517+0000] {processor.py:175} INFO - Processing /opt/airflow/dags/quinta_dag.py took 0.049 seconds
[2024-07-23T03:04:43.679+0000] {processor.py:153} INFO - Started process (PID=7615) to work on /opt/airflow/dags/quinta_dag.py
[2024-07-23T03:04:43.680+0000] {processor.py:743} INFO - Processing file /opt/airflow/dags/quinta_dag.py for tasks to queue
[2024-07-23T03:04:43.681+0000] {logging_mixin.py:137} INFO - [2024-07-23T03:04:43.681+0000] {dagbag.py:538} INFO - Filling up the DagBag from /opt/airflow/dags/quinta_dag.py
[2024-07-23T03:04:43.698+0000] {processor.py:753} INFO - DAG(s) dict_keys(['quinta_dag']) retrieved from /opt/airflow/dags/quinta_dag.py
[2024-07-23T03:04:43.710+0000] {logging_mixin.py:137} INFO - [2024-07-23T03:04:43.710+0000] {dag.py:2690} INFO - Sync 1 DAGs
[2024-07-23T03:04:43.726+0000] {logging_mixin.py:137} INFO - [2024-07-23T03:04:43.726+0000] {dag.py:3441} INFO - Setting next_dagrun for quinta_dag to None, run_after=None
[2024-07-23T03:04:43.735+0000] {processor.py:175} INFO - Processing /opt/airflow/dags/quinta_dag.py took 0.061 seconds
[2024-07-23T03:04:48.912+0000] {processor.py:153} INFO - Started process (PID=7631) to work on /opt/airflow/dags/quinta_dag.py
[2024-07-23T03:04:48.914+0000] {processor.py:743} INFO - Processing file /opt/airflow/dags/quinta_dag.py for tasks to queue
[2024-07-23T03:04:48.915+0000] {logging_mixin.py:137} INFO - [2024-07-23T03:04:48.915+0000] {dagbag.py:538} INFO - Filling up the DagBag from /opt/airflow/dags/quinta_dag.py
[2024-07-23T03:04:48.940+0000] {processor.py:753} INFO - DAG(s) dict_keys(['quinta_dag']) retrieved from /opt/airflow/dags/quinta_dag.py
[2024-07-23T03:04:48.948+0000] {logging_mixin.py:137} INFO - [2024-07-23T03:04:48.948+0000] {dag.py:2690} INFO - Sync 1 DAGs
[2024-07-23T03:04:48.962+0000] {logging_mixin.py:137} INFO - [2024-07-23T03:04:48.962+0000] {dag.py:3441} INFO - Setting next_dagrun for quinta_dag to None, run_after=None
[2024-07-23T03:04:48.976+0000] {processor.py:175} INFO - Processing /opt/airflow/dags/quinta_dag.py took 0.066 seconds
[2024-07-23T03:04:54.208+0000] {processor.py:153} INFO - Started process (PID=7645) to work on /opt/airflow/dags/quinta_dag.py
[2024-07-23T03:04:54.210+0000] {processor.py:743} INFO - Processing file /opt/airflow/dags/quinta_dag.py for tasks to queue
[2024-07-23T03:04:54.210+0000] {logging_mixin.py:137} INFO - [2024-07-23T03:04:54.210+0000] {dagbag.py:538} INFO - Filling up the DagBag from /opt/airflow/dags/quinta_dag.py
[2024-07-23T03:04:54.225+0000] {processor.py:753} INFO - DAG(s) dict_keys(['quinta_dag']) retrieved from /opt/airflow/dags/quinta_dag.py
[2024-07-23T03:04:54.234+0000] {logging_mixin.py:137} INFO - [2024-07-23T03:04:54.234+0000] {dag.py:2690} INFO - Sync 1 DAGs
[2024-07-23T03:04:54.249+0000] {logging_mixin.py:137} INFO - [2024-07-23T03:04:54.249+0000] {dag.py:3441} INFO - Setting next_dagrun for quinta_dag to None, run_after=None
[2024-07-23T03:04:54.260+0000] {processor.py:175} INFO - Processing /opt/airflow/dags/quinta_dag.py took 0.054 seconds
[2024-07-23T03:04:59.432+0000] {processor.py:153} INFO - Started process (PID=7656) to work on /opt/airflow/dags/quinta_dag.py
[2024-07-23T03:04:59.434+0000] {processor.py:743} INFO - Processing file /opt/airflow/dags/quinta_dag.py for tasks to queue
[2024-07-23T03:04:59.436+0000] {logging_mixin.py:137} INFO - [2024-07-23T03:04:59.436+0000] {dagbag.py:538} INFO - Filling up the DagBag from /opt/airflow/dags/quinta_dag.py
[2024-07-23T03:04:59.449+0000] {processor.py:753} INFO - DAG(s) dict_keys(['quinta_dag']) retrieved from /opt/airflow/dags/quinta_dag.py
[2024-07-23T03:04:59.461+0000] {logging_mixin.py:137} INFO - [2024-07-23T03:04:59.461+0000] {dag.py:2690} INFO - Sync 1 DAGs
[2024-07-23T03:04:59.475+0000] {logging_mixin.py:137} INFO - [2024-07-23T03:04:59.475+0000] {dag.py:3441} INFO - Setting next_dagrun for quinta_dag to None, run_after=None
[2024-07-23T03:04:59.483+0000] {processor.py:175} INFO - Processing /opt/airflow/dags/quinta_dag.py took 0.053 seconds
[2024-07-23T03:05:04.673+0000] {processor.py:153} INFO - Started process (PID=7679) to work on /opt/airflow/dags/quinta_dag.py
[2024-07-23T03:05:04.674+0000] {processor.py:743} INFO - Processing file /opt/airflow/dags/quinta_dag.py for tasks to queue
[2024-07-23T03:05:04.674+0000] {logging_mixin.py:137} INFO - [2024-07-23T03:05:04.674+0000] {dagbag.py:538} INFO - Filling up the DagBag from /opt/airflow/dags/quinta_dag.py
[2024-07-23T03:05:04.683+0000] {processor.py:753} INFO - DAG(s) dict_keys(['quinta_dag']) retrieved from /opt/airflow/dags/quinta_dag.py
[2024-07-23T03:05:04.699+0000] {logging_mixin.py:137} INFO - [2024-07-23T03:05:04.699+0000] {dag.py:2690} INFO - Sync 1 DAGs
[2024-07-23T03:05:04.712+0000] {logging_mixin.py:137} INFO - [2024-07-23T03:05:04.712+0000] {dag.py:3441} INFO - Setting next_dagrun for quinta_dag to None, run_after=None
[2024-07-23T03:05:04.721+0000] {processor.py:175} INFO - Processing /opt/airflow/dags/quinta_dag.py took 0.050 seconds
[2024-07-23T03:05:09.916+0000] {processor.py:153} INFO - Started process (PID=7686) to work on /opt/airflow/dags/quinta_dag.py
[2024-07-23T03:05:09.917+0000] {processor.py:743} INFO - Processing file /opt/airflow/dags/quinta_dag.py for tasks to queue
[2024-07-23T03:05:09.919+0000] {logging_mixin.py:137} INFO - [2024-07-23T03:05:09.919+0000] {dagbag.py:538} INFO - Filling up the DagBag from /opt/airflow/dags/quinta_dag.py
[2024-07-23T03:05:09.929+0000] {processor.py:753} INFO - DAG(s) dict_keys(['quinta_dag']) retrieved from /opt/airflow/dags/quinta_dag.py
[2024-07-23T03:05:09.941+0000] {logging_mixin.py:137} INFO - [2024-07-23T03:05:09.941+0000] {dag.py:2690} INFO - Sync 1 DAGs
[2024-07-23T03:05:09.954+0000] {logging_mixin.py:137} INFO - [2024-07-23T03:05:09.954+0000] {dag.py:3441} INFO - Setting next_dagrun for quinta_dag to None, run_after=None
[2024-07-23T03:05:09.962+0000] {processor.py:175} INFO - Processing /opt/airflow/dags/quinta_dag.py took 0.048 seconds
[2024-07-23T03:05:15.163+0000] {processor.py:153} INFO - Started process (PID=7709) to work on /opt/airflow/dags/quinta_dag.py
[2024-07-23T03:05:15.163+0000] {processor.py:743} INFO - Processing file /opt/airflow/dags/quinta_dag.py for tasks to queue
[2024-07-23T03:05:15.164+0000] {logging_mixin.py:137} INFO - [2024-07-23T03:05:15.164+0000] {dagbag.py:538} INFO - Filling up the DagBag from /opt/airflow/dags/quinta_dag.py
[2024-07-23T03:05:15.173+0000] {processor.py:753} INFO - DAG(s) dict_keys(['quinta_dag']) retrieved from /opt/airflow/dags/quinta_dag.py
[2024-07-23T03:05:15.185+0000] {logging_mixin.py:137} INFO - [2024-07-23T03:05:15.185+0000] {dag.py:2690} INFO - Sync 1 DAGs
[2024-07-23T03:05:15.198+0000] {logging_mixin.py:137} INFO - [2024-07-23T03:05:15.198+0000] {dag.py:3441} INFO - Setting next_dagrun for quinta_dag to None, run_after=None
[2024-07-23T03:05:15.207+0000] {processor.py:175} INFO - Processing /opt/airflow/dags/quinta_dag.py took 0.046 seconds
[2024-07-23T03:05:20.356+0000] {processor.py:153} INFO - Started process (PID=7716) to work on /opt/airflow/dags/quinta_dag.py
[2024-07-23T03:05:20.358+0000] {processor.py:743} INFO - Processing file /opt/airflow/dags/quinta_dag.py for tasks to queue
[2024-07-23T03:05:20.359+0000] {logging_mixin.py:137} INFO - [2024-07-23T03:05:20.359+0000] {dagbag.py:538} INFO - Filling up the DagBag from /opt/airflow/dags/quinta_dag.py
[2024-07-23T03:05:20.369+0000] {processor.py:753} INFO - DAG(s) dict_keys(['quinta_dag']) retrieved from /opt/airflow/dags/quinta_dag.py
[2024-07-23T03:05:20.386+0000] {logging_mixin.py:137} INFO - [2024-07-23T03:05:20.386+0000] {dag.py:2690} INFO - Sync 1 DAGs
[2024-07-23T03:05:20.399+0000] {logging_mixin.py:137} INFO - [2024-07-23T03:05:20.399+0000] {dag.py:3441} INFO - Setting next_dagrun for quinta_dag to None, run_after=None
[2024-07-23T03:05:20.408+0000] {processor.py:175} INFO - Processing /opt/airflow/dags/quinta_dag.py took 0.054 seconds
[2024-07-23T03:05:25.628+0000] {processor.py:153} INFO - Started process (PID=7739) to work on /opt/airflow/dags/quinta_dag.py
[2024-07-23T03:05:25.631+0000] {processor.py:743} INFO - Processing file /opt/airflow/dags/quinta_dag.py for tasks to queue
[2024-07-23T03:05:25.632+0000] {logging_mixin.py:137} INFO - [2024-07-23T03:05:25.632+0000] {dagbag.py:538} INFO - Filling up the DagBag from /opt/airflow/dags/quinta_dag.py
[2024-07-23T03:05:25.642+0000] {processor.py:753} INFO - DAG(s) dict_keys(['quinta_dag']) retrieved from /opt/airflow/dags/quinta_dag.py
[2024-07-23T03:05:25.658+0000] {logging_mixin.py:137} INFO - [2024-07-23T03:05:25.658+0000] {dag.py:2690} INFO - Sync 1 DAGs
[2024-07-23T03:05:25.670+0000] {logging_mixin.py:137} INFO - [2024-07-23T03:05:25.670+0000] {dag.py:3441} INFO - Setting next_dagrun for quinta_dag to None, run_after=None
[2024-07-23T03:05:25.681+0000] {processor.py:175} INFO - Processing /opt/airflow/dags/quinta_dag.py took 0.054 seconds
[2024-07-23T03:05:30.935+0000] {processor.py:153} INFO - Started process (PID=7746) to work on /opt/airflow/dags/quinta_dag.py
[2024-07-23T03:05:30.935+0000] {processor.py:743} INFO - Processing file /opt/airflow/dags/quinta_dag.py for tasks to queue
[2024-07-23T03:05:30.937+0000] {logging_mixin.py:137} INFO - [2024-07-23T03:05:30.937+0000] {dagbag.py:538} INFO - Filling up the DagBag from /opt/airflow/dags/quinta_dag.py
[2024-07-23T03:05:30.955+0000] {processor.py:753} INFO - DAG(s) dict_keys(['quinta_dag']) retrieved from /opt/airflow/dags/quinta_dag.py
[2024-07-23T03:05:30.970+0000] {logging_mixin.py:137} INFO - [2024-07-23T03:05:30.969+0000] {dag.py:2690} INFO - Sync 1 DAGs
[2024-07-23T03:05:30.984+0000] {logging_mixin.py:137} INFO - [2024-07-23T03:05:30.984+0000] {dag.py:3441} INFO - Setting next_dagrun for quinta_dag to None, run_after=None
[2024-07-23T03:05:30.995+0000] {processor.py:175} INFO - Processing /opt/airflow/dags/quinta_dag.py took 0.063 seconds
[2024-07-23T03:05:36.200+0000] {processor.py:153} INFO - Started process (PID=7769) to work on /opt/airflow/dags/quinta_dag.py
[2024-07-23T03:05:36.203+0000] {processor.py:743} INFO - Processing file /opt/airflow/dags/quinta_dag.py for tasks to queue
[2024-07-23T03:05:36.203+0000] {logging_mixin.py:137} INFO - [2024-07-23T03:05:36.203+0000] {dagbag.py:538} INFO - Filling up the DagBag from /opt/airflow/dags/quinta_dag.py
[2024-07-23T03:05:36.214+0000] {processor.py:753} INFO - DAG(s) dict_keys(['quinta_dag']) retrieved from /opt/airflow/dags/quinta_dag.py
[2024-07-23T03:05:36.231+0000] {logging_mixin.py:137} INFO - [2024-07-23T03:05:36.231+0000] {dag.py:2690} INFO - Sync 1 DAGs
[2024-07-23T03:05:36.244+0000] {logging_mixin.py:137} INFO - [2024-07-23T03:05:36.244+0000] {dag.py:3441} INFO - Setting next_dagrun for quinta_dag to None, run_after=None
[2024-07-23T03:05:36.254+0000] {processor.py:175} INFO - Processing /opt/airflow/dags/quinta_dag.py took 0.056 seconds
[2024-07-23T03:05:41.428+0000] {processor.py:153} INFO - Started process (PID=7776) to work on /opt/airflow/dags/quinta_dag.py
[2024-07-23T03:05:41.429+0000] {processor.py:743} INFO - Processing file /opt/airflow/dags/quinta_dag.py for tasks to queue
[2024-07-23T03:05:41.431+0000] {logging_mixin.py:137} INFO - [2024-07-23T03:05:41.431+0000] {dagbag.py:538} INFO - Filling up the DagBag from /opt/airflow/dags/quinta_dag.py
[2024-07-23T03:05:41.441+0000] {processor.py:753} INFO - DAG(s) dict_keys(['quinta_dag']) retrieved from /opt/airflow/dags/quinta_dag.py
[2024-07-23T03:05:41.453+0000] {logging_mixin.py:137} INFO - [2024-07-23T03:05:41.453+0000] {dag.py:2690} INFO - Sync 1 DAGs
[2024-07-23T03:05:41.466+0000] {logging_mixin.py:137} INFO - [2024-07-23T03:05:41.466+0000] {dag.py:3441} INFO - Setting next_dagrun for quinta_dag to None, run_after=None
[2024-07-23T03:05:41.474+0000] {processor.py:175} INFO - Processing /opt/airflow/dags/quinta_dag.py took 0.048 seconds
[2024-07-23T03:05:46.633+0000] {processor.py:153} INFO - Started process (PID=7799) to work on /opt/airflow/dags/quinta_dag.py
[2024-07-23T03:05:46.635+0000] {processor.py:743} INFO - Processing file /opt/airflow/dags/quinta_dag.py for tasks to queue
[2024-07-23T03:05:46.636+0000] {logging_mixin.py:137} INFO - [2024-07-23T03:05:46.636+0000] {dagbag.py:538} INFO - Filling up the DagBag from /opt/airflow/dags/quinta_dag.py
[2024-07-23T03:05:46.649+0000] {processor.py:753} INFO - DAG(s) dict_keys(['quinta_dag']) retrieved from /opt/airflow/dags/quinta_dag.py
[2024-07-23T03:05:46.665+0000] {logging_mixin.py:137} INFO - [2024-07-23T03:05:46.665+0000] {dag.py:2690} INFO - Sync 1 DAGs
[2024-07-23T03:05:46.677+0000] {logging_mixin.py:137} INFO - [2024-07-23T03:05:46.677+0000] {dag.py:3441} INFO - Setting next_dagrun for quinta_dag to None, run_after=None
[2024-07-23T03:05:46.686+0000] {processor.py:175} INFO - Processing /opt/airflow/dags/quinta_dag.py took 0.055 seconds
[2024-07-23T03:05:51.892+0000] {processor.py:153} INFO - Started process (PID=7806) to work on /opt/airflow/dags/quinta_dag.py
[2024-07-23T03:05:51.895+0000] {processor.py:743} INFO - Processing file /opt/airflow/dags/quinta_dag.py for tasks to queue
[2024-07-23T03:05:51.895+0000] {logging_mixin.py:137} INFO - [2024-07-23T03:05:51.895+0000] {dagbag.py:538} INFO - Filling up the DagBag from /opt/airflow/dags/quinta_dag.py
[2024-07-23T03:05:51.904+0000] {processor.py:753} INFO - DAG(s) dict_keys(['quinta_dag']) retrieved from /opt/airflow/dags/quinta_dag.py
[2024-07-23T03:05:51.919+0000] {logging_mixin.py:137} INFO - [2024-07-23T03:05:51.919+0000] {dag.py:2690} INFO - Sync 1 DAGs
[2024-07-23T03:05:51.931+0000] {logging_mixin.py:137} INFO - [2024-07-23T03:05:51.931+0000] {dag.py:3441} INFO - Setting next_dagrun for quinta_dag to None, run_after=None
[2024-07-23T03:05:51.940+0000] {processor.py:175} INFO - Processing /opt/airflow/dags/quinta_dag.py took 0.050 seconds
[2024-07-23T03:05:57.122+0000] {processor.py:153} INFO - Started process (PID=7829) to work on /opt/airflow/dags/quinta_dag.py
[2024-07-23T03:05:57.122+0000] {processor.py:743} INFO - Processing file /opt/airflow/dags/quinta_dag.py for tasks to queue
[2024-07-23T03:05:57.123+0000] {logging_mixin.py:137} INFO - [2024-07-23T03:05:57.123+0000] {dagbag.py:538} INFO - Filling up the DagBag from /opt/airflow/dags/quinta_dag.py
[2024-07-23T03:05:57.132+0000] {processor.py:753} INFO - DAG(s) dict_keys(['quinta_dag']) retrieved from /opt/airflow/dags/quinta_dag.py
[2024-07-23T03:05:57.145+0000] {logging_mixin.py:137} INFO - [2024-07-23T03:05:57.145+0000] {dag.py:2690} INFO - Sync 1 DAGs
[2024-07-23T03:05:57.157+0000] {logging_mixin.py:137} INFO - [2024-07-23T03:05:57.157+0000] {dag.py:3441} INFO - Setting next_dagrun for quinta_dag to None, run_after=None
[2024-07-23T03:05:57.166+0000] {processor.py:175} INFO - Processing /opt/airflow/dags/quinta_dag.py took 0.046 seconds
[2024-07-23T03:06:02.394+0000] {processor.py:153} INFO - Started process (PID=7836) to work on /opt/airflow/dags/quinta_dag.py
[2024-07-23T03:06:02.395+0000] {processor.py:743} INFO - Processing file /opt/airflow/dags/quinta_dag.py for tasks to queue
[2024-07-23T03:06:02.395+0000] {logging_mixin.py:137} INFO - [2024-07-23T03:06:02.395+0000] {dagbag.py:538} INFO - Filling up the DagBag from /opt/airflow/dags/quinta_dag.py
[2024-07-23T03:06:02.411+0000] {processor.py:753} INFO - DAG(s) dict_keys(['quinta_dag']) retrieved from /opt/airflow/dags/quinta_dag.py
[2024-07-23T03:06:02.437+0000] {logging_mixin.py:137} INFO - [2024-07-23T03:06:02.437+0000] {dag.py:2690} INFO - Sync 1 DAGs
[2024-07-23T03:06:02.465+0000] {logging_mixin.py:137} INFO - [2024-07-23T03:06:02.465+0000] {dag.py:3441} INFO - Setting next_dagrun for quinta_dag to None, run_after=None
[2024-07-23T03:06:02.477+0000] {processor.py:175} INFO - Processing /opt/airflow/dags/quinta_dag.py took 0.085 seconds
[2024-07-23T03:06:07.720+0000] {processor.py:153} INFO - Started process (PID=7850) to work on /opt/airflow/dags/quinta_dag.py
[2024-07-23T03:06:07.721+0000] {processor.py:743} INFO - Processing file /opt/airflow/dags/quinta_dag.py for tasks to queue
[2024-07-23T03:06:07.721+0000] {logging_mixin.py:137} INFO - [2024-07-23T03:06:07.721+0000] {dagbag.py:538} INFO - Filling up the DagBag from /opt/airflow/dags/quinta_dag.py
[2024-07-23T03:06:07.735+0000] {processor.py:753} INFO - DAG(s) dict_keys(['quinta_dag']) retrieved from /opt/airflow/dags/quinta_dag.py
[2024-07-23T03:06:07.747+0000] {logging_mixin.py:137} INFO - [2024-07-23T03:06:07.747+0000] {dag.py:2690} INFO - Sync 1 DAGs
[2024-07-23T03:06:07.760+0000] {logging_mixin.py:137} INFO - [2024-07-23T03:06:07.760+0000] {dag.py:3441} INFO - Setting next_dagrun for quinta_dag to None, run_after=None
[2024-07-23T03:06:07.769+0000] {processor.py:175} INFO - Processing /opt/airflow/dags/quinta_dag.py took 0.051 seconds
[2024-07-23T03:06:12.957+0000] {processor.py:153} INFO - Started process (PID=7866) to work on /opt/airflow/dags/quinta_dag.py
[2024-07-23T03:06:12.958+0000] {processor.py:743} INFO - Processing file /opt/airflow/dags/quinta_dag.py for tasks to queue
[2024-07-23T03:06:12.958+0000] {logging_mixin.py:137} INFO - [2024-07-23T03:06:12.958+0000] {dagbag.py:538} INFO - Filling up the DagBag from /opt/airflow/dags/quinta_dag.py
[2024-07-23T03:06:12.967+0000] {processor.py:753} INFO - DAG(s) dict_keys(['quinta_dag']) retrieved from /opt/airflow/dags/quinta_dag.py
[2024-07-23T03:06:12.982+0000] {logging_mixin.py:137} INFO - [2024-07-23T03:06:12.982+0000] {dag.py:2690} INFO - Sync 1 DAGs
[2024-07-23T03:06:12.995+0000] {logging_mixin.py:137} INFO - [2024-07-23T03:06:12.995+0000] {dag.py:3441} INFO - Setting next_dagrun for quinta_dag to None, run_after=None
[2024-07-23T03:06:13.004+0000] {processor.py:175} INFO - Processing /opt/airflow/dags/quinta_dag.py took 0.049 seconds
[2024-07-23T03:06:18.201+0000] {processor.py:153} INFO - Started process (PID=7873) to work on /opt/airflow/dags/quinta_dag.py
[2024-07-23T03:06:18.202+0000] {processor.py:743} INFO - Processing file /opt/airflow/dags/quinta_dag.py for tasks to queue
[2024-07-23T03:06:18.203+0000] {logging_mixin.py:137} INFO - [2024-07-23T03:06:18.202+0000] {dagbag.py:538} INFO - Filling up the DagBag from /opt/airflow/dags/quinta_dag.py
[2024-07-23T03:06:18.216+0000] {processor.py:753} INFO - DAG(s) dict_keys(['quinta_dag']) retrieved from /opt/airflow/dags/quinta_dag.py
[2024-07-23T03:06:18.230+0000] {logging_mixin.py:137} INFO - [2024-07-23T03:06:18.230+0000] {dag.py:2690} INFO - Sync 1 DAGs
[2024-07-23T03:06:18.244+0000] {logging_mixin.py:137} INFO - [2024-07-23T03:06:18.244+0000] {dag.py:3441} INFO - Setting next_dagrun for quinta_dag to None, run_after=None
[2024-07-23T03:06:18.253+0000] {processor.py:175} INFO - Processing /opt/airflow/dags/quinta_dag.py took 0.054 seconds
[2024-07-23T03:06:23.431+0000] {processor.py:153} INFO - Started process (PID=7896) to work on /opt/airflow/dags/quinta_dag.py
[2024-07-23T03:06:23.434+0000] {processor.py:743} INFO - Processing file /opt/airflow/dags/quinta_dag.py for tasks to queue
[2024-07-23T03:06:23.434+0000] {logging_mixin.py:137} INFO - [2024-07-23T03:06:23.434+0000] {dagbag.py:538} INFO - Filling up the DagBag from /opt/airflow/dags/quinta_dag.py
[2024-07-23T03:06:23.444+0000] {processor.py:753} INFO - DAG(s) dict_keys(['quinta_dag']) retrieved from /opt/airflow/dags/quinta_dag.py
[2024-07-23T03:06:23.462+0000] {logging_mixin.py:137} INFO - [2024-07-23T03:06:23.462+0000] {dag.py:2690} INFO - Sync 1 DAGs
[2024-07-23T03:06:23.475+0000] {logging_mixin.py:137} INFO - [2024-07-23T03:06:23.475+0000] {dag.py:3441} INFO - Setting next_dagrun for quinta_dag to None, run_after=None
[2024-07-23T03:06:23.483+0000] {processor.py:175} INFO - Processing /opt/airflow/dags/quinta_dag.py took 0.054 seconds
[2024-07-23T03:06:28.690+0000] {processor.py:153} INFO - Started process (PID=7903) to work on /opt/airflow/dags/quinta_dag.py
[2024-07-23T03:06:28.691+0000] {processor.py:743} INFO - Processing file /opt/airflow/dags/quinta_dag.py for tasks to queue
[2024-07-23T03:06:28.695+0000] {logging_mixin.py:137} INFO - [2024-07-23T03:06:28.695+0000] {dagbag.py:538} INFO - Filling up the DagBag from /opt/airflow/dags/quinta_dag.py
[2024-07-23T03:06:28.703+0000] {processor.py:753} INFO - DAG(s) dict_keys(['quinta_dag']) retrieved from /opt/airflow/dags/quinta_dag.py
[2024-07-23T03:06:28.716+0000] {logging_mixin.py:137} INFO - [2024-07-23T03:06:28.716+0000] {dag.py:2690} INFO - Sync 1 DAGs
[2024-07-23T03:06:28.729+0000] {logging_mixin.py:137} INFO - [2024-07-23T03:06:28.729+0000] {dag.py:3441} INFO - Setting next_dagrun for quinta_dag to None, run_after=None
[2024-07-23T03:06:28.738+0000] {processor.py:175} INFO - Processing /opt/airflow/dags/quinta_dag.py took 0.050 seconds
[2024-07-23T03:06:33.920+0000] {processor.py:153} INFO - Started process (PID=7926) to work on /opt/airflow/dags/quinta_dag.py
[2024-07-23T03:06:33.923+0000] {processor.py:743} INFO - Processing file /opt/airflow/dags/quinta_dag.py for tasks to queue
[2024-07-23T03:06:33.923+0000] {logging_mixin.py:137} INFO - [2024-07-23T03:06:33.923+0000] {dagbag.py:538} INFO - Filling up the DagBag from /opt/airflow/dags/quinta_dag.py
[2024-07-23T03:06:33.932+0000] {processor.py:753} INFO - DAG(s) dict_keys(['quinta_dag']) retrieved from /opt/airflow/dags/quinta_dag.py
[2024-07-23T03:06:33.947+0000] {logging_mixin.py:137} INFO - [2024-07-23T03:06:33.947+0000] {dag.py:2690} INFO - Sync 1 DAGs
[2024-07-23T03:06:33.961+0000] {logging_mixin.py:137} INFO - [2024-07-23T03:06:33.961+0000] {dag.py:3441} INFO - Setting next_dagrun for quinta_dag to None, run_after=None
[2024-07-23T03:06:33.969+0000] {processor.py:175} INFO - Processing /opt/airflow/dags/quinta_dag.py took 0.051 seconds
[2024-07-23T03:06:39.189+0000] {processor.py:153} INFO - Started process (PID=7933) to work on /opt/airflow/dags/quinta_dag.py
[2024-07-23T03:06:39.195+0000] {processor.py:743} INFO - Processing file /opt/airflow/dags/quinta_dag.py for tasks to queue
[2024-07-23T03:06:39.196+0000] {logging_mixin.py:137} INFO - [2024-07-23T03:06:39.195+0000] {dagbag.py:538} INFO - Filling up the DagBag from /opt/airflow/dags/quinta_dag.py
[2024-07-23T03:06:39.204+0000] {processor.py:753} INFO - DAG(s) dict_keys(['quinta_dag']) retrieved from /opt/airflow/dags/quinta_dag.py
[2024-07-23T03:06:39.220+0000] {logging_mixin.py:137} INFO - [2024-07-23T03:06:39.220+0000] {dag.py:2690} INFO - Sync 1 DAGs
[2024-07-23T03:06:39.233+0000] {logging_mixin.py:137} INFO - [2024-07-23T03:06:39.233+0000] {dag.py:3441} INFO - Setting next_dagrun for quinta_dag to None, run_after=None
[2024-07-23T03:06:39.242+0000] {processor.py:175} INFO - Processing /opt/airflow/dags/quinta_dag.py took 0.055 seconds
[2024-07-23T03:06:44.413+0000] {processor.py:153} INFO - Started process (PID=7956) to work on /opt/airflow/dags/quinta_dag.py
[2024-07-23T03:06:44.415+0000] {processor.py:743} INFO - Processing file /opt/airflow/dags/quinta_dag.py for tasks to queue
[2024-07-23T03:06:44.416+0000] {logging_mixin.py:137} INFO - [2024-07-23T03:06:44.416+0000] {dagbag.py:538} INFO - Filling up the DagBag from /opt/airflow/dags/quinta_dag.py
[2024-07-23T03:06:44.425+0000] {processor.py:753} INFO - DAG(s) dict_keys(['quinta_dag']) retrieved from /opt/airflow/dags/quinta_dag.py
[2024-07-23T03:06:44.441+0000] {logging_mixin.py:137} INFO - [2024-07-23T03:06:44.441+0000] {dag.py:2690} INFO - Sync 1 DAGs
[2024-07-23T03:06:44.454+0000] {logging_mixin.py:137} INFO - [2024-07-23T03:06:44.454+0000] {dag.py:3441} INFO - Setting next_dagrun for quinta_dag to None, run_after=None
[2024-07-23T03:06:44.463+0000] {processor.py:175} INFO - Processing /opt/airflow/dags/quinta_dag.py took 0.052 seconds
[2024-07-23T03:06:49.642+0000] {processor.py:153} INFO - Started process (PID=7963) to work on /opt/airflow/dags/quinta_dag.py
[2024-07-23T03:06:49.644+0000] {processor.py:743} INFO - Processing file /opt/airflow/dags/quinta_dag.py for tasks to queue
[2024-07-23T03:06:49.645+0000] {logging_mixin.py:137} INFO - [2024-07-23T03:06:49.645+0000] {dagbag.py:538} INFO - Filling up the DagBag from /opt/airflow/dags/quinta_dag.py
[2024-07-23T03:06:49.655+0000] {processor.py:753} INFO - DAG(s) dict_keys(['quinta_dag']) retrieved from /opt/airflow/dags/quinta_dag.py
[2024-07-23T03:06:49.670+0000] {logging_mixin.py:137} INFO - [2024-07-23T03:06:49.670+0000] {dag.py:2690} INFO - Sync 1 DAGs
[2024-07-23T03:06:49.682+0000] {logging_mixin.py:137} INFO - [2024-07-23T03:06:49.682+0000] {dag.py:3441} INFO - Setting next_dagrun for quinta_dag to None, run_after=None
[2024-07-23T03:06:49.691+0000] {processor.py:175} INFO - Processing /opt/airflow/dags/quinta_dag.py took 0.052 seconds
[2024-07-23T03:06:54.894+0000] {processor.py:153} INFO - Started process (PID=7986) to work on /opt/airflow/dags/quinta_dag.py
[2024-07-23T03:06:54.898+0000] {processor.py:743} INFO - Processing file /opt/airflow/dags/quinta_dag.py for tasks to queue
[2024-07-23T03:06:54.899+0000] {logging_mixin.py:137} INFO - [2024-07-23T03:06:54.899+0000] {dagbag.py:538} INFO - Filling up the DagBag from /opt/airflow/dags/quinta_dag.py
[2024-07-23T03:06:54.912+0000] {processor.py:753} INFO - DAG(s) dict_keys(['quinta_dag']) retrieved from /opt/airflow/dags/quinta_dag.py
[2024-07-23T03:06:54.926+0000] {logging_mixin.py:137} INFO - [2024-07-23T03:06:54.926+0000] {dag.py:2690} INFO - Sync 1 DAGs
[2024-07-23T03:06:54.938+0000] {logging_mixin.py:137} INFO - [2024-07-23T03:06:54.938+0000] {dag.py:3441} INFO - Setting next_dagrun for quinta_dag to None, run_after=None
[2024-07-23T03:06:54.946+0000] {processor.py:175} INFO - Processing /opt/airflow/dags/quinta_dag.py took 0.054 seconds
[2024-07-23T03:07:00.131+0000] {processor.py:153} INFO - Started process (PID=7993) to work on /opt/airflow/dags/quinta_dag.py
[2024-07-23T03:07:00.133+0000] {processor.py:743} INFO - Processing file /opt/airflow/dags/quinta_dag.py for tasks to queue
[2024-07-23T03:07:00.134+0000] {logging_mixin.py:137} INFO - [2024-07-23T03:07:00.134+0000] {dagbag.py:538} INFO - Filling up the DagBag from /opt/airflow/dags/quinta_dag.py
[2024-07-23T03:07:00.143+0000] {processor.py:753} INFO - DAG(s) dict_keys(['quinta_dag']) retrieved from /opt/airflow/dags/quinta_dag.py
[2024-07-23T03:07:00.158+0000] {logging_mixin.py:137} INFO - [2024-07-23T03:07:00.158+0000] {dag.py:2690} INFO - Sync 1 DAGs
[2024-07-23T03:07:00.170+0000] {logging_mixin.py:137} INFO - [2024-07-23T03:07:00.170+0000] {dag.py:3441} INFO - Setting next_dagrun for quinta_dag to None, run_after=None
[2024-07-23T03:07:00.178+0000] {processor.py:175} INFO - Processing /opt/airflow/dags/quinta_dag.py took 0.049 seconds
[2024-07-23T03:07:05.353+0000] {processor.py:153} INFO - Started process (PID=8015) to work on /opt/airflow/dags/quinta_dag.py
[2024-07-23T03:07:05.354+0000] {processor.py:743} INFO - Processing file /opt/airflow/dags/quinta_dag.py for tasks to queue
[2024-07-23T03:07:05.356+0000] {logging_mixin.py:137} INFO - [2024-07-23T03:07:05.355+0000] {dagbag.py:538} INFO - Filling up the DagBag from /opt/airflow/dags/quinta_dag.py
[2024-07-23T03:07:05.370+0000] {processor.py:753} INFO - DAG(s) dict_keys(['quinta_dag']) retrieved from /opt/airflow/dags/quinta_dag.py
[2024-07-23T03:07:05.385+0000] {logging_mixin.py:137} INFO - [2024-07-23T03:07:05.384+0000] {dag.py:2690} INFO - Sync 1 DAGs
[2024-07-23T03:07:05.397+0000] {logging_mixin.py:137} INFO - [2024-07-23T03:07:05.397+0000] {dag.py:3441} INFO - Setting next_dagrun for quinta_dag to None, run_after=None
[2024-07-23T03:07:05.405+0000] {processor.py:175} INFO - Processing /opt/airflow/dags/quinta_dag.py took 0.054 seconds
[2024-07-23T03:07:10.588+0000] {processor.py:153} INFO - Started process (PID=8021) to work on /opt/airflow/dags/quinta_dag.py
[2024-07-23T03:07:10.589+0000] {processor.py:743} INFO - Processing file /opt/airflow/dags/quinta_dag.py for tasks to queue
[2024-07-23T03:07:10.590+0000] {logging_mixin.py:137} INFO - [2024-07-23T03:07:10.590+0000] {dagbag.py:538} INFO - Filling up the DagBag from /opt/airflow/dags/quinta_dag.py
[2024-07-23T03:07:10.602+0000] {processor.py:753} INFO - DAG(s) dict_keys(['quinta_dag']) retrieved from /opt/airflow/dags/quinta_dag.py
[2024-07-23T03:07:10.615+0000] {logging_mixin.py:137} INFO - [2024-07-23T03:07:10.615+0000] {dag.py:2690} INFO - Sync 1 DAGs
[2024-07-23T03:07:10.627+0000] {logging_mixin.py:137} INFO - [2024-07-23T03:07:10.627+0000] {dag.py:3441} INFO - Setting next_dagrun for quinta_dag to None, run_after=None
[2024-07-23T03:07:10.636+0000] {processor.py:175} INFO - Processing /opt/airflow/dags/quinta_dag.py took 0.050 seconds
[2024-07-23T03:07:15.853+0000] {processor.py:153} INFO - Started process (PID=8044) to work on /opt/airflow/dags/quinta_dag.py
[2024-07-23T03:07:15.856+0000] {processor.py:743} INFO - Processing file /opt/airflow/dags/quinta_dag.py for tasks to queue
[2024-07-23T03:07:15.856+0000] {logging_mixin.py:137} INFO - [2024-07-23T03:07:15.856+0000] {dagbag.py:538} INFO - Filling up the DagBag from /opt/airflow/dags/quinta_dag.py
[2024-07-23T03:07:15.868+0000] {processor.py:753} INFO - DAG(s) dict_keys(['quinta_dag']) retrieved from /opt/airflow/dags/quinta_dag.py
[2024-07-23T03:07:15.886+0000] {logging_mixin.py:137} INFO - [2024-07-23T03:07:15.886+0000] {dag.py:2690} INFO - Sync 1 DAGs
[2024-07-23T03:07:15.901+0000] {logging_mixin.py:137} INFO - [2024-07-23T03:07:15.900+0000] {dag.py:3441} INFO - Setting next_dagrun for quinta_dag to None, run_after=None
[2024-07-23T03:07:15.910+0000] {processor.py:175} INFO - Processing /opt/airflow/dags/quinta_dag.py took 0.060 seconds
[2024-07-23T03:07:21.093+0000] {processor.py:153} INFO - Started process (PID=8050) to work on /opt/airflow/dags/quinta_dag.py
[2024-07-23T03:07:21.095+0000] {processor.py:743} INFO - Processing file /opt/airflow/dags/quinta_dag.py for tasks to queue
[2024-07-23T03:07:21.096+0000] {logging_mixin.py:137} INFO - [2024-07-23T03:07:21.096+0000] {dagbag.py:538} INFO - Filling up the DagBag from /opt/airflow/dags/quinta_dag.py
[2024-07-23T03:07:21.106+0000] {processor.py:753} INFO - DAG(s) dict_keys(['quinta_dag']) retrieved from /opt/airflow/dags/quinta_dag.py
[2024-07-23T03:07:21.119+0000] {logging_mixin.py:137} INFO - [2024-07-23T03:07:21.119+0000] {dag.py:2690} INFO - Sync 1 DAGs
[2024-07-23T03:07:21.131+0000] {logging_mixin.py:137} INFO - [2024-07-23T03:07:21.131+0000] {dag.py:3441} INFO - Setting next_dagrun for quinta_dag to None, run_after=None
[2024-07-23T03:07:21.139+0000] {processor.py:175} INFO - Processing /opt/airflow/dags/quinta_dag.py took 0.048 seconds
[2024-07-23T03:07:26.318+0000] {processor.py:153} INFO - Started process (PID=8056) to work on /opt/airflow/dags/quinta_dag.py
[2024-07-23T03:07:26.321+0000] {processor.py:743} INFO - Processing file /opt/airflow/dags/quinta_dag.py for tasks to queue
[2024-07-23T03:07:26.322+0000] {logging_mixin.py:137} INFO - [2024-07-23T03:07:26.322+0000] {dagbag.py:538} INFO - Filling up the DagBag from /opt/airflow/dags/quinta_dag.py
[2024-07-23T03:07:26.336+0000] {processor.py:753} INFO - DAG(s) dict_keys(['quinta_dag']) retrieved from /opt/airflow/dags/quinta_dag.py
[2024-07-23T03:07:26.350+0000] {logging_mixin.py:137} INFO - [2024-07-23T03:07:26.350+0000] {dag.py:2690} INFO - Sync 1 DAGs
[2024-07-23T03:07:26.363+0000] {logging_mixin.py:137} INFO - [2024-07-23T03:07:26.363+0000] {dag.py:3441} INFO - Setting next_dagrun for quinta_dag to None, run_after=None
[2024-07-23T03:07:26.371+0000] {processor.py:175} INFO - Processing /opt/airflow/dags/quinta_dag.py took 0.055 seconds
[2024-07-23T03:07:31.476+0000] {processor.py:153} INFO - Started process (PID=8077) to work on /opt/airflow/dags/quinta_dag.py
[2024-07-23T03:07:31.479+0000] {processor.py:743} INFO - Processing file /opt/airflow/dags/quinta_dag.py for tasks to queue
[2024-07-23T03:07:31.479+0000] {logging_mixin.py:137} INFO - [2024-07-23T03:07:31.479+0000] {dagbag.py:538} INFO - Filling up the DagBag from /opt/airflow/dags/quinta_dag.py
[2024-07-23T03:07:31.490+0000] {processor.py:753} INFO - DAG(s) dict_keys(['quinta_dag']) retrieved from /opt/airflow/dags/quinta_dag.py
[2024-07-23T03:07:31.504+0000] {logging_mixin.py:137} INFO - [2024-07-23T03:07:31.504+0000] {dag.py:2690} INFO - Sync 1 DAGs
[2024-07-23T03:07:31.518+0000] {logging_mixin.py:137} INFO - [2024-07-23T03:07:31.517+0000] {dag.py:3441} INFO - Setting next_dagrun for quinta_dag to None, run_after=None
[2024-07-23T03:07:31.526+0000] {processor.py:175} INFO - Processing /opt/airflow/dags/quinta_dag.py took 0.052 seconds
[2024-07-23T03:07:36.775+0000] {processor.py:153} INFO - Started process (PID=8084) to work on /opt/airflow/dags/quinta_dag.py
[2024-07-23T03:07:36.776+0000] {processor.py:743} INFO - Processing file /opt/airflow/dags/quinta_dag.py for tasks to queue
[2024-07-23T03:07:36.777+0000] {logging_mixin.py:137} INFO - [2024-07-23T03:07:36.777+0000] {dagbag.py:538} INFO - Filling up the DagBag from /opt/airflow/dags/quinta_dag.py
[2024-07-23T03:07:36.791+0000] {processor.py:753} INFO - DAG(s) dict_keys(['quinta_dag']) retrieved from /opt/airflow/dags/quinta_dag.py
[2024-07-23T03:07:36.811+0000] {logging_mixin.py:137} INFO - [2024-07-23T03:07:36.811+0000] {dag.py:2690} INFO - Sync 1 DAGs
[2024-07-23T03:07:36.826+0000] {logging_mixin.py:137} INFO - [2024-07-23T03:07:36.825+0000] {dag.py:3441} INFO - Setting next_dagrun for quinta_dag to None, run_after=None
[2024-07-23T03:07:36.837+0000] {processor.py:175} INFO - Processing /opt/airflow/dags/quinta_dag.py took 0.064 seconds
[2024-07-23T03:07:41.997+0000] {processor.py:153} INFO - Started process (PID=8106) to work on /opt/airflow/dags/quinta_dag.py
[2024-07-23T03:07:41.998+0000] {processor.py:743} INFO - Processing file /opt/airflow/dags/quinta_dag.py for tasks to queue
[2024-07-23T03:07:41.998+0000] {logging_mixin.py:137} INFO - [2024-07-23T03:07:41.998+0000] {dagbag.py:538} INFO - Filling up the DagBag from /opt/airflow/dags/quinta_dag.py
[2024-07-23T03:07:42.008+0000] {processor.py:753} INFO - DAG(s) dict_keys(['quinta_dag']) retrieved from /opt/airflow/dags/quinta_dag.py
[2024-07-23T03:07:42.023+0000] {logging_mixin.py:137} INFO - [2024-07-23T03:07:42.022+0000] {dag.py:2690} INFO - Sync 1 DAGs
[2024-07-23T03:07:42.036+0000] {logging_mixin.py:137} INFO - [2024-07-23T03:07:42.036+0000] {dag.py:3441} INFO - Setting next_dagrun for quinta_dag to None, run_after=None
[2024-07-23T03:07:42.044+0000] {processor.py:175} INFO - Processing /opt/airflow/dags/quinta_dag.py took 0.049 seconds
[2024-07-23T03:07:47.273+0000] {processor.py:153} INFO - Started process (PID=8112) to work on /opt/airflow/dags/quinta_dag.py
[2024-07-23T03:07:47.274+0000] {processor.py:743} INFO - Processing file /opt/airflow/dags/quinta_dag.py for tasks to queue
[2024-07-23T03:07:47.277+0000] {logging_mixin.py:137} INFO - [2024-07-23T03:07:47.276+0000] {dagbag.py:538} INFO - Filling up the DagBag from /opt/airflow/dags/quinta_dag.py
[2024-07-23T03:07:47.289+0000] {processor.py:753} INFO - DAG(s) dict_keys(['quinta_dag']) retrieved from /opt/airflow/dags/quinta_dag.py
[2024-07-23T03:07:47.305+0000] {logging_mixin.py:137} INFO - [2024-07-23T03:07:47.305+0000] {dag.py:2690} INFO - Sync 1 DAGs
[2024-07-23T03:07:47.319+0000] {logging_mixin.py:137} INFO - [2024-07-23T03:07:47.319+0000] {dag.py:3441} INFO - Setting next_dagrun for quinta_dag to None, run_after=None
[2024-07-23T03:07:47.328+0000] {processor.py:175} INFO - Processing /opt/airflow/dags/quinta_dag.py took 0.056 seconds
[2024-07-23T03:07:52.415+0000] {processor.py:153} INFO - Started process (PID=8133) to work on /opt/airflow/dags/quinta_dag.py
[2024-07-23T03:07:52.415+0000] {processor.py:743} INFO - Processing file /opt/airflow/dags/quinta_dag.py for tasks to queue
[2024-07-23T03:07:52.416+0000] {logging_mixin.py:137} INFO - [2024-07-23T03:07:52.416+0000] {dagbag.py:538} INFO - Filling up the DagBag from /opt/airflow/dags/quinta_dag.py
[2024-07-23T03:07:52.427+0000] {processor.py:753} INFO - DAG(s) dict_keys(['quinta_dag']) retrieved from /opt/airflow/dags/quinta_dag.py
[2024-07-23T03:07:52.440+0000] {logging_mixin.py:137} INFO - [2024-07-23T03:07:52.440+0000] {dag.py:2690} INFO - Sync 1 DAGs
[2024-07-23T03:07:52.453+0000] {logging_mixin.py:137} INFO - [2024-07-23T03:07:52.453+0000] {dag.py:3441} INFO - Setting next_dagrun for quinta_dag to None, run_after=None
[2024-07-23T03:07:52.461+0000] {processor.py:175} INFO - Processing /opt/airflow/dags/quinta_dag.py took 0.049 seconds
[2024-07-23T03:07:57.714+0000] {processor.py:153} INFO - Started process (PID=8140) to work on /opt/airflow/dags/quinta_dag.py
[2024-07-23T03:07:57.717+0000] {processor.py:743} INFO - Processing file /opt/airflow/dags/quinta_dag.py for tasks to queue
[2024-07-23T03:07:57.717+0000] {logging_mixin.py:137} INFO - [2024-07-23T03:07:57.717+0000] {dagbag.py:538} INFO - Filling up the DagBag from /opt/airflow/dags/quinta_dag.py
[2024-07-23T03:07:57.726+0000] {processor.py:753} INFO - DAG(s) dict_keys(['quinta_dag']) retrieved from /opt/airflow/dags/quinta_dag.py
[2024-07-23T03:07:57.741+0000] {logging_mixin.py:137} INFO - [2024-07-23T03:07:57.741+0000] {dag.py:2690} INFO - Sync 1 DAGs
[2024-07-23T03:07:57.755+0000] {logging_mixin.py:137} INFO - [2024-07-23T03:07:57.755+0000] {dag.py:3441} INFO - Setting next_dagrun for quinta_dag to None, run_after=None
[2024-07-23T03:07:57.765+0000] {processor.py:175} INFO - Processing /opt/airflow/dags/quinta_dag.py took 0.053 seconds
[2024-07-23T03:08:02.929+0000] {processor.py:153} INFO - Started process (PID=8162) to work on /opt/airflow/dags/quinta_dag.py
[2024-07-23T03:08:02.931+0000] {processor.py:743} INFO - Processing file /opt/airflow/dags/quinta_dag.py for tasks to queue
[2024-07-23T03:08:02.932+0000] {logging_mixin.py:137} INFO - [2024-07-23T03:08:02.932+0000] {dagbag.py:538} INFO - Filling up the DagBag from /opt/airflow/dags/quinta_dag.py
[2024-07-23T03:08:02.946+0000] {processor.py:753} INFO - DAG(s) dict_keys(['quinta_dag']) retrieved from /opt/airflow/dags/quinta_dag.py
[2024-07-23T03:08:02.962+0000] {logging_mixin.py:137} INFO - [2024-07-23T03:08:02.962+0000] {dag.py:2690} INFO - Sync 1 DAGs
[2024-07-23T03:08:02.977+0000] {logging_mixin.py:137} INFO - [2024-07-23T03:08:02.977+0000] {dag.py:3441} INFO - Setting next_dagrun for quinta_dag to None, run_after=None
[2024-07-23T03:08:02.987+0000] {processor.py:175} INFO - Processing /opt/airflow/dags/quinta_dag.py took 0.061 seconds
[2024-07-23T03:08:08.238+0000] {processor.py:153} INFO - Started process (PID=8168) to work on /opt/airflow/dags/quinta_dag.py
[2024-07-23T03:08:08.240+0000] {processor.py:743} INFO - Processing file /opt/airflow/dags/quinta_dag.py for tasks to queue
[2024-07-23T03:08:08.241+0000] {logging_mixin.py:137} INFO - [2024-07-23T03:08:08.241+0000] {dagbag.py:538} INFO - Filling up the DagBag from /opt/airflow/dags/quinta_dag.py
[2024-07-23T03:08:08.250+0000] {processor.py:753} INFO - DAG(s) dict_keys(['quinta_dag']) retrieved from /opt/airflow/dags/quinta_dag.py
[2024-07-23T03:08:08.268+0000] {logging_mixin.py:137} INFO - [2024-07-23T03:08:08.268+0000] {dag.py:2690} INFO - Sync 1 DAGs
[2024-07-23T03:08:08.281+0000] {logging_mixin.py:137} INFO - [2024-07-23T03:08:08.281+0000] {dag.py:3441} INFO - Setting next_dagrun for quinta_dag to None, run_after=None
[2024-07-23T03:08:08.291+0000] {processor.py:175} INFO - Processing /opt/airflow/dags/quinta_dag.py took 0.056 seconds
[2024-07-23T03:08:13.544+0000] {processor.py:153} INFO - Started process (PID=8191) to work on /opt/airflow/dags/quinta_dag.py
[2024-07-23T03:08:13.544+0000] {processor.py:743} INFO - Processing file /opt/airflow/dags/quinta_dag.py for tasks to queue
[2024-07-23T03:08:13.544+0000] {logging_mixin.py:137} INFO - [2024-07-23T03:08:13.544+0000] {dagbag.py:538} INFO - Filling up the DagBag from /opt/airflow/dags/quinta_dag.py
[2024-07-23T03:08:13.552+0000] {processor.py:753} INFO - DAG(s) dict_keys(['quinta_dag']) retrieved from /opt/airflow/dags/quinta_dag.py
[2024-07-23T03:08:13.564+0000] {logging_mixin.py:137} INFO - [2024-07-23T03:08:13.564+0000] {dag.py:2690} INFO - Sync 1 DAGs
[2024-07-23T03:08:13.576+0000] {logging_mixin.py:137} INFO - [2024-07-23T03:08:13.576+0000] {dag.py:3441} INFO - Setting next_dagrun for quinta_dag to None, run_after=None
[2024-07-23T03:08:13.583+0000] {processor.py:175} INFO - Processing /opt/airflow/dags/quinta_dag.py took 0.042 seconds
[2024-07-23T03:08:18.719+0000] {processor.py:153} INFO - Started process (PID=8197) to work on /opt/airflow/dags/quinta_dag.py
[2024-07-23T03:08:18.723+0000] {processor.py:743} INFO - Processing file /opt/airflow/dags/quinta_dag.py for tasks to queue
[2024-07-23T03:08:18.723+0000] {logging_mixin.py:137} INFO - [2024-07-23T03:08:18.723+0000] {dagbag.py:538} INFO - Filling up the DagBag from /opt/airflow/dags/quinta_dag.py
[2024-07-23T03:08:18.733+0000] {processor.py:753} INFO - DAG(s) dict_keys(['quinta_dag']) retrieved from /opt/airflow/dags/quinta_dag.py
[2024-07-23T03:08:18.749+0000] {logging_mixin.py:137} INFO - [2024-07-23T03:08:18.749+0000] {dag.py:2690} INFO - Sync 1 DAGs
[2024-07-23T03:08:18.763+0000] {logging_mixin.py:137} INFO - [2024-07-23T03:08:18.763+0000] {dag.py:3441} INFO - Setting next_dagrun for quinta_dag to None, run_after=None
[2024-07-23T03:08:18.780+0000] {processor.py:175} INFO - Processing /opt/airflow/dags/quinta_dag.py took 0.063 seconds
[2024-07-23T03:08:24.009+0000] {processor.py:153} INFO - Started process (PID=8220) to work on /opt/airflow/dags/quinta_dag.py
[2024-07-23T03:08:24.010+0000] {processor.py:743} INFO - Processing file /opt/airflow/dags/quinta_dag.py for tasks to queue
[2024-07-23T03:08:24.010+0000] {logging_mixin.py:137} INFO - [2024-07-23T03:08:24.010+0000] {dagbag.py:538} INFO - Filling up the DagBag from /opt/airflow/dags/quinta_dag.py
[2024-07-23T03:08:24.024+0000] {processor.py:753} INFO - DAG(s) dict_keys(['quinta_dag']) retrieved from /opt/airflow/dags/quinta_dag.py
[2024-07-23T03:08:24.039+0000] {logging_mixin.py:137} INFO - [2024-07-23T03:08:24.039+0000] {dag.py:2690} INFO - Sync 1 DAGs
[2024-07-23T03:08:24.056+0000] {logging_mixin.py:137} INFO - [2024-07-23T03:08:24.056+0000] {dag.py:3441} INFO - Setting next_dagrun for quinta_dag to None, run_after=None
[2024-07-23T03:08:24.076+0000] {processor.py:175} INFO - Processing /opt/airflow/dags/quinta_dag.py took 0.069 seconds
[2024-07-23T03:08:29.309+0000] {processor.py:153} INFO - Started process (PID=8227) to work on /opt/airflow/dags/quinta_dag.py
[2024-07-23T03:08:29.311+0000] {processor.py:743} INFO - Processing file /opt/airflow/dags/quinta_dag.py for tasks to queue
[2024-07-23T03:08:29.312+0000] {logging_mixin.py:137} INFO - [2024-07-23T03:08:29.312+0000] {dagbag.py:538} INFO - Filling up the DagBag from /opt/airflow/dags/quinta_dag.py
[2024-07-23T03:08:29.326+0000] {processor.py:753} INFO - DAG(s) dict_keys(['quinta_dag']) retrieved from /opt/airflow/dags/quinta_dag.py
[2024-07-23T03:08:29.342+0000] {logging_mixin.py:137} INFO - [2024-07-23T03:08:29.342+0000] {dag.py:2690} INFO - Sync 1 DAGs
[2024-07-23T03:08:29.355+0000] {logging_mixin.py:137} INFO - [2024-07-23T03:08:29.355+0000] {dag.py:3441} INFO - Setting next_dagrun for quinta_dag to None, run_after=None
[2024-07-23T03:08:29.372+0000] {processor.py:175} INFO - Processing /opt/airflow/dags/quinta_dag.py took 0.066 seconds
[2024-07-23T03:08:34.681+0000] {processor.py:153} INFO - Started process (PID=8251) to work on /opt/airflow/dags/quinta_dag.py
[2024-07-23T03:08:34.682+0000] {processor.py:743} INFO - Processing file /opt/airflow/dags/quinta_dag.py for tasks to queue
[2024-07-23T03:08:34.682+0000] {logging_mixin.py:137} INFO - [2024-07-23T03:08:34.682+0000] {dagbag.py:538} INFO - Filling up the DagBag from /opt/airflow/dags/quinta_dag.py
[2024-07-23T03:08:34.692+0000] {processor.py:753} INFO - DAG(s) dict_keys(['quinta_dag']) retrieved from /opt/airflow/dags/quinta_dag.py
[2024-07-23T03:08:34.708+0000] {logging_mixin.py:137} INFO - [2024-07-23T03:08:34.708+0000] {dag.py:2690} INFO - Sync 1 DAGs
[2024-07-23T03:08:34.721+0000] {logging_mixin.py:137} INFO - [2024-07-23T03:08:34.721+0000] {dag.py:3441} INFO - Setting next_dagrun for quinta_dag to None, run_after=None
[2024-07-23T03:08:34.731+0000] {processor.py:175} INFO - Processing /opt/airflow/dags/quinta_dag.py took 0.053 seconds
[2024-07-23T03:08:39.934+0000] {processor.py:153} INFO - Started process (PID=8258) to work on /opt/airflow/dags/quinta_dag.py
[2024-07-23T03:08:39.936+0000] {processor.py:743} INFO - Processing file /opt/airflow/dags/quinta_dag.py for tasks to queue
[2024-07-23T03:08:39.937+0000] {logging_mixin.py:137} INFO - [2024-07-23T03:08:39.937+0000] {dagbag.py:538} INFO - Filling up the DagBag from /opt/airflow/dags/quinta_dag.py
[2024-07-23T03:08:39.951+0000] {processor.py:753} INFO - DAG(s) dict_keys(['quinta_dag']) retrieved from /opt/airflow/dags/quinta_dag.py
[2024-07-23T03:08:39.979+0000] {logging_mixin.py:137} INFO - [2024-07-23T03:08:39.979+0000] {dag.py:2690} INFO - Sync 1 DAGs
[2024-07-23T03:08:39.993+0000] {logging_mixin.py:137} INFO - [2024-07-23T03:08:39.993+0000] {dag.py:3441} INFO - Setting next_dagrun for quinta_dag to None, run_after=None
[2024-07-23T03:08:40.005+0000] {processor.py:175} INFO - Processing /opt/airflow/dags/quinta_dag.py took 0.075 seconds
[2024-07-23T03:08:45.281+0000] {processor.py:153} INFO - Started process (PID=8265) to work on /opt/airflow/dags/quinta_dag.py
[2024-07-23T03:08:45.283+0000] {processor.py:743} INFO - Processing file /opt/airflow/dags/quinta_dag.py for tasks to queue
[2024-07-23T03:08:45.283+0000] {logging_mixin.py:137} INFO - [2024-07-23T03:08:45.283+0000] {dagbag.py:538} INFO - Filling up the DagBag from /opt/airflow/dags/quinta_dag.py
[2024-07-23T03:08:45.295+0000] {processor.py:753} INFO - DAG(s) dict_keys(['quinta_dag']) retrieved from /opt/airflow/dags/quinta_dag.py
[2024-07-23T03:08:45.310+0000] {logging_mixin.py:137} INFO - [2024-07-23T03:08:45.310+0000] {dag.py:2690} INFO - Sync 1 DAGs
[2024-07-23T03:08:45.324+0000] {logging_mixin.py:137} INFO - [2024-07-23T03:08:45.324+0000] {dag.py:3441} INFO - Setting next_dagrun for quinta_dag to None, run_after=None
[2024-07-23T03:08:45.334+0000] {processor.py:175} INFO - Processing /opt/airflow/dags/quinta_dag.py took 0.055 seconds
[2024-07-23T03:08:50.555+0000] {processor.py:153} INFO - Started process (PID=8288) to work on /opt/airflow/dags/quinta_dag.py
[2024-07-23T03:08:50.556+0000] {processor.py:743} INFO - Processing file /opt/airflow/dags/quinta_dag.py for tasks to queue
[2024-07-23T03:08:50.556+0000] {logging_mixin.py:137} INFO - [2024-07-23T03:08:50.556+0000] {dagbag.py:538} INFO - Filling up the DagBag from /opt/airflow/dags/quinta_dag.py
[2024-07-23T03:08:50.565+0000] {processor.py:753} INFO - DAG(s) dict_keys(['quinta_dag']) retrieved from /opt/airflow/dags/quinta_dag.py
[2024-07-23T03:08:50.584+0000] {logging_mixin.py:137} INFO - [2024-07-23T03:08:50.583+0000] {dag.py:2690} INFO - Sync 1 DAGs
[2024-07-23T03:08:50.598+0000] {logging_mixin.py:137} INFO - [2024-07-23T03:08:50.598+0000] {dag.py:3441} INFO - Setting next_dagrun for quinta_dag to None, run_after=None
[2024-07-23T03:08:50.606+0000] {processor.py:175} INFO - Processing /opt/airflow/dags/quinta_dag.py took 0.053 seconds
[2024-07-23T03:08:55.857+0000] {processor.py:153} INFO - Started process (PID=8295) to work on /opt/airflow/dags/quinta_dag.py
[2024-07-23T03:08:55.858+0000] {processor.py:743} INFO - Processing file /opt/airflow/dags/quinta_dag.py for tasks to queue
[2024-07-23T03:08:55.859+0000] {logging_mixin.py:137} INFO - [2024-07-23T03:08:55.859+0000] {dagbag.py:538} INFO - Filling up the DagBag from /opt/airflow/dags/quinta_dag.py
[2024-07-23T03:08:55.873+0000] {processor.py:753} INFO - DAG(s) dict_keys(['quinta_dag']) retrieved from /opt/airflow/dags/quinta_dag.py
[2024-07-23T03:08:55.889+0000] {logging_mixin.py:137} INFO - [2024-07-23T03:08:55.889+0000] {dag.py:2690} INFO - Sync 1 DAGs
[2024-07-23T03:08:55.903+0000] {logging_mixin.py:137} INFO - [2024-07-23T03:08:55.903+0000] {dag.py:3441} INFO - Setting next_dagrun for quinta_dag to None, run_after=None
[2024-07-23T03:08:55.912+0000] {processor.py:175} INFO - Processing /opt/airflow/dags/quinta_dag.py took 0.057 seconds
[2024-07-23T03:09:01.154+0000] {processor.py:153} INFO - Started process (PID=8318) to work on /opt/airflow/dags/quinta_dag.py
[2024-07-23T03:09:01.154+0000] {processor.py:743} INFO - Processing file /opt/airflow/dags/quinta_dag.py for tasks to queue
[2024-07-23T03:09:01.155+0000] {logging_mixin.py:137} INFO - [2024-07-23T03:09:01.155+0000] {dagbag.py:538} INFO - Filling up the DagBag from /opt/airflow/dags/quinta_dag.py
[2024-07-23T03:09:01.168+0000] {processor.py:753} INFO - DAG(s) dict_keys(['quinta_dag']) retrieved from /opt/airflow/dags/quinta_dag.py
[2024-07-23T03:09:01.185+0000] {logging_mixin.py:137} INFO - [2024-07-23T03:09:01.185+0000] {dag.py:2690} INFO - Sync 1 DAGs
[2024-07-23T03:09:01.198+0000] {logging_mixin.py:137} INFO - [2024-07-23T03:09:01.198+0000] {dag.py:3441} INFO - Setting next_dagrun for quinta_dag to None, run_after=None
[2024-07-23T03:09:01.206+0000] {processor.py:175} INFO - Processing /opt/airflow/dags/quinta_dag.py took 0.055 seconds
[2024-07-23T03:09:06.437+0000] {processor.py:153} INFO - Started process (PID=8325) to work on /opt/airflow/dags/quinta_dag.py
[2024-07-23T03:09:06.438+0000] {processor.py:743} INFO - Processing file /opt/airflow/dags/quinta_dag.py for tasks to queue
[2024-07-23T03:09:06.438+0000] {logging_mixin.py:137} INFO - [2024-07-23T03:09:06.438+0000] {dagbag.py:538} INFO - Filling up the DagBag from /opt/airflow/dags/quinta_dag.py
[2024-07-23T03:09:06.451+0000] {processor.py:753} INFO - DAG(s) dict_keys(['quinta_dag']) retrieved from /opt/airflow/dags/quinta_dag.py
[2024-07-23T03:09:06.467+0000] {logging_mixin.py:137} INFO - [2024-07-23T03:09:06.467+0000] {dag.py:2690} INFO - Sync 1 DAGs
[2024-07-23T03:09:06.480+0000] {logging_mixin.py:137} INFO - [2024-07-23T03:09:06.480+0000] {dag.py:3441} INFO - Setting next_dagrun for quinta_dag to None, run_after=None
[2024-07-23T03:09:06.488+0000] {processor.py:175} INFO - Processing /opt/airflow/dags/quinta_dag.py took 0.053 seconds
[2024-07-23T03:09:11.666+0000] {processor.py:153} INFO - Started process (PID=8347) to work on /opt/airflow/dags/quinta_dag.py
[2024-07-23T03:09:11.666+0000] {processor.py:743} INFO - Processing file /opt/airflow/dags/quinta_dag.py for tasks to queue
[2024-07-23T03:09:11.668+0000] {logging_mixin.py:137} INFO - [2024-07-23T03:09:11.668+0000] {dagbag.py:538} INFO - Filling up the DagBag from /opt/airflow/dags/quinta_dag.py
[2024-07-23T03:09:11.682+0000] {processor.py:753} INFO - DAG(s) dict_keys(['quinta_dag']) retrieved from /opt/airflow/dags/quinta_dag.py
[2024-07-23T03:09:11.696+0000] {logging_mixin.py:137} INFO - [2024-07-23T03:09:11.696+0000] {dag.py:2690} INFO - Sync 1 DAGs
[2024-07-23T03:09:11.710+0000] {logging_mixin.py:137} INFO - [2024-07-23T03:09:11.710+0000] {dag.py:3441} INFO - Setting next_dagrun for quinta_dag to None, run_after=None
[2024-07-23T03:09:11.718+0000] {processor.py:175} INFO - Processing /opt/airflow/dags/quinta_dag.py took 0.055 seconds
[2024-07-23T03:09:16.980+0000] {processor.py:153} INFO - Started process (PID=8354) to work on /opt/airflow/dags/quinta_dag.py
[2024-07-23T03:09:16.982+0000] {processor.py:743} INFO - Processing file /opt/airflow/dags/quinta_dag.py for tasks to queue
[2024-07-23T03:09:16.983+0000] {logging_mixin.py:137} INFO - [2024-07-23T03:09:16.983+0000] {dagbag.py:538} INFO - Filling up the DagBag from /opt/airflow/dags/quinta_dag.py
[2024-07-23T03:09:16.998+0000] {processor.py:753} INFO - DAG(s) dict_keys(['quinta_dag']) retrieved from /opt/airflow/dags/quinta_dag.py
[2024-07-23T03:09:17.013+0000] {logging_mixin.py:137} INFO - [2024-07-23T03:09:17.013+0000] {dag.py:2690} INFO - Sync 1 DAGs
[2024-07-23T03:09:17.025+0000] {logging_mixin.py:137} INFO - [2024-07-23T03:09:17.025+0000] {dag.py:3441} INFO - Setting next_dagrun for quinta_dag to None, run_after=None
[2024-07-23T03:09:17.033+0000] {processor.py:175} INFO - Processing /opt/airflow/dags/quinta_dag.py took 0.054 seconds
[2024-07-23T03:09:22.177+0000] {processor.py:153} INFO - Started process (PID=8377) to work on /opt/airflow/dags/quinta_dag.py
[2024-07-23T03:09:22.177+0000] {processor.py:743} INFO - Processing file /opt/airflow/dags/quinta_dag.py for tasks to queue
[2024-07-23T03:09:22.179+0000] {logging_mixin.py:137} INFO - [2024-07-23T03:09:22.179+0000] {dagbag.py:538} INFO - Filling up the DagBag from /opt/airflow/dags/quinta_dag.py
[2024-07-23T03:09:22.191+0000] {processor.py:753} INFO - DAG(s) dict_keys(['quinta_dag']) retrieved from /opt/airflow/dags/quinta_dag.py
[2024-07-23T03:09:22.206+0000] {logging_mixin.py:137} INFO - [2024-07-23T03:09:22.206+0000] {dag.py:2690} INFO - Sync 1 DAGs
[2024-07-23T03:09:22.219+0000] {logging_mixin.py:137} INFO - [2024-07-23T03:09:22.219+0000] {dag.py:3441} INFO - Setting next_dagrun for quinta_dag to None, run_after=None
[2024-07-23T03:09:22.227+0000] {processor.py:175} INFO - Processing /opt/airflow/dags/quinta_dag.py took 0.053 seconds
[2024-07-23T03:09:27.503+0000] {processor.py:153} INFO - Started process (PID=8384) to work on /opt/airflow/dags/quinta_dag.py
[2024-07-23T03:09:27.505+0000] {processor.py:743} INFO - Processing file /opt/airflow/dags/quinta_dag.py for tasks to queue
[2024-07-23T03:09:27.505+0000] {logging_mixin.py:137} INFO - [2024-07-23T03:09:27.505+0000] {dagbag.py:538} INFO - Filling up the DagBag from /opt/airflow/dags/quinta_dag.py
[2024-07-23T03:09:27.514+0000] {processor.py:753} INFO - DAG(s) dict_keys(['quinta_dag']) retrieved from /opt/airflow/dags/quinta_dag.py
[2024-07-23T03:09:27.531+0000] {logging_mixin.py:137} INFO - [2024-07-23T03:09:27.531+0000] {dag.py:2690} INFO - Sync 1 DAGs
[2024-07-23T03:09:27.543+0000] {logging_mixin.py:137} INFO - [2024-07-23T03:09:27.543+0000] {dag.py:3441} INFO - Setting next_dagrun for quinta_dag to None, run_after=None
[2024-07-23T03:09:27.551+0000] {processor.py:175} INFO - Processing /opt/airflow/dags/quinta_dag.py took 0.051 seconds
[2024-07-23T03:09:32.769+0000] {processor.py:153} INFO - Started process (PID=8407) to work on /opt/airflow/dags/quinta_dag.py
[2024-07-23T03:09:32.771+0000] {processor.py:743} INFO - Processing file /opt/airflow/dags/quinta_dag.py for tasks to queue
[2024-07-23T03:09:32.771+0000] {logging_mixin.py:137} INFO - [2024-07-23T03:09:32.771+0000] {dagbag.py:538} INFO - Filling up the DagBag from /opt/airflow/dags/quinta_dag.py
[2024-07-23T03:09:32.782+0000] {processor.py:753} INFO - DAG(s) dict_keys(['quinta_dag']) retrieved from /opt/airflow/dags/quinta_dag.py
[2024-07-23T03:09:32.798+0000] {logging_mixin.py:137} INFO - [2024-07-23T03:09:32.797+0000] {dag.py:2690} INFO - Sync 1 DAGs
[2024-07-23T03:09:32.810+0000] {logging_mixin.py:137} INFO - [2024-07-23T03:09:32.810+0000] {dag.py:3441} INFO - Setting next_dagrun for quinta_dag to None, run_after=None
[2024-07-23T03:09:32.819+0000] {processor.py:175} INFO - Processing /opt/airflow/dags/quinta_dag.py took 0.052 seconds
[2024-07-23T03:09:37.943+0000] {processor.py:153} INFO - Started process (PID=8413) to work on /opt/airflow/dags/quinta_dag.py
[2024-07-23T03:09:37.944+0000] {processor.py:743} INFO - Processing file /opt/airflow/dags/quinta_dag.py for tasks to queue
[2024-07-23T03:09:37.946+0000] {logging_mixin.py:137} INFO - [2024-07-23T03:09:37.945+0000] {dagbag.py:538} INFO - Filling up the DagBag from /opt/airflow/dags/quinta_dag.py
[2024-07-23T03:09:37.957+0000] {processor.py:753} INFO - DAG(s) dict_keys(['quinta_dag']) retrieved from /opt/airflow/dags/quinta_dag.py
[2024-07-23T03:09:37.973+0000] {logging_mixin.py:137} INFO - [2024-07-23T03:09:37.972+0000] {dag.py:2690} INFO - Sync 1 DAGs
[2024-07-23T03:09:37.988+0000] {logging_mixin.py:137} INFO - [2024-07-23T03:09:37.988+0000] {dag.py:3441} INFO - Setting next_dagrun for quinta_dag to None, run_after=None
[2024-07-23T03:09:38.001+0000] {processor.py:175} INFO - Processing /opt/airflow/dags/quinta_dag.py took 0.060 seconds
[2024-07-23T03:09:43.183+0000] {processor.py:153} INFO - Started process (PID=8435) to work on /opt/airflow/dags/quinta_dag.py
[2024-07-23T03:09:43.184+0000] {processor.py:743} INFO - Processing file /opt/airflow/dags/quinta_dag.py for tasks to queue
[2024-07-23T03:09:43.189+0000] {logging_mixin.py:137} INFO - [2024-07-23T03:09:43.189+0000] {dagbag.py:538} INFO - Filling up the DagBag from /opt/airflow/dags/quinta_dag.py
[2024-07-23T03:09:43.204+0000] {processor.py:753} INFO - DAG(s) dict_keys(['quinta_dag']) retrieved from /opt/airflow/dags/quinta_dag.py
[2024-07-23T03:09:43.219+0000] {logging_mixin.py:137} INFO - [2024-07-23T03:09:43.219+0000] {dag.py:2690} INFO - Sync 1 DAGs
[2024-07-23T03:09:43.233+0000] {logging_mixin.py:137} INFO - [2024-07-23T03:09:43.233+0000] {dag.py:3441} INFO - Setting next_dagrun for quinta_dag to None, run_after=None
[2024-07-23T03:09:43.245+0000] {processor.py:175} INFO - Processing /opt/airflow/dags/quinta_dag.py took 0.065 seconds
[2024-07-23T03:09:48.375+0000] {processor.py:153} INFO - Started process (PID=8440) to work on /opt/airflow/dags/quinta_dag.py
[2024-07-23T03:09:48.377+0000] {processor.py:743} INFO - Processing file /opt/airflow/dags/quinta_dag.py for tasks to queue
[2024-07-23T03:09:48.378+0000] {logging_mixin.py:137} INFO - [2024-07-23T03:09:48.377+0000] {dagbag.py:538} INFO - Filling up the DagBag from /opt/airflow/dags/quinta_dag.py
[2024-07-23T03:09:48.394+0000] {processor.py:753} INFO - DAG(s) dict_keys(['quinta_dag']) retrieved from /opt/airflow/dags/quinta_dag.py
[2024-07-23T03:09:48.410+0000] {logging_mixin.py:137} INFO - [2024-07-23T03:09:48.410+0000] {dag.py:2690} INFO - Sync 1 DAGs
[2024-07-23T03:09:48.425+0000] {logging_mixin.py:137} INFO - [2024-07-23T03:09:48.425+0000] {dag.py:3441} INFO - Setting next_dagrun for quinta_dag to None, run_after=None
[2024-07-23T03:09:48.434+0000] {processor.py:175} INFO - Processing /opt/airflow/dags/quinta_dag.py took 0.062 seconds
