[2024-07-23T00:39:48.742+0000] {taskinstance.py:1083} INFO - Dependencies all met for <TaskInstance: downstream_dag.tsk1 manual__2024-07-23T00:39:48.335092+00:00 [queued]>
[2024-07-23T00:39:48.750+0000] {taskinstance.py:1083} INFO - Dependencies all met for <TaskInstance: downstream_dag.tsk1 manual__2024-07-23T00:39:48.335092+00:00 [queued]>
[2024-07-23T00:39:48.751+0000] {taskinstance.py:1279} INFO - 
--------------------------------------------------------------------------------
[2024-07-23T00:39:48.752+0000] {taskinstance.py:1280} INFO - Starting attempt 1 of 1
[2024-07-23T00:39:48.752+0000] {taskinstance.py:1281} INFO - 
--------------------------------------------------------------------------------
[2024-07-23T00:39:48.765+0000] {taskinstance.py:1300} INFO - Executing <Task(BashOperator): tsk1> on 2024-07-23 00:39:48.335092+00:00
[2024-07-23T00:39:48.767+0000] {standard_task_runner.py:55} INFO - Started process 2376 to run task
[2024-07-23T00:39:48.769+0000] {standard_task_runner.py:82} INFO - Running: ['***', 'tasks', 'run', 'downstream_dag', 'tsk1', 'manual__2024-07-23T00:39:48.335092+00:00', '--job-id', '1279', '--raw', '--subdir', 'DAGS_FOLDER/downstream_dag.py', '--cfg-path', '/tmp/tmpvgxszeos']
[2024-07-23T00:39:48.770+0000] {standard_task_runner.py:83} INFO - Job 1279: Subtask tsk1
[2024-07-23T00:39:48.802+0000] {task_command.py:388} INFO - Running <TaskInstance: downstream_dag.tsk1 manual__2024-07-23T00:39:48.335092+00:00 [running]> on host 448a9c84d52e
[2024-07-23T00:39:48.840+0000] {taskinstance.py:1509} INFO - Exporting the following env vars:
AIRFLOW_CTX_DAG_OWNER=***
AIRFLOW_CTX_DAG_ID=downstream_dag
AIRFLOW_CTX_TASK_ID=tsk1
AIRFLOW_CTX_EXECUTION_DATE=2024-07-23T00:39:48.335092+00:00
AIRFLOW_CTX_TRY_NUMBER=1
AIRFLOW_CTX_DAG_RUN_ID=manual__2024-07-23T00:39:48.335092+00:00
[2024-07-23T00:39:48.841+0000] {subprocess.py:63} INFO - Tmp dir root location: 
 /tmp
[2024-07-23T00:39:48.841+0000] {subprocess.py:75} INFO - Running command: ['/bin/bash', '-c', 'sleep 5']
[2024-07-23T00:39:48.845+0000] {subprocess.py:86} INFO - Output:
[2024-07-23T00:39:53.850+0000] {subprocess.py:97} INFO - Command exited with return code 0
[2024-07-23T00:39:53.864+0000] {taskinstance.py:1323} INFO - Marking task as SUCCESS. dag_id=downstream_dag, task_id=tsk1, execution_date=20240723T003948, start_date=20240723T003948, end_date=20240723T003953
[2024-07-23T00:39:53.896+0000] {local_task_job.py:208} INFO - Task exited with return code 0
[2024-07-23T00:39:53.912+0000] {taskinstance.py:2578} INFO - 2 downstream tasks scheduled from follow-on schedule check
