[2024-07-27T04:14:47.761+0000] {taskinstance.py:1083} INFO - Dependencies all met for <TaskInstance: exemplo_python_operator.clean_data manual__2024-07-27T04:14:46.882607+00:00 [queued]>
[2024-07-27T04:14:47.767+0000] {taskinstance.py:1083} INFO - Dependencies all met for <TaskInstance: exemplo_python_operator.clean_data manual__2024-07-27T04:14:46.882607+00:00 [queued]>
[2024-07-27T04:14:47.767+0000] {taskinstance.py:1279} INFO - 
--------------------------------------------------------------------------------
[2024-07-27T04:14:47.767+0000] {taskinstance.py:1280} INFO - Starting attempt 1 of 1
[2024-07-27T04:14:47.767+0000] {taskinstance.py:1281} INFO - 
--------------------------------------------------------------------------------
[2024-07-27T04:14:47.775+0000] {taskinstance.py:1300} INFO - Executing <Task(PythonOperator): clean_data> on 2024-07-27 04:14:46.882607+00:00
[2024-07-27T04:14:47.778+0000] {standard_task_runner.py:55} INFO - Started process 539 to run task
[2024-07-27T04:14:47.780+0000] {standard_task_runner.py:82} INFO - Running: ['***', 'tasks', 'run', 'exemplo_python_operator', 'clean_data', 'manual__2024-07-27T04:14:46.882607+00:00', '--job-id', '1786', '--raw', '--subdir', 'DAGS_FOLDER/exemplo_python_operator.py', '--cfg-path', '/tmp/tmpxmuzjf6l']
[2024-07-27T04:14:47.781+0000] {standard_task_runner.py:83} INFO - Job 1786: Subtask clean_data
[2024-07-27T04:14:47.814+0000] {task_command.py:388} INFO - Running <TaskInstance: exemplo_python_operator.clean_data manual__2024-07-27T04:14:46.882607+00:00 [running]> on host ec0bbc56d6ed
[2024-07-27T04:14:47.854+0000] {taskinstance.py:1509} INFO - Exporting the following env vars:
AIRFLOW_CTX_DAG_OWNER=***
AIRFLOW_CTX_DAG_ID=exemplo_python_operator
AIRFLOW_CTX_TASK_ID=clean_data
AIRFLOW_CTX_EXECUTION_DATE=2024-07-27T04:14:46.882607+00:00
AIRFLOW_CTX_TRY_NUMBER=1
AIRFLOW_CTX_DAG_RUN_ID=manual__2024-07-27T04:14:46.882607+00:00
[2024-07-27T04:14:47.868+0000] {python.py:177} INFO - Done. Returned value was: None
[2024-07-27T04:14:47.875+0000] {taskinstance.py:1323} INFO - Marking task as SUCCESS. dag_id=exemplo_python_operator, task_id=clean_data, execution_date=20240727T041446, start_date=20240727T041447, end_date=20240727T041447
[2024-07-27T04:14:47.923+0000] {local_task_job.py:208} INFO - Task exited with return code 0
[2024-07-27T04:14:47.934+0000] {taskinstance.py:2578} INFO - 0 downstream tasks scheduled from follow-on schedule check
