[2024-07-22T02:32:00.811+0000] {taskinstance.py:1083} INFO - Dependencies all met for <TaskInstance: example_short_circuit_operator.condition_is_False scheduled__2024-07-21T02:31:40.761213+00:00 [queued]>
[2024-07-22T02:32:01.357+0000] {taskinstance.py:1083} INFO - Dependencies all met for <TaskInstance: example_short_circuit_operator.condition_is_False scheduled__2024-07-21T02:31:40.761213+00:00 [queued]>
[2024-07-22T02:32:01.376+0000] {taskinstance.py:1279} INFO - 
--------------------------------------------------------------------------------
[2024-07-22T02:32:01.391+0000] {taskinstance.py:1280} INFO - Starting attempt 1 of 1
[2024-07-22T02:32:01.400+0000] {taskinstance.py:1281} INFO - 
--------------------------------------------------------------------------------
[2024-07-22T02:32:01.757+0000] {taskinstance.py:1300} INFO - Executing <Task(ShortCircuitOperator): condition_is_False> on 2024-07-21 02:31:40.761213+00:00
[2024-07-22T02:32:01.779+0000] {standard_task_runner.py:55} INFO - Started process 1171 to run task
[2024-07-22T02:32:01.797+0000] {standard_task_runner.py:82} INFO - Running: ['***', 'tasks', 'run', 'example_short_circuit_operator', 'condition_is_False', 'scheduled__2024-07-21T02:31:40.761213+00:00', '--job-id', '314', '--raw', '--subdir', '/home/***/.local/lib/python3.7/site-packages/***/example_dags/example_short_circuit_operator.py', '--cfg-path', '/tmp/tmpsd2x8863']
[2024-07-22T02:32:01.805+0000] {standard_task_runner.py:83} INFO - Job 314: Subtask condition_is_False
[2024-07-22T02:32:02.072+0000] {task_command.py:388} INFO - Running <TaskInstance: example_short_circuit_operator.condition_is_False scheduled__2024-07-21T02:31:40.761213+00:00 [running]> on host 06eaaebc2caa
[2024-07-22T02:32:02.317+0000] {taskinstance.py:1509} INFO - Exporting the following env vars:
AIRFLOW_CTX_DAG_OWNER=***
AIRFLOW_CTX_DAG_ID=example_short_circuit_operator
AIRFLOW_CTX_TASK_ID=condition_is_False
AIRFLOW_CTX_EXECUTION_DATE=2024-07-21T02:31:40.761213+00:00
AIRFLOW_CTX_TRY_NUMBER=1
AIRFLOW_CTX_DAG_RUN_ID=scheduled__2024-07-21T02:31:40.761213+00:00
[2024-07-22T02:32:02.332+0000] {python.py:177} INFO - Done. Returned value was: False
[2024-07-22T02:32:02.361+0000] {python.py:248} INFO - Condition result is False
[2024-07-22T02:32:02.374+0000] {python.py:262} INFO - Skipping all downstream tasks...
[2024-07-22T02:32:02.502+0000] {python.py:270} INFO - Done.
[2024-07-22T02:32:02.573+0000] {taskinstance.py:1323} INFO - Marking task as SUCCESS. dag_id=example_short_circuit_operator, task_id=condition_is_False, execution_date=20240721T023140, start_date=20240722T023200, end_date=20240722T023202
[2024-07-22T02:32:02.655+0000] {local_task_job.py:208} INFO - Task exited with return code 0
[2024-07-22T02:32:02.718+0000] {taskinstance.py:2578} INFO - 0 downstream tasks scheduled from follow-on schedule check
