[2024-07-25T07:06:51.976+0000] {taskinstance.py:1083} INFO - Dependencies all met for <TaskInstance: exemplo_defaultargs.tsk2 scheduled__2024-07-25T06:00:00+00:00 [queued]>
[2024-07-25T07:06:51.982+0000] {taskinstance.py:1083} INFO - Dependencies all met for <TaskInstance: exemplo_defaultargs.tsk2 scheduled__2024-07-25T06:00:00+00:00 [queued]>
[2024-07-25T07:06:51.984+0000] {taskinstance.py:1279} INFO - 
--------------------------------------------------------------------------------
[2024-07-25T07:06:51.984+0000] {taskinstance.py:1280} INFO - Starting attempt 1 of 2
[2024-07-25T07:06:51.985+0000] {taskinstance.py:1281} INFO - 
--------------------------------------------------------------------------------
[2024-07-25T07:06:51.993+0000] {taskinstance.py:1300} INFO - Executing <Task(BashOperator): tsk2> on 2024-07-25 06:00:00+00:00
[2024-07-25T07:06:51.995+0000] {standard_task_runner.py:55} INFO - Started process 39795 to run task
[2024-07-25T07:06:51.997+0000] {standard_task_runner.py:82} INFO - Running: ['***', 'tasks', 'run', 'exemplo_defaultargs', 'tsk2', 'scheduled__2024-07-25T06:00:00+00:00', '--job-id', '1402', '--raw', '--subdir', 'DAGS_FOLDER/exemplo_defaultargs.py', '--cfg-path', '/tmp/tmpcg_gj8p2']
[2024-07-25T07:06:51.997+0000] {standard_task_runner.py:83} INFO - Job 1402: Subtask tsk2
[2024-07-25T07:06:52.034+0000] {task_command.py:388} INFO - Running <TaskInstance: exemplo_defaultargs.tsk2 scheduled__2024-07-25T06:00:00+00:00 [running]> on host 448a9c84d52e
[2024-07-25T07:06:52.073+0000] {taskinstance.py:1509} INFO - Exporting the following env vars:
AIRFLOW_CTX_DAG_EMAIL=test@test.com
AIRFLOW_CTX_DAG_OWNER=***
AIRFLOW_CTX_DAG_ID=exemplo_defaultargs
AIRFLOW_CTX_TASK_ID=tsk2
AIRFLOW_CTX_EXECUTION_DATE=2024-07-25T06:00:00+00:00
AIRFLOW_CTX_TRY_NUMBER=1
AIRFLOW_CTX_DAG_RUN_ID=scheduled__2024-07-25T06:00:00+00:00
[2024-07-25T07:06:52.077+0000] {subprocess.py:63} INFO - Tmp dir root location: 
 /tmp
[2024-07-25T07:06:52.079+0000] {subprocess.py:75} INFO - Running command: ['/bin/bash', '-c', 'sleep 5']
[2024-07-25T07:06:52.087+0000] {subprocess.py:86} INFO - Output:
[2024-07-25T07:06:57.093+0000] {subprocess.py:97} INFO - Command exited with return code 0
[2024-07-25T07:06:57.123+0000] {taskinstance.py:1323} INFO - Marking task as SUCCESS. dag_id=exemplo_defaultargs, task_id=tsk2, execution_date=20240725T060000, start_date=20240725T070651, end_date=20240725T070657
[2024-07-25T07:06:57.144+0000] {local_task_job.py:208} INFO - Task exited with return code 0
[2024-07-25T07:06:57.169+0000] {taskinstance.py:2578} INFO - 1 downstream tasks scheduled from follow-on schedule check
