[2024-07-27T05:00:07.094+0000] {taskinstance.py:1083} INFO - Dependencies all met for <TaskInstance: exemplo_defaultargs.tsk2 scheduled__2024-07-27T04:00:00+00:00 [queued]>
[2024-07-27T05:00:07.100+0000] {taskinstance.py:1083} INFO - Dependencies all met for <TaskInstance: exemplo_defaultargs.tsk2 scheduled__2024-07-27T04:00:00+00:00 [queued]>
[2024-07-27T05:00:07.100+0000] {taskinstance.py:1279} INFO - 
--------------------------------------------------------------------------------
[2024-07-27T05:00:07.101+0000] {taskinstance.py:1280} INFO - Starting attempt 1 of 2
[2024-07-27T05:00:07.101+0000] {taskinstance.py:1281} INFO - 
--------------------------------------------------------------------------------
[2024-07-27T05:00:07.108+0000] {taskinstance.py:1300} INFO - Executing <Task(BashOperator): tsk2> on 2024-07-27 04:00:00+00:00
[2024-07-27T05:00:07.111+0000] {standard_task_runner.py:55} INFO - Started process 3655 to run task
[2024-07-27T05:00:07.113+0000] {standard_task_runner.py:82} INFO - Running: ['***', 'tasks', 'run', 'exemplo_defaultargs', 'tsk2', 'scheduled__2024-07-27T04:00:00+00:00', '--job-id', '1791', '--raw', '--subdir', 'DAGS_FOLDER/exemplo_defaultargs.py', '--cfg-path', '/tmp/tmpaiqyo604']
[2024-07-27T05:00:07.114+0000] {standard_task_runner.py:83} INFO - Job 1791: Subtask tsk2
[2024-07-27T05:00:07.151+0000] {task_command.py:388} INFO - Running <TaskInstance: exemplo_defaultargs.tsk2 scheduled__2024-07-27T04:00:00+00:00 [running]> on host ec0bbc56d6ed
[2024-07-27T05:00:07.193+0000] {taskinstance.py:1509} INFO - Exporting the following env vars:
AIRFLOW_CTX_DAG_EMAIL=test@test.com
AIRFLOW_CTX_DAG_OWNER=***
AIRFLOW_CTX_DAG_ID=exemplo_defaultargs
AIRFLOW_CTX_TASK_ID=tsk2
AIRFLOW_CTX_EXECUTION_DATE=2024-07-27T04:00:00+00:00
AIRFLOW_CTX_TRY_NUMBER=1
AIRFLOW_CTX_DAG_RUN_ID=scheduled__2024-07-27T04:00:00+00:00
[2024-07-27T05:00:07.194+0000] {subprocess.py:63} INFO - Tmp dir root location: 
 /tmp
[2024-07-27T05:00:07.194+0000] {subprocess.py:75} INFO - Running command: ['/bin/bash', '-c', 'sleep 5']
[2024-07-27T05:00:07.201+0000] {subprocess.py:86} INFO - Output:
[2024-07-27T05:00:12.206+0000] {subprocess.py:97} INFO - Command exited with return code 0
[2024-07-27T05:00:12.223+0000] {taskinstance.py:1323} INFO - Marking task as SUCCESS. dag_id=exemplo_defaultargs, task_id=tsk2, execution_date=20240727T040000, start_date=20240727T050007, end_date=20240727T050012
[2024-07-27T05:00:12.243+0000] {local_task_job.py:208} INFO - Task exited with return code 0
[2024-07-27T05:00:12.255+0000] {taskinstance.py:2578} INFO - 1 downstream tasks scheduled from follow-on schedule check
