[2024-07-26T11:00:06.398+0000] {taskinstance.py:1083} INFO - Dependencies all met for <TaskInstance: exemplo_defaultargs.tsk2 scheduled__2024-07-26T10:00:00+00:00 [queued]>
[2024-07-26T11:00:06.404+0000] {taskinstance.py:1083} INFO - Dependencies all met for <TaskInstance: exemplo_defaultargs.tsk2 scheduled__2024-07-26T10:00:00+00:00 [queued]>
[2024-07-26T11:00:06.404+0000] {taskinstance.py:1279} INFO - 
--------------------------------------------------------------------------------
[2024-07-26T11:00:06.404+0000] {taskinstance.py:1280} INFO - Starting attempt 1 of 2
[2024-07-26T11:00:06.404+0000] {taskinstance.py:1281} INFO - 
--------------------------------------------------------------------------------
[2024-07-26T11:00:06.411+0000] {taskinstance.py:1300} INFO - Executing <Task(BashOperator): tsk2> on 2024-07-26 10:00:00+00:00
[2024-07-26T11:00:06.414+0000] {standard_task_runner.py:55} INFO - Started process 11439 to run task
[2024-07-26T11:00:06.416+0000] {standard_task_runner.py:82} INFO - Running: ['***', 'tasks', 'run', 'exemplo_defaultargs', 'tsk2', 'scheduled__2024-07-26T10:00:00+00:00', '--job-id', '1588', '--raw', '--subdir', 'DAGS_FOLDER/exemplo_defaultargs.py', '--cfg-path', '/tmp/tmpy87hnvjf']
[2024-07-26T11:00:06.416+0000] {standard_task_runner.py:83} INFO - Job 1588: Subtask tsk2
[2024-07-26T11:00:06.451+0000] {task_command.py:388} INFO - Running <TaskInstance: exemplo_defaultargs.tsk2 scheduled__2024-07-26T10:00:00+00:00 [running]> on host 029011c5aea1
[2024-07-26T11:00:06.489+0000] {taskinstance.py:1509} INFO - Exporting the following env vars:
AIRFLOW_CTX_DAG_EMAIL=test@test.com
AIRFLOW_CTX_DAG_OWNER=***
AIRFLOW_CTX_DAG_ID=exemplo_defaultargs
AIRFLOW_CTX_TASK_ID=tsk2
AIRFLOW_CTX_EXECUTION_DATE=2024-07-26T10:00:00+00:00
AIRFLOW_CTX_TRY_NUMBER=1
AIRFLOW_CTX_DAG_RUN_ID=scheduled__2024-07-26T10:00:00+00:00
[2024-07-26T11:00:06.490+0000] {subprocess.py:63} INFO - Tmp dir root location: 
 /tmp
[2024-07-26T11:00:06.491+0000] {subprocess.py:75} INFO - Running command: ['/bin/bash', '-c', 'sleep 5']
[2024-07-26T11:00:06.496+0000] {subprocess.py:86} INFO - Output:
[2024-07-26T11:00:11.499+0000] {subprocess.py:97} INFO - Command exited with return code 0
[2024-07-26T11:00:11.517+0000] {taskinstance.py:1323} INFO - Marking task as SUCCESS. dag_id=exemplo_defaultargs, task_id=tsk2, execution_date=20240726T100000, start_date=20240726T110006, end_date=20240726T110011
[2024-07-26T11:00:11.538+0000] {local_task_job.py:208} INFO - Task exited with return code 0
[2024-07-26T11:00:11.550+0000] {taskinstance.py:2578} INFO - 1 downstream tasks scheduled from follow-on schedule check
