[2024-07-22T02:36:23.257+0000] {taskinstance.py:1083} INFO - Dependencies all met for <TaskInstance: example_dynamic_task_mapping.add_one scheduled__2023-01-04T00:00:00+00:00 map_index=0 [queued]>
[2024-07-22T02:36:23.266+0000] {taskinstance.py:1083} INFO - Dependencies all met for <TaskInstance: example_dynamic_task_mapping.add_one scheduled__2023-01-04T00:00:00+00:00 map_index=0 [queued]>
[2024-07-22T02:36:23.266+0000] {taskinstance.py:1279} INFO - 
--------------------------------------------------------------------------------
[2024-07-22T02:36:23.270+0000] {taskinstance.py:1280} INFO - Starting attempt 1 of 1
[2024-07-22T02:36:23.273+0000] {taskinstance.py:1281} INFO - 
--------------------------------------------------------------------------------
[2024-07-22T02:36:23.285+0000] {taskinstance.py:1300} INFO - Executing <Mapped(_PythonDecoratedOperator): add_one> on 2023-01-04 00:00:00+00:00
[2024-07-22T02:36:23.290+0000] {standard_task_runner.py:55} INFO - Started process 3402 to run task
[2024-07-22T02:36:23.294+0000] {standard_task_runner.py:82} INFO - Running: ['***', 'tasks', 'run', 'example_dynamic_task_mapping', 'add_one', 'scheduled__2023-01-04T00:00:00+00:00', '--job-id', '1253', '--raw', '--subdir', '/home/***/.local/lib/python3.7/site-packages/***/example_dags/example_dynamic_task_mapping.py', '--cfg-path', '/tmp/tmplst6wo1l', '--map-index', '0']
[2024-07-22T02:36:23.295+0000] {standard_task_runner.py:83} INFO - Job 1253: Subtask add_one
[2024-07-22T02:36:23.344+0000] {task_command.py:388} INFO - Running <TaskInstance: example_dynamic_task_mapping.add_one scheduled__2023-01-04T00:00:00+00:00 map_index=0 [running]> on host 06eaaebc2caa
[2024-07-22T02:36:23.394+0000] {taskinstance.py:1509} INFO - Exporting the following env vars:
AIRFLOW_CTX_DAG_OWNER=***
AIRFLOW_CTX_DAG_ID=example_dynamic_task_mapping
AIRFLOW_CTX_TASK_ID=add_one
AIRFLOW_CTX_EXECUTION_DATE=2023-01-04T00:00:00+00:00
AIRFLOW_CTX_TRY_NUMBER=1
AIRFLOW_CTX_DAG_RUN_ID=scheduled__2023-01-04T00:00:00+00:00
[2024-07-22T02:36:23.396+0000] {python.py:177} INFO - Done. Returned value was: 2
[2024-07-22T02:36:23.413+0000] {taskinstance.py:1323} INFO - Marking task as SUCCESS. dag_id=example_dynamic_task_mapping, task_id=add_one, map_index=0, execution_date=20230104T000000, start_date=20240722T023623, end_date=20240722T023623
[2024-07-22T02:36:23.431+0000] {local_task_job.py:208} INFO - Task exited with return code 0
[2024-07-22T02:36:23.455+0000] {taskinstance.py:2578} INFO - 1 downstream tasks scheduled from follow-on schedule check
