[2024-07-23T00:40:57.795+0000] {taskinstance.py:1083} INFO - Dependencies all met for <TaskInstance: downstream_dag.tsk2 manual__2024-07-23T00:40:50.865599+00:00 [queued]>
[2024-07-23T00:40:57.802+0000] {taskinstance.py:1083} INFO - Dependencies all met for <TaskInstance: downstream_dag.tsk2 manual__2024-07-23T00:40:50.865599+00:00 [queued]>
[2024-07-23T00:40:57.802+0000] {taskinstance.py:1279} INFO - 
--------------------------------------------------------------------------------
[2024-07-23T00:40:57.802+0000] {taskinstance.py:1280} INFO - Starting attempt 1 of 1
[2024-07-23T00:40:57.802+0000] {taskinstance.py:1281} INFO - 
--------------------------------------------------------------------------------
[2024-07-23T00:40:57.815+0000] {taskinstance.py:1300} INFO - Executing <Task(BashOperator): tsk2> on 2024-07-23 00:40:50.865599+00:00
[2024-07-23T00:40:57.820+0000] {standard_task_runner.py:55} INFO - Started process 2500 to run task
[2024-07-23T00:40:57.822+0000] {standard_task_runner.py:82} INFO - Running: ['***', 'tasks', 'run', 'downstream_dag', 'tsk2', 'manual__2024-07-23T00:40:50.865599+00:00', '--job-id', '1285', '--raw', '--subdir', 'DAGS_FOLDER/downstream_dag.py', '--cfg-path', '/tmp/tmppwakp2h1']
[2024-07-23T00:40:57.823+0000] {standard_task_runner.py:83} INFO - Job 1285: Subtask tsk2
[2024-07-23T00:40:57.862+0000] {task_command.py:388} INFO - Running <TaskInstance: downstream_dag.tsk2 manual__2024-07-23T00:40:50.865599+00:00 [running]> on host 448a9c84d52e
[2024-07-23T00:40:57.898+0000] {taskinstance.py:1509} INFO - Exporting the following env vars:
AIRFLOW_CTX_DAG_OWNER=***
AIRFLOW_CTX_DAG_ID=downstream_dag
AIRFLOW_CTX_TASK_ID=tsk2
AIRFLOW_CTX_EXECUTION_DATE=2024-07-23T00:40:50.865599+00:00
AIRFLOW_CTX_TRY_NUMBER=1
AIRFLOW_CTX_DAG_RUN_ID=manual__2024-07-23T00:40:50.865599+00:00
[2024-07-23T00:40:57.899+0000] {subprocess.py:63} INFO - Tmp dir root location: 
 /tmp
[2024-07-23T00:40:57.899+0000] {subprocess.py:75} INFO - Running command: ['/bin/bash', '-c', 'sleep 10']
[2024-07-23T00:40:57.904+0000] {subprocess.py:86} INFO - Output:
[2024-07-23T00:41:07.906+0000] {subprocess.py:97} INFO - Command exited with return code 0
[2024-07-23T00:41:07.921+0000] {taskinstance.py:1323} INFO - Marking task as SUCCESS. dag_id=downstream_dag, task_id=tsk2, execution_date=20240723T004050, start_date=20240723T004057, end_date=20240723T004107
[2024-07-23T00:41:07.944+0000] {local_task_job.py:208} INFO - Task exited with return code 0
[2024-07-23T00:41:07.953+0000] {taskinstance.py:2578} INFO - 0 downstream tasks scheduled from follow-on schedule check
