[2024-07-25T02:16:16.299+0000] {taskinstance.py:1083} INFO - Dependencies all met for <TaskInstance: exemplo_triggerdagrun_operator_1.tsk2 manual__2024-07-25T02:16:04.736014+00:00 [queued]>
[2024-07-25T02:16:16.309+0000] {taskinstance.py:1083} INFO - Dependencies all met for <TaskInstance: exemplo_triggerdagrun_operator_1.tsk2 manual__2024-07-25T02:16:04.736014+00:00 [queued]>
[2024-07-25T02:16:16.309+0000] {taskinstance.py:1279} INFO - 
--------------------------------------------------------------------------------
[2024-07-25T02:16:16.310+0000] {taskinstance.py:1280} INFO - Starting attempt 1 of 1
[2024-07-25T02:16:16.310+0000] {taskinstance.py:1281} INFO - 
--------------------------------------------------------------------------------
[2024-07-25T02:16:16.323+0000] {taskinstance.py:1300} INFO - Executing <Task(TriggerDagRunOperator): tsk2> on 2024-07-25 02:16:04.736014+00:00
[2024-07-25T02:16:16.327+0000] {standard_task_runner.py:55} INFO - Started process 31141 to run task
[2024-07-25T02:16:16.329+0000] {standard_task_runner.py:82} INFO - Running: ['***', 'tasks', 'run', 'exemplo_triggerdagrun_operator_1', 'tsk2', 'manual__2024-07-25T02:16:04.736014+00:00', '--job-id', '1373', '--raw', '--subdir', 'DAGS_FOLDER/exemplo_triggerdagrun_operator_1.py', '--cfg-path', '/tmp/tmp9tsvae7p']
[2024-07-25T02:16:16.330+0000] {standard_task_runner.py:83} INFO - Job 1373: Subtask tsk2
[2024-07-25T02:16:16.399+0000] {task_command.py:388} INFO - Running <TaskInstance: exemplo_triggerdagrun_operator_1.tsk2 manual__2024-07-25T02:16:04.736014+00:00 [running]> on host 448a9c84d52e
[2024-07-25T02:16:16.457+0000] {taskinstance.py:1509} INFO - Exporting the following env vars:
AIRFLOW_CTX_DAG_OWNER=***
AIRFLOW_CTX_DAG_ID=exemplo_triggerdagrun_operator_1
AIRFLOW_CTX_TASK_ID=tsk2
AIRFLOW_CTX_EXECUTION_DATE=2024-07-25T02:16:04.736014+00:00
AIRFLOW_CTX_TRY_NUMBER=1
AIRFLOW_CTX_DAG_RUN_ID=manual__2024-07-25T02:16:04.736014+00:00
[2024-07-25T02:16:16.580+0000] {taskinstance.py:1323} INFO - Marking task as SUCCESS. dag_id=exemplo_triggerdagrun_operator_1, task_id=tsk2, execution_date=20240725T021604, start_date=20240725T021616, end_date=20240725T021616
[2024-07-25T02:16:16.785+0000] {local_task_job.py:208} INFO - Task exited with return code 0
[2024-07-25T02:16:16.815+0000] {taskinstance.py:2578} INFO - 0 downstream tasks scheduled from follow-on schedule check
