[2024-07-27T19:45:37.850+0000] {taskinstance.py:1083} INFO - Dependencies all met for <TaskInstance: exemplo_branch.odd manual__2024-07-27T19:45:34.502493+00:00 [queued]>
[2024-07-27T19:45:37.859+0000] {taskinstance.py:1083} INFO - Dependencies all met for <TaskInstance: exemplo_branch.odd manual__2024-07-27T19:45:34.502493+00:00 [queued]>
[2024-07-27T19:45:37.859+0000] {taskinstance.py:1279} INFO - 
--------------------------------------------------------------------------------
[2024-07-27T19:45:37.859+0000] {taskinstance.py:1280} INFO - Starting attempt 1 of 1
[2024-07-27T19:45:37.859+0000] {taskinstance.py:1281} INFO - 
--------------------------------------------------------------------------------
[2024-07-27T19:45:37.867+0000] {taskinstance.py:1300} INFO - Executing <Task(BashOperator): odd> on 2024-07-27 19:45:34.502493+00:00
[2024-07-27T19:45:37.870+0000] {standard_task_runner.py:55} INFO - Started process 28423 to run task
[2024-07-27T19:45:37.873+0000] {standard_task_runner.py:82} INFO - Running: ['***', 'tasks', 'run', 'exemplo_branch', 'odd', 'manual__2024-07-27T19:45:34.502493+00:00', '--job-id', '1843', '--raw', '--subdir', 'DAGS_FOLDER/exemplo_branch.py', '--cfg-path', '/tmp/tmplt61iwrh']
[2024-07-27T19:45:37.873+0000] {standard_task_runner.py:83} INFO - Job 1843: Subtask odd
[2024-07-27T19:45:37.914+0000] {task_command.py:388} INFO - Running <TaskInstance: exemplo_branch.odd manual__2024-07-27T19:45:34.502493+00:00 [running]> on host ec0bbc56d6ed
[2024-07-27T19:45:37.961+0000] {taskinstance.py:1509} INFO - Exporting the following env vars:
AIRFLOW_CTX_DAG_OWNER=***
AIRFLOW_CTX_DAG_ID=exemplo_branch
AIRFLOW_CTX_TASK_ID=odd
AIRFLOW_CTX_EXECUTION_DATE=2024-07-27T19:45:34.502493+00:00
AIRFLOW_CTX_TRY_NUMBER=1
AIRFLOW_CTX_DAG_RUN_ID=manual__2024-07-27T19:45:34.502493+00:00
[2024-07-27T19:45:37.965+0000] {subprocess.py:63} INFO - Tmp dir root location: 
 /tmp
[2024-07-27T19:45:37.966+0000] {subprocess.py:75} INFO - Running command: ['/bin/bash', '-c', "echo 'Odd Number'"]
[2024-07-27T19:45:37.982+0000] {subprocess.py:86} INFO - Output:
[2024-07-27T19:45:37.984+0000] {subprocess.py:93} INFO - Odd Number
[2024-07-27T19:45:37.985+0000] {subprocess.py:97} INFO - Command exited with return code 0
[2024-07-27T19:45:38.005+0000] {taskinstance.py:1323} INFO - Marking task as SUCCESS. dag_id=exemplo_branch, task_id=odd, execution_date=20240727T194534, start_date=20240727T194537, end_date=20240727T194538
[2024-07-27T19:45:38.053+0000] {local_task_job.py:208} INFO - Task exited with return code 0
[2024-07-27T19:45:38.064+0000] {taskinstance.py:2578} INFO - 0 downstream tasks scheduled from follow-on schedule check
