[2024-07-25T02:15:48.433+0000] {taskinstance.py:1083} INFO - Dependencies all met for <TaskInstance: exemplo_bash_operator.tsk1 manual__2024-07-25T02:15:47.504400+00:00 [queued]>
[2024-07-25T02:15:48.441+0000] {taskinstance.py:1083} INFO - Dependencies all met for <TaskInstance: exemplo_bash_operator.tsk1 manual__2024-07-25T02:15:47.504400+00:00 [queued]>
[2024-07-25T02:15:48.441+0000] {taskinstance.py:1279} INFO - 
--------------------------------------------------------------------------------
[2024-07-25T02:15:48.442+0000] {taskinstance.py:1280} INFO - Starting attempt 1 of 1
[2024-07-25T02:15:48.442+0000] {taskinstance.py:1281} INFO - 
--------------------------------------------------------------------------------
[2024-07-25T02:15:48.451+0000] {taskinstance.py:1300} INFO - Executing <Task(BashOperator): tsk1> on 2024-07-25 02:15:47.504400+00:00
[2024-07-25T02:15:48.455+0000] {standard_task_runner.py:55} INFO - Started process 31005 to run task
[2024-07-25T02:15:48.457+0000] {standard_task_runner.py:82} INFO - Running: ['***', 'tasks', 'run', 'exemplo_bash_operator', 'tsk1', 'manual__2024-07-25T02:15:47.504400+00:00', '--job-id', '1341', '--raw', '--subdir', 'DAGS_FOLDER/exemplo_bash_operator.py', '--cfg-path', '/tmp/tmplk02r92f']
[2024-07-25T02:15:48.458+0000] {standard_task_runner.py:83} INFO - Job 1341: Subtask tsk1
[2024-07-25T02:15:48.498+0000] {task_command.py:388} INFO - Running <TaskInstance: exemplo_bash_operator.tsk1 manual__2024-07-25T02:15:47.504400+00:00 [running]> on host 448a9c84d52e
[2024-07-25T02:15:48.582+0000] {taskinstance.py:1509} INFO - Exporting the following env vars:
AIRFLOW_CTX_DAG_OWNER=***
AIRFLOW_CTX_DAG_ID=exemplo_bash_operator
AIRFLOW_CTX_TASK_ID=tsk1
AIRFLOW_CTX_EXECUTION_DATE=2024-07-25T02:15:47.504400+00:00
AIRFLOW_CTX_TRY_NUMBER=1
AIRFLOW_CTX_DAG_RUN_ID=manual__2024-07-25T02:15:47.504400+00:00
[2024-07-25T02:15:48.583+0000] {subprocess.py:63} INFO - Tmp dir root location: 
 /tmp
[2024-07-25T02:15:48.584+0000] {subprocess.py:75} INFO - Running command: ['/bin/bash', '-c', 'sleep 5']
[2024-07-25T02:15:48.594+0000] {subprocess.py:86} INFO - Output:
[2024-07-25T02:15:53.621+0000] {subprocess.py:97} INFO - Command exited with return code 0
[2024-07-25T02:15:53.896+0000] {taskinstance.py:1323} INFO - Marking task as SUCCESS. dag_id=exemplo_bash_operator, task_id=tsk1, execution_date=20240725T021547, start_date=20240725T021548, end_date=20240725T021553
[2024-07-25T02:15:54.018+0000] {local_task_job.py:208} INFO - Task exited with return code 0
[2024-07-25T02:15:54.080+0000] {taskinstance.py:2578} INFO - 1 downstream tasks scheduled from follow-on schedule check
