[2024-07-25T02:16:20.261+0000] {taskinstance.py:1083} INFO - Dependencies all met for <TaskInstance: exemplo_dag_complexa.tsk9 manual__2024-07-25T02:15:53.036872+00:00 [queued]>
[2024-07-25T02:16:20.301+0000] {taskinstance.py:1083} INFO - Dependencies all met for <TaskInstance: exemplo_dag_complexa.tsk9 manual__2024-07-25T02:15:53.036872+00:00 [queued]>
[2024-07-25T02:16:20.307+0000] {taskinstance.py:1279} INFO - 
--------------------------------------------------------------------------------
[2024-07-25T02:16:20.310+0000] {taskinstance.py:1280} INFO - Starting attempt 1 of 1
[2024-07-25T02:16:20.313+0000] {taskinstance.py:1281} INFO - 
--------------------------------------------------------------------------------
[2024-07-25T02:16:20.641+0000] {taskinstance.py:1300} INFO - Executing <Task(BashOperator): tsk9> on 2024-07-25 02:15:53.036872+00:00
[2024-07-25T02:16:20.657+0000] {standard_task_runner.py:55} INFO - Started process 31173 to run task
[2024-07-25T02:16:20.671+0000] {standard_task_runner.py:82} INFO - Running: ['***', 'tasks', 'run', 'exemplo_dag_complexa', 'tsk9', 'manual__2024-07-25T02:15:53.036872+00:00', '--job-id', '1380', '--raw', '--subdir', 'DAGS_FOLDER/exemplo_dag_complexa.py', '--cfg-path', '/tmp/tmp3n_dlk94']
[2024-07-25T02:16:20.673+0000] {standard_task_runner.py:83} INFO - Job 1380: Subtask tsk9
[2024-07-25T02:16:20.898+0000] {task_command.py:388} INFO - Running <TaskInstance: exemplo_dag_complexa.tsk9 manual__2024-07-25T02:15:53.036872+00:00 [running]> on host 448a9c84d52e
[2024-07-25T02:16:21.110+0000] {taskinstance.py:1509} INFO - Exporting the following env vars:
AIRFLOW_CTX_DAG_OWNER=***
AIRFLOW_CTX_DAG_ID=exemplo_dag_complexa
AIRFLOW_CTX_TASK_ID=tsk9
AIRFLOW_CTX_EXECUTION_DATE=2024-07-25T02:15:53.036872+00:00
AIRFLOW_CTX_TRY_NUMBER=1
AIRFLOW_CTX_DAG_RUN_ID=manual__2024-07-25T02:15:53.036872+00:00
[2024-07-25T02:16:21.115+0000] {subprocess.py:63} INFO - Tmp dir root location: 
 /tmp
[2024-07-25T02:16:21.116+0000] {subprocess.py:75} INFO - Running command: ['/bin/bash', '-c', 'sleep 5']
[2024-07-25T02:16:21.186+0000] {subprocess.py:86} INFO - Output:
[2024-07-25T02:16:26.201+0000] {subprocess.py:97} INFO - Command exited with return code 0
[2024-07-25T02:16:26.258+0000] {taskinstance.py:1323} INFO - Marking task as SUCCESS. dag_id=exemplo_dag_complexa, task_id=tsk9, execution_date=20240725T021553, start_date=20240725T021620, end_date=20240725T021626
[2024-07-25T02:16:26.305+0000] {local_task_job.py:208} INFO - Task exited with return code 0
[2024-07-25T02:16:26.319+0000] {taskinstance.py:2578} INFO - 0 downstream tasks scheduled from follow-on schedule check
