[2024-07-25T18:00:14.387+0000] {taskinstance.py:1083} INFO - Dependencies all met for <TaskInstance: exemplo_defaultargs.tsk3 scheduled__2024-07-25T17:00:00+00:00 [queued]>
[2024-07-25T18:00:14.397+0000] {taskinstance.py:1083} INFO - Dependencies all met for <TaskInstance: exemplo_defaultargs.tsk3 scheduled__2024-07-25T17:00:00+00:00 [queued]>
[2024-07-25T18:00:14.397+0000] {taskinstance.py:1279} INFO - 
--------------------------------------------------------------------------------
[2024-07-25T18:00:14.398+0000] {taskinstance.py:1280} INFO - Starting attempt 1 of 2
[2024-07-25T18:00:14.398+0000] {taskinstance.py:1281} INFO - 
--------------------------------------------------------------------------------
[2024-07-25T18:00:14.408+0000] {taskinstance.py:1300} INFO - Executing <Task(BashOperator): tsk3> on 2024-07-25 17:00:00+00:00
[2024-07-25T18:00:14.411+0000] {standard_task_runner.py:55} INFO - Started process 69071 to run task
[2024-07-25T18:00:14.415+0000] {standard_task_runner.py:82} INFO - Running: ['***', 'tasks', 'run', 'exemplo_defaultargs', 'tsk3', 'scheduled__2024-07-25T17:00:00+00:00', '--job-id', '1436', '--raw', '--subdir', 'DAGS_FOLDER/exemplo_defaultargs.py', '--cfg-path', '/tmp/tmpswerkofd']
[2024-07-25T18:00:14.416+0000] {standard_task_runner.py:83} INFO - Job 1436: Subtask tsk3
[2024-07-25T18:00:14.497+0000] {task_command.py:388} INFO - Running <TaskInstance: exemplo_defaultargs.tsk3 scheduled__2024-07-25T17:00:00+00:00 [running]> on host 448a9c84d52e
[2024-07-25T18:00:14.586+0000] {taskinstance.py:1509} INFO - Exporting the following env vars:
AIRFLOW_CTX_DAG_EMAIL=test@test.com
AIRFLOW_CTX_DAG_OWNER=***
AIRFLOW_CTX_DAG_ID=exemplo_defaultargs
AIRFLOW_CTX_TASK_ID=tsk3
AIRFLOW_CTX_EXECUTION_DATE=2024-07-25T17:00:00+00:00
AIRFLOW_CTX_TRY_NUMBER=1
AIRFLOW_CTX_DAG_RUN_ID=scheduled__2024-07-25T17:00:00+00:00
[2024-07-25T18:00:14.593+0000] {subprocess.py:63} INFO - Tmp dir root location: 
 /tmp
[2024-07-25T18:00:14.595+0000] {subprocess.py:75} INFO - Running command: ['/bin/bash', '-c', 'sleep 5']
[2024-07-25T18:00:14.614+0000] {subprocess.py:86} INFO - Output:
[2024-07-25T18:00:19.624+0000] {subprocess.py:97} INFO - Command exited with return code 0
[2024-07-25T18:00:19.711+0000] {taskinstance.py:1323} INFO - Marking task as SUCCESS. dag_id=exemplo_defaultargs, task_id=tsk3, execution_date=20240725T170000, start_date=20240725T180014, end_date=20240725T180019
[2024-07-25T18:00:19.785+0000] {local_task_job.py:208} INFO - Task exited with return code 0
[2024-07-25T18:00:19.812+0000] {taskinstance.py:2578} INFO - 0 downstream tasks scheduled from follow-on schedule check
