[2024-07-25T02:15:55.849+0000] {taskinstance.py:1083} INFO - Dependencies all met for <TaskInstance: exemplo_dag_group.tsk3 manual__2024-07-25T02:15:54.686135+00:00 [queued]>
[2024-07-25T02:15:55.866+0000] {taskinstance.py:1083} INFO - Dependencies all met for <TaskInstance: exemplo_dag_group.tsk3 manual__2024-07-25T02:15:54.686135+00:00 [queued]>
[2024-07-25T02:15:55.868+0000] {taskinstance.py:1279} INFO - 
--------------------------------------------------------------------------------
[2024-07-25T02:15:55.869+0000] {taskinstance.py:1280} INFO - Starting attempt 1 of 1
[2024-07-25T02:15:55.873+0000] {taskinstance.py:1281} INFO - 
--------------------------------------------------------------------------------
[2024-07-25T02:15:55.902+0000] {taskinstance.py:1300} INFO - Executing <Task(BashOperator): tsk3> on 2024-07-25 02:15:54.686135+00:00
[2024-07-25T02:15:55.908+0000] {standard_task_runner.py:55} INFO - Started process 31037 to run task
[2024-07-25T02:15:55.914+0000] {standard_task_runner.py:82} INFO - Running: ['***', 'tasks', 'run', 'exemplo_dag_group', 'tsk3', 'manual__2024-07-25T02:15:54.686135+00:00', '--job-id', '1346', '--raw', '--subdir', 'DAGS_FOLDER/exemplo_dag_group.py', '--cfg-path', '/tmp/tmps31xusrn']
[2024-07-25T02:15:55.920+0000] {standard_task_runner.py:83} INFO - Job 1346: Subtask tsk3
[2024-07-25T02:15:55.994+0000] {task_command.py:388} INFO - Running <TaskInstance: exemplo_dag_group.tsk3 manual__2024-07-25T02:15:54.686135+00:00 [running]> on host 448a9c84d52e
[2024-07-25T02:15:56.053+0000] {taskinstance.py:1509} INFO - Exporting the following env vars:
AIRFLOW_CTX_DAG_OWNER=***
AIRFLOW_CTX_DAG_ID=exemplo_dag_group
AIRFLOW_CTX_TASK_ID=tsk3
AIRFLOW_CTX_EXECUTION_DATE=2024-07-25T02:15:54.686135+00:00
AIRFLOW_CTX_TRY_NUMBER=1
AIRFLOW_CTX_DAG_RUN_ID=manual__2024-07-25T02:15:54.686135+00:00
[2024-07-25T02:15:56.056+0000] {subprocess.py:63} INFO - Tmp dir root location: 
 /tmp
[2024-07-25T02:15:56.058+0000] {subprocess.py:75} INFO - Running command: ['/bin/bash', '-c', 'sleep 5']
[2024-07-25T02:15:56.067+0000] {subprocess.py:86} INFO - Output:
[2024-07-25T02:16:01.072+0000] {subprocess.py:97} INFO - Command exited with return code 0
[2024-07-25T02:16:01.161+0000] {taskinstance.py:1323} INFO - Marking task as SUCCESS. dag_id=exemplo_dag_group, task_id=tsk3, execution_date=20240725T021554, start_date=20240725T021555, end_date=20240725T021601
[2024-07-25T02:16:01.256+0000] {local_task_job.py:208} INFO - Task exited with return code 0
[2024-07-25T02:16:01.460+0000] {taskinstance.py:2578} INFO - 1 downstream tasks scheduled from follow-on schedule check
