[2024-07-23T03:19:14.677+0000] {taskinstance.py:1083} INFO - Dependencies all met for <TaskInstance: exemplo_triggerule_allfailed.tsk1 manual__2024-07-23T03:19:14.281199+00:00 [queued]>
[2024-07-23T03:19:14.684+0000] {taskinstance.py:1083} INFO - Dependencies all met for <TaskInstance: exemplo_triggerule_allfailed.tsk1 manual__2024-07-23T03:19:14.281199+00:00 [queued]>
[2024-07-23T03:19:14.686+0000] {taskinstance.py:1279} INFO - 
--------------------------------------------------------------------------------
[2024-07-23T03:19:14.689+0000] {taskinstance.py:1280} INFO - Starting attempt 1 of 1
[2024-07-23T03:19:14.689+0000] {taskinstance.py:1281} INFO - 
--------------------------------------------------------------------------------
[2024-07-23T03:19:14.699+0000] {taskinstance.py:1300} INFO - Executing <Task(BashOperator): tsk1> on 2024-07-23 03:19:14.281199+00:00
[2024-07-23T03:19:14.703+0000] {standard_task_runner.py:55} INFO - Started process 6454 to run task
[2024-07-23T03:19:14.707+0000] {standard_task_runner.py:82} INFO - Running: ['***', 'tasks', 'run', 'exemplo_triggerule_allfailed', 'tsk1', 'manual__2024-07-23T03:19:14.281199+00:00', '--job-id', '1306', '--raw', '--subdir', 'DAGS_FOLDER/exemplo_triggerule_allfailed.py', '--cfg-path', '/tmp/tmpjol58akx']
[2024-07-23T03:19:14.708+0000] {standard_task_runner.py:83} INFO - Job 1306: Subtask tsk1
[2024-07-23T03:19:14.764+0000] {task_command.py:388} INFO - Running <TaskInstance: exemplo_triggerule_allfailed.tsk1 manual__2024-07-23T03:19:14.281199+00:00 [running]> on host 448a9c84d52e
[2024-07-23T03:19:14.803+0000] {taskinstance.py:1509} INFO - Exporting the following env vars:
AIRFLOW_CTX_DAG_OWNER=***
AIRFLOW_CTX_DAG_ID=exemplo_triggerule_allfailed
AIRFLOW_CTX_TASK_ID=tsk1
AIRFLOW_CTX_EXECUTION_DATE=2024-07-23T03:19:14.281199+00:00
AIRFLOW_CTX_TRY_NUMBER=1
AIRFLOW_CTX_DAG_RUN_ID=manual__2024-07-23T03:19:14.281199+00:00
[2024-07-23T03:19:14.804+0000] {subprocess.py:63} INFO - Tmp dir root location: 
 /tmp
[2024-07-23T03:19:14.804+0000] {subprocess.py:75} INFO - Running command: ['/bin/bash', '-c', 'exit 1']
[2024-07-23T03:19:14.810+0000] {subprocess.py:86} INFO - Output:
[2024-07-23T03:19:14.811+0000] {subprocess.py:97} INFO - Command exited with return code 1
[2024-07-23T03:19:14.818+0000] {taskinstance.py:1768} ERROR - Task failed with exception
Traceback (most recent call last):
  File "/home/airflow/.local/lib/python3.7/site-packages/airflow/operators/bash.py", line 197, in execute
    f"Bash command failed. The command returned a non-zero exit code {result.exit_code}."
airflow.exceptions.AirflowException: Bash command failed. The command returned a non-zero exit code 1.
[2024-07-23T03:19:14.821+0000] {taskinstance.py:1323} INFO - Marking task as FAILED. dag_id=exemplo_triggerule_allfailed, task_id=tsk1, execution_date=20240723T031914, start_date=20240723T031914, end_date=20240723T031914
[2024-07-23T03:19:14.829+0000] {standard_task_runner.py:105} ERROR - Failed to execute job 1306 for task tsk1 (Bash command failed. The command returned a non-zero exit code 1.; 6454)
[2024-07-23T03:19:14.850+0000] {local_task_job.py:208} INFO - Task exited with return code 1
[2024-07-23T03:19:14.865+0000] {taskinstance.py:2578} INFO - 0 downstream tasks scheduled from follow-on schedule check
