[2024-07-25T02:10:40.146+0000] {taskinstance.py:1083} INFO - Dependencies all met for <TaskInstance: exemplo_defaultargs.tsk1 scheduled__2024-07-25T01:00:00+00:00 [queued]>
[2024-07-25T02:10:40.152+0000] {taskinstance.py:1083} INFO - Dependencies all met for <TaskInstance: exemplo_defaultargs.tsk1 scheduled__2024-07-25T01:00:00+00:00 [queued]>
[2024-07-25T02:10:40.152+0000] {taskinstance.py:1279} INFO - 
--------------------------------------------------------------------------------
[2024-07-25T02:10:40.152+0000] {taskinstance.py:1280} INFO - Starting attempt 1 of 4
[2024-07-25T02:10:40.152+0000] {taskinstance.py:1281} INFO - 
--------------------------------------------------------------------------------
[2024-07-25T02:10:40.160+0000] {taskinstance.py:1300} INFO - Executing <Task(BashOperator): tsk1> on 2024-07-25 01:00:00+00:00
[2024-07-25T02:10:40.164+0000] {standard_task_runner.py:55} INFO - Started process 30564 to run task
[2024-07-25T02:10:40.167+0000] {standard_task_runner.py:82} INFO - Running: ['***', 'tasks', 'run', 'exemplo_defaultargs', 'tsk1', 'scheduled__2024-07-25T01:00:00+00:00', '--job-id', '1338', '--raw', '--subdir', 'DAGS_FOLDER/exemplo_defaultargs.py', '--cfg-path', '/tmp/tmpzdg_4bih']
[2024-07-25T02:10:40.167+0000] {standard_task_runner.py:83} INFO - Job 1338: Subtask tsk1
[2024-07-25T02:10:40.220+0000] {task_command.py:388} INFO - Running <TaskInstance: exemplo_defaultargs.tsk1 scheduled__2024-07-25T01:00:00+00:00 [running]> on host 448a9c84d52e
[2024-07-25T02:10:40.271+0000] {taskinstance.py:1509} INFO - Exporting the following env vars:
AIRFLOW_CTX_DAG_EMAIL=test@test.com
AIRFLOW_CTX_DAG_OWNER=***
AIRFLOW_CTX_DAG_ID=exemplo_defaultargs
AIRFLOW_CTX_TASK_ID=tsk1
AIRFLOW_CTX_EXECUTION_DATE=2024-07-25T01:00:00+00:00
AIRFLOW_CTX_TRY_NUMBER=1
AIRFLOW_CTX_DAG_RUN_ID=scheduled__2024-07-25T01:00:00+00:00
[2024-07-25T02:10:40.272+0000] {subprocess.py:63} INFO - Tmp dir root location: 
 /tmp
[2024-07-25T02:10:40.272+0000] {subprocess.py:75} INFO - Running command: ['/bin/bash', '-c', 'sleep 5']
[2024-07-25T02:10:40.280+0000] {subprocess.py:86} INFO - Output:
[2024-07-25T02:10:45.285+0000] {subprocess.py:97} INFO - Command exited with return code 0
[2024-07-25T02:10:45.319+0000] {taskinstance.py:1323} INFO - Marking task as SUCCESS. dag_id=exemplo_defaultargs, task_id=tsk1, execution_date=20240725T010000, start_date=20240725T021040, end_date=20240725T021045
[2024-07-25T02:10:45.358+0000] {local_task_job.py:208} INFO - Task exited with return code 0
[2024-07-25T02:10:45.377+0000] {taskinstance.py:2578} INFO - 1 downstream tasks scheduled from follow-on schedule check
