[2024-07-25T03:00:00.625+0000] {taskinstance.py:1083} INFO - Dependencies all met for <TaskInstance: exemplo_defaultargs.tsk1 scheduled__2024-07-25T02:00:00+00:00 [queued]>
[2024-07-25T03:00:00.630+0000] {taskinstance.py:1083} INFO - Dependencies all met for <TaskInstance: exemplo_defaultargs.tsk1 scheduled__2024-07-25T02:00:00+00:00 [queued]>
[2024-07-25T03:00:00.630+0000] {taskinstance.py:1279} INFO - 
--------------------------------------------------------------------------------
[2024-07-25T03:00:00.631+0000] {taskinstance.py:1280} INFO - Starting attempt 1 of 4
[2024-07-25T03:00:00.631+0000] {taskinstance.py:1281} INFO - 
--------------------------------------------------------------------------------
[2024-07-25T03:00:00.637+0000] {taskinstance.py:1300} INFO - Executing <Task(BashOperator): tsk1> on 2024-07-25 02:00:00+00:00
[2024-07-25T03:00:00.640+0000] {standard_task_runner.py:55} INFO - Started process 34784 to run task
[2024-07-25T03:00:00.642+0000] {standard_task_runner.py:82} INFO - Running: ['***', 'tasks', 'run', 'exemplo_defaultargs', 'tsk1', 'scheduled__2024-07-25T02:00:00+00:00', '--job-id', '1388', '--raw', '--subdir', 'DAGS_FOLDER/exemplo_defaultargs.py', '--cfg-path', '/tmp/tmpw_ulj8o2']
[2024-07-25T03:00:00.643+0000] {standard_task_runner.py:83} INFO - Job 1388: Subtask tsk1
[2024-07-25T03:00:00.679+0000] {task_command.py:388} INFO - Running <TaskInstance: exemplo_defaultargs.tsk1 scheduled__2024-07-25T02:00:00+00:00 [running]> on host 448a9c84d52e
[2024-07-25T03:00:00.719+0000] {taskinstance.py:1509} INFO - Exporting the following env vars:
AIRFLOW_CTX_DAG_EMAIL=test@test.com
AIRFLOW_CTX_DAG_OWNER=***
AIRFLOW_CTX_DAG_ID=exemplo_defaultargs
AIRFLOW_CTX_TASK_ID=tsk1
AIRFLOW_CTX_EXECUTION_DATE=2024-07-25T02:00:00+00:00
AIRFLOW_CTX_TRY_NUMBER=1
AIRFLOW_CTX_DAG_RUN_ID=scheduled__2024-07-25T02:00:00+00:00
[2024-07-25T03:00:00.721+0000] {subprocess.py:63} INFO - Tmp dir root location: 
 /tmp
[2024-07-25T03:00:00.721+0000] {subprocess.py:75} INFO - Running command: ['/bin/bash', '-c', 'sleep 5']
[2024-07-25T03:00:00.730+0000] {subprocess.py:86} INFO - Output:
[2024-07-25T03:00:05.737+0000] {subprocess.py:97} INFO - Command exited with return code 0
[2024-07-25T03:00:05.765+0000] {taskinstance.py:1323} INFO - Marking task as SUCCESS. dag_id=exemplo_defaultargs, task_id=tsk1, execution_date=20240725T020000, start_date=20240725T030000, end_date=20240725T030005
[2024-07-25T03:00:05.779+0000] {local_task_job.py:208} INFO - Task exited with return code 0
[2024-07-25T03:00:05.801+0000] {taskinstance.py:2578} INFO - 1 downstream tasks scheduled from follow-on schedule check
