[2024-07-27T02:00:04.874+0000] {taskinstance.py:1083} INFO - Dependencies all met for <TaskInstance: exemplo_email_operator.3-Bash scheduled__2024-07-27T01:00:00+00:00 [queued]>
[2024-07-27T02:00:04.898+0000] {taskinstance.py:1083} INFO - Dependencies all met for <TaskInstance: exemplo_email_operator.3-Bash scheduled__2024-07-27T01:00:00+00:00 [queued]>
[2024-07-27T02:00:04.899+0000] {taskinstance.py:1279} INFO - 
--------------------------------------------------------------------------------
[2024-07-27T02:00:04.899+0000] {taskinstance.py:1280} INFO - Starting attempt 1 of 2
[2024-07-27T02:00:04.899+0000] {taskinstance.py:1281} INFO - 
--------------------------------------------------------------------------------
[2024-07-27T02:00:04.928+0000] {taskinstance.py:1300} INFO - Executing <Task(BashOperator): 3-Bash> on 2024-07-27 01:00:00+00:00
[2024-07-27T02:00:04.945+0000] {standard_task_runner.py:55} INFO - Started process 74177 to run task
[2024-07-27T02:00:04.952+0000] {standard_task_runner.py:82} INFO - Running: ['***', 'tasks', 'run', 'exemplo_email_operator', '3-Bash', 'scheduled__2024-07-27T01:00:00+00:00', '--job-id', '1725', '--raw', '--subdir', 'DAGS_FOLDER/exemplo_email_operator.py', '--cfg-path', '/tmp/tmpu_c8i5pz']
[2024-07-27T02:00:04.957+0000] {standard_task_runner.py:83} INFO - Job 1725: Subtask 3-Bash
[2024-07-27T02:00:05.078+0000] {task_command.py:388} INFO - Running <TaskInstance: exemplo_email_operator.3-Bash scheduled__2024-07-27T01:00:00+00:00 [running]> on host 029011c5aea1
[2024-07-27T02:00:05.152+0000] {taskinstance.py:1509} INFO - Exporting the following env vars:
AIRFLOW_CTX_DAG_EMAIL=caue.ausec@gmail.com
AIRFLOW_CTX_DAG_OWNER=***
AIRFLOW_CTX_DAG_ID=exemplo_email_operator
AIRFLOW_CTX_TASK_ID=3-Bash
AIRFLOW_CTX_EXECUTION_DATE=2024-07-27T01:00:00+00:00
AIRFLOW_CTX_TRY_NUMBER=1
AIRFLOW_CTX_DAG_RUN_ID=scheduled__2024-07-27T01:00:00+00:00
[2024-07-27T02:00:05.154+0000] {subprocess.py:63} INFO - Tmp dir root location: 
 /tmp
[2024-07-27T02:00:05.156+0000] {subprocess.py:75} INFO - Running command: ['/bin/bash', '-c', 'sleep 1']
[2024-07-27T02:00:05.174+0000] {subprocess.py:86} INFO - Output:
[2024-07-27T02:00:06.191+0000] {subprocess.py:97} INFO - Command exited with return code 0
[2024-07-27T02:00:06.273+0000] {taskinstance.py:1323} INFO - Marking task as SUCCESS. dag_id=exemplo_email_operator, task_id=3-Bash, execution_date=20240727T010000, start_date=20240727T020004, end_date=20240727T020006
[2024-07-27T02:00:06.360+0000] {local_task_job.py:208} INFO - Task exited with return code 0
[2024-07-27T02:00:06.429+0000] {taskinstance.py:2578} INFO - 1 downstream tasks scheduled from follow-on schedule check
