[2024-07-27T03:09:31.721+0000] {taskinstance.py:1083} INFO - Dependencies all met for <TaskInstance: exemplo_branch.acquire_random manual__2024-07-27T03:09:30.893792+00:00 [queued]>
[2024-07-27T03:09:31.731+0000] {taskinstance.py:1083} INFO - Dependencies all met for <TaskInstance: exemplo_branch.acquire_random manual__2024-07-27T03:09:30.893792+00:00 [queued]>
[2024-07-27T03:09:31.732+0000] {taskinstance.py:1279} INFO - 
--------------------------------------------------------------------------------
[2024-07-27T03:09:31.732+0000] {taskinstance.py:1280} INFO - Starting attempt 1 of 1
[2024-07-27T03:09:31.732+0000] {taskinstance.py:1281} INFO - 
--------------------------------------------------------------------------------
[2024-07-27T03:09:31.743+0000] {taskinstance.py:1300} INFO - Executing <Task(PythonOperator): acquire_random> on 2024-07-27 03:09:30.893792+00:00
[2024-07-27T03:09:31.749+0000] {standard_task_runner.py:55} INFO - Started process 80113 to run task
[2024-07-27T03:09:31.752+0000] {standard_task_runner.py:82} INFO - Running: ['***', 'tasks', 'run', 'exemplo_branch', 'acquire_random', 'manual__2024-07-27T03:09:30.893792+00:00', '--job-id', '1759', '--raw', '--subdir', 'DAGS_FOLDER/__pycache__/exemplo_branch.py', '--cfg-path', '/tmp/tmp6m76ey2_']
[2024-07-27T03:09:31.752+0000] {standard_task_runner.py:83} INFO - Job 1759: Subtask acquire_random
[2024-07-27T03:09:31.798+0000] {task_command.py:388} INFO - Running <TaskInstance: exemplo_branch.acquire_random manual__2024-07-27T03:09:30.893792+00:00 [running]> on host 029011c5aea1
[2024-07-27T03:09:31.843+0000] {taskinstance.py:1509} INFO - Exporting the following env vars:
AIRFLOW_CTX_DAG_OWNER=***
AIRFLOW_CTX_DAG_ID=exemplo_branch
AIRFLOW_CTX_TASK_ID=acquire_random
AIRFLOW_CTX_EXECUTION_DATE=2024-07-27T03:09:30.893792+00:00
AIRFLOW_CTX_TRY_NUMBER=1
AIRFLOW_CTX_DAG_RUN_ID=manual__2024-07-27T03:09:30.893792+00:00
[2024-07-27T03:09:31.843+0000] {python.py:177} INFO - Done. Returned value was: 28
[2024-07-27T03:09:31.859+0000] {taskinstance.py:1323} INFO - Marking task as SUCCESS. dag_id=exemplo_branch, task_id=acquire_random, execution_date=20240727T030930, start_date=20240727T030931, end_date=20240727T030931
[2024-07-27T03:09:31.890+0000] {local_task_job.py:208} INFO - Task exited with return code 0
[2024-07-27T03:09:31.908+0000] {taskinstance.py:2578} INFO - 1 downstream tasks scheduled from follow-on schedule check
