[2024-07-23T00:39:54.318+0000] {taskinstance.py:1083} INFO - Dependencies all met for <TaskInstance: downstream_dag.tsk2 manual__2024-07-23T00:39:48.335092+00:00 [queued]>
[2024-07-23T00:39:54.326+0000] {taskinstance.py:1083} INFO - Dependencies all met for <TaskInstance: downstream_dag.tsk2 manual__2024-07-23T00:39:48.335092+00:00 [queued]>
[2024-07-23T00:39:54.327+0000] {taskinstance.py:1279} INFO - 
--------------------------------------------------------------------------------
[2024-07-23T00:39:54.328+0000] {taskinstance.py:1280} INFO - Starting attempt 1 of 1
[2024-07-23T00:39:54.328+0000] {taskinstance.py:1281} INFO - 
--------------------------------------------------------------------------------
[2024-07-23T00:39:54.337+0000] {taskinstance.py:1300} INFO - Executing <Task(BashOperator): tsk2> on 2024-07-23 00:39:48.335092+00:00
[2024-07-23T00:39:54.339+0000] {standard_task_runner.py:55} INFO - Started process 2397 to run task
[2024-07-23T00:39:54.341+0000] {standard_task_runner.py:82} INFO - Running: ['***', 'tasks', 'run', 'downstream_dag', 'tsk2', 'manual__2024-07-23T00:39:48.335092+00:00', '--job-id', '1281', '--raw', '--subdir', 'DAGS_FOLDER/downstream_dag.py', '--cfg-path', '/tmp/tmpwvly2dbh']
[2024-07-23T00:39:54.342+0000] {standard_task_runner.py:83} INFO - Job 1281: Subtask tsk2
[2024-07-23T00:39:54.376+0000] {task_command.py:388} INFO - Running <TaskInstance: downstream_dag.tsk2 manual__2024-07-23T00:39:48.335092+00:00 [running]> on host 448a9c84d52e
[2024-07-23T00:39:54.433+0000] {taskinstance.py:1509} INFO - Exporting the following env vars:
AIRFLOW_CTX_DAG_OWNER=***
AIRFLOW_CTX_DAG_ID=downstream_dag
AIRFLOW_CTX_TASK_ID=tsk2
AIRFLOW_CTX_EXECUTION_DATE=2024-07-23T00:39:48.335092+00:00
AIRFLOW_CTX_TRY_NUMBER=1
AIRFLOW_CTX_DAG_RUN_ID=manual__2024-07-23T00:39:48.335092+00:00
[2024-07-23T00:39:54.434+0000] {subprocess.py:63} INFO - Tmp dir root location: 
 /tmp
[2024-07-23T00:39:54.434+0000] {subprocess.py:75} INFO - Running command: ['/bin/bash', '-c', 'sleep 5']
[2024-07-23T00:39:54.442+0000] {subprocess.py:86} INFO - Output:
[2024-07-23T00:39:59.444+0000] {subprocess.py:97} INFO - Command exited with return code 0
[2024-07-23T00:39:59.459+0000] {taskinstance.py:1323} INFO - Marking task as SUCCESS. dag_id=downstream_dag, task_id=tsk2, execution_date=20240723T003948, start_date=20240723T003954, end_date=20240723T003959
[2024-07-23T00:39:59.487+0000] {local_task_job.py:208} INFO - Task exited with return code 0
[2024-07-23T00:39:59.499+0000] {taskinstance.py:2578} INFO - 0 downstream tasks scheduled from follow-on schedule check
