[2024-07-27T19:39:22.152+0000] {taskinstance.py:1083} INFO - Dependencies all met for <TaskInstance: exemplo_dataset_producer.tsk1 manual__2024-07-27T19:39:20.422139+00:00 [queued]>
[2024-07-27T19:39:22.160+0000] {taskinstance.py:1083} INFO - Dependencies all met for <TaskInstance: exemplo_dataset_producer.tsk1 manual__2024-07-27T19:39:20.422139+00:00 [queued]>
[2024-07-27T19:39:22.160+0000] {taskinstance.py:1279} INFO - 
--------------------------------------------------------------------------------
[2024-07-27T19:39:22.160+0000] {taskinstance.py:1280} INFO - Starting attempt 1 of 1
[2024-07-27T19:39:22.160+0000] {taskinstance.py:1281} INFO - 
--------------------------------------------------------------------------------
[2024-07-27T19:39:22.169+0000] {taskinstance.py:1300} INFO - Executing <Task(PythonOperator): tsk1> on 2024-07-27 19:39:20.422139+00:00
[2024-07-27T19:39:22.173+0000] {standard_task_runner.py:55} INFO - Started process 27892 to run task
[2024-07-27T19:39:22.176+0000] {standard_task_runner.py:82} INFO - Running: ['***', 'tasks', 'run', 'exemplo_dataset_producer', 'tsk1', 'manual__2024-07-27T19:39:20.422139+00:00', '--job-id', '1838', '--raw', '--subdir', 'DAGS_FOLDER/exemplo_dataset_producer.py', '--cfg-path', '/tmp/tmpmtesqds8']
[2024-07-27T19:39:22.178+0000] {standard_task_runner.py:83} INFO - Job 1838: Subtask tsk1
[2024-07-27T19:39:22.220+0000] {task_command.py:388} INFO - Running <TaskInstance: exemplo_dataset_producer.tsk1 manual__2024-07-27T19:39:20.422139+00:00 [running]> on host ec0bbc56d6ed
[2024-07-27T19:39:22.264+0000] {taskinstance.py:1509} INFO - Exporting the following env vars:
AIRFLOW_CTX_DAG_OWNER=***
AIRFLOW_CTX_DAG_ID=exemplo_dataset_producer
AIRFLOW_CTX_TASK_ID=tsk1
AIRFLOW_CTX_EXECUTION_DATE=2024-07-27T19:39:20.422139+00:00
AIRFLOW_CTX_TRY_NUMBER=1
AIRFLOW_CTX_DAG_RUN_ID=manual__2024-07-27T19:39:20.422139+00:00
[2024-07-27T19:39:22.279+0000] {python.py:177} INFO - Done. Returned value was: None
[2024-07-27T19:39:22.280+0000] {warnings.py:110} WARNING - /home/***/.local/lib/python3.7/site-packages/***/models/baseoperator.py:1376: RemovedInAirflow3Warning: Passing 'execution_date' to 'TaskInstance.xcom_push()' is deprecated.
  context["ti"].xcom_push(key=key, value=value, execution_date=execution_date)

[2024-07-27T19:39:22.294+0000] {taskinstance.py:1323} INFO - Marking task as SUCCESS. dag_id=exemplo_dataset_producer, task_id=tsk1, execution_date=20240727T193920, start_date=20240727T193922, end_date=20240727T193922
[2024-07-27T19:39:22.314+0000] {local_task_job.py:208} INFO - Task exited with return code 0
[2024-07-27T19:39:22.335+0000] {taskinstance.py:2578} INFO - 0 downstream tasks scheduled from follow-on schedule check
