[2024-07-23T03:04:58.245+0000] {taskinstance.py:1083} INFO - Dependencies all met for <TaskInstance: sexta_dag.tsk3 manual__2024-07-23T03:04:56.373475+00:00 [queued]>
[2024-07-23T03:04:58.250+0000] {taskinstance.py:1083} INFO - Dependencies all met for <TaskInstance: sexta_dag.tsk3 manual__2024-07-23T03:04:56.373475+00:00 [queued]>
[2024-07-23T03:04:58.251+0000] {taskinstance.py:1279} INFO - 
--------------------------------------------------------------------------------
[2024-07-23T03:04:58.251+0000] {taskinstance.py:1280} INFO - Starting attempt 1 of 1
[2024-07-23T03:04:58.251+0000] {taskinstance.py:1281} INFO - 
--------------------------------------------------------------------------------
[2024-07-23T03:04:58.258+0000] {taskinstance.py:1300} INFO - Executing <Task(BashOperator): tsk3> on 2024-07-23 03:04:56.373475+00:00
[2024-07-23T03:04:58.260+0000] {standard_task_runner.py:55} INFO - Started process 5220 to run task
[2024-07-23T03:04:58.262+0000] {standard_task_runner.py:82} INFO - Running: ['***', 'tasks', 'run', 'sexta_dag', 'tsk3', 'manual__2024-07-23T03:04:56.373475+00:00', '--job-id', '1301', '--raw', '--subdir', 'DAGS_FOLDER/sexta_dag.py', '--cfg-path', '/tmp/tmpz5le7j0n']
[2024-07-23T03:04:58.262+0000] {standard_task_runner.py:83} INFO - Job 1301: Subtask tsk3
[2024-07-23T03:04:58.293+0000] {task_command.py:388} INFO - Running <TaskInstance: sexta_dag.tsk3 manual__2024-07-23T03:04:56.373475+00:00 [running]> on host 448a9c84d52e
[2024-07-23T03:04:58.331+0000] {taskinstance.py:1509} INFO - Exporting the following env vars:
AIRFLOW_CTX_DAG_OWNER=***
AIRFLOW_CTX_DAG_ID=sexta_dag
AIRFLOW_CTX_TASK_ID=tsk3
AIRFLOW_CTX_EXECUTION_DATE=2024-07-23T03:04:56.373475+00:00
AIRFLOW_CTX_TRY_NUMBER=1
AIRFLOW_CTX_DAG_RUN_ID=manual__2024-07-23T03:04:56.373475+00:00
[2024-07-23T03:04:58.331+0000] {subprocess.py:63} INFO - Tmp dir root location: 
 /tmp
[2024-07-23T03:04:58.332+0000] {subprocess.py:75} INFO - Running command: ['/bin/bash', '-c', 'sleep 5']
[2024-07-23T03:04:58.337+0000] {subprocess.py:86} INFO - Output:
[2024-07-23T03:05:03.343+0000] {subprocess.py:97} INFO - Command exited with return code 0
[2024-07-23T03:05:03.361+0000] {taskinstance.py:1323} INFO - Marking task as SUCCESS. dag_id=sexta_dag, task_id=tsk3, execution_date=20240723T030456, start_date=20240723T030458, end_date=20240723T030503
[2024-07-23T03:05:03.378+0000] {local_task_job.py:208} INFO - Task exited with return code 0
[2024-07-23T03:05:03.387+0000] {taskinstance.py:2578} INFO - 0 downstream tasks scheduled from follow-on schedule check
