[2024-07-26T03:07:08.071+0000] {taskinstance.py:1083} INFO - Dependencies all met for <TaskInstance: exemplo_dummy_operator.tsk3 manual__2024-07-26T03:07:07.064432+00:00 [queued]>
[2024-07-26T03:07:08.079+0000] {taskinstance.py:1083} INFO - Dependencies all met for <TaskInstance: exemplo_dummy_operator.tsk3 manual__2024-07-26T03:07:07.064432+00:00 [queued]>
[2024-07-26T03:07:08.080+0000] {taskinstance.py:1279} INFO - 
--------------------------------------------------------------------------------
[2024-07-26T03:07:08.083+0000] {taskinstance.py:1280} INFO - Starting attempt 1 of 1
[2024-07-26T03:07:08.084+0000] {taskinstance.py:1281} INFO - 
--------------------------------------------------------------------------------
[2024-07-26T03:07:08.093+0000] {taskinstance.py:1300} INFO - Executing <Task(BashOperator): tsk3> on 2024-07-26 03:07:07.064432+00:00
[2024-07-26T03:07:08.096+0000] {standard_task_runner.py:55} INFO - Started process 1873 to run task
[2024-07-26T03:07:08.098+0000] {standard_task_runner.py:82} INFO - Running: ['***', 'tasks', 'run', 'exemplo_dummy_operator', 'tsk3', 'manual__2024-07-26T03:07:07.064432+00:00', '--job-id', '1508', '--raw', '--subdir', 'DAGS_FOLDER/exemplo_dummy_operator.py', '--cfg-path', '/tmp/tmp1f_9sfz8']
[2024-07-26T03:07:08.099+0000] {standard_task_runner.py:83} INFO - Job 1508: Subtask tsk3
[2024-07-26T03:07:08.135+0000] {task_command.py:388} INFO - Running <TaskInstance: exemplo_dummy_operator.tsk3 manual__2024-07-26T03:07:07.064432+00:00 [running]> on host 029011c5aea1
[2024-07-26T03:07:08.210+0000] {taskinstance.py:1509} INFO - Exporting the following env vars:
AIRFLOW_CTX_DAG_OWNER=***
AIRFLOW_CTX_DAG_ID=exemplo_dummy_operator
AIRFLOW_CTX_TASK_ID=tsk3
AIRFLOW_CTX_EXECUTION_DATE=2024-07-26T03:07:07.064432+00:00
AIRFLOW_CTX_TRY_NUMBER=1
AIRFLOW_CTX_DAG_RUN_ID=manual__2024-07-26T03:07:07.064432+00:00
[2024-07-26T03:07:08.215+0000] {subprocess.py:63} INFO - Tmp dir root location: 
 /tmp
[2024-07-26T03:07:08.217+0000] {subprocess.py:75} INFO - Running command: ['/bin/bash', '-c', 'sleep 1']
[2024-07-26T03:07:08.226+0000] {subprocess.py:86} INFO - Output:
[2024-07-26T03:07:09.233+0000] {subprocess.py:97} INFO - Command exited with return code 0
[2024-07-26T03:07:09.260+0000] {taskinstance.py:1323} INFO - Marking task as SUCCESS. dag_id=exemplo_dummy_operator, task_id=tsk3, execution_date=20240726T030707, start_date=20240726T030708, end_date=20240726T030709
[2024-07-26T03:07:09.303+0000] {local_task_job.py:208} INFO - Task exited with return code 0
[2024-07-26T03:07:09.335+0000] {taskinstance.py:2578} INFO - 0 downstream tasks scheduled from follow-on schedule check
