[2024-07-26T00:00:02.182+0000] {taskinstance.py:1083} INFO - Dependencies all met for <TaskInstance: exemplo_defaultargs.tsk1 scheduled__2024-07-25T23:00:00+00:00 [queued]>
[2024-07-26T00:00:02.196+0000] {taskinstance.py:1083} INFO - Dependencies all met for <TaskInstance: exemplo_defaultargs.tsk1 scheduled__2024-07-25T23:00:00+00:00 [queued]>
[2024-07-26T00:00:02.196+0000] {taskinstance.py:1279} INFO - 
--------------------------------------------------------------------------------
[2024-07-26T00:00:02.197+0000] {taskinstance.py:1280} INFO - Starting attempt 1 of 4
[2024-07-26T00:00:02.197+0000] {taskinstance.py:1281} INFO - 
--------------------------------------------------------------------------------
[2024-07-26T00:00:02.213+0000] {taskinstance.py:1300} INFO - Executing <Task(BashOperator): tsk1> on 2024-07-25 23:00:00+00:00
[2024-07-26T00:00:02.221+0000] {standard_task_runner.py:55} INFO - Started process 92585 to run task
[2024-07-26T00:00:02.227+0000] {standard_task_runner.py:82} INFO - Running: ['***', 'tasks', 'run', 'exemplo_defaultargs', 'tsk1', 'scheduled__2024-07-25T23:00:00+00:00', '--job-id', '1452', '--raw', '--subdir', 'DAGS_FOLDER/exemplo_defaultargs.py', '--cfg-path', '/tmp/tmppjl776o_']
[2024-07-26T00:00:02.228+0000] {standard_task_runner.py:83} INFO - Job 1452: Subtask tsk1
[2024-07-26T00:00:02.305+0000] {task_command.py:388} INFO - Running <TaskInstance: exemplo_defaultargs.tsk1 scheduled__2024-07-25T23:00:00+00:00 [running]> on host 448a9c84d52e
[2024-07-26T00:00:02.392+0000] {taskinstance.py:1509} INFO - Exporting the following env vars:
AIRFLOW_CTX_DAG_EMAIL=test@test.com
AIRFLOW_CTX_DAG_OWNER=***
AIRFLOW_CTX_DAG_ID=exemplo_defaultargs
AIRFLOW_CTX_TASK_ID=tsk1
AIRFLOW_CTX_EXECUTION_DATE=2024-07-25T23:00:00+00:00
AIRFLOW_CTX_TRY_NUMBER=1
AIRFLOW_CTX_DAG_RUN_ID=scheduled__2024-07-25T23:00:00+00:00
[2024-07-26T00:00:02.395+0000] {subprocess.py:63} INFO - Tmp dir root location: 
 /tmp
[2024-07-26T00:00:02.398+0000] {subprocess.py:75} INFO - Running command: ['/bin/bash', '-c', 'sleep 5']
[2024-07-26T00:00:02.485+0000] {subprocess.py:86} INFO - Output:
[2024-07-26T00:00:08.094+0000] {subprocess.py:97} INFO - Command exited with return code 0
[2024-07-26T00:00:08.319+0000] {taskinstance.py:1323} INFO - Marking task as SUCCESS. dag_id=exemplo_defaultargs, task_id=tsk1, execution_date=20240725T230000, start_date=20240726T000002, end_date=20240726T000008
[2024-07-26T00:00:08.398+0000] {local_task_job.py:208} INFO - Task exited with return code 0
[2024-07-26T00:00:08.474+0000] {taskinstance.py:2578} INFO - 1 downstream tasks scheduled from follow-on schedule check
