[2024-07-22T02:33:04.818+0000] {taskinstance.py:1083} INFO - Dependencies all met for <TaskInstance: example_subdag_operator.section-2 scheduled__2022-01-01T00:00:00+00:00 [queued]>
[2024-07-22T02:33:04.828+0000] {taskinstance.py:1083} INFO - Dependencies all met for <TaskInstance: example_subdag_operator.section-2 scheduled__2022-01-01T00:00:00+00:00 [queued]>
[2024-07-22T02:33:04.835+0000] {taskinstance.py:1279} INFO - 
--------------------------------------------------------------------------------
[2024-07-22T02:33:04.836+0000] {taskinstance.py:1280} INFO - Starting attempt 1 of 3
[2024-07-22T02:33:04.852+0000] {taskinstance.py:1281} INFO - 
--------------------------------------------------------------------------------
[2024-07-22T02:33:04.938+0000] {taskinstance.py:1300} INFO - Executing <Task(SubDagOperator): section-2> on 2022-01-01 00:00:00+00:00
[2024-07-22T02:33:04.955+0000] {standard_task_runner.py:55} INFO - Started process 1759 to run task
[2024-07-22T02:33:04.961+0000] {standard_task_runner.py:82} INFO - Running: ['***', 'tasks', 'run', 'example_subdag_operator', 'section-2', 'scheduled__2022-01-01T00:00:00+00:00', '--job-id', '574', '--raw', '--subdir', '/home/***/.local/lib/python3.7/site-packages/***/example_dags/example_subdag_operator.py', '--cfg-path', '/tmp/tmpbenp1_ke']
[2024-07-22T02:33:04.964+0000] {standard_task_runner.py:83} INFO - Job 574: Subtask section-2
[2024-07-22T02:33:05.114+0000] {task_command.py:388} INFO - Running <TaskInstance: example_subdag_operator.section-2 scheduled__2022-01-01T00:00:00+00:00 [running]> on host 06eaaebc2caa
[2024-07-22T02:33:05.243+0000] {taskinstance.py:1509} INFO - Exporting the following env vars:
AIRFLOW_CTX_DAG_OWNER=***
AIRFLOW_CTX_DAG_ID=example_subdag_operator
AIRFLOW_CTX_TASK_ID=section-2
AIRFLOW_CTX_EXECUTION_DATE=2022-01-01T00:00:00+00:00
AIRFLOW_CTX_TRY_NUMBER=1
AIRFLOW_CTX_DAG_RUN_ID=scheduled__2022-01-01T00:00:00+00:00
[2024-07-22T02:33:05.251+0000] {warnings.py:110} WARNING - /home/***/.local/lib/python3.7/site-packages/***/utils/context.py:205: AirflowContextDeprecationWarning: Accessing 'execution_date' from the template is deprecated and will be removed in a future version. Please use 'data_interval_start' or 'logical_date' instead.
  warnings.warn(_create_deprecation_warning(key, self._deprecation_replacements[key]))

[2024-07-22T02:33:05.308+0000] {subdag.py:171} INFO - Created DagRun: scheduled__2022-01-01T00:00:00+00:00
[2024-07-22T02:34:05.822+0000] {base.py:228} INFO - Success criteria met. Exiting.
[2024-07-22T02:34:05.907+0000] {subdag.py:186} INFO - Execution finished. State is success
[2024-07-22T02:34:05.999+0000] {taskinstance.py:1323} INFO - Marking task as SUCCESS. dag_id=example_subdag_operator, task_id=section-2, execution_date=20220101T000000, start_date=20240722T023304, end_date=20240722T023405
[2024-07-22T02:34:06.210+0000] {local_task_job.py:208} INFO - Task exited with return code 0
[2024-07-22T02:34:06.681+0000] {taskinstance.py:2578} INFO - 0 downstream tasks scheduled from follow-on schedule check
