[2024-07-23T00:30:15.241+0000] {taskinstance.py:1083} INFO - Dependencies all met for <TaskInstance: terceira_dag.tsk2 manual__2024-07-23T00:30:14.710586+00:00 [queued]>
[2024-07-23T00:30:15.251+0000] {taskinstance.py:1083} INFO - Dependencies all met for <TaskInstance: terceira_dag.tsk2 manual__2024-07-23T00:30:14.710586+00:00 [queued]>
[2024-07-23T00:30:15.251+0000] {taskinstance.py:1279} INFO - 
--------------------------------------------------------------------------------
[2024-07-23T00:30:15.252+0000] {taskinstance.py:1280} INFO - Starting attempt 1 of 1
[2024-07-23T00:30:15.254+0000] {taskinstance.py:1281} INFO - 
--------------------------------------------------------------------------------
[2024-07-23T00:30:15.269+0000] {taskinstance.py:1300} INFO - Executing <Task(BashOperator): tsk2> on 2024-07-23 00:30:14.710586+00:00
[2024-07-23T00:30:15.276+0000] {standard_task_runner.py:55} INFO - Started process 1549 to run task
[2024-07-23T00:30:15.279+0000] {standard_task_runner.py:82} INFO - Running: ['***', 'tasks', 'run', 'terceira_dag', 'tsk2', 'manual__2024-07-23T00:30:14.710586+00:00', '--job-id', '1276', '--raw', '--subdir', 'DAGS_FOLDER/terceira_dag.py', '--cfg-path', '/tmp/tmpqlgyaugr']
[2024-07-23T00:30:15.280+0000] {standard_task_runner.py:83} INFO - Job 1276: Subtask tsk2
[2024-07-23T00:30:15.324+0000] {task_command.py:388} INFO - Running <TaskInstance: terceira_dag.tsk2 manual__2024-07-23T00:30:14.710586+00:00 [running]> on host 448a9c84d52e
[2024-07-23T00:30:15.365+0000] {taskinstance.py:1509} INFO - Exporting the following env vars:
AIRFLOW_CTX_DAG_OWNER=***
AIRFLOW_CTX_DAG_ID=terceira_dag
AIRFLOW_CTX_TASK_ID=tsk2
AIRFLOW_CTX_EXECUTION_DATE=2024-07-23T00:30:14.710586+00:00
AIRFLOW_CTX_TRY_NUMBER=1
AIRFLOW_CTX_DAG_RUN_ID=manual__2024-07-23T00:30:14.710586+00:00
[2024-07-23T00:30:15.366+0000] {subprocess.py:63} INFO - Tmp dir root location: 
 /tmp
[2024-07-23T00:30:15.367+0000] {subprocess.py:75} INFO - Running command: ['/bin/bash', '-c', 'sleep 5']
[2024-07-23T00:30:15.373+0000] {subprocess.py:86} INFO - Output:
[2024-07-23T00:30:20.375+0000] {subprocess.py:97} INFO - Command exited with return code 0
[2024-07-23T00:30:20.393+0000] {taskinstance.py:1323} INFO - Marking task as SUCCESS. dag_id=terceira_dag, task_id=tsk2, execution_date=20240723T003014, start_date=20240723T003015, end_date=20240723T003020
[2024-07-23T00:30:20.425+0000] {local_task_job.py:208} INFO - Task exited with return code 0
[2024-07-23T00:30:20.438+0000] {taskinstance.py:2578} INFO - 1 downstream tasks scheduled from follow-on schedule check
