[2024-07-22T02:31:21.672+0000] {taskinstance.py:1083} INFO - Dependencies all met for <TaskInstance: example_dynamic_task_mapping.add_one scheduled__2022-04-07T00:00:00+00:00 map_index=0 [queued]>
[2024-07-22T02:31:21.695+0000] {taskinstance.py:1083} INFO - Dependencies all met for <TaskInstance: example_dynamic_task_mapping.add_one scheduled__2022-04-07T00:00:00+00:00 map_index=0 [queued]>
[2024-07-22T02:31:21.704+0000] {taskinstance.py:1279} INFO - 
--------------------------------------------------------------------------------
[2024-07-22T02:31:21.711+0000] {taskinstance.py:1280} INFO - Starting attempt 1 of 1
[2024-07-22T02:31:21.716+0000] {taskinstance.py:1281} INFO - 
--------------------------------------------------------------------------------
[2024-07-22T02:31:21.825+0000] {taskinstance.py:1300} INFO - Executing <Mapped(_PythonDecoratedOperator): add_one> on 2022-04-07 00:00:00+00:00
[2024-07-22T02:31:21.831+0000] {standard_task_runner.py:55} INFO - Started process 785 to run task
[2024-07-22T02:31:21.841+0000] {standard_task_runner.py:82} INFO - Running: ['***', 'tasks', 'run', 'example_dynamic_task_mapping', 'add_one', 'scheduled__2022-04-07T00:00:00+00:00', '--job-id', '152', '--raw', '--subdir', '/home/***/.local/lib/python3.7/site-packages/***/example_dags/example_dynamic_task_mapping.py', '--cfg-path', '/tmp/tmpfvyi4jrv', '--map-index', '0']
[2024-07-22T02:31:21.858+0000] {standard_task_runner.py:83} INFO - Job 152: Subtask add_one
[2024-07-22T02:31:22.019+0000] {task_command.py:388} INFO - Running <TaskInstance: example_dynamic_task_mapping.add_one scheduled__2022-04-07T00:00:00+00:00 map_index=0 [running]> on host 06eaaebc2caa
[2024-07-22T02:31:22.429+0000] {taskinstance.py:1509} INFO - Exporting the following env vars:
AIRFLOW_CTX_DAG_OWNER=***
AIRFLOW_CTX_DAG_ID=example_dynamic_task_mapping
AIRFLOW_CTX_TASK_ID=add_one
AIRFLOW_CTX_EXECUTION_DATE=2022-04-07T00:00:00+00:00
AIRFLOW_CTX_TRY_NUMBER=1
AIRFLOW_CTX_DAG_RUN_ID=scheduled__2022-04-07T00:00:00+00:00
[2024-07-22T02:31:22.433+0000] {python.py:177} INFO - Done. Returned value was: 2
[2024-07-22T02:31:22.547+0000] {taskinstance.py:1323} INFO - Marking task as SUCCESS. dag_id=example_dynamic_task_mapping, task_id=add_one, map_index=0, execution_date=20220407T000000, start_date=20240722T023121, end_date=20240722T023122
[2024-07-22T02:31:22.628+0000] {local_task_job.py:208} INFO - Task exited with return code 0
[2024-07-22T02:31:22.739+0000] {taskinstance.py:2578} INFO - 0 downstream tasks scheduled from follow-on schedule check
