[2024-07-27T08:10:09.313+0000] {taskinstance.py:1083} INFO - Dependencies all met for <TaskInstance: exemplo_defaultargs.tsk1 scheduled__2024-07-27T07:00:00+00:00 [queued]>
[2024-07-27T08:10:09.319+0000] {taskinstance.py:1083} INFO - Dependencies all met for <TaskInstance: exemplo_defaultargs.tsk1 scheduled__2024-07-27T07:00:00+00:00 [queued]>
[2024-07-27T08:10:09.319+0000] {taskinstance.py:1279} INFO - 
--------------------------------------------------------------------------------
[2024-07-27T08:10:09.319+0000] {taskinstance.py:1280} INFO - Starting attempt 1 of 4
[2024-07-27T08:10:09.319+0000] {taskinstance.py:1281} INFO - 
--------------------------------------------------------------------------------
[2024-07-27T08:10:09.326+0000] {taskinstance.py:1300} INFO - Executing <Task(BashOperator): tsk1> on 2024-07-27 07:00:00+00:00
[2024-07-27T08:10:09.329+0000] {standard_task_runner.py:55} INFO - Started process 7180 to run task
[2024-07-27T08:10:09.331+0000] {standard_task_runner.py:82} INFO - Running: ['***', 'tasks', 'run', 'exemplo_defaultargs', 'tsk1', 'scheduled__2024-07-27T07:00:00+00:00', '--job-id', '1799', '--raw', '--subdir', 'DAGS_FOLDER/exemplo_defaultargs.py', '--cfg-path', '/tmp/tmptxijc73l']
[2024-07-27T08:10:09.332+0000] {standard_task_runner.py:83} INFO - Job 1799: Subtask tsk1
[2024-07-27T08:10:09.374+0000] {task_command.py:388} INFO - Running <TaskInstance: exemplo_defaultargs.tsk1 scheduled__2024-07-27T07:00:00+00:00 [running]> on host ec0bbc56d6ed
[2024-07-27T08:10:09.457+0000] {taskinstance.py:1509} INFO - Exporting the following env vars:
AIRFLOW_CTX_DAG_EMAIL=test@test.com
AIRFLOW_CTX_DAG_OWNER=***
AIRFLOW_CTX_DAG_ID=exemplo_defaultargs
AIRFLOW_CTX_TASK_ID=tsk1
AIRFLOW_CTX_EXECUTION_DATE=2024-07-27T07:00:00+00:00
AIRFLOW_CTX_TRY_NUMBER=1
AIRFLOW_CTX_DAG_RUN_ID=scheduled__2024-07-27T07:00:00+00:00
[2024-07-27T08:10:09.461+0000] {subprocess.py:63} INFO - Tmp dir root location: 
 /tmp
[2024-07-27T08:10:09.462+0000] {subprocess.py:75} INFO - Running command: ['/bin/bash', '-c', 'sleep 5']
[2024-07-27T08:10:09.473+0000] {subprocess.py:86} INFO - Output:
[2024-07-27T08:10:14.492+0000] {subprocess.py:97} INFO - Command exited with return code 0
[2024-07-27T08:10:14.527+0000] {taskinstance.py:1323} INFO - Marking task as SUCCESS. dag_id=exemplo_defaultargs, task_id=tsk1, execution_date=20240727T070000, start_date=20240727T081009, end_date=20240727T081014
[2024-07-27T08:10:14.586+0000] {local_task_job.py:208} INFO - Task exited with return code 0
[2024-07-27T08:10:14.606+0000] {taskinstance.py:2578} INFO - 1 downstream tasks scheduled from follow-on schedule check
