[2024-07-25T02:16:04.565+0000] {taskinstance.py:1083} INFO - Dependencies all met for <TaskInstance: exemplo_defaultargs.tsk2 manual__2024-07-25T02:15:56.819661+00:00 [queued]>
[2024-07-25T02:16:04.581+0000] {taskinstance.py:1083} INFO - Dependencies all met for <TaskInstance: exemplo_defaultargs.tsk2 manual__2024-07-25T02:15:56.819661+00:00 [queued]>
[2024-07-25T02:16:04.581+0000] {taskinstance.py:1279} INFO - 
--------------------------------------------------------------------------------
[2024-07-25T02:16:04.582+0000] {taskinstance.py:1280} INFO - Starting attempt 1 of 2
[2024-07-25T02:16:04.582+0000] {taskinstance.py:1281} INFO - 
--------------------------------------------------------------------------------
[2024-07-25T02:16:04.594+0000] {taskinstance.py:1300} INFO - Executing <Task(BashOperator): tsk2> on 2024-07-25 02:15:56.819661+00:00
[2024-07-25T02:16:04.601+0000] {standard_task_runner.py:55} INFO - Started process 31094 to run task
[2024-07-25T02:16:04.607+0000] {standard_task_runner.py:82} INFO - Running: ['***', 'tasks', 'run', 'exemplo_defaultargs', 'tsk2', 'manual__2024-07-25T02:15:56.819661+00:00', '--job-id', '1361', '--raw', '--subdir', 'DAGS_FOLDER/exemplo_defaultargs.py', '--cfg-path', '/tmp/tmpim3f0udg']
[2024-07-25T02:16:04.608+0000] {standard_task_runner.py:83} INFO - Job 1361: Subtask tsk2
[2024-07-25T02:16:04.746+0000] {task_command.py:388} INFO - Running <TaskInstance: exemplo_defaultargs.tsk2 manual__2024-07-25T02:15:56.819661+00:00 [running]> on host 448a9c84d52e
[2024-07-25T02:16:04.859+0000] {taskinstance.py:1509} INFO - Exporting the following env vars:
AIRFLOW_CTX_DAG_EMAIL=test@test.com
AIRFLOW_CTX_DAG_OWNER=***
AIRFLOW_CTX_DAG_ID=exemplo_defaultargs
AIRFLOW_CTX_TASK_ID=tsk2
AIRFLOW_CTX_EXECUTION_DATE=2024-07-25T02:15:56.819661+00:00
AIRFLOW_CTX_TRY_NUMBER=1
AIRFLOW_CTX_DAG_RUN_ID=manual__2024-07-25T02:15:56.819661+00:00
[2024-07-25T02:16:04.861+0000] {subprocess.py:63} INFO - Tmp dir root location: 
 /tmp
[2024-07-25T02:16:04.862+0000] {subprocess.py:75} INFO - Running command: ['/bin/bash', '-c', 'sleep 5']
[2024-07-25T02:16:04.875+0000] {subprocess.py:86} INFO - Output:
[2024-07-25T02:16:09.962+0000] {subprocess.py:97} INFO - Command exited with return code 0
[2024-07-25T02:16:10.283+0000] {taskinstance.py:1323} INFO - Marking task as SUCCESS. dag_id=exemplo_defaultargs, task_id=tsk2, execution_date=20240725T021556, start_date=20240725T021604, end_date=20240725T021610
[2024-07-25T02:16:10.520+0000] {local_task_job.py:208} INFO - Task exited with return code 0
[2024-07-25T02:16:10.625+0000] {taskinstance.py:2578} INFO - 1 downstream tasks scheduled from follow-on schedule check
