[2024-07-26T20:00:08.575+0000] {taskinstance.py:1083} INFO - Dependencies all met for <TaskInstance: exemplo_defaultargs.tsk2 scheduled__2024-07-26T19:00:00+00:00 [queued]>
[2024-07-26T20:00:08.582+0000] {taskinstance.py:1083} INFO - Dependencies all met for <TaskInstance: exemplo_defaultargs.tsk2 scheduled__2024-07-26T19:00:00+00:00 [queued]>
[2024-07-26T20:00:08.582+0000] {taskinstance.py:1279} INFO - 
--------------------------------------------------------------------------------
[2024-07-26T20:00:08.582+0000] {taskinstance.py:1280} INFO - Starting attempt 1 of 2
[2024-07-26T20:00:08.583+0000] {taskinstance.py:1281} INFO - 
--------------------------------------------------------------------------------
[2024-07-26T20:00:08.598+0000] {taskinstance.py:1300} INFO - Executing <Task(BashOperator): tsk2> on 2024-07-26 19:00:00+00:00
[2024-07-26T20:00:08.605+0000] {standard_task_runner.py:55} INFO - Started process 47590 to run task
[2024-07-26T20:00:08.608+0000] {standard_task_runner.py:82} INFO - Running: ['***', 'tasks', 'run', 'exemplo_defaultargs', 'tsk2', 'scheduled__2024-07-26T19:00:00+00:00', '--job-id', '1671', '--raw', '--subdir', 'DAGS_FOLDER/exemplo_defaultargs.py', '--cfg-path', '/tmp/tmpvch45i6o']
[2024-07-26T20:00:08.609+0000] {standard_task_runner.py:83} INFO - Job 1671: Subtask tsk2
[2024-07-26T20:00:08.689+0000] {task_command.py:388} INFO - Running <TaskInstance: exemplo_defaultargs.tsk2 scheduled__2024-07-26T19:00:00+00:00 [running]> on host 029011c5aea1
[2024-07-26T20:00:08.745+0000] {taskinstance.py:1509} INFO - Exporting the following env vars:
AIRFLOW_CTX_DAG_EMAIL=test@test.com
AIRFLOW_CTX_DAG_OWNER=***
AIRFLOW_CTX_DAG_ID=exemplo_defaultargs
AIRFLOW_CTX_TASK_ID=tsk2
AIRFLOW_CTX_EXECUTION_DATE=2024-07-26T19:00:00+00:00
AIRFLOW_CTX_TRY_NUMBER=1
AIRFLOW_CTX_DAG_RUN_ID=scheduled__2024-07-26T19:00:00+00:00
[2024-07-26T20:00:08.746+0000] {subprocess.py:63} INFO - Tmp dir root location: 
 /tmp
[2024-07-26T20:00:08.747+0000] {subprocess.py:75} INFO - Running command: ['/bin/bash', '-c', 'sleep 5']
[2024-07-26T20:00:08.760+0000] {subprocess.py:86} INFO - Output:
[2024-07-26T20:00:13.769+0000] {subprocess.py:97} INFO - Command exited with return code 0
[2024-07-26T20:00:13.851+0000] {taskinstance.py:1323} INFO - Marking task as SUCCESS. dag_id=exemplo_defaultargs, task_id=tsk2, execution_date=20240726T190000, start_date=20240726T200008, end_date=20240726T200013
[2024-07-26T20:00:13.904+0000] {local_task_job.py:208} INFO - Task exited with return code 0
[2024-07-26T20:00:13.940+0000] {taskinstance.py:2578} INFO - 1 downstream tasks scheduled from follow-on schedule check
