[2024-07-25T04:02:25.456+0000] {taskinstance.py:1083} INFO - Dependencies all met for <TaskInstance: exemplo_defaultargs.tsk1 scheduled__2024-07-25T03:00:00+00:00 [queued]>
[2024-07-25T04:02:25.495+0000] {taskinstance.py:1083} INFO - Dependencies all met for <TaskInstance: exemplo_defaultargs.tsk1 scheduled__2024-07-25T03:00:00+00:00 [queued]>
[2024-07-25T04:02:25.496+0000] {taskinstance.py:1279} INFO - 
--------------------------------------------------------------------------------
[2024-07-25T04:02:25.497+0000] {taskinstance.py:1280} INFO - Starting attempt 1 of 4
[2024-07-25T04:02:25.497+0000] {taskinstance.py:1281} INFO - 
--------------------------------------------------------------------------------
[2024-07-25T04:02:25.513+0000] {taskinstance.py:1300} INFO - Executing <Task(BashOperator): tsk1> on 2024-07-25 03:00:00+00:00
[2024-07-25T04:02:25.517+0000] {standard_task_runner.py:55} INFO - Started process 37515 to run task
[2024-07-25T04:02:25.521+0000] {standard_task_runner.py:82} INFO - Running: ['***', 'tasks', 'run', 'exemplo_defaultargs', 'tsk1', 'scheduled__2024-07-25T03:00:00+00:00', '--job-id', '1392', '--raw', '--subdir', 'DAGS_FOLDER/exemplo_defaultargs.py', '--cfg-path', '/tmp/tmp9wdxw1xv']
[2024-07-25T04:02:25.522+0000] {standard_task_runner.py:83} INFO - Job 1392: Subtask tsk1
[2024-07-25T04:02:25.602+0000] {task_command.py:388} INFO - Running <TaskInstance: exemplo_defaultargs.tsk1 scheduled__2024-07-25T03:00:00+00:00 [running]> on host 448a9c84d52e
[2024-07-25T04:02:25.655+0000] {taskinstance.py:1509} INFO - Exporting the following env vars:
AIRFLOW_CTX_DAG_EMAIL=test@test.com
AIRFLOW_CTX_DAG_OWNER=***
AIRFLOW_CTX_DAG_ID=exemplo_defaultargs
AIRFLOW_CTX_TASK_ID=tsk1
AIRFLOW_CTX_EXECUTION_DATE=2024-07-25T03:00:00+00:00
AIRFLOW_CTX_TRY_NUMBER=1
AIRFLOW_CTX_DAG_RUN_ID=scheduled__2024-07-25T03:00:00+00:00
[2024-07-25T04:02:25.656+0000] {subprocess.py:63} INFO - Tmp dir root location: 
 /tmp
[2024-07-25T04:02:25.657+0000] {subprocess.py:75} INFO - Running command: ['/bin/bash', '-c', 'sleep 5']
[2024-07-25T04:02:25.666+0000] {subprocess.py:86} INFO - Output:
[2024-07-25T04:02:30.677+0000] {subprocess.py:97} INFO - Command exited with return code 0
[2024-07-25T04:02:30.713+0000] {taskinstance.py:1323} INFO - Marking task as SUCCESS. dag_id=exemplo_defaultargs, task_id=tsk1, execution_date=20240725T030000, start_date=20240725T040225, end_date=20240725T040230
[2024-07-25T04:02:30.737+0000] {local_task_job.py:208} INFO - Task exited with return code 0
[2024-07-25T04:02:30.755+0000] {taskinstance.py:2578} INFO - 1 downstream tasks scheduled from follow-on schedule check
