[2024-07-26T12:10:21.050+0000] {taskinstance.py:1083} INFO - Dependencies all met for <TaskInstance: exemplo_email_operator.3-Bash scheduled__2024-07-26T11:00:00+00:00 [queued]>
[2024-07-26T12:10:21.056+0000] {taskinstance.py:1083} INFO - Dependencies all met for <TaskInstance: exemplo_email_operator.3-Bash scheduled__2024-07-26T11:00:00+00:00 [queued]>
[2024-07-26T12:10:21.057+0000] {taskinstance.py:1279} INFO - 
--------------------------------------------------------------------------------
[2024-07-26T12:10:21.057+0000] {taskinstance.py:1280} INFO - Starting attempt 1 of 2
[2024-07-26T12:10:21.057+0000] {taskinstance.py:1281} INFO - 
--------------------------------------------------------------------------------
[2024-07-26T12:10:21.063+0000] {taskinstance.py:1300} INFO - Executing <Task(BashOperator): 3-Bash> on 2024-07-26 11:00:00+00:00
[2024-07-26T12:10:21.066+0000] {standard_task_runner.py:55} INFO - Started process 12747 to run task
[2024-07-26T12:10:21.068+0000] {standard_task_runner.py:82} INFO - Running: ['***', 'tasks', 'run', 'exemplo_email_operator', '3-Bash', 'scheduled__2024-07-26T11:00:00+00:00', '--job-id', '1595', '--raw', '--subdir', 'DAGS_FOLDER/exemplo_email_operator.py', '--cfg-path', '/tmp/tmpjg07badl']
[2024-07-26T12:10:21.069+0000] {standard_task_runner.py:83} INFO - Job 1595: Subtask 3-Bash
[2024-07-26T12:10:21.103+0000] {task_command.py:388} INFO - Running <TaskInstance: exemplo_email_operator.3-Bash scheduled__2024-07-26T11:00:00+00:00 [running]> on host 029011c5aea1
[2024-07-26T12:10:21.137+0000] {taskinstance.py:1509} INFO - Exporting the following env vars:
AIRFLOW_CTX_DAG_EMAIL=caue.ausec@gmail.com
AIRFLOW_CTX_DAG_OWNER=***
AIRFLOW_CTX_DAG_ID=exemplo_email_operator
AIRFLOW_CTX_TASK_ID=3-Bash
AIRFLOW_CTX_EXECUTION_DATE=2024-07-26T11:00:00+00:00
AIRFLOW_CTX_TRY_NUMBER=1
AIRFLOW_CTX_DAG_RUN_ID=scheduled__2024-07-26T11:00:00+00:00
[2024-07-26T12:10:21.138+0000] {subprocess.py:63} INFO - Tmp dir root location: 
 /tmp
[2024-07-26T12:10:21.138+0000] {subprocess.py:75} INFO - Running command: ['/bin/bash', '-c', 'sleep 1']
[2024-07-26T12:10:21.145+0000] {subprocess.py:86} INFO - Output:
[2024-07-26T12:10:22.148+0000] {subprocess.py:97} INFO - Command exited with return code 0
[2024-07-26T12:10:22.179+0000] {taskinstance.py:1323} INFO - Marking task as SUCCESS. dag_id=exemplo_email_operator, task_id=3-Bash, execution_date=20240726T110000, start_date=20240726T121021, end_date=20240726T121022
[2024-07-26T12:10:22.227+0000] {local_task_job.py:208} INFO - Task exited with return code 0
[2024-07-26T12:10:22.247+0000] {taskinstance.py:2578} INFO - 1 downstream tasks scheduled from follow-on schedule check
