[2024-07-22T02:32:02.980+0000] {taskinstance.py:1083} INFO - Dependencies all met for <TaskInstance: example_sla_dag.sleep_20 scheduled__2024-07-22T02:30:00+00:00 [queued]>
[2024-07-22T02:32:02.987+0000] {taskinstance.py:1083} INFO - Dependencies all met for <TaskInstance: example_sla_dag.sleep_20 scheduled__2024-07-22T02:30:00+00:00 [queued]>
[2024-07-22T02:32:02.991+0000] {taskinstance.py:1279} INFO - 
--------------------------------------------------------------------------------
[2024-07-22T02:32:02.991+0000] {taskinstance.py:1280} INFO - Starting attempt 1 of 1
[2024-07-22T02:32:02.992+0000] {taskinstance.py:1281} INFO - 
--------------------------------------------------------------------------------
[2024-07-22T02:32:03.003+0000] {taskinstance.py:1300} INFO - Executing <Task(_PythonDecoratedOperator): sleep_20> on 2024-07-22 02:30:00+00:00
[2024-07-22T02:32:03.007+0000] {standard_task_runner.py:55} INFO - Started process 1180 to run task
[2024-07-22T02:32:03.010+0000] {standard_task_runner.py:82} INFO - Running: ['***', 'tasks', 'run', 'example_sla_dag', 'sleep_20', 'scheduled__2024-07-22T02:30:00+00:00', '--job-id', '328', '--raw', '--subdir', '/home/***/.local/lib/python3.7/site-packages/***/example_dags/example_sla_dag.py', '--cfg-path', '/tmp/tmpayu9nftd']
[2024-07-22T02:32:03.012+0000] {standard_task_runner.py:83} INFO - Job 328: Subtask sleep_20
[2024-07-22T02:32:03.055+0000] {task_command.py:388} INFO - Running <TaskInstance: example_sla_dag.sleep_20 scheduled__2024-07-22T02:30:00+00:00 [running]> on host 06eaaebc2caa
[2024-07-22T02:32:03.114+0000] {taskinstance.py:1509} INFO - Exporting the following env vars:
AIRFLOW_CTX_DAG_EMAIL=email@example.com
AIRFLOW_CTX_DAG_OWNER=***
AIRFLOW_CTX_DAG_ID=example_sla_dag
AIRFLOW_CTX_TASK_ID=sleep_20
AIRFLOW_CTX_EXECUTION_DATE=2024-07-22T02:30:00+00:00
AIRFLOW_CTX_TRY_NUMBER=1
AIRFLOW_CTX_DAG_RUN_ID=scheduled__2024-07-22T02:30:00+00:00
[2024-07-22T02:32:23.123+0000] {python.py:177} INFO - Done. Returned value was: None
[2024-07-22T02:32:23.182+0000] {taskinstance.py:1323} INFO - Marking task as SUCCESS. dag_id=example_sla_dag, task_id=sleep_20, execution_date=20240722T023000, start_date=20240722T023202, end_date=20240722T023223
[2024-07-22T02:32:23.295+0000] {local_task_job.py:208} INFO - Task exited with return code 0
[2024-07-22T02:32:23.330+0000] {taskinstance.py:2578} INFO - 1 downstream tasks scheduled from follow-on schedule check
