[2024-07-23T00:41:03.946+0000] {taskinstance.py:1083} INFO - Dependencies all met for <TaskInstance: downstream_dag.tsk5 manual__2024-07-23T00:40:50.865599+00:00 [queued]>
[2024-07-23T00:41:03.955+0000] {taskinstance.py:1083} INFO - Dependencies all met for <TaskInstance: downstream_dag.tsk5 manual__2024-07-23T00:40:50.865599+00:00 [queued]>
[2024-07-23T00:41:03.956+0000] {taskinstance.py:1279} INFO - 
--------------------------------------------------------------------------------
[2024-07-23T00:41:03.956+0000] {taskinstance.py:1280} INFO - Starting attempt 1 of 1
[2024-07-23T00:41:03.956+0000] {taskinstance.py:1281} INFO - 
--------------------------------------------------------------------------------
[2024-07-23T00:41:03.965+0000] {taskinstance.py:1300} INFO - Executing <Task(BashOperator): tsk5> on 2024-07-23 00:40:50.865599+00:00
[2024-07-23T00:41:03.970+0000] {standard_task_runner.py:55} INFO - Started process 2513 to run task
[2024-07-23T00:41:03.972+0000] {standard_task_runner.py:82} INFO - Running: ['***', 'tasks', 'run', 'downstream_dag', 'tsk5', 'manual__2024-07-23T00:40:50.865599+00:00', '--job-id', '1287', '--raw', '--subdir', 'DAGS_FOLDER/downstream_dag.py', '--cfg-path', '/tmp/tmp21xdb_qh']
[2024-07-23T00:41:03.972+0000] {standard_task_runner.py:83} INFO - Job 1287: Subtask tsk5
[2024-07-23T00:41:04.018+0000] {task_command.py:388} INFO - Running <TaskInstance: downstream_dag.tsk5 manual__2024-07-23T00:40:50.865599+00:00 [running]> on host 448a9c84d52e
[2024-07-23T00:41:04.056+0000] {taskinstance.py:1509} INFO - Exporting the following env vars:
AIRFLOW_CTX_DAG_OWNER=***
AIRFLOW_CTX_DAG_ID=downstream_dag
AIRFLOW_CTX_TASK_ID=tsk5
AIRFLOW_CTX_EXECUTION_DATE=2024-07-23T00:40:50.865599+00:00
AIRFLOW_CTX_TRY_NUMBER=1
AIRFLOW_CTX_DAG_RUN_ID=manual__2024-07-23T00:40:50.865599+00:00
[2024-07-23T00:41:04.057+0000] {subprocess.py:63} INFO - Tmp dir root location: 
 /tmp
[2024-07-23T00:41:04.057+0000] {subprocess.py:75} INFO - Running command: ['/bin/bash', '-c', 'sleep 5']
[2024-07-23T00:41:04.063+0000] {subprocess.py:86} INFO - Output:
[2024-07-23T00:41:09.065+0000] {subprocess.py:97} INFO - Command exited with return code 0
[2024-07-23T00:41:09.089+0000] {taskinstance.py:1323} INFO - Marking task as SUCCESS. dag_id=downstream_dag, task_id=tsk5, execution_date=20240723T004050, start_date=20240723T004103, end_date=20240723T004109
[2024-07-23T00:41:09.139+0000] {local_task_job.py:208} INFO - Task exited with return code 0
[2024-07-23T00:41:09.162+0000] {taskinstance.py:2578} INFO - 0 downstream tasks scheduled from follow-on schedule check
