[2024-07-27T02:46:24.529+0000] {taskinstance.py:1083} INFO - Dependencies all met for <TaskInstance: exemplo_pools.tsk1 manual__2024-07-27T02:45:59.889631+00:00 [queued]>
[2024-07-27T02:46:24.538+0000] {taskinstance.py:1083} INFO - Dependencies all met for <TaskInstance: exemplo_pools.tsk1 manual__2024-07-27T02:45:59.889631+00:00 [queued]>
[2024-07-27T02:46:24.538+0000] {taskinstance.py:1279} INFO - 
--------------------------------------------------------------------------------
[2024-07-27T02:46:24.539+0000] {taskinstance.py:1280} INFO - Starting attempt 1 of 1
[2024-07-27T02:46:24.539+0000] {taskinstance.py:1281} INFO - 
--------------------------------------------------------------------------------
[2024-07-27T02:46:24.547+0000] {taskinstance.py:1300} INFO - Executing <Task(BashOperator): tsk1> on 2024-07-27 02:45:59.889631+00:00
[2024-07-27T02:46:24.550+0000] {standard_task_runner.py:55} INFO - Started process 78114 to run task
[2024-07-27T02:46:24.552+0000] {standard_task_runner.py:82} INFO - Running: ['***', 'tasks', 'run', 'exemplo_pools', 'tsk1', 'manual__2024-07-27T02:45:59.889631+00:00', '--job-id', '1735', '--raw', '--subdir', 'DAGS_FOLDER/exemplo_pools.py', '--cfg-path', '/tmp/tmpgkzckgo5']
[2024-07-27T02:46:24.553+0000] {standard_task_runner.py:83} INFO - Job 1735: Subtask tsk1
[2024-07-27T02:46:24.589+0000] {task_command.py:388} INFO - Running <TaskInstance: exemplo_pools.tsk1 manual__2024-07-27T02:45:59.889631+00:00 [running]> on host 029011c5aea1
[2024-07-27T02:46:24.628+0000] {taskinstance.py:1509} INFO - Exporting the following env vars:
AIRFLOW_CTX_DAG_OWNER=***
AIRFLOW_CTX_DAG_ID=exemplo_pools
AIRFLOW_CTX_TASK_ID=tsk1
AIRFLOW_CTX_EXECUTION_DATE=2024-07-27T02:45:59.889631+00:00
AIRFLOW_CTX_TRY_NUMBER=1
AIRFLOW_CTX_DAG_RUN_ID=manual__2024-07-27T02:45:59.889631+00:00
[2024-07-27T02:46:24.629+0000] {subprocess.py:63} INFO - Tmp dir root location: 
 /tmp
[2024-07-27T02:46:24.630+0000] {subprocess.py:75} INFO - Running command: ['/bin/bash', '-c', 'sleep 5']
[2024-07-27T02:46:24.637+0000] {subprocess.py:86} INFO - Output:
[2024-07-27T02:46:29.644+0000] {subprocess.py:97} INFO - Command exited with return code 0
[2024-07-27T02:46:29.665+0000] {taskinstance.py:1323} INFO - Marking task as SUCCESS. dag_id=exemplo_pools, task_id=tsk1, execution_date=20240727T024559, start_date=20240727T024624, end_date=20240727T024629
[2024-07-27T02:46:29.686+0000] {local_task_job.py:208} INFO - Task exited with return code 0
[2024-07-27T02:46:29.696+0000] {taskinstance.py:2578} INFO - 0 downstream tasks scheduled from follow-on schedule check
