[2024-07-23T00:22:49.301+0000] {taskinstance.py:1083} INFO - Dependencies all met for <TaskInstance: primeira_dag.tsk1 manual__2024-07-23T00:22:47.935665+00:00 [queued]>
[2024-07-23T00:22:49.307+0000] {taskinstance.py:1083} INFO - Dependencies all met for <TaskInstance: primeira_dag.tsk1 manual__2024-07-23T00:22:47.935665+00:00 [queued]>
[2024-07-23T00:22:49.308+0000] {taskinstance.py:1279} INFO - 
--------------------------------------------------------------------------------
[2024-07-23T00:22:49.308+0000] {taskinstance.py:1280} INFO - Starting attempt 1 of 1
[2024-07-23T00:22:49.308+0000] {taskinstance.py:1281} INFO - 
--------------------------------------------------------------------------------
[2024-07-23T00:22:49.315+0000] {taskinstance.py:1300} INFO - Executing <Task(BashOperator): tsk1> on 2024-07-23 00:22:47.935665+00:00
[2024-07-23T00:22:49.318+0000] {standard_task_runner.py:55} INFO - Started process 886 to run task
[2024-07-23T00:22:49.320+0000] {standard_task_runner.py:82} INFO - Running: ['***', 'tasks', 'run', 'primeira_dag', 'tsk1', 'manual__2024-07-23T00:22:47.935665+00:00', '--job-id', '1270', '--raw', '--subdir', 'DAGS_FOLDER/primeira_dag.py', '--cfg-path', '/tmp/tmp8oxfc0ue']
[2024-07-23T00:22:49.320+0000] {standard_task_runner.py:83} INFO - Job 1270: Subtask tsk1
[2024-07-23T00:22:49.352+0000] {task_command.py:388} INFO - Running <TaskInstance: primeira_dag.tsk1 manual__2024-07-23T00:22:47.935665+00:00 [running]> on host 448a9c84d52e
[2024-07-23T00:22:49.393+0000] {taskinstance.py:1509} INFO - Exporting the following env vars:
AIRFLOW_CTX_DAG_OWNER=***
AIRFLOW_CTX_DAG_ID=primeira_dag
AIRFLOW_CTX_TASK_ID=tsk1
AIRFLOW_CTX_EXECUTION_DATE=2024-07-23T00:22:47.935665+00:00
AIRFLOW_CTX_TRY_NUMBER=1
AIRFLOW_CTX_DAG_RUN_ID=manual__2024-07-23T00:22:47.935665+00:00
[2024-07-23T00:22:49.394+0000] {subprocess.py:63} INFO - Tmp dir root location: 
 /tmp
[2024-07-23T00:22:49.394+0000] {subprocess.py:75} INFO - Running command: ['/bin/bash', '-c', 'sleep 5']
[2024-07-23T00:22:49.400+0000] {subprocess.py:86} INFO - Output:
[2024-07-23T00:22:54.405+0000] {subprocess.py:97} INFO - Command exited with return code 0
[2024-07-23T00:22:54.436+0000] {taskinstance.py:1323} INFO - Marking task as SUCCESS. dag_id=primeira_dag, task_id=tsk1, execution_date=20240723T002247, start_date=20240723T002249, end_date=20240723T002254
[2024-07-23T00:22:54.465+0000] {local_task_job.py:208} INFO - Task exited with return code 0
[2024-07-23T00:22:54.480+0000] {taskinstance.py:2578} INFO - 1 downstream tasks scheduled from follow-on schedule check
