[2024-07-27T16:00:07.012+0000] {taskinstance.py:1083} INFO - Dependencies all met for <TaskInstance: exemplo_defaultargs.tsk2 scheduled__2024-07-27T15:00:00+00:00 [queued]>
[2024-07-27T16:00:07.018+0000] {taskinstance.py:1083} INFO - Dependencies all met for <TaskInstance: exemplo_defaultargs.tsk2 scheduled__2024-07-27T15:00:00+00:00 [queued]>
[2024-07-27T16:00:07.018+0000] {taskinstance.py:1279} INFO - 
--------------------------------------------------------------------------------
[2024-07-27T16:00:07.018+0000] {taskinstance.py:1280} INFO - Starting attempt 1 of 2
[2024-07-27T16:00:07.018+0000] {taskinstance.py:1281} INFO - 
--------------------------------------------------------------------------------
[2024-07-27T16:00:07.025+0000] {taskinstance.py:1300} INFO - Executing <Task(BashOperator): tsk2> on 2024-07-27 15:00:00+00:00
[2024-07-27T16:00:07.027+0000] {standard_task_runner.py:55} INFO - Started process 14460 to run task
[2024-07-27T16:00:07.029+0000] {standard_task_runner.py:82} INFO - Running: ['***', 'tasks', 'run', 'exemplo_defaultargs', 'tsk2', 'scheduled__2024-07-27T15:00:00+00:00', '--job-id', '1825', '--raw', '--subdir', 'DAGS_FOLDER/exemplo_defaultargs.py', '--cfg-path', '/tmp/tmp6jsmc26q']
[2024-07-27T16:00:07.030+0000] {standard_task_runner.py:83} INFO - Job 1825: Subtask tsk2
[2024-07-27T16:00:07.061+0000] {task_command.py:388} INFO - Running <TaskInstance: exemplo_defaultargs.tsk2 scheduled__2024-07-27T15:00:00+00:00 [running]> on host ec0bbc56d6ed
[2024-07-27T16:00:07.097+0000] {taskinstance.py:1509} INFO - Exporting the following env vars:
AIRFLOW_CTX_DAG_EMAIL=test@test.com
AIRFLOW_CTX_DAG_OWNER=***
AIRFLOW_CTX_DAG_ID=exemplo_defaultargs
AIRFLOW_CTX_TASK_ID=tsk2
AIRFLOW_CTX_EXECUTION_DATE=2024-07-27T15:00:00+00:00
AIRFLOW_CTX_TRY_NUMBER=1
AIRFLOW_CTX_DAG_RUN_ID=scheduled__2024-07-27T15:00:00+00:00
[2024-07-27T16:00:07.097+0000] {subprocess.py:63} INFO - Tmp dir root location: 
 /tmp
[2024-07-27T16:00:07.098+0000] {subprocess.py:75} INFO - Running command: ['/bin/bash', '-c', 'sleep 5']
[2024-07-27T16:00:07.105+0000] {subprocess.py:86} INFO - Output:
[2024-07-27T16:00:12.108+0000] {subprocess.py:97} INFO - Command exited with return code 0
[2024-07-27T16:00:12.129+0000] {taskinstance.py:1323} INFO - Marking task as SUCCESS. dag_id=exemplo_defaultargs, task_id=tsk2, execution_date=20240727T150000, start_date=20240727T160007, end_date=20240727T160012
[2024-07-27T16:00:12.176+0000] {local_task_job.py:208} INFO - Task exited with return code 0
[2024-07-27T16:00:12.189+0000] {taskinstance.py:2578} INFO - 1 downstream tasks scheduled from follow-on schedule check
