[2024-07-22T02:34:07.412+0000] {taskinstance.py:1083} INFO - Dependencies all met for <TaskInstance: tutorial_taskflow_api_virtualenv.extract manual__2024-07-22T02:34:03.612348+00:00 [queued]>
[2024-07-22T02:34:07.439+0000] {taskinstance.py:1083} INFO - Dependencies all met for <TaskInstance: tutorial_taskflow_api_virtualenv.extract manual__2024-07-22T02:34:03.612348+00:00 [queued]>
[2024-07-22T02:34:07.440+0000] {taskinstance.py:1279} INFO - 
--------------------------------------------------------------------------------
[2024-07-22T02:34:07.440+0000] {taskinstance.py:1280} INFO - Starting attempt 1 of 1
[2024-07-22T02:34:07.440+0000] {taskinstance.py:1281} INFO - 
--------------------------------------------------------------------------------
[2024-07-22T02:34:07.506+0000] {taskinstance.py:1300} INFO - Executing <Task(_PythonVirtualenvDecoratedOperator): extract> on 2024-07-22 02:34:03.612348+00:00
[2024-07-22T02:34:07.514+0000] {standard_task_runner.py:55} INFO - Started process 2276 to run task
[2024-07-22T02:34:07.523+0000] {standard_task_runner.py:82} INFO - Running: ['***', 'tasks', 'run', 'tutorial_taskflow_api_virtualenv', 'extract', 'manual__2024-07-22T02:34:03.612348+00:00', '--job-id', '793', '--raw', '--subdir', '/home/***/.local/lib/python3.7/site-packages/***/example_dags/tutorial_taskflow_api_virtualenv.py', '--cfg-path', '/tmp/tmpgiqmwsfk']
[2024-07-22T02:34:07.527+0000] {standard_task_runner.py:83} INFO - Job 793: Subtask extract
[2024-07-22T02:34:07.709+0000] {task_command.py:388} INFO - Running <TaskInstance: tutorial_taskflow_api_virtualenv.extract manual__2024-07-22T02:34:03.612348+00:00 [running]> on host 06eaaebc2caa
[2024-07-22T02:34:07.904+0000] {taskinstance.py:1509} INFO - Exporting the following env vars:
AIRFLOW_CTX_DAG_OWNER=***
AIRFLOW_CTX_DAG_ID=tutorial_taskflow_api_virtualenv
AIRFLOW_CTX_TASK_ID=extract
AIRFLOW_CTX_EXECUTION_DATE=2024-07-22T02:34:03.612348+00:00
AIRFLOW_CTX_TRY_NUMBER=1
AIRFLOW_CTX_DAG_RUN_ID=manual__2024-07-22T02:34:03.612348+00:00
[2024-07-22T02:34:07.912+0000] {process_utils.py:179} INFO - Executing cmd: /usr/local/bin/python -m virtualenv /tmp/venv36l8amxk
[2024-07-22T02:34:07.933+0000] {process_utils.py:183} INFO - Output:
[2024-07-22T02:34:09.168+0000] {process_utils.py:187} INFO - created virtual environment CPython3.7.16.final.0-64 in 685ms
[2024-07-22T02:34:09.170+0000] {process_utils.py:187} INFO -   creator CPython3Posix(dest=/tmp/venv36l8amxk, clear=False, no_vcs_ignore=False, global=False)
[2024-07-22T02:34:09.175+0000] {process_utils.py:187} INFO -   seeder FromAppData(download=False, pip=bundle, setuptools=bundle, wheel=bundle, via=copy, app_data_dir=/home/***/.local/share/virtualenv)
[2024-07-22T02:34:09.176+0000] {process_utils.py:187} INFO -     added seed packages: pip==22.3.1, setuptools==65.6.3, wheel==0.38.4
[2024-07-22T02:34:09.176+0000] {process_utils.py:187} INFO -   activators BashActivator,CShellActivator,FishActivator,NushellActivator,PowerShellActivator,PythonActivator
[2024-07-22T02:34:09.213+0000] {process_utils.py:179} INFO - Executing cmd: /tmp/venv36l8amxk/bin/pip install -r /tmp/venv36l8amxk/requirements.txt
[2024-07-22T02:34:09.231+0000] {process_utils.py:183} INFO - Output:
[2024-07-22T02:34:10.371+0000] {process_utils.py:187} INFO - Collecting funcsigs
[2024-07-22T02:34:10.456+0000] {process_utils.py:187} INFO -   Downloading funcsigs-1.0.2-py2.py3-none-any.whl (17 kB)
[2024-07-22T02:34:10.498+0000] {process_utils.py:187} INFO - Collecting dill
[2024-07-22T02:34:10.518+0000] {process_utils.py:187} INFO -   Downloading dill-0.3.7-py3-none-any.whl (115 kB)
[2024-07-22T02:34:10.549+0000] {process_utils.py:187} INFO -      ━━━━━━━━━━━━━━━━━━━━━━━━━━━━━━━━━━━━━━━ 115.3/115.3 kB 3.6 MB/s eta 0:00:00
[2024-07-22T02:34:10.621+0000] {process_utils.py:187} INFO - Installing collected packages: funcsigs, dill
[2024-07-22T02:34:10.682+0000] {process_utils.py:187} INFO - Successfully installed dill-0.3.7 funcsigs-1.0.2
[2024-07-22T02:34:10.796+0000] {process_utils.py:187} INFO - 
[2024-07-22T02:34:10.797+0000] {process_utils.py:187} INFO - [notice] A new release of pip available: 22.3.1 -> 24.0
[2024-07-22T02:34:10.798+0000] {process_utils.py:187} INFO - [notice] To update, run: python -m pip install --upgrade pip
[2024-07-22T02:34:10.934+0000] {process_utils.py:179} INFO - Executing cmd: /tmp/venv36l8amxk/bin/python /tmp/venv36l8amxk/script.py /tmp/venv36l8amxk/script.in /tmp/venv36l8amxk/script.out /tmp/venv36l8amxk/string_args.txt
[2024-07-22T02:34:10.947+0000] {process_utils.py:183} INFO - Output:
[2024-07-22T02:34:11.126+0000] {python.py:177} INFO - Done. Returned value was: {'1001': 301.27, '1002': 433.21, '1003': 502.22}
[2024-07-22T02:34:11.152+0000] {taskinstance.py:1323} INFO - Marking task as SUCCESS. dag_id=tutorial_taskflow_api_virtualenv, task_id=extract, execution_date=20240722T023403, start_date=20240722T023407, end_date=20240722T023411
[2024-07-22T02:34:11.206+0000] {local_task_job.py:208} INFO - Task exited with return code 0
[2024-07-22T02:34:11.253+0000] {taskinstance.py:2578} INFO - 1 downstream tasks scheduled from follow-on schedule check
