[2024-07-23T03:04:57.238+0000] {taskinstance.py:1083} INFO - Dependencies all met for <TaskInstance: sexta_dag.tsk2 manual__2024-07-23T03:04:56.373475+00:00 [queued]>
[2024-07-23T03:04:57.248+0000] {taskinstance.py:1083} INFO - Dependencies all met for <TaskInstance: sexta_dag.tsk2 manual__2024-07-23T03:04:56.373475+00:00 [queued]>
[2024-07-23T03:04:57.249+0000] {taskinstance.py:1279} INFO - 
--------------------------------------------------------------------------------
[2024-07-23T03:04:57.250+0000] {taskinstance.py:1280} INFO - Starting attempt 1 of 1
[2024-07-23T03:04:57.250+0000] {taskinstance.py:1281} INFO - 
--------------------------------------------------------------------------------
[2024-07-23T03:04:57.258+0000] {taskinstance.py:1300} INFO - Executing <Task(BashOperator): tsk2> on 2024-07-23 03:04:56.373475+00:00
[2024-07-23T03:04:57.260+0000] {standard_task_runner.py:55} INFO - Started process 5216 to run task
[2024-07-23T03:04:57.262+0000] {standard_task_runner.py:82} INFO - Running: ['***', 'tasks', 'run', 'sexta_dag', 'tsk2', 'manual__2024-07-23T03:04:56.373475+00:00', '--job-id', '1300', '--raw', '--subdir', 'DAGS_FOLDER/sexta_dag.py', '--cfg-path', '/tmp/tmpld76elko']
[2024-07-23T03:04:57.263+0000] {standard_task_runner.py:83} INFO - Job 1300: Subtask tsk2
[2024-07-23T03:04:57.361+0000] {task_command.py:388} INFO - Running <TaskInstance: sexta_dag.tsk2 manual__2024-07-23T03:04:56.373475+00:00 [running]> on host 448a9c84d52e
[2024-07-23T03:04:57.404+0000] {taskinstance.py:1509} INFO - Exporting the following env vars:
AIRFLOW_CTX_DAG_OWNER=***
AIRFLOW_CTX_DAG_ID=sexta_dag
AIRFLOW_CTX_TASK_ID=tsk2
AIRFLOW_CTX_EXECUTION_DATE=2024-07-23T03:04:56.373475+00:00
AIRFLOW_CTX_TRY_NUMBER=1
AIRFLOW_CTX_DAG_RUN_ID=manual__2024-07-23T03:04:56.373475+00:00
[2024-07-23T03:04:57.407+0000] {subprocess.py:63} INFO - Tmp dir root location: 
 /tmp
[2024-07-23T03:04:57.407+0000] {subprocess.py:75} INFO - Running command: ['/bin/bash', '-c', 'sleep 5']
[2024-07-23T03:04:57.414+0000] {subprocess.py:86} INFO - Output:
[2024-07-23T03:05:02.421+0000] {subprocess.py:97} INFO - Command exited with return code 0
[2024-07-23T03:05:02.460+0000] {taskinstance.py:1323} INFO - Marking task as SUCCESS. dag_id=sexta_dag, task_id=tsk2, execution_date=20240723T030456, start_date=20240723T030457, end_date=20240723T030502
[2024-07-23T03:05:02.480+0000] {local_task_job.py:208} INFO - Task exited with return code 0
[2024-07-23T03:05:02.491+0000] {taskinstance.py:2578} INFO - 0 downstream tasks scheduled from follow-on schedule check
