[2024-07-23T02:59:22.202+0000] {taskinstance.py:1083} INFO - Dependencies all met for <TaskInstance: quarta_dag.tsk3 manual__2024-07-23T02:59:09.465778+00:00 [queued]>
[2024-07-23T02:59:22.207+0000] {taskinstance.py:1083} INFO - Dependencies all met for <TaskInstance: quarta_dag.tsk3 manual__2024-07-23T02:59:09.465778+00:00 [queued]>
[2024-07-23T02:59:22.208+0000] {taskinstance.py:1279} INFO - 
--------------------------------------------------------------------------------
[2024-07-23T02:59:22.208+0000] {taskinstance.py:1280} INFO - Starting attempt 1 of 1
[2024-07-23T02:59:22.208+0000] {taskinstance.py:1281} INFO - 
--------------------------------------------------------------------------------
[2024-07-23T02:59:22.215+0000] {taskinstance.py:1300} INFO - Executing <Task(BashOperator): tsk3> on 2024-07-23 02:59:09.465778+00:00
[2024-07-23T02:59:22.217+0000] {standard_task_runner.py:55} INFO - Started process 4720 to run task
[2024-07-23T02:59:22.219+0000] {standard_task_runner.py:82} INFO - Running: ['***', 'tasks', 'run', 'quarta_dag', 'tsk3', 'manual__2024-07-23T02:59:09.465778+00:00', '--job-id', '1296', '--raw', '--subdir', 'DAGS_FOLDER/quarta_dag.py', '--cfg-path', '/tmp/tmpq3lg4776']
[2024-07-23T02:59:22.220+0000] {standard_task_runner.py:83} INFO - Job 1296: Subtask tsk3
[2024-07-23T02:59:22.251+0000] {task_command.py:388} INFO - Running <TaskInstance: quarta_dag.tsk3 manual__2024-07-23T02:59:09.465778+00:00 [running]> on host 448a9c84d52e
[2024-07-23T02:59:22.287+0000] {taskinstance.py:1509} INFO - Exporting the following env vars:
AIRFLOW_CTX_DAG_OWNER=***
AIRFLOW_CTX_DAG_ID=quarta_dag
AIRFLOW_CTX_TASK_ID=tsk3
AIRFLOW_CTX_EXECUTION_DATE=2024-07-23T02:59:09.465778+00:00
AIRFLOW_CTX_TRY_NUMBER=1
AIRFLOW_CTX_DAG_RUN_ID=manual__2024-07-23T02:59:09.465778+00:00
[2024-07-23T02:59:22.287+0000] {subprocess.py:63} INFO - Tmp dir root location: 
 /tmp
[2024-07-23T02:59:22.288+0000] {subprocess.py:75} INFO - Running command: ['/bin/bash', '-c', 'sleep 5']
[2024-07-23T02:59:22.293+0000] {subprocess.py:86} INFO - Output:
[2024-07-23T02:59:27.294+0000] {subprocess.py:97} INFO - Command exited with return code 0
[2024-07-23T02:59:27.311+0000] {taskinstance.py:1323} INFO - Marking task as SUCCESS. dag_id=quarta_dag, task_id=tsk3, execution_date=20240723T025909, start_date=20240723T025922, end_date=20240723T025927
[2024-07-23T02:59:27.343+0000] {local_task_job.py:208} INFO - Task exited with return code 0
[2024-07-23T02:59:27.353+0000] {taskinstance.py:2578} INFO - 0 downstream tasks scheduled from follow-on schedule check
