[2024-07-26T23:00:15.450+0000] {taskinstance.py:1083} INFO - Dependencies all met for <TaskInstance: exemplo_defaultargs.tsk3 scheduled__2024-07-26T22:00:00+00:00 [queued]>
[2024-07-26T23:00:15.458+0000] {taskinstance.py:1083} INFO - Dependencies all met for <TaskInstance: exemplo_defaultargs.tsk3 scheduled__2024-07-26T22:00:00+00:00 [queued]>
[2024-07-26T23:00:15.458+0000] {taskinstance.py:1279} INFO - 
--------------------------------------------------------------------------------
[2024-07-26T23:00:15.458+0000] {taskinstance.py:1280} INFO - Starting attempt 1 of 2
[2024-07-26T23:00:15.459+0000] {taskinstance.py:1281} INFO - 
--------------------------------------------------------------------------------
[2024-07-26T23:00:15.471+0000] {taskinstance.py:1300} INFO - Executing <Task(BashOperator): tsk3> on 2024-07-26 22:00:00+00:00
[2024-07-26T23:00:15.477+0000] {standard_task_runner.py:55} INFO - Started process 61607 to run task
[2024-07-26T23:00:15.482+0000] {standard_task_runner.py:82} INFO - Running: ['***', 'tasks', 'run', 'exemplo_defaultargs', 'tsk3', 'scheduled__2024-07-26T22:00:00+00:00', '--job-id', '1699', '--raw', '--subdir', 'DAGS_FOLDER/exemplo_defaultargs.py', '--cfg-path', '/tmp/tmphc2g88p7']
[2024-07-26T23:00:15.483+0000] {standard_task_runner.py:83} INFO - Job 1699: Subtask tsk3
[2024-07-26T23:00:15.558+0000] {task_command.py:388} INFO - Running <TaskInstance: exemplo_defaultargs.tsk3 scheduled__2024-07-26T22:00:00+00:00 [running]> on host 029011c5aea1
[2024-07-26T23:00:15.621+0000] {taskinstance.py:1509} INFO - Exporting the following env vars:
AIRFLOW_CTX_DAG_EMAIL=test@test.com
AIRFLOW_CTX_DAG_OWNER=***
AIRFLOW_CTX_DAG_ID=exemplo_defaultargs
AIRFLOW_CTX_TASK_ID=tsk3
AIRFLOW_CTX_EXECUTION_DATE=2024-07-26T22:00:00+00:00
AIRFLOW_CTX_TRY_NUMBER=1
AIRFLOW_CTX_DAG_RUN_ID=scheduled__2024-07-26T22:00:00+00:00
[2024-07-26T23:00:15.622+0000] {subprocess.py:63} INFO - Tmp dir root location: 
 /tmp
[2024-07-26T23:00:15.623+0000] {subprocess.py:75} INFO - Running command: ['/bin/bash', '-c', 'sleep 5']
[2024-07-26T23:00:15.635+0000] {subprocess.py:86} INFO - Output:
[2024-07-26T23:00:20.644+0000] {subprocess.py:97} INFO - Command exited with return code 0
[2024-07-26T23:00:20.716+0000] {taskinstance.py:1323} INFO - Marking task as SUCCESS. dag_id=exemplo_defaultargs, task_id=tsk3, execution_date=20240726T220000, start_date=20240726T230015, end_date=20240726T230020
[2024-07-26T23:00:20.772+0000] {local_task_job.py:208} INFO - Task exited with return code 0
[2024-07-26T23:00:20.792+0000] {taskinstance.py:2578} INFO - 0 downstream tasks scheduled from follow-on schedule check
