[2024-07-23T00:00:22.950+0000] {processor.py:153} INFO - Started process (PID=38461) to work on /home/airflow/.local/lib/python3.7/site-packages/airflow/example_dags/example_trigger_target_dag.py
[2024-07-23T00:00:22.951+0000] {processor.py:743} INFO - Processing file /home/airflow/.local/lib/python3.7/site-packages/airflow/example_dags/example_trigger_target_dag.py for tasks to queue
[2024-07-23T00:00:22.953+0000] {logging_mixin.py:137} INFO - [2024-07-23T00:00:22.952+0000] {dagbag.py:538} INFO - Filling up the DagBag from /home/airflow/.local/lib/python3.7/site-packages/airflow/example_dags/example_trigger_target_dag.py
[2024-07-23T00:00:22.967+0000] {processor.py:753} INFO - DAG(s) dict_keys(['example_trigger_target_dag']) retrieved from /home/airflow/.local/lib/python3.7/site-packages/airflow/example_dags/example_trigger_target_dag.py
[2024-07-23T00:00:22.983+0000] {logging_mixin.py:137} INFO - [2024-07-23T00:00:22.983+0000] {dag.py:2690} INFO - Sync 1 DAGs
[2024-07-23T00:00:23.000+0000] {logging_mixin.py:137} INFO - [2024-07-23T00:00:23.000+0000] {dag.py:3441} INFO - Setting next_dagrun for example_trigger_target_dag to None, run_after=None
[2024-07-23T00:00:23.011+0000] {processor.py:175} INFO - Processing /home/airflow/.local/lib/python3.7/site-packages/airflow/example_dags/example_trigger_target_dag.py took 0.063 seconds
[2024-07-23T00:00:53.158+0000] {processor.py:153} INFO - Started process (PID=38548) to work on /home/airflow/.local/lib/python3.7/site-packages/airflow/example_dags/example_trigger_target_dag.py
[2024-07-23T00:00:53.159+0000] {processor.py:743} INFO - Processing file /home/airflow/.local/lib/python3.7/site-packages/airflow/example_dags/example_trigger_target_dag.py for tasks to queue
[2024-07-23T00:00:53.160+0000] {logging_mixin.py:137} INFO - [2024-07-23T00:00:53.160+0000] {dagbag.py:538} INFO - Filling up the DagBag from /home/airflow/.local/lib/python3.7/site-packages/airflow/example_dags/example_trigger_target_dag.py
[2024-07-23T00:00:53.191+0000] {processor.py:753} INFO - DAG(s) dict_keys(['example_trigger_target_dag']) retrieved from /home/airflow/.local/lib/python3.7/site-packages/airflow/example_dags/example_trigger_target_dag.py
[2024-07-23T00:00:53.209+0000] {logging_mixin.py:137} INFO - [2024-07-23T00:00:53.209+0000] {dag.py:2690} INFO - Sync 1 DAGs
[2024-07-23T00:00:53.222+0000] {logging_mixin.py:137} INFO - [2024-07-23T00:00:53.222+0000] {dag.py:3441} INFO - Setting next_dagrun for example_trigger_target_dag to None, run_after=None
[2024-07-23T00:00:53.232+0000] {processor.py:175} INFO - Processing /home/airflow/.local/lib/python3.7/site-packages/airflow/example_dags/example_trigger_target_dag.py took 0.076 seconds
[2024-07-23T00:01:24.426+0000] {processor.py:153} INFO - Started process (PID=38635) to work on /home/airflow/.local/lib/python3.7/site-packages/airflow/example_dags/example_trigger_target_dag.py
[2024-07-23T00:01:24.427+0000] {processor.py:743} INFO - Processing file /home/airflow/.local/lib/python3.7/site-packages/airflow/example_dags/example_trigger_target_dag.py for tasks to queue
[2024-07-23T00:01:24.429+0000] {logging_mixin.py:137} INFO - [2024-07-23T00:01:24.429+0000] {dagbag.py:538} INFO - Filling up the DagBag from /home/airflow/.local/lib/python3.7/site-packages/airflow/example_dags/example_trigger_target_dag.py
[2024-07-23T00:01:24.449+0000] {processor.py:753} INFO - DAG(s) dict_keys(['example_trigger_target_dag']) retrieved from /home/airflow/.local/lib/python3.7/site-packages/airflow/example_dags/example_trigger_target_dag.py
[2024-07-23T00:01:24.481+0000] {logging_mixin.py:137} INFO - [2024-07-23T00:01:24.481+0000] {dag.py:2690} INFO - Sync 1 DAGs
[2024-07-23T00:01:24.504+0000] {logging_mixin.py:137} INFO - [2024-07-23T00:01:24.504+0000] {dag.py:3441} INFO - Setting next_dagrun for example_trigger_target_dag to None, run_after=None
[2024-07-23T00:01:24.522+0000] {processor.py:175} INFO - Processing /home/airflow/.local/lib/python3.7/site-packages/airflow/example_dags/example_trigger_target_dag.py took 0.099 seconds
[2024-07-23T00:01:54.690+0000] {processor.py:153} INFO - Started process (PID=38706) to work on /home/airflow/.local/lib/python3.7/site-packages/airflow/example_dags/example_trigger_target_dag.py
[2024-07-23T00:01:54.694+0000] {processor.py:743} INFO - Processing file /home/airflow/.local/lib/python3.7/site-packages/airflow/example_dags/example_trigger_target_dag.py for tasks to queue
[2024-07-23T00:01:54.697+0000] {logging_mixin.py:137} INFO - [2024-07-23T00:01:54.696+0000] {dagbag.py:538} INFO - Filling up the DagBag from /home/airflow/.local/lib/python3.7/site-packages/airflow/example_dags/example_trigger_target_dag.py
[2024-07-23T00:01:54.715+0000] {processor.py:753} INFO - DAG(s) dict_keys(['example_trigger_target_dag']) retrieved from /home/airflow/.local/lib/python3.7/site-packages/airflow/example_dags/example_trigger_target_dag.py
[2024-07-23T00:01:54.735+0000] {logging_mixin.py:137} INFO - [2024-07-23T00:01:54.735+0000] {dag.py:2690} INFO - Sync 1 DAGs
[2024-07-23T00:01:54.751+0000] {logging_mixin.py:137} INFO - [2024-07-23T00:01:54.750+0000] {dag.py:3441} INFO - Setting next_dagrun for example_trigger_target_dag to None, run_after=None
[2024-07-23T00:01:54.761+0000] {processor.py:175} INFO - Processing /home/airflow/.local/lib/python3.7/site-packages/airflow/example_dags/example_trigger_target_dag.py took 0.074 seconds
[2024-07-23T00:02:24.830+0000] {processor.py:153} INFO - Started process (PID=38793) to work on /home/airflow/.local/lib/python3.7/site-packages/airflow/example_dags/example_trigger_target_dag.py
[2024-07-23T00:02:24.831+0000] {processor.py:743} INFO - Processing file /home/airflow/.local/lib/python3.7/site-packages/airflow/example_dags/example_trigger_target_dag.py for tasks to queue
[2024-07-23T00:02:24.832+0000] {logging_mixin.py:137} INFO - [2024-07-23T00:02:24.831+0000] {dagbag.py:538} INFO - Filling up the DagBag from /home/airflow/.local/lib/python3.7/site-packages/airflow/example_dags/example_trigger_target_dag.py
[2024-07-23T00:02:24.844+0000] {processor.py:753} INFO - DAG(s) dict_keys(['example_trigger_target_dag']) retrieved from /home/airflow/.local/lib/python3.7/site-packages/airflow/example_dags/example_trigger_target_dag.py
[2024-07-23T00:02:24.858+0000] {logging_mixin.py:137} INFO - [2024-07-23T00:02:24.858+0000] {dag.py:2690} INFO - Sync 1 DAGs
[2024-07-23T00:02:24.872+0000] {logging_mixin.py:137} INFO - [2024-07-23T00:02:24.872+0000] {dag.py:3441} INFO - Setting next_dagrun for example_trigger_target_dag to None, run_after=None
[2024-07-23T00:02:24.882+0000] {processor.py:175} INFO - Processing /home/airflow/.local/lib/python3.7/site-packages/airflow/example_dags/example_trigger_target_dag.py took 0.055 seconds
