[2024-07-23T00:00:24.135+0000] {processor.py:153} INFO - Started process (PID=38484) to work on /home/airflow/.local/lib/python3.7/site-packages/airflow/example_dags/example_time_delta_sensor_async.py
[2024-07-23T00:00:24.135+0000] {processor.py:743} INFO - Processing file /home/airflow/.local/lib/python3.7/site-packages/airflow/example_dags/example_time_delta_sensor_async.py for tasks to queue
[2024-07-23T00:00:24.136+0000] {logging_mixin.py:137} INFO - [2024-07-23T00:00:24.136+0000] {dagbag.py:538} INFO - Filling up the DagBag from /home/airflow/.local/lib/python3.7/site-packages/airflow/example_dags/example_time_delta_sensor_async.py
[2024-07-23T00:00:24.143+0000] {processor.py:753} INFO - DAG(s) dict_keys(['example_time_delta_sensor_async']) retrieved from /home/airflow/.local/lib/python3.7/site-packages/airflow/example_dags/example_time_delta_sensor_async.py
[2024-07-23T00:00:24.158+0000] {logging_mixin.py:137} INFO - [2024-07-23T00:00:24.157+0000] {dag.py:2690} INFO - Sync 1 DAGs
[2024-07-23T00:00:24.170+0000] {logging_mixin.py:137} INFO - [2024-07-23T00:00:24.170+0000] {dag.py:3441} INFO - Setting next_dagrun for example_time_delta_sensor_async to None, run_after=None
[2024-07-23T00:00:24.178+0000] {processor.py:175} INFO - Processing /home/airflow/.local/lib/python3.7/site-packages/airflow/example_dags/example_time_delta_sensor_async.py took 0.045 seconds
[2024-07-23T00:00:54.231+0000] {processor.py:153} INFO - Started process (PID=38571) to work on /home/airflow/.local/lib/python3.7/site-packages/airflow/example_dags/example_time_delta_sensor_async.py
[2024-07-23T00:00:54.231+0000] {processor.py:743} INFO - Processing file /home/airflow/.local/lib/python3.7/site-packages/airflow/example_dags/example_time_delta_sensor_async.py for tasks to queue
[2024-07-23T00:00:54.232+0000] {logging_mixin.py:137} INFO - [2024-07-23T00:00:54.232+0000] {dagbag.py:538} INFO - Filling up the DagBag from /home/airflow/.local/lib/python3.7/site-packages/airflow/example_dags/example_time_delta_sensor_async.py
[2024-07-23T00:00:54.242+0000] {processor.py:753} INFO - DAG(s) dict_keys(['example_time_delta_sensor_async']) retrieved from /home/airflow/.local/lib/python3.7/site-packages/airflow/example_dags/example_time_delta_sensor_async.py
[2024-07-23T00:00:54.266+0000] {logging_mixin.py:137} INFO - [2024-07-23T00:00:54.266+0000] {dag.py:2690} INFO - Sync 1 DAGs
[2024-07-23T00:00:54.283+0000] {logging_mixin.py:137} INFO - [2024-07-23T00:00:54.283+0000] {dag.py:3441} INFO - Setting next_dagrun for example_time_delta_sensor_async to None, run_after=None
[2024-07-23T00:00:54.298+0000] {processor.py:175} INFO - Processing /home/airflow/.local/lib/python3.7/site-packages/airflow/example_dags/example_time_delta_sensor_async.py took 0.070 seconds
[2024-07-23T00:01:25.622+0000] {processor.py:153} INFO - Started process (PID=38658) to work on /home/airflow/.local/lib/python3.7/site-packages/airflow/example_dags/example_time_delta_sensor_async.py
[2024-07-23T00:01:25.624+0000] {processor.py:743} INFO - Processing file /home/airflow/.local/lib/python3.7/site-packages/airflow/example_dags/example_time_delta_sensor_async.py for tasks to queue
[2024-07-23T00:01:25.625+0000] {logging_mixin.py:137} INFO - [2024-07-23T00:01:25.625+0000] {dagbag.py:538} INFO - Filling up the DagBag from /home/airflow/.local/lib/python3.7/site-packages/airflow/example_dags/example_time_delta_sensor_async.py
[2024-07-23T00:01:25.633+0000] {processor.py:753} INFO - DAG(s) dict_keys(['example_time_delta_sensor_async']) retrieved from /home/airflow/.local/lib/python3.7/site-packages/airflow/example_dags/example_time_delta_sensor_async.py
[2024-07-23T00:01:25.651+0000] {logging_mixin.py:137} INFO - [2024-07-23T00:01:25.651+0000] {dag.py:2690} INFO - Sync 1 DAGs
[2024-07-23T00:01:25.667+0000] {logging_mixin.py:137} INFO - [2024-07-23T00:01:25.667+0000] {dag.py:3441} INFO - Setting next_dagrun for example_time_delta_sensor_async to None, run_after=None
[2024-07-23T00:01:25.677+0000] {processor.py:175} INFO - Processing /home/airflow/.local/lib/python3.7/site-packages/airflow/example_dags/example_time_delta_sensor_async.py took 0.057 seconds
[2024-07-23T00:01:55.820+0000] {processor.py:153} INFO - Started process (PID=38729) to work on /home/airflow/.local/lib/python3.7/site-packages/airflow/example_dags/example_time_delta_sensor_async.py
[2024-07-23T00:01:55.821+0000] {processor.py:743} INFO - Processing file /home/airflow/.local/lib/python3.7/site-packages/airflow/example_dags/example_time_delta_sensor_async.py for tasks to queue
[2024-07-23T00:01:55.822+0000] {logging_mixin.py:137} INFO - [2024-07-23T00:01:55.822+0000] {dagbag.py:538} INFO - Filling up the DagBag from /home/airflow/.local/lib/python3.7/site-packages/airflow/example_dags/example_time_delta_sensor_async.py
[2024-07-23T00:01:55.831+0000] {processor.py:753} INFO - DAG(s) dict_keys(['example_time_delta_sensor_async']) retrieved from /home/airflow/.local/lib/python3.7/site-packages/airflow/example_dags/example_time_delta_sensor_async.py
[2024-07-23T00:01:55.847+0000] {logging_mixin.py:137} INFO - [2024-07-23T00:01:55.847+0000] {dag.py:2690} INFO - Sync 1 DAGs
[2024-07-23T00:01:55.865+0000] {logging_mixin.py:137} INFO - [2024-07-23T00:01:55.865+0000] {dag.py:3441} INFO - Setting next_dagrun for example_time_delta_sensor_async to None, run_after=None
[2024-07-23T00:01:55.879+0000] {processor.py:175} INFO - Processing /home/airflow/.local/lib/python3.7/site-packages/airflow/example_dags/example_time_delta_sensor_async.py took 0.061 seconds
[2024-07-23T00:02:26.822+0000] {processor.py:153} INFO - Started process (PID=38816) to work on /home/airflow/.local/lib/python3.7/site-packages/airflow/example_dags/example_time_delta_sensor_async.py
[2024-07-23T00:02:26.824+0000] {processor.py:743} INFO - Processing file /home/airflow/.local/lib/python3.7/site-packages/airflow/example_dags/example_time_delta_sensor_async.py for tasks to queue
[2024-07-23T00:02:26.824+0000] {logging_mixin.py:137} INFO - [2024-07-23T00:02:26.824+0000] {dagbag.py:538} INFO - Filling up the DagBag from /home/airflow/.local/lib/python3.7/site-packages/airflow/example_dags/example_time_delta_sensor_async.py
[2024-07-23T00:02:26.832+0000] {processor.py:753} INFO - DAG(s) dict_keys(['example_time_delta_sensor_async']) retrieved from /home/airflow/.local/lib/python3.7/site-packages/airflow/example_dags/example_time_delta_sensor_async.py
[2024-07-23T00:02:26.851+0000] {logging_mixin.py:137} INFO - [2024-07-23T00:02:26.851+0000] {dag.py:2690} INFO - Sync 1 DAGs
[2024-07-23T00:02:26.866+0000] {logging_mixin.py:137} INFO - [2024-07-23T00:02:26.866+0000] {dag.py:3441} INFO - Setting next_dagrun for example_time_delta_sensor_async to None, run_after=None
[2024-07-23T00:02:26.880+0000] {processor.py:175} INFO - Processing /home/airflow/.local/lib/python3.7/site-packages/airflow/example_dags/example_time_delta_sensor_async.py took 0.060 seconds
