[2024-07-23T00:00:23.424+0000] {processor.py:153} INFO - Started process (PID=38470) to work on /home/airflow/.local/lib/python3.7/site-packages/airflow/example_dags/example_branch_python_dop_operator_3.py
[2024-07-23T00:00:23.425+0000] {processor.py:743} INFO - Processing file /home/airflow/.local/lib/python3.7/site-packages/airflow/example_dags/example_branch_python_dop_operator_3.py for tasks to queue
[2024-07-23T00:00:23.425+0000] {logging_mixin.py:137} INFO - [2024-07-23T00:00:23.425+0000] {dagbag.py:538} INFO - Filling up the DagBag from /home/airflow/.local/lib/python3.7/site-packages/airflow/example_dags/example_branch_python_dop_operator_3.py
[2024-07-23T00:00:23.439+0000] {processor.py:753} INFO - DAG(s) dict_keys(['example_branch_dop_operator_v3']) retrieved from /home/airflow/.local/lib/python3.7/site-packages/airflow/example_dags/example_branch_python_dop_operator_3.py
[2024-07-23T00:00:23.456+0000] {logging_mixin.py:137} INFO - [2024-07-23T00:00:23.456+0000] {dag.py:2690} INFO - Sync 1 DAGs
[2024-07-23T00:00:23.476+0000] {logging_mixin.py:137} INFO - [2024-07-23T00:00:23.475+0000] {dag.py:3441} INFO - Setting next_dagrun for example_branch_dop_operator_v3 to 2024-07-22T23:59:00+00:00, run_after=2024-07-23T00:00:00+00:00
[2024-07-23T00:00:23.486+0000] {processor.py:175} INFO - Processing /home/airflow/.local/lib/python3.7/site-packages/airflow/example_dags/example_branch_python_dop_operator_3.py took 0.064 seconds
[2024-07-23T00:00:53.579+0000] {processor.py:153} INFO - Started process (PID=38557) to work on /home/airflow/.local/lib/python3.7/site-packages/airflow/example_dags/example_branch_python_dop_operator_3.py
[2024-07-23T00:00:53.580+0000] {processor.py:743} INFO - Processing file /home/airflow/.local/lib/python3.7/site-packages/airflow/example_dags/example_branch_python_dop_operator_3.py for tasks to queue
[2024-07-23T00:00:53.581+0000] {logging_mixin.py:137} INFO - [2024-07-23T00:00:53.581+0000] {dagbag.py:538} INFO - Filling up the DagBag from /home/airflow/.local/lib/python3.7/site-packages/airflow/example_dags/example_branch_python_dop_operator_3.py
[2024-07-23T00:00:53.599+0000] {processor.py:753} INFO - DAG(s) dict_keys(['example_branch_dop_operator_v3']) retrieved from /home/airflow/.local/lib/python3.7/site-packages/airflow/example_dags/example_branch_python_dop_operator_3.py
[2024-07-23T00:00:53.623+0000] {logging_mixin.py:137} INFO - [2024-07-23T00:00:53.623+0000] {dag.py:2690} INFO - Sync 1 DAGs
[2024-07-23T00:00:53.639+0000] {logging_mixin.py:137} INFO - [2024-07-23T00:00:53.639+0000] {dag.py:3441} INFO - Setting next_dagrun for example_branch_dop_operator_v3 to 2024-07-22T23:59:00+00:00, run_after=2024-07-23T00:00:00+00:00
[2024-07-23T00:00:53.653+0000] {processor.py:175} INFO - Processing /home/airflow/.local/lib/python3.7/site-packages/airflow/example_dags/example_branch_python_dop_operator_3.py took 0.076 seconds
[2024-07-23T00:01:24.947+0000] {processor.py:153} INFO - Started process (PID=38644) to work on /home/airflow/.local/lib/python3.7/site-packages/airflow/example_dags/example_branch_python_dop_operator_3.py
[2024-07-23T00:01:24.948+0000] {processor.py:743} INFO - Processing file /home/airflow/.local/lib/python3.7/site-packages/airflow/example_dags/example_branch_python_dop_operator_3.py for tasks to queue
[2024-07-23T00:01:24.948+0000] {logging_mixin.py:137} INFO - [2024-07-23T00:01:24.948+0000] {dagbag.py:538} INFO - Filling up the DagBag from /home/airflow/.local/lib/python3.7/site-packages/airflow/example_dags/example_branch_python_dop_operator_3.py
[2024-07-23T00:01:24.968+0000] {processor.py:753} INFO - DAG(s) dict_keys(['example_branch_dop_operator_v3']) retrieved from /home/airflow/.local/lib/python3.7/site-packages/airflow/example_dags/example_branch_python_dop_operator_3.py
[2024-07-23T00:01:24.986+0000] {logging_mixin.py:137} INFO - [2024-07-23T00:01:24.986+0000] {dag.py:2690} INFO - Sync 1 DAGs
[2024-07-23T00:01:25.004+0000] {logging_mixin.py:137} INFO - [2024-07-23T00:01:25.004+0000] {dag.py:3441} INFO - Setting next_dagrun for example_branch_dop_operator_v3 to 2024-07-23T00:00:00+00:00, run_after=2024-07-23T00:01:00+00:00
[2024-07-23T00:01:25.016+0000] {processor.py:175} INFO - Processing /home/airflow/.local/lib/python3.7/site-packages/airflow/example_dags/example_branch_python_dop_operator_3.py took 0.073 seconds
[2024-07-23T00:01:55.173+0000] {processor.py:153} INFO - Started process (PID=38715) to work on /home/airflow/.local/lib/python3.7/site-packages/airflow/example_dags/example_branch_python_dop_operator_3.py
[2024-07-23T00:01:55.174+0000] {processor.py:743} INFO - Processing file /home/airflow/.local/lib/python3.7/site-packages/airflow/example_dags/example_branch_python_dop_operator_3.py for tasks to queue
[2024-07-23T00:01:55.174+0000] {logging_mixin.py:137} INFO - [2024-07-23T00:01:55.174+0000] {dagbag.py:538} INFO - Filling up the DagBag from /home/airflow/.local/lib/python3.7/site-packages/airflow/example_dags/example_branch_python_dop_operator_3.py
[2024-07-23T00:01:55.189+0000] {processor.py:753} INFO - DAG(s) dict_keys(['example_branch_dop_operator_v3']) retrieved from /home/airflow/.local/lib/python3.7/site-packages/airflow/example_dags/example_branch_python_dop_operator_3.py
[2024-07-23T00:01:55.204+0000] {logging_mixin.py:137} INFO - [2024-07-23T00:01:55.203+0000] {dag.py:2690} INFO - Sync 1 DAGs
[2024-07-23T00:01:55.220+0000] {logging_mixin.py:137} INFO - [2024-07-23T00:01:55.220+0000] {dag.py:3441} INFO - Setting next_dagrun for example_branch_dop_operator_v3 to 2024-07-23T00:00:00+00:00, run_after=2024-07-23T00:01:00+00:00
[2024-07-23T00:01:55.230+0000] {processor.py:175} INFO - Processing /home/airflow/.local/lib/python3.7/site-packages/airflow/example_dags/example_branch_python_dop_operator_3.py took 0.059 seconds
[2024-07-23T00:02:26.229+0000] {processor.py:153} INFO - Started process (PID=38802) to work on /home/airflow/.local/lib/python3.7/site-packages/airflow/example_dags/example_branch_python_dop_operator_3.py
[2024-07-23T00:02:26.229+0000] {processor.py:743} INFO - Processing file /home/airflow/.local/lib/python3.7/site-packages/airflow/example_dags/example_branch_python_dop_operator_3.py for tasks to queue
[2024-07-23T00:02:26.230+0000] {logging_mixin.py:137} INFO - [2024-07-23T00:02:26.230+0000] {dagbag.py:538} INFO - Filling up the DagBag from /home/airflow/.local/lib/python3.7/site-packages/airflow/example_dags/example_branch_python_dop_operator_3.py
[2024-07-23T00:02:26.244+0000] {processor.py:753} INFO - DAG(s) dict_keys(['example_branch_dop_operator_v3']) retrieved from /home/airflow/.local/lib/python3.7/site-packages/airflow/example_dags/example_branch_python_dop_operator_3.py
[2024-07-23T00:02:26.259+0000] {logging_mixin.py:137} INFO - [2024-07-23T00:02:26.259+0000] {dag.py:2690} INFO - Sync 1 DAGs
[2024-07-23T00:02:26.274+0000] {logging_mixin.py:137} INFO - [2024-07-23T00:02:26.274+0000] {dag.py:3441} INFO - Setting next_dagrun for example_branch_dop_operator_v3 to 2024-07-23T00:01:00+00:00, run_after=2024-07-23T00:02:00+00:00
[2024-07-23T00:02:26.284+0000] {processor.py:175} INFO - Processing /home/airflow/.local/lib/python3.7/site-packages/airflow/example_dags/example_branch_python_dop_operator_3.py took 0.057 seconds
