[2024-07-23T00:00:24.453+0000] {processor.py:153} INFO - Started process (PID=38490) to work on /home/airflow/.local/lib/python3.7/site-packages/airflow/example_dags/example_task_group.py
[2024-07-23T00:00:24.454+0000] {processor.py:743} INFO - Processing file /home/airflow/.local/lib/python3.7/site-packages/airflow/example_dags/example_task_group.py for tasks to queue
[2024-07-23T00:00:24.454+0000] {logging_mixin.py:137} INFO - [2024-07-23T00:00:24.454+0000] {dagbag.py:538} INFO - Filling up the DagBag from /home/airflow/.local/lib/python3.7/site-packages/airflow/example_dags/example_task_group.py
[2024-07-23T00:00:24.463+0000] {processor.py:753} INFO - DAG(s) dict_keys(['example_task_group']) retrieved from /home/airflow/.local/lib/python3.7/site-packages/airflow/example_dags/example_task_group.py
[2024-07-23T00:00:24.479+0000] {logging_mixin.py:137} INFO - [2024-07-23T00:00:24.479+0000] {dag.py:2690} INFO - Sync 1 DAGs
[2024-07-23T00:00:24.493+0000] {logging_mixin.py:137} INFO - [2024-07-23T00:00:24.493+0000] {dag.py:3441} INFO - Setting next_dagrun for example_task_group to 2024-07-22T02:31:45.424943+00:00, run_after=2024-07-23T02:31:45.424943+00:00
[2024-07-23T00:00:24.504+0000] {processor.py:175} INFO - Processing /home/airflow/.local/lib/python3.7/site-packages/airflow/example_dags/example_task_group.py took 0.052 seconds
[2024-07-23T00:00:55.400+0000] {processor.py:153} INFO - Started process (PID=38575) to work on /home/airflow/.local/lib/python3.7/site-packages/airflow/example_dags/example_task_group.py
[2024-07-23T00:00:55.408+0000] {processor.py:743} INFO - Processing file /home/airflow/.local/lib/python3.7/site-packages/airflow/example_dags/example_task_group.py for tasks to queue
[2024-07-23T00:00:55.409+0000] {logging_mixin.py:137} INFO - [2024-07-23T00:00:55.409+0000] {dagbag.py:538} INFO - Filling up the DagBag from /home/airflow/.local/lib/python3.7/site-packages/airflow/example_dags/example_task_group.py
[2024-07-23T00:00:55.423+0000] {processor.py:753} INFO - DAG(s) dict_keys(['example_task_group']) retrieved from /home/airflow/.local/lib/python3.7/site-packages/airflow/example_dags/example_task_group.py
[2024-07-23T00:00:55.438+0000] {logging_mixin.py:137} INFO - [2024-07-23T00:00:55.438+0000] {dag.py:2690} INFO - Sync 1 DAGs
[2024-07-23T00:00:55.453+0000] {logging_mixin.py:137} INFO - [2024-07-23T00:00:55.452+0000] {dag.py:3441} INFO - Setting next_dagrun for example_task_group to 2024-07-22T02:31:45.424943+00:00, run_after=2024-07-23T02:31:45.424943+00:00
[2024-07-23T00:00:55.468+0000] {processor.py:175} INFO - Processing /home/airflow/.local/lib/python3.7/site-packages/airflow/example_dags/example_task_group.py took 0.072 seconds
[2024-07-23T00:01:25.780+0000] {processor.py:153} INFO - Started process (PID=38662) to work on /home/airflow/.local/lib/python3.7/site-packages/airflow/example_dags/example_task_group.py
[2024-07-23T00:01:25.782+0000] {processor.py:743} INFO - Processing file /home/airflow/.local/lib/python3.7/site-packages/airflow/example_dags/example_task_group.py for tasks to queue
[2024-07-23T00:01:25.782+0000] {logging_mixin.py:137} INFO - [2024-07-23T00:01:25.782+0000] {dagbag.py:538} INFO - Filling up the DagBag from /home/airflow/.local/lib/python3.7/site-packages/airflow/example_dags/example_task_group.py
[2024-07-23T00:01:25.793+0000] {processor.py:753} INFO - DAG(s) dict_keys(['example_task_group']) retrieved from /home/airflow/.local/lib/python3.7/site-packages/airflow/example_dags/example_task_group.py
[2024-07-23T00:01:25.816+0000] {logging_mixin.py:137} INFO - [2024-07-23T00:01:25.816+0000] {dag.py:2690} INFO - Sync 1 DAGs
[2024-07-23T00:01:25.832+0000] {logging_mixin.py:137} INFO - [2024-07-23T00:01:25.832+0000] {dag.py:3441} INFO - Setting next_dagrun for example_task_group to 2024-07-22T02:31:45.424943+00:00, run_after=2024-07-23T02:31:45.424943+00:00
[2024-07-23T00:01:25.873+0000] {processor.py:175} INFO - Processing /home/airflow/.local/lib/python3.7/site-packages/airflow/example_dags/example_task_group.py took 0.095 seconds
[2024-07-23T00:01:56.052+0000] {processor.py:153} INFO - Started process (PID=38734) to work on /home/airflow/.local/lib/python3.7/site-packages/airflow/example_dags/example_task_group.py
[2024-07-23T00:01:56.053+0000] {processor.py:743} INFO - Processing file /home/airflow/.local/lib/python3.7/site-packages/airflow/example_dags/example_task_group.py for tasks to queue
[2024-07-23T00:01:56.053+0000] {logging_mixin.py:137} INFO - [2024-07-23T00:01:56.053+0000] {dagbag.py:538} INFO - Filling up the DagBag from /home/airflow/.local/lib/python3.7/site-packages/airflow/example_dags/example_task_group.py
[2024-07-23T00:01:56.063+0000] {processor.py:753} INFO - DAG(s) dict_keys(['example_task_group']) retrieved from /home/airflow/.local/lib/python3.7/site-packages/airflow/example_dags/example_task_group.py
[2024-07-23T00:01:56.079+0000] {logging_mixin.py:137} INFO - [2024-07-23T00:01:56.079+0000] {dag.py:2690} INFO - Sync 1 DAGs
[2024-07-23T00:01:56.092+0000] {logging_mixin.py:137} INFO - [2024-07-23T00:01:56.092+0000] {dag.py:3441} INFO - Setting next_dagrun for example_task_group to 2024-07-22T02:31:45.424943+00:00, run_after=2024-07-23T02:31:45.424943+00:00
[2024-07-23T00:01:56.102+0000] {processor.py:175} INFO - Processing /home/airflow/.local/lib/python3.7/site-packages/airflow/example_dags/example_task_group.py took 0.052 seconds
[2024-07-23T00:02:26.972+0000] {processor.py:153} INFO - Started process (PID=38820) to work on /home/airflow/.local/lib/python3.7/site-packages/airflow/example_dags/example_task_group.py
[2024-07-23T00:02:26.975+0000] {processor.py:743} INFO - Processing file /home/airflow/.local/lib/python3.7/site-packages/airflow/example_dags/example_task_group.py for tasks to queue
[2024-07-23T00:02:26.976+0000] {logging_mixin.py:137} INFO - [2024-07-23T00:02:26.976+0000] {dagbag.py:538} INFO - Filling up the DagBag from /home/airflow/.local/lib/python3.7/site-packages/airflow/example_dags/example_task_group.py
[2024-07-23T00:02:26.985+0000] {processor.py:753} INFO - DAG(s) dict_keys(['example_task_group']) retrieved from /home/airflow/.local/lib/python3.7/site-packages/airflow/example_dags/example_task_group.py
[2024-07-23T00:02:27.002+0000] {logging_mixin.py:137} INFO - [2024-07-23T00:02:27.002+0000] {dag.py:2690} INFO - Sync 1 DAGs
[2024-07-23T00:02:27.019+0000] {logging_mixin.py:137} INFO - [2024-07-23T00:02:27.019+0000] {dag.py:3441} INFO - Setting next_dagrun for example_task_group to 2024-07-22T02:31:45.424943+00:00, run_after=2024-07-23T02:31:45.424943+00:00
[2024-07-23T00:02:27.033+0000] {processor.py:175} INFO - Processing /home/airflow/.local/lib/python3.7/site-packages/airflow/example_dags/example_task_group.py took 0.063 seconds
