[2024-07-23T00:00:23.566+0000] {processor.py:153} INFO - Started process (PID=38473) to work on /home/airflow/.local/lib/python3.7/site-packages/airflow/example_dags/example_branch_operator.py
[2024-07-23T00:00:23.571+0000] {processor.py:743} INFO - Processing file /home/airflow/.local/lib/python3.7/site-packages/airflow/example_dags/example_branch_operator.py for tasks to queue
[2024-07-23T00:00:23.573+0000] {logging_mixin.py:137} INFO - [2024-07-23T00:00:23.572+0000] {dagbag.py:538} INFO - Filling up the DagBag from /home/airflow/.local/lib/python3.7/site-packages/airflow/example_dags/example_branch_operator.py
[2024-07-23T00:00:23.585+0000] {processor.py:753} INFO - DAG(s) dict_keys(['example_branch_operator']) retrieved from /home/airflow/.local/lib/python3.7/site-packages/airflow/example_dags/example_branch_operator.py
[2024-07-23T00:00:23.616+0000] {logging_mixin.py:137} INFO - [2024-07-23T00:00:23.615+0000] {dag.py:2690} INFO - Sync 1 DAGs
[2024-07-23T00:00:23.631+0000] {logging_mixin.py:137} INFO - [2024-07-23T00:00:23.631+0000] {dag.py:3441} INFO - Setting next_dagrun for example_branch_operator to 2024-07-22T00:00:00+00:00, run_after=2024-07-23T00:00:00+00:00
[2024-07-23T00:00:23.649+0000] {processor.py:175} INFO - Processing /home/airflow/.local/lib/python3.7/site-packages/airflow/example_dags/example_branch_operator.py took 0.085 seconds
[2024-07-23T00:00:53.669+0000] {processor.py:153} INFO - Started process (PID=38559) to work on /home/airflow/.local/lib/python3.7/site-packages/airflow/example_dags/example_branch_operator.py
[2024-07-23T00:00:53.672+0000] {processor.py:743} INFO - Processing file /home/airflow/.local/lib/python3.7/site-packages/airflow/example_dags/example_branch_operator.py for tasks to queue
[2024-07-23T00:00:53.674+0000] {logging_mixin.py:137} INFO - [2024-07-23T00:00:53.674+0000] {dagbag.py:538} INFO - Filling up the DagBag from /home/airflow/.local/lib/python3.7/site-packages/airflow/example_dags/example_branch_operator.py
[2024-07-23T00:00:53.684+0000] {processor.py:753} INFO - DAG(s) dict_keys(['example_branch_operator']) retrieved from /home/airflow/.local/lib/python3.7/site-packages/airflow/example_dags/example_branch_operator.py
[2024-07-23T00:00:53.705+0000] {logging_mixin.py:137} INFO - [2024-07-23T00:00:53.705+0000] {dag.py:2690} INFO - Sync 1 DAGs
[2024-07-23T00:00:53.719+0000] {logging_mixin.py:137} INFO - [2024-07-23T00:00:53.719+0000] {dag.py:3441} INFO - Setting next_dagrun for example_branch_operator to 2024-07-22T00:00:00+00:00, run_after=2024-07-23T00:00:00+00:00
[2024-07-23T00:00:53.730+0000] {processor.py:175} INFO - Processing /home/airflow/.local/lib/python3.7/site-packages/airflow/example_dags/example_branch_operator.py took 0.063 seconds
[2024-07-23T00:01:25.090+0000] {processor.py:153} INFO - Started process (PID=38647) to work on /home/airflow/.local/lib/python3.7/site-packages/airflow/example_dags/example_branch_operator.py
[2024-07-23T00:01:25.092+0000] {processor.py:743} INFO - Processing file /home/airflow/.local/lib/python3.7/site-packages/airflow/example_dags/example_branch_operator.py for tasks to queue
[2024-07-23T00:01:25.094+0000] {logging_mixin.py:137} INFO - [2024-07-23T00:01:25.094+0000] {dagbag.py:538} INFO - Filling up the DagBag from /home/airflow/.local/lib/python3.7/site-packages/airflow/example_dags/example_branch_operator.py
[2024-07-23T00:01:25.105+0000] {processor.py:753} INFO - DAG(s) dict_keys(['example_branch_operator']) retrieved from /home/airflow/.local/lib/python3.7/site-packages/airflow/example_dags/example_branch_operator.py
[2024-07-23T00:01:25.123+0000] {logging_mixin.py:137} INFO - [2024-07-23T00:01:25.123+0000] {dag.py:2690} INFO - Sync 1 DAGs
[2024-07-23T00:01:25.139+0000] {logging_mixin.py:137} INFO - [2024-07-23T00:01:25.139+0000] {dag.py:3441} INFO - Setting next_dagrun for example_branch_operator to 2024-07-22T00:00:00+00:00, run_after=2024-07-23T00:00:00+00:00
[2024-07-23T00:01:25.152+0000] {processor.py:175} INFO - Processing /home/airflow/.local/lib/python3.7/site-packages/airflow/example_dags/example_branch_operator.py took 0.064 seconds
[2024-07-23T00:01:55.330+0000] {processor.py:153} INFO - Started process (PID=38718) to work on /home/airflow/.local/lib/python3.7/site-packages/airflow/example_dags/example_branch_operator.py
[2024-07-23T00:01:55.331+0000] {processor.py:743} INFO - Processing file /home/airflow/.local/lib/python3.7/site-packages/airflow/example_dags/example_branch_operator.py for tasks to queue
[2024-07-23T00:01:55.332+0000] {logging_mixin.py:137} INFO - [2024-07-23T00:01:55.332+0000] {dagbag.py:538} INFO - Filling up the DagBag from /home/airflow/.local/lib/python3.7/site-packages/airflow/example_dags/example_branch_operator.py
[2024-07-23T00:01:55.343+0000] {processor.py:753} INFO - DAG(s) dict_keys(['example_branch_operator']) retrieved from /home/airflow/.local/lib/python3.7/site-packages/airflow/example_dags/example_branch_operator.py
[2024-07-23T00:01:55.360+0000] {logging_mixin.py:137} INFO - [2024-07-23T00:01:55.360+0000] {dag.py:2690} INFO - Sync 1 DAGs
[2024-07-23T00:01:55.377+0000] {logging_mixin.py:137} INFO - [2024-07-23T00:01:55.377+0000] {dag.py:3441} INFO - Setting next_dagrun for example_branch_operator to 2024-07-22T00:00:00+00:00, run_after=2024-07-23T00:00:00+00:00
[2024-07-23T00:01:55.395+0000] {processor.py:175} INFO - Processing /home/airflow/.local/lib/python3.7/site-packages/airflow/example_dags/example_branch_operator.py took 0.070 seconds
[2024-07-23T00:02:26.372+0000] {processor.py:153} INFO - Started process (PID=38805) to work on /home/airflow/.local/lib/python3.7/site-packages/airflow/example_dags/example_branch_operator.py
[2024-07-23T00:02:26.373+0000] {processor.py:743} INFO - Processing file /home/airflow/.local/lib/python3.7/site-packages/airflow/example_dags/example_branch_operator.py for tasks to queue
[2024-07-23T00:02:26.373+0000] {logging_mixin.py:137} INFO - [2024-07-23T00:02:26.373+0000] {dagbag.py:538} INFO - Filling up the DagBag from /home/airflow/.local/lib/python3.7/site-packages/airflow/example_dags/example_branch_operator.py
[2024-07-23T00:02:26.387+0000] {processor.py:753} INFO - DAG(s) dict_keys(['example_branch_operator']) retrieved from /home/airflow/.local/lib/python3.7/site-packages/airflow/example_dags/example_branch_operator.py
[2024-07-23T00:02:26.407+0000] {logging_mixin.py:137} INFO - [2024-07-23T00:02:26.407+0000] {dag.py:2690} INFO - Sync 1 DAGs
[2024-07-23T00:02:26.421+0000] {logging_mixin.py:137} INFO - [2024-07-23T00:02:26.421+0000] {dag.py:3441} INFO - Setting next_dagrun for example_branch_operator to 2024-07-22T00:00:00+00:00, run_after=2024-07-23T00:00:00+00:00
[2024-07-23T00:02:26.435+0000] {processor.py:175} INFO - Processing /home/airflow/.local/lib/python3.7/site-packages/airflow/example_dags/example_branch_operator.py took 0.065 seconds
