[2024-07-23T00:00:23.752+0000] {processor.py:153} INFO - Started process (PID=38476) to work on /home/airflow/.local/lib/python3.7/site-packages/airflow/example_dags/example_skip_dag.py
[2024-07-23T00:00:23.753+0000] {processor.py:743} INFO - Processing file /home/airflow/.local/lib/python3.7/site-packages/airflow/example_dags/example_skip_dag.py for tasks to queue
[2024-07-23T00:00:23.754+0000] {logging_mixin.py:137} INFO - [2024-07-23T00:00:23.754+0000] {dagbag.py:538} INFO - Filling up the DagBag from /home/airflow/.local/lib/python3.7/site-packages/airflow/example_dags/example_skip_dag.py
[2024-07-23T00:00:23.763+0000] {processor.py:753} INFO - DAG(s) dict_keys(['example_skip_dag']) retrieved from /home/airflow/.local/lib/python3.7/site-packages/airflow/example_dags/example_skip_dag.py
[2024-07-23T00:00:23.783+0000] {logging_mixin.py:137} INFO - [2024-07-23T00:00:23.783+0000] {dag.py:2690} INFO - Sync 1 DAGs
[2024-07-23T00:00:23.800+0000] {logging_mixin.py:137} INFO - [2024-07-23T00:00:23.800+0000] {dag.py:3441} INFO - Setting next_dagrun for example_skip_dag to 2024-07-22T02:31:43.614080+00:00, run_after=2024-07-23T02:31:43.614080+00:00
[2024-07-23T00:00:23.815+0000] {processor.py:175} INFO - Processing /home/airflow/.local/lib/python3.7/site-packages/airflow/example_dags/example_skip_dag.py took 0.065 seconds
[2024-07-23T00:00:53.886+0000] {processor.py:153} INFO - Started process (PID=38563) to work on /home/airflow/.local/lib/python3.7/site-packages/airflow/example_dags/example_skip_dag.py
[2024-07-23T00:00:53.887+0000] {processor.py:743} INFO - Processing file /home/airflow/.local/lib/python3.7/site-packages/airflow/example_dags/example_skip_dag.py for tasks to queue
[2024-07-23T00:00:53.887+0000] {logging_mixin.py:137} INFO - [2024-07-23T00:00:53.887+0000] {dagbag.py:538} INFO - Filling up the DagBag from /home/airflow/.local/lib/python3.7/site-packages/airflow/example_dags/example_skip_dag.py
[2024-07-23T00:00:53.895+0000] {processor.py:753} INFO - DAG(s) dict_keys(['example_skip_dag']) retrieved from /home/airflow/.local/lib/python3.7/site-packages/airflow/example_dags/example_skip_dag.py
[2024-07-23T00:00:53.910+0000] {logging_mixin.py:137} INFO - [2024-07-23T00:00:53.910+0000] {dag.py:2690} INFO - Sync 1 DAGs
[2024-07-23T00:00:53.923+0000] {logging_mixin.py:137} INFO - [2024-07-23T00:00:53.923+0000] {dag.py:3441} INFO - Setting next_dagrun for example_skip_dag to 2024-07-22T02:31:43.614080+00:00, run_after=2024-07-23T02:31:43.614080+00:00
[2024-07-23T00:00:53.934+0000] {processor.py:175} INFO - Processing /home/airflow/.local/lib/python3.7/site-packages/airflow/example_dags/example_skip_dag.py took 0.051 seconds
[2024-07-23T00:01:25.224+0000] {processor.py:153} INFO - Started process (PID=38650) to work on /home/airflow/.local/lib/python3.7/site-packages/airflow/example_dags/example_skip_dag.py
[2024-07-23T00:01:25.225+0000] {processor.py:743} INFO - Processing file /home/airflow/.local/lib/python3.7/site-packages/airflow/example_dags/example_skip_dag.py for tasks to queue
[2024-07-23T00:01:25.226+0000] {logging_mixin.py:137} INFO - [2024-07-23T00:01:25.225+0000] {dagbag.py:538} INFO - Filling up the DagBag from /home/airflow/.local/lib/python3.7/site-packages/airflow/example_dags/example_skip_dag.py
[2024-07-23T00:01:25.238+0000] {processor.py:753} INFO - DAG(s) dict_keys(['example_skip_dag']) retrieved from /home/airflow/.local/lib/python3.7/site-packages/airflow/example_dags/example_skip_dag.py
[2024-07-23T00:01:25.257+0000] {logging_mixin.py:137} INFO - [2024-07-23T00:01:25.257+0000] {dag.py:2690} INFO - Sync 1 DAGs
[2024-07-23T00:01:25.275+0000] {logging_mixin.py:137} INFO - [2024-07-23T00:01:25.275+0000] {dag.py:3441} INFO - Setting next_dagrun for example_skip_dag to 2024-07-22T02:31:43.614080+00:00, run_after=2024-07-23T02:31:43.614080+00:00
[2024-07-23T00:01:25.295+0000] {processor.py:175} INFO - Processing /home/airflow/.local/lib/python3.7/site-packages/airflow/example_dags/example_skip_dag.py took 0.073 seconds
[2024-07-23T00:01:55.453+0000] {processor.py:153} INFO - Started process (PID=38721) to work on /home/airflow/.local/lib/python3.7/site-packages/airflow/example_dags/example_skip_dag.py
[2024-07-23T00:01:55.454+0000] {processor.py:743} INFO - Processing file /home/airflow/.local/lib/python3.7/site-packages/airflow/example_dags/example_skip_dag.py for tasks to queue
[2024-07-23T00:01:55.455+0000] {logging_mixin.py:137} INFO - [2024-07-23T00:01:55.455+0000] {dagbag.py:538} INFO - Filling up the DagBag from /home/airflow/.local/lib/python3.7/site-packages/airflow/example_dags/example_skip_dag.py
[2024-07-23T00:01:55.466+0000] {processor.py:753} INFO - DAG(s) dict_keys(['example_skip_dag']) retrieved from /home/airflow/.local/lib/python3.7/site-packages/airflow/example_dags/example_skip_dag.py
[2024-07-23T00:01:55.487+0000] {logging_mixin.py:137} INFO - [2024-07-23T00:01:55.487+0000] {dag.py:2690} INFO - Sync 1 DAGs
[2024-07-23T00:01:55.502+0000] {logging_mixin.py:137} INFO - [2024-07-23T00:01:55.502+0000] {dag.py:3441} INFO - Setting next_dagrun for example_skip_dag to 2024-07-22T02:31:43.614080+00:00, run_after=2024-07-23T02:31:43.614080+00:00
[2024-07-23T00:01:55.521+0000] {processor.py:175} INFO - Processing /home/airflow/.local/lib/python3.7/site-packages/airflow/example_dags/example_skip_dag.py took 0.072 seconds
[2024-07-23T00:02:26.509+0000] {processor.py:153} INFO - Started process (PID=38808) to work on /home/airflow/.local/lib/python3.7/site-packages/airflow/example_dags/example_skip_dag.py
[2024-07-23T00:02:26.510+0000] {processor.py:743} INFO - Processing file /home/airflow/.local/lib/python3.7/site-packages/airflow/example_dags/example_skip_dag.py for tasks to queue
[2024-07-23T00:02:26.511+0000] {logging_mixin.py:137} INFO - [2024-07-23T00:02:26.511+0000] {dagbag.py:538} INFO - Filling up the DagBag from /home/airflow/.local/lib/python3.7/site-packages/airflow/example_dags/example_skip_dag.py
[2024-07-23T00:02:26.520+0000] {processor.py:753} INFO - DAG(s) dict_keys(['example_skip_dag']) retrieved from /home/airflow/.local/lib/python3.7/site-packages/airflow/example_dags/example_skip_dag.py
[2024-07-23T00:02:26.534+0000] {logging_mixin.py:137} INFO - [2024-07-23T00:02:26.534+0000] {dag.py:2690} INFO - Sync 1 DAGs
[2024-07-23T00:02:26.552+0000] {logging_mixin.py:137} INFO - [2024-07-23T00:02:26.552+0000] {dag.py:3441} INFO - Setting next_dagrun for example_skip_dag to 2024-07-22T02:31:43.614080+00:00, run_after=2024-07-23T02:31:43.614080+00:00
[2024-07-23T00:02:26.563+0000] {processor.py:175} INFO - Processing /home/airflow/.local/lib/python3.7/site-packages/airflow/example_dags/example_skip_dag.py took 0.056 seconds
