[2024-07-23T00:00:24.192+0000] {processor.py:153} INFO - Started process (PID=38485) to work on /home/airflow/.local/lib/python3.7/site-packages/airflow/example_dags/example_python_operator.py
[2024-07-23T00:00:24.192+0000] {processor.py:743} INFO - Processing file /home/airflow/.local/lib/python3.7/site-packages/airflow/example_dags/example_python_operator.py for tasks to queue
[2024-07-23T00:00:24.193+0000] {logging_mixin.py:137} INFO - [2024-07-23T00:00:24.193+0000] {dagbag.py:538} INFO - Filling up the DagBag from /home/airflow/.local/lib/python3.7/site-packages/airflow/example_dags/example_python_operator.py
[2024-07-23T00:00:24.203+0000] {logging_mixin.py:137} INFO - [2024-07-23T00:00:24.203+0000] {taskmixin.py:205} WARNING - Dependency <Task(_PythonDecoratedOperator): print_the_context>, log_sql_query already registered for DAG: example_python_operator
[2024-07-23T00:00:24.207+0000] {logging_mixin.py:137} INFO - [2024-07-23T00:00:24.207+0000] {taskmixin.py:205} WARNING - Dependency <Task(_PythonDecoratedOperator): log_sql_query>, print_the_context already registered for DAG: example_python_operator
[2024-07-23T00:00:24.209+0000] {logging_mixin.py:137} INFO - [2024-07-23T00:00:24.209+0000] {taskmixin.py:205} WARNING - Dependency <Task(_PythonDecoratedOperator): print_the_context>, log_sql_query already registered for DAG: example_python_operator
[2024-07-23T00:00:24.209+0000] {logging_mixin.py:137} INFO - [2024-07-23T00:00:24.209+0000] {taskmixin.py:205} WARNING - Dependency <Task(_PythonDecoratedOperator): log_sql_query>, print_the_context already registered for DAG: example_python_operator
[2024-07-23T00:00:24.210+0000] {logging_mixin.py:137} INFO - [2024-07-23T00:00:24.209+0000] {taskmixin.py:205} WARNING - Dependency <Task(_PythonDecoratedOperator): print_the_context>, log_sql_query already registered for DAG: example_python_operator
[2024-07-23T00:00:24.210+0000] {logging_mixin.py:137} INFO - [2024-07-23T00:00:24.210+0000] {taskmixin.py:205} WARNING - Dependency <Task(_PythonDecoratedOperator): log_sql_query>, print_the_context already registered for DAG: example_python_operator
[2024-07-23T00:00:24.210+0000] {logging_mixin.py:137} INFO - [2024-07-23T00:00:24.210+0000] {taskmixin.py:205} WARNING - Dependency <Task(_PythonDecoratedOperator): print_the_context>, log_sql_query already registered for DAG: example_python_operator
[2024-07-23T00:00:24.210+0000] {logging_mixin.py:137} INFO - [2024-07-23T00:00:24.210+0000] {taskmixin.py:205} WARNING - Dependency <Task(_PythonDecoratedOperator): log_sql_query>, print_the_context already registered for DAG: example_python_operator
[2024-07-23T00:00:24.215+0000] {processor.py:753} INFO - DAG(s) dict_keys(['example_python_operator']) retrieved from /home/airflow/.local/lib/python3.7/site-packages/airflow/example_dags/example_python_operator.py
[2024-07-23T00:00:24.238+0000] {logging_mixin.py:137} INFO - [2024-07-23T00:00:24.238+0000] {dag.py:2690} INFO - Sync 1 DAGs
[2024-07-23T00:00:24.251+0000] {logging_mixin.py:137} INFO - [2024-07-23T00:00:24.251+0000] {dag.py:3441} INFO - Setting next_dagrun for example_python_operator to None, run_after=None
[2024-07-23T00:00:24.270+0000] {processor.py:175} INFO - Processing /home/airflow/.local/lib/python3.7/site-packages/airflow/example_dags/example_python_operator.py took 0.081 seconds
[2024-07-23T00:00:54.313+0000] {processor.py:153} INFO - Started process (PID=38573) to work on /home/airflow/.local/lib/python3.7/site-packages/airflow/example_dags/example_python_operator.py
[2024-07-23T00:00:54.313+0000] {processor.py:743} INFO - Processing file /home/airflow/.local/lib/python3.7/site-packages/airflow/example_dags/example_python_operator.py for tasks to queue
[2024-07-23T00:00:54.314+0000] {logging_mixin.py:137} INFO - [2024-07-23T00:00:54.314+0000] {dagbag.py:538} INFO - Filling up the DagBag from /home/airflow/.local/lib/python3.7/site-packages/airflow/example_dags/example_python_operator.py
[2024-07-23T00:00:54.325+0000] {logging_mixin.py:137} INFO - [2024-07-23T00:00:54.325+0000] {taskmixin.py:205} WARNING - Dependency <Task(_PythonDecoratedOperator): print_the_context>, log_sql_query already registered for DAG: example_python_operator
[2024-07-23T00:00:54.325+0000] {logging_mixin.py:137} INFO - [2024-07-23T00:00:54.325+0000] {taskmixin.py:205} WARNING - Dependency <Task(_PythonDecoratedOperator): log_sql_query>, print_the_context already registered for DAG: example_python_operator
[2024-07-23T00:00:54.325+0000] {logging_mixin.py:137} INFO - [2024-07-23T00:00:54.325+0000] {taskmixin.py:205} WARNING - Dependency <Task(_PythonDecoratedOperator): print_the_context>, log_sql_query already registered for DAG: example_python_operator
[2024-07-23T00:00:54.326+0000] {logging_mixin.py:137} INFO - [2024-07-23T00:00:54.326+0000] {taskmixin.py:205} WARNING - Dependency <Task(_PythonDecoratedOperator): log_sql_query>, print_the_context already registered for DAG: example_python_operator
[2024-07-23T00:00:54.326+0000] {logging_mixin.py:137} INFO - [2024-07-23T00:00:54.326+0000] {taskmixin.py:205} WARNING - Dependency <Task(_PythonDecoratedOperator): print_the_context>, log_sql_query already registered for DAG: example_python_operator
[2024-07-23T00:00:54.326+0000] {logging_mixin.py:137} INFO - [2024-07-23T00:00:54.326+0000] {taskmixin.py:205} WARNING - Dependency <Task(_PythonDecoratedOperator): log_sql_query>, print_the_context already registered for DAG: example_python_operator
[2024-07-23T00:00:54.327+0000] {logging_mixin.py:137} INFO - [2024-07-23T00:00:54.327+0000] {taskmixin.py:205} WARNING - Dependency <Task(_PythonDecoratedOperator): print_the_context>, log_sql_query already registered for DAG: example_python_operator
[2024-07-23T00:00:54.327+0000] {logging_mixin.py:137} INFO - [2024-07-23T00:00:54.327+0000] {taskmixin.py:205} WARNING - Dependency <Task(_PythonDecoratedOperator): log_sql_query>, print_the_context already registered for DAG: example_python_operator
[2024-07-23T00:00:54.331+0000] {processor.py:753} INFO - DAG(s) dict_keys(['example_python_operator']) retrieved from /home/airflow/.local/lib/python3.7/site-packages/airflow/example_dags/example_python_operator.py
[2024-07-23T00:00:54.347+0000] {logging_mixin.py:137} INFO - [2024-07-23T00:00:54.347+0000] {dag.py:2690} INFO - Sync 1 DAGs
[2024-07-23T00:00:54.361+0000] {logging_mixin.py:137} INFO - [2024-07-23T00:00:54.361+0000] {dag.py:3441} INFO - Setting next_dagrun for example_python_operator to None, run_after=None
[2024-07-23T00:00:54.370+0000] {processor.py:175} INFO - Processing /home/airflow/.local/lib/python3.7/site-packages/airflow/example_dags/example_python_operator.py took 0.060 seconds
[2024-07-23T00:01:25.670+0000] {processor.py:153} INFO - Started process (PID=38659) to work on /home/airflow/.local/lib/python3.7/site-packages/airflow/example_dags/example_python_operator.py
[2024-07-23T00:01:25.672+0000] {processor.py:743} INFO - Processing file /home/airflow/.local/lib/python3.7/site-packages/airflow/example_dags/example_python_operator.py for tasks to queue
[2024-07-23T00:01:25.672+0000] {logging_mixin.py:137} INFO - [2024-07-23T00:01:25.672+0000] {dagbag.py:538} INFO - Filling up the DagBag from /home/airflow/.local/lib/python3.7/site-packages/airflow/example_dags/example_python_operator.py
[2024-07-23T00:01:25.682+0000] {logging_mixin.py:137} INFO - [2024-07-23T00:01:25.682+0000] {taskmixin.py:205} WARNING - Dependency <Task(_PythonDecoratedOperator): print_the_context>, log_sql_query already registered for DAG: example_python_operator
[2024-07-23T00:01:25.682+0000] {logging_mixin.py:137} INFO - [2024-07-23T00:01:25.682+0000] {taskmixin.py:205} WARNING - Dependency <Task(_PythonDecoratedOperator): log_sql_query>, print_the_context already registered for DAG: example_python_operator
[2024-07-23T00:01:25.683+0000] {logging_mixin.py:137} INFO - [2024-07-23T00:01:25.683+0000] {taskmixin.py:205} WARNING - Dependency <Task(_PythonDecoratedOperator): print_the_context>, log_sql_query already registered for DAG: example_python_operator
[2024-07-23T00:01:25.683+0000] {logging_mixin.py:137} INFO - [2024-07-23T00:01:25.683+0000] {taskmixin.py:205} WARNING - Dependency <Task(_PythonDecoratedOperator): log_sql_query>, print_the_context already registered for DAG: example_python_operator
[2024-07-23T00:01:25.683+0000] {logging_mixin.py:137} INFO - [2024-07-23T00:01:25.683+0000] {taskmixin.py:205} WARNING - Dependency <Task(_PythonDecoratedOperator): print_the_context>, log_sql_query already registered for DAG: example_python_operator
[2024-07-23T00:01:25.683+0000] {logging_mixin.py:137} INFO - [2024-07-23T00:01:25.683+0000] {taskmixin.py:205} WARNING - Dependency <Task(_PythonDecoratedOperator): log_sql_query>, print_the_context already registered for DAG: example_python_operator
[2024-07-23T00:01:25.684+0000] {logging_mixin.py:137} INFO - [2024-07-23T00:01:25.684+0000] {taskmixin.py:205} WARNING - Dependency <Task(_PythonDecoratedOperator): print_the_context>, log_sql_query already registered for DAG: example_python_operator
[2024-07-23T00:01:25.684+0000] {logging_mixin.py:137} INFO - [2024-07-23T00:01:25.684+0000] {taskmixin.py:205} WARNING - Dependency <Task(_PythonDecoratedOperator): log_sql_query>, print_the_context already registered for DAG: example_python_operator
[2024-07-23T00:01:25.688+0000] {processor.py:753} INFO - DAG(s) dict_keys(['example_python_operator']) retrieved from /home/airflow/.local/lib/python3.7/site-packages/airflow/example_dags/example_python_operator.py
[2024-07-23T00:01:25.705+0000] {logging_mixin.py:137} INFO - [2024-07-23T00:01:25.705+0000] {dag.py:2690} INFO - Sync 1 DAGs
[2024-07-23T00:01:25.721+0000] {logging_mixin.py:137} INFO - [2024-07-23T00:01:25.721+0000] {dag.py:3441} INFO - Setting next_dagrun for example_python_operator to None, run_after=None
[2024-07-23T00:01:25.739+0000] {processor.py:175} INFO - Processing /home/airflow/.local/lib/python3.7/site-packages/airflow/example_dags/example_python_operator.py took 0.071 seconds
[2024-07-23T00:01:55.887+0000] {processor.py:153} INFO - Started process (PID=38730) to work on /home/airflow/.local/lib/python3.7/site-packages/airflow/example_dags/example_python_operator.py
[2024-07-23T00:01:55.887+0000] {processor.py:743} INFO - Processing file /home/airflow/.local/lib/python3.7/site-packages/airflow/example_dags/example_python_operator.py for tasks to queue
[2024-07-23T00:01:55.888+0000] {logging_mixin.py:137} INFO - [2024-07-23T00:01:55.888+0000] {dagbag.py:538} INFO - Filling up the DagBag from /home/airflow/.local/lib/python3.7/site-packages/airflow/example_dags/example_python_operator.py
[2024-07-23T00:01:55.898+0000] {logging_mixin.py:137} INFO - [2024-07-23T00:01:55.898+0000] {taskmixin.py:205} WARNING - Dependency <Task(_PythonDecoratedOperator): print_the_context>, log_sql_query already registered for DAG: example_python_operator
[2024-07-23T00:01:55.898+0000] {logging_mixin.py:137} INFO - [2024-07-23T00:01:55.898+0000] {taskmixin.py:205} WARNING - Dependency <Task(_PythonDecoratedOperator): log_sql_query>, print_the_context already registered for DAG: example_python_operator
[2024-07-23T00:01:55.899+0000] {logging_mixin.py:137} INFO - [2024-07-23T00:01:55.899+0000] {taskmixin.py:205} WARNING - Dependency <Task(_PythonDecoratedOperator): print_the_context>, log_sql_query already registered for DAG: example_python_operator
[2024-07-23T00:01:55.899+0000] {logging_mixin.py:137} INFO - [2024-07-23T00:01:55.899+0000] {taskmixin.py:205} WARNING - Dependency <Task(_PythonDecoratedOperator): log_sql_query>, print_the_context already registered for DAG: example_python_operator
[2024-07-23T00:01:55.899+0000] {logging_mixin.py:137} INFO - [2024-07-23T00:01:55.899+0000] {taskmixin.py:205} WARNING - Dependency <Task(_PythonDecoratedOperator): print_the_context>, log_sql_query already registered for DAG: example_python_operator
[2024-07-23T00:01:55.899+0000] {logging_mixin.py:137} INFO - [2024-07-23T00:01:55.899+0000] {taskmixin.py:205} WARNING - Dependency <Task(_PythonDecoratedOperator): log_sql_query>, print_the_context already registered for DAG: example_python_operator
[2024-07-23T00:01:55.900+0000] {logging_mixin.py:137} INFO - [2024-07-23T00:01:55.900+0000] {taskmixin.py:205} WARNING - Dependency <Task(_PythonDecoratedOperator): print_the_context>, log_sql_query already registered for DAG: example_python_operator
[2024-07-23T00:01:55.900+0000] {logging_mixin.py:137} INFO - [2024-07-23T00:01:55.900+0000] {taskmixin.py:205} WARNING - Dependency <Task(_PythonDecoratedOperator): log_sql_query>, print_the_context already registered for DAG: example_python_operator
[2024-07-23T00:01:55.904+0000] {processor.py:753} INFO - DAG(s) dict_keys(['example_python_operator']) retrieved from /home/airflow/.local/lib/python3.7/site-packages/airflow/example_dags/example_python_operator.py
[2024-07-23T00:01:55.919+0000] {logging_mixin.py:137} INFO - [2024-07-23T00:01:55.919+0000] {dag.py:2690} INFO - Sync 1 DAGs
[2024-07-23T00:01:55.931+0000] {logging_mixin.py:137} INFO - [2024-07-23T00:01:55.931+0000] {dag.py:3441} INFO - Setting next_dagrun for example_python_operator to None, run_after=None
[2024-07-23T00:01:55.940+0000] {processor.py:175} INFO - Processing /home/airflow/.local/lib/python3.7/site-packages/airflow/example_dags/example_python_operator.py took 0.055 seconds
[2024-07-23T00:02:26.862+0000] {processor.py:153} INFO - Started process (PID=38817) to work on /home/airflow/.local/lib/python3.7/site-packages/airflow/example_dags/example_python_operator.py
[2024-07-23T00:02:26.863+0000] {processor.py:743} INFO - Processing file /home/airflow/.local/lib/python3.7/site-packages/airflow/example_dags/example_python_operator.py for tasks to queue
[2024-07-23T00:02:26.864+0000] {logging_mixin.py:137} INFO - [2024-07-23T00:02:26.863+0000] {dagbag.py:538} INFO - Filling up the DagBag from /home/airflow/.local/lib/python3.7/site-packages/airflow/example_dags/example_python_operator.py
[2024-07-23T00:02:26.874+0000] {logging_mixin.py:137} INFO - [2024-07-23T00:02:26.874+0000] {taskmixin.py:205} WARNING - Dependency <Task(_PythonDecoratedOperator): print_the_context>, log_sql_query already registered for DAG: example_python_operator
[2024-07-23T00:02:26.874+0000] {logging_mixin.py:137} INFO - [2024-07-23T00:02:26.874+0000] {taskmixin.py:205} WARNING - Dependency <Task(_PythonDecoratedOperator): log_sql_query>, print_the_context already registered for DAG: example_python_operator
[2024-07-23T00:02:26.875+0000] {logging_mixin.py:137} INFO - [2024-07-23T00:02:26.875+0000] {taskmixin.py:205} WARNING - Dependency <Task(_PythonDecoratedOperator): print_the_context>, log_sql_query already registered for DAG: example_python_operator
[2024-07-23T00:02:26.875+0000] {logging_mixin.py:137} INFO - [2024-07-23T00:02:26.875+0000] {taskmixin.py:205} WARNING - Dependency <Task(_PythonDecoratedOperator): log_sql_query>, print_the_context already registered for DAG: example_python_operator
[2024-07-23T00:02:26.876+0000] {logging_mixin.py:137} INFO - [2024-07-23T00:02:26.876+0000] {taskmixin.py:205} WARNING - Dependency <Task(_PythonDecoratedOperator): print_the_context>, log_sql_query already registered for DAG: example_python_operator
[2024-07-23T00:02:26.877+0000] {logging_mixin.py:137} INFO - [2024-07-23T00:02:26.877+0000] {taskmixin.py:205} WARNING - Dependency <Task(_PythonDecoratedOperator): log_sql_query>, print_the_context already registered for DAG: example_python_operator
[2024-07-23T00:02:26.877+0000] {logging_mixin.py:137} INFO - [2024-07-23T00:02:26.877+0000] {taskmixin.py:205} WARNING - Dependency <Task(_PythonDecoratedOperator): print_the_context>, log_sql_query already registered for DAG: example_python_operator
[2024-07-23T00:02:26.878+0000] {logging_mixin.py:137} INFO - [2024-07-23T00:02:26.878+0000] {taskmixin.py:205} WARNING - Dependency <Task(_PythonDecoratedOperator): log_sql_query>, print_the_context already registered for DAG: example_python_operator
[2024-07-23T00:02:26.883+0000] {processor.py:753} INFO - DAG(s) dict_keys(['example_python_operator']) retrieved from /home/airflow/.local/lib/python3.7/site-packages/airflow/example_dags/example_python_operator.py
[2024-07-23T00:02:26.900+0000] {logging_mixin.py:137} INFO - [2024-07-23T00:02:26.900+0000] {dag.py:2690} INFO - Sync 1 DAGs
[2024-07-23T00:02:26.914+0000] {logging_mixin.py:137} INFO - [2024-07-23T00:02:26.914+0000] {dag.py:3441} INFO - Setting next_dagrun for example_python_operator to None, run_after=None
[2024-07-23T00:02:26.927+0000] {processor.py:175} INFO - Processing /home/airflow/.local/lib/python3.7/site-packages/airflow/example_dags/example_python_operator.py took 0.067 seconds
