[2024-07-23T00:00:23.300+0000] {processor.py:153} INFO - Started process (PID=38468) to work on /home/airflow/.local/lib/python3.7/site-packages/airflow/example_dags/example_dynamic_task_mapping.py
[2024-07-23T00:00:23.300+0000] {processor.py:743} INFO - Processing file /home/airflow/.local/lib/python3.7/site-packages/airflow/example_dags/example_dynamic_task_mapping.py for tasks to queue
[2024-07-23T00:00:23.302+0000] {logging_mixin.py:137} INFO - [2024-07-23T00:00:23.302+0000] {dagbag.py:538} INFO - Filling up the DagBag from /home/airflow/.local/lib/python3.7/site-packages/airflow/example_dags/example_dynamic_task_mapping.py
[2024-07-23T00:00:23.319+0000] {processor.py:753} INFO - DAG(s) dict_keys(['example_dynamic_task_mapping']) retrieved from /home/airflow/.local/lib/python3.7/site-packages/airflow/example_dags/example_dynamic_task_mapping.py
[2024-07-23T00:00:23.334+0000] {logging_mixin.py:137} INFO - [2024-07-23T00:00:23.334+0000] {dag.py:2690} INFO - Sync 1 DAGs
[2024-07-23T00:00:23.347+0000] {logging_mixin.py:137} INFO - [2024-07-23T00:00:23.347+0000] {dag.py:3441} INFO - Setting next_dagrun for example_dynamic_task_mapping to 2023-01-05T00:00:00+00:00, run_after=2023-01-06T00:00:00+00:00
[2024-07-23T00:00:23.355+0000] {processor.py:175} INFO - Processing /home/airflow/.local/lib/python3.7/site-packages/airflow/example_dags/example_dynamic_task_mapping.py took 0.057 seconds
[2024-07-23T00:00:53.477+0000] {processor.py:153} INFO - Started process (PID=38555) to work on /home/airflow/.local/lib/python3.7/site-packages/airflow/example_dags/example_dynamic_task_mapping.py
[2024-07-23T00:00:53.478+0000] {processor.py:743} INFO - Processing file /home/airflow/.local/lib/python3.7/site-packages/airflow/example_dags/example_dynamic_task_mapping.py for tasks to queue
[2024-07-23T00:00:53.478+0000] {logging_mixin.py:137} INFO - [2024-07-23T00:00:53.478+0000] {dagbag.py:538} INFO - Filling up the DagBag from /home/airflow/.local/lib/python3.7/site-packages/airflow/example_dags/example_dynamic_task_mapping.py
[2024-07-23T00:00:53.493+0000] {processor.py:753} INFO - DAG(s) dict_keys(['example_dynamic_task_mapping']) retrieved from /home/airflow/.local/lib/python3.7/site-packages/airflow/example_dags/example_dynamic_task_mapping.py
[2024-07-23T00:00:53.514+0000] {logging_mixin.py:137} INFO - [2024-07-23T00:00:53.514+0000] {dag.py:2690} INFO - Sync 1 DAGs
[2024-07-23T00:00:53.528+0000] {logging_mixin.py:137} INFO - [2024-07-23T00:00:53.528+0000] {dag.py:3441} INFO - Setting next_dagrun for example_dynamic_task_mapping to 2023-01-05T00:00:00+00:00, run_after=2023-01-06T00:00:00+00:00
[2024-07-23T00:00:53.547+0000] {processor.py:175} INFO - Processing /home/airflow/.local/lib/python3.7/site-packages/airflow/example_dags/example_dynamic_task_mapping.py took 0.072 seconds
[2024-07-23T00:01:24.857+0000] {processor.py:153} INFO - Started process (PID=38642) to work on /home/airflow/.local/lib/python3.7/site-packages/airflow/example_dags/example_dynamic_task_mapping.py
[2024-07-23T00:01:24.860+0000] {processor.py:743} INFO - Processing file /home/airflow/.local/lib/python3.7/site-packages/airflow/example_dags/example_dynamic_task_mapping.py for tasks to queue
[2024-07-23T00:01:24.862+0000] {logging_mixin.py:137} INFO - [2024-07-23T00:01:24.862+0000] {dagbag.py:538} INFO - Filling up the DagBag from /home/airflow/.local/lib/python3.7/site-packages/airflow/example_dags/example_dynamic_task_mapping.py
[2024-07-23T00:01:24.877+0000] {processor.py:753} INFO - DAG(s) dict_keys(['example_dynamic_task_mapping']) retrieved from /home/airflow/.local/lib/python3.7/site-packages/airflow/example_dags/example_dynamic_task_mapping.py
[2024-07-23T00:01:24.897+0000] {logging_mixin.py:137} INFO - [2024-07-23T00:01:24.897+0000] {dag.py:2690} INFO - Sync 1 DAGs
[2024-07-23T00:01:24.912+0000] {logging_mixin.py:137} INFO - [2024-07-23T00:01:24.912+0000] {dag.py:3441} INFO - Setting next_dagrun for example_dynamic_task_mapping to 2023-01-05T00:00:00+00:00, run_after=2023-01-06T00:00:00+00:00
[2024-07-23T00:01:24.927+0000] {processor.py:175} INFO - Processing /home/airflow/.local/lib/python3.7/site-packages/airflow/example_dags/example_dynamic_task_mapping.py took 0.071 seconds
[2024-07-23T00:01:55.080+0000] {processor.py:153} INFO - Started process (PID=38713) to work on /home/airflow/.local/lib/python3.7/site-packages/airflow/example_dags/example_dynamic_task_mapping.py
[2024-07-23T00:01:55.091+0000] {processor.py:743} INFO - Processing file /home/airflow/.local/lib/python3.7/site-packages/airflow/example_dags/example_dynamic_task_mapping.py for tasks to queue
[2024-07-23T00:01:55.094+0000] {logging_mixin.py:137} INFO - [2024-07-23T00:01:55.094+0000] {dagbag.py:538} INFO - Filling up the DagBag from /home/airflow/.local/lib/python3.7/site-packages/airflow/example_dags/example_dynamic_task_mapping.py
[2024-07-23T00:01:55.109+0000] {processor.py:753} INFO - DAG(s) dict_keys(['example_dynamic_task_mapping']) retrieved from /home/airflow/.local/lib/python3.7/site-packages/airflow/example_dags/example_dynamic_task_mapping.py
[2024-07-23T00:01:55.127+0000] {logging_mixin.py:137} INFO - [2024-07-23T00:01:55.127+0000] {dag.py:2690} INFO - Sync 1 DAGs
[2024-07-23T00:01:55.147+0000] {logging_mixin.py:137} INFO - [2024-07-23T00:01:55.147+0000] {dag.py:3441} INFO - Setting next_dagrun for example_dynamic_task_mapping to 2023-01-05T00:00:00+00:00, run_after=2023-01-06T00:00:00+00:00
[2024-07-23T00:01:55.164+0000] {processor.py:175} INFO - Processing /home/airflow/.local/lib/python3.7/site-packages/airflow/example_dags/example_dynamic_task_mapping.py took 0.087 seconds
[2024-07-23T00:02:26.140+0000] {processor.py:153} INFO - Started process (PID=38800) to work on /home/airflow/.local/lib/python3.7/site-packages/airflow/example_dags/example_dynamic_task_mapping.py
[2024-07-23T00:02:26.141+0000] {processor.py:743} INFO - Processing file /home/airflow/.local/lib/python3.7/site-packages/airflow/example_dags/example_dynamic_task_mapping.py for tasks to queue
[2024-07-23T00:02:26.142+0000] {logging_mixin.py:137} INFO - [2024-07-23T00:02:26.142+0000] {dagbag.py:538} INFO - Filling up the DagBag from /home/airflow/.local/lib/python3.7/site-packages/airflow/example_dags/example_dynamic_task_mapping.py
[2024-07-23T00:02:26.170+0000] {processor.py:753} INFO - DAG(s) dict_keys(['example_dynamic_task_mapping']) retrieved from /home/airflow/.local/lib/python3.7/site-packages/airflow/example_dags/example_dynamic_task_mapping.py
[2024-07-23T00:02:26.190+0000] {logging_mixin.py:137} INFO - [2024-07-23T00:02:26.190+0000] {dag.py:2690} INFO - Sync 1 DAGs
[2024-07-23T00:02:26.209+0000] {logging_mixin.py:137} INFO - [2024-07-23T00:02:26.209+0000] {dag.py:3441} INFO - Setting next_dagrun for example_dynamic_task_mapping to 2023-01-05T00:00:00+00:00, run_after=2023-01-06T00:00:00+00:00
[2024-07-23T00:02:26.220+0000] {processor.py:175} INFO - Processing /home/airflow/.local/lib/python3.7/site-packages/airflow/example_dags/example_dynamic_task_mapping.py took 0.086 seconds
