[2024-07-23T00:00:23.683+0000] {processor.py:153} INFO - Started process (PID=38475) to work on /home/airflow/.local/lib/python3.7/site-packages/airflow/example_dags/example_latest_only.py
[2024-07-23T00:00:23.685+0000] {processor.py:743} INFO - Processing file /home/airflow/.local/lib/python3.7/site-packages/airflow/example_dags/example_latest_only.py for tasks to queue
[2024-07-23T00:00:23.686+0000] {logging_mixin.py:137} INFO - [2024-07-23T00:00:23.686+0000] {dagbag.py:538} INFO - Filling up the DagBag from /home/airflow/.local/lib/python3.7/site-packages/airflow/example_dags/example_latest_only.py
[2024-07-23T00:00:23.694+0000] {processor.py:753} INFO - DAG(s) dict_keys(['latest_only']) retrieved from /home/airflow/.local/lib/python3.7/site-packages/airflow/example_dags/example_latest_only.py
[2024-07-23T00:00:23.713+0000] {logging_mixin.py:137} INFO - [2024-07-23T00:00:23.713+0000] {dag.py:2690} INFO - Sync 1 DAGs
[2024-07-23T00:00:23.729+0000] {logging_mixin.py:137} INFO - [2024-07-23T00:00:23.729+0000] {dag.py:3441} INFO - Setting next_dagrun for latest_only to 2024-07-22T20:00:23.729388+00:00, run_after=2024-07-23T00:00:23.729388+00:00
[2024-07-23T00:00:23.744+0000] {processor.py:175} INFO - Processing /home/airflow/.local/lib/python3.7/site-packages/airflow/example_dags/example_latest_only.py took 0.063 seconds
[2024-07-23T00:00:53.817+0000] {processor.py:153} INFO - Started process (PID=38562) to work on /home/airflow/.local/lib/python3.7/site-packages/airflow/example_dags/example_latest_only.py
[2024-07-23T00:00:53.820+0000] {processor.py:743} INFO - Processing file /home/airflow/.local/lib/python3.7/site-packages/airflow/example_dags/example_latest_only.py for tasks to queue
[2024-07-23T00:00:53.822+0000] {logging_mixin.py:137} INFO - [2024-07-23T00:00:53.821+0000] {dagbag.py:538} INFO - Filling up the DagBag from /home/airflow/.local/lib/python3.7/site-packages/airflow/example_dags/example_latest_only.py
[2024-07-23T00:00:53.831+0000] {processor.py:753} INFO - DAG(s) dict_keys(['latest_only']) retrieved from /home/airflow/.local/lib/python3.7/site-packages/airflow/example_dags/example_latest_only.py
[2024-07-23T00:00:53.846+0000] {logging_mixin.py:137} INFO - [2024-07-23T00:00:53.846+0000] {dag.py:2690} INFO - Sync 1 DAGs
[2024-07-23T00:00:53.860+0000] {logging_mixin.py:137} INFO - [2024-07-23T00:00:53.860+0000] {dag.py:3441} INFO - Setting next_dagrun for latest_only to 2024-07-22T20:00:53.860385+00:00, run_after=2024-07-23T00:00:53.860385+00:00
[2024-07-23T00:00:53.877+0000] {processor.py:175} INFO - Processing /home/airflow/.local/lib/python3.7/site-packages/airflow/example_dags/example_latest_only.py took 0.063 seconds
[2024-07-23T00:01:25.168+0000] {processor.py:153} INFO - Started process (PID=38649) to work on /home/airflow/.local/lib/python3.7/site-packages/airflow/example_dags/example_latest_only.py
[2024-07-23T00:01:25.169+0000] {processor.py:743} INFO - Processing file /home/airflow/.local/lib/python3.7/site-packages/airflow/example_dags/example_latest_only.py for tasks to queue
[2024-07-23T00:01:25.170+0000] {logging_mixin.py:137} INFO - [2024-07-23T00:01:25.170+0000] {dagbag.py:538} INFO - Filling up the DagBag from /home/airflow/.local/lib/python3.7/site-packages/airflow/example_dags/example_latest_only.py
[2024-07-23T00:01:25.178+0000] {processor.py:753} INFO - DAG(s) dict_keys(['latest_only']) retrieved from /home/airflow/.local/lib/python3.7/site-packages/airflow/example_dags/example_latest_only.py
[2024-07-23T00:01:25.196+0000] {logging_mixin.py:137} INFO - [2024-07-23T00:01:25.196+0000] {dag.py:2690} INFO - Sync 1 DAGs
[2024-07-23T00:01:25.211+0000] {logging_mixin.py:137} INFO - [2024-07-23T00:01:25.211+0000] {dag.py:3441} INFO - Setting next_dagrun for latest_only to 2024-07-22T20:01:25.211363+00:00, run_after=2024-07-23T00:01:25.211363+00:00
[2024-07-23T00:01:25.225+0000] {processor.py:175} INFO - Processing /home/airflow/.local/lib/python3.7/site-packages/airflow/example_dags/example_latest_only.py took 0.058 seconds
[2024-07-23T00:01:55.410+0000] {processor.py:153} INFO - Started process (PID=38720) to work on /home/airflow/.local/lib/python3.7/site-packages/airflow/example_dags/example_latest_only.py
[2024-07-23T00:01:55.410+0000] {processor.py:743} INFO - Processing file /home/airflow/.local/lib/python3.7/site-packages/airflow/example_dags/example_latest_only.py for tasks to queue
[2024-07-23T00:01:55.411+0000] {logging_mixin.py:137} INFO - [2024-07-23T00:01:55.411+0000] {dagbag.py:538} INFO - Filling up the DagBag from /home/airflow/.local/lib/python3.7/site-packages/airflow/example_dags/example_latest_only.py
[2024-07-23T00:01:55.421+0000] {processor.py:753} INFO - DAG(s) dict_keys(['latest_only']) retrieved from /home/airflow/.local/lib/python3.7/site-packages/airflow/example_dags/example_latest_only.py
[2024-07-23T00:01:55.440+0000] {logging_mixin.py:137} INFO - [2024-07-23T00:01:55.440+0000] {dag.py:2690} INFO - Sync 1 DAGs
[2024-07-23T00:01:55.457+0000] {logging_mixin.py:137} INFO - [2024-07-23T00:01:55.457+0000] {dag.py:3441} INFO - Setting next_dagrun for latest_only to 2024-07-22T20:01:55.457293+00:00, run_after=2024-07-23T00:01:55.457293+00:00
[2024-07-23T00:01:55.477+0000] {processor.py:175} INFO - Processing /home/airflow/.local/lib/python3.7/site-packages/airflow/example_dags/example_latest_only.py took 0.070 seconds
[2024-07-23T00:02:26.447+0000] {processor.py:153} INFO - Started process (PID=38807) to work on /home/airflow/.local/lib/python3.7/site-packages/airflow/example_dags/example_latest_only.py
[2024-07-23T00:02:26.448+0000] {processor.py:743} INFO - Processing file /home/airflow/.local/lib/python3.7/site-packages/airflow/example_dags/example_latest_only.py for tasks to queue
[2024-07-23T00:02:26.448+0000] {logging_mixin.py:137} INFO - [2024-07-23T00:02:26.448+0000] {dagbag.py:538} INFO - Filling up the DagBag from /home/airflow/.local/lib/python3.7/site-packages/airflow/example_dags/example_latest_only.py
[2024-07-23T00:02:26.456+0000] {processor.py:753} INFO - DAG(s) dict_keys(['latest_only']) retrieved from /home/airflow/.local/lib/python3.7/site-packages/airflow/example_dags/example_latest_only.py
[2024-07-23T00:02:26.471+0000] {logging_mixin.py:137} INFO - [2024-07-23T00:02:26.471+0000] {dag.py:2690} INFO - Sync 1 DAGs
[2024-07-23T00:02:26.485+0000] {logging_mixin.py:137} INFO - [2024-07-23T00:02:26.485+0000] {dag.py:3441} INFO - Setting next_dagrun for latest_only to 2024-07-22T20:02:26.485267+00:00, run_after=2024-07-23T00:02:26.485267+00:00
[2024-07-23T00:02:26.495+0000] {processor.py:175} INFO - Processing /home/airflow/.local/lib/python3.7/site-packages/airflow/example_dags/example_latest_only.py took 0.050 seconds
