[2024-07-23T00:00:23.366+0000] {processor.py:153} INFO - Started process (PID=38469) to work on /home/airflow/.local/lib/python3.7/site-packages/airflow/example_dags/example_external_task_marker_dag.py
[2024-07-23T00:00:23.367+0000] {processor.py:743} INFO - Processing file /home/airflow/.local/lib/python3.7/site-packages/airflow/example_dags/example_external_task_marker_dag.py for tasks to queue
[2024-07-23T00:00:23.367+0000] {logging_mixin.py:137} INFO - [2024-07-23T00:00:23.367+0000] {dagbag.py:538} INFO - Filling up the DagBag from /home/airflow/.local/lib/python3.7/site-packages/airflow/example_dags/example_external_task_marker_dag.py
[2024-07-23T00:00:23.375+0000] {processor.py:753} INFO - DAG(s) dict_keys(['example_external_task_marker_parent', 'example_external_task_marker_child']) retrieved from /home/airflow/.local/lib/python3.7/site-packages/airflow/example_dags/example_external_task_marker_dag.py
[2024-07-23T00:00:23.391+0000] {logging_mixin.py:137} INFO - [2024-07-23T00:00:23.390+0000] {dag.py:2690} INFO - Sync 2 DAGs
[2024-07-23T00:00:23.403+0000] {logging_mixin.py:137} INFO - [2024-07-23T00:00:23.403+0000] {dag.py:3441} INFO - Setting next_dagrun for example_external_task_marker_child to None, run_after=None
[2024-07-23T00:00:23.404+0000] {logging_mixin.py:137} INFO - [2024-07-23T00:00:23.404+0000] {dag.py:3441} INFO - Setting next_dagrun for example_external_task_marker_parent to None, run_after=None
[2024-07-23T00:00:23.412+0000] {processor.py:175} INFO - Processing /home/airflow/.local/lib/python3.7/site-packages/airflow/example_dags/example_external_task_marker_dag.py took 0.048 seconds
[2024-07-23T00:00:53.562+0000] {processor.py:153} INFO - Started process (PID=38556) to work on /home/airflow/.local/lib/python3.7/site-packages/airflow/example_dags/example_external_task_marker_dag.py
[2024-07-23T00:00:53.563+0000] {processor.py:743} INFO - Processing file /home/airflow/.local/lib/python3.7/site-packages/airflow/example_dags/example_external_task_marker_dag.py for tasks to queue
[2024-07-23T00:00:53.564+0000] {logging_mixin.py:137} INFO - [2024-07-23T00:00:53.563+0000] {dagbag.py:538} INFO - Filling up the DagBag from /home/airflow/.local/lib/python3.7/site-packages/airflow/example_dags/example_external_task_marker_dag.py
[2024-07-23T00:00:53.573+0000] {processor.py:753} INFO - DAG(s) dict_keys(['example_external_task_marker_child', 'example_external_task_marker_parent']) retrieved from /home/airflow/.local/lib/python3.7/site-packages/airflow/example_dags/example_external_task_marker_dag.py
[2024-07-23T00:00:53.593+0000] {logging_mixin.py:137} INFO - [2024-07-23T00:00:53.593+0000] {dag.py:2690} INFO - Sync 2 DAGs
[2024-07-23T00:00:53.610+0000] {logging_mixin.py:137} INFO - [2024-07-23T00:00:53.610+0000] {dag.py:3441} INFO - Setting next_dagrun for example_external_task_marker_child to None, run_after=None
[2024-07-23T00:00:53.614+0000] {logging_mixin.py:137} INFO - [2024-07-23T00:00:53.614+0000] {dag.py:3441} INFO - Setting next_dagrun for example_external_task_marker_parent to None, run_after=None
[2024-07-23T00:00:53.630+0000] {processor.py:175} INFO - Processing /home/airflow/.local/lib/python3.7/site-packages/airflow/example_dags/example_external_task_marker_dag.py took 0.070 seconds
[2024-07-23T00:01:24.935+0000] {processor.py:153} INFO - Started process (PID=38643) to work on /home/airflow/.local/lib/python3.7/site-packages/airflow/example_dags/example_external_task_marker_dag.py
[2024-07-23T00:01:24.935+0000] {processor.py:743} INFO - Processing file /home/airflow/.local/lib/python3.7/site-packages/airflow/example_dags/example_external_task_marker_dag.py for tasks to queue
[2024-07-23T00:01:24.936+0000] {logging_mixin.py:137} INFO - [2024-07-23T00:01:24.936+0000] {dagbag.py:538} INFO - Filling up the DagBag from /home/airflow/.local/lib/python3.7/site-packages/airflow/example_dags/example_external_task_marker_dag.py
[2024-07-23T00:01:24.945+0000] {processor.py:753} INFO - DAG(s) dict_keys(['example_external_task_marker_parent', 'example_external_task_marker_child']) retrieved from /home/airflow/.local/lib/python3.7/site-packages/airflow/example_dags/example_external_task_marker_dag.py
[2024-07-23T00:01:24.964+0000] {logging_mixin.py:137} INFO - [2024-07-23T00:01:24.964+0000] {dag.py:2690} INFO - Sync 2 DAGs
[2024-07-23T00:01:24.983+0000] {logging_mixin.py:137} INFO - [2024-07-23T00:01:24.982+0000] {dag.py:3441} INFO - Setting next_dagrun for example_external_task_marker_child to None, run_after=None
[2024-07-23T00:01:24.986+0000] {logging_mixin.py:137} INFO - [2024-07-23T00:01:24.986+0000] {dag.py:3441} INFO - Setting next_dagrun for example_external_task_marker_parent to None, run_after=None
[2024-07-23T00:01:24.998+0000] {processor.py:175} INFO - Processing /home/airflow/.local/lib/python3.7/site-packages/airflow/example_dags/example_external_task_marker_dag.py took 0.067 seconds
[2024-07-23T00:01:55.093+0000] {processor.py:153} INFO - Started process (PID=38714) to work on /home/airflow/.local/lib/python3.7/site-packages/airflow/example_dags/example_external_task_marker_dag.py
[2024-07-23T00:01:55.094+0000] {processor.py:743} INFO - Processing file /home/airflow/.local/lib/python3.7/site-packages/airflow/example_dags/example_external_task_marker_dag.py for tasks to queue
[2024-07-23T00:01:55.098+0000] {logging_mixin.py:137} INFO - [2024-07-23T00:01:55.098+0000] {dagbag.py:538} INFO - Filling up the DagBag from /home/airflow/.local/lib/python3.7/site-packages/airflow/example_dags/example_external_task_marker_dag.py
[2024-07-23T00:01:55.107+0000] {processor.py:753} INFO - DAG(s) dict_keys(['example_external_task_marker_child', 'example_external_task_marker_parent']) retrieved from /home/airflow/.local/lib/python3.7/site-packages/airflow/example_dags/example_external_task_marker_dag.py
[2024-07-23T00:01:55.127+0000] {logging_mixin.py:137} INFO - [2024-07-23T00:01:55.127+0000] {dag.py:2690} INFO - Sync 2 DAGs
[2024-07-23T00:01:55.143+0000] {logging_mixin.py:137} INFO - [2024-07-23T00:01:55.143+0000] {dag.py:3441} INFO - Setting next_dagrun for example_external_task_marker_child to None, run_after=None
[2024-07-23T00:01:55.145+0000] {logging_mixin.py:137} INFO - [2024-07-23T00:01:55.145+0000] {dag.py:3441} INFO - Setting next_dagrun for example_external_task_marker_parent to None, run_after=None
[2024-07-23T00:01:55.159+0000] {processor.py:175} INFO - Processing /home/airflow/.local/lib/python3.7/site-packages/airflow/example_dags/example_external_task_marker_dag.py took 0.068 seconds
[2024-07-23T00:02:26.147+0000] {processor.py:153} INFO - Started process (PID=38801) to work on /home/airflow/.local/lib/python3.7/site-packages/airflow/example_dags/example_external_task_marker_dag.py
[2024-07-23T00:02:26.157+0000] {processor.py:743} INFO - Processing file /home/airflow/.local/lib/python3.7/site-packages/airflow/example_dags/example_external_task_marker_dag.py for tasks to queue
[2024-07-23T00:02:26.158+0000] {logging_mixin.py:137} INFO - [2024-07-23T00:02:26.158+0000] {dagbag.py:538} INFO - Filling up the DagBag from /home/airflow/.local/lib/python3.7/site-packages/airflow/example_dags/example_external_task_marker_dag.py
[2024-07-23T00:02:26.171+0000] {processor.py:753} INFO - DAG(s) dict_keys(['example_external_task_marker_parent', 'example_external_task_marker_child']) retrieved from /home/airflow/.local/lib/python3.7/site-packages/airflow/example_dags/example_external_task_marker_dag.py
[2024-07-23T00:02:26.190+0000] {logging_mixin.py:137} INFO - [2024-07-23T00:02:26.190+0000] {dag.py:2690} INFO - Sync 2 DAGs
[2024-07-23T00:02:26.204+0000] {logging_mixin.py:137} INFO - [2024-07-23T00:02:26.203+0000] {dag.py:3441} INFO - Setting next_dagrun for example_external_task_marker_child to None, run_after=None
[2024-07-23T00:02:26.205+0000] {logging_mixin.py:137} INFO - [2024-07-23T00:02:26.205+0000] {dag.py:3441} INFO - Setting next_dagrun for example_external_task_marker_parent to None, run_after=None
[2024-07-23T00:02:26.217+0000] {processor.py:175} INFO - Processing /home/airflow/.local/lib/python3.7/site-packages/airflow/example_dags/example_external_task_marker_dag.py took 0.073 seconds
