[2024-07-23T00:00:22.942+0000] {processor.py:153} INFO - Started process (PID=38460) to work on /home/airflow/.local/lib/python3.7/site-packages/airflow/example_dags/example_trigger_controller_dag.py
[2024-07-23T00:00:22.942+0000] {processor.py:743} INFO - Processing file /home/airflow/.local/lib/python3.7/site-packages/airflow/example_dags/example_trigger_controller_dag.py for tasks to queue
[2024-07-23T00:00:22.943+0000] {logging_mixin.py:137} INFO - [2024-07-23T00:00:22.943+0000] {dagbag.py:538} INFO - Filling up the DagBag from /home/airflow/.local/lib/python3.7/site-packages/airflow/example_dags/example_trigger_controller_dag.py
[2024-07-23T00:00:22.951+0000] {processor.py:753} INFO - DAG(s) dict_keys(['example_trigger_controller_dag']) retrieved from /home/airflow/.local/lib/python3.7/site-packages/airflow/example_dags/example_trigger_controller_dag.py
[2024-07-23T00:00:22.969+0000] {logging_mixin.py:137} INFO - [2024-07-23T00:00:22.969+0000] {dag.py:2690} INFO - Sync 1 DAGs
[2024-07-23T00:00:22.985+0000] {logging_mixin.py:137} INFO - [2024-07-23T00:00:22.984+0000] {dag.py:3441} INFO - Setting next_dagrun for example_trigger_controller_dag to None, run_after=None
[2024-07-23T00:00:23.001+0000] {processor.py:175} INFO - Processing /home/airflow/.local/lib/python3.7/site-packages/airflow/example_dags/example_trigger_controller_dag.py took 0.062 seconds
[2024-07-23T00:00:53.078+0000] {processor.py:153} INFO - Started process (PID=38547) to work on /home/airflow/.local/lib/python3.7/site-packages/airflow/example_dags/example_trigger_controller_dag.py
[2024-07-23T00:00:53.081+0000] {processor.py:743} INFO - Processing file /home/airflow/.local/lib/python3.7/site-packages/airflow/example_dags/example_trigger_controller_dag.py for tasks to queue
[2024-07-23T00:00:53.082+0000] {logging_mixin.py:137} INFO - [2024-07-23T00:00:53.082+0000] {dagbag.py:538} INFO - Filling up the DagBag from /home/airflow/.local/lib/python3.7/site-packages/airflow/example_dags/example_trigger_controller_dag.py
[2024-07-23T00:00:53.089+0000] {processor.py:753} INFO - DAG(s) dict_keys(['example_trigger_controller_dag']) retrieved from /home/airflow/.local/lib/python3.7/site-packages/airflow/example_dags/example_trigger_controller_dag.py
[2024-07-23T00:00:53.109+0000] {logging_mixin.py:137} INFO - [2024-07-23T00:00:53.109+0000] {dag.py:2690} INFO - Sync 1 DAGs
[2024-07-23T00:00:53.124+0000] {logging_mixin.py:137} INFO - [2024-07-23T00:00:53.124+0000] {dag.py:3441} INFO - Setting next_dagrun for example_trigger_controller_dag to None, run_after=None
[2024-07-23T00:00:53.143+0000] {processor.py:175} INFO - Processing /home/airflow/.local/lib/python3.7/site-packages/airflow/example_dags/example_trigger_controller_dag.py took 0.067 seconds
[2024-07-23T00:01:24.405+0000] {processor.py:153} INFO - Started process (PID=38634) to work on /home/airflow/.local/lib/python3.7/site-packages/airflow/example_dags/example_trigger_controller_dag.py
[2024-07-23T00:01:24.406+0000] {processor.py:743} INFO - Processing file /home/airflow/.local/lib/python3.7/site-packages/airflow/example_dags/example_trigger_controller_dag.py for tasks to queue
[2024-07-23T00:01:24.407+0000] {logging_mixin.py:137} INFO - [2024-07-23T00:01:24.407+0000] {dagbag.py:538} INFO - Filling up the DagBag from /home/airflow/.local/lib/python3.7/site-packages/airflow/example_dags/example_trigger_controller_dag.py
[2024-07-23T00:01:24.418+0000] {processor.py:753} INFO - DAG(s) dict_keys(['example_trigger_controller_dag']) retrieved from /home/airflow/.local/lib/python3.7/site-packages/airflow/example_dags/example_trigger_controller_dag.py
[2024-07-23T00:01:24.442+0000] {logging_mixin.py:137} INFO - [2024-07-23T00:01:24.442+0000] {dag.py:2690} INFO - Sync 1 DAGs
[2024-07-23T00:01:24.468+0000] {logging_mixin.py:137} INFO - [2024-07-23T00:01:24.468+0000] {dag.py:3441} INFO - Setting next_dagrun for example_trigger_controller_dag to None, run_after=None
[2024-07-23T00:01:24.490+0000] {processor.py:175} INFO - Processing /home/airflow/.local/lib/python3.7/site-packages/airflow/example_dags/example_trigger_controller_dag.py took 0.089 seconds
[2024-07-23T00:01:54.687+0000] {processor.py:153} INFO - Started process (PID=38705) to work on /home/airflow/.local/lib/python3.7/site-packages/airflow/example_dags/example_trigger_controller_dag.py
[2024-07-23T00:01:54.688+0000] {processor.py:743} INFO - Processing file /home/airflow/.local/lib/python3.7/site-packages/airflow/example_dags/example_trigger_controller_dag.py for tasks to queue
[2024-07-23T00:01:54.689+0000] {logging_mixin.py:137} INFO - [2024-07-23T00:01:54.689+0000] {dagbag.py:538} INFO - Filling up the DagBag from /home/airflow/.local/lib/python3.7/site-packages/airflow/example_dags/example_trigger_controller_dag.py
[2024-07-23T00:01:54.696+0000] {processor.py:753} INFO - DAG(s) dict_keys(['example_trigger_controller_dag']) retrieved from /home/airflow/.local/lib/python3.7/site-packages/airflow/example_dags/example_trigger_controller_dag.py
[2024-07-23T00:01:54.717+0000] {logging_mixin.py:137} INFO - [2024-07-23T00:01:54.717+0000] {dag.py:2690} INFO - Sync 1 DAGs
[2024-07-23T00:01:54.734+0000] {logging_mixin.py:137} INFO - [2024-07-23T00:01:54.734+0000] {dag.py:3441} INFO - Setting next_dagrun for example_trigger_controller_dag to None, run_after=None
[2024-07-23T00:01:54.746+0000] {processor.py:175} INFO - Processing /home/airflow/.local/lib/python3.7/site-packages/airflow/example_dags/example_trigger_controller_dag.py took 0.061 seconds
[2024-07-23T00:02:24.770+0000] {processor.py:153} INFO - Started process (PID=38792) to work on /home/airflow/.local/lib/python3.7/site-packages/airflow/example_dags/example_trigger_controller_dag.py
[2024-07-23T00:02:24.770+0000] {processor.py:743} INFO - Processing file /home/airflow/.local/lib/python3.7/site-packages/airflow/example_dags/example_trigger_controller_dag.py for tasks to queue
[2024-07-23T00:02:24.771+0000] {logging_mixin.py:137} INFO - [2024-07-23T00:02:24.771+0000] {dagbag.py:538} INFO - Filling up the DagBag from /home/airflow/.local/lib/python3.7/site-packages/airflow/example_dags/example_trigger_controller_dag.py
[2024-07-23T00:02:24.779+0000] {processor.py:753} INFO - DAG(s) dict_keys(['example_trigger_controller_dag']) retrieved from /home/airflow/.local/lib/python3.7/site-packages/airflow/example_dags/example_trigger_controller_dag.py
[2024-07-23T00:02:24.795+0000] {logging_mixin.py:137} INFO - [2024-07-23T00:02:24.795+0000] {dag.py:2690} INFO - Sync 1 DAGs
[2024-07-23T00:02:24.808+0000] {logging_mixin.py:137} INFO - [2024-07-23T00:02:24.808+0000] {dag.py:3441} INFO - Setting next_dagrun for example_trigger_controller_dag to None, run_after=None
[2024-07-23T00:02:24.817+0000] {processor.py:175} INFO - Processing /home/airflow/.local/lib/python3.7/site-packages/airflow/example_dags/example_trigger_controller_dag.py took 0.050 seconds
