[2024-07-23T00:00:23.925+0000] {processor.py:153} INFO - Started process (PID=38480) to work on /home/airflow/.local/lib/python3.7/site-packages/airflow/example_dags/example_nested_branch_dag.py
[2024-07-23T00:00:23.925+0000] {processor.py:743} INFO - Processing file /home/airflow/.local/lib/python3.7/site-packages/airflow/example_dags/example_nested_branch_dag.py for tasks to queue
[2024-07-23T00:00:23.926+0000] {logging_mixin.py:137} INFO - [2024-07-23T00:00:23.926+0000] {dagbag.py:538} INFO - Filling up the DagBag from /home/airflow/.local/lib/python3.7/site-packages/airflow/example_dags/example_nested_branch_dag.py
[2024-07-23T00:00:23.943+0000] {processor.py:753} INFO - DAG(s) dict_keys(['example_nested_branch_dag']) retrieved from /home/airflow/.local/lib/python3.7/site-packages/airflow/example_dags/example_nested_branch_dag.py
[2024-07-23T00:00:23.959+0000] {logging_mixin.py:137} INFO - [2024-07-23T00:00:23.959+0000] {dag.py:2690} INFO - Sync 1 DAGs
[2024-07-23T00:00:23.977+0000] {logging_mixin.py:137} INFO - [2024-07-23T00:00:23.977+0000] {dag.py:3441} INFO - Setting next_dagrun for example_nested_branch_dag to 2024-07-22T00:00:00+00:00, run_after=2024-07-23T00:00:00+00:00
[2024-07-23T00:00:23.989+0000] {processor.py:175} INFO - Processing /home/airflow/.local/lib/python3.7/site-packages/airflow/example_dags/example_nested_branch_dag.py took 0.067 seconds
[2024-07-23T00:00:54.055+0000] {processor.py:153} INFO - Started process (PID=38567) to work on /home/airflow/.local/lib/python3.7/site-packages/airflow/example_dags/example_nested_branch_dag.py
[2024-07-23T00:00:54.057+0000] {processor.py:743} INFO - Processing file /home/airflow/.local/lib/python3.7/site-packages/airflow/example_dags/example_nested_branch_dag.py for tasks to queue
[2024-07-23T00:00:54.058+0000] {logging_mixin.py:137} INFO - [2024-07-23T00:00:54.058+0000] {dagbag.py:538} INFO - Filling up the DagBag from /home/airflow/.local/lib/python3.7/site-packages/airflow/example_dags/example_nested_branch_dag.py
[2024-07-23T00:00:54.072+0000] {processor.py:753} INFO - DAG(s) dict_keys(['example_nested_branch_dag']) retrieved from /home/airflow/.local/lib/python3.7/site-packages/airflow/example_dags/example_nested_branch_dag.py
[2024-07-23T00:00:54.092+0000] {logging_mixin.py:137} INFO - [2024-07-23T00:00:54.092+0000] {dag.py:2690} INFO - Sync 1 DAGs
[2024-07-23T00:00:54.107+0000] {logging_mixin.py:137} INFO - [2024-07-23T00:00:54.107+0000] {dag.py:3441} INFO - Setting next_dagrun for example_nested_branch_dag to 2024-07-22T00:00:00+00:00, run_after=2024-07-23T00:00:00+00:00
[2024-07-23T00:00:54.127+0000] {processor.py:175} INFO - Processing /home/airflow/.local/lib/python3.7/site-packages/airflow/example_dags/example_nested_branch_dag.py took 0.074 seconds
[2024-07-23T00:01:25.403+0000] {processor.py:153} INFO - Started process (PID=38654) to work on /home/airflow/.local/lib/python3.7/site-packages/airflow/example_dags/example_nested_branch_dag.py
[2024-07-23T00:01:25.405+0000] {processor.py:743} INFO - Processing file /home/airflow/.local/lib/python3.7/site-packages/airflow/example_dags/example_nested_branch_dag.py for tasks to queue
[2024-07-23T00:01:25.410+0000] {logging_mixin.py:137} INFO - [2024-07-23T00:01:25.410+0000] {dagbag.py:538} INFO - Filling up the DagBag from /home/airflow/.local/lib/python3.7/site-packages/airflow/example_dags/example_nested_branch_dag.py
[2024-07-23T00:01:25.433+0000] {processor.py:753} INFO - DAG(s) dict_keys(['example_nested_branch_dag']) retrieved from /home/airflow/.local/lib/python3.7/site-packages/airflow/example_dags/example_nested_branch_dag.py
[2024-07-23T00:01:25.483+0000] {logging_mixin.py:137} INFO - [2024-07-23T00:01:25.483+0000] {dag.py:2690} INFO - Sync 1 DAGs
[2024-07-23T00:01:25.505+0000] {logging_mixin.py:137} INFO - [2024-07-23T00:01:25.505+0000] {dag.py:3441} INFO - Setting next_dagrun for example_nested_branch_dag to 2024-07-22T00:00:00+00:00, run_after=2024-07-23T00:00:00+00:00
[2024-07-23T00:01:25.519+0000] {processor.py:175} INFO - Processing /home/airflow/.local/lib/python3.7/site-packages/airflow/example_dags/example_nested_branch_dag.py took 0.119 seconds
[2024-07-23T00:01:55.662+0000] {processor.py:153} INFO - Started process (PID=38725) to work on /home/airflow/.local/lib/python3.7/site-packages/airflow/example_dags/example_nested_branch_dag.py
[2024-07-23T00:01:55.662+0000] {processor.py:743} INFO - Processing file /home/airflow/.local/lib/python3.7/site-packages/airflow/example_dags/example_nested_branch_dag.py for tasks to queue
[2024-07-23T00:01:55.663+0000] {logging_mixin.py:137} INFO - [2024-07-23T00:01:55.663+0000] {dagbag.py:538} INFO - Filling up the DagBag from /home/airflow/.local/lib/python3.7/site-packages/airflow/example_dags/example_nested_branch_dag.py
[2024-07-23T00:01:55.678+0000] {processor.py:753} INFO - DAG(s) dict_keys(['example_nested_branch_dag']) retrieved from /home/airflow/.local/lib/python3.7/site-packages/airflow/example_dags/example_nested_branch_dag.py
[2024-07-23T00:01:55.697+0000] {logging_mixin.py:137} INFO - [2024-07-23T00:01:55.697+0000] {dag.py:2690} INFO - Sync 1 DAGs
[2024-07-23T00:01:55.713+0000] {logging_mixin.py:137} INFO - [2024-07-23T00:01:55.713+0000] {dag.py:3441} INFO - Setting next_dagrun for example_nested_branch_dag to 2024-07-22T00:00:00+00:00, run_after=2024-07-23T00:00:00+00:00
[2024-07-23T00:01:55.730+0000] {processor.py:175} INFO - Processing /home/airflow/.local/lib/python3.7/site-packages/airflow/example_dags/example_nested_branch_dag.py took 0.070 seconds
[2024-07-23T00:02:26.653+0000] {processor.py:153} INFO - Started process (PID=38812) to work on /home/airflow/.local/lib/python3.7/site-packages/airflow/example_dags/example_nested_branch_dag.py
[2024-07-23T00:02:26.654+0000] {processor.py:743} INFO - Processing file /home/airflow/.local/lib/python3.7/site-packages/airflow/example_dags/example_nested_branch_dag.py for tasks to queue
[2024-07-23T00:02:26.655+0000] {logging_mixin.py:137} INFO - [2024-07-23T00:02:26.655+0000] {dagbag.py:538} INFO - Filling up the DagBag from /home/airflow/.local/lib/python3.7/site-packages/airflow/example_dags/example_nested_branch_dag.py
[2024-07-23T00:02:26.669+0000] {processor.py:753} INFO - DAG(s) dict_keys(['example_nested_branch_dag']) retrieved from /home/airflow/.local/lib/python3.7/site-packages/airflow/example_dags/example_nested_branch_dag.py
[2024-07-23T00:02:26.687+0000] {logging_mixin.py:137} INFO - [2024-07-23T00:02:26.687+0000] {dag.py:2690} INFO - Sync 1 DAGs
[2024-07-23T00:02:26.703+0000] {logging_mixin.py:137} INFO - [2024-07-23T00:02:26.703+0000] {dag.py:3441} INFO - Setting next_dagrun for example_nested_branch_dag to 2024-07-22T00:00:00+00:00, run_after=2024-07-23T00:00:00+00:00
[2024-07-23T00:02:26.719+0000] {processor.py:175} INFO - Processing /home/airflow/.local/lib/python3.7/site-packages/airflow/example_dags/example_nested_branch_dag.py took 0.069 seconds
