[2024-07-23T00:00:23.025+0000] {processor.py:153} INFO - Started process (PID=38463) to work on /home/airflow/.local/lib/python3.7/site-packages/airflow/example_dags/example_short_circuit_operator.py
[2024-07-23T00:00:23.027+0000] {processor.py:743} INFO - Processing file /home/airflow/.local/lib/python3.7/site-packages/airflow/example_dags/example_short_circuit_operator.py for tasks to queue
[2024-07-23T00:00:23.029+0000] {logging_mixin.py:137} INFO - [2024-07-23T00:00:23.029+0000] {dagbag.py:538} INFO - Filling up the DagBag from /home/airflow/.local/lib/python3.7/site-packages/airflow/example_dags/example_short_circuit_operator.py
[2024-07-23T00:00:23.044+0000] {processor.py:753} INFO - DAG(s) dict_keys(['example_short_circuit_operator']) retrieved from /home/airflow/.local/lib/python3.7/site-packages/airflow/example_dags/example_short_circuit_operator.py
[2024-07-23T00:00:23.067+0000] {logging_mixin.py:137} INFO - [2024-07-23T00:00:23.067+0000] {dag.py:2690} INFO - Sync 1 DAGs
[2024-07-23T00:00:23.086+0000] {logging_mixin.py:137} INFO - [2024-07-23T00:00:23.086+0000] {dag.py:3441} INFO - Setting next_dagrun for example_short_circuit_operator to 2024-07-22T02:31:40.761213+00:00, run_after=2024-07-23T02:31:40.761213+00:00
[2024-07-23T00:00:23.104+0000] {processor.py:175} INFO - Processing /home/airflow/.local/lib/python3.7/site-packages/airflow/example_dags/example_short_circuit_operator.py took 0.081 seconds
[2024-07-23T00:00:53.250+0000] {processor.py:153} INFO - Started process (PID=38550) to work on /home/airflow/.local/lib/python3.7/site-packages/airflow/example_dags/example_short_circuit_operator.py
[2024-07-23T00:00:53.251+0000] {processor.py:743} INFO - Processing file /home/airflow/.local/lib/python3.7/site-packages/airflow/example_dags/example_short_circuit_operator.py for tasks to queue
[2024-07-23T00:00:53.252+0000] {logging_mixin.py:137} INFO - [2024-07-23T00:00:53.252+0000] {dagbag.py:538} INFO - Filling up the DagBag from /home/airflow/.local/lib/python3.7/site-packages/airflow/example_dags/example_short_circuit_operator.py
[2024-07-23T00:00:53.263+0000] {processor.py:753} INFO - DAG(s) dict_keys(['example_short_circuit_operator']) retrieved from /home/airflow/.local/lib/python3.7/site-packages/airflow/example_dags/example_short_circuit_operator.py
[2024-07-23T00:00:53.284+0000] {logging_mixin.py:137} INFO - [2024-07-23T00:00:53.284+0000] {dag.py:2690} INFO - Sync 1 DAGs
[2024-07-23T00:00:53.301+0000] {logging_mixin.py:137} INFO - [2024-07-23T00:00:53.300+0000] {dag.py:3441} INFO - Setting next_dagrun for example_short_circuit_operator to 2024-07-22T02:31:40.761213+00:00, run_after=2024-07-23T02:31:40.761213+00:00
[2024-07-23T00:00:53.315+0000] {processor.py:175} INFO - Processing /home/airflow/.local/lib/python3.7/site-packages/airflow/example_dags/example_short_circuit_operator.py took 0.067 seconds
[2024-07-23T00:01:24.542+0000] {processor.py:153} INFO - Started process (PID=38637) to work on /home/airflow/.local/lib/python3.7/site-packages/airflow/example_dags/example_short_circuit_operator.py
[2024-07-23T00:01:24.543+0000] {processor.py:743} INFO - Processing file /home/airflow/.local/lib/python3.7/site-packages/airflow/example_dags/example_short_circuit_operator.py for tasks to queue
[2024-07-23T00:01:24.544+0000] {logging_mixin.py:137} INFO - [2024-07-23T00:01:24.544+0000] {dagbag.py:538} INFO - Filling up the DagBag from /home/airflow/.local/lib/python3.7/site-packages/airflow/example_dags/example_short_circuit_operator.py
[2024-07-23T00:01:24.556+0000] {processor.py:753} INFO - DAG(s) dict_keys(['example_short_circuit_operator']) retrieved from /home/airflow/.local/lib/python3.7/site-packages/airflow/example_dags/example_short_circuit_operator.py
[2024-07-23T00:01:24.579+0000] {logging_mixin.py:137} INFO - [2024-07-23T00:01:24.579+0000] {dag.py:2690} INFO - Sync 1 DAGs
[2024-07-23T00:01:24.600+0000] {logging_mixin.py:137} INFO - [2024-07-23T00:01:24.600+0000] {dag.py:3441} INFO - Setting next_dagrun for example_short_circuit_operator to 2024-07-22T02:31:40.761213+00:00, run_after=2024-07-23T02:31:40.761213+00:00
[2024-07-23T00:01:24.622+0000] {processor.py:175} INFO - Processing /home/airflow/.local/lib/python3.7/site-packages/airflow/example_dags/example_short_circuit_operator.py took 0.083 seconds
[2024-07-23T00:01:54.775+0000] {processor.py:153} INFO - Started process (PID=38708) to work on /home/airflow/.local/lib/python3.7/site-packages/airflow/example_dags/example_short_circuit_operator.py
[2024-07-23T00:01:54.776+0000] {processor.py:743} INFO - Processing file /home/airflow/.local/lib/python3.7/site-packages/airflow/example_dags/example_short_circuit_operator.py for tasks to queue
[2024-07-23T00:01:54.776+0000] {logging_mixin.py:137} INFO - [2024-07-23T00:01:54.776+0000] {dagbag.py:538} INFO - Filling up the DagBag from /home/airflow/.local/lib/python3.7/site-packages/airflow/example_dags/example_short_circuit_operator.py
[2024-07-23T00:01:54.788+0000] {processor.py:753} INFO - DAG(s) dict_keys(['example_short_circuit_operator']) retrieved from /home/airflow/.local/lib/python3.7/site-packages/airflow/example_dags/example_short_circuit_operator.py
[2024-07-23T00:01:54.804+0000] {logging_mixin.py:137} INFO - [2024-07-23T00:01:54.804+0000] {dag.py:2690} INFO - Sync 1 DAGs
[2024-07-23T00:01:54.817+0000] {logging_mixin.py:137} INFO - [2024-07-23T00:01:54.817+0000] {dag.py:3441} INFO - Setting next_dagrun for example_short_circuit_operator to 2024-07-22T02:31:40.761213+00:00, run_after=2024-07-23T02:31:40.761213+00:00
[2024-07-23T00:01:54.830+0000] {processor.py:175} INFO - Processing /home/airflow/.local/lib/python3.7/site-packages/airflow/example_dags/example_short_circuit_operator.py took 0.057 seconds
[2024-07-23T00:02:24.897+0000] {processor.py:153} INFO - Started process (PID=38795) to work on /home/airflow/.local/lib/python3.7/site-packages/airflow/example_dags/example_short_circuit_operator.py
[2024-07-23T00:02:24.898+0000] {processor.py:743} INFO - Processing file /home/airflow/.local/lib/python3.7/site-packages/airflow/example_dags/example_short_circuit_operator.py for tasks to queue
[2024-07-23T00:02:24.898+0000] {logging_mixin.py:137} INFO - [2024-07-23T00:02:24.898+0000] {dagbag.py:538} INFO - Filling up the DagBag from /home/airflow/.local/lib/python3.7/site-packages/airflow/example_dags/example_short_circuit_operator.py
[2024-07-23T00:02:24.909+0000] {processor.py:753} INFO - DAG(s) dict_keys(['example_short_circuit_operator']) retrieved from /home/airflow/.local/lib/python3.7/site-packages/airflow/example_dags/example_short_circuit_operator.py
[2024-07-23T00:02:24.925+0000] {logging_mixin.py:137} INFO - [2024-07-23T00:02:24.925+0000] {dag.py:2690} INFO - Sync 1 DAGs
[2024-07-23T00:02:24.939+0000] {logging_mixin.py:137} INFO - [2024-07-23T00:02:24.939+0000] {dag.py:3441} INFO - Setting next_dagrun for example_short_circuit_operator to 2024-07-22T02:31:40.761213+00:00, run_after=2024-07-23T02:31:40.761213+00:00
[2024-07-23T00:02:24.958+0000] {processor.py:175} INFO - Processing /home/airflow/.local/lib/python3.7/site-packages/airflow/example_dags/example_short_circuit_operator.py took 0.064 seconds
