[2024-07-23T00:00:23.764+0000] {processor.py:153} INFO - Started process (PID=38477) to work on /home/airflow/.local/lib/python3.7/site-packages/airflow/example_dags/example_dag_decorator.py
[2024-07-23T00:00:23.765+0000] {processor.py:743} INFO - Processing file /home/airflow/.local/lib/python3.7/site-packages/airflow/example_dags/example_dag_decorator.py for tasks to queue
[2024-07-23T00:00:23.766+0000] {logging_mixin.py:137} INFO - [2024-07-23T00:00:23.766+0000] {dagbag.py:538} INFO - Filling up the DagBag from /home/airflow/.local/lib/python3.7/site-packages/airflow/example_dags/example_dag_decorator.py
[2024-07-23T00:00:23.779+0000] {logging_mixin.py:137} INFO - [2024-07-23T00:00:23.779+0000] {taskmixin.py:205} WARNING - Dependency <Task(_PythonDecoratedOperator): prepare_email>, send_email already registered for DAG: example_dag_decorator
[2024-07-23T00:00:23.782+0000] {logging_mixin.py:137} INFO - [2024-07-23T00:00:23.782+0000] {taskmixin.py:205} WARNING - Dependency <Task(EmailOperator): send_email>, prepare_email already registered for DAG: example_dag_decorator
[2024-07-23T00:00:23.792+0000] {processor.py:753} INFO - DAG(s) dict_keys(['example_dag_decorator']) retrieved from /home/airflow/.local/lib/python3.7/site-packages/airflow/example_dags/example_dag_decorator.py
[2024-07-23T00:00:23.838+0000] {logging_mixin.py:137} INFO - [2024-07-23T00:00:23.838+0000] {dag.py:2690} INFO - Sync 1 DAGs
[2024-07-23T00:00:23.859+0000] {logging_mixin.py:137} INFO - [2024-07-23T00:00:23.859+0000] {dag.py:3441} INFO - Setting next_dagrun for example_dag_decorator to None, run_after=None
[2024-07-23T00:00:23.879+0000] {processor.py:175} INFO - Processing /home/airflow/.local/lib/python3.7/site-packages/airflow/example_dags/example_dag_decorator.py took 0.117 seconds
[2024-07-23T00:00:53.949+0000] {processor.py:153} INFO - Started process (PID=38564) to work on /home/airflow/.local/lib/python3.7/site-packages/airflow/example_dags/example_dag_decorator.py
[2024-07-23T00:00:53.949+0000] {processor.py:743} INFO - Processing file /home/airflow/.local/lib/python3.7/site-packages/airflow/example_dags/example_dag_decorator.py for tasks to queue
[2024-07-23T00:00:53.950+0000] {logging_mixin.py:137} INFO - [2024-07-23T00:00:53.950+0000] {dagbag.py:538} INFO - Filling up the DagBag from /home/airflow/.local/lib/python3.7/site-packages/airflow/example_dags/example_dag_decorator.py
[2024-07-23T00:00:53.959+0000] {logging_mixin.py:137} INFO - [2024-07-23T00:00:53.959+0000] {taskmixin.py:205} WARNING - Dependency <Task(_PythonDecoratedOperator): prepare_email>, send_email already registered for DAG: example_dag_decorator
[2024-07-23T00:00:53.960+0000] {logging_mixin.py:137} INFO - [2024-07-23T00:00:53.960+0000] {taskmixin.py:205} WARNING - Dependency <Task(EmailOperator): send_email>, prepare_email already registered for DAG: example_dag_decorator
[2024-07-23T00:00:53.969+0000] {processor.py:753} INFO - DAG(s) dict_keys(['example_dag_decorator']) retrieved from /home/airflow/.local/lib/python3.7/site-packages/airflow/example_dags/example_dag_decorator.py
[2024-07-23T00:00:54.010+0000] {logging_mixin.py:137} INFO - [2024-07-23T00:00:54.010+0000] {dag.py:2690} INFO - Sync 1 DAGs
[2024-07-23T00:00:54.026+0000] {logging_mixin.py:137} INFO - [2024-07-23T00:00:54.026+0000] {dag.py:3441} INFO - Setting next_dagrun for example_dag_decorator to None, run_after=None
[2024-07-23T00:00:54.042+0000] {processor.py:175} INFO - Processing /home/airflow/.local/lib/python3.7/site-packages/airflow/example_dags/example_dag_decorator.py took 0.096 seconds
[2024-07-23T00:01:25.240+0000] {processor.py:153} INFO - Started process (PID=38651) to work on /home/airflow/.local/lib/python3.7/site-packages/airflow/example_dags/example_dag_decorator.py
[2024-07-23T00:01:25.241+0000] {processor.py:743} INFO - Processing file /home/airflow/.local/lib/python3.7/site-packages/airflow/example_dags/example_dag_decorator.py for tasks to queue
[2024-07-23T00:01:25.241+0000] {logging_mixin.py:137} INFO - [2024-07-23T00:01:25.241+0000] {dagbag.py:538} INFO - Filling up the DagBag from /home/airflow/.local/lib/python3.7/site-packages/airflow/example_dags/example_dag_decorator.py
[2024-07-23T00:01:25.255+0000] {logging_mixin.py:137} INFO - [2024-07-23T00:01:25.255+0000] {taskmixin.py:205} WARNING - Dependency <Task(_PythonDecoratedOperator): prepare_email>, send_email already registered for DAG: example_dag_decorator
[2024-07-23T00:01:25.255+0000] {logging_mixin.py:137} INFO - [2024-07-23T00:01:25.255+0000] {taskmixin.py:205} WARNING - Dependency <Task(EmailOperator): send_email>, prepare_email already registered for DAG: example_dag_decorator
[2024-07-23T00:01:25.262+0000] {processor.py:753} INFO - DAG(s) dict_keys(['example_dag_decorator']) retrieved from /home/airflow/.local/lib/python3.7/site-packages/airflow/example_dags/example_dag_decorator.py
[2024-07-23T00:01:25.313+0000] {logging_mixin.py:137} INFO - [2024-07-23T00:01:25.313+0000] {dag.py:2690} INFO - Sync 1 DAGs
[2024-07-23T00:01:25.329+0000] {logging_mixin.py:137} INFO - [2024-07-23T00:01:25.329+0000] {dag.py:3441} INFO - Setting next_dagrun for example_dag_decorator to None, run_after=None
[2024-07-23T00:01:25.347+0000] {processor.py:175} INFO - Processing /home/airflow/.local/lib/python3.7/site-packages/airflow/example_dags/example_dag_decorator.py took 0.109 seconds
[2024-07-23T00:01:55.493+0000] {processor.py:153} INFO - Started process (PID=38722) to work on /home/airflow/.local/lib/python3.7/site-packages/airflow/example_dags/example_dag_decorator.py
[2024-07-23T00:01:55.494+0000] {processor.py:743} INFO - Processing file /home/airflow/.local/lib/python3.7/site-packages/airflow/example_dags/example_dag_decorator.py for tasks to queue
[2024-07-23T00:01:55.495+0000] {logging_mixin.py:137} INFO - [2024-07-23T00:01:55.495+0000] {dagbag.py:538} INFO - Filling up the DagBag from /home/airflow/.local/lib/python3.7/site-packages/airflow/example_dags/example_dag_decorator.py
[2024-07-23T00:01:55.505+0000] {logging_mixin.py:137} INFO - [2024-07-23T00:01:55.504+0000] {taskmixin.py:205} WARNING - Dependency <Task(_PythonDecoratedOperator): prepare_email>, send_email already registered for DAG: example_dag_decorator
[2024-07-23T00:01:55.506+0000] {logging_mixin.py:137} INFO - [2024-07-23T00:01:55.506+0000] {taskmixin.py:205} WARNING - Dependency <Task(EmailOperator): send_email>, prepare_email already registered for DAG: example_dag_decorator
[2024-07-23T00:01:55.517+0000] {processor.py:753} INFO - DAG(s) dict_keys(['example_dag_decorator']) retrieved from /home/airflow/.local/lib/python3.7/site-packages/airflow/example_dags/example_dag_decorator.py
[2024-07-23T00:01:55.558+0000] {logging_mixin.py:137} INFO - [2024-07-23T00:01:55.558+0000] {dag.py:2690} INFO - Sync 1 DAGs
[2024-07-23T00:01:55.571+0000] {logging_mixin.py:137} INFO - [2024-07-23T00:01:55.571+0000] {dag.py:3441} INFO - Setting next_dagrun for example_dag_decorator to None, run_after=None
[2024-07-23T00:01:55.584+0000] {processor.py:175} INFO - Processing /home/airflow/.local/lib/python3.7/site-packages/airflow/example_dags/example_dag_decorator.py took 0.093 seconds
[2024-07-23T00:02:26.509+0000] {processor.py:153} INFO - Started process (PID=38809) to work on /home/airflow/.local/lib/python3.7/site-packages/airflow/example_dags/example_dag_decorator.py
[2024-07-23T00:02:26.510+0000] {processor.py:743} INFO - Processing file /home/airflow/.local/lib/python3.7/site-packages/airflow/example_dags/example_dag_decorator.py for tasks to queue
[2024-07-23T00:02:26.510+0000] {logging_mixin.py:137} INFO - [2024-07-23T00:02:26.510+0000] {dagbag.py:538} INFO - Filling up the DagBag from /home/airflow/.local/lib/python3.7/site-packages/airflow/example_dags/example_dag_decorator.py
[2024-07-23T00:02:26.521+0000] {logging_mixin.py:137} INFO - [2024-07-23T00:02:26.521+0000] {taskmixin.py:205} WARNING - Dependency <Task(_PythonDecoratedOperator): prepare_email>, send_email already registered for DAG: example_dag_decorator
[2024-07-23T00:02:26.522+0000] {logging_mixin.py:137} INFO - [2024-07-23T00:02:26.522+0000] {taskmixin.py:205} WARNING - Dependency <Task(EmailOperator): send_email>, prepare_email already registered for DAG: example_dag_decorator
[2024-07-23T00:02:26.529+0000] {processor.py:753} INFO - DAG(s) dict_keys(['example_dag_decorator']) retrieved from /home/airflow/.local/lib/python3.7/site-packages/airflow/example_dags/example_dag_decorator.py
[2024-07-23T00:02:26.572+0000] {logging_mixin.py:137} INFO - [2024-07-23T00:02:26.572+0000] {dag.py:2690} INFO - Sync 1 DAGs
[2024-07-23T00:02:26.585+0000] {logging_mixin.py:137} INFO - [2024-07-23T00:02:26.585+0000] {dag.py:3441} INFO - Setting next_dagrun for example_dag_decorator to None, run_after=None
[2024-07-23T00:02:26.605+0000] {processor.py:175} INFO - Processing /home/airflow/.local/lib/python3.7/site-packages/airflow/example_dags/example_dag_decorator.py took 0.098 seconds
