[2024-07-23T00:00:23.988+0000] {processor.py:153} INFO - Started process (PID=38481) to work on /home/airflow/.local/lib/python3.7/site-packages/airflow/example_dags/example_short_circuit_decorator.py
[2024-07-23T00:00:23.989+0000] {processor.py:743} INFO - Processing file /home/airflow/.local/lib/python3.7/site-packages/airflow/example_dags/example_short_circuit_decorator.py for tasks to queue
[2024-07-23T00:00:23.989+0000] {logging_mixin.py:137} INFO - [2024-07-23T00:00:23.989+0000] {dagbag.py:538} INFO - Filling up the DagBag from /home/airflow/.local/lib/python3.7/site-packages/airflow/example_dags/example_short_circuit_decorator.py
[2024-07-23T00:00:24.005+0000] {processor.py:753} INFO - DAG(s) dict_keys(['example_short_circuit_decorator']) retrieved from /home/airflow/.local/lib/python3.7/site-packages/airflow/example_dags/example_short_circuit_decorator.py
[2024-07-23T00:00:24.025+0000] {logging_mixin.py:137} INFO - [2024-07-23T00:00:24.025+0000] {dag.py:2690} INFO - Sync 1 DAGs
[2024-07-23T00:00:24.041+0000] {logging_mixin.py:137} INFO - [2024-07-23T00:00:24.041+0000] {dag.py:3441} INFO - Setting next_dagrun for example_short_circuit_decorator to 2024-07-22T02:31:44.126779+00:00, run_after=2024-07-23T02:31:44.126779+00:00
[2024-07-23T00:00:24.056+0000] {processor.py:175} INFO - Processing /home/airflow/.local/lib/python3.7/site-packages/airflow/example_dags/example_short_circuit_decorator.py took 0.071 seconds
[2024-07-23T00:00:54.101+0000] {processor.py:153} INFO - Started process (PID=38568) to work on /home/airflow/.local/lib/python3.7/site-packages/airflow/example_dags/example_short_circuit_decorator.py
[2024-07-23T00:00:54.103+0000] {processor.py:743} INFO - Processing file /home/airflow/.local/lib/python3.7/site-packages/airflow/example_dags/example_short_circuit_decorator.py for tasks to queue
[2024-07-23T00:00:54.104+0000] {logging_mixin.py:137} INFO - [2024-07-23T00:00:54.104+0000] {dagbag.py:538} INFO - Filling up the DagBag from /home/airflow/.local/lib/python3.7/site-packages/airflow/example_dags/example_short_circuit_decorator.py
[2024-07-23T00:00:54.119+0000] {processor.py:753} INFO - DAG(s) dict_keys(['example_short_circuit_decorator']) retrieved from /home/airflow/.local/lib/python3.7/site-packages/airflow/example_dags/example_short_circuit_decorator.py
[2024-07-23T00:00:54.138+0000] {logging_mixin.py:137} INFO - [2024-07-23T00:00:54.138+0000] {dag.py:2690} INFO - Sync 1 DAGs
[2024-07-23T00:00:54.154+0000] {logging_mixin.py:137} INFO - [2024-07-23T00:00:54.154+0000] {dag.py:3441} INFO - Setting next_dagrun for example_short_circuit_decorator to 2024-07-22T02:31:44.126779+00:00, run_after=2024-07-23T02:31:44.126779+00:00
[2024-07-23T00:00:54.177+0000] {processor.py:175} INFO - Processing /home/airflow/.local/lib/python3.7/site-packages/airflow/example_dags/example_short_circuit_decorator.py took 0.078 seconds
[2024-07-23T00:01:25.495+0000] {processor.py:153} INFO - Started process (PID=38655) to work on /home/airflow/.local/lib/python3.7/site-packages/airflow/example_dags/example_short_circuit_decorator.py
[2024-07-23T00:01:25.497+0000] {processor.py:743} INFO - Processing file /home/airflow/.local/lib/python3.7/site-packages/airflow/example_dags/example_short_circuit_decorator.py for tasks to queue
[2024-07-23T00:01:25.499+0000] {logging_mixin.py:137} INFO - [2024-07-23T00:01:25.499+0000] {dagbag.py:538} INFO - Filling up the DagBag from /home/airflow/.local/lib/python3.7/site-packages/airflow/example_dags/example_short_circuit_decorator.py
[2024-07-23T00:01:25.516+0000] {processor.py:753} INFO - DAG(s) dict_keys(['example_short_circuit_decorator']) retrieved from /home/airflow/.local/lib/python3.7/site-packages/airflow/example_dags/example_short_circuit_decorator.py
[2024-07-23T00:01:25.533+0000] {logging_mixin.py:137} INFO - [2024-07-23T00:01:25.533+0000] {dag.py:2690} INFO - Sync 1 DAGs
[2024-07-23T00:01:25.549+0000] {logging_mixin.py:137} INFO - [2024-07-23T00:01:25.548+0000] {dag.py:3441} INFO - Setting next_dagrun for example_short_circuit_decorator to 2024-07-22T02:31:44.126779+00:00, run_after=2024-07-23T02:31:44.126779+00:00
[2024-07-23T00:01:25.565+0000] {processor.py:175} INFO - Processing /home/airflow/.local/lib/python3.7/site-packages/airflow/example_dags/example_short_circuit_decorator.py took 0.072 seconds
[2024-07-23T00:01:55.665+0000] {processor.py:153} INFO - Started process (PID=38726) to work on /home/airflow/.local/lib/python3.7/site-packages/airflow/example_dags/example_short_circuit_decorator.py
[2024-07-23T00:01:55.666+0000] {processor.py:743} INFO - Processing file /home/airflow/.local/lib/python3.7/site-packages/airflow/example_dags/example_short_circuit_decorator.py for tasks to queue
[2024-07-23T00:01:55.667+0000] {logging_mixin.py:137} INFO - [2024-07-23T00:01:55.667+0000] {dagbag.py:538} INFO - Filling up the DagBag from /home/airflow/.local/lib/python3.7/site-packages/airflow/example_dags/example_short_circuit_decorator.py
[2024-07-23T00:01:55.682+0000] {processor.py:753} INFO - DAG(s) dict_keys(['example_short_circuit_decorator']) retrieved from /home/airflow/.local/lib/python3.7/site-packages/airflow/example_dags/example_short_circuit_decorator.py
[2024-07-23T00:01:55.700+0000] {logging_mixin.py:137} INFO - [2024-07-23T00:01:55.700+0000] {dag.py:2690} INFO - Sync 1 DAGs
[2024-07-23T00:01:55.717+0000] {logging_mixin.py:137} INFO - [2024-07-23T00:01:55.717+0000] {dag.py:3441} INFO - Setting next_dagrun for example_short_circuit_decorator to 2024-07-22T02:31:44.126779+00:00, run_after=2024-07-23T02:31:44.126779+00:00
[2024-07-23T00:01:55.735+0000] {processor.py:175} INFO - Processing /home/airflow/.local/lib/python3.7/site-packages/airflow/example_dags/example_short_circuit_decorator.py took 0.072 seconds
[2024-07-23T00:02:26.702+0000] {processor.py:153} INFO - Started process (PID=38813) to work on /home/airflow/.local/lib/python3.7/site-packages/airflow/example_dags/example_short_circuit_decorator.py
[2024-07-23T00:02:26.704+0000] {processor.py:743} INFO - Processing file /home/airflow/.local/lib/python3.7/site-packages/airflow/example_dags/example_short_circuit_decorator.py for tasks to queue
[2024-07-23T00:02:26.704+0000] {logging_mixin.py:137} INFO - [2024-07-23T00:02:26.704+0000] {dagbag.py:538} INFO - Filling up the DagBag from /home/airflow/.local/lib/python3.7/site-packages/airflow/example_dags/example_short_circuit_decorator.py
[2024-07-23T00:02:26.720+0000] {processor.py:753} INFO - DAG(s) dict_keys(['example_short_circuit_decorator']) retrieved from /home/airflow/.local/lib/python3.7/site-packages/airflow/example_dags/example_short_circuit_decorator.py
[2024-07-23T00:02:26.735+0000] {logging_mixin.py:137} INFO - [2024-07-23T00:02:26.735+0000] {dag.py:2690} INFO - Sync 1 DAGs
[2024-07-23T00:02:26.749+0000] {logging_mixin.py:137} INFO - [2024-07-23T00:02:26.749+0000] {dag.py:3441} INFO - Setting next_dagrun for example_short_circuit_decorator to 2024-07-22T02:31:44.126779+00:00, run_after=2024-07-23T02:31:44.126779+00:00
[2024-07-23T00:02:26.764+0000] {processor.py:175} INFO - Processing /home/airflow/.local/lib/python3.7/site-packages/airflow/example_dags/example_short_circuit_decorator.py took 0.064 seconds
