[2024-07-23T00:00:23.838+0000] {processor.py:153} INFO - Started process (PID=38478) to work on /home/airflow/.local/lib/python3.7/site-packages/airflow/example_dags/example_branch_labels.py
[2024-07-23T00:00:23.839+0000] {processor.py:743} INFO - Processing file /home/airflow/.local/lib/python3.7/site-packages/airflow/example_dags/example_branch_labels.py for tasks to queue
[2024-07-23T00:00:23.843+0000] {logging_mixin.py:137} INFO - [2024-07-23T00:00:23.842+0000] {dagbag.py:538} INFO - Filling up the DagBag from /home/airflow/.local/lib/python3.7/site-packages/airflow/example_dags/example_branch_labels.py
[2024-07-23T00:00:23.855+0000] {processor.py:753} INFO - DAG(s) dict_keys(['example_branch_labels']) retrieved from /home/airflow/.local/lib/python3.7/site-packages/airflow/example_dags/example_branch_labels.py
[2024-07-23T00:00:23.878+0000] {logging_mixin.py:137} INFO - [2024-07-23T00:00:23.878+0000] {dag.py:2690} INFO - Sync 1 DAGs
[2024-07-23T00:00:23.895+0000] {logging_mixin.py:137} INFO - [2024-07-23T00:00:23.895+0000] {dag.py:3441} INFO - Setting next_dagrun for example_branch_labels to 2024-07-22T00:00:00+00:00, run_after=2024-07-23T00:00:00+00:00
[2024-07-23T00:00:23.905+0000] {processor.py:175} INFO - Processing /home/airflow/.local/lib/python3.7/site-packages/airflow/example_dags/example_branch_labels.py took 0.069 seconds
[2024-07-23T00:00:53.949+0000] {processor.py:153} INFO - Started process (PID=38565) to work on /home/airflow/.local/lib/python3.7/site-packages/airflow/example_dags/example_branch_labels.py
[2024-07-23T00:00:53.949+0000] {processor.py:743} INFO - Processing file /home/airflow/.local/lib/python3.7/site-packages/airflow/example_dags/example_branch_labels.py for tasks to queue
[2024-07-23T00:00:53.950+0000] {logging_mixin.py:137} INFO - [2024-07-23T00:00:53.950+0000] {dagbag.py:538} INFO - Filling up the DagBag from /home/airflow/.local/lib/python3.7/site-packages/airflow/example_dags/example_branch_labels.py
[2024-07-23T00:00:53.959+0000] {processor.py:753} INFO - DAG(s) dict_keys(['example_branch_labels']) retrieved from /home/airflow/.local/lib/python3.7/site-packages/airflow/example_dags/example_branch_labels.py
[2024-07-23T00:00:53.975+0000] {logging_mixin.py:137} INFO - [2024-07-23T00:00:53.975+0000] {dag.py:2690} INFO - Sync 1 DAGs
[2024-07-23T00:00:53.991+0000] {logging_mixin.py:137} INFO - [2024-07-23T00:00:53.991+0000] {dag.py:3441} INFO - Setting next_dagrun for example_branch_labels to 2024-07-22T00:00:00+00:00, run_after=2024-07-23T00:00:00+00:00
[2024-07-23T00:00:54.009+0000] {processor.py:175} INFO - Processing /home/airflow/.local/lib/python3.7/site-packages/airflow/example_dags/example_branch_labels.py took 0.063 seconds
[2024-07-23T00:01:25.311+0000] {processor.py:153} INFO - Started process (PID=38652) to work on /home/airflow/.local/lib/python3.7/site-packages/airflow/example_dags/example_branch_labels.py
[2024-07-23T00:01:25.312+0000] {processor.py:743} INFO - Processing file /home/airflow/.local/lib/python3.7/site-packages/airflow/example_dags/example_branch_labels.py for tasks to queue
[2024-07-23T00:01:25.313+0000] {logging_mixin.py:137} INFO - [2024-07-23T00:01:25.313+0000] {dagbag.py:538} INFO - Filling up the DagBag from /home/airflow/.local/lib/python3.7/site-packages/airflow/example_dags/example_branch_labels.py
[2024-07-23T00:01:25.323+0000] {processor.py:753} INFO - DAG(s) dict_keys(['example_branch_labels']) retrieved from /home/airflow/.local/lib/python3.7/site-packages/airflow/example_dags/example_branch_labels.py
[2024-07-23T00:01:25.347+0000] {logging_mixin.py:137} INFO - [2024-07-23T00:01:25.347+0000] {dag.py:2690} INFO - Sync 1 DAGs
[2024-07-23T00:01:25.366+0000] {logging_mixin.py:137} INFO - [2024-07-23T00:01:25.365+0000] {dag.py:3441} INFO - Setting next_dagrun for example_branch_labels to 2024-07-22T00:00:00+00:00, run_after=2024-07-23T00:00:00+00:00
[2024-07-23T00:01:25.384+0000] {processor.py:175} INFO - Processing /home/airflow/.local/lib/python3.7/site-packages/airflow/example_dags/example_branch_labels.py took 0.075 seconds
[2024-07-23T00:01:55.533+0000] {processor.py:153} INFO - Started process (PID=38723) to work on /home/airflow/.local/lib/python3.7/site-packages/airflow/example_dags/example_branch_labels.py
[2024-07-23T00:01:55.536+0000] {processor.py:743} INFO - Processing file /home/airflow/.local/lib/python3.7/site-packages/airflow/example_dags/example_branch_labels.py for tasks to queue
[2024-07-23T00:01:55.537+0000] {logging_mixin.py:137} INFO - [2024-07-23T00:01:55.537+0000] {dagbag.py:538} INFO - Filling up the DagBag from /home/airflow/.local/lib/python3.7/site-packages/airflow/example_dags/example_branch_labels.py
[2024-07-23T00:01:55.545+0000] {processor.py:753} INFO - DAG(s) dict_keys(['example_branch_labels']) retrieved from /home/airflow/.local/lib/python3.7/site-packages/airflow/example_dags/example_branch_labels.py
[2024-07-23T00:01:55.561+0000] {logging_mixin.py:137} INFO - [2024-07-23T00:01:55.561+0000] {dag.py:2690} INFO - Sync 1 DAGs
[2024-07-23T00:01:55.577+0000] {logging_mixin.py:137} INFO - [2024-07-23T00:01:55.577+0000] {dag.py:3441} INFO - Setting next_dagrun for example_branch_labels to 2024-07-22T00:00:00+00:00, run_after=2024-07-23T00:00:00+00:00
[2024-07-23T00:01:55.589+0000] {processor.py:175} INFO - Processing /home/airflow/.local/lib/python3.7/site-packages/airflow/example_dags/example_branch_labels.py took 0.058 seconds
[2024-07-23T00:02:26.579+0000] {processor.py:153} INFO - Started process (PID=38810) to work on /home/airflow/.local/lib/python3.7/site-packages/airflow/example_dags/example_branch_labels.py
[2024-07-23T00:02:26.582+0000] {processor.py:743} INFO - Processing file /home/airflow/.local/lib/python3.7/site-packages/airflow/example_dags/example_branch_labels.py for tasks to queue
[2024-07-23T00:02:26.583+0000] {logging_mixin.py:137} INFO - [2024-07-23T00:02:26.583+0000] {dagbag.py:538} INFO - Filling up the DagBag from /home/airflow/.local/lib/python3.7/site-packages/airflow/example_dags/example_branch_labels.py
[2024-07-23T00:02:26.591+0000] {processor.py:753} INFO - DAG(s) dict_keys(['example_branch_labels']) retrieved from /home/airflow/.local/lib/python3.7/site-packages/airflow/example_dags/example_branch_labels.py
[2024-07-23T00:02:26.608+0000] {logging_mixin.py:137} INFO - [2024-07-23T00:02:26.608+0000] {dag.py:2690} INFO - Sync 1 DAGs
[2024-07-23T00:02:26.622+0000] {logging_mixin.py:137} INFO - [2024-07-23T00:02:26.622+0000] {dag.py:3441} INFO - Setting next_dagrun for example_branch_labels to 2024-07-22T00:00:00+00:00, run_after=2024-07-23T00:00:00+00:00
[2024-07-23T00:02:26.633+0000] {processor.py:175} INFO - Processing /home/airflow/.local/lib/python3.7/site-packages/airflow/example_dags/example_branch_labels.py took 0.056 seconds
