[2024-07-23T00:00:22.853+0000] {processor.py:153} INFO - Started process (PID=38458) to work on /home/airflow/.local/lib/python3.7/site-packages/airflow/example_dags/example_latest_only_with_trigger.py
[2024-07-23T00:00:22.857+0000] {processor.py:743} INFO - Processing file /home/airflow/.local/lib/python3.7/site-packages/airflow/example_dags/example_latest_only_with_trigger.py for tasks to queue
[2024-07-23T00:00:22.858+0000] {logging_mixin.py:137} INFO - [2024-07-23T00:00:22.858+0000] {dagbag.py:538} INFO - Filling up the DagBag from /home/airflow/.local/lib/python3.7/site-packages/airflow/example_dags/example_latest_only_with_trigger.py
[2024-07-23T00:00:22.866+0000] {processor.py:753} INFO - DAG(s) dict_keys(['latest_only_with_trigger']) retrieved from /home/airflow/.local/lib/python3.7/site-packages/airflow/example_dags/example_latest_only_with_trigger.py
[2024-07-23T00:00:22.889+0000] {logging_mixin.py:137} INFO - [2024-07-23T00:00:22.889+0000] {dag.py:2690} INFO - Sync 1 DAGs
[2024-07-23T00:00:22.909+0000] {logging_mixin.py:137} INFO - [2024-07-23T00:00:22.909+0000] {dag.py:3441} INFO - Setting next_dagrun for latest_only_with_trigger to 2024-07-22T20:00:22.909034+00:00, run_after=2024-07-23T00:00:22.909034+00:00
[2024-07-23T00:00:22.927+0000] {processor.py:175} INFO - Processing /home/airflow/.local/lib/python3.7/site-packages/airflow/example_dags/example_latest_only_with_trigger.py took 0.076 seconds
[2024-07-23T00:00:53.002+0000] {processor.py:153} INFO - Started process (PID=38545) to work on /home/airflow/.local/lib/python3.7/site-packages/airflow/example_dags/example_latest_only_with_trigger.py
[2024-07-23T00:00:53.002+0000] {processor.py:743} INFO - Processing file /home/airflow/.local/lib/python3.7/site-packages/airflow/example_dags/example_latest_only_with_trigger.py for tasks to queue
[2024-07-23T00:00:53.003+0000] {logging_mixin.py:137} INFO - [2024-07-23T00:00:53.003+0000] {dagbag.py:538} INFO - Filling up the DagBag from /home/airflow/.local/lib/python3.7/site-packages/airflow/example_dags/example_latest_only_with_trigger.py
[2024-07-23T00:00:53.011+0000] {processor.py:753} INFO - DAG(s) dict_keys(['latest_only_with_trigger']) retrieved from /home/airflow/.local/lib/python3.7/site-packages/airflow/example_dags/example_latest_only_with_trigger.py
[2024-07-23T00:00:53.033+0000] {logging_mixin.py:137} INFO - [2024-07-23T00:00:53.033+0000] {dag.py:2690} INFO - Sync 1 DAGs
[2024-07-23T00:00:53.047+0000] {logging_mixin.py:137} INFO - [2024-07-23T00:00:53.047+0000] {dag.py:3441} INFO - Setting next_dagrun for latest_only_with_trigger to 2024-07-22T20:00:53.047497+00:00, run_after=2024-07-23T00:00:53.047497+00:00
[2024-07-23T00:00:53.064+0000] {processor.py:175} INFO - Processing /home/airflow/.local/lib/python3.7/site-packages/airflow/example_dags/example_latest_only_with_trigger.py took 0.064 seconds
[2024-07-23T00:01:24.267+0000] {processor.py:153} INFO - Started process (PID=38632) to work on /home/airflow/.local/lib/python3.7/site-packages/airflow/example_dags/example_latest_only_with_trigger.py
[2024-07-23T00:01:24.273+0000] {processor.py:743} INFO - Processing file /home/airflow/.local/lib/python3.7/site-packages/airflow/example_dags/example_latest_only_with_trigger.py for tasks to queue
[2024-07-23T00:01:24.274+0000] {logging_mixin.py:137} INFO - [2024-07-23T00:01:24.274+0000] {dagbag.py:538} INFO - Filling up the DagBag from /home/airflow/.local/lib/python3.7/site-packages/airflow/example_dags/example_latest_only_with_trigger.py
[2024-07-23T00:01:24.298+0000] {processor.py:753} INFO - DAG(s) dict_keys(['latest_only_with_trigger']) retrieved from /home/airflow/.local/lib/python3.7/site-packages/airflow/example_dags/example_latest_only_with_trigger.py
[2024-07-23T00:01:24.336+0000] {logging_mixin.py:137} INFO - [2024-07-23T00:01:24.336+0000] {dag.py:2690} INFO - Sync 1 DAGs
[2024-07-23T00:01:24.358+0000] {logging_mixin.py:137} INFO - [2024-07-23T00:01:24.358+0000] {dag.py:3441} INFO - Setting next_dagrun for latest_only_with_trigger to 2024-07-22T20:01:24.358107+00:00, run_after=2024-07-23T00:01:24.358107+00:00
[2024-07-23T00:01:24.381+0000] {processor.py:175} INFO - Processing /home/airflow/.local/lib/python3.7/site-packages/airflow/example_dags/example_latest_only_with_trigger.py took 0.118 seconds
[2024-07-23T00:01:54.541+0000] {processor.py:153} INFO - Started process (PID=38703) to work on /home/airflow/.local/lib/python3.7/site-packages/airflow/example_dags/example_latest_only_with_trigger.py
[2024-07-23T00:01:54.542+0000] {processor.py:743} INFO - Processing file /home/airflow/.local/lib/python3.7/site-packages/airflow/example_dags/example_latest_only_with_trigger.py for tasks to queue
[2024-07-23T00:01:54.542+0000] {logging_mixin.py:137} INFO - [2024-07-23T00:01:54.542+0000] {dagbag.py:538} INFO - Filling up the DagBag from /home/airflow/.local/lib/python3.7/site-packages/airflow/example_dags/example_latest_only_with_trigger.py
[2024-07-23T00:01:54.551+0000] {processor.py:753} INFO - DAG(s) dict_keys(['latest_only_with_trigger']) retrieved from /home/airflow/.local/lib/python3.7/site-packages/airflow/example_dags/example_latest_only_with_trigger.py
[2024-07-23T00:01:54.566+0000] {logging_mixin.py:137} INFO - [2024-07-23T00:01:54.566+0000] {dag.py:2690} INFO - Sync 1 DAGs
[2024-07-23T00:01:54.579+0000] {logging_mixin.py:137} INFO - [2024-07-23T00:01:54.579+0000] {dag.py:3441} INFO - Setting next_dagrun for latest_only_with_trigger to 2024-07-22T20:01:54.579087+00:00, run_after=2024-07-23T00:01:54.579087+00:00
[2024-07-23T00:01:54.590+0000] {processor.py:175} INFO - Processing /home/airflow/.local/lib/python3.7/site-packages/airflow/example_dags/example_latest_only_with_trigger.py took 0.050 seconds
[2024-07-23T00:02:24.639+0000] {processor.py:153} INFO - Started process (PID=38790) to work on /home/airflow/.local/lib/python3.7/site-packages/airflow/example_dags/example_latest_only_with_trigger.py
[2024-07-23T00:02:24.640+0000] {processor.py:743} INFO - Processing file /home/airflow/.local/lib/python3.7/site-packages/airflow/example_dags/example_latest_only_with_trigger.py for tasks to queue
[2024-07-23T00:02:24.640+0000] {logging_mixin.py:137} INFO - [2024-07-23T00:02:24.640+0000] {dagbag.py:538} INFO - Filling up the DagBag from /home/airflow/.local/lib/python3.7/site-packages/airflow/example_dags/example_latest_only_with_trigger.py
[2024-07-23T00:02:24.648+0000] {processor.py:753} INFO - DAG(s) dict_keys(['latest_only_with_trigger']) retrieved from /home/airflow/.local/lib/python3.7/site-packages/airflow/example_dags/example_latest_only_with_trigger.py
[2024-07-23T00:02:24.664+0000] {logging_mixin.py:137} INFO - [2024-07-23T00:02:24.664+0000] {dag.py:2690} INFO - Sync 1 DAGs
[2024-07-23T00:02:24.678+0000] {logging_mixin.py:137} INFO - [2024-07-23T00:02:24.678+0000] {dag.py:3441} INFO - Setting next_dagrun for latest_only_with_trigger to 2024-07-22T20:02:24.677906+00:00, run_after=2024-07-23T00:02:24.677906+00:00
[2024-07-23T00:02:24.693+0000] {processor.py:175} INFO - Processing /home/airflow/.local/lib/python3.7/site-packages/airflow/example_dags/example_latest_only_with_trigger.py took 0.055 seconds
