[2024-07-23T00:00:22.687+0000] {processor.py:153} INFO - Started process (PID=38454) to work on /home/airflow/.local/lib/python3.7/site-packages/airflow/example_dags/example_branch_datetime_operator.py
[2024-07-23T00:00:22.688+0000] {processor.py:743} INFO - Processing file /home/airflow/.local/lib/python3.7/site-packages/airflow/example_dags/example_branch_datetime_operator.py for tasks to queue
[2024-07-23T00:00:22.688+0000] {logging_mixin.py:137} INFO - [2024-07-23T00:00:22.688+0000] {dagbag.py:538} INFO - Filling up the DagBag from /home/airflow/.local/lib/python3.7/site-packages/airflow/example_dags/example_branch_datetime_operator.py
[2024-07-23T00:00:22.699+0000] {processor.py:753} INFO - DAG(s) dict_keys(['example_branch_datetime_operator_3', 'example_branch_datetime_operator_2', 'example_branch_datetime_operator']) retrieved from /home/airflow/.local/lib/python3.7/site-packages/airflow/example_dags/example_branch_datetime_operator.py
[2024-07-23T00:00:22.720+0000] {logging_mixin.py:137} INFO - [2024-07-23T00:00:22.720+0000] {dag.py:2690} INFO - Sync 3 DAGs
[2024-07-23T00:00:22.737+0000] {logging_mixin.py:137} INFO - [2024-07-23T00:00:22.737+0000] {dag.py:3441} INFO - Setting next_dagrun for example_branch_datetime_operator to 2024-07-22T00:00:00+00:00, run_after=2024-07-23T00:00:00+00:00
[2024-07-23T00:00:22.742+0000] {logging_mixin.py:137} INFO - [2024-07-23T00:00:22.742+0000] {dag.py:3441} INFO - Setting next_dagrun for example_branch_datetime_operator_2 to 2024-07-22T00:00:00+00:00, run_after=2024-07-23T00:00:00+00:00
[2024-07-23T00:00:22.744+0000] {logging_mixin.py:137} INFO - [2024-07-23T00:00:22.744+0000] {dag.py:3441} INFO - Setting next_dagrun for example_branch_datetime_operator_3 to 2024-07-22T00:00:00+00:00, run_after=2024-07-23T00:00:00+00:00
[2024-07-23T00:00:22.757+0000] {processor.py:175} INFO - Processing /home/airflow/.local/lib/python3.7/site-packages/airflow/example_dags/example_branch_datetime_operator.py took 0.072 seconds
[2024-07-23T00:00:52.854+0000] {processor.py:153} INFO - Started process (PID=38541) to work on /home/airflow/.local/lib/python3.7/site-packages/airflow/example_dags/example_branch_datetime_operator.py
[2024-07-23T00:00:52.855+0000] {processor.py:743} INFO - Processing file /home/airflow/.local/lib/python3.7/site-packages/airflow/example_dags/example_branch_datetime_operator.py for tasks to queue
[2024-07-23T00:00:52.855+0000] {logging_mixin.py:137} INFO - [2024-07-23T00:00:52.855+0000] {dagbag.py:538} INFO - Filling up the DagBag from /home/airflow/.local/lib/python3.7/site-packages/airflow/example_dags/example_branch_datetime_operator.py
[2024-07-23T00:00:52.866+0000] {processor.py:753} INFO - DAG(s) dict_keys(['example_branch_datetime_operator_3', 'example_branch_datetime_operator_2', 'example_branch_datetime_operator']) retrieved from /home/airflow/.local/lib/python3.7/site-packages/airflow/example_dags/example_branch_datetime_operator.py
[2024-07-23T00:00:52.883+0000] {logging_mixin.py:137} INFO - [2024-07-23T00:00:52.883+0000] {dag.py:2690} INFO - Sync 3 DAGs
[2024-07-23T00:00:52.897+0000] {logging_mixin.py:137} INFO - [2024-07-23T00:00:52.897+0000] {dag.py:3441} INFO - Setting next_dagrun for example_branch_datetime_operator to 2024-07-22T00:00:00+00:00, run_after=2024-07-23T00:00:00+00:00
[2024-07-23T00:00:52.900+0000] {logging_mixin.py:137} INFO - [2024-07-23T00:00:52.900+0000] {dag.py:3441} INFO - Setting next_dagrun for example_branch_datetime_operator_2 to 2024-07-22T00:00:00+00:00, run_after=2024-07-23T00:00:00+00:00
[2024-07-23T00:00:52.901+0000] {logging_mixin.py:137} INFO - [2024-07-23T00:00:52.901+0000] {dag.py:3441} INFO - Setting next_dagrun for example_branch_datetime_operator_3 to 2024-07-22T00:00:00+00:00, run_after=2024-07-23T00:00:00+00:00
[2024-07-23T00:00:52.909+0000] {processor.py:175} INFO - Processing /home/airflow/.local/lib/python3.7/site-packages/airflow/example_dags/example_branch_datetime_operator.py took 0.057 seconds
[2024-07-23T00:01:23.942+0000] {processor.py:153} INFO - Started process (PID=38628) to work on /home/airflow/.local/lib/python3.7/site-packages/airflow/example_dags/example_branch_datetime_operator.py
[2024-07-23T00:01:23.944+0000] {processor.py:743} INFO - Processing file /home/airflow/.local/lib/python3.7/site-packages/airflow/example_dags/example_branch_datetime_operator.py for tasks to queue
[2024-07-23T00:01:23.945+0000] {logging_mixin.py:137} INFO - [2024-07-23T00:01:23.945+0000] {dagbag.py:538} INFO - Filling up the DagBag from /home/airflow/.local/lib/python3.7/site-packages/airflow/example_dags/example_branch_datetime_operator.py
[2024-07-23T00:01:23.966+0000] {processor.py:753} INFO - DAG(s) dict_keys(['example_branch_datetime_operator', 'example_branch_datetime_operator_3', 'example_branch_datetime_operator_2']) retrieved from /home/airflow/.local/lib/python3.7/site-packages/airflow/example_dags/example_branch_datetime_operator.py
[2024-07-23T00:01:23.999+0000] {logging_mixin.py:137} INFO - [2024-07-23T00:01:23.999+0000] {dag.py:2690} INFO - Sync 3 DAGs
[2024-07-23T00:01:24.067+0000] {logging_mixin.py:137} INFO - [2024-07-23T00:01:24.067+0000] {dag.py:3441} INFO - Setting next_dagrun for example_branch_datetime_operator to 2024-07-22T00:00:00+00:00, run_after=2024-07-23T00:00:00+00:00
[2024-07-23T00:01:24.081+0000] {logging_mixin.py:137} INFO - [2024-07-23T00:01:24.080+0000] {dag.py:3441} INFO - Setting next_dagrun for example_branch_datetime_operator_2 to 2024-07-22T00:00:00+00:00, run_after=2024-07-23T00:00:00+00:00
[2024-07-23T00:01:24.084+0000] {logging_mixin.py:137} INFO - [2024-07-23T00:01:24.084+0000] {dag.py:3441} INFO - Setting next_dagrun for example_branch_datetime_operator_3 to 2024-07-22T00:00:00+00:00, run_after=2024-07-23T00:00:00+00:00
[2024-07-23T00:01:24.104+0000] {processor.py:175} INFO - Processing /home/airflow/.local/lib/python3.7/site-packages/airflow/example_dags/example_branch_datetime_operator.py took 0.165 seconds
[2024-07-23T00:01:54.292+0000] {processor.py:153} INFO - Started process (PID=38699) to work on /home/airflow/.local/lib/python3.7/site-packages/airflow/example_dags/example_branch_datetime_operator.py
[2024-07-23T00:01:54.293+0000] {processor.py:743} INFO - Processing file /home/airflow/.local/lib/python3.7/site-packages/airflow/example_dags/example_branch_datetime_operator.py for tasks to queue
[2024-07-23T00:01:54.293+0000] {logging_mixin.py:137} INFO - [2024-07-23T00:01:54.293+0000] {dagbag.py:538} INFO - Filling up the DagBag from /home/airflow/.local/lib/python3.7/site-packages/airflow/example_dags/example_branch_datetime_operator.py
[2024-07-23T00:01:54.304+0000] {processor.py:753} INFO - DAG(s) dict_keys(['example_branch_datetime_operator', 'example_branch_datetime_operator_3', 'example_branch_datetime_operator_2']) retrieved from /home/airflow/.local/lib/python3.7/site-packages/airflow/example_dags/example_branch_datetime_operator.py
[2024-07-23T00:01:54.324+0000] {logging_mixin.py:137} INFO - [2024-07-23T00:01:54.324+0000] {dag.py:2690} INFO - Sync 3 DAGs
[2024-07-23T00:01:54.339+0000] {logging_mixin.py:137} INFO - [2024-07-23T00:01:54.339+0000] {dag.py:3441} INFO - Setting next_dagrun for example_branch_datetime_operator to 2024-07-22T00:00:00+00:00, run_after=2024-07-23T00:00:00+00:00
[2024-07-23T00:01:54.342+0000] {logging_mixin.py:137} INFO - [2024-07-23T00:01:54.342+0000] {dag.py:3441} INFO - Setting next_dagrun for example_branch_datetime_operator_2 to 2024-07-22T00:00:00+00:00, run_after=2024-07-23T00:00:00+00:00
[2024-07-23T00:01:54.354+0000] {logging_mixin.py:137} INFO - [2024-07-23T00:01:54.350+0000] {dag.py:3441} INFO - Setting next_dagrun for example_branch_datetime_operator_3 to 2024-07-22T00:00:00+00:00, run_after=2024-07-23T00:00:00+00:00
[2024-07-23T00:01:54.379+0000] {processor.py:175} INFO - Processing /home/airflow/.local/lib/python3.7/site-packages/airflow/example_dags/example_branch_datetime_operator.py took 0.089 seconds
[2024-07-23T00:02:24.490+0000] {processor.py:153} INFO - Started process (PID=38786) to work on /home/airflow/.local/lib/python3.7/site-packages/airflow/example_dags/example_branch_datetime_operator.py
[2024-07-23T00:02:24.490+0000] {processor.py:743} INFO - Processing file /home/airflow/.local/lib/python3.7/site-packages/airflow/example_dags/example_branch_datetime_operator.py for tasks to queue
[2024-07-23T00:02:24.491+0000] {logging_mixin.py:137} INFO - [2024-07-23T00:02:24.491+0000] {dagbag.py:538} INFO - Filling up the DagBag from /home/airflow/.local/lib/python3.7/site-packages/airflow/example_dags/example_branch_datetime_operator.py
[2024-07-23T00:02:24.501+0000] {processor.py:753} INFO - DAG(s) dict_keys(['example_branch_datetime_operator_3', 'example_branch_datetime_operator_2', 'example_branch_datetime_operator']) retrieved from /home/airflow/.local/lib/python3.7/site-packages/airflow/example_dags/example_branch_datetime_operator.py
[2024-07-23T00:02:24.519+0000] {logging_mixin.py:137} INFO - [2024-07-23T00:02:24.519+0000] {dag.py:2690} INFO - Sync 3 DAGs
[2024-07-23T00:02:24.532+0000] {logging_mixin.py:137} INFO - [2024-07-23T00:02:24.532+0000] {dag.py:3441} INFO - Setting next_dagrun for example_branch_datetime_operator to 2024-07-22T00:00:00+00:00, run_after=2024-07-23T00:00:00+00:00
[2024-07-23T00:02:24.535+0000] {logging_mixin.py:137} INFO - [2024-07-23T00:02:24.535+0000] {dag.py:3441} INFO - Setting next_dagrun for example_branch_datetime_operator_2 to 2024-07-22T00:00:00+00:00, run_after=2024-07-23T00:00:00+00:00
[2024-07-23T00:02:24.536+0000] {logging_mixin.py:137} INFO - [2024-07-23T00:02:24.536+0000] {dag.py:3441} INFO - Setting next_dagrun for example_branch_datetime_operator_3 to 2024-07-22T00:00:00+00:00, run_after=2024-07-23T00:00:00+00:00
[2024-07-23T00:02:24.544+0000] {processor.py:175} INFO - Processing /home/airflow/.local/lib/python3.7/site-packages/airflow/example_dags/example_branch_datetime_operator.py took 0.057 seconds
