[2024-07-23T00:00:22.772+0000] {processor.py:153} INFO - Started process (PID=38456) to work on /home/airflow/.local/lib/python3.7/site-packages/airflow/example_dags/example_task_group_decorator.py
[2024-07-23T00:00:22.773+0000] {processor.py:743} INFO - Processing file /home/airflow/.local/lib/python3.7/site-packages/airflow/example_dags/example_task_group_decorator.py for tasks to queue
[2024-07-23T00:00:22.773+0000] {logging_mixin.py:137} INFO - [2024-07-23T00:00:22.773+0000] {dagbag.py:538} INFO - Filling up the DagBag from /home/airflow/.local/lib/python3.7/site-packages/airflow/example_dags/example_task_group_decorator.py
[2024-07-23T00:00:22.790+0000] {processor.py:753} INFO - DAG(s) dict_keys(['example_task_group_decorator']) retrieved from /home/airflow/.local/lib/python3.7/site-packages/airflow/example_dags/example_task_group_decorator.py
[2024-07-23T00:00:22.810+0000] {logging_mixin.py:137} INFO - [2024-07-23T00:00:22.810+0000] {dag.py:2690} INFO - Sync 1 DAGs
[2024-07-23T00:00:22.825+0000] {logging_mixin.py:137} INFO - [2024-07-23T00:00:22.825+0000] {dag.py:3441} INFO - Setting next_dagrun for example_task_group_decorator to 2024-07-22T02:31:39.085635+00:00, run_after=2024-07-23T02:31:39.085635+00:00
[2024-07-23T00:00:22.839+0000] {processor.py:175} INFO - Processing /home/airflow/.local/lib/python3.7/site-packages/airflow/example_dags/example_task_group_decorator.py took 0.069 seconds
[2024-07-23T00:00:52.923+0000] {processor.py:153} INFO - Started process (PID=38543) to work on /home/airflow/.local/lib/python3.7/site-packages/airflow/example_dags/example_task_group_decorator.py
[2024-07-23T00:00:52.926+0000] {processor.py:743} INFO - Processing file /home/airflow/.local/lib/python3.7/site-packages/airflow/example_dags/example_task_group_decorator.py for tasks to queue
[2024-07-23T00:00:52.928+0000] {logging_mixin.py:137} INFO - [2024-07-23T00:00:52.928+0000] {dagbag.py:538} INFO - Filling up the DagBag from /home/airflow/.local/lib/python3.7/site-packages/airflow/example_dags/example_task_group_decorator.py
[2024-07-23T00:00:52.944+0000] {processor.py:753} INFO - DAG(s) dict_keys(['example_task_group_decorator']) retrieved from /home/airflow/.local/lib/python3.7/site-packages/airflow/example_dags/example_task_group_decorator.py
[2024-07-23T00:00:52.964+0000] {logging_mixin.py:137} INFO - [2024-07-23T00:00:52.964+0000] {dag.py:2690} INFO - Sync 1 DAGs
[2024-07-23T00:00:52.978+0000] {logging_mixin.py:137} INFO - [2024-07-23T00:00:52.978+0000] {dag.py:3441} INFO - Setting next_dagrun for example_task_group_decorator to 2024-07-22T02:31:39.085635+00:00, run_after=2024-07-23T02:31:39.085635+00:00
[2024-07-23T00:00:52.990+0000] {processor.py:175} INFO - Processing /home/airflow/.local/lib/python3.7/site-packages/airflow/example_dags/example_task_group_decorator.py took 0.069 seconds
[2024-07-23T00:01:24.125+0000] {processor.py:153} INFO - Started process (PID=38630) to work on /home/airflow/.local/lib/python3.7/site-packages/airflow/example_dags/example_task_group_decorator.py
[2024-07-23T00:01:24.126+0000] {processor.py:743} INFO - Processing file /home/airflow/.local/lib/python3.7/site-packages/airflow/example_dags/example_task_group_decorator.py for tasks to queue
[2024-07-23T00:01:24.128+0000] {logging_mixin.py:137} INFO - [2024-07-23T00:01:24.128+0000] {dagbag.py:538} INFO - Filling up the DagBag from /home/airflow/.local/lib/python3.7/site-packages/airflow/example_dags/example_task_group_decorator.py
[2024-07-23T00:01:24.165+0000] {processor.py:753} INFO - DAG(s) dict_keys(['example_task_group_decorator']) retrieved from /home/airflow/.local/lib/python3.7/site-packages/airflow/example_dags/example_task_group_decorator.py
[2024-07-23T00:01:24.196+0000] {logging_mixin.py:137} INFO - [2024-07-23T00:01:24.196+0000] {dag.py:2690} INFO - Sync 1 DAGs
[2024-07-23T00:01:24.219+0000] {logging_mixin.py:137} INFO - [2024-07-23T00:01:24.219+0000] {dag.py:3441} INFO - Setting next_dagrun for example_task_group_decorator to 2024-07-22T02:31:39.085635+00:00, run_after=2024-07-23T02:31:39.085635+00:00
[2024-07-23T00:01:24.238+0000] {processor.py:175} INFO - Processing /home/airflow/.local/lib/python3.7/site-packages/airflow/example_dags/example_task_group_decorator.py took 0.115 seconds
[2024-07-23T00:01:54.452+0000] {processor.py:153} INFO - Started process (PID=38701) to work on /home/airflow/.local/lib/python3.7/site-packages/airflow/example_dags/example_task_group_decorator.py
[2024-07-23T00:01:54.452+0000] {processor.py:743} INFO - Processing file /home/airflow/.local/lib/python3.7/site-packages/airflow/example_dags/example_task_group_decorator.py for tasks to queue
[2024-07-23T00:01:54.453+0000] {logging_mixin.py:137} INFO - [2024-07-23T00:01:54.453+0000] {dagbag.py:538} INFO - Filling up the DagBag from /home/airflow/.local/lib/python3.7/site-packages/airflow/example_dags/example_task_group_decorator.py
[2024-07-23T00:01:54.475+0000] {processor.py:753} INFO - DAG(s) dict_keys(['example_task_group_decorator']) retrieved from /home/airflow/.local/lib/python3.7/site-packages/airflow/example_dags/example_task_group_decorator.py
[2024-07-23T00:01:54.493+0000] {logging_mixin.py:137} INFO - [2024-07-23T00:01:54.493+0000] {dag.py:2690} INFO - Sync 1 DAGs
[2024-07-23T00:01:54.508+0000] {logging_mixin.py:137} INFO - [2024-07-23T00:01:54.508+0000] {dag.py:3441} INFO - Setting next_dagrun for example_task_group_decorator to 2024-07-22T02:31:39.085635+00:00, run_after=2024-07-23T02:31:39.085635+00:00
[2024-07-23T00:01:54.528+0000] {processor.py:175} INFO - Processing /home/airflow/.local/lib/python3.7/site-packages/airflow/example_dags/example_task_group_decorator.py took 0.078 seconds
[2024-07-23T00:02:24.559+0000] {processor.py:153} INFO - Started process (PID=38788) to work on /home/airflow/.local/lib/python3.7/site-packages/airflow/example_dags/example_task_group_decorator.py
[2024-07-23T00:02:24.562+0000] {processor.py:743} INFO - Processing file /home/airflow/.local/lib/python3.7/site-packages/airflow/example_dags/example_task_group_decorator.py for tasks to queue
[2024-07-23T00:02:24.563+0000] {logging_mixin.py:137} INFO - [2024-07-23T00:02:24.563+0000] {dagbag.py:538} INFO - Filling up the DagBag from /home/airflow/.local/lib/python3.7/site-packages/airflow/example_dags/example_task_group_decorator.py
[2024-07-23T00:02:24.580+0000] {processor.py:753} INFO - DAG(s) dict_keys(['example_task_group_decorator']) retrieved from /home/airflow/.local/lib/python3.7/site-packages/airflow/example_dags/example_task_group_decorator.py
[2024-07-23T00:02:24.600+0000] {logging_mixin.py:137} INFO - [2024-07-23T00:02:24.600+0000] {dag.py:2690} INFO - Sync 1 DAGs
[2024-07-23T00:02:24.612+0000] {logging_mixin.py:137} INFO - [2024-07-23T00:02:24.612+0000] {dag.py:3441} INFO - Setting next_dagrun for example_task_group_decorator to 2024-07-22T02:31:39.085635+00:00, run_after=2024-07-23T02:31:39.085635+00:00
[2024-07-23T00:02:24.625+0000] {processor.py:175} INFO - Processing /home/airflow/.local/lib/python3.7/site-packages/airflow/example_dags/example_task_group_decorator.py took 0.068 seconds
