[2024-07-23T00:00:24.072+0000] {processor.py:153} INFO - Started process (PID=38483) to work on /home/airflow/.local/lib/python3.7/site-packages/airflow/example_dags/example_xcom.py
[2024-07-23T00:00:24.072+0000] {processor.py:743} INFO - Processing file /home/airflow/.local/lib/python3.7/site-packages/airflow/example_dags/example_xcom.py for tasks to queue
[2024-07-23T00:00:24.073+0000] {logging_mixin.py:137} INFO - [2024-07-23T00:00:24.073+0000] {dagbag.py:538} INFO - Filling up the DagBag from /home/airflow/.local/lib/python3.7/site-packages/airflow/example_dags/example_xcom.py
[2024-07-23T00:00:24.086+0000] {processor.py:753} INFO - DAG(s) dict_keys(['example_xcom']) retrieved from /home/airflow/.local/lib/python3.7/site-packages/airflow/example_dags/example_xcom.py
[2024-07-23T00:00:24.101+0000] {logging_mixin.py:137} INFO - [2024-07-23T00:00:24.101+0000] {dag.py:2690} INFO - Sync 1 DAGs
[2024-07-23T00:00:24.114+0000] {logging_mixin.py:137} INFO - [2024-07-23T00:00:24.114+0000] {dag.py:3441} INFO - Setting next_dagrun for example_xcom to None, run_after=None
[2024-07-23T00:00:24.122+0000] {processor.py:175} INFO - Processing /home/airflow/.local/lib/python3.7/site-packages/airflow/example_dags/example_xcom.py took 0.053 seconds
[2024-07-23T00:00:54.195+0000] {processor.py:153} INFO - Started process (PID=38570) to work on /home/airflow/.local/lib/python3.7/site-packages/airflow/example_dags/example_xcom.py
[2024-07-23T00:00:54.196+0000] {processor.py:743} INFO - Processing file /home/airflow/.local/lib/python3.7/site-packages/airflow/example_dags/example_xcom.py for tasks to queue
[2024-07-23T00:00:54.198+0000] {logging_mixin.py:137} INFO - [2024-07-23T00:00:54.198+0000] {dagbag.py:538} INFO - Filling up the DagBag from /home/airflow/.local/lib/python3.7/site-packages/airflow/example_dags/example_xcom.py
[2024-07-23T00:00:54.214+0000] {processor.py:753} INFO - DAG(s) dict_keys(['example_xcom']) retrieved from /home/airflow/.local/lib/python3.7/site-packages/airflow/example_dags/example_xcom.py
[2024-07-23T00:00:54.232+0000] {logging_mixin.py:137} INFO - [2024-07-23T00:00:54.232+0000] {dag.py:2690} INFO - Sync 1 DAGs
[2024-07-23T00:00:54.250+0000] {logging_mixin.py:137} INFO - [2024-07-23T00:00:54.250+0000] {dag.py:3441} INFO - Setting next_dagrun for example_xcom to None, run_after=None
[2024-07-23T00:00:54.271+0000] {processor.py:175} INFO - Processing /home/airflow/.local/lib/python3.7/site-packages/airflow/example_dags/example_xcom.py took 0.078 seconds
[2024-07-23T00:01:25.577+0000] {processor.py:153} INFO - Started process (PID=38657) to work on /home/airflow/.local/lib/python3.7/site-packages/airflow/example_dags/example_xcom.py
[2024-07-23T00:01:25.578+0000] {processor.py:743} INFO - Processing file /home/airflow/.local/lib/python3.7/site-packages/airflow/example_dags/example_xcom.py for tasks to queue
[2024-07-23T00:01:25.578+0000] {logging_mixin.py:137} INFO - [2024-07-23T00:01:25.578+0000] {dagbag.py:538} INFO - Filling up the DagBag from /home/airflow/.local/lib/python3.7/site-packages/airflow/example_dags/example_xcom.py
[2024-07-23T00:01:25.592+0000] {processor.py:753} INFO - DAG(s) dict_keys(['example_xcom']) retrieved from /home/airflow/.local/lib/python3.7/site-packages/airflow/example_dags/example_xcom.py
[2024-07-23T00:01:25.612+0000] {logging_mixin.py:137} INFO - [2024-07-23T00:01:25.612+0000] {dag.py:2690} INFO - Sync 1 DAGs
[2024-07-23T00:01:25.629+0000] {logging_mixin.py:137} INFO - [2024-07-23T00:01:25.629+0000] {dag.py:3441} INFO - Setting next_dagrun for example_xcom to None, run_after=None
[2024-07-23T00:01:25.654+0000] {processor.py:175} INFO - Processing /home/airflow/.local/lib/python3.7/site-packages/airflow/example_dags/example_xcom.py took 0.078 seconds
[2024-07-23T00:01:55.816+0000] {processor.py:153} INFO - Started process (PID=38728) to work on /home/airflow/.local/lib/python3.7/site-packages/airflow/example_dags/example_xcom.py
[2024-07-23T00:01:55.817+0000] {processor.py:743} INFO - Processing file /home/airflow/.local/lib/python3.7/site-packages/airflow/example_dags/example_xcom.py for tasks to queue
[2024-07-23T00:01:55.817+0000] {logging_mixin.py:137} INFO - [2024-07-23T00:01:55.817+0000] {dagbag.py:538} INFO - Filling up the DagBag from /home/airflow/.local/lib/python3.7/site-packages/airflow/example_dags/example_xcom.py
[2024-07-23T00:01:55.831+0000] {processor.py:753} INFO - DAG(s) dict_keys(['example_xcom']) retrieved from /home/airflow/.local/lib/python3.7/site-packages/airflow/example_dags/example_xcom.py
[2024-07-23T00:01:55.847+0000] {logging_mixin.py:137} INFO - [2024-07-23T00:01:55.847+0000] {dag.py:2690} INFO - Sync 1 DAGs
[2024-07-23T00:01:55.860+0000] {logging_mixin.py:137} INFO - [2024-07-23T00:01:55.860+0000] {dag.py:3441} INFO - Setting next_dagrun for example_xcom to None, run_after=None
[2024-07-23T00:01:55.874+0000] {processor.py:175} INFO - Processing /home/airflow/.local/lib/python3.7/site-packages/airflow/example_dags/example_xcom.py took 0.060 seconds
[2024-07-23T00:02:26.779+0000] {processor.py:153} INFO - Started process (PID=38815) to work on /home/airflow/.local/lib/python3.7/site-packages/airflow/example_dags/example_xcom.py
[2024-07-23T00:02:26.781+0000] {processor.py:743} INFO - Processing file /home/airflow/.local/lib/python3.7/site-packages/airflow/example_dags/example_xcom.py for tasks to queue
[2024-07-23T00:02:26.782+0000] {logging_mixin.py:137} INFO - [2024-07-23T00:02:26.782+0000] {dagbag.py:538} INFO - Filling up the DagBag from /home/airflow/.local/lib/python3.7/site-packages/airflow/example_dags/example_xcom.py
[2024-07-23T00:02:26.798+0000] {processor.py:753} INFO - DAG(s) dict_keys(['example_xcom']) retrieved from /home/airflow/.local/lib/python3.7/site-packages/airflow/example_dags/example_xcom.py
[2024-07-23T00:02:26.816+0000] {logging_mixin.py:137} INFO - [2024-07-23T00:02:26.816+0000] {dag.py:2690} INFO - Sync 1 DAGs
[2024-07-23T00:02:26.832+0000] {logging_mixin.py:137} INFO - [2024-07-23T00:02:26.832+0000] {dag.py:3441} INFO - Setting next_dagrun for example_xcom to None, run_after=None
[2024-07-23T00:02:26.849+0000] {processor.py:175} INFO - Processing /home/airflow/.local/lib/python3.7/site-packages/airflow/example_dags/example_xcom.py took 0.072 seconds
