[2024-07-23T00:00:23.500+0000] {processor.py:153} INFO - Started process (PID=38471) to work on /home/airflow/.local/lib/python3.7/site-packages/airflow/example_dags/example_branch_day_of_week_operator.py
[2024-07-23T00:00:23.501+0000] {processor.py:743} INFO - Processing file /home/airflow/.local/lib/python3.7/site-packages/airflow/example_dags/example_branch_day_of_week_operator.py for tasks to queue
[2024-07-23T00:00:23.501+0000] {logging_mixin.py:137} INFO - [2024-07-23T00:00:23.501+0000] {dagbag.py:538} INFO - Filling up the DagBag from /home/airflow/.local/lib/python3.7/site-packages/airflow/example_dags/example_branch_day_of_week_operator.py
[2024-07-23T00:00:23.511+0000] {processor.py:753} INFO - DAG(s) dict_keys(['example_weekday_branch_operator']) retrieved from /home/airflow/.local/lib/python3.7/site-packages/airflow/example_dags/example_branch_day_of_week_operator.py
[2024-07-23T00:00:23.525+0000] {logging_mixin.py:137} INFO - [2024-07-23T00:00:23.525+0000] {dag.py:2690} INFO - Sync 1 DAGs
[2024-07-23T00:00:23.540+0000] {logging_mixin.py:137} INFO - [2024-07-23T00:00:23.540+0000] {dag.py:3441} INFO - Setting next_dagrun for example_weekday_branch_operator to 2024-07-22T00:00:00+00:00, run_after=2024-07-23T00:00:00+00:00
[2024-07-23T00:00:23.550+0000] {processor.py:175} INFO - Processing /home/airflow/.local/lib/python3.7/site-packages/airflow/example_dags/example_branch_day_of_week_operator.py took 0.052 seconds
[2024-07-23T00:00:53.648+0000] {processor.py:153} INFO - Started process (PID=38558) to work on /home/airflow/.local/lib/python3.7/site-packages/airflow/example_dags/example_branch_day_of_week_operator.py
[2024-07-23T00:00:53.650+0000] {processor.py:743} INFO - Processing file /home/airflow/.local/lib/python3.7/site-packages/airflow/example_dags/example_branch_day_of_week_operator.py for tasks to queue
[2024-07-23T00:00:53.650+0000] {logging_mixin.py:137} INFO - [2024-07-23T00:00:53.650+0000] {dagbag.py:538} INFO - Filling up the DagBag from /home/airflow/.local/lib/python3.7/site-packages/airflow/example_dags/example_branch_day_of_week_operator.py
[2024-07-23T00:00:53.662+0000] {processor.py:753} INFO - DAG(s) dict_keys(['example_weekday_branch_operator']) retrieved from /home/airflow/.local/lib/python3.7/site-packages/airflow/example_dags/example_branch_day_of_week_operator.py
[2024-07-23T00:00:53.680+0000] {logging_mixin.py:137} INFO - [2024-07-23T00:00:53.680+0000] {dag.py:2690} INFO - Sync 1 DAGs
[2024-07-23T00:00:53.699+0000] {logging_mixin.py:137} INFO - [2024-07-23T00:00:53.699+0000] {dag.py:3441} INFO - Setting next_dagrun for example_weekday_branch_operator to 2024-07-22T00:00:00+00:00, run_after=2024-07-23T00:00:00+00:00
[2024-07-23T00:00:53.715+0000] {processor.py:175} INFO - Processing /home/airflow/.local/lib/python3.7/site-packages/airflow/example_dags/example_branch_day_of_week_operator.py took 0.069 seconds
[2024-07-23T00:01:25.015+0000] {processor.py:153} INFO - Started process (PID=38645) to work on /home/airflow/.local/lib/python3.7/site-packages/airflow/example_dags/example_branch_day_of_week_operator.py
[2024-07-23T00:01:25.016+0000] {processor.py:743} INFO - Processing file /home/airflow/.local/lib/python3.7/site-packages/airflow/example_dags/example_branch_day_of_week_operator.py for tasks to queue
[2024-07-23T00:01:25.017+0000] {logging_mixin.py:137} INFO - [2024-07-23T00:01:25.016+0000] {dagbag.py:538} INFO - Filling up the DagBag from /home/airflow/.local/lib/python3.7/site-packages/airflow/example_dags/example_branch_day_of_week_operator.py
[2024-07-23T00:01:25.026+0000] {processor.py:753} INFO - DAG(s) dict_keys(['example_weekday_branch_operator']) retrieved from /home/airflow/.local/lib/python3.7/site-packages/airflow/example_dags/example_branch_day_of_week_operator.py
[2024-07-23T00:01:25.043+0000] {logging_mixin.py:137} INFO - [2024-07-23T00:01:25.042+0000] {dag.py:2690} INFO - Sync 1 DAGs
[2024-07-23T00:01:25.058+0000] {logging_mixin.py:137} INFO - [2024-07-23T00:01:25.058+0000] {dag.py:3441} INFO - Setting next_dagrun for example_weekday_branch_operator to 2024-07-22T00:00:00+00:00, run_after=2024-07-23T00:00:00+00:00
[2024-07-23T00:01:25.073+0000] {processor.py:175} INFO - Processing /home/airflow/.local/lib/python3.7/site-packages/airflow/example_dags/example_branch_day_of_week_operator.py took 0.061 seconds
[2024-07-23T00:01:55.244+0000] {processor.py:153} INFO - Started process (PID=38716) to work on /home/airflow/.local/lib/python3.7/site-packages/airflow/example_dags/example_branch_day_of_week_operator.py
[2024-07-23T00:01:55.244+0000] {processor.py:743} INFO - Processing file /home/airflow/.local/lib/python3.7/site-packages/airflow/example_dags/example_branch_day_of_week_operator.py for tasks to queue
[2024-07-23T00:01:55.245+0000] {logging_mixin.py:137} INFO - [2024-07-23T00:01:55.245+0000] {dagbag.py:538} INFO - Filling up the DagBag from /home/airflow/.local/lib/python3.7/site-packages/airflow/example_dags/example_branch_day_of_week_operator.py
[2024-07-23T00:01:55.257+0000] {processor.py:753} INFO - DAG(s) dict_keys(['example_weekday_branch_operator']) retrieved from /home/airflow/.local/lib/python3.7/site-packages/airflow/example_dags/example_branch_day_of_week_operator.py
[2024-07-23T00:01:55.280+0000] {logging_mixin.py:137} INFO - [2024-07-23T00:01:55.279+0000] {dag.py:2690} INFO - Sync 1 DAGs
[2024-07-23T00:01:55.294+0000] {logging_mixin.py:137} INFO - [2024-07-23T00:01:55.294+0000] {dag.py:3441} INFO - Setting next_dagrun for example_weekday_branch_operator to 2024-07-22T00:00:00+00:00, run_after=2024-07-23T00:00:00+00:00
[2024-07-23T00:01:55.310+0000] {processor.py:175} INFO - Processing /home/airflow/.local/lib/python3.7/site-packages/airflow/example_dags/example_branch_day_of_week_operator.py took 0.068 seconds
[2024-07-23T00:02:26.297+0000] {processor.py:153} INFO - Started process (PID=38803) to work on /home/airflow/.local/lib/python3.7/site-packages/airflow/example_dags/example_branch_day_of_week_operator.py
[2024-07-23T00:02:26.298+0000] {processor.py:743} INFO - Processing file /home/airflow/.local/lib/python3.7/site-packages/airflow/example_dags/example_branch_day_of_week_operator.py for tasks to queue
[2024-07-23T00:02:26.298+0000] {logging_mixin.py:137} INFO - [2024-07-23T00:02:26.298+0000] {dagbag.py:538} INFO - Filling up the DagBag from /home/airflow/.local/lib/python3.7/site-packages/airflow/example_dags/example_branch_day_of_week_operator.py
[2024-07-23T00:02:26.309+0000] {processor.py:753} INFO - DAG(s) dict_keys(['example_weekday_branch_operator']) retrieved from /home/airflow/.local/lib/python3.7/site-packages/airflow/example_dags/example_branch_day_of_week_operator.py
[2024-07-23T00:02:26.326+0000] {logging_mixin.py:137} INFO - [2024-07-23T00:02:26.326+0000] {dag.py:2690} INFO - Sync 1 DAGs
[2024-07-23T00:02:26.340+0000] {logging_mixin.py:137} INFO - [2024-07-23T00:02:26.340+0000] {dag.py:3441} INFO - Setting next_dagrun for example_weekday_branch_operator to 2024-07-22T00:00:00+00:00, run_after=2024-07-23T00:00:00+00:00
[2024-07-23T00:02:26.357+0000] {processor.py:175} INFO - Processing /home/airflow/.local/lib/python3.7/site-packages/airflow/example_dags/example_branch_day_of_week_operator.py took 0.062 seconds
