[2024-07-23T00:00:23.902+0000] {processor.py:153} INFO - Started process (PID=38479) to work on /home/airflow/.local/lib/python3.7/site-packages/airflow/example_dags/example_local_kubernetes_executor.py
[2024-07-23T00:00:23.903+0000] {processor.py:743} INFO - Processing file /home/airflow/.local/lib/python3.7/site-packages/airflow/example_dags/example_local_kubernetes_executor.py for tasks to queue
[2024-07-23T00:00:23.904+0000] {logging_mixin.py:137} INFO - [2024-07-23T00:00:23.904+0000] {dagbag.py:538} INFO - Filling up the DagBag from /home/airflow/.local/lib/python3.7/site-packages/airflow/example_dags/example_local_kubernetes_executor.py
[2024-07-23T00:00:23.917+0000] {processor.py:753} INFO - DAG(s) dict_keys(['example_local_kubernetes_executor']) retrieved from /home/airflow/.local/lib/python3.7/site-packages/airflow/example_dags/example_local_kubernetes_executor.py
[2024-07-23T00:00:23.938+0000] {logging_mixin.py:137} INFO - [2024-07-23T00:00:23.938+0000] {dag.py:2690} INFO - Sync 1 DAGs
[2024-07-23T00:00:23.955+0000] {logging_mixin.py:137} INFO - [2024-07-23T00:00:23.955+0000] {dag.py:3441} INFO - Setting next_dagrun for example_local_kubernetes_executor to None, run_after=None
[2024-07-23T00:00:23.968+0000] {processor.py:175} INFO - Processing /home/airflow/.local/lib/python3.7/site-packages/airflow/example_dags/example_local_kubernetes_executor.py took 0.069 seconds
[2024-07-23T00:00:54.023+0000] {processor.py:153} INFO - Started process (PID=38566) to work on /home/airflow/.local/lib/python3.7/site-packages/airflow/example_dags/example_local_kubernetes_executor.py
[2024-07-23T00:00:54.024+0000] {processor.py:743} INFO - Processing file /home/airflow/.local/lib/python3.7/site-packages/airflow/example_dags/example_local_kubernetes_executor.py for tasks to queue
[2024-07-23T00:00:54.024+0000] {logging_mixin.py:137} INFO - [2024-07-23T00:00:54.024+0000] {dagbag.py:538} INFO - Filling up the DagBag from /home/airflow/.local/lib/python3.7/site-packages/airflow/example_dags/example_local_kubernetes_executor.py
[2024-07-23T00:00:54.039+0000] {processor.py:753} INFO - DAG(s) dict_keys(['example_local_kubernetes_executor']) retrieved from /home/airflow/.local/lib/python3.7/site-packages/airflow/example_dags/example_local_kubernetes_executor.py
[2024-07-23T00:00:54.058+0000] {logging_mixin.py:137} INFO - [2024-07-23T00:00:54.058+0000] {dag.py:2690} INFO - Sync 1 DAGs
[2024-07-23T00:00:54.072+0000] {logging_mixin.py:137} INFO - [2024-07-23T00:00:54.072+0000] {dag.py:3441} INFO - Setting next_dagrun for example_local_kubernetes_executor to None, run_after=None
[2024-07-23T00:00:54.087+0000] {processor.py:175} INFO - Processing /home/airflow/.local/lib/python3.7/site-packages/airflow/example_dags/example_local_kubernetes_executor.py took 0.067 seconds
[2024-07-23T00:01:25.363+0000] {processor.py:153} INFO - Started process (PID=38653) to work on /home/airflow/.local/lib/python3.7/site-packages/airflow/example_dags/example_local_kubernetes_executor.py
[2024-07-23T00:01:25.364+0000] {processor.py:743} INFO - Processing file /home/airflow/.local/lib/python3.7/site-packages/airflow/example_dags/example_local_kubernetes_executor.py for tasks to queue
[2024-07-23T00:01:25.365+0000] {logging_mixin.py:137} INFO - [2024-07-23T00:01:25.365+0000] {dagbag.py:538} INFO - Filling up the DagBag from /home/airflow/.local/lib/python3.7/site-packages/airflow/example_dags/example_local_kubernetes_executor.py
[2024-07-23T00:01:25.379+0000] {processor.py:753} INFO - DAG(s) dict_keys(['example_local_kubernetes_executor']) retrieved from /home/airflow/.local/lib/python3.7/site-packages/airflow/example_dags/example_local_kubernetes_executor.py
[2024-07-23T00:01:25.403+0000] {logging_mixin.py:137} INFO - [2024-07-23T00:01:25.403+0000] {dag.py:2690} INFO - Sync 1 DAGs
[2024-07-23T00:01:25.425+0000] {logging_mixin.py:137} INFO - [2024-07-23T00:01:25.424+0000] {dag.py:3441} INFO - Setting next_dagrun for example_local_kubernetes_executor to None, run_after=None
[2024-07-23T00:01:25.450+0000] {processor.py:175} INFO - Processing /home/airflow/.local/lib/python3.7/site-packages/airflow/example_dags/example_local_kubernetes_executor.py took 0.089 seconds
[2024-07-23T00:01:55.598+0000] {processor.py:153} INFO - Started process (PID=38724) to work on /home/airflow/.local/lib/python3.7/site-packages/airflow/example_dags/example_local_kubernetes_executor.py
[2024-07-23T00:01:55.598+0000] {processor.py:743} INFO - Processing file /home/airflow/.local/lib/python3.7/site-packages/airflow/example_dags/example_local_kubernetes_executor.py for tasks to queue
[2024-07-23T00:01:55.599+0000] {logging_mixin.py:137} INFO - [2024-07-23T00:01:55.599+0000] {dagbag.py:538} INFO - Filling up the DagBag from /home/airflow/.local/lib/python3.7/site-packages/airflow/example_dags/example_local_kubernetes_executor.py
[2024-07-23T00:01:55.612+0000] {processor.py:753} INFO - DAG(s) dict_keys(['example_local_kubernetes_executor']) retrieved from /home/airflow/.local/lib/python3.7/site-packages/airflow/example_dags/example_local_kubernetes_executor.py
[2024-07-23T00:01:55.628+0000] {logging_mixin.py:137} INFO - [2024-07-23T00:01:55.628+0000] {dag.py:2690} INFO - Sync 1 DAGs
[2024-07-23T00:01:55.640+0000] {logging_mixin.py:137} INFO - [2024-07-23T00:01:55.640+0000] {dag.py:3441} INFO - Setting next_dagrun for example_local_kubernetes_executor to None, run_after=None
[2024-07-23T00:01:55.650+0000] {processor.py:175} INFO - Processing /home/airflow/.local/lib/python3.7/site-packages/airflow/example_dags/example_local_kubernetes_executor.py took 0.054 seconds
[2024-07-23T00:02:26.622+0000] {processor.py:153} INFO - Started process (PID=38811) to work on /home/airflow/.local/lib/python3.7/site-packages/airflow/example_dags/example_local_kubernetes_executor.py
[2024-07-23T00:02:26.623+0000] {processor.py:743} INFO - Processing file /home/airflow/.local/lib/python3.7/site-packages/airflow/example_dags/example_local_kubernetes_executor.py for tasks to queue
[2024-07-23T00:02:26.624+0000] {logging_mixin.py:137} INFO - [2024-07-23T00:02:26.624+0000] {dagbag.py:538} INFO - Filling up the DagBag from /home/airflow/.local/lib/python3.7/site-packages/airflow/example_dags/example_local_kubernetes_executor.py
[2024-07-23T00:02:26.639+0000] {processor.py:753} INFO - DAG(s) dict_keys(['example_local_kubernetes_executor']) retrieved from /home/airflow/.local/lib/python3.7/site-packages/airflow/example_dags/example_local_kubernetes_executor.py
[2024-07-23T00:02:26.656+0000] {logging_mixin.py:137} INFO - [2024-07-23T00:02:26.656+0000] {dag.py:2690} INFO - Sync 1 DAGs
[2024-07-23T00:02:26.672+0000] {logging_mixin.py:137} INFO - [2024-07-23T00:02:26.672+0000] {dag.py:3441} INFO - Setting next_dagrun for example_local_kubernetes_executor to None, run_after=None
[2024-07-23T00:02:26.683+0000] {processor.py:175} INFO - Processing /home/airflow/.local/lib/python3.7/site-packages/airflow/example_dags/example_local_kubernetes_executor.py took 0.064 seconds
