[2024-07-23T00:00:23.241+0000] {processor.py:153} INFO - Started process (PID=38467) to work on /home/airflow/.local/lib/python3.7/site-packages/airflow/example_dags/example_kubernetes_executor.py
[2024-07-23T00:00:23.241+0000] {processor.py:743} INFO - Processing file /home/airflow/.local/lib/python3.7/site-packages/airflow/example_dags/example_kubernetes_executor.py for tasks to queue
[2024-07-23T00:00:23.245+0000] {logging_mixin.py:137} INFO - [2024-07-23T00:00:23.245+0000] {dagbag.py:538} INFO - Filling up the DagBag from /home/airflow/.local/lib/python3.7/site-packages/airflow/example_dags/example_kubernetes_executor.py
[2024-07-23T00:00:23.264+0000] {processor.py:753} INFO - DAG(s) dict_keys(['example_kubernetes_executor']) retrieved from /home/airflow/.local/lib/python3.7/site-packages/airflow/example_dags/example_kubernetes_executor.py
[2024-07-23T00:00:23.287+0000] {logging_mixin.py:137} INFO - [2024-07-23T00:00:23.287+0000] {dag.py:2690} INFO - Sync 1 DAGs
[2024-07-23T00:00:23.300+0000] {logging_mixin.py:137} INFO - [2024-07-23T00:00:23.300+0000] {dag.py:3441} INFO - Setting next_dagrun for example_kubernetes_executor to None, run_after=None
[2024-07-23T00:00:23.319+0000] {processor.py:175} INFO - Processing /home/airflow/.local/lib/python3.7/site-packages/airflow/example_dags/example_kubernetes_executor.py took 0.081 seconds
[2024-07-23T00:00:53.477+0000] {processor.py:153} INFO - Started process (PID=38554) to work on /home/airflow/.local/lib/python3.7/site-packages/airflow/example_dags/example_kubernetes_executor.py
[2024-07-23T00:00:53.477+0000] {processor.py:743} INFO - Processing file /home/airflow/.local/lib/python3.7/site-packages/airflow/example_dags/example_kubernetes_executor.py for tasks to queue
[2024-07-23T00:00:53.478+0000] {logging_mixin.py:137} INFO - [2024-07-23T00:00:53.478+0000] {dagbag.py:538} INFO - Filling up the DagBag from /home/airflow/.local/lib/python3.7/site-packages/airflow/example_dags/example_kubernetes_executor.py
[2024-07-23T00:00:53.511+0000] {processor.py:753} INFO - DAG(s) dict_keys(['example_kubernetes_executor']) retrieved from /home/airflow/.local/lib/python3.7/site-packages/airflow/example_dags/example_kubernetes_executor.py
[2024-07-23T00:00:53.535+0000] {logging_mixin.py:137} INFO - [2024-07-23T00:00:53.535+0000] {dag.py:2690} INFO - Sync 1 DAGs
[2024-07-23T00:00:53.552+0000] {logging_mixin.py:137} INFO - [2024-07-23T00:00:53.552+0000] {dag.py:3441} INFO - Setting next_dagrun for example_kubernetes_executor to None, run_after=None
[2024-07-23T00:00:53.565+0000] {processor.py:175} INFO - Processing /home/airflow/.local/lib/python3.7/site-packages/airflow/example_dags/example_kubernetes_executor.py took 0.091 seconds
[2024-07-23T00:01:24.850+0000] {processor.py:153} INFO - Started process (PID=38641) to work on /home/airflow/.local/lib/python3.7/site-packages/airflow/example_dags/example_kubernetes_executor.py
[2024-07-23T00:01:24.851+0000] {processor.py:743} INFO - Processing file /home/airflow/.local/lib/python3.7/site-packages/airflow/example_dags/example_kubernetes_executor.py for tasks to queue
[2024-07-23T00:01:24.851+0000] {logging_mixin.py:137} INFO - [2024-07-23T00:01:24.851+0000] {dagbag.py:538} INFO - Filling up the DagBag from /home/airflow/.local/lib/python3.7/site-packages/airflow/example_dags/example_kubernetes_executor.py
[2024-07-23T00:01:24.868+0000] {processor.py:753} INFO - DAG(s) dict_keys(['example_kubernetes_executor']) retrieved from /home/airflow/.local/lib/python3.7/site-packages/airflow/example_dags/example_kubernetes_executor.py
[2024-07-23T00:01:24.886+0000] {logging_mixin.py:137} INFO - [2024-07-23T00:01:24.886+0000] {dag.py:2690} INFO - Sync 1 DAGs
[2024-07-23T00:01:24.900+0000] {logging_mixin.py:137} INFO - [2024-07-23T00:01:24.900+0000] {dag.py:3441} INFO - Setting next_dagrun for example_kubernetes_executor to None, run_after=None
[2024-07-23T00:01:24.916+0000] {processor.py:175} INFO - Processing /home/airflow/.local/lib/python3.7/site-packages/airflow/example_dags/example_kubernetes_executor.py took 0.068 seconds
[2024-07-23T00:01:54.947+0000] {processor.py:153} INFO - Started process (PID=38712) to work on /home/airflow/.local/lib/python3.7/site-packages/airflow/example_dags/example_kubernetes_executor.py
[2024-07-23T00:01:54.948+0000] {processor.py:743} INFO - Processing file /home/airflow/.local/lib/python3.7/site-packages/airflow/example_dags/example_kubernetes_executor.py for tasks to queue
[2024-07-23T00:01:54.950+0000] {logging_mixin.py:137} INFO - [2024-07-23T00:01:54.950+0000] {dagbag.py:538} INFO - Filling up the DagBag from /home/airflow/.local/lib/python3.7/site-packages/airflow/example_dags/example_kubernetes_executor.py
[2024-07-23T00:01:54.976+0000] {processor.py:753} INFO - DAG(s) dict_keys(['example_kubernetes_executor']) retrieved from /home/airflow/.local/lib/python3.7/site-packages/airflow/example_dags/example_kubernetes_executor.py
[2024-07-23T00:01:54.998+0000] {logging_mixin.py:137} INFO - [2024-07-23T00:01:54.997+0000] {dag.py:2690} INFO - Sync 1 DAGs
[2024-07-23T00:01:55.016+0000] {logging_mixin.py:137} INFO - [2024-07-23T00:01:55.016+0000] {dag.py:3441} INFO - Setting next_dagrun for example_kubernetes_executor to None, run_after=None
[2024-07-23T00:01:55.042+0000] {processor.py:175} INFO - Processing /home/airflow/.local/lib/python3.7/site-packages/airflow/example_dags/example_kubernetes_executor.py took 0.097 seconds
[2024-07-23T00:02:25.061+0000] {processor.py:153} INFO - Started process (PID=38799) to work on /home/airflow/.local/lib/python3.7/site-packages/airflow/example_dags/example_kubernetes_executor.py
[2024-07-23T00:02:25.062+0000] {processor.py:743} INFO - Processing file /home/airflow/.local/lib/python3.7/site-packages/airflow/example_dags/example_kubernetes_executor.py for tasks to queue
[2024-07-23T00:02:25.062+0000] {logging_mixin.py:137} INFO - [2024-07-23T00:02:25.062+0000] {dagbag.py:538} INFO - Filling up the DagBag from /home/airflow/.local/lib/python3.7/site-packages/airflow/example_dags/example_kubernetes_executor.py
[2024-07-23T00:02:25.081+0000] {processor.py:753} INFO - DAG(s) dict_keys(['example_kubernetes_executor']) retrieved from /home/airflow/.local/lib/python3.7/site-packages/airflow/example_dags/example_kubernetes_executor.py
[2024-07-23T00:02:25.099+0000] {logging_mixin.py:137} INFO - [2024-07-23T00:02:25.099+0000] {dag.py:2690} INFO - Sync 1 DAGs
[2024-07-23T00:02:25.112+0000] {logging_mixin.py:137} INFO - [2024-07-23T00:02:25.112+0000] {dag.py:3441} INFO - Setting next_dagrun for example_kubernetes_executor to None, run_after=None
[2024-07-23T00:02:25.122+0000] {processor.py:175} INFO - Processing /home/airflow/.local/lib/python3.7/site-packages/airflow/example_dags/example_kubernetes_executor.py took 0.063 seconds
