[2024-07-23T00:00:22.594+0000] {processor.py:153} INFO - Started process (PID=38452) to work on /home/airflow/.local/lib/python3.7/site-packages/airflow/example_dags/example_branch_operator_decorator.py
[2024-07-23T00:00:22.596+0000] {processor.py:743} INFO - Processing file /home/airflow/.local/lib/python3.7/site-packages/airflow/example_dags/example_branch_operator_decorator.py for tasks to queue
[2024-07-23T00:00:22.597+0000] {logging_mixin.py:137} INFO - [2024-07-23T00:00:22.597+0000] {dagbag.py:538} INFO - Filling up the DagBag from /home/airflow/.local/lib/python3.7/site-packages/airflow/example_dags/example_branch_operator_decorator.py
[2024-07-23T00:00:22.622+0000] {processor.py:753} INFO - DAG(s) dict_keys(['example_branch_python_operator_decorator']) retrieved from /home/airflow/.local/lib/python3.7/site-packages/airflow/example_dags/example_branch_operator_decorator.py
[2024-07-23T00:00:22.642+0000] {logging_mixin.py:137} INFO - [2024-07-23T00:00:22.642+0000] {dag.py:2690} INFO - Sync 1 DAGs
[2024-07-23T00:00:22.659+0000] {logging_mixin.py:137} INFO - [2024-07-23T00:00:22.659+0000] {dag.py:3441} INFO - Setting next_dagrun for example_branch_python_operator_decorator to 2024-07-22T00:00:00+00:00, run_after=2024-07-23T00:00:00+00:00
[2024-07-23T00:00:22.672+0000] {processor.py:175} INFO - Processing /home/airflow/.local/lib/python3.7/site-packages/airflow/example_dags/example_branch_operator_decorator.py took 0.082 seconds
[2024-07-23T00:00:52.745+0000] {processor.py:153} INFO - Started process (PID=38539) to work on /home/airflow/.local/lib/python3.7/site-packages/airflow/example_dags/example_branch_operator_decorator.py
[2024-07-23T00:00:52.746+0000] {processor.py:743} INFO - Processing file /home/airflow/.local/lib/python3.7/site-packages/airflow/example_dags/example_branch_operator_decorator.py for tasks to queue
[2024-07-23T00:00:52.747+0000] {logging_mixin.py:137} INFO - [2024-07-23T00:00:52.747+0000] {dagbag.py:538} INFO - Filling up the DagBag from /home/airflow/.local/lib/python3.7/site-packages/airflow/example_dags/example_branch_operator_decorator.py
[2024-07-23T00:00:52.783+0000] {processor.py:753} INFO - DAG(s) dict_keys(['example_branch_python_operator_decorator']) retrieved from /home/airflow/.local/lib/python3.7/site-packages/airflow/example_dags/example_branch_operator_decorator.py
[2024-07-23T00:00:52.805+0000] {logging_mixin.py:137} INFO - [2024-07-23T00:00:52.805+0000] {dag.py:2690} INFO - Sync 1 DAGs
[2024-07-23T00:00:52.826+0000] {logging_mixin.py:137} INFO - [2024-07-23T00:00:52.826+0000] {dag.py:3441} INFO - Setting next_dagrun for example_branch_python_operator_decorator to 2024-07-22T00:00:00+00:00, run_after=2024-07-23T00:00:00+00:00
[2024-07-23T00:00:52.840+0000] {processor.py:175} INFO - Processing /home/airflow/.local/lib/python3.7/site-packages/airflow/example_dags/example_branch_operator_decorator.py took 0.103 seconds
[2024-07-23T00:01:23.822+0000] {processor.py:153} INFO - Started process (PID=38626) to work on /home/airflow/.local/lib/python3.7/site-packages/airflow/example_dags/example_branch_operator_decorator.py
[2024-07-23T00:01:23.823+0000] {processor.py:743} INFO - Processing file /home/airflow/.local/lib/python3.7/site-packages/airflow/example_dags/example_branch_operator_decorator.py for tasks to queue
[2024-07-23T00:01:23.824+0000] {logging_mixin.py:137} INFO - [2024-07-23T00:01:23.824+0000] {dagbag.py:538} INFO - Filling up the DagBag from /home/airflow/.local/lib/python3.7/site-packages/airflow/example_dags/example_branch_operator_decorator.py
[2024-07-23T00:01:23.846+0000] {processor.py:753} INFO - DAG(s) dict_keys(['example_branch_python_operator_decorator']) retrieved from /home/airflow/.local/lib/python3.7/site-packages/airflow/example_dags/example_branch_operator_decorator.py
[2024-07-23T00:01:23.875+0000] {logging_mixin.py:137} INFO - [2024-07-23T00:01:23.874+0000] {dag.py:2690} INFO - Sync 1 DAGs
[2024-07-23T00:01:23.902+0000] {logging_mixin.py:137} INFO - [2024-07-23T00:01:23.902+0000] {dag.py:3441} INFO - Setting next_dagrun for example_branch_python_operator_decorator to 2024-07-22T00:00:00+00:00, run_after=2024-07-23T00:00:00+00:00
[2024-07-23T00:01:23.922+0000] {processor.py:175} INFO - Processing /home/airflow/.local/lib/python3.7/site-packages/airflow/example_dags/example_branch_operator_decorator.py took 0.103 seconds
[2024-07-23T00:01:54.167+0000] {processor.py:153} INFO - Started process (PID=38697) to work on /home/airflow/.local/lib/python3.7/site-packages/airflow/example_dags/example_branch_operator_decorator.py
[2024-07-23T00:01:54.168+0000] {processor.py:743} INFO - Processing file /home/airflow/.local/lib/python3.7/site-packages/airflow/example_dags/example_branch_operator_decorator.py for tasks to queue
[2024-07-23T00:01:54.169+0000] {logging_mixin.py:137} INFO - [2024-07-23T00:01:54.169+0000] {dagbag.py:538} INFO - Filling up the DagBag from /home/airflow/.local/lib/python3.7/site-packages/airflow/example_dags/example_branch_operator_decorator.py
[2024-07-23T00:01:54.208+0000] {processor.py:753} INFO - DAG(s) dict_keys(['example_branch_python_operator_decorator']) retrieved from /home/airflow/.local/lib/python3.7/site-packages/airflow/example_dags/example_branch_operator_decorator.py
[2024-07-23T00:01:54.241+0000] {logging_mixin.py:137} INFO - [2024-07-23T00:01:54.241+0000] {dag.py:2690} INFO - Sync 1 DAGs
[2024-07-23T00:01:54.262+0000] {logging_mixin.py:137} INFO - [2024-07-23T00:01:54.261+0000] {dag.py:3441} INFO - Setting next_dagrun for example_branch_python_operator_decorator to 2024-07-22T00:00:00+00:00, run_after=2024-07-23T00:00:00+00:00
[2024-07-23T00:01:54.278+0000] {processor.py:175} INFO - Processing /home/airflow/.local/lib/python3.7/site-packages/airflow/example_dags/example_branch_operator_decorator.py took 0.117 seconds
[2024-07-23T00:02:24.394+0000] {processor.py:153} INFO - Started process (PID=38784) to work on /home/airflow/.local/lib/python3.7/site-packages/airflow/example_dags/example_branch_operator_decorator.py
[2024-07-23T00:02:24.396+0000] {processor.py:743} INFO - Processing file /home/airflow/.local/lib/python3.7/site-packages/airflow/example_dags/example_branch_operator_decorator.py for tasks to queue
[2024-07-23T00:02:24.398+0000] {logging_mixin.py:137} INFO - [2024-07-23T00:02:24.397+0000] {dagbag.py:538} INFO - Filling up the DagBag from /home/airflow/.local/lib/python3.7/site-packages/airflow/example_dags/example_branch_operator_decorator.py
[2024-07-23T00:02:24.426+0000] {processor.py:753} INFO - DAG(s) dict_keys(['example_branch_python_operator_decorator']) retrieved from /home/airflow/.local/lib/python3.7/site-packages/airflow/example_dags/example_branch_operator_decorator.py
[2024-07-23T00:02:24.446+0000] {logging_mixin.py:137} INFO - [2024-07-23T00:02:24.446+0000] {dag.py:2690} INFO - Sync 1 DAGs
[2024-07-23T00:02:24.461+0000] {logging_mixin.py:137} INFO - [2024-07-23T00:02:24.460+0000] {dag.py:3441} INFO - Setting next_dagrun for example_branch_python_operator_decorator to 2024-07-22T00:00:00+00:00, run_after=2024-07-23T00:00:00+00:00
[2024-07-23T00:02:24.476+0000] {processor.py:175} INFO - Processing /home/airflow/.local/lib/python3.7/site-packages/airflow/example_dags/example_branch_operator_decorator.py took 0.087 seconds
