[2024-07-23T00:00:23.017+0000] {processor.py:153} INFO - Started process (PID=38462) to work on /home/airflow/.local/lib/python3.7/site-packages/airflow/example_dags/example_subdag_operator.py
[2024-07-23T00:00:23.018+0000] {processor.py:743} INFO - Processing file /home/airflow/.local/lib/python3.7/site-packages/airflow/example_dags/example_subdag_operator.py for tasks to queue
[2024-07-23T00:00:23.018+0000] {logging_mixin.py:137} INFO - [2024-07-23T00:00:23.018+0000] {dagbag.py:538} INFO - Filling up the DagBag from /home/airflow/.local/lib/python3.7/site-packages/airflow/example_dags/example_subdag_operator.py
[2024-07-23T00:00:23.044+0000] {processor.py:753} INFO - DAG(s) dict_keys(['example_subdag_operator.section-1', 'example_subdag_operator.section-2', 'example_subdag_operator']) retrieved from /home/airflow/.local/lib/python3.7/site-packages/airflow/example_dags/example_subdag_operator.py
[2024-07-23T00:00:23.061+0000] {logging_mixin.py:137} INFO - [2024-07-23T00:00:23.060+0000] {dag.py:2690} INFO - Sync 3 DAGs
[2024-07-23T00:00:23.087+0000] {logging_mixin.py:137} INFO - [2024-07-23T00:00:23.087+0000] {dag.py:3441} INFO - Setting next_dagrun for example_subdag_operator to None, run_after=None
[2024-07-23T00:00:23.093+0000] {logging_mixin.py:137} INFO - [2024-07-23T00:00:23.093+0000] {dag.py:3441} INFO - Setting next_dagrun for example_subdag_operator.section-1 to None, run_after=None
[2024-07-23T00:00:23.096+0000] {logging_mixin.py:137} INFO - [2024-07-23T00:00:23.096+0000] {dag.py:3441} INFO - Setting next_dagrun for example_subdag_operator.section-2 to None, run_after=None
[2024-07-23T00:00:23.102+0000] {logging_mixin.py:137} INFO - [2024-07-23T00:00:23.102+0000] {dag.py:2690} INFO - Sync 2 DAGs
[2024-07-23T00:00:23.107+0000] {logging_mixin.py:137} INFO - [2024-07-23T00:00:23.107+0000] {dag.py:3441} INFO - Setting next_dagrun for example_subdag_operator.section-1 to None, run_after=None
[2024-07-23T00:00:23.109+0000] {logging_mixin.py:137} INFO - [2024-07-23T00:00:23.109+0000] {dag.py:3441} INFO - Setting next_dagrun for example_subdag_operator.section-2 to None, run_after=None
[2024-07-23T00:00:23.116+0000] {processor.py:175} INFO - Processing /home/airflow/.local/lib/python3.7/site-packages/airflow/example_dags/example_subdag_operator.py took 0.101 seconds
[2024-07-23T00:00:53.246+0000] {processor.py:153} INFO - Started process (PID=38549) to work on /home/airflow/.local/lib/python3.7/site-packages/airflow/example_dags/example_subdag_operator.py
[2024-07-23T00:00:53.247+0000] {processor.py:743} INFO - Processing file /home/airflow/.local/lib/python3.7/site-packages/airflow/example_dags/example_subdag_operator.py for tasks to queue
[2024-07-23T00:00:53.248+0000] {logging_mixin.py:137} INFO - [2024-07-23T00:00:53.248+0000] {dagbag.py:538} INFO - Filling up the DagBag from /home/airflow/.local/lib/python3.7/site-packages/airflow/example_dags/example_subdag_operator.py
[2024-07-23T00:00:53.267+0000] {processor.py:753} INFO - DAG(s) dict_keys(['example_subdag_operator.section-1', 'example_subdag_operator.section-2', 'example_subdag_operator']) retrieved from /home/airflow/.local/lib/python3.7/site-packages/airflow/example_dags/example_subdag_operator.py
[2024-07-23T00:00:53.281+0000] {logging_mixin.py:137} INFO - [2024-07-23T00:00:53.281+0000] {dag.py:2690} INFO - Sync 3 DAGs
[2024-07-23T00:00:53.297+0000] {logging_mixin.py:137} INFO - [2024-07-23T00:00:53.296+0000] {dag.py:3441} INFO - Setting next_dagrun for example_subdag_operator to None, run_after=None
[2024-07-23T00:00:53.300+0000] {logging_mixin.py:137} INFO - [2024-07-23T00:00:53.300+0000] {dag.py:3441} INFO - Setting next_dagrun for example_subdag_operator.section-1 to None, run_after=None
[2024-07-23T00:00:53.300+0000] {logging_mixin.py:137} INFO - [2024-07-23T00:00:53.300+0000] {dag.py:3441} INFO - Setting next_dagrun for example_subdag_operator.section-2 to None, run_after=None
[2024-07-23T00:00:53.306+0000] {logging_mixin.py:137} INFO - [2024-07-23T00:00:53.306+0000] {dag.py:2690} INFO - Sync 2 DAGs
[2024-07-23T00:00:53.309+0000] {logging_mixin.py:137} INFO - [2024-07-23T00:00:53.309+0000] {dag.py:3441} INFO - Setting next_dagrun for example_subdag_operator.section-1 to None, run_after=None
[2024-07-23T00:00:53.310+0000] {logging_mixin.py:137} INFO - [2024-07-23T00:00:53.310+0000] {dag.py:3441} INFO - Setting next_dagrun for example_subdag_operator.section-2 to None, run_after=None
[2024-07-23T00:00:53.321+0000] {processor.py:175} INFO - Processing /home/airflow/.local/lib/python3.7/site-packages/airflow/example_dags/example_subdag_operator.py took 0.076 seconds
[2024-07-23T00:01:24.523+0000] {processor.py:153} INFO - Started process (PID=38636) to work on /home/airflow/.local/lib/python3.7/site-packages/airflow/example_dags/example_subdag_operator.py
[2024-07-23T00:01:24.527+0000] {processor.py:743} INFO - Processing file /home/airflow/.local/lib/python3.7/site-packages/airflow/example_dags/example_subdag_operator.py for tasks to queue
[2024-07-23T00:01:24.528+0000] {logging_mixin.py:137} INFO - [2024-07-23T00:01:24.527+0000] {dagbag.py:538} INFO - Filling up the DagBag from /home/airflow/.local/lib/python3.7/site-packages/airflow/example_dags/example_subdag_operator.py
[2024-07-23T00:01:24.554+0000] {processor.py:753} INFO - DAG(s) dict_keys(['example_subdag_operator.section-1', 'example_subdag_operator.section-2', 'example_subdag_operator']) retrieved from /home/airflow/.local/lib/python3.7/site-packages/airflow/example_dags/example_subdag_operator.py
[2024-07-23T00:01:24.572+0000] {logging_mixin.py:137} INFO - [2024-07-23T00:01:24.572+0000] {dag.py:2690} INFO - Sync 3 DAGs
[2024-07-23T00:01:24.593+0000] {logging_mixin.py:137} INFO - [2024-07-23T00:01:24.593+0000] {dag.py:3441} INFO - Setting next_dagrun for example_subdag_operator to None, run_after=None
[2024-07-23T00:01:24.598+0000] {logging_mixin.py:137} INFO - [2024-07-23T00:01:24.598+0000] {dag.py:3441} INFO - Setting next_dagrun for example_subdag_operator.section-1 to None, run_after=None
[2024-07-23T00:01:24.601+0000] {logging_mixin.py:137} INFO - [2024-07-23T00:01:24.601+0000] {dag.py:3441} INFO - Setting next_dagrun for example_subdag_operator.section-2 to None, run_after=None
[2024-07-23T00:01:24.610+0000] {logging_mixin.py:137} INFO - [2024-07-23T00:01:24.610+0000] {dag.py:2690} INFO - Sync 2 DAGs
[2024-07-23T00:01:24.616+0000] {logging_mixin.py:137} INFO - [2024-07-23T00:01:24.616+0000] {dag.py:3441} INFO - Setting next_dagrun for example_subdag_operator.section-1 to None, run_after=None
[2024-07-23T00:01:24.617+0000] {logging_mixin.py:137} INFO - [2024-07-23T00:01:24.617+0000] {dag.py:3441} INFO - Setting next_dagrun for example_subdag_operator.section-2 to None, run_after=None
[2024-07-23T00:01:24.633+0000] {processor.py:175} INFO - Processing /home/airflow/.local/lib/python3.7/site-packages/airflow/example_dags/example_subdag_operator.py took 0.113 seconds
[2024-07-23T00:01:54.760+0000] {processor.py:153} INFO - Started process (PID=38707) to work on /home/airflow/.local/lib/python3.7/site-packages/airflow/example_dags/example_subdag_operator.py
[2024-07-23T00:01:54.761+0000] {processor.py:743} INFO - Processing file /home/airflow/.local/lib/python3.7/site-packages/airflow/example_dags/example_subdag_operator.py for tasks to queue
[2024-07-23T00:01:54.762+0000] {logging_mixin.py:137} INFO - [2024-07-23T00:01:54.761+0000] {dagbag.py:538} INFO - Filling up the DagBag from /home/airflow/.local/lib/python3.7/site-packages/airflow/example_dags/example_subdag_operator.py
[2024-07-23T00:01:54.787+0000] {processor.py:753} INFO - DAG(s) dict_keys(['example_subdag_operator.section-1', 'example_subdag_operator.section-2', 'example_subdag_operator']) retrieved from /home/airflow/.local/lib/python3.7/site-packages/airflow/example_dags/example_subdag_operator.py
[2024-07-23T00:01:54.798+0000] {logging_mixin.py:137} INFO - [2024-07-23T00:01:54.797+0000] {dag.py:2690} INFO - Sync 3 DAGs
[2024-07-23T00:01:54.813+0000] {logging_mixin.py:137} INFO - [2024-07-23T00:01:54.813+0000] {dag.py:3441} INFO - Setting next_dagrun for example_subdag_operator to None, run_after=None
[2024-07-23T00:01:54.816+0000] {logging_mixin.py:137} INFO - [2024-07-23T00:01:54.816+0000] {dag.py:3441} INFO - Setting next_dagrun for example_subdag_operator.section-1 to None, run_after=None
[2024-07-23T00:01:54.817+0000] {logging_mixin.py:137} INFO - [2024-07-23T00:01:54.817+0000] {dag.py:3441} INFO - Setting next_dagrun for example_subdag_operator.section-2 to None, run_after=None
[2024-07-23T00:01:54.823+0000] {logging_mixin.py:137} INFO - [2024-07-23T00:01:54.823+0000] {dag.py:2690} INFO - Sync 2 DAGs
[2024-07-23T00:01:54.829+0000] {logging_mixin.py:137} INFO - [2024-07-23T00:01:54.829+0000] {dag.py:3441} INFO - Setting next_dagrun for example_subdag_operator.section-1 to None, run_after=None
[2024-07-23T00:01:54.829+0000] {logging_mixin.py:137} INFO - [2024-07-23T00:01:54.829+0000] {dag.py:3441} INFO - Setting next_dagrun for example_subdag_operator.section-2 to None, run_after=None
[2024-07-23T00:01:54.836+0000] {processor.py:175} INFO - Processing /home/airflow/.local/lib/python3.7/site-packages/airflow/example_dags/example_subdag_operator.py took 0.078 seconds
[2024-07-23T00:02:24.897+0000] {processor.py:153} INFO - Started process (PID=38794) to work on /home/airflow/.local/lib/python3.7/site-packages/airflow/example_dags/example_subdag_operator.py
[2024-07-23T00:02:24.898+0000] {processor.py:743} INFO - Processing file /home/airflow/.local/lib/python3.7/site-packages/airflow/example_dags/example_subdag_operator.py for tasks to queue
[2024-07-23T00:02:24.898+0000] {logging_mixin.py:137} INFO - [2024-07-23T00:02:24.898+0000] {dagbag.py:538} INFO - Filling up the DagBag from /home/airflow/.local/lib/python3.7/site-packages/airflow/example_dags/example_subdag_operator.py
[2024-07-23T00:02:24.919+0000] {processor.py:753} INFO - DAG(s) dict_keys(['example_subdag_operator.section-1', 'example_subdag_operator.section-2', 'example_subdag_operator']) retrieved from /home/airflow/.local/lib/python3.7/site-packages/airflow/example_dags/example_subdag_operator.py
[2024-07-23T00:02:24.932+0000] {logging_mixin.py:137} INFO - [2024-07-23T00:02:24.932+0000] {dag.py:2690} INFO - Sync 3 DAGs
[2024-07-23T00:02:24.945+0000] {logging_mixin.py:137} INFO - [2024-07-23T00:02:24.944+0000] {dag.py:3441} INFO - Setting next_dagrun for example_subdag_operator to None, run_after=None
[2024-07-23T00:02:24.948+0000] {logging_mixin.py:137} INFO - [2024-07-23T00:02:24.948+0000] {dag.py:3441} INFO - Setting next_dagrun for example_subdag_operator.section-1 to None, run_after=None
[2024-07-23T00:02:24.950+0000] {logging_mixin.py:137} INFO - [2024-07-23T00:02:24.950+0000] {dag.py:3441} INFO - Setting next_dagrun for example_subdag_operator.section-2 to None, run_after=None
[2024-07-23T00:02:24.955+0000] {logging_mixin.py:137} INFO - [2024-07-23T00:02:24.955+0000] {dag.py:2690} INFO - Sync 2 DAGs
[2024-07-23T00:02:24.961+0000] {logging_mixin.py:137} INFO - [2024-07-23T00:02:24.961+0000] {dag.py:3441} INFO - Setting next_dagrun for example_subdag_operator.section-1 to None, run_after=None
[2024-07-23T00:02:24.962+0000] {logging_mixin.py:137} INFO - [2024-07-23T00:02:24.962+0000] {dag.py:3441} INFO - Setting next_dagrun for example_subdag_operator.section-2 to None, run_after=None
[2024-07-23T00:02:24.969+0000] {processor.py:175} INFO - Processing /home/airflow/.local/lib/python3.7/site-packages/airflow/example_dags/example_subdag_operator.py took 0.074 seconds
