[2024-07-23T00:00:23.212+0000] {processor.py:153} INFO - Started process (PID=38466) to work on /home/airflow/.local/lib/python3.7/site-packages/airflow/example_dags/example_sensor_decorator.py
[2024-07-23T00:00:23.213+0000] {processor.py:743} INFO - Processing file /home/airflow/.local/lib/python3.7/site-packages/airflow/example_dags/example_sensor_decorator.py for tasks to queue
[2024-07-23T00:00:23.213+0000] {logging_mixin.py:137} INFO - [2024-07-23T00:00:23.213+0000] {dagbag.py:538} INFO - Filling up the DagBag from /home/airflow/.local/lib/python3.7/site-packages/airflow/example_dags/example_sensor_decorator.py
[2024-07-23T00:00:23.227+0000] {processor.py:753} INFO - DAG(s) dict_keys(['example_sensor_decorator']) retrieved from /home/airflow/.local/lib/python3.7/site-packages/airflow/example_dags/example_sensor_decorator.py
[2024-07-23T00:00:23.241+0000] {logging_mixin.py:137} INFO - [2024-07-23T00:00:23.241+0000] {dag.py:2690} INFO - Sync 1 DAGs
[2024-07-23T00:00:23.257+0000] {logging_mixin.py:137} INFO - [2024-07-23T00:00:23.256+0000] {dag.py:3441} INFO - Setting next_dagrun for example_sensor_decorator to None, run_after=None
[2024-07-23T00:00:23.278+0000] {processor.py:175} INFO - Processing /home/airflow/.local/lib/python3.7/site-packages/airflow/example_dags/example_sensor_decorator.py took 0.069 seconds
[2024-07-23T00:00:53.412+0000] {processor.py:153} INFO - Started process (PID=38553) to work on /home/airflow/.local/lib/python3.7/site-packages/airflow/example_dags/example_sensor_decorator.py
[2024-07-23T00:00:53.413+0000] {processor.py:743} INFO - Processing file /home/airflow/.local/lib/python3.7/site-packages/airflow/example_dags/example_sensor_decorator.py for tasks to queue
[2024-07-23T00:00:53.413+0000] {logging_mixin.py:137} INFO - [2024-07-23T00:00:53.413+0000] {dagbag.py:538} INFO - Filling up the DagBag from /home/airflow/.local/lib/python3.7/site-packages/airflow/example_dags/example_sensor_decorator.py
[2024-07-23T00:00:53.426+0000] {processor.py:753} INFO - DAG(s) dict_keys(['example_sensor_decorator']) retrieved from /home/airflow/.local/lib/python3.7/site-packages/airflow/example_dags/example_sensor_decorator.py
[2024-07-23T00:00:53.440+0000] {logging_mixin.py:137} INFO - [2024-07-23T00:00:53.440+0000] {dag.py:2690} INFO - Sync 1 DAGs
[2024-07-23T00:00:53.453+0000] {logging_mixin.py:137} INFO - [2024-07-23T00:00:53.453+0000] {dag.py:3441} INFO - Setting next_dagrun for example_sensor_decorator to None, run_after=None
[2024-07-23T00:00:53.463+0000] {processor.py:175} INFO - Processing /home/airflow/.local/lib/python3.7/site-packages/airflow/example_dags/example_sensor_decorator.py took 0.053 seconds
[2024-07-23T00:01:24.751+0000] {processor.py:153} INFO - Started process (PID=38640) to work on /home/airflow/.local/lib/python3.7/site-packages/airflow/example_dags/example_sensor_decorator.py
[2024-07-23T00:01:24.756+0000] {processor.py:743} INFO - Processing file /home/airflow/.local/lib/python3.7/site-packages/airflow/example_dags/example_sensor_decorator.py for tasks to queue
[2024-07-23T00:01:24.760+0000] {logging_mixin.py:137} INFO - [2024-07-23T00:01:24.760+0000] {dagbag.py:538} INFO - Filling up the DagBag from /home/airflow/.local/lib/python3.7/site-packages/airflow/example_dags/example_sensor_decorator.py
[2024-07-23T00:01:24.784+0000] {processor.py:753} INFO - DAG(s) dict_keys(['example_sensor_decorator']) retrieved from /home/airflow/.local/lib/python3.7/site-packages/airflow/example_dags/example_sensor_decorator.py
[2024-07-23T00:01:24.810+0000] {logging_mixin.py:137} INFO - [2024-07-23T00:01:24.810+0000] {dag.py:2690} INFO - Sync 1 DAGs
[2024-07-23T00:01:24.827+0000] {logging_mixin.py:137} INFO - [2024-07-23T00:01:24.827+0000] {dag.py:3441} INFO - Setting next_dagrun for example_sensor_decorator to None, run_after=None
[2024-07-23T00:01:24.842+0000] {processor.py:175} INFO - Processing /home/airflow/.local/lib/python3.7/site-packages/airflow/example_dags/example_sensor_decorator.py took 0.096 seconds
[2024-07-23T00:01:54.929+0000] {processor.py:153} INFO - Started process (PID=38711) to work on /home/airflow/.local/lib/python3.7/site-packages/airflow/example_dags/example_sensor_decorator.py
[2024-07-23T00:01:54.939+0000] {processor.py:743} INFO - Processing file /home/airflow/.local/lib/python3.7/site-packages/airflow/example_dags/example_sensor_decorator.py for tasks to queue
[2024-07-23T00:01:54.940+0000] {logging_mixin.py:137} INFO - [2024-07-23T00:01:54.940+0000] {dagbag.py:538} INFO - Filling up the DagBag from /home/airflow/.local/lib/python3.7/site-packages/airflow/example_dags/example_sensor_decorator.py
[2024-07-23T00:01:54.955+0000] {processor.py:753} INFO - DAG(s) dict_keys(['example_sensor_decorator']) retrieved from /home/airflow/.local/lib/python3.7/site-packages/airflow/example_dags/example_sensor_decorator.py
[2024-07-23T00:01:54.974+0000] {logging_mixin.py:137} INFO - [2024-07-23T00:01:54.974+0000] {dag.py:2690} INFO - Sync 1 DAGs
[2024-07-23T00:01:54.992+0000] {logging_mixin.py:137} INFO - [2024-07-23T00:01:54.992+0000] {dag.py:3441} INFO - Setting next_dagrun for example_sensor_decorator to None, run_after=None
[2024-07-23T00:01:55.016+0000] {processor.py:175} INFO - Processing /home/airflow/.local/lib/python3.7/site-packages/airflow/example_dags/example_sensor_decorator.py took 0.090 seconds
[2024-07-23T00:02:25.047+0000] {processor.py:153} INFO - Started process (PID=38798) to work on /home/airflow/.local/lib/python3.7/site-packages/airflow/example_dags/example_sensor_decorator.py
[2024-07-23T00:02:25.048+0000] {processor.py:743} INFO - Processing file /home/airflow/.local/lib/python3.7/site-packages/airflow/example_dags/example_sensor_decorator.py for tasks to queue
[2024-07-23T00:02:25.048+0000] {logging_mixin.py:137} INFO - [2024-07-23T00:02:25.048+0000] {dagbag.py:538} INFO - Filling up the DagBag from /home/airflow/.local/lib/python3.7/site-packages/airflow/example_dags/example_sensor_decorator.py
[2024-07-23T00:02:25.062+0000] {processor.py:753} INFO - DAG(s) dict_keys(['example_sensor_decorator']) retrieved from /home/airflow/.local/lib/python3.7/site-packages/airflow/example_dags/example_sensor_decorator.py
[2024-07-23T00:02:25.076+0000] {logging_mixin.py:137} INFO - [2024-07-23T00:02:25.076+0000] {dag.py:2690} INFO - Sync 1 DAGs
[2024-07-23T00:02:25.089+0000] {logging_mixin.py:137} INFO - [2024-07-23T00:02:25.089+0000] {dag.py:3441} INFO - Setting next_dagrun for example_sensor_decorator to None, run_after=None
[2024-07-23T00:02:25.103+0000] {processor.py:175} INFO - Processing /home/airflow/.local/lib/python3.7/site-packages/airflow/example_dags/example_sensor_decorator.py took 0.058 seconds
