[2024-07-23T00:00:24.192+0000] {processor.py:153} INFO - Started process (PID=38486) to work on /home/airflow/.local/lib/python3.7/site-packages/airflow/example_dags/example_sla_dag.py
[2024-07-23T00:00:24.192+0000] {processor.py:743} INFO - Processing file /home/airflow/.local/lib/python3.7/site-packages/airflow/example_dags/example_sla_dag.py for tasks to queue
[2024-07-23T00:00:24.193+0000] {logging_mixin.py:137} INFO - [2024-07-23T00:00:24.193+0000] {dagbag.py:538} INFO - Filling up the DagBag from /home/airflow/.local/lib/python3.7/site-packages/airflow/example_dags/example_sla_dag.py
[2024-07-23T00:00:24.206+0000] {processor.py:753} INFO - DAG(s) dict_keys(['example_sla_dag']) retrieved from /home/airflow/.local/lib/python3.7/site-packages/airflow/example_dags/example_sla_dag.py
[2024-07-23T00:00:24.229+0000] {logging_mixin.py:137} INFO - [2024-07-23T00:00:24.229+0000] {dag.py:2690} INFO - Sync 1 DAGs
[2024-07-23T00:00:24.249+0000] {logging_mixin.py:137} INFO - [2024-07-23T00:00:24.249+0000] {dag.py:3441} INFO - Setting next_dagrun for example_sla_dag to 2024-07-22T23:58:00+00:00, run_after=2024-07-23T00:00:00+00:00
[2024-07-23T00:00:24.263+0000] {processor.py:175} INFO - Processing /home/airflow/.local/lib/python3.7/site-packages/airflow/example_dags/example_sla_dag.py took 0.073 seconds
[2024-07-23T00:00:54.287+0000] {processor.py:153} INFO - Started process (PID=38572) to work on /home/airflow/.local/lib/python3.7/site-packages/airflow/example_dags/example_sla_dag.py
[2024-07-23T00:00:54.288+0000] {processor.py:743} INFO - Processing file /home/airflow/.local/lib/python3.7/site-packages/airflow/example_dags/example_sla_dag.py for tasks to queue
[2024-07-23T00:00:54.289+0000] {logging_mixin.py:137} INFO - [2024-07-23T00:00:54.289+0000] {dagbag.py:538} INFO - Filling up the DagBag from /home/airflow/.local/lib/python3.7/site-packages/airflow/example_dags/example_sla_dag.py
[2024-07-23T00:00:54.306+0000] {processor.py:753} INFO - DAG(s) dict_keys(['example_sla_dag']) retrieved from /home/airflow/.local/lib/python3.7/site-packages/airflow/example_dags/example_sla_dag.py
[2024-07-23T00:00:54.321+0000] {logging_mixin.py:137} INFO - [2024-07-23T00:00:54.321+0000] {dag.py:2690} INFO - Sync 1 DAGs
[2024-07-23T00:00:54.340+0000] {logging_mixin.py:137} INFO - [2024-07-23T00:00:54.340+0000] {dag.py:3441} INFO - Setting next_dagrun for example_sla_dag to 2024-07-22T23:58:00+00:00, run_after=2024-07-23T00:00:00+00:00
[2024-07-23T00:00:54.356+0000] {processor.py:175} INFO - Processing /home/airflow/.local/lib/python3.7/site-packages/airflow/example_dags/example_sla_dag.py took 0.071 seconds
[2024-07-23T00:01:25.693+0000] {processor.py:153} INFO - Started process (PID=38660) to work on /home/airflow/.local/lib/python3.7/site-packages/airflow/example_dags/example_sla_dag.py
[2024-07-23T00:01:25.695+0000] {processor.py:743} INFO - Processing file /home/airflow/.local/lib/python3.7/site-packages/airflow/example_dags/example_sla_dag.py for tasks to queue
[2024-07-23T00:01:25.699+0000] {logging_mixin.py:137} INFO - [2024-07-23T00:01:25.699+0000] {dagbag.py:538} INFO - Filling up the DagBag from /home/airflow/.local/lib/python3.7/site-packages/airflow/example_dags/example_sla_dag.py
[2024-07-23T00:01:25.715+0000] {processor.py:753} INFO - DAG(s) dict_keys(['example_sla_dag']) retrieved from /home/airflow/.local/lib/python3.7/site-packages/airflow/example_dags/example_sla_dag.py
[2024-07-23T00:01:25.734+0000] {logging_mixin.py:137} INFO - [2024-07-23T00:01:25.734+0000] {dag.py:2690} INFO - Sync 1 DAGs
[2024-07-23T00:01:25.751+0000] {logging_mixin.py:137} INFO - [2024-07-23T00:01:25.751+0000] {dag.py:3441} INFO - Setting next_dagrun for example_sla_dag to 2024-07-22T23:58:00+00:00, run_after=2024-07-23T00:00:00+00:00
[2024-07-23T00:01:25.761+0000] {processor.py:175} INFO - Processing /home/airflow/.local/lib/python3.7/site-packages/airflow/example_dags/example_sla_dag.py took 0.070 seconds
[2024-07-23T00:01:55.952+0000] {processor.py:153} INFO - Started process (PID=38731) to work on /home/airflow/.local/lib/python3.7/site-packages/airflow/example_dags/example_sla_dag.py
[2024-07-23T00:01:55.952+0000] {processor.py:743} INFO - Processing file /home/airflow/.local/lib/python3.7/site-packages/airflow/example_dags/example_sla_dag.py for tasks to queue
[2024-07-23T00:01:55.953+0000] {logging_mixin.py:137} INFO - [2024-07-23T00:01:55.953+0000] {dagbag.py:538} INFO - Filling up the DagBag from /home/airflow/.local/lib/python3.7/site-packages/airflow/example_dags/example_sla_dag.py
[2024-07-23T00:01:55.967+0000] {processor.py:753} INFO - DAG(s) dict_keys(['example_sla_dag']) retrieved from /home/airflow/.local/lib/python3.7/site-packages/airflow/example_dags/example_sla_dag.py
[2024-07-23T00:01:55.983+0000] {logging_mixin.py:137} INFO - [2024-07-23T00:01:55.983+0000] {dag.py:2690} INFO - Sync 1 DAGs
[2024-07-23T00:01:56.000+0000] {logging_mixin.py:137} INFO - [2024-07-23T00:01:56.000+0000] {dag.py:3441} INFO - Setting next_dagrun for example_sla_dag to 2024-07-22T23:58:00+00:00, run_after=2024-07-23T00:00:00+00:00
[2024-07-23T00:01:56.014+0000] {processor.py:175} INFO - Processing /home/airflow/.local/lib/python3.7/site-packages/airflow/example_dags/example_sla_dag.py took 0.064 seconds
[2024-07-23T00:02:26.898+0000] {processor.py:153} INFO - Started process (PID=38818) to work on /home/airflow/.local/lib/python3.7/site-packages/airflow/example_dags/example_sla_dag.py
[2024-07-23T00:02:26.899+0000] {processor.py:743} INFO - Processing file /home/airflow/.local/lib/python3.7/site-packages/airflow/example_dags/example_sla_dag.py for tasks to queue
[2024-07-23T00:02:26.900+0000] {logging_mixin.py:137} INFO - [2024-07-23T00:02:26.900+0000] {dagbag.py:538} INFO - Filling up the DagBag from /home/airflow/.local/lib/python3.7/site-packages/airflow/example_dags/example_sla_dag.py
[2024-07-23T00:02:26.913+0000] {processor.py:753} INFO - DAG(s) dict_keys(['example_sla_dag']) retrieved from /home/airflow/.local/lib/python3.7/site-packages/airflow/example_dags/example_sla_dag.py
[2024-07-23T00:02:26.931+0000] {logging_mixin.py:137} INFO - [2024-07-23T00:02:26.931+0000] {dag.py:2690} INFO - Sync 1 DAGs
[2024-07-23T00:02:26.947+0000] {logging_mixin.py:137} INFO - [2024-07-23T00:02:26.947+0000] {dag.py:3441} INFO - Setting next_dagrun for example_sla_dag to 2024-07-23T00:00:00+00:00, run_after=2024-07-23T00:02:00+00:00
[2024-07-23T00:02:26.958+0000] {processor.py:175} INFO - Processing /home/airflow/.local/lib/python3.7/site-packages/airflow/example_dags/example_sla_dag.py took 0.063 seconds
