[2024-07-23T00:00:24.002+0000] {processor.py:153} INFO - Started process (PID=38482) to work on /home/airflow/.local/lib/python3.7/site-packages/airflow/example_dags/example_complex.py
[2024-07-23T00:00:24.003+0000] {processor.py:743} INFO - Processing file /home/airflow/.local/lib/python3.7/site-packages/airflow/example_dags/example_complex.py for tasks to queue
[2024-07-23T00:00:24.003+0000] {logging_mixin.py:137} INFO - [2024-07-23T00:00:24.003+0000] {dagbag.py:538} INFO - Filling up the DagBag from /home/airflow/.local/lib/python3.7/site-packages/airflow/example_dags/example_complex.py
[2024-07-23T00:00:24.010+0000] {logging_mixin.py:137} INFO - [2024-07-23T00:00:24.010+0000] {taskmixin.py:205} WARNING - Dependency <Task(BashOperator): create_entry_group>, delete_entry_group already registered for DAG: example_complex
[2024-07-23T00:00:24.010+0000] {logging_mixin.py:137} INFO - [2024-07-23T00:00:24.010+0000] {taskmixin.py:205} WARNING - Dependency <Task(BashOperator): delete_entry_group>, create_entry_group already registered for DAG: example_complex
[2024-07-23T00:00:24.010+0000] {logging_mixin.py:137} INFO - [2024-07-23T00:00:24.010+0000] {taskmixin.py:205} WARNING - Dependency <Task(BashOperator): create_entry_gcs>, delete_entry already registered for DAG: example_complex
[2024-07-23T00:00:24.011+0000] {logging_mixin.py:137} INFO - [2024-07-23T00:00:24.010+0000] {taskmixin.py:205} WARNING - Dependency <Task(BashOperator): delete_entry>, create_entry_gcs already registered for DAG: example_complex
[2024-07-23T00:00:24.011+0000] {logging_mixin.py:137} INFO - [2024-07-23T00:00:24.011+0000] {taskmixin.py:205} WARNING - Dependency <Task(BashOperator): create_tag>, delete_tag already registered for DAG: example_complex
[2024-07-23T00:00:24.011+0000] {logging_mixin.py:137} INFO - [2024-07-23T00:00:24.011+0000] {taskmixin.py:205} WARNING - Dependency <Task(BashOperator): delete_tag>, create_tag already registered for DAG: example_complex
[2024-07-23T00:00:24.016+0000] {processor.py:753} INFO - DAG(s) dict_keys(['example_complex']) retrieved from /home/airflow/.local/lib/python3.7/site-packages/airflow/example_dags/example_complex.py
[2024-07-23T00:00:24.033+0000] {logging_mixin.py:137} INFO - [2024-07-23T00:00:24.033+0000] {dag.py:2690} INFO - Sync 1 DAGs
[2024-07-23T00:00:24.047+0000] {logging_mixin.py:137} INFO - [2024-07-23T00:00:24.047+0000] {dag.py:3441} INFO - Setting next_dagrun for example_complex to None, run_after=None
[2024-07-23T00:00:24.062+0000] {processor.py:175} INFO - Processing /home/airflow/.local/lib/python3.7/site-packages/airflow/example_dags/example_complex.py took 0.061 seconds
[2024-07-23T00:00:54.141+0000] {processor.py:153} INFO - Started process (PID=38569) to work on /home/airflow/.local/lib/python3.7/site-packages/airflow/example_dags/example_complex.py
[2024-07-23T00:00:54.141+0000] {processor.py:743} INFO - Processing file /home/airflow/.local/lib/python3.7/site-packages/airflow/example_dags/example_complex.py for tasks to queue
[2024-07-23T00:00:54.142+0000] {logging_mixin.py:137} INFO - [2024-07-23T00:00:54.142+0000] {dagbag.py:538} INFO - Filling up the DagBag from /home/airflow/.local/lib/python3.7/site-packages/airflow/example_dags/example_complex.py
[2024-07-23T00:00:54.149+0000] {logging_mixin.py:137} INFO - [2024-07-23T00:00:54.149+0000] {taskmixin.py:205} WARNING - Dependency <Task(BashOperator): create_entry_group>, delete_entry_group already registered for DAG: example_complex
[2024-07-23T00:00:54.149+0000] {logging_mixin.py:137} INFO - [2024-07-23T00:00:54.149+0000] {taskmixin.py:205} WARNING - Dependency <Task(BashOperator): delete_entry_group>, create_entry_group already registered for DAG: example_complex
[2024-07-23T00:00:54.149+0000] {logging_mixin.py:137} INFO - [2024-07-23T00:00:54.149+0000] {taskmixin.py:205} WARNING - Dependency <Task(BashOperator): create_entry_gcs>, delete_entry already registered for DAG: example_complex
[2024-07-23T00:00:54.150+0000] {logging_mixin.py:137} INFO - [2024-07-23T00:00:54.150+0000] {taskmixin.py:205} WARNING - Dependency <Task(BashOperator): delete_entry>, create_entry_gcs already registered for DAG: example_complex
[2024-07-23T00:00:54.150+0000] {logging_mixin.py:137} INFO - [2024-07-23T00:00:54.150+0000] {taskmixin.py:205} WARNING - Dependency <Task(BashOperator): create_tag>, delete_tag already registered for DAG: example_complex
[2024-07-23T00:00:54.150+0000] {logging_mixin.py:137} INFO - [2024-07-23T00:00:54.150+0000] {taskmixin.py:205} WARNING - Dependency <Task(BashOperator): delete_tag>, create_tag already registered for DAG: example_complex
[2024-07-23T00:00:54.155+0000] {processor.py:753} INFO - DAG(s) dict_keys(['example_complex']) retrieved from /home/airflow/.local/lib/python3.7/site-packages/airflow/example_dags/example_complex.py
[2024-07-23T00:00:54.179+0000] {logging_mixin.py:137} INFO - [2024-07-23T00:00:54.177+0000] {dag.py:2690} INFO - Sync 1 DAGs
[2024-07-23T00:00:54.195+0000] {logging_mixin.py:137} INFO - [2024-07-23T00:00:54.195+0000] {dag.py:3441} INFO - Setting next_dagrun for example_complex to None, run_after=None
[2024-07-23T00:00:54.216+0000] {processor.py:175} INFO - Processing /home/airflow/.local/lib/python3.7/site-packages/airflow/example_dags/example_complex.py took 0.078 seconds
[2024-07-23T00:01:25.534+0000] {processor.py:153} INFO - Started process (PID=38656) to work on /home/airflow/.local/lib/python3.7/site-packages/airflow/example_dags/example_complex.py
[2024-07-23T00:01:25.538+0000] {processor.py:743} INFO - Processing file /home/airflow/.local/lib/python3.7/site-packages/airflow/example_dags/example_complex.py for tasks to queue
[2024-07-23T00:01:25.539+0000] {logging_mixin.py:137} INFO - [2024-07-23T00:01:25.539+0000] {dagbag.py:538} INFO - Filling up the DagBag from /home/airflow/.local/lib/python3.7/site-packages/airflow/example_dags/example_complex.py
[2024-07-23T00:01:25.546+0000] {logging_mixin.py:137} INFO - [2024-07-23T00:01:25.546+0000] {taskmixin.py:205} WARNING - Dependency <Task(BashOperator): create_entry_group>, delete_entry_group already registered for DAG: example_complex
[2024-07-23T00:01:25.546+0000] {logging_mixin.py:137} INFO - [2024-07-23T00:01:25.546+0000] {taskmixin.py:205} WARNING - Dependency <Task(BashOperator): delete_entry_group>, create_entry_group already registered for DAG: example_complex
[2024-07-23T00:01:25.548+0000] {logging_mixin.py:137} INFO - [2024-07-23T00:01:25.548+0000] {taskmixin.py:205} WARNING - Dependency <Task(BashOperator): create_entry_gcs>, delete_entry already registered for DAG: example_complex
[2024-07-23T00:01:25.549+0000] {logging_mixin.py:137} INFO - [2024-07-23T00:01:25.549+0000] {taskmixin.py:205} WARNING - Dependency <Task(BashOperator): delete_entry>, create_entry_gcs already registered for DAG: example_complex
[2024-07-23T00:01:25.550+0000] {logging_mixin.py:137} INFO - [2024-07-23T00:01:25.550+0000] {taskmixin.py:205} WARNING - Dependency <Task(BashOperator): create_tag>, delete_tag already registered for DAG: example_complex
[2024-07-23T00:01:25.551+0000] {logging_mixin.py:137} INFO - [2024-07-23T00:01:25.551+0000] {taskmixin.py:205} WARNING - Dependency <Task(BashOperator): delete_tag>, create_tag already registered for DAG: example_complex
[2024-07-23T00:01:25.556+0000] {processor.py:753} INFO - DAG(s) dict_keys(['example_complex']) retrieved from /home/airflow/.local/lib/python3.7/site-packages/airflow/example_dags/example_complex.py
[2024-07-23T00:01:25.577+0000] {logging_mixin.py:137} INFO - [2024-07-23T00:01:25.577+0000] {dag.py:2690} INFO - Sync 1 DAGs
[2024-07-23T00:01:25.591+0000] {logging_mixin.py:137} INFO - [2024-07-23T00:01:25.591+0000] {dag.py:3441} INFO - Setting next_dagrun for example_complex to None, run_after=None
[2024-07-23T00:01:25.607+0000] {processor.py:175} INFO - Processing /home/airflow/.local/lib/python3.7/site-packages/airflow/example_dags/example_complex.py took 0.074 seconds
[2024-07-23T00:01:55.744+0000] {processor.py:153} INFO - Started process (PID=38727) to work on /home/airflow/.local/lib/python3.7/site-packages/airflow/example_dags/example_complex.py
[2024-07-23T00:01:55.745+0000] {processor.py:743} INFO - Processing file /home/airflow/.local/lib/python3.7/site-packages/airflow/example_dags/example_complex.py for tasks to queue
[2024-07-23T00:01:55.745+0000] {logging_mixin.py:137} INFO - [2024-07-23T00:01:55.745+0000] {dagbag.py:538} INFO - Filling up the DagBag from /home/airflow/.local/lib/python3.7/site-packages/airflow/example_dags/example_complex.py
[2024-07-23T00:01:55.752+0000] {logging_mixin.py:137} INFO - [2024-07-23T00:01:55.752+0000] {taskmixin.py:205} WARNING - Dependency <Task(BashOperator): create_entry_group>, delete_entry_group already registered for DAG: example_complex
[2024-07-23T00:01:55.752+0000] {logging_mixin.py:137} INFO - [2024-07-23T00:01:55.752+0000] {taskmixin.py:205} WARNING - Dependency <Task(BashOperator): delete_entry_group>, create_entry_group already registered for DAG: example_complex
[2024-07-23T00:01:55.752+0000] {logging_mixin.py:137} INFO - [2024-07-23T00:01:55.752+0000] {taskmixin.py:205} WARNING - Dependency <Task(BashOperator): create_entry_gcs>, delete_entry already registered for DAG: example_complex
[2024-07-23T00:01:55.752+0000] {logging_mixin.py:137} INFO - [2024-07-23T00:01:55.752+0000] {taskmixin.py:205} WARNING - Dependency <Task(BashOperator): delete_entry>, create_entry_gcs already registered for DAG: example_complex
[2024-07-23T00:01:55.753+0000] {logging_mixin.py:137} INFO - [2024-07-23T00:01:55.753+0000] {taskmixin.py:205} WARNING - Dependency <Task(BashOperator): create_tag>, delete_tag already registered for DAG: example_complex
[2024-07-23T00:01:55.753+0000] {logging_mixin.py:137} INFO - [2024-07-23T00:01:55.753+0000] {taskmixin.py:205} WARNING - Dependency <Task(BashOperator): delete_tag>, create_tag already registered for DAG: example_complex
[2024-07-23T00:01:55.757+0000] {processor.py:753} INFO - DAG(s) dict_keys(['example_complex']) retrieved from /home/airflow/.local/lib/python3.7/site-packages/airflow/example_dags/example_complex.py
[2024-07-23T00:01:55.776+0000] {logging_mixin.py:137} INFO - [2024-07-23T00:01:55.776+0000] {dag.py:2690} INFO - Sync 1 DAGs
[2024-07-23T00:01:55.790+0000] {logging_mixin.py:137} INFO - [2024-07-23T00:01:55.790+0000] {dag.py:3441} INFO - Setting next_dagrun for example_complex to None, run_after=None
[2024-07-23T00:01:55.803+0000] {processor.py:175} INFO - Processing /home/airflow/.local/lib/python3.7/site-packages/airflow/example_dags/example_complex.py took 0.061 seconds
[2024-07-23T00:02:26.734+0000] {processor.py:153} INFO - Started process (PID=38814) to work on /home/airflow/.local/lib/python3.7/site-packages/airflow/example_dags/example_complex.py
[2024-07-23T00:02:26.736+0000] {processor.py:743} INFO - Processing file /home/airflow/.local/lib/python3.7/site-packages/airflow/example_dags/example_complex.py for tasks to queue
[2024-07-23T00:02:26.737+0000] {logging_mixin.py:137} INFO - [2024-07-23T00:02:26.737+0000] {dagbag.py:538} INFO - Filling up the DagBag from /home/airflow/.local/lib/python3.7/site-packages/airflow/example_dags/example_complex.py
[2024-07-23T00:02:26.744+0000] {logging_mixin.py:137} INFO - [2024-07-23T00:02:26.744+0000] {taskmixin.py:205} WARNING - Dependency <Task(BashOperator): create_entry_group>, delete_entry_group already registered for DAG: example_complex
[2024-07-23T00:02:26.746+0000] {logging_mixin.py:137} INFO - [2024-07-23T00:02:26.746+0000] {taskmixin.py:205} WARNING - Dependency <Task(BashOperator): delete_entry_group>, create_entry_group already registered for DAG: example_complex
[2024-07-23T00:02:26.746+0000] {logging_mixin.py:137} INFO - [2024-07-23T00:02:26.746+0000] {taskmixin.py:205} WARNING - Dependency <Task(BashOperator): create_entry_gcs>, delete_entry already registered for DAG: example_complex
[2024-07-23T00:02:26.746+0000] {logging_mixin.py:137} INFO - [2024-07-23T00:02:26.746+0000] {taskmixin.py:205} WARNING - Dependency <Task(BashOperator): delete_entry>, create_entry_gcs already registered for DAG: example_complex
[2024-07-23T00:02:26.747+0000] {logging_mixin.py:137} INFO - [2024-07-23T00:02:26.747+0000] {taskmixin.py:205} WARNING - Dependency <Task(BashOperator): create_tag>, delete_tag already registered for DAG: example_complex
[2024-07-23T00:02:26.747+0000] {logging_mixin.py:137} INFO - [2024-07-23T00:02:26.747+0000] {taskmixin.py:205} WARNING - Dependency <Task(BashOperator): delete_tag>, create_tag already registered for DAG: example_complex
[2024-07-23T00:02:26.751+0000] {processor.py:753} INFO - DAG(s) dict_keys(['example_complex']) retrieved from /home/airflow/.local/lib/python3.7/site-packages/airflow/example_dags/example_complex.py
[2024-07-23T00:02:26.770+0000] {logging_mixin.py:137} INFO - [2024-07-23T00:02:26.770+0000] {dag.py:2690} INFO - Sync 1 DAGs
[2024-07-23T00:02:26.784+0000] {logging_mixin.py:137} INFO - [2024-07-23T00:02:26.784+0000] {dag.py:3441} INFO - Setting next_dagrun for example_complex to None, run_after=None
[2024-07-23T00:02:26.803+0000] {processor.py:175} INFO - Processing /home/airflow/.local/lib/python3.7/site-packages/airflow/example_dags/example_complex.py took 0.070 seconds
