[2024-07-23T00:00:23.564+0000] {processor.py:153} INFO - Started process (PID=38472) to work on /home/airflow/.local/lib/python3.7/site-packages/airflow/example_dags/example_datasets.py
[2024-07-23T00:00:23.565+0000] {processor.py:743} INFO - Processing file /home/airflow/.local/lib/python3.7/site-packages/airflow/example_dags/example_datasets.py for tasks to queue
[2024-07-23T00:00:23.565+0000] {logging_mixin.py:137} INFO - [2024-07-23T00:00:23.565+0000] {dagbag.py:538} INFO - Filling up the DagBag from /home/airflow/.local/lib/python3.7/site-packages/airflow/example_dags/example_datasets.py
[2024-07-23T00:00:23.576+0000] {processor.py:753} INFO - DAG(s) dict_keys(['dataset_consumes_1_never_scheduled', 'dataset_consumes_1_and_2', 'dataset_produces_2', 'dataset_consumes_1', 'dataset_consumes_unknown_never_scheduled', 'dataset_produces_1']) retrieved from /home/airflow/.local/lib/python3.7/site-packages/airflow/example_dags/example_datasets.py
[2024-07-23T00:00:23.612+0000] {logging_mixin.py:137} INFO - [2024-07-23T00:00:23.611+0000] {dag.py:2690} INFO - Sync 6 DAGs
[2024-07-23T00:00:23.635+0000] {logging_mixin.py:137} INFO - [2024-07-23T00:00:23.635+0000] {dag.py:3441} INFO - Setting next_dagrun for dataset_consumes_1 to None, run_after=None
[2024-07-23T00:00:23.638+0000] {logging_mixin.py:137} INFO - [2024-07-23T00:00:23.638+0000] {dag.py:3441} INFO - Setting next_dagrun for dataset_consumes_1_and_2 to None, run_after=None
[2024-07-23T00:00:23.639+0000] {logging_mixin.py:137} INFO - [2024-07-23T00:00:23.639+0000] {dag.py:3441} INFO - Setting next_dagrun for dataset_consumes_1_never_scheduled to None, run_after=None
[2024-07-23T00:00:23.641+0000] {logging_mixin.py:137} INFO - [2024-07-23T00:00:23.641+0000] {dag.py:3441} INFO - Setting next_dagrun for dataset_consumes_unknown_never_scheduled to None, run_after=None
[2024-07-23T00:00:23.643+0000] {logging_mixin.py:137} INFO - [2024-07-23T00:00:23.643+0000] {dag.py:3441} INFO - Setting next_dagrun for dataset_produces_1 to 2024-07-22T00:00:00+00:00, run_after=2024-07-23T00:00:00+00:00
[2024-07-23T00:00:23.645+0000] {logging_mixin.py:137} INFO - [2024-07-23T00:00:23.645+0000] {dag.py:3441} INFO - Setting next_dagrun for dataset_produces_2 to None, run_after=None
[2024-07-23T00:00:23.667+0000] {processor.py:175} INFO - Processing /home/airflow/.local/lib/python3.7/site-packages/airflow/example_dags/example_datasets.py took 0.105 seconds
[2024-07-23T00:00:53.730+0000] {processor.py:153} INFO - Started process (PID=38560) to work on /home/airflow/.local/lib/python3.7/site-packages/airflow/example_dags/example_datasets.py
[2024-07-23T00:00:53.730+0000] {processor.py:743} INFO - Processing file /home/airflow/.local/lib/python3.7/site-packages/airflow/example_dags/example_datasets.py for tasks to queue
[2024-07-23T00:00:53.732+0000] {logging_mixin.py:137} INFO - [2024-07-23T00:00:53.732+0000] {dagbag.py:538} INFO - Filling up the DagBag from /home/airflow/.local/lib/python3.7/site-packages/airflow/example_dags/example_datasets.py
[2024-07-23T00:00:53.744+0000] {processor.py:753} INFO - DAG(s) dict_keys(['dataset_produces_1', 'dataset_consumes_1_never_scheduled', 'dataset_consumes_1_and_2', 'dataset_consumes_1', 'dataset_produces_2', 'dataset_consumes_unknown_never_scheduled']) retrieved from /home/airflow/.local/lib/python3.7/site-packages/airflow/example_dags/example_datasets.py
[2024-07-23T00:00:53.765+0000] {logging_mixin.py:137} INFO - [2024-07-23T00:00:53.765+0000] {dag.py:2690} INFO - Sync 6 DAGs
[2024-07-23T00:00:53.779+0000] {logging_mixin.py:137} INFO - [2024-07-23T00:00:53.779+0000] {dag.py:3441} INFO - Setting next_dagrun for dataset_consumes_1 to None, run_after=None
[2024-07-23T00:00:53.781+0000] {logging_mixin.py:137} INFO - [2024-07-23T00:00:53.781+0000] {dag.py:3441} INFO - Setting next_dagrun for dataset_consumes_1_and_2 to None, run_after=None
[2024-07-23T00:00:53.782+0000] {logging_mixin.py:137} INFO - [2024-07-23T00:00:53.782+0000] {dag.py:3441} INFO - Setting next_dagrun for dataset_consumes_1_never_scheduled to None, run_after=None
[2024-07-23T00:00:53.782+0000] {logging_mixin.py:137} INFO - [2024-07-23T00:00:53.782+0000] {dag.py:3441} INFO - Setting next_dagrun for dataset_consumes_unknown_never_scheduled to None, run_after=None
[2024-07-23T00:00:53.784+0000] {logging_mixin.py:137} INFO - [2024-07-23T00:00:53.784+0000] {dag.py:3441} INFO - Setting next_dagrun for dataset_produces_1 to 2024-07-22T00:00:00+00:00, run_after=2024-07-23T00:00:00+00:00
[2024-07-23T00:00:53.784+0000] {logging_mixin.py:137} INFO - [2024-07-23T00:00:53.784+0000] {dag.py:3441} INFO - Setting next_dagrun for dataset_produces_2 to None, run_after=None
[2024-07-23T00:00:53.802+0000] {processor.py:175} INFO - Processing /home/airflow/.local/lib/python3.7/site-packages/airflow/example_dags/example_datasets.py took 0.074 seconds
[2024-07-23T00:01:25.032+0000] {processor.py:153} INFO - Started process (PID=38646) to work on /home/airflow/.local/lib/python3.7/site-packages/airflow/example_dags/example_datasets.py
[2024-07-23T00:01:25.034+0000] {processor.py:743} INFO - Processing file /home/airflow/.local/lib/python3.7/site-packages/airflow/example_dags/example_datasets.py for tasks to queue
[2024-07-23T00:01:25.038+0000] {logging_mixin.py:137} INFO - [2024-07-23T00:01:25.038+0000] {dagbag.py:538} INFO - Filling up the DagBag from /home/airflow/.local/lib/python3.7/site-packages/airflow/example_dags/example_datasets.py
[2024-07-23T00:01:25.049+0000] {processor.py:753} INFO - DAG(s) dict_keys(['dataset_produces_2', 'dataset_consumes_unknown_never_scheduled', 'dataset_consumes_1_never_scheduled', 'dataset_consumes_1', 'dataset_produces_1', 'dataset_consumes_1_and_2']) retrieved from /home/airflow/.local/lib/python3.7/site-packages/airflow/example_dags/example_datasets.py
[2024-07-23T00:01:25.080+0000] {logging_mixin.py:137} INFO - [2024-07-23T00:01:25.080+0000] {dag.py:2690} INFO - Sync 6 DAGs
[2024-07-23T00:01:25.097+0000] {logging_mixin.py:137} INFO - [2024-07-23T00:01:25.097+0000] {dag.py:3441} INFO - Setting next_dagrun for dataset_consumes_1 to None, run_after=None
[2024-07-23T00:01:25.104+0000] {logging_mixin.py:137} INFO - [2024-07-23T00:01:25.103+0000] {dag.py:3441} INFO - Setting next_dagrun for dataset_consumes_1_and_2 to None, run_after=None
[2024-07-23T00:01:25.107+0000] {logging_mixin.py:137} INFO - [2024-07-23T00:01:25.107+0000] {dag.py:3441} INFO - Setting next_dagrun for dataset_consumes_1_never_scheduled to None, run_after=None
[2024-07-23T00:01:25.108+0000] {logging_mixin.py:137} INFO - [2024-07-23T00:01:25.108+0000] {dag.py:3441} INFO - Setting next_dagrun for dataset_consumes_unknown_never_scheduled to None, run_after=None
[2024-07-23T00:01:25.110+0000] {logging_mixin.py:137} INFO - [2024-07-23T00:01:25.110+0000] {dag.py:3441} INFO - Setting next_dagrun for dataset_produces_1 to 2024-07-22T00:00:00+00:00, run_after=2024-07-23T00:00:00+00:00
[2024-07-23T00:01:25.111+0000] {logging_mixin.py:137} INFO - [2024-07-23T00:01:25.111+0000] {dag.py:3441} INFO - Setting next_dagrun for dataset_produces_2 to None, run_after=None
[2024-07-23T00:01:25.139+0000] {processor.py:175} INFO - Processing /home/airflow/.local/lib/python3.7/site-packages/airflow/example_dags/example_datasets.py took 0.109 seconds
[2024-07-23T00:01:55.248+0000] {processor.py:153} INFO - Started process (PID=38717) to work on /home/airflow/.local/lib/python3.7/site-packages/airflow/example_dags/example_datasets.py
[2024-07-23T00:01:55.249+0000] {processor.py:743} INFO - Processing file /home/airflow/.local/lib/python3.7/site-packages/airflow/example_dags/example_datasets.py for tasks to queue
[2024-07-23T00:01:55.250+0000] {logging_mixin.py:137} INFO - [2024-07-23T00:01:55.250+0000] {dagbag.py:538} INFO - Filling up the DagBag from /home/airflow/.local/lib/python3.7/site-packages/airflow/example_dags/example_datasets.py
[2024-07-23T00:01:55.259+0000] {processor.py:753} INFO - DAG(s) dict_keys(['dataset_consumes_1_and_2', 'dataset_consumes_1_never_scheduled', 'dataset_produces_2', 'dataset_consumes_1', 'dataset_consumes_unknown_never_scheduled', 'dataset_produces_1']) retrieved from /home/airflow/.local/lib/python3.7/site-packages/airflow/example_dags/example_datasets.py
[2024-07-23T00:01:55.287+0000] {logging_mixin.py:137} INFO - [2024-07-23T00:01:55.287+0000] {dag.py:2690} INFO - Sync 6 DAGs
[2024-07-23T00:01:55.304+0000] {logging_mixin.py:137} INFO - [2024-07-23T00:01:55.304+0000] {dag.py:3441} INFO - Setting next_dagrun for dataset_consumes_1 to None, run_after=None
[2024-07-23T00:01:55.307+0000] {logging_mixin.py:137} INFO - [2024-07-23T00:01:55.307+0000] {dag.py:3441} INFO - Setting next_dagrun for dataset_consumes_1_and_2 to None, run_after=None
[2024-07-23T00:01:55.308+0000] {logging_mixin.py:137} INFO - [2024-07-23T00:01:55.308+0000] {dag.py:3441} INFO - Setting next_dagrun for dataset_consumes_1_never_scheduled to None, run_after=None
[2024-07-23T00:01:55.311+0000] {logging_mixin.py:137} INFO - [2024-07-23T00:01:55.311+0000] {dag.py:3441} INFO - Setting next_dagrun for dataset_consumes_unknown_never_scheduled to None, run_after=None
[2024-07-23T00:01:55.313+0000] {logging_mixin.py:137} INFO - [2024-07-23T00:01:55.313+0000] {dag.py:3441} INFO - Setting next_dagrun for dataset_produces_1 to 2024-07-22T00:00:00+00:00, run_after=2024-07-23T00:00:00+00:00
[2024-07-23T00:01:55.315+0000] {logging_mixin.py:137} INFO - [2024-07-23T00:01:55.315+0000] {dag.py:3441} INFO - Setting next_dagrun for dataset_produces_2 to None, run_after=None
[2024-07-23T00:01:55.335+0000] {processor.py:175} INFO - Processing /home/airflow/.local/lib/python3.7/site-packages/airflow/example_dags/example_datasets.py took 0.089 seconds
[2024-07-23T00:02:26.297+0000] {processor.py:153} INFO - Started process (PID=38804) to work on /home/airflow/.local/lib/python3.7/site-packages/airflow/example_dags/example_datasets.py
[2024-07-23T00:02:26.298+0000] {processor.py:743} INFO - Processing file /home/airflow/.local/lib/python3.7/site-packages/airflow/example_dags/example_datasets.py for tasks to queue
[2024-07-23T00:02:26.298+0000] {logging_mixin.py:137} INFO - [2024-07-23T00:02:26.298+0000] {dagbag.py:538} INFO - Filling up the DagBag from /home/airflow/.local/lib/python3.7/site-packages/airflow/example_dags/example_datasets.py
[2024-07-23T00:02:26.309+0000] {processor.py:753} INFO - DAG(s) dict_keys(['dataset_produces_2', 'dataset_consumes_1', 'dataset_consumes_1_and_2', 'dataset_consumes_1_never_scheduled', 'dataset_produces_1', 'dataset_consumes_unknown_never_scheduled']) retrieved from /home/airflow/.local/lib/python3.7/site-packages/airflow/example_dags/example_datasets.py
[2024-07-23T00:02:26.331+0000] {logging_mixin.py:137} INFO - [2024-07-23T00:02:26.331+0000] {dag.py:2690} INFO - Sync 6 DAGs
[2024-07-23T00:02:26.345+0000] {logging_mixin.py:137} INFO - [2024-07-23T00:02:26.345+0000] {dag.py:3441} INFO - Setting next_dagrun for dataset_consumes_1 to None, run_after=None
[2024-07-23T00:02:26.349+0000] {logging_mixin.py:137} INFO - [2024-07-23T00:02:26.349+0000] {dag.py:3441} INFO - Setting next_dagrun for dataset_consumes_1_and_2 to None, run_after=None
[2024-07-23T00:02:26.350+0000] {logging_mixin.py:137} INFO - [2024-07-23T00:02:26.350+0000] {dag.py:3441} INFO - Setting next_dagrun for dataset_consumes_1_never_scheduled to None, run_after=None
[2024-07-23T00:02:26.351+0000] {logging_mixin.py:137} INFO - [2024-07-23T00:02:26.351+0000] {dag.py:3441} INFO - Setting next_dagrun for dataset_consumes_unknown_never_scheduled to None, run_after=None
[2024-07-23T00:02:26.352+0000] {logging_mixin.py:137} INFO - [2024-07-23T00:02:26.352+0000] {dag.py:3441} INFO - Setting next_dagrun for dataset_produces_1 to 2024-07-22T00:00:00+00:00, run_after=2024-07-23T00:00:00+00:00
[2024-07-23T00:02:26.354+0000] {logging_mixin.py:137} INFO - [2024-07-23T00:02:26.354+0000] {dag.py:3441} INFO - Setting next_dagrun for dataset_produces_2 to None, run_after=None
[2024-07-23T00:02:26.373+0000] {processor.py:175} INFO - Processing /home/airflow/.local/lib/python3.7/site-packages/airflow/example_dags/example_datasets.py took 0.078 seconds
