[2024-07-23T00:00:22.872+0000] {processor.py:153} INFO - Started process (PID=38459) to work on /home/airflow/.local/lib/python3.7/site-packages/airflow/example_dags/tutorial_taskflow_api.py
[2024-07-23T00:00:22.873+0000] {processor.py:743} INFO - Processing file /home/airflow/.local/lib/python3.7/site-packages/airflow/example_dags/tutorial_taskflow_api.py for tasks to queue
[2024-07-23T00:00:22.873+0000] {logging_mixin.py:137} INFO - [2024-07-23T00:00:22.873+0000] {dagbag.py:538} INFO - Filling up the DagBag from /home/airflow/.local/lib/python3.7/site-packages/airflow/example_dags/tutorial_taskflow_api.py
[2024-07-23T00:00:22.885+0000] {processor.py:753} INFO - DAG(s) dict_keys(['tutorial_taskflow_api']) retrieved from /home/airflow/.local/lib/python3.7/site-packages/airflow/example_dags/tutorial_taskflow_api.py
[2024-07-23T00:00:22.903+0000] {logging_mixin.py:137} INFO - [2024-07-23T00:00:22.903+0000] {dag.py:2690} INFO - Sync 1 DAGs
[2024-07-23T00:00:22.917+0000] {logging_mixin.py:137} INFO - [2024-07-23T00:00:22.917+0000] {dag.py:3441} INFO - Setting next_dagrun for tutorial_taskflow_api to None, run_after=None
[2024-07-23T00:00:22.934+0000] {processor.py:175} INFO - Processing /home/airflow/.local/lib/python3.7/site-packages/airflow/example_dags/tutorial_taskflow_api.py took 0.064 seconds
[2024-07-23T00:00:53.071+0000] {processor.py:153} INFO - Started process (PID=38546) to work on /home/airflow/.local/lib/python3.7/site-packages/airflow/example_dags/tutorial_taskflow_api.py
[2024-07-23T00:00:53.071+0000] {processor.py:743} INFO - Processing file /home/airflow/.local/lib/python3.7/site-packages/airflow/example_dags/tutorial_taskflow_api.py for tasks to queue
[2024-07-23T00:00:53.072+0000] {logging_mixin.py:137} INFO - [2024-07-23T00:00:53.072+0000] {dagbag.py:538} INFO - Filling up the DagBag from /home/airflow/.local/lib/python3.7/site-packages/airflow/example_dags/tutorial_taskflow_api.py
[2024-07-23T00:00:53.086+0000] {processor.py:753} INFO - DAG(s) dict_keys(['tutorial_taskflow_api']) retrieved from /home/airflow/.local/lib/python3.7/site-packages/airflow/example_dags/tutorial_taskflow_api.py
[2024-07-23T00:00:53.106+0000] {logging_mixin.py:137} INFO - [2024-07-23T00:00:53.106+0000] {dag.py:2690} INFO - Sync 1 DAGs
[2024-07-23T00:00:53.122+0000] {logging_mixin.py:137} INFO - [2024-07-23T00:00:53.122+0000] {dag.py:3441} INFO - Setting next_dagrun for tutorial_taskflow_api to None, run_after=None
[2024-07-23T00:00:53.140+0000] {processor.py:175} INFO - Processing /home/airflow/.local/lib/python3.7/site-packages/airflow/example_dags/tutorial_taskflow_api.py took 0.071 seconds
[2024-07-23T00:01:24.287+0000] {processor.py:153} INFO - Started process (PID=38633) to work on /home/airflow/.local/lib/python3.7/site-packages/airflow/example_dags/tutorial_taskflow_api.py
[2024-07-23T00:01:24.292+0000] {processor.py:743} INFO - Processing file /home/airflow/.local/lib/python3.7/site-packages/airflow/example_dags/tutorial_taskflow_api.py for tasks to queue
[2024-07-23T00:01:24.294+0000] {logging_mixin.py:137} INFO - [2024-07-23T00:01:24.294+0000] {dagbag.py:538} INFO - Filling up the DagBag from /home/airflow/.local/lib/python3.7/site-packages/airflow/example_dags/tutorial_taskflow_api.py
[2024-07-23T00:01:24.315+0000] {processor.py:753} INFO - DAG(s) dict_keys(['tutorial_taskflow_api']) retrieved from /home/airflow/.local/lib/python3.7/site-packages/airflow/example_dags/tutorial_taskflow_api.py
[2024-07-23T00:01:24.348+0000] {logging_mixin.py:137} INFO - [2024-07-23T00:01:24.348+0000] {dag.py:2690} INFO - Sync 1 DAGs
[2024-07-23T00:01:24.371+0000] {logging_mixin.py:137} INFO - [2024-07-23T00:01:24.371+0000] {dag.py:3441} INFO - Setting next_dagrun for tutorial_taskflow_api to None, run_after=None
[2024-07-23T00:01:24.396+0000] {processor.py:175} INFO - Processing /home/airflow/.local/lib/python3.7/site-packages/airflow/example_dags/tutorial_taskflow_api.py took 0.114 seconds
[2024-07-23T00:01:54.603+0000] {processor.py:153} INFO - Started process (PID=38704) to work on /home/airflow/.local/lib/python3.7/site-packages/airflow/example_dags/tutorial_taskflow_api.py
[2024-07-23T00:01:54.604+0000] {processor.py:743} INFO - Processing file /home/airflow/.local/lib/python3.7/site-packages/airflow/example_dags/tutorial_taskflow_api.py for tasks to queue
[2024-07-23T00:01:54.604+0000] {logging_mixin.py:137} INFO - [2024-07-23T00:01:54.604+0000] {dagbag.py:538} INFO - Filling up the DagBag from /home/airflow/.local/lib/python3.7/site-packages/airflow/example_dags/tutorial_taskflow_api.py
[2024-07-23T00:01:54.621+0000] {processor.py:753} INFO - DAG(s) dict_keys(['tutorial_taskflow_api']) retrieved from /home/airflow/.local/lib/python3.7/site-packages/airflow/example_dags/tutorial_taskflow_api.py
[2024-07-23T00:01:54.640+0000] {logging_mixin.py:137} INFO - [2024-07-23T00:01:54.640+0000] {dag.py:2690} INFO - Sync 1 DAGs
[2024-07-23T00:01:54.653+0000] {logging_mixin.py:137} INFO - [2024-07-23T00:01:54.653+0000] {dag.py:3441} INFO - Setting next_dagrun for tutorial_taskflow_api to None, run_after=None
[2024-07-23T00:01:54.666+0000] {processor.py:175} INFO - Processing /home/airflow/.local/lib/python3.7/site-packages/airflow/example_dags/tutorial_taskflow_api.py took 0.066 seconds
[2024-07-23T00:02:24.707+0000] {processor.py:153} INFO - Started process (PID=38791) to work on /home/airflow/.local/lib/python3.7/site-packages/airflow/example_dags/tutorial_taskflow_api.py
[2024-07-23T00:02:24.707+0000] {processor.py:743} INFO - Processing file /home/airflow/.local/lib/python3.7/site-packages/airflow/example_dags/tutorial_taskflow_api.py for tasks to queue
[2024-07-23T00:02:24.708+0000] {logging_mixin.py:137} INFO - [2024-07-23T00:02:24.708+0000] {dagbag.py:538} INFO - Filling up the DagBag from /home/airflow/.local/lib/python3.7/site-packages/airflow/example_dags/tutorial_taskflow_api.py
[2024-07-23T00:02:24.719+0000] {processor.py:753} INFO - DAG(s) dict_keys(['tutorial_taskflow_api']) retrieved from /home/airflow/.local/lib/python3.7/site-packages/airflow/example_dags/tutorial_taskflow_api.py
[2024-07-23T00:02:24.735+0000] {logging_mixin.py:137} INFO - [2024-07-23T00:02:24.735+0000] {dag.py:2690} INFO - Sync 1 DAGs
[2024-07-23T00:02:24.747+0000] {logging_mixin.py:137} INFO - [2024-07-23T00:02:24.747+0000] {dag.py:3441} INFO - Setting next_dagrun for tutorial_taskflow_api to None, run_after=None
[2024-07-23T00:02:24.757+0000] {processor.py:175} INFO - Processing /home/airflow/.local/lib/python3.7/site-packages/airflow/example_dags/tutorial_taskflow_api.py took 0.053 seconds
