[2024-07-23T00:00:22.696+0000] {processor.py:153} INFO - Started process (PID=38455) to work on /home/airflow/.local/lib/python3.7/site-packages/airflow/example_dags/tutorial.py
[2024-07-23T00:00:22.698+0000] {processor.py:743} INFO - Processing file /home/airflow/.local/lib/python3.7/site-packages/airflow/example_dags/tutorial.py for tasks to queue
[2024-07-23T00:00:22.699+0000] {logging_mixin.py:137} INFO - [2024-07-23T00:00:22.699+0000] {dagbag.py:538} INFO - Filling up the DagBag from /home/airflow/.local/lib/python3.7/site-packages/airflow/example_dags/tutorial.py
[2024-07-23T00:00:22.711+0000] {processor.py:753} INFO - DAG(s) dict_keys(['tutorial']) retrieved from /home/airflow/.local/lib/python3.7/site-packages/airflow/example_dags/tutorial.py
[2024-07-23T00:00:22.735+0000] {logging_mixin.py:137} INFO - [2024-07-23T00:00:22.734+0000] {dag.py:2690} INFO - Sync 1 DAGs
[2024-07-23T00:00:22.749+0000] {logging_mixin.py:137} INFO - [2024-07-23T00:00:22.749+0000] {dag.py:3441} INFO - Setting next_dagrun for tutorial to 2024-07-22T02:32:09.461933+00:00, run_after=2024-07-23T02:32:09.461933+00:00
[2024-07-23T00:00:22.764+0000] {processor.py:175} INFO - Processing /home/airflow/.local/lib/python3.7/site-packages/airflow/example_dags/tutorial.py took 0.070 seconds
[2024-07-23T00:00:52.922+0000] {processor.py:153} INFO - Started process (PID=38542) to work on /home/airflow/.local/lib/python3.7/site-packages/airflow/example_dags/tutorial.py
[2024-07-23T00:00:52.922+0000] {processor.py:743} INFO - Processing file /home/airflow/.local/lib/python3.7/site-packages/airflow/example_dags/tutorial.py for tasks to queue
[2024-07-23T00:00:52.923+0000] {logging_mixin.py:137} INFO - [2024-07-23T00:00:52.923+0000] {dagbag.py:538} INFO - Filling up the DagBag from /home/airflow/.local/lib/python3.7/site-packages/airflow/example_dags/tutorial.py
[2024-07-23T00:00:52.932+0000] {processor.py:753} INFO - DAG(s) dict_keys(['tutorial']) retrieved from /home/airflow/.local/lib/python3.7/site-packages/airflow/example_dags/tutorial.py
[2024-07-23T00:00:52.946+0000] {logging_mixin.py:137} INFO - [2024-07-23T00:00:52.946+0000] {dag.py:2690} INFO - Sync 1 DAGs
[2024-07-23T00:00:52.961+0000] {logging_mixin.py:137} INFO - [2024-07-23T00:00:52.961+0000] {dag.py:3441} INFO - Setting next_dagrun for tutorial to 2024-07-22T02:32:09.461933+00:00, run_after=2024-07-23T02:32:09.461933+00:00
[2024-07-23T00:00:52.976+0000] {processor.py:175} INFO - Processing /home/airflow/.local/lib/python3.7/site-packages/airflow/example_dags/tutorial.py took 0.056 seconds
[2024-07-23T00:01:23.957+0000] {processor.py:153} INFO - Started process (PID=38629) to work on /home/airflow/.local/lib/python3.7/site-packages/airflow/example_dags/tutorial.py
[2024-07-23T00:01:23.961+0000] {processor.py:743} INFO - Processing file /home/airflow/.local/lib/python3.7/site-packages/airflow/example_dags/tutorial.py for tasks to queue
[2024-07-23T00:01:23.961+0000] {logging_mixin.py:137} INFO - [2024-07-23T00:01:23.961+0000] {dagbag.py:538} INFO - Filling up the DagBag from /home/airflow/.local/lib/python3.7/site-packages/airflow/example_dags/tutorial.py
[2024-07-23T00:01:23.976+0000] {processor.py:753} INFO - DAG(s) dict_keys(['tutorial']) retrieved from /home/airflow/.local/lib/python3.7/site-packages/airflow/example_dags/tutorial.py
[2024-07-23T00:01:24.023+0000] {logging_mixin.py:137} INFO - [2024-07-23T00:01:24.023+0000] {dag.py:2690} INFO - Sync 1 DAGs
[2024-07-23T00:01:24.092+0000] {logging_mixin.py:137} INFO - [2024-07-23T00:01:24.092+0000] {dag.py:3441} INFO - Setting next_dagrun for tutorial to 2024-07-22T02:32:09.461933+00:00, run_after=2024-07-23T02:32:09.461933+00:00
[2024-07-23T00:01:24.114+0000] {processor.py:175} INFO - Processing /home/airflow/.local/lib/python3.7/site-packages/airflow/example_dags/tutorial.py took 0.159 seconds
[2024-07-23T00:01:54.391+0000] {processor.py:153} INFO - Started process (PID=38700) to work on /home/airflow/.local/lib/python3.7/site-packages/airflow/example_dags/tutorial.py
[2024-07-23T00:01:54.392+0000] {processor.py:743} INFO - Processing file /home/airflow/.local/lib/python3.7/site-packages/airflow/example_dags/tutorial.py for tasks to queue
[2024-07-23T00:01:54.392+0000] {logging_mixin.py:137} INFO - [2024-07-23T00:01:54.392+0000] {dagbag.py:538} INFO - Filling up the DagBag from /home/airflow/.local/lib/python3.7/site-packages/airflow/example_dags/tutorial.py
[2024-07-23T00:01:54.401+0000] {processor.py:753} INFO - DAG(s) dict_keys(['tutorial']) retrieved from /home/airflow/.local/lib/python3.7/site-packages/airflow/example_dags/tutorial.py
[2024-07-23T00:01:54.415+0000] {logging_mixin.py:137} INFO - [2024-07-23T00:01:54.415+0000] {dag.py:2690} INFO - Sync 1 DAGs
[2024-07-23T00:01:54.429+0000] {logging_mixin.py:137} INFO - [2024-07-23T00:01:54.429+0000] {dag.py:3441} INFO - Setting next_dagrun for tutorial to 2024-07-22T02:32:09.461933+00:00, run_after=2024-07-23T02:32:09.461933+00:00
[2024-07-23T00:01:54.438+0000] {processor.py:175} INFO - Processing /home/airflow/.local/lib/python3.7/site-packages/airflow/example_dags/tutorial.py took 0.049 seconds
[2024-07-23T00:02:24.557+0000] {processor.py:153} INFO - Started process (PID=38787) to work on /home/airflow/.local/lib/python3.7/site-packages/airflow/example_dags/tutorial.py
[2024-07-23T00:02:24.558+0000] {processor.py:743} INFO - Processing file /home/airflow/.local/lib/python3.7/site-packages/airflow/example_dags/tutorial.py for tasks to queue
[2024-07-23T00:02:24.558+0000] {logging_mixin.py:137} INFO - [2024-07-23T00:02:24.558+0000] {dagbag.py:538} INFO - Filling up the DagBag from /home/airflow/.local/lib/python3.7/site-packages/airflow/example_dags/tutorial.py
[2024-07-23T00:02:24.567+0000] {processor.py:753} INFO - DAG(s) dict_keys(['tutorial']) retrieved from /home/airflow/.local/lib/python3.7/site-packages/airflow/example_dags/tutorial.py
[2024-07-23T00:02:24.584+0000] {logging_mixin.py:137} INFO - [2024-07-23T00:02:24.584+0000] {dag.py:2690} INFO - Sync 1 DAGs
[2024-07-23T00:02:24.602+0000] {logging_mixin.py:137} INFO - [2024-07-23T00:02:24.601+0000] {dag.py:3441} INFO - Setting next_dagrun for tutorial to 2024-07-22T02:32:09.461933+00:00, run_after=2024-07-23T02:32:09.461933+00:00
[2024-07-23T00:02:24.615+0000] {processor.py:175} INFO - Processing /home/airflow/.local/lib/python3.7/site-packages/airflow/example_dags/tutorial.py took 0.060 seconds
