[2024-07-23T00:00:22.781+0000] {processor.py:153} INFO - Started process (PID=38457) to work on /home/airflow/.local/lib/python3.7/site-packages/airflow/example_dags/tutorial_taskflow_api_virtualenv.py
[2024-07-23T00:00:22.784+0000] {processor.py:743} INFO - Processing file /home/airflow/.local/lib/python3.7/site-packages/airflow/example_dags/tutorial_taskflow_api_virtualenv.py for tasks to queue
[2024-07-23T00:00:22.788+0000] {logging_mixin.py:137} INFO - [2024-07-23T00:00:22.788+0000] {dagbag.py:538} INFO - Filling up the DagBag from /home/airflow/.local/lib/python3.7/site-packages/airflow/example_dags/tutorial_taskflow_api_virtualenv.py
[2024-07-23T00:00:22.803+0000] {processor.py:753} INFO - DAG(s) dict_keys(['tutorial_taskflow_api_virtualenv']) retrieved from /home/airflow/.local/lib/python3.7/site-packages/airflow/example_dags/tutorial_taskflow_api_virtualenv.py
[2024-07-23T00:00:22.828+0000] {logging_mixin.py:137} INFO - [2024-07-23T00:00:22.828+0000] {dag.py:2690} INFO - Sync 1 DAGs
[2024-07-23T00:00:22.843+0000] {logging_mixin.py:137} INFO - [2024-07-23T00:00:22.843+0000] {dag.py:3441} INFO - Setting next_dagrun for tutorial_taskflow_api_virtualenv to None, run_after=None
[2024-07-23T00:00:22.853+0000] {processor.py:175} INFO - Processing /home/airflow/.local/lib/python3.7/site-packages/airflow/example_dags/tutorial_taskflow_api_virtualenv.py took 0.074 seconds
[2024-07-23T00:00:52.989+0000] {processor.py:153} INFO - Started process (PID=38544) to work on /home/airflow/.local/lib/python3.7/site-packages/airflow/example_dags/tutorial_taskflow_api_virtualenv.py
[2024-07-23T00:00:52.990+0000] {processor.py:743} INFO - Processing file /home/airflow/.local/lib/python3.7/site-packages/airflow/example_dags/tutorial_taskflow_api_virtualenv.py for tasks to queue
[2024-07-23T00:00:52.990+0000] {logging_mixin.py:137} INFO - [2024-07-23T00:00:52.990+0000] {dagbag.py:538} INFO - Filling up the DagBag from /home/airflow/.local/lib/python3.7/site-packages/airflow/example_dags/tutorial_taskflow_api_virtualenv.py
[2024-07-23T00:00:53.003+0000] {processor.py:753} INFO - DAG(s) dict_keys(['tutorial_taskflow_api_virtualenv']) retrieved from /home/airflow/.local/lib/python3.7/site-packages/airflow/example_dags/tutorial_taskflow_api_virtualenv.py
[2024-07-23T00:00:53.026+0000] {logging_mixin.py:137} INFO - [2024-07-23T00:00:53.026+0000] {dag.py:2690} INFO - Sync 1 DAGs
[2024-07-23T00:00:53.044+0000] {logging_mixin.py:137} INFO - [2024-07-23T00:00:53.044+0000] {dag.py:3441} INFO - Setting next_dagrun for tutorial_taskflow_api_virtualenv to None, run_after=None
[2024-07-23T00:00:53.059+0000] {processor.py:175} INFO - Processing /home/airflow/.local/lib/python3.7/site-packages/airflow/example_dags/tutorial_taskflow_api_virtualenv.py took 0.072 seconds
[2024-07-23T00:01:24.149+0000] {processor.py:153} INFO - Started process (PID=38631) to work on /home/airflow/.local/lib/python3.7/site-packages/airflow/example_dags/tutorial_taskflow_api_virtualenv.py
[2024-07-23T00:01:24.152+0000] {processor.py:743} INFO - Processing file /home/airflow/.local/lib/python3.7/site-packages/airflow/example_dags/tutorial_taskflow_api_virtualenv.py for tasks to queue
[2024-07-23T00:01:24.153+0000] {logging_mixin.py:137} INFO - [2024-07-23T00:01:24.153+0000] {dagbag.py:538} INFO - Filling up the DagBag from /home/airflow/.local/lib/python3.7/site-packages/airflow/example_dags/tutorial_taskflow_api_virtualenv.py
[2024-07-23T00:01:24.176+0000] {processor.py:753} INFO - DAG(s) dict_keys(['tutorial_taskflow_api_virtualenv']) retrieved from /home/airflow/.local/lib/python3.7/site-packages/airflow/example_dags/tutorial_taskflow_api_virtualenv.py
[2024-07-23T00:01:24.199+0000] {logging_mixin.py:137} INFO - [2024-07-23T00:01:24.199+0000] {dag.py:2690} INFO - Sync 1 DAGs
[2024-07-23T00:01:24.226+0000] {logging_mixin.py:137} INFO - [2024-07-23T00:01:24.226+0000] {dag.py:3441} INFO - Setting next_dagrun for tutorial_taskflow_api_virtualenv to None, run_after=None
[2024-07-23T00:01:24.249+0000] {processor.py:175} INFO - Processing /home/airflow/.local/lib/python3.7/site-packages/airflow/example_dags/tutorial_taskflow_api_virtualenv.py took 0.108 seconds
[2024-07-23T00:01:54.453+0000] {processor.py:153} INFO - Started process (PID=38702) to work on /home/airflow/.local/lib/python3.7/site-packages/airflow/example_dags/tutorial_taskflow_api_virtualenv.py
[2024-07-23T00:01:54.458+0000] {processor.py:743} INFO - Processing file /home/airflow/.local/lib/python3.7/site-packages/airflow/example_dags/tutorial_taskflow_api_virtualenv.py for tasks to queue
[2024-07-23T00:01:54.458+0000] {logging_mixin.py:137} INFO - [2024-07-23T00:01:54.458+0000] {dagbag.py:538} INFO - Filling up the DagBag from /home/airflow/.local/lib/python3.7/site-packages/airflow/example_dags/tutorial_taskflow_api_virtualenv.py
[2024-07-23T00:01:54.476+0000] {processor.py:753} INFO - DAG(s) dict_keys(['tutorial_taskflow_api_virtualenv']) retrieved from /home/airflow/.local/lib/python3.7/site-packages/airflow/example_dags/tutorial_taskflow_api_virtualenv.py
[2024-07-23T00:01:54.500+0000] {logging_mixin.py:137} INFO - [2024-07-23T00:01:54.500+0000] {dag.py:2690} INFO - Sync 1 DAGs
[2024-07-23T00:01:54.514+0000] {logging_mixin.py:137} INFO - [2024-07-23T00:01:54.514+0000] {dag.py:3441} INFO - Setting next_dagrun for tutorial_taskflow_api_virtualenv to None, run_after=None
[2024-07-23T00:01:54.532+0000] {processor.py:175} INFO - Processing /home/airflow/.local/lib/python3.7/site-packages/airflow/example_dags/tutorial_taskflow_api_virtualenv.py took 0.081 seconds
[2024-07-23T00:02:24.631+0000] {processor.py:153} INFO - Started process (PID=38789) to work on /home/airflow/.local/lib/python3.7/site-packages/airflow/example_dags/tutorial_taskflow_api_virtualenv.py
[2024-07-23T00:02:24.632+0000] {processor.py:743} INFO - Processing file /home/airflow/.local/lib/python3.7/site-packages/airflow/example_dags/tutorial_taskflow_api_virtualenv.py for tasks to queue
[2024-07-23T00:02:24.633+0000] {logging_mixin.py:137} INFO - [2024-07-23T00:02:24.633+0000] {dagbag.py:538} INFO - Filling up the DagBag from /home/airflow/.local/lib/python3.7/site-packages/airflow/example_dags/tutorial_taskflow_api_virtualenv.py
[2024-07-23T00:02:24.647+0000] {processor.py:753} INFO - DAG(s) dict_keys(['tutorial_taskflow_api_virtualenv']) retrieved from /home/airflow/.local/lib/python3.7/site-packages/airflow/example_dags/tutorial_taskflow_api_virtualenv.py
[2024-07-23T00:02:24.664+0000] {logging_mixin.py:137} INFO - [2024-07-23T00:02:24.664+0000] {dag.py:2690} INFO - Sync 1 DAGs
[2024-07-23T00:02:24.677+0000] {logging_mixin.py:137} INFO - [2024-07-23T00:02:24.677+0000] {dag.py:3441} INFO - Setting next_dagrun for tutorial_taskflow_api_virtualenv to None, run_after=None
[2024-07-23T00:02:24.692+0000] {processor.py:175} INFO - Processing /home/airflow/.local/lib/python3.7/site-packages/airflow/example_dags/tutorial_taskflow_api_virtualenv.py took 0.063 seconds
