[2024-07-23T00:00:23.666+0000] {processor.py:153} INFO - Started process (PID=38474) to work on /home/airflow/.local/lib/python3.7/site-packages/airflow/example_dags/tutorial_dag.py
[2024-07-23T00:00:23.667+0000] {processor.py:743} INFO - Processing file /home/airflow/.local/lib/python3.7/site-packages/airflow/example_dags/tutorial_dag.py for tasks to queue
[2024-07-23T00:00:23.668+0000] {logging_mixin.py:137} INFO - [2024-07-23T00:00:23.668+0000] {dagbag.py:538} INFO - Filling up the DagBag from /home/airflow/.local/lib/python3.7/site-packages/airflow/example_dags/tutorial_dag.py
[2024-07-23T00:00:23.678+0000] {processor.py:753} INFO - DAG(s) dict_keys(['tutorial_dag']) retrieved from /home/airflow/.local/lib/python3.7/site-packages/airflow/example_dags/tutorial_dag.py
[2024-07-23T00:00:23.694+0000] {logging_mixin.py:137} INFO - [2024-07-23T00:00:23.693+0000] {dag.py:2690} INFO - Sync 1 DAGs
[2024-07-23T00:00:23.717+0000] {logging_mixin.py:137} INFO - [2024-07-23T00:00:23.717+0000] {dag.py:3441} INFO - Setting next_dagrun for tutorial_dag to None, run_after=None
[2024-07-23T00:00:23.734+0000] {processor.py:175} INFO - Processing /home/airflow/.local/lib/python3.7/site-packages/airflow/example_dags/tutorial_dag.py took 0.070 seconds
[2024-07-23T00:00:53.814+0000] {processor.py:153} INFO - Started process (PID=38561) to work on /home/airflow/.local/lib/python3.7/site-packages/airflow/example_dags/tutorial_dag.py
[2024-07-23T00:00:53.814+0000] {processor.py:743} INFO - Processing file /home/airflow/.local/lib/python3.7/site-packages/airflow/example_dags/tutorial_dag.py for tasks to queue
[2024-07-23T00:00:53.814+0000] {logging_mixin.py:137} INFO - [2024-07-23T00:00:53.814+0000] {dagbag.py:538} INFO - Filling up the DagBag from /home/airflow/.local/lib/python3.7/site-packages/airflow/example_dags/tutorial_dag.py
[2024-07-23T00:00:53.824+0000] {processor.py:753} INFO - DAG(s) dict_keys(['tutorial_dag']) retrieved from /home/airflow/.local/lib/python3.7/site-packages/airflow/example_dags/tutorial_dag.py
[2024-07-23T00:00:53.841+0000] {logging_mixin.py:137} INFO - [2024-07-23T00:00:53.841+0000] {dag.py:2690} INFO - Sync 1 DAGs
[2024-07-23T00:00:53.855+0000] {logging_mixin.py:137} INFO - [2024-07-23T00:00:53.854+0000] {dag.py:3441} INFO - Setting next_dagrun for tutorial_dag to None, run_after=None
[2024-07-23T00:00:53.871+0000] {processor.py:175} INFO - Processing /home/airflow/.local/lib/python3.7/site-packages/airflow/example_dags/tutorial_dag.py took 0.060 seconds
[2024-07-23T00:01:25.158+0000] {processor.py:153} INFO - Started process (PID=38648) to work on /home/airflow/.local/lib/python3.7/site-packages/airflow/example_dags/tutorial_dag.py
[2024-07-23T00:01:25.159+0000] {processor.py:743} INFO - Processing file /home/airflow/.local/lib/python3.7/site-packages/airflow/example_dags/tutorial_dag.py for tasks to queue
[2024-07-23T00:01:25.159+0000] {logging_mixin.py:137} INFO - [2024-07-23T00:01:25.159+0000] {dagbag.py:538} INFO - Filling up the DagBag from /home/airflow/.local/lib/python3.7/site-packages/airflow/example_dags/tutorial_dag.py
[2024-07-23T00:01:25.167+0000] {processor.py:753} INFO - DAG(s) dict_keys(['tutorial_dag']) retrieved from /home/airflow/.local/lib/python3.7/site-packages/airflow/example_dags/tutorial_dag.py
[2024-07-23T00:01:25.182+0000] {logging_mixin.py:137} INFO - [2024-07-23T00:01:25.182+0000] {dag.py:2690} INFO - Sync 1 DAGs
[2024-07-23T00:01:25.198+0000] {logging_mixin.py:137} INFO - [2024-07-23T00:01:25.198+0000] {dag.py:3441} INFO - Setting next_dagrun for tutorial_dag to None, run_after=None
[2024-07-23T00:01:25.210+0000] {processor.py:175} INFO - Processing /home/airflow/.local/lib/python3.7/site-packages/airflow/example_dags/tutorial_dag.py took 0.054 seconds
[2024-07-23T00:01:55.357+0000] {processor.py:153} INFO - Started process (PID=38719) to work on /home/airflow/.local/lib/python3.7/site-packages/airflow/example_dags/tutorial_dag.py
[2024-07-23T00:01:55.359+0000] {processor.py:743} INFO - Processing file /home/airflow/.local/lib/python3.7/site-packages/airflow/example_dags/tutorial_dag.py for tasks to queue
[2024-07-23T00:01:55.361+0000] {logging_mixin.py:137} INFO - [2024-07-23T00:01:55.360+0000] {dagbag.py:538} INFO - Filling up the DagBag from /home/airflow/.local/lib/python3.7/site-packages/airflow/example_dags/tutorial_dag.py
[2024-07-23T00:01:55.372+0000] {processor.py:753} INFO - DAG(s) dict_keys(['tutorial_dag']) retrieved from /home/airflow/.local/lib/python3.7/site-packages/airflow/example_dags/tutorial_dag.py
[2024-07-23T00:01:55.396+0000] {logging_mixin.py:137} INFO - [2024-07-23T00:01:55.395+0000] {dag.py:2690} INFO - Sync 1 DAGs
[2024-07-23T00:01:55.413+0000] {logging_mixin.py:137} INFO - [2024-07-23T00:01:55.412+0000] {dag.py:3441} INFO - Setting next_dagrun for tutorial_dag to None, run_after=None
[2024-07-23T00:01:55.428+0000] {processor.py:175} INFO - Processing /home/airflow/.local/lib/python3.7/site-packages/airflow/example_dags/tutorial_dag.py took 0.073 seconds
[2024-07-23T00:02:26.386+0000] {processor.py:153} INFO - Started process (PID=38806) to work on /home/airflow/.local/lib/python3.7/site-packages/airflow/example_dags/tutorial_dag.py
[2024-07-23T00:02:26.386+0000] {processor.py:743} INFO - Processing file /home/airflow/.local/lib/python3.7/site-packages/airflow/example_dags/tutorial_dag.py for tasks to queue
[2024-07-23T00:02:26.387+0000] {logging_mixin.py:137} INFO - [2024-07-23T00:02:26.387+0000] {dagbag.py:538} INFO - Filling up the DagBag from /home/airflow/.local/lib/python3.7/site-packages/airflow/example_dags/tutorial_dag.py
[2024-07-23T00:02:26.394+0000] {processor.py:753} INFO - DAG(s) dict_keys(['tutorial_dag']) retrieved from /home/airflow/.local/lib/python3.7/site-packages/airflow/example_dags/tutorial_dag.py
[2024-07-23T00:02:26.410+0000] {logging_mixin.py:137} INFO - [2024-07-23T00:02:26.410+0000] {dag.py:2690} INFO - Sync 1 DAGs
[2024-07-23T00:02:26.425+0000] {logging_mixin.py:137} INFO - [2024-07-23T00:02:26.424+0000] {dag.py:3441} INFO - Setting next_dagrun for tutorial_dag to None, run_after=None
[2024-07-23T00:02:26.439+0000] {processor.py:175} INFO - Processing /home/airflow/.local/lib/python3.7/site-packages/airflow/example_dags/tutorial_dag.py took 0.055 seconds
